[0.034s] Invoking command in '/home/mampane/Desktop/machine_tending_robot/ros2_kortex_ws/build/ackermann_steering_controller': AMENT_PREFIX_PATH=/home/mampane/Desktop/machine_tending_robot/ros2_kortex_ws/install/steering_controllers_library:/home/mampane/Desktop/machine_tending_robot/ros2_kortex_ws/install/controller_manager:/home/mampane/Desktop/machine_tending_robot/ros2_kortex_ws/install/hardware_interface_testing:/home/mampane/Desktop/machine_tending_robot/ros2_kortex_ws/install/controller_interface:/home/mampane/Desktop/machine_tending_robot/ros2_kortex_ws/install/hardware_interface:/home/mampane/Desktop/machine_tending_robot/ros2_kortex_ws/install/ros2_control_test_assets:/home/mampane/Desktop/machine_tending_robot/ros2_kortex_ws/install/realtime_tools:/home/mampane/Desktop/machine_tending_robot/ros2_kortex_ws/install/controller_manager_msgs:/home/mampane/Desktop/machine_tending_robot/ros2_kortex_ws/install/control_msgs:${AMENT_PREFIX_PATH} CMAKE_PREFIX_PATH=/home/mampane/Desktop/machine_tending_robot/ros2_kortex_ws/install/steering_controllers_library:/home/mampane/Desktop/machine_tending_robot/ros2_kortex_ws/install/controller_manager:/home/mampane/Desktop/machine_tending_robot/ros2_kortex_ws/install/hardware_interface_testing:/home/mampane/Desktop/machine_tending_robot/ros2_kortex_ws/install/controller_interface:/home/mampane/Desktop/machine_tending_robot/ros2_kortex_ws/install/hardware_interface:/home/mampane/Desktop/machine_tending_robot/ros2_kortex_ws/install/ros2_control_test_assets:/home/mampane/Desktop/machine_tending_robot/ros2_kortex_ws/install/realtime_tools:/home/mampane/Desktop/machine_tending_robot/ros2_kortex_ws/install/controller_manager_msgs:/home/mampane/Desktop/machine_tending_robot/ros2_kortex_ws/install/control_msgs:/opt/ros/humble LD_LIBRARY_PATH=/home/mampane/Desktop/machine_tending_robot/ros2_kortex_ws/install/steering_controllers_library/lib:/home/mampane/Desktop/machine_tending_robot/ros2_kortex_ws/install/controller_manager/lib:/home/mampane/Desktop/machine_tending_robot/ros2_kortex_ws/install/hardware_interface_testing/lib:/home/mampane/Desktop/machine_tending_robot/ros2_kortex_ws/install/controller_interface/lib:/home/mampane/Desktop/machine_tending_robot/ros2_kortex_ws/install/hardware_interface/lib:/home/mampane/Desktop/machine_tending_robot/ros2_kortex_ws/install/realtime_tools/lib:/home/mampane/Desktop/machine_tending_robot/ros2_kortex_ws/install/controller_manager_msgs/lib:/home/mampane/Desktop/machine_tending_robot/ros2_kortex_ws/install/control_msgs/lib:${LD_LIBRARY_PATH} PYTHONPATH=/home/mampane/Desktop/machine_tending_robot/ros2_kortex_ws/install/controller_manager/local/lib/python3.10/dist-packages:/home/mampane/Desktop/machine_tending_robot/ros2_kortex_ws/install/controller_manager_msgs/local/lib/python3.10/dist-packages:/home/mampane/Desktop/machine_tending_robot/ros2_kortex_ws/install/control_msgs/local/lib/python3.10/dist-packages:${PYTHONPATH} /usr/bin/cmake /home/mampane/Desktop/machine_tending_robot/ros2_kortex_ws/src/ros2_controllers/ackermann_steering_controller -DAMENT_CMAKE_SYMLINK_INSTALL=1 -DCMAKE_INSTALL_PREFIX=/home/mampane/Desktop/machine_tending_robot/ros2_kortex_ws/install/ackermann_steering_controller
[0.248s] -- The CXX compiler identification is GNU 11.4.0
[0.248s] -- Detecting CXX compiler ABI info
[0.270s] -- Detecting CXX compiler ABI info - done
[0.279s] -- Check for working CXX compiler: /usr/bin/c++ - skipped
[0.279s] -- Detecting CXX compile features
[0.279s] -- Detecting CXX compile features - done
[0.282s] -- Found ament_cmake: 1.3.11 (/opt/ros/humble/share/ament_cmake/cmake)
[0.512s] -- Found Python3: /usr/bin/python3 (found version "3.10.12") found components: Interpreter 
[0.632s] -- Override CMake install command with custom implementation using symlinks instead of copying resources
[0.695s] -- Found controller_interface: 2.48.0 (/home/mampane/Desktop/machine_tending_robot/ros2_kortex_ws/install/controller_interface/share/controller_interface/cmake)
[0.745s] -- Found rosidl_generator_c: 3.1.6 (/opt/ros/humble/share/rosidl_generator_c/cmake)
[0.753s] -- Found rosidl_adapter: 3.1.6 (/opt/ros/humble/share/rosidl_adapter/cmake)
[0.763s] -- Found rosidl_generator_cpp: 3.1.6 (/opt/ros/humble/share/rosidl_generator_cpp/cmake)
[0.778s] -- Using all available rosidl_typesupport_c: rosidl_typesupport_fastrtps_c;rosidl_typesupport_introspection_c
[0.798s] -- Using all available rosidl_typesupport_cpp: rosidl_typesupport_fastrtps_cpp;rosidl_typesupport_introspection_cpp
[1.032s] -- Found rmw_implementation_cmake: 6.1.2 (/opt/ros/humble/share/rmw_implementation_cmake/cmake)
[1.036s] -- Found rmw_fastrtps_cpp: 6.2.7 (/opt/ros/humble/share/rmw_fastrtps_cpp/cmake)
[1.067s] -- Found TinyXML2 via Config file: TinyXML2_DIR-NOTFOUND
[1.123s] -- Found OpenSSL: /usr/lib/x86_64-linux-gnu/libcrypto.so (found version "3.0.2")  
[1.127s] -- Found TinyXML2 via Config file: TinyXML2_DIR-NOTFOUND
[1.145s] -- Found FastRTPS: /opt/ros/humble/include  
[1.149s] -- Found TinyXML2 via Config file: TinyXML2_DIR-NOTFOUND
[1.159s] -- Found TinyXML2 via Config file: TinyXML2_DIR-NOTFOUND
[1.171s] -- Using RMW implementation 'rmw_fastrtps_cpp' as default
[1.182s] -- Looking for C++ include pthread.h
[1.301s] -- Looking for C++ include pthread.h - found
[1.301s] -- Performing Test CMAKE_HAVE_LIBC_PTHREAD
[1.428s] -- Performing Test CMAKE_HAVE_LIBC_PTHREAD - Success
[1.430s] -- Found Threads: TRUE  
[1.535s] -- Found generate_parameter_library: 0.4.0 (/opt/ros/humble/share/generate_parameter_library/cmake)
[1.540s] -- Found parameter_traits: 0.4.0 (/opt/ros/humble/share/parameter_traits/cmake)
[1.579s] -- Found realtime_tools: 2.12.0 (/home/mampane/Desktop/machine_tending_robot/ros2_kortex_ws/install/realtime_tools/share/realtime_tools/cmake)
[1.610s] -- Found std_srvs: 4.2.4 (/opt/ros/humble/share/std_srvs/cmake)
[1.628s] -- Found steering_controllers_library: 2.42.1 (/home/mampane/Desktop/machine_tending_robot/ros2_kortex_ws/install/steering_controllers_library/share/steering_controllers_library/cmake)
[1.707s] -- Found eigen3_cmake_module: 0.1.1 (/opt/ros/humble/share/eigen3_cmake_module/cmake)
[1.709s] -- Found Eigen3: TRUE (found version "3.4.0") 
[1.709s] -- Ensuring Eigen3 include directory is part of orocos-kdl CMake target
[1.783s] -- Found ament_cmake_gmock: 1.3.11 (/opt/ros/humble/share/ament_cmake_gmock/cmake)
[1.784s] -- Found controller_manager: 2.48.0 (/home/mampane/Desktop/machine_tending_robot/ros2_kortex_ws/install/controller_manager/share/controller_manager/cmake)
[1.811s] -- Found ros2_control_test_assets: 2.48.0 (/home/mampane/Desktop/machine_tending_robot/ros2_kortex_ws/install/ros2_control_test_assets/share/ros2_control_test_assets/cmake)
[1.816s] -- Found gmock sources under '/opt/ros/humble/src/gmock_vendor': C++ tests using 'Google Mock' will be built
[1.865s] -- The C compiler identification is GNU 11.4.0
[1.875s] -- Detecting C compiler ABI info
[1.978s] -- Detecting C compiler ABI info - done
[1.986s] -- Check for working C compiler: /usr/bin/cc - skipped
[1.987s] -- Detecting C compile features
[1.987s] -- Detecting C compile features - done
[1.993s] -- Found ament_cmake_gtest: 1.3.11 (/opt/ros/humble/share/ament_cmake_gtest/cmake)
[1.994s] -- Found gtest sources under '/opt/ros/humble/src/gtest_vendor': C++ tests using 'Google Test' will be built
[2.027s] -- Found gmock sources under '/opt/ros/humble/src/gmock_vendor': C++ tests using 'Google Mock' will be built
[2.027s] -- Found ament_cmake_gtest: 1.3.11 (/opt/ros/humble/share/ament_cmake_gtest/cmake)
[2.028s] -- Found gtest sources under '/opt/ros/humble/src/gtest_vendor': C++ tests using 'Google Test' will be built
[2.042s] -- Found gmock sources under '/opt/ros/humble/src/gmock_vendor': C++ tests using 'Google Mock' will be built
[2.042s] -- Found ament_cmake_gtest: 1.3.11 (/opt/ros/humble/share/ament_cmake_gtest/cmake)
[2.043s] -- Found gtest sources under '/opt/ros/humble/src/gtest_vendor': C++ tests using 'Google Test' will be built
[2.142s] -- Configuring done
[2.253s] -- Generating done
[2.274s] -- Build files have been written to: /home/mampane/Desktop/machine_tending_robot/ros2_kortex_ws/build/ackermann_steering_controller
[2.295s] Invoked command in '/home/mampane/Desktop/machine_tending_robot/ros2_kortex_ws/build/ackermann_steering_controller' returned '0': AMENT_PREFIX_PATH=/home/mampane/Desktop/machine_tending_robot/ros2_kortex_ws/install/steering_controllers_library:/home/mampane/Desktop/machine_tending_robot/ros2_kortex_ws/install/controller_manager:/home/mampane/Desktop/machine_tending_robot/ros2_kortex_ws/install/hardware_interface_testing:/home/mampane/Desktop/machine_tending_robot/ros2_kortex_ws/install/controller_interface:/home/mampane/Desktop/machine_tending_robot/ros2_kortex_ws/install/hardware_interface:/home/mampane/Desktop/machine_tending_robot/ros2_kortex_ws/install/ros2_control_test_assets:/home/mampane/Desktop/machine_tending_robot/ros2_kortex_ws/install/realtime_tools:/home/mampane/Desktop/machine_tending_robot/ros2_kortex_ws/install/controller_manager_msgs:/home/mampane/Desktop/machine_tending_robot/ros2_kortex_ws/install/control_msgs:${AMENT_PREFIX_PATH} CMAKE_PREFIX_PATH=/home/mampane/Desktop/machine_tending_robot/ros2_kortex_ws/install/steering_controllers_library:/home/mampane/Desktop/machine_tending_robot/ros2_kortex_ws/install/controller_manager:/home/mampane/Desktop/machine_tending_robot/ros2_kortex_ws/install/hardware_interface_testing:/home/mampane/Desktop/machine_tending_robot/ros2_kortex_ws/install/controller_interface:/home/mampane/Desktop/machine_tending_robot/ros2_kortex_ws/install/hardware_interface:/home/mampane/Desktop/machine_tending_robot/ros2_kortex_ws/install/ros2_control_test_assets:/home/mampane/Desktop/machine_tending_robot/ros2_kortex_ws/install/realtime_tools:/home/mampane/Desktop/machine_tending_robot/ros2_kortex_ws/install/controller_manager_msgs:/home/mampane/Desktop/machine_tending_robot/ros2_kortex_ws/install/control_msgs:/opt/ros/humble LD_LIBRARY_PATH=/home/mampane/Desktop/machine_tending_robot/ros2_kortex_ws/install/steering_controllers_library/lib:/home/mampane/Desktop/machine_tending_robot/ros2_kortex_ws/install/controller_manager/lib:/home/mampane/Desktop/machine_tending_robot/ros2_kortex_ws/install/hardware_interface_testing/lib:/home/mampane/Desktop/machine_tending_robot/ros2_kortex_ws/install/controller_interface/lib:/home/mampane/Desktop/machine_tending_robot/ros2_kortex_ws/install/hardware_interface/lib:/home/mampane/Desktop/machine_tending_robot/ros2_kortex_ws/install/realtime_tools/lib:/home/mampane/Desktop/machine_tending_robot/ros2_kortex_ws/install/controller_manager_msgs/lib:/home/mampane/Desktop/machine_tending_robot/ros2_kortex_ws/install/control_msgs/lib:${LD_LIBRARY_PATH} PYTHONPATH=/home/mampane/Desktop/machine_tending_robot/ros2_kortex_ws/install/controller_manager/local/lib/python3.10/dist-packages:/home/mampane/Desktop/machine_tending_robot/ros2_kortex_ws/install/controller_manager_msgs/local/lib/python3.10/dist-packages:/home/mampane/Desktop/machine_tending_robot/ros2_kortex_ws/install/control_msgs/local/lib/python3.10/dist-packages:${PYTHONPATH} /usr/bin/cmake /home/mampane/Desktop/machine_tending_robot/ros2_kortex_ws/src/ros2_controllers/ackermann_steering_controller -DAMENT_CMAKE_SYMLINK_INSTALL=1 -DCMAKE_INSTALL_PREFIX=/home/mampane/Desktop/machine_tending_robot/ros2_kortex_ws/install/ackermann_steering_controller
[2.302s] Invoking command in '/home/mampane/Desktop/machine_tending_robot/ros2_kortex_ws/build/ackermann_steering_controller': AMENT_PREFIX_PATH=/home/mampane/Desktop/machine_tending_robot/ros2_kortex_ws/install/steering_controllers_library:/home/mampane/Desktop/machine_tending_robot/ros2_kortex_ws/install/controller_manager:/home/mampane/Desktop/machine_tending_robot/ros2_kortex_ws/install/hardware_interface_testing:/home/mampane/Desktop/machine_tending_robot/ros2_kortex_ws/install/controller_interface:/home/mampane/Desktop/machine_tending_robot/ros2_kortex_ws/install/hardware_interface:/home/mampane/Desktop/machine_tending_robot/ros2_kortex_ws/install/ros2_control_test_assets:/home/mampane/Desktop/machine_tending_robot/ros2_kortex_ws/install/realtime_tools:/home/mampane/Desktop/machine_tending_robot/ros2_kortex_ws/install/controller_manager_msgs:/home/mampane/Desktop/machine_tending_robot/ros2_kortex_ws/install/control_msgs:${AMENT_PREFIX_PATH} CMAKE_PREFIX_PATH=/home/mampane/Desktop/machine_tending_robot/ros2_kortex_ws/install/steering_controllers_library:/home/mampane/Desktop/machine_tending_robot/ros2_kortex_ws/install/controller_manager:/home/mampane/Desktop/machine_tending_robot/ros2_kortex_ws/install/hardware_interface_testing:/home/mampane/Desktop/machine_tending_robot/ros2_kortex_ws/install/controller_interface:/home/mampane/Desktop/machine_tending_robot/ros2_kortex_ws/install/hardware_interface:/home/mampane/Desktop/machine_tending_robot/ros2_kortex_ws/install/ros2_control_test_assets:/home/mampane/Desktop/machine_tending_robot/ros2_kortex_ws/install/realtime_tools:/home/mampane/Desktop/machine_tending_robot/ros2_kortex_ws/install/controller_manager_msgs:/home/mampane/Desktop/machine_tending_robot/ros2_kortex_ws/install/control_msgs:/opt/ros/humble LD_LIBRARY_PATH=/home/mampane/Desktop/machine_tending_robot/ros2_kortex_ws/install/steering_controllers_library/lib:/home/mampane/Desktop/machine_tending_robot/ros2_kortex_ws/install/controller_manager/lib:/home/mampane/Desktop/machine_tending_robot/ros2_kortex_ws/install/hardware_interface_testing/lib:/home/mampane/Desktop/machine_tending_robot/ros2_kortex_ws/install/controller_interface/lib:/home/mampane/Desktop/machine_tending_robot/ros2_kortex_ws/install/hardware_interface/lib:/home/mampane/Desktop/machine_tending_robot/ros2_kortex_ws/install/realtime_tools/lib:/home/mampane/Desktop/machine_tending_robot/ros2_kortex_ws/install/controller_manager_msgs/lib:/home/mampane/Desktop/machine_tending_robot/ros2_kortex_ws/install/control_msgs/lib:${LD_LIBRARY_PATH} PYTHONPATH=/home/mampane/Desktop/machine_tending_robot/ros2_kortex_ws/install/controller_manager/local/lib/python3.10/dist-packages:/home/mampane/Desktop/machine_tending_robot/ros2_kortex_ws/install/controller_manager_msgs/local/lib/python3.10/dist-packages:/home/mampane/Desktop/machine_tending_robot/ros2_kortex_ws/install/control_msgs/local/lib/python3.10/dist-packages:${PYTHONPATH} /usr/bin/cmake --build /home/mampane/Desktop/machine_tending_robot/ros2_kortex_ws/build/ackermann_steering_controller -- -j20 -l20
[2.920s] [  7%] [34m[1mRunning `/opt/ros/humble/bin/generate_parameter_library_cpp /home/mampane/Desktop/machine_tending_robot/ros2_kortex_ws/build/ackermann_steering_controller/include/ackermann_steering_controller/ackermann_steering_controller_parameters.hpp /home/mampane/Desktop/machine_tending_robot/ros2_kortex_ws/src/ros2_controllers/ackermann_steering_controller/src/ackermann_steering_controller.yaml `[0m
[2.920s] [ 15%] [34m[1mCreating deprecated header file /home/mampane/Desktop/machine_tending_robot/ros2_kortex_ws/build/ackermann_steering_controller/include/ackermann_steering_controller_parameters.hpp[0m
[2.920s] [ 15%] Built target ackermann_steering_controller_parameters
[2.922s] [ 23%] [32mBuilding CXX object gmock/CMakeFiles/gmock.dir/opt/ros/humble/src/gtest_vendor/src/gtest-all.cc.o[0m
[8.611s] [ 30%] [32mBuilding CXX object gmock/CMakeFiles/gmock.dir/src/gmock-all.cc.o[0m
[10.523s] [ 38%] [32m[1mLinking CXX static library libgmock.a[0m
[10.636s] [ 38%] Built target gmock
[10.662s] [ 46%] [32mBuilding CXX object CMakeFiles/ackermann_steering_controller.dir/src/ackermann_steering_controller.cpp.o[0m
[14.672s] [ 53%] [32m[1mLinking CXX shared library libackermann_steering_controller.so[0m
[15.371s] [ 53%] Built target ackermann_steering_controller
[15.391s] [ 61%] [32mBuilding CXX object CMakeFiles/test_load_ackermann_steering_controller.dir/test/test_load_ackermann_steering_controller.cpp.o[0m
[21.240s] [ 69%] [32m[1mLinking CXX executable test_load_ackermann_steering_controller[0m
[22.874s] [ 69%] Built target test_load_ackermann_steering_controller
[22.909s] [ 76%] [32mBuilding CXX object CMakeFiles/test_ackermann_steering_controller.dir/test/test_ackermann_steering_controller.cpp.o[0m
[22.910s] [ 84%] [32mBuilding CXX object CMakeFiles/test_ackermann_steering_controller_preceeding.dir/test/test_ackermann_steering_controller_preceeding.cpp.o[0m
[32.418s] [ 92%] [32m[1mLinking CXX executable test_ackermann_steering_controller_preceeding[0m
[33.726s] [ 92%] Built target test_ackermann_steering_controller_preceeding
[37.494s] [100%] [32m[1mLinking CXX executable test_ackermann_steering_controller[0m
[39.057s] [100%] Built target test_ackermann_steering_controller
[39.071s] Invoked command in '/home/mampane/Desktop/machine_tending_robot/ros2_kortex_ws/build/ackermann_steering_controller' returned '0': AMENT_PREFIX_PATH=/home/mampane/Desktop/machine_tending_robot/ros2_kortex_ws/install/steering_controllers_library:/home/mampane/Desktop/machine_tending_robot/ros2_kortex_ws/install/controller_manager:/home/mampane/Desktop/machine_tending_robot/ros2_kortex_ws/install/hardware_interface_testing:/home/mampane/Desktop/machine_tending_robot/ros2_kortex_ws/install/controller_interface:/home/mampane/Desktop/machine_tending_robot/ros2_kortex_ws/install/hardware_interface:/home/mampane/Desktop/machine_tending_robot/ros2_kortex_ws/install/ros2_control_test_assets:/home/mampane/Desktop/machine_tending_robot/ros2_kortex_ws/install/realtime_tools:/home/mampane/Desktop/machine_tending_robot/ros2_kortex_ws/install/controller_manager_msgs:/home/mampane/Desktop/machine_tending_robot/ros2_kortex_ws/install/control_msgs:${AMENT_PREFIX_PATH} CMAKE_PREFIX_PATH=/home/mampane/Desktop/machine_tending_robot/ros2_kortex_ws/install/steering_controllers_library:/home/mampane/Desktop/machine_tending_robot/ros2_kortex_ws/install/controller_manager:/home/mampane/Desktop/machine_tending_robot/ros2_kortex_ws/install/hardware_interface_testing:/home/mampane/Desktop/machine_tending_robot/ros2_kortex_ws/install/controller_interface:/home/mampane/Desktop/machine_tending_robot/ros2_kortex_ws/install/hardware_interface:/home/mampane/Desktop/machine_tending_robot/ros2_kortex_ws/install/ros2_control_test_assets:/home/mampane/Desktop/machine_tending_robot/ros2_kortex_ws/install/realtime_tools:/home/mampane/Desktop/machine_tending_robot/ros2_kortex_ws/install/controller_manager_msgs:/home/mampane/Desktop/machine_tending_robot/ros2_kortex_ws/install/control_msgs:/opt/ros/humble LD_LIBRARY_PATH=/home/mampane/Desktop/machine_tending_robot/ros2_kortex_ws/install/steering_controllers_library/lib:/home/mampane/Desktop/machine_tending_robot/ros2_kortex_ws/install/controller_manager/lib:/home/mampane/Desktop/machine_tending_robot/ros2_kortex_ws/install/hardware_interface_testing/lib:/home/mampane/Desktop/machine_tending_robot/ros2_kortex_ws/install/controller_interface/lib:/home/mampane/Desktop/machine_tending_robot/ros2_kortex_ws/install/hardware_interface/lib:/home/mampane/Desktop/machine_tending_robot/ros2_kortex_ws/install/realtime_tools/lib:/home/mampane/Desktop/machine_tending_robot/ros2_kortex_ws/install/controller_manager_msgs/lib:/home/mampane/Desktop/machine_tending_robot/ros2_kortex_ws/install/control_msgs/lib:${LD_LIBRARY_PATH} PYTHONPATH=/home/mampane/Desktop/machine_tending_robot/ros2_kortex_ws/install/controller_manager/local/lib/python3.10/dist-packages:/home/mampane/Desktop/machine_tending_robot/ros2_kortex_ws/install/controller_manager_msgs/local/lib/python3.10/dist-packages:/home/mampane/Desktop/machine_tending_robot/ros2_kortex_ws/install/control_msgs/local/lib/python3.10/dist-packages:${PYTHONPATH} /usr/bin/cmake --build /home/mampane/Desktop/machine_tending_robot/ros2_kortex_ws/build/ackermann_steering_controller -- -j20 -l20
[39.075s] Invoking command in '/home/mampane/Desktop/machine_tending_robot/ros2_kortex_ws/build/ackermann_steering_controller': AMENT_PREFIX_PATH=/home/mampane/Desktop/machine_tending_robot/ros2_kortex_ws/install/steering_controllers_library:/home/mampane/Desktop/machine_tending_robot/ros2_kortex_ws/install/controller_manager:/home/mampane/Desktop/machine_tending_robot/ros2_kortex_ws/install/hardware_interface_testing:/home/mampane/Desktop/machine_tending_robot/ros2_kortex_ws/install/controller_interface:/home/mampane/Desktop/machine_tending_robot/ros2_kortex_ws/install/hardware_interface:/home/mampane/Desktop/machine_tending_robot/ros2_kortex_ws/install/ros2_control_test_assets:/home/mampane/Desktop/machine_tending_robot/ros2_kortex_ws/install/realtime_tools:/home/mampane/Desktop/machine_tending_robot/ros2_kortex_ws/install/controller_manager_msgs:/home/mampane/Desktop/machine_tending_robot/ros2_kortex_ws/install/control_msgs:${AMENT_PREFIX_PATH} CMAKE_PREFIX_PATH=/home/mampane/Desktop/machine_tending_robot/ros2_kortex_ws/install/steering_controllers_library:/home/mampane/Desktop/machine_tending_robot/ros2_kortex_ws/install/controller_manager:/home/mampane/Desktop/machine_tending_robot/ros2_kortex_ws/install/hardware_interface_testing:/home/mampane/Desktop/machine_tending_robot/ros2_kortex_ws/install/controller_interface:/home/mampane/Desktop/machine_tending_robot/ros2_kortex_ws/install/hardware_interface:/home/mampane/Desktop/machine_tending_robot/ros2_kortex_ws/install/ros2_control_test_assets:/home/mampane/Desktop/machine_tending_robot/ros2_kortex_ws/install/realtime_tools:/home/mampane/Desktop/machine_tending_robot/ros2_kortex_ws/install/controller_manager_msgs:/home/mampane/Desktop/machine_tending_robot/ros2_kortex_ws/install/control_msgs:/opt/ros/humble LD_LIBRARY_PATH=/home/mampane/Desktop/machine_tending_robot/ros2_kortex_ws/install/steering_controllers_library/lib:/home/mampane/Desktop/machine_tending_robot/ros2_kortex_ws/install/controller_manager/lib:/home/mampane/Desktop/machine_tending_robot/ros2_kortex_ws/install/hardware_interface_testing/lib:/home/mampane/Desktop/machine_tending_robot/ros2_kortex_ws/install/controller_interface/lib:/home/mampane/Desktop/machine_tending_robot/ros2_kortex_ws/install/hardware_interface/lib:/home/mampane/Desktop/machine_tending_robot/ros2_kortex_ws/install/realtime_tools/lib:/home/mampane/Desktop/machine_tending_robot/ros2_kortex_ws/install/controller_manager_msgs/lib:/home/mampane/Desktop/machine_tending_robot/ros2_kortex_ws/install/control_msgs/lib:${LD_LIBRARY_PATH} PYTHONPATH=/home/mampane/Desktop/machine_tending_robot/ros2_kortex_ws/install/controller_manager/local/lib/python3.10/dist-packages:/home/mampane/Desktop/machine_tending_robot/ros2_kortex_ws/install/controller_manager_msgs/local/lib/python3.10/dist-packages:/home/mampane/Desktop/machine_tending_robot/ros2_kortex_ws/install/control_msgs/local/lib/python3.10/dist-packages:${PYTHONPATH} /usr/bin/cmake --install /home/mampane/Desktop/machine_tending_robot/ros2_kortex_ws/build/ackermann_steering_controller
[39.085s] -- Install configuration: ""
[39.086s] -- Execute custom install script
[39.086s] -- Symlinking: /home/mampane/Desktop/machine_tending_robot/ros2_kortex_ws/install/ackermann_steering_controller/include/ackermann_steering_controller/ackermann_steering_controller_parameters.hpp
[39.102s] -- Symlinking: /home/mampane/Desktop/machine_tending_robot/ros2_kortex_ws/install/ackermann_steering_controller/share/ackermann_steering_controller//ackermann_steering_controller.xml
[39.113s] -- Symlinking: /home/mampane/Desktop/machine_tending_robot/ros2_kortex_ws/install/ackermann_steering_controller/include/ackermann_steering_controller/ackermann_steering_controller/ackermann_steering_controller.hpp
[39.126s] -- Symlinking: /home/mampane/Desktop/machine_tending_robot/ros2_kortex_ws/install/ackermann_steering_controller/include/ackermann_steering_controller/ackermann_steering_controller/visibility_control.h
[39.138s] -- Symlinking: /home/mampane/Desktop/machine_tending_robot/ros2_kortex_ws/install/ackermann_steering_controller/share/ackermann_steering_controller/environment/library_path.sh
[39.151s] -- Symlinking: /home/mampane/Desktop/machine_tending_robot/ros2_kortex_ws/install/ackermann_steering_controller/share/ackermann_steering_controller/environment/library_path.dsv
[39.164s] -- Symlinking: /home/mampane/Desktop/machine_tending_robot/ros2_kortex_ws/install/ackermann_steering_controller/share/ament_index/resource_index/package_run_dependencies/ackermann_steering_controller
[39.178s] -- Symlinking: /home/mampane/Desktop/machine_tending_robot/ros2_kortex_ws/install/ackermann_steering_controller/share/ament_index/resource_index/parent_prefix_path/ackermann_steering_controller
[39.193s] -- Symlinking: /home/mampane/Desktop/machine_tending_robot/ros2_kortex_ws/install/ackermann_steering_controller/share/ackermann_steering_controller/environment/ament_prefix_path.sh
[39.203s] -- Symlinking: /home/mampane/Desktop/machine_tending_robot/ros2_kortex_ws/install/ackermann_steering_controller/share/ackermann_steering_controller/environment/ament_prefix_path.dsv
[39.216s] -- Symlinking: /home/mampane/Desktop/machine_tending_robot/ros2_kortex_ws/install/ackermann_steering_controller/share/ackermann_steering_controller/environment/path.sh
[39.231s] -- Symlinking: /home/mampane/Desktop/machine_tending_robot/ros2_kortex_ws/install/ackermann_steering_controller/share/ackermann_steering_controller/environment/path.dsv
[39.241s] -- Symlinking: /home/mampane/Desktop/machine_tending_robot/ros2_kortex_ws/install/ackermann_steering_controller/share/ackermann_steering_controller/local_setup.bash
[39.256s] -- Symlinking: /home/mampane/Desktop/machine_tending_robot/ros2_kortex_ws/install/ackermann_steering_controller/share/ackermann_steering_controller/local_setup.sh
[39.268s] -- Symlinking: /home/mampane/Desktop/machine_tending_robot/ros2_kortex_ws/install/ackermann_steering_controller/share/ackermann_steering_controller/local_setup.zsh
[39.278s] -- Symlinking: /home/mampane/Desktop/machine_tending_robot/ros2_kortex_ws/install/ackermann_steering_controller/share/ackermann_steering_controller/local_setup.dsv
[39.290s] -- Symlinking: /home/mampane/Desktop/machine_tending_robot/ros2_kortex_ws/install/ackermann_steering_controller/share/ackermann_steering_controller/package.dsv
[39.302s] -- Symlinking: /home/mampane/Desktop/machine_tending_robot/ros2_kortex_ws/install/ackermann_steering_controller/share/ament_index/resource_index/packages/ackermann_steering_controller
[39.316s] -- Symlinking: /home/mampane/Desktop/machine_tending_robot/ros2_kortex_ws/install/ackermann_steering_controller/share/ament_index/resource_index/controller_interface__pluginlib__plugin/ackermann_steering_controller
[39.328s] -- Symlinking: /home/mampane/Desktop/machine_tending_robot/ros2_kortex_ws/install/ackermann_steering_controller/share/ackermann_steering_controller/cmake/ament_cmake_export_dependencies-extras.cmake
[39.340s] -- Symlinking: /home/mampane/Desktop/machine_tending_robot/ros2_kortex_ws/install/ackermann_steering_controller/share/ackermann_steering_controller/cmake/ament_cmake_export_targets-extras.cmake
[39.351s] -- Symlinking: /home/mampane/Desktop/machine_tending_robot/ros2_kortex_ws/install/ackermann_steering_controller/share/ackermann_steering_controller/cmake/ackermann_steering_controllerConfig.cmake
[39.365s] -- Symlinking: /home/mampane/Desktop/machine_tending_robot/ros2_kortex_ws/install/ackermann_steering_controller/share/ackermann_steering_controller/cmake/ackermann_steering_controllerConfig-version.cmake
[39.376s] -- Symlinking: /home/mampane/Desktop/machine_tending_robot/ros2_kortex_ws/install/ackermann_steering_controller/share/ackermann_steering_controller/package.xml
[39.389s] -- Installing: /home/mampane/Desktop/machine_tending_robot/ros2_kortex_ws/install/ackermann_steering_controller/lib/libackermann_steering_controller.so
[39.391s] -- Set runtime path of "/home/mampane/Desktop/machine_tending_robot/ros2_kortex_ws/install/ackermann_steering_controller/lib/libackermann_steering_controller.so" to ""
[39.391s] -- Installing: /home/mampane/Desktop/machine_tending_robot/ros2_kortex_ws/install/ackermann_steering_controller/share/ackermann_steering_controller/cmake/export_ackermann_steering_controllerExport.cmake
[39.391s] -- Installing: /home/mampane/Desktop/machine_tending_robot/ros2_kortex_ws/install/ackermann_steering_controller/share/ackermann_steering_controller/cmake/export_ackermann_steering_controllerExport-noconfig.cmake
[39.393s] Invoked command in '/home/mampane/Desktop/machine_tending_robot/ros2_kortex_ws/build/ackermann_steering_controller' returned '0': AMENT_PREFIX_PATH=/home/mampane/Desktop/machine_tending_robot/ros2_kortex_ws/install/steering_controllers_library:/home/mampane/Desktop/machine_tending_robot/ros2_kortex_ws/install/controller_manager:/home/mampane/Desktop/machine_tending_robot/ros2_kortex_ws/install/hardware_interface_testing:/home/mampane/Desktop/machine_tending_robot/ros2_kortex_ws/install/controller_interface:/home/mampane/Desktop/machine_tending_robot/ros2_kortex_ws/install/hardware_interface:/home/mampane/Desktop/machine_tending_robot/ros2_kortex_ws/install/ros2_control_test_assets:/home/mampane/Desktop/machine_tending_robot/ros2_kortex_ws/install/realtime_tools:/home/mampane/Desktop/machine_tending_robot/ros2_kortex_ws/install/controller_manager_msgs:/home/mampane/Desktop/machine_tending_robot/ros2_kortex_ws/install/control_msgs:${AMENT_PREFIX_PATH} CMAKE_PREFIX_PATH=/home/mampane/Desktop/machine_tending_robot/ros2_kortex_ws/install/steering_controllers_library:/home/mampane/Desktop/machine_tending_robot/ros2_kortex_ws/install/controller_manager:/home/mampane/Desktop/machine_tending_robot/ros2_kortex_ws/install/hardware_interface_testing:/home/mampane/Desktop/machine_tending_robot/ros2_kortex_ws/install/controller_interface:/home/mampane/Desktop/machine_tending_robot/ros2_kortex_ws/install/hardware_interface:/home/mampane/Desktop/machine_tending_robot/ros2_kortex_ws/install/ros2_control_test_assets:/home/mampane/Desktop/machine_tending_robot/ros2_kortex_ws/install/realtime_tools:/home/mampane/Desktop/machine_tending_robot/ros2_kortex_ws/install/controller_manager_msgs:/home/mampane/Desktop/machine_tending_robot/ros2_kortex_ws/install/control_msgs:/opt/ros/humble LD_LIBRARY_PATH=/home/mampane/Desktop/machine_tending_robot/ros2_kortex_ws/install/steering_controllers_library/lib:/home/mampane/Desktop/machine_tending_robot/ros2_kortex_ws/install/controller_manager/lib:/home/mampane/Desktop/machine_tending_robot/ros2_kortex_ws/install/hardware_interface_testing/lib:/home/mampane/Desktop/machine_tending_robot/ros2_kortex_ws/install/controller_interface/lib:/home/mampane/Desktop/machine_tending_robot/ros2_kortex_ws/install/hardware_interface/lib:/home/mampane/Desktop/machine_tending_robot/ros2_kortex_ws/install/realtime_tools/lib:/home/mampane/Desktop/machine_tending_robot/ros2_kortex_ws/install/controller_manager_msgs/lib:/home/mampane/Desktop/machine_tending_robot/ros2_kortex_ws/install/control_msgs/lib:${LD_LIBRARY_PATH} PYTHONPATH=/home/mampane/Desktop/machine_tending_robot/ros2_kortex_ws/install/controller_manager/local/lib/python3.10/dist-packages:/home/mampane/Desktop/machine_tending_robot/ros2_kortex_ws/install/controller_manager_msgs/local/lib/python3.10/dist-packages:/home/mampane/Desktop/machine_tending_robot/ros2_kortex_ws/install/control_msgs/local/lib/python3.10/dist-packages:${PYTHONPATH} /usr/bin/cmake --install /home/mampane/Desktop/machine_tending_robot/ros2_kortex_ws/build/ackermann_steering_controller
