[0.043s] Invoking command in '/home/mampane/Desktop/machine_tending_robot/ros2_kortex_ws/build/gazebo_ros2_control': AMENT_PREFIX_PATH=/home/mampane/Desktop/machine_tending_robot/ros2_kortex_ws/install/controller_manager:/home/mampane/Desktop/machine_tending_robot/ros2_kortex_ws/install/hardware_interface_testing:/home/mampane/Desktop/machine_tending_robot/ros2_kortex_ws/install/controller_interface:/home/mampane/Desktop/machine_tending_robot/ros2_kortex_ws/install/hardware_interface:/home/mampane/Desktop/machine_tending_robot/ros2_kortex_ws/install/ros2_control_test_assets:/home/mampane/Desktop/machine_tending_robot/ros2_kortex_ws/install/realtime_tools:/home/mampane/Desktop/machine_tending_robot/ros2_kortex_ws/install/controller_manager_msgs:/home/mampane/Desktop/machine_tending_robot/ros2_kortex_ws/install/control_msgs:${AMENT_PREFIX_PATH} CMAKE_PREFIX_PATH=/home/mampane/Desktop/machine_tending_robot/ros2_kortex_ws/install/controller_manager:/home/mampane/Desktop/machine_tending_robot/ros2_kortex_ws/install/hardware_interface_testing:/home/mampane/Desktop/machine_tending_robot/ros2_kortex_ws/install/controller_interface:/home/mampane/Desktop/machine_tending_robot/ros2_kortex_ws/install/hardware_interface:/home/mampane/Desktop/machine_tending_robot/ros2_kortex_ws/install/ros2_control_test_assets:/home/mampane/Desktop/machine_tending_robot/ros2_kortex_ws/install/realtime_tools:/home/mampane/Desktop/machine_tending_robot/ros2_kortex_ws/install/controller_manager_msgs:/home/mampane/Desktop/machine_tending_robot/ros2_kortex_ws/install/control_msgs:/home/mampane/Desktop/machine_tending_robot/workspace/ros2_kortex_ws/install/kortex_bringup:/home/mampane/Desktop/machine_tending_robot/workspace/ros2_kortex_ws/install/kinova_gen3_lite_moveit_config:/home/mampane/Desktop/machine_tending_robot/workspace/ros2_kortex_ws/install/kinova_gen3_7dof_robotiq_2f_85_moveit_config:/home/mampane/Desktop/machine_tending_robot/workspace/ros2_kortex_ws/install/kinova_gen3_6dof_robotiq_2f_85_moveit_config:/home/mampane/Desktop/machine_tending_robot/workspace/ros2_kortex_ws/install/kortex_description:/home/mampane/Desktop/machine_tending_robot/workspace/ros2_kortex_ws/install/robotiq_description:/home/mampane/Desktop/machine_tending_robot/workspace/ros2_kortex_ws/install/ros2_controllers:/home/mampane/Desktop/machine_tending_robot/workspace/ros2_kortex_ws/install/ign_ros2_control_demos:/home/mampane/Desktop/machine_tending_robot/workspace/ros2_kortex_ws/install/gazebo_ros2_control_demos:/home/mampane/Desktop/machine_tending_robot/workspace/ros2_kortex_ws/install/velocity_controllers:/home/mampane/Desktop/machine_tending_robot/workspace/ros2_kortex_ws/install/tricycle_steering_controller:/home/mampane/Desktop/machine_tending_robot/workspace/ros2_kortex_ws/install/tricycle_controller:/home/mampane/Desktop/machine_tending_robot/workspace/ros2_kortex_ws/install/ros2_control:/home/mampane/Desktop/machine_tending_robot/workspace/ros2_kortex_ws/install/transmission_interface:/home/mampane/Desktop/machine_tending_robot/workspace/ros2_kortex_ws/install/test_ros_gz_bridge:/home/mampane/Desktop/machine_tending_robot/workspace/ros2_kortex_ws/install/bicycle_steering_controller:/home/mampane/Desktop/machine_tending_robot/workspace/ros2_kortex_ws/install/ackermann_steering_controller:/home/mampane/Desktop/machine_tending_robot/workspace/ros2_kortex_ws/install/steering_controllers_library:/home/mampane/Desktop/machine_tending_robot/workspace/ros2_kortex_ws/install/robotiq_hardware_tests:/home/mampane/Desktop/machine_tending_robot/workspace/ros2_kortex_ws/install/robotiq_driver:/home/mampane/Desktop/machine_tending_robot/workspace/ros2_kortex_ws/install/serial:/home/mampane/Desktop/machine_tending_robot/workspace/ros2_kortex_ws/install/ros_ign_interfaces:/home/mampane/Desktop/machine_tending_robot/workspace/ros2_kortex_ws/install/ros_ign:/home/mampane/Desktop/machine_tending_robot/workspace/ros2_kortex_ws/install/ros_ign_image:/home/mampane/Desktop/machine_tending_robot/workspace/ros2_kortex_ws/install/ros_ign_gazebo_demos:/home/mampane/Desktop/machine_tending_robot/workspace/ros2_kortex_ws/install/gz_ros2_control_tests:/home/mampane/Desktop/machine_tending_robot/workspace/ros2_kortex_ws/install/ros_ign_gazebo:/home/mampane/Desktop/machine_tending_robot/workspace/ros2_kortex_ws/install/ros_ign_bridge:/home/mampane/Desktop/machine_tending_robot/workspace/ros2_kortex_ws/install/ros_gz:/home/mampane/Desktop/machine_tending_robot/workspace/ros2_kortex_ws/install/ros_gz_sim_demos:/home/mampane/Desktop/machine_tending_robot/workspace/ros2_kortex_ws/install/ros_gz_sim:/home/mampane/Desktop/machine_tending_robot/workspace/ros2_kortex_ws/install/ros_gz_image:/home/mampane/Desktop/machine_tending_robot/workspace/ros2_kortex_ws/install/ros_gz_bridge:/home/mampane/Desktop/machine_tending_robot/workspace/ros2_kortex_ws/install/ros_gz_interfaces:/home/mampane/Desktop/machine_tending_robot/workspace/ros2_kortex_ws/install/ign_ros2_control:/home/mampane/Desktop/machine_tending_robot/workspace/ros2_kortex_ws/install/hardware_interface_testing:/home/mampane/Desktop/machine_tending_robot/workspace/ros2_kortex_ws/install/gazebo_ros2_control:/home/mampane/Desktop/machine_tending_robot/workspace/ros2_kortex_ws/install/controller_manager:/home/mampane/Desktop/machine_tending_robot/workspace/ros2_kortex_ws/install/ros2_control_test_assets:/home/mampane/Desktop/machine_tending_robot/workspace/ros2_kortex_ws/install/robotiq_controllers:/home/mampane/Desktop/machine_tending_robot/workspace/ros2_kortex_ws/install/range_sensor_broadcaster:/home/mampane/Desktop/machine_tending_robot/workspace/ros2_kortex_ws/install/position_controllers:/home/mampane/Desktop/machine_tending_robot/workspace/ros2_kortex_ws/install/pose_broadcaster:/home/mampane/Desktop/machine_tending_robot/workspace/ros2_kortex_ws/install/pid_controller:/home/mampane/Desktop/machine_tending_robot/workspace/ros2_kortex_ws/install/picknik_twist_controller:/home/mampane/Desktop/machine_tending_robot/workspace/ros2_kortex_ws/install/picknik_reset_fault_controller:/home/mampane/Desktop/machine_tending_robot/workspace/ros2_kortex_ws/install/mecanum_drive_controller:/home/mampane/Desktop/machine_tending_robot/workspace/ros2_kortex_ws/install/joint_trajectory_controller:/home/mampane/Desktop/machine_tending_robot/workspace/ros2_kortex_ws/install/joint_state_broadcaster:/home/mampane/Desktop/machine_tending_robot/workspace/ros2_kortex_ws/install/imu_sensor_broadcaster:/home/mampane/Desktop/machine_tending_robot/workspace/ros2_kortex_ws/install/gripper_controllers:/home/mampane/Desktop/machine_tending_robot/workspace/ros2_kortex_ws/install/gpio_controllers:/home/mampane/Desktop/machine_tending_robot/workspace/ros2_kortex_ws/install/effort_controllers:/home/mampane/Desktop/machine_tending_robot/workspace/ros2_kortex_ws/install/forward_command_controller:/home/mampane/Desktop/machine_tending_robot/workspace/ros2_kortex_ws/install/force_torque_sensor_broadcaster:/home/mampane/Desktop/machine_tending_robot/workspace/ros2_kortex_ws/install/diff_drive_controller:/home/mampane/Desktop/machine_tending_robot/workspace/ros2_kortex_ws/install/admittance_controller:/home/mampane/Desktop/machine_tending_robot/workspace/ros2_kortex_ws/install/realtime_tools:/home/mampane/Desktop/machine_tending_robot/workspace/ros2_kortex_ws/install/kortex_driver:/home/mampane/Desktop/machine_tending_robot/workspace/ros2_kortex_ws/install/kortex_api:/home/mampane/Desktop/machine_tending_robot/workspace/ros2_kortex_ws/install/joint_limits:/home/mampane/Desktop/machine_tending_robot/workspace/ros2_kortex_ws/install/controller_interface:/home/mampane/Desktop/machine_tending_robot/workspace/ros2_kortex_ws/install/hardware_interface:/home/mampane/Desktop/machine_tending_robot/workspace/ros2_kortex_ws/install/controller_manager_msgs:/home/mampane/Desktop/machine_tending_robot/workspace/ros2_kortex_ws/install/control_msgs:/home/mampane/Desktop/machine_tending_robot/workspace/ros2_kortex_ws/install/rqt_joint_trajectory_controller:/home/mampane/Desktop/machine_tending_robot/workspace/ros2_kortex_ws/install/rqt_controller_manager:/home/mampane/Desktop/machine_tending_robot/workspace/ros2_kortex_ws/install/ros2controlcli:/home/mampane/Desktop/machine_tending_robot/workspace/ros2_kortex_ws/install/ros2_controllers_test_nodes:/opt/ros/humble LD_LIBRARY_PATH=/home/mampane/Desktop/machine_tending_robot/ros2_kortex_ws/install/controller_manager/lib:/home/mampane/Desktop/machine_tending_robot/ros2_kortex_ws/install/hardware_interface_testing/lib:/home/mampane/Desktop/machine_tending_robot/ros2_kortex_ws/install/controller_interface/lib:/home/mampane/Desktop/machine_tending_robot/ros2_kortex_ws/install/hardware_interface/lib:/home/mampane/Desktop/machine_tending_robot/ros2_kortex_ws/install/realtime_tools/lib:/home/mampane/Desktop/machine_tending_robot/ros2_kortex_ws/install/controller_manager_msgs/lib:/home/mampane/Desktop/machine_tending_robot/ros2_kortex_ws/install/control_msgs/lib:${LD_LIBRARY_PATH} PYTHONPATH=/home/mampane/Desktop/machine_tending_robot/ros2_kortex_ws/install/controller_manager/local/lib/python3.10/dist-packages:/home/mampane/Desktop/machine_tending_robot/ros2_kortex_ws/install/controller_manager_msgs/local/lib/python3.10/dist-packages:/home/mampane/Desktop/machine_tending_robot/ros2_kortex_ws/install/control_msgs/local/lib/python3.10/dist-packages:${PYTHONPATH} /usr/bin/cmake /home/mampane/Desktop/machine_tending_robot/ros2_kortex_ws/src/gazebo_ros2_control/gazebo_ros2_control -DCMAKE_BUILD_TYPE=Release -DCMAKE_INSTALL_PREFIX=/home/mampane/Desktop/machine_tending_robot/ros2_kortex_ws/install/gazebo_ros2_control
[0.106s] -- The C compiler identification is GNU 11.4.0
[0.162s] -- The CXX compiler identification is GNU 11.4.0
[0.169s] -- Detecting C compiler ABI info
[0.252s] -- Detecting C compiler ABI info - done
[0.261s] -- Check for working C compiler: /usr/bin/cc - skipped
[0.262s] -- Detecting C compile features
[0.262s] -- Detecting C compile features - done
[0.264s] -- Detecting CXX compiler ABI info
[0.350s] -- Detecting CXX compiler ABI info - done
[0.357s] -- Check for working CXX compiler: /usr/bin/c++ - skipped
[0.357s] -- Detecting CXX compile features
[0.358s] -- Detecting CXX compile features - done
[0.360s] -- Found ament_cmake: 1.3.11 (/opt/ros/humble/share/ament_cmake/cmake)
[0.509s] -- Found Python3: /usr/bin/python3 (found version "3.10.12") found components: Interpreter 
[0.601s] -- Found angles: 1.15.0 (/opt/ros/humble/share/angles/cmake)
[0.602s] -- Found controller_manager: 2.48.0 (/home/mampane/Desktop/machine_tending_robot/ros2_kortex_ws/install/controller_manager/share/controller_manager/cmake)
[0.643s] -- Found rosidl_generator_c: 3.1.6 (/opt/ros/humble/share/rosidl_generator_c/cmake)
[0.648s] -- Found rosidl_adapter: 3.1.6 (/opt/ros/humble/share/rosidl_adapter/cmake)
[0.655s] -- Found rosidl_generator_cpp: 3.1.6 (/opt/ros/humble/share/rosidl_generator_cpp/cmake)
[0.668s] -- Using all available rosidl_typesupport_c: rosidl_typesupport_fastrtps_c;rosidl_typesupport_introspection_c
[0.685s] -- Using all available rosidl_typesupport_cpp: rosidl_typesupport_fastrtps_cpp;rosidl_typesupport_introspection_cpp
[0.860s] -- Found rmw_implementation_cmake: 6.1.2 (/opt/ros/humble/share/rmw_implementation_cmake/cmake)
[0.866s] -- Found rmw_fastrtps_cpp: 6.2.7 (/opt/ros/humble/share/rmw_fastrtps_cpp/cmake)
[0.888s] -- Found TinyXML2 via Config file: TinyXML2_DIR-NOTFOUND
[0.966s] -- Found OpenSSL: /usr/lib/x86_64-linux-gnu/libcrypto.so (found version "3.0.2")  
[0.968s] -- Found TinyXML2 via Config file: TinyXML2_DIR-NOTFOUND
[0.987s] -- Found FastRTPS: /opt/ros/humble/include  
[0.989s] -- Found TinyXML2 via Config file: TinyXML2_DIR-NOTFOUND
[0.999s] -- Found TinyXML2 via Config file: TinyXML2_DIR-NOTFOUND
[1.013s] -- Using RMW implementation 'rmw_fastrtps_cpp' as default
[1.021s] -- Looking for pthread.h
[1.105s] -- Looking for pthread.h - found
[1.105s] -- Performing Test CMAKE_HAVE_LIBC_PTHREAD
[1.184s] -- Performing Test CMAKE_HAVE_LIBC_PTHREAD - Success
[1.186s] -- Found Threads: TRUE  
[1.258s] -- Found control_toolbox: 3.6.0 (/opt/ros/humble/share/control_toolbox/cmake)
[1.294s] -- Found gazebo_dev: 3.9.0 (/opt/ros/humble/share/gazebo_dev/cmake)
[1.302s] -- Found PkgConfig: /usr/bin/pkg-config (found version "0.29.2") 
[1.304s] -- Checking for module 'bullet>=2.82'
[1.325s] --   Found bullet, version 3.05
[1.472s] -- Found fcl: /usr/include (found suitable version "0.7.0", minimum required is "0.5.0") 
[1.547s] -- Found assimp: /usr/include (found version "5.2.0") 
[1.566s] -- Found DART: /usr/include (Required is at least version "6.6") found components: dart 
[1.608s] -- Found Boost: /usr/lib/x86_64-linux-gnu/cmake/Boost-1.74.0/BoostConfig.cmake (found suitable version "1.74.0", minimum required is "1.40.0") found components: thread system filesystem program_options regex iostreams date_time 
[1.629s] -- Found Protobuf: /usr/lib/x86_64-linux-gnu/libprotobuf.so (found version "3.12.4") 
[1.634s] -- Looking for ignition-math6 -- found version 6.15.1
[1.640s] -- Searching for dependencies of ignition-math6
[1.641s] -- Looking for OGRE...
[1.641s] -- OGRE_PREFIX_WATCH changed.
[1.647s] -- Checking for module 'OGRE'
[1.668s] --   Found OGRE, version 1.9.0
[1.715s] -- Found Ogre Ghadamon (1.9.0)
[1.726s] -- Found OGRE: optimized;/usr/lib/x86_64-linux-gnu/libOgreMain.so;debug;/usr/lib/x86_64-linux-gnu/libOgreMain.so
[1.734s] -- Looking for OGRE_Paging...
[1.744s] -- Found OGRE_Paging: optimized;/usr/lib/x86_64-linux-gnu/libOgrePaging.so;debug;/usr/lib/x86_64-linux-gnu/libOgrePaging.so
[1.744s] -- Looking for OGRE_Terrain...
[1.753s] -- Found OGRE_Terrain: optimized;/usr/lib/x86_64-linux-gnu/libOgreTerrain.so;debug;/usr/lib/x86_64-linux-gnu/libOgreTerrain.so
[1.753s] -- Looking for OGRE_Property...
[1.761s] -- Found OGRE_Property: optimized;/usr/lib/x86_64-linux-gnu/libOgreProperty.so;debug;/usr/lib/x86_64-linux-gnu/libOgreProperty.so
[1.761s] -- Looking for OGRE_RTShaderSystem...
[1.770s] -- Found OGRE_RTShaderSystem: optimized;/usr/lib/x86_64-linux-gnu/libOgreRTShaderSystem.so;debug;/usr/lib/x86_64-linux-gnu/libOgreRTShaderSystem.so
[1.770s] -- Looking for OGRE_Volume...
[1.778s] -- Found OGRE_Volume: optimized;/usr/lib/x86_64-linux-gnu/libOgreVolume.so;debug;/usr/lib/x86_64-linux-gnu/libOgreVolume.so
[1.778s] -- Looking for OGRE_Overlay...
[1.787s] -- Found OGRE_Overlay: optimized;/usr/lib/x86_64-linux-gnu/libOgreOverlay.so;debug;/usr/lib/x86_64-linux-gnu/libOgreOverlay.so
[1.983s] -- Looking for ignition-math6 -- found version 6.15.1
[1.987s] -- Looking for ignition-transport8 -- found version 8.2.1
[1.987s] -- Searching for dependencies of ignition-transport8
[2.002s] -- Found Protobuf: /usr/lib/x86_64-linux-gnu/libprotobuf.so (found suitable version "3.12.4", minimum required is "3") 
[2.011s] -- Config-file not installed for ZeroMQ -- checking for pkg-config
[2.017s] -- Checking for module 'libzmq >= 4'
[2.039s] --   Found libzmq , version 4.3.4
[2.087s] -- Found ZeroMQ: TRUE (Required is at least version "4") 
[2.094s] -- Checking for module 'uuid'
[2.113s] --   Found uuid, version 2.37.2
[2.156s] -- Found UUID: TRUE  
[2.160s] -- Looking for ignition-msgs5 -- found version 5.8.1
[2.161s] -- Searching for dependencies of ignition-msgs5
[2.176s] -- Looking for ignition-math6 -- found version 6.15.1
[2.183s] -- Checking for module 'tinyxml2'
[2.205s] --   Found tinyxml2, version 9.0.0
[2.252s] -- Looking for ignition-msgs5 -- found version 5.8.1
[2.255s] -- Looking for ignition-common3 -- found version 3.14.0
[2.255s] -- Searching for dependencies of ignition-common3
[2.256s] -- Looking for dlfcn.h - found
[2.257s] -- Looking for libdl - found
[2.258s] -- Found DL: TRUE  
[2.271s] -- Found tinyobjloader: /usr/lib/x86_64-linux-gnu/cmake/tinyobjloader/tinyobjloader-config.cmake (found version "2.0.0") 
[2.272s] -- Searching for <ignition-common3> component [graphics]
[2.274s] -- Looking for ignition-common3-graphics -- found version 3.14.0
[2.274s] -- Searching for dependencies of ignition-common3-graphics
[2.274s] -- Looking for ignition-math6 -- found version 6.15.1
[2.277s] -- Looking for ignition-fuel_tools4 -- found version 4.4.0
[2.277s] -- Searching for dependencies of ignition-fuel_tools4
[2.377s] -- Found CURL: /usr/lib/x86_64-linux-gnu/libcurl.so (found version "7.81.0")  
[2.387s] -- Checking for module 'jsoncpp'
[2.407s] --   Found jsoncpp, version 1.9.5
[2.450s] -- Found JSONCPP: TRUE  
[2.456s] -- Checking for module 'libzip'
[2.478s] --   Found libzip, version 1.7.3
[2.519s] -- Found ZIP: TRUE  
[2.519s] -- Looking for ignition-common3 -- found version 3.14.0
[2.520s] -- Looking for ignition-math6 -- found version 6.15.1
[2.520s] -- Looking for ignition-msgs5 -- found version 5.8.1
[2.527s] -- Gazebo version: 11.10
[2.527s] -- Checking for module 'tbb'
[2.546s] --   Found tbb, version 2021.5.0
[2.593s] -- Found gazebo_ros: 3.9.0 (/opt/ros/humble/share/gazebo_ros/cmake)
[2.599s] -- Found yaml_cpp_vendor: 8.0.2 (/opt/ros/humble/share/yaml_cpp_vendor/cmake)
[2.714s] -- Found ament_cmake_gtest: 1.3.11 (/opt/ros/humble/share/ament_cmake_gtest/cmake)
[2.716s] -- Found ament_lint_auto: 0.12.11 (/opt/ros/humble/share/ament_lint_auto/cmake)
[2.782s] -- Added test 'copyright' to check source files copyright and LICENSE
[2.783s] -- Added test 'cppcheck' to perform static code analysis on C / C++ code
[2.784s] -- Configured cppcheck include dirs: /home/mampane/Desktop/machine_tending_robot/ros2_kortex_ws/src/gazebo_ros2_control/gazebo_ros2_control/include
[2.784s] -- Configured cppcheck exclude dirs and/or files: 
[2.785s] -- Added test 'cpplint' to check C / C++ code against the Google style
[2.785s] -- Configured cpplint exclude dirs and/or files: 
[2.786s] -- Added test 'lint_cmake' to check CMake code style
[2.787s] -- Added test 'uncrustify' to check C / C++ code style
[2.787s] -- Configured uncrustify additional arguments: 
[2.788s] -- Added test 'xmllint' to check XML markup files
[2.791s] -- Configuring done
[2.846s] -- Generating done
[2.854s] -- Build files have been written to: /home/mampane/Desktop/machine_tending_robot/ros2_kortex_ws/build/gazebo_ros2_control
[2.866s] Invoked command in '/home/mampane/Desktop/machine_tending_robot/ros2_kortex_ws/build/gazebo_ros2_control' returned '0': AMENT_PREFIX_PATH=/home/mampane/Desktop/machine_tending_robot/ros2_kortex_ws/install/controller_manager:/home/mampane/Desktop/machine_tending_robot/ros2_kortex_ws/install/hardware_interface_testing:/home/mampane/Desktop/machine_tending_robot/ros2_kortex_ws/install/controller_interface:/home/mampane/Desktop/machine_tending_robot/ros2_kortex_ws/install/hardware_interface:/home/mampane/Desktop/machine_tending_robot/ros2_kortex_ws/install/ros2_control_test_assets:/home/mampane/Desktop/machine_tending_robot/ros2_kortex_ws/install/realtime_tools:/home/mampane/Desktop/machine_tending_robot/ros2_kortex_ws/install/controller_manager_msgs:/home/mampane/Desktop/machine_tending_robot/ros2_kortex_ws/install/control_msgs:${AMENT_PREFIX_PATH} CMAKE_PREFIX_PATH=/home/mampane/Desktop/machine_tending_robot/ros2_kortex_ws/install/controller_manager:/home/mampane/Desktop/machine_tending_robot/ros2_kortex_ws/install/hardware_interface_testing:/home/mampane/Desktop/machine_tending_robot/ros2_kortex_ws/install/controller_interface:/home/mampane/Desktop/machine_tending_robot/ros2_kortex_ws/install/hardware_interface:/home/mampane/Desktop/machine_tending_robot/ros2_kortex_ws/install/ros2_control_test_assets:/home/mampane/Desktop/machine_tending_robot/ros2_kortex_ws/install/realtime_tools:/home/mampane/Desktop/machine_tending_robot/ros2_kortex_ws/install/controller_manager_msgs:/home/mampane/Desktop/machine_tending_robot/ros2_kortex_ws/install/control_msgs:/home/mampane/Desktop/machine_tending_robot/workspace/ros2_kortex_ws/install/kortex_bringup:/home/mampane/Desktop/machine_tending_robot/workspace/ros2_kortex_ws/install/kinova_gen3_lite_moveit_config:/home/mampane/Desktop/machine_tending_robot/workspace/ros2_kortex_ws/install/kinova_gen3_7dof_robotiq_2f_85_moveit_config:/home/mampane/Desktop/machine_tending_robot/workspace/ros2_kortex_ws/install/kinova_gen3_6dof_robotiq_2f_85_moveit_config:/home/mampane/Desktop/machine_tending_robot/workspace/ros2_kortex_ws/install/kortex_description:/home/mampane/Desktop/machine_tending_robot/workspace/ros2_kortex_ws/install/robotiq_description:/home/mampane/Desktop/machine_tending_robot/workspace/ros2_kortex_ws/install/ros2_controllers:/home/mampane/Desktop/machine_tending_robot/workspace/ros2_kortex_ws/install/ign_ros2_control_demos:/home/mampane/Desktop/machine_tending_robot/workspace/ros2_kortex_ws/install/gazebo_ros2_control_demos:/home/mampane/Desktop/machine_tending_robot/workspace/ros2_kortex_ws/install/velocity_controllers:/home/mampane/Desktop/machine_tending_robot/workspace/ros2_kortex_ws/install/tricycle_steering_controller:/home/mampane/Desktop/machine_tending_robot/workspace/ros2_kortex_ws/install/tricycle_controller:/home/mampane/Desktop/machine_tending_robot/workspace/ros2_kortex_ws/install/ros2_control:/home/mampane/Desktop/machine_tending_robot/workspace/ros2_kortex_ws/install/transmission_interface:/home/mampane/Desktop/machine_tending_robot/workspace/ros2_kortex_ws/install/test_ros_gz_bridge:/home/mampane/Desktop/machine_tending_robot/workspace/ros2_kortex_ws/install/bicycle_steering_controller:/home/mampane/Desktop/machine_tending_robot/workspace/ros2_kortex_ws/install/ackermann_steering_controller:/home/mampane/Desktop/machine_tending_robot/workspace/ros2_kortex_ws/install/steering_controllers_library:/home/mampane/Desktop/machine_tending_robot/workspace/ros2_kortex_ws/install/robotiq_hardware_tests:/home/mampane/Desktop/machine_tending_robot/workspace/ros2_kortex_ws/install/robotiq_driver:/home/mampane/Desktop/machine_tending_robot/workspace/ros2_kortex_ws/install/serial:/home/mampane/Desktop/machine_tending_robot/workspace/ros2_kortex_ws/install/ros_ign_interfaces:/home/mampane/Desktop/machine_tending_robot/workspace/ros2_kortex_ws/install/ros_ign:/home/mampane/Desktop/machine_tending_robot/workspace/ros2_kortex_ws/install/ros_ign_image:/home/mampane/Desktop/machine_tending_robot/workspace/ros2_kortex_ws/install/ros_ign_gazebo_demos:/home/mampane/Desktop/machine_tending_robot/workspace/ros2_kortex_ws/install/gz_ros2_control_tests:/home/mampane/Desktop/machine_tending_robot/workspace/ros2_kortex_ws/install/ros_ign_gazebo:/home/mampane/Desktop/machine_tending_robot/workspace/ros2_kortex_ws/install/ros_ign_bridge:/home/mampane/Desktop/machine_tending_robot/workspace/ros2_kortex_ws/install/ros_gz:/home/mampane/Desktop/machine_tending_robot/workspace/ros2_kortex_ws/install/ros_gz_sim_demos:/home/mampane/Desktop/machine_tending_robot/workspace/ros2_kortex_ws/install/ros_gz_sim:/home/mampane/Desktop/machine_tending_robot/workspace/ros2_kortex_ws/install/ros_gz_image:/home/mampane/Desktop/machine_tending_robot/workspace/ros2_kortex_ws/install/ros_gz_bridge:/home/mampane/Desktop/machine_tending_robot/workspace/ros2_kortex_ws/install/ros_gz_interfaces:/home/mampane/Desktop/machine_tending_robot/workspace/ros2_kortex_ws/install/ign_ros2_control:/home/mampane/Desktop/machine_tending_robot/workspace/ros2_kortex_ws/install/hardware_interface_testing:/home/mampane/Desktop/machine_tending_robot/workspace/ros2_kortex_ws/install/gazebo_ros2_control:/home/mampane/Desktop/machine_tending_robot/workspace/ros2_kortex_ws/install/controller_manager:/home/mampane/Desktop/machine_tending_robot/workspace/ros2_kortex_ws/install/ros2_control_test_assets:/home/mampane/Desktop/machine_tending_robot/workspace/ros2_kortex_ws/install/robotiq_controllers:/home/mampane/Desktop/machine_tending_robot/workspace/ros2_kortex_ws/install/range_sensor_broadcaster:/home/mampane/Desktop/machine_tending_robot/workspace/ros2_kortex_ws/install/position_controllers:/home/mampane/Desktop/machine_tending_robot/workspace/ros2_kortex_ws/install/pose_broadcaster:/home/mampane/Desktop/machine_tending_robot/workspace/ros2_kortex_ws/install/pid_controller:/home/mampane/Desktop/machine_tending_robot/workspace/ros2_kortex_ws/install/picknik_twist_controller:/home/mampane/Desktop/machine_tending_robot/workspace/ros2_kortex_ws/install/picknik_reset_fault_controller:/home/mampane/Desktop/machine_tending_robot/workspace/ros2_kortex_ws/install/mecanum_drive_controller:/home/mampane/Desktop/machine_tending_robot/workspace/ros2_kortex_ws/install/joint_trajectory_controller:/home/mampane/Desktop/machine_tending_robot/workspace/ros2_kortex_ws/install/joint_state_broadcaster:/home/mampane/Desktop/machine_tending_robot/workspace/ros2_kortex_ws/install/imu_sensor_broadcaster:/home/mampane/Desktop/machine_tending_robot/workspace/ros2_kortex_ws/install/gripper_controllers:/home/mampane/Desktop/machine_tending_robot/workspace/ros2_kortex_ws/install/gpio_controllers:/home/mampane/Desktop/machine_tending_robot/workspace/ros2_kortex_ws/install/effort_controllers:/home/mampane/Desktop/machine_tending_robot/workspace/ros2_kortex_ws/install/forward_command_controller:/home/mampane/Desktop/machine_tending_robot/workspace/ros2_kortex_ws/install/force_torque_sensor_broadcaster:/home/mampane/Desktop/machine_tending_robot/workspace/ros2_kortex_ws/install/diff_drive_controller:/home/mampane/Desktop/machine_tending_robot/workspace/ros2_kortex_ws/install/admittance_controller:/home/mampane/Desktop/machine_tending_robot/workspace/ros2_kortex_ws/install/realtime_tools:/home/mampane/Desktop/machine_tending_robot/workspace/ros2_kortex_ws/install/kortex_driver:/home/mampane/Desktop/machine_tending_robot/workspace/ros2_kortex_ws/install/kortex_api:/home/mampane/Desktop/machine_tending_robot/workspace/ros2_kortex_ws/install/joint_limits:/home/mampane/Desktop/machine_tending_robot/workspace/ros2_kortex_ws/install/controller_interface:/home/mampane/Desktop/machine_tending_robot/workspace/ros2_kortex_ws/install/hardware_interface:/home/mampane/Desktop/machine_tending_robot/workspace/ros2_kortex_ws/install/controller_manager_msgs:/home/mampane/Desktop/machine_tending_robot/workspace/ros2_kortex_ws/install/control_msgs:/home/mampane/Desktop/machine_tending_robot/workspace/ros2_kortex_ws/install/rqt_joint_trajectory_controller:/home/mampane/Desktop/machine_tending_robot/workspace/ros2_kortex_ws/install/rqt_controller_manager:/home/mampane/Desktop/machine_tending_robot/workspace/ros2_kortex_ws/install/ros2controlcli:/home/mampane/Desktop/machine_tending_robot/workspace/ros2_kortex_ws/install/ros2_controllers_test_nodes:/opt/ros/humble LD_LIBRARY_PATH=/home/mampane/Desktop/machine_tending_robot/ros2_kortex_ws/install/controller_manager/lib:/home/mampane/Desktop/machine_tending_robot/ros2_kortex_ws/install/hardware_interface_testing/lib:/home/mampane/Desktop/machine_tending_robot/ros2_kortex_ws/install/controller_interface/lib:/home/mampane/Desktop/machine_tending_robot/ros2_kortex_ws/install/hardware_interface/lib:/home/mampane/Desktop/machine_tending_robot/ros2_kortex_ws/install/realtime_tools/lib:/home/mampane/Desktop/machine_tending_robot/ros2_kortex_ws/install/controller_manager_msgs/lib:/home/mampane/Desktop/machine_tending_robot/ros2_kortex_ws/install/control_msgs/lib:${LD_LIBRARY_PATH} PYTHONPATH=/home/mampane/Desktop/machine_tending_robot/ros2_kortex_ws/install/controller_manager/local/lib/python3.10/dist-packages:/home/mampane/Desktop/machine_tending_robot/ros2_kortex_ws/install/controller_manager_msgs/local/lib/python3.10/dist-packages:/home/mampane/Desktop/machine_tending_robot/ros2_kortex_ws/install/control_msgs/local/lib/python3.10/dist-packages:${PYTHONPATH} /usr/bin/cmake /home/mampane/Desktop/machine_tending_robot/ros2_kortex_ws/src/gazebo_ros2_control/gazebo_ros2_control -DCMAKE_BUILD_TYPE=Release -DCMAKE_INSTALL_PREFIX=/home/mampane/Desktop/machine_tending_robot/ros2_kortex_ws/install/gazebo_ros2_control
[2.867s] Invoking command in '/home/mampane/Desktop/machine_tending_robot/ros2_kortex_ws/build/gazebo_ros2_control': AMENT_PREFIX_PATH=/home/mampane/Desktop/machine_tending_robot/ros2_kortex_ws/install/controller_manager:/home/mampane/Desktop/machine_tending_robot/ros2_kortex_ws/install/hardware_interface_testing:/home/mampane/Desktop/machine_tending_robot/ros2_kortex_ws/install/controller_interface:/home/mampane/Desktop/machine_tending_robot/ros2_kortex_ws/install/hardware_interface:/home/mampane/Desktop/machine_tending_robot/ros2_kortex_ws/install/ros2_control_test_assets:/home/mampane/Desktop/machine_tending_robot/ros2_kortex_ws/install/realtime_tools:/home/mampane/Desktop/machine_tending_robot/ros2_kortex_ws/install/controller_manager_msgs:/home/mampane/Desktop/machine_tending_robot/ros2_kortex_ws/install/control_msgs:${AMENT_PREFIX_PATH} CMAKE_PREFIX_PATH=/home/mampane/Desktop/machine_tending_robot/ros2_kortex_ws/install/controller_manager:/home/mampane/Desktop/machine_tending_robot/ros2_kortex_ws/install/hardware_interface_testing:/home/mampane/Desktop/machine_tending_robot/ros2_kortex_ws/install/controller_interface:/home/mampane/Desktop/machine_tending_robot/ros2_kortex_ws/install/hardware_interface:/home/mampane/Desktop/machine_tending_robot/ros2_kortex_ws/install/ros2_control_test_assets:/home/mampane/Desktop/machine_tending_robot/ros2_kortex_ws/install/realtime_tools:/home/mampane/Desktop/machine_tending_robot/ros2_kortex_ws/install/controller_manager_msgs:/home/mampane/Desktop/machine_tending_robot/ros2_kortex_ws/install/control_msgs:/home/mampane/Desktop/machine_tending_robot/workspace/ros2_kortex_ws/install/kortex_bringup:/home/mampane/Desktop/machine_tending_robot/workspace/ros2_kortex_ws/install/kinova_gen3_lite_moveit_config:/home/mampane/Desktop/machine_tending_robot/workspace/ros2_kortex_ws/install/kinova_gen3_7dof_robotiq_2f_85_moveit_config:/home/mampane/Desktop/machine_tending_robot/workspace/ros2_kortex_ws/install/kinova_gen3_6dof_robotiq_2f_85_moveit_config:/home/mampane/Desktop/machine_tending_robot/workspace/ros2_kortex_ws/install/kortex_description:/home/mampane/Desktop/machine_tending_robot/workspace/ros2_kortex_ws/install/robotiq_description:/home/mampane/Desktop/machine_tending_robot/workspace/ros2_kortex_ws/install/ros2_controllers:/home/mampane/Desktop/machine_tending_robot/workspace/ros2_kortex_ws/install/ign_ros2_control_demos:/home/mampane/Desktop/machine_tending_robot/workspace/ros2_kortex_ws/install/gazebo_ros2_control_demos:/home/mampane/Desktop/machine_tending_robot/workspace/ros2_kortex_ws/install/velocity_controllers:/home/mampane/Desktop/machine_tending_robot/workspace/ros2_kortex_ws/install/tricycle_steering_controller:/home/mampane/Desktop/machine_tending_robot/workspace/ros2_kortex_ws/install/tricycle_controller:/home/mampane/Desktop/machine_tending_robot/workspace/ros2_kortex_ws/install/ros2_control:/home/mampane/Desktop/machine_tending_robot/workspace/ros2_kortex_ws/install/transmission_interface:/home/mampane/Desktop/machine_tending_robot/workspace/ros2_kortex_ws/install/test_ros_gz_bridge:/home/mampane/Desktop/machine_tending_robot/workspace/ros2_kortex_ws/install/bicycle_steering_controller:/home/mampane/Desktop/machine_tending_robot/workspace/ros2_kortex_ws/install/ackermann_steering_controller:/home/mampane/Desktop/machine_tending_robot/workspace/ros2_kortex_ws/install/steering_controllers_library:/home/mampane/Desktop/machine_tending_robot/workspace/ros2_kortex_ws/install/robotiq_hardware_tests:/home/mampane/Desktop/machine_tending_robot/workspace/ros2_kortex_ws/install/robotiq_driver:/home/mampane/Desktop/machine_tending_robot/workspace/ros2_kortex_ws/install/serial:/home/mampane/Desktop/machine_tending_robot/workspace/ros2_kortex_ws/install/ros_ign_interfaces:/home/mampane/Desktop/machine_tending_robot/workspace/ros2_kortex_ws/install/ros_ign:/home/mampane/Desktop/machine_tending_robot/workspace/ros2_kortex_ws/install/ros_ign_image:/home/mampane/Desktop/machine_tending_robot/workspace/ros2_kortex_ws/install/ros_ign_gazebo_demos:/home/mampane/Desktop/machine_tending_robot/workspace/ros2_kortex_ws/install/gz_ros2_control_tests:/home/mampane/Desktop/machine_tending_robot/workspace/ros2_kortex_ws/install/ros_ign_gazebo:/home/mampane/Desktop/machine_tending_robot/workspace/ros2_kortex_ws/install/ros_ign_bridge:/home/mampane/Desktop/machine_tending_robot/workspace/ros2_kortex_ws/install/ros_gz:/home/mampane/Desktop/machine_tending_robot/workspace/ros2_kortex_ws/install/ros_gz_sim_demos:/home/mampane/Desktop/machine_tending_robot/workspace/ros2_kortex_ws/install/ros_gz_sim:/home/mampane/Desktop/machine_tending_robot/workspace/ros2_kortex_ws/install/ros_gz_image:/home/mampane/Desktop/machine_tending_robot/workspace/ros2_kortex_ws/install/ros_gz_bridge:/home/mampane/Desktop/machine_tending_robot/workspace/ros2_kortex_ws/install/ros_gz_interfaces:/home/mampane/Desktop/machine_tending_robot/workspace/ros2_kortex_ws/install/ign_ros2_control:/home/mampane/Desktop/machine_tending_robot/workspace/ros2_kortex_ws/install/hardware_interface_testing:/home/mampane/Desktop/machine_tending_robot/workspace/ros2_kortex_ws/install/gazebo_ros2_control:/home/mampane/Desktop/machine_tending_robot/workspace/ros2_kortex_ws/install/controller_manager:/home/mampane/Desktop/machine_tending_robot/workspace/ros2_kortex_ws/install/ros2_control_test_assets:/home/mampane/Desktop/machine_tending_robot/workspace/ros2_kortex_ws/install/robotiq_controllers:/home/mampane/Desktop/machine_tending_robot/workspace/ros2_kortex_ws/install/range_sensor_broadcaster:/home/mampane/Desktop/machine_tending_robot/workspace/ros2_kortex_ws/install/position_controllers:/home/mampane/Desktop/machine_tending_robot/workspace/ros2_kortex_ws/install/pose_broadcaster:/home/mampane/Desktop/machine_tending_robot/workspace/ros2_kortex_ws/install/pid_controller:/home/mampane/Desktop/machine_tending_robot/workspace/ros2_kortex_ws/install/picknik_twist_controller:/home/mampane/Desktop/machine_tending_robot/workspace/ros2_kortex_ws/install/picknik_reset_fault_controller:/home/mampane/Desktop/machine_tending_robot/workspace/ros2_kortex_ws/install/mecanum_drive_controller:/home/mampane/Desktop/machine_tending_robot/workspace/ros2_kortex_ws/install/joint_trajectory_controller:/home/mampane/Desktop/machine_tending_robot/workspace/ros2_kortex_ws/install/joint_state_broadcaster:/home/mampane/Desktop/machine_tending_robot/workspace/ros2_kortex_ws/install/imu_sensor_broadcaster:/home/mampane/Desktop/machine_tending_robot/workspace/ros2_kortex_ws/install/gripper_controllers:/home/mampane/Desktop/machine_tending_robot/workspace/ros2_kortex_ws/install/gpio_controllers:/home/mampane/Desktop/machine_tending_robot/workspace/ros2_kortex_ws/install/effort_controllers:/home/mampane/Desktop/machine_tending_robot/workspace/ros2_kortex_ws/install/forward_command_controller:/home/mampane/Desktop/machine_tending_robot/workspace/ros2_kortex_ws/install/force_torque_sensor_broadcaster:/home/mampane/Desktop/machine_tending_robot/workspace/ros2_kortex_ws/install/diff_drive_controller:/home/mampane/Desktop/machine_tending_robot/workspace/ros2_kortex_ws/install/admittance_controller:/home/mampane/Desktop/machine_tending_robot/workspace/ros2_kortex_ws/install/realtime_tools:/home/mampane/Desktop/machine_tending_robot/workspace/ros2_kortex_ws/install/kortex_driver:/home/mampane/Desktop/machine_tending_robot/workspace/ros2_kortex_ws/install/kortex_api:/home/mampane/Desktop/machine_tending_robot/workspace/ros2_kortex_ws/install/joint_limits:/home/mampane/Desktop/machine_tending_robot/workspace/ros2_kortex_ws/install/controller_interface:/home/mampane/Desktop/machine_tending_robot/workspace/ros2_kortex_ws/install/hardware_interface:/home/mampane/Desktop/machine_tending_robot/workspace/ros2_kortex_ws/install/controller_manager_msgs:/home/mampane/Desktop/machine_tending_robot/workspace/ros2_kortex_ws/install/control_msgs:/home/mampane/Desktop/machine_tending_robot/workspace/ros2_kortex_ws/install/rqt_joint_trajectory_controller:/home/mampane/Desktop/machine_tending_robot/workspace/ros2_kortex_ws/install/rqt_controller_manager:/home/mampane/Desktop/machine_tending_robot/workspace/ros2_kortex_ws/install/ros2controlcli:/home/mampane/Desktop/machine_tending_robot/workspace/ros2_kortex_ws/install/ros2_controllers_test_nodes:/opt/ros/humble LD_LIBRARY_PATH=/home/mampane/Desktop/machine_tending_robot/ros2_kortex_ws/install/controller_manager/lib:/home/mampane/Desktop/machine_tending_robot/ros2_kortex_ws/install/hardware_interface_testing/lib:/home/mampane/Desktop/machine_tending_robot/ros2_kortex_ws/install/controller_interface/lib:/home/mampane/Desktop/machine_tending_robot/ros2_kortex_ws/install/hardware_interface/lib:/home/mampane/Desktop/machine_tending_robot/ros2_kortex_ws/install/realtime_tools/lib:/home/mampane/Desktop/machine_tending_robot/ros2_kortex_ws/install/controller_manager_msgs/lib:/home/mampane/Desktop/machine_tending_robot/ros2_kortex_ws/install/control_msgs/lib:${LD_LIBRARY_PATH} PYTHONPATH=/home/mampane/Desktop/machine_tending_robot/ros2_kortex_ws/install/controller_manager/local/lib/python3.10/dist-packages:/home/mampane/Desktop/machine_tending_robot/ros2_kortex_ws/install/controller_manager_msgs/local/lib/python3.10/dist-packages:/home/mampane/Desktop/machine_tending_robot/ros2_kortex_ws/install/control_msgs/local/lib/python3.10/dist-packages:${PYTHONPATH} /usr/bin/cmake --build /home/mampane/Desktop/machine_tending_robot/ros2_kortex_ws/build/gazebo_ros2_control -- -j20 -l20
[2.922s] [ 25%] [32mBuilding CXX object CMakeFiles/gazebo_ros2_control.dir/src/gazebo_ros2_control_plugin.cpp.o[0m
[2.925s] [ 50%] [32mBuilding CXX object CMakeFiles/gazebo_hardware_plugins.dir/src/gazebo_system.cpp.o[0m
[13.087s] [01m[K/home/mampane/Desktop/machine_tending_robot/ros2_kortex_ws/src/gazebo_ros2_control/gazebo_ros2_control/src/gazebo_system.cpp:[m[K In member function ‘[01m[Kbool gazebo_ros2_control::GazeboSystem::extractPIDFromParameters(const string&, const string&, control_toolbox::Pid&)[m[K’:
[13.087s] [01m[K/home/mampane/Desktop/machine_tending_robot/ros2_kortex_ws/src/gazebo_ros2_control/gazebo_ros2_control/src/gazebo_system.cpp:317:62:[m[K [01;35m[Kwarning: [m[K‘[01m[Kantiwindup[m[K’ may be used uninitialized in this function [[01;35m[K]8;;https://gcc.gnu.org/onlinedocs/gcc/Warning-Options.html#index-Wmaybe-uninitialized-Wmaybe-uninitialized]8;;[m[K]
[13.087s]   317 |                       << "antiwindup =" << std::boolalpha << [01;35m[Kantiwindup[m[K << " from node parameters");
[13.087s]       |                                                              [01;35m[K^~~~~~~~~~[m[K
[16.071s] [ 75%] [32m[1mLinking CXX shared library libgazebo_hardware_plugins.so[0m
[16.408s] [ 75%] Built target gazebo_hardware_plugins
[17.437s] [100%] [32m[1mLinking CXX shared library libgazebo_ros2_control.so[0m
[17.798s] [100%] Built target gazebo_ros2_control
[17.809s] Invoked command in '/home/mampane/Desktop/machine_tending_robot/ros2_kortex_ws/build/gazebo_ros2_control' returned '0': AMENT_PREFIX_PATH=/home/mampane/Desktop/machine_tending_robot/ros2_kortex_ws/install/controller_manager:/home/mampane/Desktop/machine_tending_robot/ros2_kortex_ws/install/hardware_interface_testing:/home/mampane/Desktop/machine_tending_robot/ros2_kortex_ws/install/controller_interface:/home/mampane/Desktop/machine_tending_robot/ros2_kortex_ws/install/hardware_interface:/home/mampane/Desktop/machine_tending_robot/ros2_kortex_ws/install/ros2_control_test_assets:/home/mampane/Desktop/machine_tending_robot/ros2_kortex_ws/install/realtime_tools:/home/mampane/Desktop/machine_tending_robot/ros2_kortex_ws/install/controller_manager_msgs:/home/mampane/Desktop/machine_tending_robot/ros2_kortex_ws/install/control_msgs:${AMENT_PREFIX_PATH} CMAKE_PREFIX_PATH=/home/mampane/Desktop/machine_tending_robot/ros2_kortex_ws/install/controller_manager:/home/mampane/Desktop/machine_tending_robot/ros2_kortex_ws/install/hardware_interface_testing:/home/mampane/Desktop/machine_tending_robot/ros2_kortex_ws/install/controller_interface:/home/mampane/Desktop/machine_tending_robot/ros2_kortex_ws/install/hardware_interface:/home/mampane/Desktop/machine_tending_robot/ros2_kortex_ws/install/ros2_control_test_assets:/home/mampane/Desktop/machine_tending_robot/ros2_kortex_ws/install/realtime_tools:/home/mampane/Desktop/machine_tending_robot/ros2_kortex_ws/install/controller_manager_msgs:/home/mampane/Desktop/machine_tending_robot/ros2_kortex_ws/install/control_msgs:/home/mampane/Desktop/machine_tending_robot/workspace/ros2_kortex_ws/install/kortex_bringup:/home/mampane/Desktop/machine_tending_robot/workspace/ros2_kortex_ws/install/kinova_gen3_lite_moveit_config:/home/mampane/Desktop/machine_tending_robot/workspace/ros2_kortex_ws/install/kinova_gen3_7dof_robotiq_2f_85_moveit_config:/home/mampane/Desktop/machine_tending_robot/workspace/ros2_kortex_ws/install/kinova_gen3_6dof_robotiq_2f_85_moveit_config:/home/mampane/Desktop/machine_tending_robot/workspace/ros2_kortex_ws/install/kortex_description:/home/mampane/Desktop/machine_tending_robot/workspace/ros2_kortex_ws/install/robotiq_description:/home/mampane/Desktop/machine_tending_robot/workspace/ros2_kortex_ws/install/ros2_controllers:/home/mampane/Desktop/machine_tending_robot/workspace/ros2_kortex_ws/install/ign_ros2_control_demos:/home/mampane/Desktop/machine_tending_robot/workspace/ros2_kortex_ws/install/gazebo_ros2_control_demos:/home/mampane/Desktop/machine_tending_robot/workspace/ros2_kortex_ws/install/velocity_controllers:/home/mampane/Desktop/machine_tending_robot/workspace/ros2_kortex_ws/install/tricycle_steering_controller:/home/mampane/Desktop/machine_tending_robot/workspace/ros2_kortex_ws/install/tricycle_controller:/home/mampane/Desktop/machine_tending_robot/workspace/ros2_kortex_ws/install/ros2_control:/home/mampane/Desktop/machine_tending_robot/workspace/ros2_kortex_ws/install/transmission_interface:/home/mampane/Desktop/machine_tending_robot/workspace/ros2_kortex_ws/install/test_ros_gz_bridge:/home/mampane/Desktop/machine_tending_robot/workspace/ros2_kortex_ws/install/bicycle_steering_controller:/home/mampane/Desktop/machine_tending_robot/workspace/ros2_kortex_ws/install/ackermann_steering_controller:/home/mampane/Desktop/machine_tending_robot/workspace/ros2_kortex_ws/install/steering_controllers_library:/home/mampane/Desktop/machine_tending_robot/workspace/ros2_kortex_ws/install/robotiq_hardware_tests:/home/mampane/Desktop/machine_tending_robot/workspace/ros2_kortex_ws/install/robotiq_driver:/home/mampane/Desktop/machine_tending_robot/workspace/ros2_kortex_ws/install/serial:/home/mampane/Desktop/machine_tending_robot/workspace/ros2_kortex_ws/install/ros_ign_interfaces:/home/mampane/Desktop/machine_tending_robot/workspace/ros2_kortex_ws/install/ros_ign:/home/mampane/Desktop/machine_tending_robot/workspace/ros2_kortex_ws/install/ros_ign_image:/home/mampane/Desktop/machine_tending_robot/workspace/ros2_kortex_ws/install/ros_ign_gazebo_demos:/home/mampane/Desktop/machine_tending_robot/workspace/ros2_kortex_ws/install/gz_ros2_control_tests:/home/mampane/Desktop/machine_tending_robot/workspace/ros2_kortex_ws/install/ros_ign_gazebo:/home/mampane/Desktop/machine_tending_robot/workspace/ros2_kortex_ws/install/ros_ign_bridge:/home/mampane/Desktop/machine_tending_robot/workspace/ros2_kortex_ws/install/ros_gz:/home/mampane/Desktop/machine_tending_robot/workspace/ros2_kortex_ws/install/ros_gz_sim_demos:/home/mampane/Desktop/machine_tending_robot/workspace/ros2_kortex_ws/install/ros_gz_sim:/home/mampane/Desktop/machine_tending_robot/workspace/ros2_kortex_ws/install/ros_gz_image:/home/mampane/Desktop/machine_tending_robot/workspace/ros2_kortex_ws/install/ros_gz_bridge:/home/mampane/Desktop/machine_tending_robot/workspace/ros2_kortex_ws/install/ros_gz_interfaces:/home/mampane/Desktop/machine_tending_robot/workspace/ros2_kortex_ws/install/ign_ros2_control:/home/mampane/Desktop/machine_tending_robot/workspace/ros2_kortex_ws/install/hardware_interface_testing:/home/mampane/Desktop/machine_tending_robot/workspace/ros2_kortex_ws/install/gazebo_ros2_control:/home/mampane/Desktop/machine_tending_robot/workspace/ros2_kortex_ws/install/controller_manager:/home/mampane/Desktop/machine_tending_robot/workspace/ros2_kortex_ws/install/ros2_control_test_assets:/home/mampane/Desktop/machine_tending_robot/workspace/ros2_kortex_ws/install/robotiq_controllers:/home/mampane/Desktop/machine_tending_robot/workspace/ros2_kortex_ws/install/range_sensor_broadcaster:/home/mampane/Desktop/machine_tending_robot/workspace/ros2_kortex_ws/install/position_controllers:/home/mampane/Desktop/machine_tending_robot/workspace/ros2_kortex_ws/install/pose_broadcaster:/home/mampane/Desktop/machine_tending_robot/workspace/ros2_kortex_ws/install/pid_controller:/home/mampane/Desktop/machine_tending_robot/workspace/ros2_kortex_ws/install/picknik_twist_controller:/home/mampane/Desktop/machine_tending_robot/workspace/ros2_kortex_ws/install/picknik_reset_fault_controller:/home/mampane/Desktop/machine_tending_robot/workspace/ros2_kortex_ws/install/mecanum_drive_controller:/home/mampane/Desktop/machine_tending_robot/workspace/ros2_kortex_ws/install/joint_trajectory_controller:/home/mampane/Desktop/machine_tending_robot/workspace/ros2_kortex_ws/install/joint_state_broadcaster:/home/mampane/Desktop/machine_tending_robot/workspace/ros2_kortex_ws/install/imu_sensor_broadcaster:/home/mampane/Desktop/machine_tending_robot/workspace/ros2_kortex_ws/install/gripper_controllers:/home/mampane/Desktop/machine_tending_robot/workspace/ros2_kortex_ws/install/gpio_controllers:/home/mampane/Desktop/machine_tending_robot/workspace/ros2_kortex_ws/install/effort_controllers:/home/mampane/Desktop/machine_tending_robot/workspace/ros2_kortex_ws/install/forward_command_controller:/home/mampane/Desktop/machine_tending_robot/workspace/ros2_kortex_ws/install/force_torque_sensor_broadcaster:/home/mampane/Desktop/machine_tending_robot/workspace/ros2_kortex_ws/install/diff_drive_controller:/home/mampane/Desktop/machine_tending_robot/workspace/ros2_kortex_ws/install/admittance_controller:/home/mampane/Desktop/machine_tending_robot/workspace/ros2_kortex_ws/install/realtime_tools:/home/mampane/Desktop/machine_tending_robot/workspace/ros2_kortex_ws/install/kortex_driver:/home/mampane/Desktop/machine_tending_robot/workspace/ros2_kortex_ws/install/kortex_api:/home/mampane/Desktop/machine_tending_robot/workspace/ros2_kortex_ws/install/joint_limits:/home/mampane/Desktop/machine_tending_robot/workspace/ros2_kortex_ws/install/controller_interface:/home/mampane/Desktop/machine_tending_robot/workspace/ros2_kortex_ws/install/hardware_interface:/home/mampane/Desktop/machine_tending_robot/workspace/ros2_kortex_ws/install/controller_manager_msgs:/home/mampane/Desktop/machine_tending_robot/workspace/ros2_kortex_ws/install/control_msgs:/home/mampane/Desktop/machine_tending_robot/workspace/ros2_kortex_ws/install/rqt_joint_trajectory_controller:/home/mampane/Desktop/machine_tending_robot/workspace/ros2_kortex_ws/install/rqt_controller_manager:/home/mampane/Desktop/machine_tending_robot/workspace/ros2_kortex_ws/install/ros2controlcli:/home/mampane/Desktop/machine_tending_robot/workspace/ros2_kortex_ws/install/ros2_controllers_test_nodes:/opt/ros/humble LD_LIBRARY_PATH=/home/mampane/Desktop/machine_tending_robot/ros2_kortex_ws/install/controller_manager/lib:/home/mampane/Desktop/machine_tending_robot/ros2_kortex_ws/install/hardware_interface_testing/lib:/home/mampane/Desktop/machine_tending_robot/ros2_kortex_ws/install/controller_interface/lib:/home/mampane/Desktop/machine_tending_robot/ros2_kortex_ws/install/hardware_interface/lib:/home/mampane/Desktop/machine_tending_robot/ros2_kortex_ws/install/realtime_tools/lib:/home/mampane/Desktop/machine_tending_robot/ros2_kortex_ws/install/controller_manager_msgs/lib:/home/mampane/Desktop/machine_tending_robot/ros2_kortex_ws/install/control_msgs/lib:${LD_LIBRARY_PATH} PYTHONPATH=/home/mampane/Desktop/machine_tending_robot/ros2_kortex_ws/install/controller_manager/local/lib/python3.10/dist-packages:/home/mampane/Desktop/machine_tending_robot/ros2_kortex_ws/install/controller_manager_msgs/local/lib/python3.10/dist-packages:/home/mampane/Desktop/machine_tending_robot/ros2_kortex_ws/install/control_msgs/local/lib/python3.10/dist-packages:${PYTHONPATH} /usr/bin/cmake --build /home/mampane/Desktop/machine_tending_robot/ros2_kortex_ws/build/gazebo_ros2_control -- -j20 -l20
[17.810s] Invoking command in '/home/mampane/Desktop/machine_tending_robot/ros2_kortex_ws/build/gazebo_ros2_control': AMENT_PREFIX_PATH=/home/mampane/Desktop/machine_tending_robot/ros2_kortex_ws/install/controller_manager:/home/mampane/Desktop/machine_tending_robot/ros2_kortex_ws/install/hardware_interface_testing:/home/mampane/Desktop/machine_tending_robot/ros2_kortex_ws/install/controller_interface:/home/mampane/Desktop/machine_tending_robot/ros2_kortex_ws/install/hardware_interface:/home/mampane/Desktop/machine_tending_robot/ros2_kortex_ws/install/ros2_control_test_assets:/home/mampane/Desktop/machine_tending_robot/ros2_kortex_ws/install/realtime_tools:/home/mampane/Desktop/machine_tending_robot/ros2_kortex_ws/install/controller_manager_msgs:/home/mampane/Desktop/machine_tending_robot/ros2_kortex_ws/install/control_msgs:${AMENT_PREFIX_PATH} CMAKE_PREFIX_PATH=/home/mampane/Desktop/machine_tending_robot/ros2_kortex_ws/install/controller_manager:/home/mampane/Desktop/machine_tending_robot/ros2_kortex_ws/install/hardware_interface_testing:/home/mampane/Desktop/machine_tending_robot/ros2_kortex_ws/install/controller_interface:/home/mampane/Desktop/machine_tending_robot/ros2_kortex_ws/install/hardware_interface:/home/mampane/Desktop/machine_tending_robot/ros2_kortex_ws/install/ros2_control_test_assets:/home/mampane/Desktop/machine_tending_robot/ros2_kortex_ws/install/realtime_tools:/home/mampane/Desktop/machine_tending_robot/ros2_kortex_ws/install/controller_manager_msgs:/home/mampane/Desktop/machine_tending_robot/ros2_kortex_ws/install/control_msgs:/home/mampane/Desktop/machine_tending_robot/workspace/ros2_kortex_ws/install/kortex_bringup:/home/mampane/Desktop/machine_tending_robot/workspace/ros2_kortex_ws/install/kinova_gen3_lite_moveit_config:/home/mampane/Desktop/machine_tending_robot/workspace/ros2_kortex_ws/install/kinova_gen3_7dof_robotiq_2f_85_moveit_config:/home/mampane/Desktop/machine_tending_robot/workspace/ros2_kortex_ws/install/kinova_gen3_6dof_robotiq_2f_85_moveit_config:/home/mampane/Desktop/machine_tending_robot/workspace/ros2_kortex_ws/install/kortex_description:/home/mampane/Desktop/machine_tending_robot/workspace/ros2_kortex_ws/install/robotiq_description:/home/mampane/Desktop/machine_tending_robot/workspace/ros2_kortex_ws/install/ros2_controllers:/home/mampane/Desktop/machine_tending_robot/workspace/ros2_kortex_ws/install/ign_ros2_control_demos:/home/mampane/Desktop/machine_tending_robot/workspace/ros2_kortex_ws/install/gazebo_ros2_control_demos:/home/mampane/Desktop/machine_tending_robot/workspace/ros2_kortex_ws/install/velocity_controllers:/home/mampane/Desktop/machine_tending_robot/workspace/ros2_kortex_ws/install/tricycle_steering_controller:/home/mampane/Desktop/machine_tending_robot/workspace/ros2_kortex_ws/install/tricycle_controller:/home/mampane/Desktop/machine_tending_robot/workspace/ros2_kortex_ws/install/ros2_control:/home/mampane/Desktop/machine_tending_robot/workspace/ros2_kortex_ws/install/transmission_interface:/home/mampane/Desktop/machine_tending_robot/workspace/ros2_kortex_ws/install/test_ros_gz_bridge:/home/mampane/Desktop/machine_tending_robot/workspace/ros2_kortex_ws/install/bicycle_steering_controller:/home/mampane/Desktop/machine_tending_robot/workspace/ros2_kortex_ws/install/ackermann_steering_controller:/home/mampane/Desktop/machine_tending_robot/workspace/ros2_kortex_ws/install/steering_controllers_library:/home/mampane/Desktop/machine_tending_robot/workspace/ros2_kortex_ws/install/robotiq_hardware_tests:/home/mampane/Desktop/machine_tending_robot/workspace/ros2_kortex_ws/install/robotiq_driver:/home/mampane/Desktop/machine_tending_robot/workspace/ros2_kortex_ws/install/serial:/home/mampane/Desktop/machine_tending_robot/workspace/ros2_kortex_ws/install/ros_ign_interfaces:/home/mampane/Desktop/machine_tending_robot/workspace/ros2_kortex_ws/install/ros_ign:/home/mampane/Desktop/machine_tending_robot/workspace/ros2_kortex_ws/install/ros_ign_image:/home/mampane/Desktop/machine_tending_robot/workspace/ros2_kortex_ws/install/ros_ign_gazebo_demos:/home/mampane/Desktop/machine_tending_robot/workspace/ros2_kortex_ws/install/gz_ros2_control_tests:/home/mampane/Desktop/machine_tending_robot/workspace/ros2_kortex_ws/install/ros_ign_gazebo:/home/mampane/Desktop/machine_tending_robot/workspace/ros2_kortex_ws/install/ros_ign_bridge:/home/mampane/Desktop/machine_tending_robot/workspace/ros2_kortex_ws/install/ros_gz:/home/mampane/Desktop/machine_tending_robot/workspace/ros2_kortex_ws/install/ros_gz_sim_demos:/home/mampane/Desktop/machine_tending_robot/workspace/ros2_kortex_ws/install/ros_gz_sim:/home/mampane/Desktop/machine_tending_robot/workspace/ros2_kortex_ws/install/ros_gz_image:/home/mampane/Desktop/machine_tending_robot/workspace/ros2_kortex_ws/install/ros_gz_bridge:/home/mampane/Desktop/machine_tending_robot/workspace/ros2_kortex_ws/install/ros_gz_interfaces:/home/mampane/Desktop/machine_tending_robot/workspace/ros2_kortex_ws/install/ign_ros2_control:/home/mampane/Desktop/machine_tending_robot/workspace/ros2_kortex_ws/install/hardware_interface_testing:/home/mampane/Desktop/machine_tending_robot/workspace/ros2_kortex_ws/install/gazebo_ros2_control:/home/mampane/Desktop/machine_tending_robot/workspace/ros2_kortex_ws/install/controller_manager:/home/mampane/Desktop/machine_tending_robot/workspace/ros2_kortex_ws/install/ros2_control_test_assets:/home/mampane/Desktop/machine_tending_robot/workspace/ros2_kortex_ws/install/robotiq_controllers:/home/mampane/Desktop/machine_tending_robot/workspace/ros2_kortex_ws/install/range_sensor_broadcaster:/home/mampane/Desktop/machine_tending_robot/workspace/ros2_kortex_ws/install/position_controllers:/home/mampane/Desktop/machine_tending_robot/workspace/ros2_kortex_ws/install/pose_broadcaster:/home/mampane/Desktop/machine_tending_robot/workspace/ros2_kortex_ws/install/pid_controller:/home/mampane/Desktop/machine_tending_robot/workspace/ros2_kortex_ws/install/picknik_twist_controller:/home/mampane/Desktop/machine_tending_robot/workspace/ros2_kortex_ws/install/picknik_reset_fault_controller:/home/mampane/Desktop/machine_tending_robot/workspace/ros2_kortex_ws/install/mecanum_drive_controller:/home/mampane/Desktop/machine_tending_robot/workspace/ros2_kortex_ws/install/joint_trajectory_controller:/home/mampane/Desktop/machine_tending_robot/workspace/ros2_kortex_ws/install/joint_state_broadcaster:/home/mampane/Desktop/machine_tending_robot/workspace/ros2_kortex_ws/install/imu_sensor_broadcaster:/home/mampane/Desktop/machine_tending_robot/workspace/ros2_kortex_ws/install/gripper_controllers:/home/mampane/Desktop/machine_tending_robot/workspace/ros2_kortex_ws/install/gpio_controllers:/home/mampane/Desktop/machine_tending_robot/workspace/ros2_kortex_ws/install/effort_controllers:/home/mampane/Desktop/machine_tending_robot/workspace/ros2_kortex_ws/install/forward_command_controller:/home/mampane/Desktop/machine_tending_robot/workspace/ros2_kortex_ws/install/force_torque_sensor_broadcaster:/home/mampane/Desktop/machine_tending_robot/workspace/ros2_kortex_ws/install/diff_drive_controller:/home/mampane/Desktop/machine_tending_robot/workspace/ros2_kortex_ws/install/admittance_controller:/home/mampane/Desktop/machine_tending_robot/workspace/ros2_kortex_ws/install/realtime_tools:/home/mampane/Desktop/machine_tending_robot/workspace/ros2_kortex_ws/install/kortex_driver:/home/mampane/Desktop/machine_tending_robot/workspace/ros2_kortex_ws/install/kortex_api:/home/mampane/Desktop/machine_tending_robot/workspace/ros2_kortex_ws/install/joint_limits:/home/mampane/Desktop/machine_tending_robot/workspace/ros2_kortex_ws/install/controller_interface:/home/mampane/Desktop/machine_tending_robot/workspace/ros2_kortex_ws/install/hardware_interface:/home/mampane/Desktop/machine_tending_robot/workspace/ros2_kortex_ws/install/controller_manager_msgs:/home/mampane/Desktop/machine_tending_robot/workspace/ros2_kortex_ws/install/control_msgs:/home/mampane/Desktop/machine_tending_robot/workspace/ros2_kortex_ws/install/rqt_joint_trajectory_controller:/home/mampane/Desktop/machine_tending_robot/workspace/ros2_kortex_ws/install/rqt_controller_manager:/home/mampane/Desktop/machine_tending_robot/workspace/ros2_kortex_ws/install/ros2controlcli:/home/mampane/Desktop/machine_tending_robot/workspace/ros2_kortex_ws/install/ros2_controllers_test_nodes:/opt/ros/humble LD_LIBRARY_PATH=/home/mampane/Desktop/machine_tending_robot/ros2_kortex_ws/install/controller_manager/lib:/home/mampane/Desktop/machine_tending_robot/ros2_kortex_ws/install/hardware_interface_testing/lib:/home/mampane/Desktop/machine_tending_robot/ros2_kortex_ws/install/controller_interface/lib:/home/mampane/Desktop/machine_tending_robot/ros2_kortex_ws/install/hardware_interface/lib:/home/mampane/Desktop/machine_tending_robot/ros2_kortex_ws/install/realtime_tools/lib:/home/mampane/Desktop/machine_tending_robot/ros2_kortex_ws/install/controller_manager_msgs/lib:/home/mampane/Desktop/machine_tending_robot/ros2_kortex_ws/install/control_msgs/lib:${LD_LIBRARY_PATH} PYTHONPATH=/home/mampane/Desktop/machine_tending_robot/ros2_kortex_ws/install/controller_manager/local/lib/python3.10/dist-packages:/home/mampane/Desktop/machine_tending_robot/ros2_kortex_ws/install/controller_manager_msgs/local/lib/python3.10/dist-packages:/home/mampane/Desktop/machine_tending_robot/ros2_kortex_ws/install/control_msgs/local/lib/python3.10/dist-packages:${PYTHONPATH} /usr/bin/cmake --install /home/mampane/Desktop/machine_tending_robot/ros2_kortex_ws/build/gazebo_ros2_control
[17.819s] -- Install configuration: "Release"
[17.819s] -- Installing: /home/mampane/Desktop/machine_tending_robot/ros2_kortex_ws/install/gazebo_ros2_control/lib/libgazebo_ros2_control.so
[17.819s] -- Set runtime path of "/home/mampane/Desktop/machine_tending_robot/ros2_kortex_ws/install/gazebo_ros2_control/lib/libgazebo_ros2_control.so" to ""
[17.819s] -- Installing: /home/mampane/Desktop/machine_tending_robot/ros2_kortex_ws/install/gazebo_ros2_control/lib/libgazebo_hardware_plugins.so
[17.820s] -- Set runtime path of "/home/mampane/Desktop/machine_tending_robot/ros2_kortex_ws/install/gazebo_ros2_control/lib/libgazebo_hardware_plugins.so" to ""
[17.820s] -- Installing: /home/mampane/Desktop/machine_tending_robot/ros2_kortex_ws/install/gazebo_ros2_control/share/gazebo_ros2_control/environment/library_path.sh
[17.820s] -- Installing: /home/mampane/Desktop/machine_tending_robot/ros2_kortex_ws/install/gazebo_ros2_control/share/gazebo_ros2_control/environment/library_path.dsv
[17.820s] -- Installing: /home/mampane/Desktop/machine_tending_robot/ros2_kortex_ws/install/gazebo_ros2_control/include/gazebo_ros2_control
[17.820s] -- Installing: /home/mampane/Desktop/machine_tending_robot/ros2_kortex_ws/install/gazebo_ros2_control/include/gazebo_ros2_control/gazebo_system.hpp
[17.820s] -- Installing: /home/mampane/Desktop/machine_tending_robot/ros2_kortex_ws/install/gazebo_ros2_control/include/gazebo_ros2_control/gazebo_system_interface.hpp
[17.820s] -- Installing: /home/mampane/Desktop/machine_tending_robot/ros2_kortex_ws/install/gazebo_ros2_control/include/gazebo_ros2_control/gazebo_ros2_control_plugin.hpp
[17.820s] -- Installing: /home/mampane/Desktop/machine_tending_robot/ros2_kortex_ws/install/gazebo_ros2_control/share/gazebo_ros2_control/gazebo_hardware_plugins.xml
[17.820s] -- Installing: /home/mampane/Desktop/machine_tending_robot/ros2_kortex_ws/install/gazebo_ros2_control/share/ament_index/resource_index/package_run_dependencies/gazebo_ros2_control
[17.820s] -- Installing: /home/mampane/Desktop/machine_tending_robot/ros2_kortex_ws/install/gazebo_ros2_control/share/ament_index/resource_index/parent_prefix_path/gazebo_ros2_control
[17.820s] -- Installing: /home/mampane/Desktop/machine_tending_robot/ros2_kortex_ws/install/gazebo_ros2_control/share/gazebo_ros2_control/environment/ament_prefix_path.sh
[17.821s] -- Installing: /home/mampane/Desktop/machine_tending_robot/ros2_kortex_ws/install/gazebo_ros2_control/share/gazebo_ros2_control/environment/ament_prefix_path.dsv
[17.821s] -- Installing: /home/mampane/Desktop/machine_tending_robot/ros2_kortex_ws/install/gazebo_ros2_control/share/gazebo_ros2_control/environment/path.sh
[17.821s] -- Installing: /home/mampane/Desktop/machine_tending_robot/ros2_kortex_ws/install/gazebo_ros2_control/share/gazebo_ros2_control/environment/path.dsv
[17.821s] -- Installing: /home/mampane/Desktop/machine_tending_robot/ros2_kortex_ws/install/gazebo_ros2_control/share/gazebo_ros2_control/local_setup.bash
[17.821s] -- Installing: /home/mampane/Desktop/machine_tending_robot/ros2_kortex_ws/install/gazebo_ros2_control/share/gazebo_ros2_control/local_setup.sh
[17.821s] -- Installing: /home/mampane/Desktop/machine_tending_robot/ros2_kortex_ws/install/gazebo_ros2_control/share/gazebo_ros2_control/local_setup.zsh
[17.821s] -- Installing: /home/mampane/Desktop/machine_tending_robot/ros2_kortex_ws/install/gazebo_ros2_control/share/gazebo_ros2_control/local_setup.dsv
[17.821s] -- Installing: /home/mampane/Desktop/machine_tending_robot/ros2_kortex_ws/install/gazebo_ros2_control/share/gazebo_ros2_control/package.dsv
[17.821s] -- Installing: /home/mampane/Desktop/machine_tending_robot/ros2_kortex_ws/install/gazebo_ros2_control/share/ament_index/resource_index/packages/gazebo_ros2_control
[17.821s] -- Installing: /home/mampane/Desktop/machine_tending_robot/ros2_kortex_ws/install/gazebo_ros2_control/share/ament_index/resource_index/gazebo_ros2_control__pluginlib__plugin/gazebo_ros2_control
[17.821s] -- Installing: /home/mampane/Desktop/machine_tending_robot/ros2_kortex_ws/install/gazebo_ros2_control/share/gazebo_ros2_control/cmake/ament_cmake_export_include_directories-extras.cmake
[17.821s] -- Installing: /home/mampane/Desktop/machine_tending_robot/ros2_kortex_ws/install/gazebo_ros2_control/share/gazebo_ros2_control/cmake/ament_cmake_export_dependencies-extras.cmake
[17.821s] -- Installing: /home/mampane/Desktop/machine_tending_robot/ros2_kortex_ws/install/gazebo_ros2_control/share/gazebo_ros2_control/cmake/ament_cmake_export_libraries-extras.cmake
[17.821s] -- Installing: /home/mampane/Desktop/machine_tending_robot/ros2_kortex_ws/install/gazebo_ros2_control/share/gazebo_ros2_control/cmake/gazebo_ros2_controlConfig.cmake
[17.822s] -- Installing: /home/mampane/Desktop/machine_tending_robot/ros2_kortex_ws/install/gazebo_ros2_control/share/gazebo_ros2_control/cmake/gazebo_ros2_controlConfig-version.cmake
[17.822s] -- Installing: /home/mampane/Desktop/machine_tending_robot/ros2_kortex_ws/install/gazebo_ros2_control/share/gazebo_ros2_control/package.xml
[17.823s] Invoked command in '/home/mampane/Desktop/machine_tending_robot/ros2_kortex_ws/build/gazebo_ros2_control' returned '0': AMENT_PREFIX_PATH=/home/mampane/Desktop/machine_tending_robot/ros2_kortex_ws/install/controller_manager:/home/mampane/Desktop/machine_tending_robot/ros2_kortex_ws/install/hardware_interface_testing:/home/mampane/Desktop/machine_tending_robot/ros2_kortex_ws/install/controller_interface:/home/mampane/Desktop/machine_tending_robot/ros2_kortex_ws/install/hardware_interface:/home/mampane/Desktop/machine_tending_robot/ros2_kortex_ws/install/ros2_control_test_assets:/home/mampane/Desktop/machine_tending_robot/ros2_kortex_ws/install/realtime_tools:/home/mampane/Desktop/machine_tending_robot/ros2_kortex_ws/install/controller_manager_msgs:/home/mampane/Desktop/machine_tending_robot/ros2_kortex_ws/install/control_msgs:${AMENT_PREFIX_PATH} CMAKE_PREFIX_PATH=/home/mampane/Desktop/machine_tending_robot/ros2_kortex_ws/install/controller_manager:/home/mampane/Desktop/machine_tending_robot/ros2_kortex_ws/install/hardware_interface_testing:/home/mampane/Desktop/machine_tending_robot/ros2_kortex_ws/install/controller_interface:/home/mampane/Desktop/machine_tending_robot/ros2_kortex_ws/install/hardware_interface:/home/mampane/Desktop/machine_tending_robot/ros2_kortex_ws/install/ros2_control_test_assets:/home/mampane/Desktop/machine_tending_robot/ros2_kortex_ws/install/realtime_tools:/home/mampane/Desktop/machine_tending_robot/ros2_kortex_ws/install/controller_manager_msgs:/home/mampane/Desktop/machine_tending_robot/ros2_kortex_ws/install/control_msgs:/home/mampane/Desktop/machine_tending_robot/workspace/ros2_kortex_ws/install/kortex_bringup:/home/mampane/Desktop/machine_tending_robot/workspace/ros2_kortex_ws/install/kinova_gen3_lite_moveit_config:/home/mampane/Desktop/machine_tending_robot/workspace/ros2_kortex_ws/install/kinova_gen3_7dof_robotiq_2f_85_moveit_config:/home/mampane/Desktop/machine_tending_robot/workspace/ros2_kortex_ws/install/kinova_gen3_6dof_robotiq_2f_85_moveit_config:/home/mampane/Desktop/machine_tending_robot/workspace/ros2_kortex_ws/install/kortex_description:/home/mampane/Desktop/machine_tending_robot/workspace/ros2_kortex_ws/install/robotiq_description:/home/mampane/Desktop/machine_tending_robot/workspace/ros2_kortex_ws/install/ros2_controllers:/home/mampane/Desktop/machine_tending_robot/workspace/ros2_kortex_ws/install/ign_ros2_control_demos:/home/mampane/Desktop/machine_tending_robot/workspace/ros2_kortex_ws/install/gazebo_ros2_control_demos:/home/mampane/Desktop/machine_tending_robot/workspace/ros2_kortex_ws/install/velocity_controllers:/home/mampane/Desktop/machine_tending_robot/workspace/ros2_kortex_ws/install/tricycle_steering_controller:/home/mampane/Desktop/machine_tending_robot/workspace/ros2_kortex_ws/install/tricycle_controller:/home/mampane/Desktop/machine_tending_robot/workspace/ros2_kortex_ws/install/ros2_control:/home/mampane/Desktop/machine_tending_robot/workspace/ros2_kortex_ws/install/transmission_interface:/home/mampane/Desktop/machine_tending_robot/workspace/ros2_kortex_ws/install/test_ros_gz_bridge:/home/mampane/Desktop/machine_tending_robot/workspace/ros2_kortex_ws/install/bicycle_steering_controller:/home/mampane/Desktop/machine_tending_robot/workspace/ros2_kortex_ws/install/ackermann_steering_controller:/home/mampane/Desktop/machine_tending_robot/workspace/ros2_kortex_ws/install/steering_controllers_library:/home/mampane/Desktop/machine_tending_robot/workspace/ros2_kortex_ws/install/robotiq_hardware_tests:/home/mampane/Desktop/machine_tending_robot/workspace/ros2_kortex_ws/install/robotiq_driver:/home/mampane/Desktop/machine_tending_robot/workspace/ros2_kortex_ws/install/serial:/home/mampane/Desktop/machine_tending_robot/workspace/ros2_kortex_ws/install/ros_ign_interfaces:/home/mampane/Desktop/machine_tending_robot/workspace/ros2_kortex_ws/install/ros_ign:/home/mampane/Desktop/machine_tending_robot/workspace/ros2_kortex_ws/install/ros_ign_image:/home/mampane/Desktop/machine_tending_robot/workspace/ros2_kortex_ws/install/ros_ign_gazebo_demos:/home/mampane/Desktop/machine_tending_robot/workspace/ros2_kortex_ws/install/gz_ros2_control_tests:/home/mampane/Desktop/machine_tending_robot/workspace/ros2_kortex_ws/install/ros_ign_gazebo:/home/mampane/Desktop/machine_tending_robot/workspace/ros2_kortex_ws/install/ros_ign_bridge:/home/mampane/Desktop/machine_tending_robot/workspace/ros2_kortex_ws/install/ros_gz:/home/mampane/Desktop/machine_tending_robot/workspace/ros2_kortex_ws/install/ros_gz_sim_demos:/home/mampane/Desktop/machine_tending_robot/workspace/ros2_kortex_ws/install/ros_gz_sim:/home/mampane/Desktop/machine_tending_robot/workspace/ros2_kortex_ws/install/ros_gz_image:/home/mampane/Desktop/machine_tending_robot/workspace/ros2_kortex_ws/install/ros_gz_bridge:/home/mampane/Desktop/machine_tending_robot/workspace/ros2_kortex_ws/install/ros_gz_interfaces:/home/mampane/Desktop/machine_tending_robot/workspace/ros2_kortex_ws/install/ign_ros2_control:/home/mampane/Desktop/machine_tending_robot/workspace/ros2_kortex_ws/install/hardware_interface_testing:/home/mampane/Desktop/machine_tending_robot/workspace/ros2_kortex_ws/install/gazebo_ros2_control:/home/mampane/Desktop/machine_tending_robot/workspace/ros2_kortex_ws/install/controller_manager:/home/mampane/Desktop/machine_tending_robot/workspace/ros2_kortex_ws/install/ros2_control_test_assets:/home/mampane/Desktop/machine_tending_robot/workspace/ros2_kortex_ws/install/robotiq_controllers:/home/mampane/Desktop/machine_tending_robot/workspace/ros2_kortex_ws/install/range_sensor_broadcaster:/home/mampane/Desktop/machine_tending_robot/workspace/ros2_kortex_ws/install/position_controllers:/home/mampane/Desktop/machine_tending_robot/workspace/ros2_kortex_ws/install/pose_broadcaster:/home/mampane/Desktop/machine_tending_robot/workspace/ros2_kortex_ws/install/pid_controller:/home/mampane/Desktop/machine_tending_robot/workspace/ros2_kortex_ws/install/picknik_twist_controller:/home/mampane/Desktop/machine_tending_robot/workspace/ros2_kortex_ws/install/picknik_reset_fault_controller:/home/mampane/Desktop/machine_tending_robot/workspace/ros2_kortex_ws/install/mecanum_drive_controller:/home/mampane/Desktop/machine_tending_robot/workspace/ros2_kortex_ws/install/joint_trajectory_controller:/home/mampane/Desktop/machine_tending_robot/workspace/ros2_kortex_ws/install/joint_state_broadcaster:/home/mampane/Desktop/machine_tending_robot/workspace/ros2_kortex_ws/install/imu_sensor_broadcaster:/home/mampane/Desktop/machine_tending_robot/workspace/ros2_kortex_ws/install/gripper_controllers:/home/mampane/Desktop/machine_tending_robot/workspace/ros2_kortex_ws/install/gpio_controllers:/home/mampane/Desktop/machine_tending_robot/workspace/ros2_kortex_ws/install/effort_controllers:/home/mampane/Desktop/machine_tending_robot/workspace/ros2_kortex_ws/install/forward_command_controller:/home/mampane/Desktop/machine_tending_robot/workspace/ros2_kortex_ws/install/force_torque_sensor_broadcaster:/home/mampane/Desktop/machine_tending_robot/workspace/ros2_kortex_ws/install/diff_drive_controller:/home/mampane/Desktop/machine_tending_robot/workspace/ros2_kortex_ws/install/admittance_controller:/home/mampane/Desktop/machine_tending_robot/workspace/ros2_kortex_ws/install/realtime_tools:/home/mampane/Desktop/machine_tending_robot/workspace/ros2_kortex_ws/install/kortex_driver:/home/mampane/Desktop/machine_tending_robot/workspace/ros2_kortex_ws/install/kortex_api:/home/mampane/Desktop/machine_tending_robot/workspace/ros2_kortex_ws/install/joint_limits:/home/mampane/Desktop/machine_tending_robot/workspace/ros2_kortex_ws/install/controller_interface:/home/mampane/Desktop/machine_tending_robot/workspace/ros2_kortex_ws/install/hardware_interface:/home/mampane/Desktop/machine_tending_robot/workspace/ros2_kortex_ws/install/controller_manager_msgs:/home/mampane/Desktop/machine_tending_robot/workspace/ros2_kortex_ws/install/control_msgs:/home/mampane/Desktop/machine_tending_robot/workspace/ros2_kortex_ws/install/rqt_joint_trajectory_controller:/home/mampane/Desktop/machine_tending_robot/workspace/ros2_kortex_ws/install/rqt_controller_manager:/home/mampane/Desktop/machine_tending_robot/workspace/ros2_kortex_ws/install/ros2controlcli:/home/mampane/Desktop/machine_tending_robot/workspace/ros2_kortex_ws/install/ros2_controllers_test_nodes:/opt/ros/humble LD_LIBRARY_PATH=/home/mampane/Desktop/machine_tending_robot/ros2_kortex_ws/install/controller_manager/lib:/home/mampane/Desktop/machine_tending_robot/ros2_kortex_ws/install/hardware_interface_testing/lib:/home/mampane/Desktop/machine_tending_robot/ros2_kortex_ws/install/controller_interface/lib:/home/mampane/Desktop/machine_tending_robot/ros2_kortex_ws/install/hardware_interface/lib:/home/mampane/Desktop/machine_tending_robot/ros2_kortex_ws/install/realtime_tools/lib:/home/mampane/Desktop/machine_tending_robot/ros2_kortex_ws/install/controller_manager_msgs/lib:/home/mampane/Desktop/machine_tending_robot/ros2_kortex_ws/install/control_msgs/lib:${LD_LIBRARY_PATH} PYTHONPATH=/home/mampane/Desktop/machine_tending_robot/ros2_kortex_ws/install/controller_manager/local/lib/python3.10/dist-packages:/home/mampane/Desktop/machine_tending_robot/ros2_kortex_ws/install/controller_manager_msgs/local/lib/python3.10/dist-packages:/home/mampane/Desktop/machine_tending_robot/ros2_kortex_ws/install/control_msgs/local/lib/python3.10/dist-packages:${PYTHONPATH} /usr/bin/cmake --install /home/mampane/Desktop/machine_tending_robot/ros2_kortex_ws/build/gazebo_ros2_control
