[0.021s] Invoking command in '/home/mampane/Desktop/machine_tending_robot/workspace/ros2_kortex_ws/build/ign_ros2_control': AMENT_PREFIX_PATH=/home/mampane/Desktop/machine_tending_robot/workspace/ros2_kortex_ws/install/controller_manager:/home/mampane/Desktop/machine_tending_robot/workspace/ros2_kortex_ws/install/hardware_interface_testing:/home/mampane/Desktop/machine_tending_robot/workspace/ros2_kortex_ws/install/controller_interface:/home/mampane/Desktop/machine_tending_robot/workspace/ros2_kortex_ws/install/hardware_interface:/home/mampane/Desktop/machine_tending_robot/workspace/ros2_kortex_ws/install/ros2_control_test_assets:/home/mampane/Desktop/machine_tending_robot/workspace/ros2_kortex_ws/install/realtime_tools:/home/mampane/Desktop/machine_tending_robot/workspace/ros2_kortex_ws/install/controller_manager_msgs:/home/mampane/Desktop/machine_tending_robot/workspace/ros2_kortex_ws/install/control_msgs:${AMENT_PREFIX_PATH} CMAKE_PREFIX_PATH=/home/mampane/Desktop/machine_tending_robot/workspace/ros2_kortex_ws/install/controller_manager:/home/mampane/Desktop/machine_tending_robot/workspace/ros2_kortex_ws/install/hardware_interface_testing:/home/mampane/Desktop/machine_tending_robot/workspace/ros2_kortex_ws/install/controller_interface:/home/mampane/Desktop/machine_tending_robot/workspace/ros2_kortex_ws/install/hardware_interface:/home/mampane/Desktop/machine_tending_robot/workspace/ros2_kortex_ws/install/ros2_control_test_assets:/home/mampane/Desktop/machine_tending_robot/workspace/ros2_kortex_ws/install/realtime_tools:/home/mampane/Desktop/machine_tending_robot/workspace/ros2_kortex_ws/install/controller_manager_msgs:/home/mampane/Desktop/machine_tending_robot/workspace/ros2_kortex_ws/install/control_msgs:/opt/ros/humble LD_LIBRARY_PATH=/home/mampane/Desktop/machine_tending_robot/workspace/ros2_kortex_ws/install/controller_manager/lib:/home/mampane/Desktop/machine_tending_robot/workspace/ros2_kortex_ws/install/hardware_interface_testing/lib:/home/mampane/Desktop/machine_tending_robot/workspace/ros2_kortex_ws/install/controller_interface/lib:/home/mampane/Desktop/machine_tending_robot/workspace/ros2_kortex_ws/install/hardware_interface/lib:/home/mampane/Desktop/machine_tending_robot/workspace/ros2_kortex_ws/install/realtime_tools/lib:/home/mampane/Desktop/machine_tending_robot/workspace/ros2_kortex_ws/install/controller_manager_msgs/lib:/home/mampane/Desktop/machine_tending_robot/workspace/ros2_kortex_ws/install/control_msgs/lib:${LD_LIBRARY_PATH} PYTHONPATH=/home/mampane/Desktop/machine_tending_robot/workspace/ros2_kortex_ws/install/controller_manager/local/lib/python3.10/dist-packages:/home/mampane/Desktop/machine_tending_robot/workspace/ros2_kortex_ws/install/controller_manager_msgs/local/lib/python3.10/dist-packages:/home/mampane/Desktop/machine_tending_robot/workspace/ros2_kortex_ws/install/control_msgs/local/lib/python3.10/dist-packages:${PYTHONPATH} /usr/bin/cmake /home/mampane/Desktop/machine_tending_robot/workspace/ros2_kortex_ws/src/gz_ros2_control/ign_ros2_control -DCMAKE_BUILD_TYPE=Release -DCMAKE_INSTALL_PREFIX=/home/mampane/Desktop/machine_tending_robot/workspace/ros2_kortex_ws/install/ign_ros2_control
[0.076s] -- The C compiler identification is GNU 11.4.0
[0.133s] -- The CXX compiler identification is GNU 11.4.0
[0.139s] -- Detecting C compiler ABI info
[0.202s] -- Detecting C compiler ABI info - done
[0.211s] -- Check for working C compiler: /usr/bin/cc - skipped
[0.211s] -- Detecting C compile features
[0.211s] -- Detecting C compile features - done
[0.214s] -- Detecting CXX compiler ABI info
[0.288s] -- Detecting CXX compiler ABI info - done
[0.296s] -- Check for working CXX compiler: /usr/bin/c++ - skipped
[0.296s] -- Detecting CXX compile features
[0.296s] -- Detecting CXX compile features - done
[0.299s] -- Found ament_cmake: 1.3.11 (/opt/ros/humble/share/ament_cmake/cmake)
[0.450s] -- Found Python3: /usr/bin/python3 (found version "3.10.12") found components: Interpreter 
[0.534s] -- Found ament_index_cpp: 1.4.0 (/opt/ros/humble/share/ament_index_cpp/cmake)
[0.535s] -- Found controller_manager: 2.48.0 (/home/mampane/Desktop/machine_tending_robot/workspace/ros2_kortex_ws/install/controller_manager/share/controller_manager/cmake)
[0.572s] -- Found rosidl_generator_c: 3.1.6 (/opt/ros/humble/share/rosidl_generator_c/cmake)
[0.577s] -- Found rosidl_adapter: 3.1.6 (/opt/ros/humble/share/rosidl_adapter/cmake)
[0.584s] -- Found rosidl_generator_cpp: 3.1.6 (/opt/ros/humble/share/rosidl_generator_cpp/cmake)
[0.594s] -- Using all available rosidl_typesupport_c: rosidl_typesupport_fastrtps_c;rosidl_typesupport_introspection_c
[0.608s] -- Using all available rosidl_typesupport_cpp: rosidl_typesupport_fastrtps_cpp;rosidl_typesupport_introspection_cpp
[0.772s] -- Found rmw_implementation_cmake: 6.1.2 (/opt/ros/humble/share/rmw_implementation_cmake/cmake)
[0.775s] -- Found rmw_cyclonedds_cpp: 1.3.4 (/opt/ros/humble/share/rmw_cyclonedds_cpp/cmake)
[0.794s] -- Using RMW implementation 'rmw_cyclonedds_cpp' as default
[0.801s] -- Looking for pthread.h
[0.870s] -- Looking for pthread.h - found
[0.870s] -- Performing Test CMAKE_HAVE_LIBC_PTHREAD
[0.937s] -- Performing Test CMAKE_HAVE_LIBC_PTHREAD - Success
[0.938s] -- Found Threads: TRUE  
[1.003s] -- Found yaml_cpp_vendor: 8.0.2 (/opt/ros/humble/share/yaml_cpp_vendor/cmake)
[1.007s] -- Looking for ignition-gazebo6 -- found version 6.17.0
[1.012s] -- Searching for dependencies of ignition-gazebo6
[1.013s] -- Looking for sdformat12 -- found version 12.8.0
[1.013s] -- Searching for dependencies of sdformat12
[1.019s] -- Checking for module 'tinyxml2'
[1.032s] --   Found tinyxml2, version 9.0.0
[1.065s] -- Looking for ignition-math6 -- found version 6.15.1
[1.066s] -- Searching for dependencies of ignition-math6
[1.069s] -- Looking for ignition-utils1 -- found version 1.5.1
[1.069s] -- Searching for dependencies of ignition-utils1
[1.072s] -- Looking for ignition-plugin1 -- found version 1.4.0
[1.072s] -- Searching for dependencies of ignition-plugin1
[1.072s] -- Searching for <ignition-plugin1> component [loader]
[1.074s] -- Looking for ignition-plugin1-loader -- found version 1.4.0
[1.074s] -- Searching for dependencies of ignition-plugin1-loader
[1.075s] -- Searching for <ignition-plugin1> component [register]
[1.077s] -- Looking for ignition-plugin1-register -- found version 1.4.0
[1.077s] -- Searching for dependencies of ignition-plugin1-register
[1.079s] -- Looking for ignition-transport11 -- found version 11.4.1
[1.079s] -- Searching for dependencies of ignition-transport11
[1.098s] -- Found Protobuf: /usr/lib/x86_64-linux-gnu/libprotobuf.so (found version "3.12.4") 
[1.106s] -- Config-file not installed for ZeroMQ -- checking for pkg-config
[1.109s] -- Checking for module 'libzmq >= 4'
[1.123s] --   Found libzmq , version 4.3.4
[1.156s] -- Found ZeroMQ: TRUE (Required is at least version "4") 
[1.161s] -- Checking for module 'uuid'
[1.174s] --   Found uuid, version 2.37.2
[1.207s] -- Found UUID: TRUE  
[1.207s] -- Looking for ignition-utils1 -- found version 1.5.1
[1.208s] -- Searching for dependencies of ignition-utils1
[1.208s] -- Searching for <ignition-utils1> component [cli]
[1.211s] -- Looking for ignition-utils1-cli -- found version 1.5.1
[1.211s] -- Searching for dependencies of ignition-utils1-cli
[1.215s] -- Looking for ignition-msgs8 -- found version 8.7.0
[1.215s] -- Searching for dependencies of ignition-msgs8
[1.232s] -- Found Protobuf: /usr/lib/x86_64-linux-gnu/libprotobuf.so (found suitable version "3.12.4", minimum required is "3") 
[1.233s] -- Looking for ignition-math6 -- found version 6.15.1
[1.244s] -- Searching for <ignition-transport11> component [log]
[1.246s] -- Looking for ignition-transport11-log -- found version 11.4.1
[1.246s] -- Searching for dependencies of ignition-transport11-log
[1.246s] -- Searching for <ignition-transport11> component [parameters]
[1.248s] -- Looking for ignition-transport11-parameters -- found version 11.4.1
[1.248s] -- Searching for dependencies of ignition-transport11-parameters
[1.249s] -- Looking for ignition-msgs8 -- found version 8.7.0
[1.251s] -- Looking for ignition-common4 -- found version 4.7.0
[1.251s] -- Searching for dependencies of ignition-common4
[1.251s] -- Looking for dlfcn.h - found
[1.252s] -- Looking for libdl - found
[1.253s] -- Found DL: TRUE  
[1.260s] -- Searching for <ignition-common4> component [profiler]
[1.262s] -- Looking for ignition-common4-profiler -- found version 4.7.0
[1.262s] -- Searching for dependencies of ignition-common4-profiler
[1.262s] -- Searching for <ignition-common4> component [events]
[1.264s] -- Looking for ignition-common4-events -- found version 4.7.0
[1.264s] -- Searching for dependencies of ignition-common4-events
[1.264s] -- Looking for ignition-math6 -- found version 6.15.1
[1.265s] -- Searching for <ignition-common4> component [av]
[1.267s] -- Looking for ignition-common4-av -- found version 4.7.0
[1.267s] -- Searching for dependencies of ignition-common4-av
[1.271s] -- Checking for module 'libswscale'
[1.285s] --   Found libswscale, version 5.9.100
[1.317s] -- Found SWSCALE: TRUE  
[1.323s] -- Checking for module 'libavdevice >= 56.4.100'
[1.337s] --   Found libavdevice , version 58.13.100
[1.372s] -- Found AVDEVICE: TRUE (Required is at least version "56.4.100") 
[1.377s] -- Checking for module 'libavformat'
[1.389s] --   Found libavformat, version 58.76.100
[1.424s] -- Found AVFORMAT: TRUE  
[1.429s] -- Checking for module 'libavcodec'
[1.443s] --   Found libavcodec, version 58.134.100
[1.476s] -- Found AVCODEC: TRUE  
[1.481s] -- Checking for module 'libavutil'
[1.495s] --   Found libavutil, version 56.70.100
[1.527s] -- Found AVUTIL: TRUE  
[1.531s] -- Looking for ignition-fuel_tools7 -- found version 7.3.1
[1.532s] -- Searching for dependencies of ignition-fuel_tools7
[1.610s] -- Found CURL: /usr/lib/x86_64-linux-gnu/libcurl.so (found version "7.81.0")  
[1.617s] -- Checking for module 'jsoncpp'
[1.630s] --   Found jsoncpp, version 1.9.5
[1.661s] -- Found JSONCPP: TRUE  
[1.667s] -- Checking for module 'libzip'
[1.680s] --   Found libzip, version 1.7.3
[1.712s] -- Found ZIP: TRUE  
[1.712s] -- Looking for ignition-common4 -- found version 4.7.0
[1.712s] -- Looking for ignition-math6 -- found version 6.15.1
[1.713s] -- Looking for ignition-msgs8 -- found version 8.7.0
[1.715s] -- Looking for ignition-gui6 -- found version 6.8.0
[1.715s] -- Searching for dependencies of ignition-gui6
[1.737s] -- Looking for ignition-math6 -- found version 6.15.1
[1.737s] -- Looking for ignition-common4 -- found version 4.7.0
[1.737s] -- Looking for ignition-plugin1 -- found version 1.4.0
[1.738s] -- Looking for ignition-transport11 -- found version 11.4.1
[1.741s] -- Looking for ignition-rendering6 -- found version 6.6.3
[1.741s] -- Searching for dependencies of ignition-rendering6
[1.742s] -- Looking for ignition-math6 -- found version 6.15.1
[1.742s] -- Searching for dependencies of ignition-math6
[1.742s] -- Searching for <ignition-math6> component [eigen3]
[1.745s] -- Looking for ignition-math6-eigen3 -- found version 6.15.1
[1.745s] -- Searching for dependencies of ignition-math6-eigen3
[1.752s] -- Looking for ignition-common4 -- found version 4.7.0
[1.752s] -- Searching for dependencies of ignition-common4
[1.753s] -- Looking for dlfcn.h - found
[1.753s] -- Looking for libdl - found
[1.760s] -- Searching for <ignition-common4> component [graphics]
[1.762s] -- Looking for ignition-common4-graphics -- found version 4.7.0
[1.762s] -- Searching for dependencies of ignition-common4-graphics
[1.762s] -- Looking for ignition-math6 -- found version 6.15.1
[1.763s] -- Looking for ignition-utils1 -- found version 1.5.1
[1.763s] -- Searching for <ignition-common4> component [events]
[1.764s] -- Looking for ignition-plugin1 -- found version 1.4.0
[1.764s] -- Searching for dependencies of ignition-plugin1
[1.764s] -- Searching for <ignition-plugin1> component [all]
[1.766s] -- Looking for all libraries of ignition-plugin1 -- found version 1.4.0
[1.766s] -- Looking for ignition-plugin1 -- found version 1.4.0
[1.768s] -- Looking for ignition-msgs8 -- found version 8.7.0
[1.782s] -- Looking for ignition-physics5 -- found version 5.3.2
[1.782s] -- Searching for dependencies of ignition-physics5
[1.783s] -- Looking for ignition-math6 -- found version 6.15.1
[1.783s] -- Looking for ignition-plugin1 -- found version 1.4.0
[1.783s] -- Looking for ignition-utils1 -- found version 1.5.1
[1.784s] -- Searching for <ignition-physics5> component [heightmap]
[1.786s] -- Looking for ignition-physics5-heightmap -- found version 5.3.2
[1.786s] -- Searching for dependencies of ignition-physics5-heightmap
[1.786s] -- Looking for ignition-common4 -- found version 4.7.0
[1.787s] -- Searching for <ignition-physics5> component [mesh]
[1.788s] -- Looking for ignition-physics5-mesh -- found version 5.3.2
[1.789s] -- Searching for dependencies of ignition-physics5-mesh
[1.789s] -- Looking for ignition-common4 -- found version 4.7.0
[1.789s] -- Searching for <ignition-physics5> component [sdf]
[1.791s] -- Looking for ignition-physics5-sdf -- found version 5.3.2
[1.791s] -- Searching for dependencies of ignition-physics5-sdf
[1.791s] -- Looking for sdformat12 -- found version 12.8.0
[1.794s] -- Looking for ignition-sensors6 -- found version 6.8.1
[1.794s] -- Searching for dependencies of ignition-sensors6
[1.808s] -- Found Protobuf: /usr/lib/x86_64-linux-gnu/libprotobuf.so (found version "3.12.4") 
[1.808s] -- Looking for ignition-math6 -- found version 6.15.1
[1.808s] -- Looking for ignition-common4 -- found version 4.7.0
[1.809s] -- Looking for ignition-transport11 -- found version 11.4.1
[1.809s] -- Looking for ignition-rendering6 -- found version 6.6.3
[1.809s] -- Looking for ignition-msgs8 -- found version 8.7.0
[1.810s] -- Looking for sdformat12 -- found version 12.8.0
[1.810s] -- Searching for <ignition-sensors6> component [air_pressure]
[1.812s] -- Looking for ignition-sensors6-air_pressure -- found version 6.8.1
[1.812s] -- Searching for dependencies of ignition-sensors6-air_pressure
[1.812s] -- Searching for <ignition-sensors6> component [altimeter]
[1.814s] -- Looking for ignition-sensors6-altimeter -- found version 6.8.1
[1.815s] -- Searching for dependencies of ignition-sensors6-altimeter
[1.815s] -- Searching for <ignition-sensors6> component [imu]
[1.817s] -- Looking for ignition-sensors6-imu -- found version 6.8.1
[1.817s] -- Searching for dependencies of ignition-sensors6-imu
[1.817s] -- Searching for <ignition-sensors6> component [force_torque]
[1.819s] -- Looking for ignition-sensors6-force_torque -- found version 6.8.1
[1.819s] -- Searching for dependencies of ignition-sensors6-force_torque
[1.820s] -- Searching for <ignition-sensors6> component [logical_camera]
[1.821s] -- Looking for ignition-sensors6-logical_camera -- found version 6.8.1
[1.822s] -- Searching for dependencies of ignition-sensors6-logical_camera
[1.822s] -- Searching for <ignition-sensors6> component [magnetometer]
[1.824s] -- Looking for ignition-sensors6-magnetometer -- found version 6.8.1
[1.824s] -- Searching for dependencies of ignition-sensors6-magnetometer
[1.824s] -- Searching for <ignition-sensors6> component [navsat]
[1.826s] -- Looking for ignition-sensors6-navsat -- found version 6.8.1
[1.826s] -- Searching for dependencies of ignition-sensors6-navsat
[1.827s] -- Searching for <ignition-sensors6> component [rendering]
[1.829s] -- Looking for ignition-sensors6-rendering -- found version 6.8.1
[1.829s] -- Searching for dependencies of ignition-sensors6-rendering
[1.829s] -- Searching for <ignition-sensors6> component [lidar]
[1.831s] -- Looking for ignition-sensors6-lidar -- found version 6.8.1
[1.831s] -- Searching for dependencies of ignition-sensors6-lidar
[1.831s] -- Looking for ignition-sensors6 -- found version 6.8.1
[1.832s] -- Searching for <ignition-sensors6> component [gpu_lidar]
[1.834s] -- Looking for ignition-sensors6-gpu_lidar -- found version 6.8.1
[1.834s] -- Searching for dependencies of ignition-sensors6-gpu_lidar
[1.834s] -- Looking for ignition-sensors6 -- found version 6.8.1
[1.835s] -- Searching for <ignition-sensors6> component [camera]
[1.836s] -- Looking for ignition-sensors6-camera -- found version 6.8.1
[1.837s] -- Searching for dependencies of ignition-sensors6-camera
[1.837s] -- Looking for ignition-sensors6 -- found version 6.8.1
[1.837s] -- Searching for <ignition-sensors6> component [boundingbox_camera]
[1.839s] -- Looking for ignition-sensors6-boundingbox_camera -- found version 6.8.1
[1.839s] -- Searching for dependencies of ignition-sensors6-boundingbox_camera
[1.840s] -- Searching for <ignition-sensors6> component [segmentation_camera]
[1.841s] -- Looking for ignition-sensors6-segmentation_camera -- found version 6.8.1
[1.842s] -- Searching for dependencies of ignition-sensors6-segmentation_camera
[1.842s] -- Searching for <ignition-sensors6> component [depth_camera]
[1.844s] -- Looking for ignition-sensors6-depth_camera -- found version 6.8.1
[1.844s] -- Searching for dependencies of ignition-sensors6-depth_camera
[1.844s] -- Looking for ignition-sensors6 -- found version 6.8.1
[1.845s] -- Searching for <ignition-sensors6> component [rgbd_camera]
[1.846s] -- Looking for ignition-sensors6-rgbd_camera -- found version 6.8.1
[1.847s] -- Searching for dependencies of ignition-sensors6-rgbd_camera
[1.847s] -- Looking for ignition-sensors6 -- found version 6.8.1
[1.847s] -- Searching for <ignition-sensors6> component [thermal_camera]
[1.849s] -- Looking for ignition-sensors6-thermal_camera -- found version 6.8.1
[1.849s] -- Searching for dependencies of ignition-sensors6-thermal_camera
[1.850s] -- Looking for ignition-sensors6 -- found version 6.8.1
[1.851s] -- Looking for ignition-rendering6 -- found version 6.6.3
[1.851s] -- Looking for ignition-math6 -- found version 6.15.1
[1.853s] -- Looking for ignition-utils1 -- found version 1.5.1
[1.869s] -- Compiling against Ignition Fortress
[1.870s] -- Looking for ignition-plugin1 -- found version 1.4.0
[1.897s] -- Found ament_lint_auto: 0.12.11 (/opt/ros/humble/share/ament_lint_auto/cmake)
[1.963s] -- Added test 'copyright' to check source files copyright and LICENSE
[1.965s] -- Added test 'cppcheck' to perform static code analysis on C / C++ code
[1.965s] -- Configured cppcheck include dirs: /home/mampane/Desktop/machine_tending_robot/workspace/ros2_kortex_ws/src/gz_ros2_control/ign_ros2_control/include
[1.965s] -- Configured cppcheck exclude dirs and/or files: 
[1.966s] -- Added test 'cpplint' to check C / C++ code against the Google style
[1.966s] -- Configured cpplint exclude dirs and/or files: 
[1.966s] -- Added test 'lint_cmake' to check CMake code style
[1.967s] -- Added test 'uncrustify' to check C / C++ code style
[1.967s] -- Configured uncrustify additional arguments: 
[1.967s] -- Added test 'xmllint' to check XML markup files
[1.969s] -- Configuring done
[2.007s] -- Generating done
[2.014s] -- Build files have been written to: /home/mampane/Desktop/machine_tending_robot/workspace/ros2_kortex_ws/build/ign_ros2_control
[2.025s] Invoked command in '/home/mampane/Desktop/machine_tending_robot/workspace/ros2_kortex_ws/build/ign_ros2_control' returned '0': AMENT_PREFIX_PATH=/home/mampane/Desktop/machine_tending_robot/workspace/ros2_kortex_ws/install/controller_manager:/home/mampane/Desktop/machine_tending_robot/workspace/ros2_kortex_ws/install/hardware_interface_testing:/home/mampane/Desktop/machine_tending_robot/workspace/ros2_kortex_ws/install/controller_interface:/home/mampane/Desktop/machine_tending_robot/workspace/ros2_kortex_ws/install/hardware_interface:/home/mampane/Desktop/machine_tending_robot/workspace/ros2_kortex_ws/install/ros2_control_test_assets:/home/mampane/Desktop/machine_tending_robot/workspace/ros2_kortex_ws/install/realtime_tools:/home/mampane/Desktop/machine_tending_robot/workspace/ros2_kortex_ws/install/controller_manager_msgs:/home/mampane/Desktop/machine_tending_robot/workspace/ros2_kortex_ws/install/control_msgs:${AMENT_PREFIX_PATH} CMAKE_PREFIX_PATH=/home/mampane/Desktop/machine_tending_robot/workspace/ros2_kortex_ws/install/controller_manager:/home/mampane/Desktop/machine_tending_robot/workspace/ros2_kortex_ws/install/hardware_interface_testing:/home/mampane/Desktop/machine_tending_robot/workspace/ros2_kortex_ws/install/controller_interface:/home/mampane/Desktop/machine_tending_robot/workspace/ros2_kortex_ws/install/hardware_interface:/home/mampane/Desktop/machine_tending_robot/workspace/ros2_kortex_ws/install/ros2_control_test_assets:/home/mampane/Desktop/machine_tending_robot/workspace/ros2_kortex_ws/install/realtime_tools:/home/mampane/Desktop/machine_tending_robot/workspace/ros2_kortex_ws/install/controller_manager_msgs:/home/mampane/Desktop/machine_tending_robot/workspace/ros2_kortex_ws/install/control_msgs:/opt/ros/humble LD_LIBRARY_PATH=/home/mampane/Desktop/machine_tending_robot/workspace/ros2_kortex_ws/install/controller_manager/lib:/home/mampane/Desktop/machine_tending_robot/workspace/ros2_kortex_ws/install/hardware_interface_testing/lib:/home/mampane/Desktop/machine_tending_robot/workspace/ros2_kortex_ws/install/controller_interface/lib:/home/mampane/Desktop/machine_tending_robot/workspace/ros2_kortex_ws/install/hardware_interface/lib:/home/mampane/Desktop/machine_tending_robot/workspace/ros2_kortex_ws/install/realtime_tools/lib:/home/mampane/Desktop/machine_tending_robot/workspace/ros2_kortex_ws/install/controller_manager_msgs/lib:/home/mampane/Desktop/machine_tending_robot/workspace/ros2_kortex_ws/install/control_msgs/lib:${LD_LIBRARY_PATH} PYTHONPATH=/home/mampane/Desktop/machine_tending_robot/workspace/ros2_kortex_ws/install/controller_manager/local/lib/python3.10/dist-packages:/home/mampane/Desktop/machine_tending_robot/workspace/ros2_kortex_ws/install/controller_manager_msgs/local/lib/python3.10/dist-packages:/home/mampane/Desktop/machine_tending_robot/workspace/ros2_kortex_ws/install/control_msgs/local/lib/python3.10/dist-packages:${PYTHONPATH} /usr/bin/cmake /home/mampane/Desktop/machine_tending_robot/workspace/ros2_kortex_ws/src/gz_ros2_control/ign_ros2_control -DCMAKE_BUILD_TYPE=Release -DCMAKE_INSTALL_PREFIX=/home/mampane/Desktop/machine_tending_robot/workspace/ros2_kortex_ws/install/ign_ros2_control
[2.027s] Invoking command in '/home/mampane/Desktop/machine_tending_robot/workspace/ros2_kortex_ws/build/ign_ros2_control': AMENT_PREFIX_PATH=/home/mampane/Desktop/machine_tending_robot/workspace/ros2_kortex_ws/install/controller_manager:/home/mampane/Desktop/machine_tending_robot/workspace/ros2_kortex_ws/install/hardware_interface_testing:/home/mampane/Desktop/machine_tending_robot/workspace/ros2_kortex_ws/install/controller_interface:/home/mampane/Desktop/machine_tending_robot/workspace/ros2_kortex_ws/install/hardware_interface:/home/mampane/Desktop/machine_tending_robot/workspace/ros2_kortex_ws/install/ros2_control_test_assets:/home/mampane/Desktop/machine_tending_robot/workspace/ros2_kortex_ws/install/realtime_tools:/home/mampane/Desktop/machine_tending_robot/workspace/ros2_kortex_ws/install/controller_manager_msgs:/home/mampane/Desktop/machine_tending_robot/workspace/ros2_kortex_ws/install/control_msgs:${AMENT_PREFIX_PATH} CMAKE_PREFIX_PATH=/home/mampane/Desktop/machine_tending_robot/workspace/ros2_kortex_ws/install/controller_manager:/home/mampane/Desktop/machine_tending_robot/workspace/ros2_kortex_ws/install/hardware_interface_testing:/home/mampane/Desktop/machine_tending_robot/workspace/ros2_kortex_ws/install/controller_interface:/home/mampane/Desktop/machine_tending_robot/workspace/ros2_kortex_ws/install/hardware_interface:/home/mampane/Desktop/machine_tending_robot/workspace/ros2_kortex_ws/install/ros2_control_test_assets:/home/mampane/Desktop/machine_tending_robot/workspace/ros2_kortex_ws/install/realtime_tools:/home/mampane/Desktop/machine_tending_robot/workspace/ros2_kortex_ws/install/controller_manager_msgs:/home/mampane/Desktop/machine_tending_robot/workspace/ros2_kortex_ws/install/control_msgs:/opt/ros/humble LD_LIBRARY_PATH=/home/mampane/Desktop/machine_tending_robot/workspace/ros2_kortex_ws/install/controller_manager/lib:/home/mampane/Desktop/machine_tending_robot/workspace/ros2_kortex_ws/install/hardware_interface_testing/lib:/home/mampane/Desktop/machine_tending_robot/workspace/ros2_kortex_ws/install/controller_interface/lib:/home/mampane/Desktop/machine_tending_robot/workspace/ros2_kortex_ws/install/hardware_interface/lib:/home/mampane/Desktop/machine_tending_robot/workspace/ros2_kortex_ws/install/realtime_tools/lib:/home/mampane/Desktop/machine_tending_robot/workspace/ros2_kortex_ws/install/controller_manager_msgs/lib:/home/mampane/Desktop/machine_tending_robot/workspace/ros2_kortex_ws/install/control_msgs/lib:${LD_LIBRARY_PATH} PYTHONPATH=/home/mampane/Desktop/machine_tending_robot/workspace/ros2_kortex_ws/install/controller_manager/local/lib/python3.10/dist-packages:/home/mampane/Desktop/machine_tending_robot/workspace/ros2_kortex_ws/install/controller_manager_msgs/local/lib/python3.10/dist-packages:/home/mampane/Desktop/machine_tending_robot/workspace/ros2_kortex_ws/install/control_msgs/local/lib/python3.10/dist-packages:${PYTHONPATH} /usr/bin/cmake --build /home/mampane/Desktop/machine_tending_robot/workspace/ros2_kortex_ws/build/ign_ros2_control -- -j20 -l20
[2.077s] [ 25%] [32mBuilding CXX object CMakeFiles/ign_hardware_plugins.dir/src/ign_system.cpp.o[0m
[2.078s] [ 50%] [32mBuilding CXX object CMakeFiles/ign_ros2_control-system.dir/src/ign_ros2_control_plugin.cpp.o[0m
[14.383s] [ 75%] [32m[1mLinking CXX shared library libign_hardware_plugins.so[0m
[14.645s] [ 75%] Built target ign_hardware_plugins
[14.830s] [100%] [32m[1mLinking CXX shared library libign_ros2_control-system.so[0m
[15.113s] [100%] Built target ign_ros2_control-system
[15.121s] Invoked command in '/home/mampane/Desktop/machine_tending_robot/workspace/ros2_kortex_ws/build/ign_ros2_control' returned '0': AMENT_PREFIX_PATH=/home/mampane/Desktop/machine_tending_robot/workspace/ros2_kortex_ws/install/controller_manager:/home/mampane/Desktop/machine_tending_robot/workspace/ros2_kortex_ws/install/hardware_interface_testing:/home/mampane/Desktop/machine_tending_robot/workspace/ros2_kortex_ws/install/controller_interface:/home/mampane/Desktop/machine_tending_robot/workspace/ros2_kortex_ws/install/hardware_interface:/home/mampane/Desktop/machine_tending_robot/workspace/ros2_kortex_ws/install/ros2_control_test_assets:/home/mampane/Desktop/machine_tending_robot/workspace/ros2_kortex_ws/install/realtime_tools:/home/mampane/Desktop/machine_tending_robot/workspace/ros2_kortex_ws/install/controller_manager_msgs:/home/mampane/Desktop/machine_tending_robot/workspace/ros2_kortex_ws/install/control_msgs:${AMENT_PREFIX_PATH} CMAKE_PREFIX_PATH=/home/mampane/Desktop/machine_tending_robot/workspace/ros2_kortex_ws/install/controller_manager:/home/mampane/Desktop/machine_tending_robot/workspace/ros2_kortex_ws/install/hardware_interface_testing:/home/mampane/Desktop/machine_tending_robot/workspace/ros2_kortex_ws/install/controller_interface:/home/mampane/Desktop/machine_tending_robot/workspace/ros2_kortex_ws/install/hardware_interface:/home/mampane/Desktop/machine_tending_robot/workspace/ros2_kortex_ws/install/ros2_control_test_assets:/home/mampane/Desktop/machine_tending_robot/workspace/ros2_kortex_ws/install/realtime_tools:/home/mampane/Desktop/machine_tending_robot/workspace/ros2_kortex_ws/install/controller_manager_msgs:/home/mampane/Desktop/machine_tending_robot/workspace/ros2_kortex_ws/install/control_msgs:/opt/ros/humble LD_LIBRARY_PATH=/home/mampane/Desktop/machine_tending_robot/workspace/ros2_kortex_ws/install/controller_manager/lib:/home/mampane/Desktop/machine_tending_robot/workspace/ros2_kortex_ws/install/hardware_interface_testing/lib:/home/mampane/Desktop/machine_tending_robot/workspace/ros2_kortex_ws/install/controller_interface/lib:/home/mampane/Desktop/machine_tending_robot/workspace/ros2_kortex_ws/install/hardware_interface/lib:/home/mampane/Desktop/machine_tending_robot/workspace/ros2_kortex_ws/install/realtime_tools/lib:/home/mampane/Desktop/machine_tending_robot/workspace/ros2_kortex_ws/install/controller_manager_msgs/lib:/home/mampane/Desktop/machine_tending_robot/workspace/ros2_kortex_ws/install/control_msgs/lib:${LD_LIBRARY_PATH} PYTHONPATH=/home/mampane/Desktop/machine_tending_robot/workspace/ros2_kortex_ws/install/controller_manager/local/lib/python3.10/dist-packages:/home/mampane/Desktop/machine_tending_robot/workspace/ros2_kortex_ws/install/controller_manager_msgs/local/lib/python3.10/dist-packages:/home/mampane/Desktop/machine_tending_robot/workspace/ros2_kortex_ws/install/control_msgs/local/lib/python3.10/dist-packages:${PYTHONPATH} /usr/bin/cmake --build /home/mampane/Desktop/machine_tending_robot/workspace/ros2_kortex_ws/build/ign_ros2_control -- -j20 -l20
[15.122s] Invoking command in '/home/mampane/Desktop/machine_tending_robot/workspace/ros2_kortex_ws/build/ign_ros2_control': AMENT_PREFIX_PATH=/home/mampane/Desktop/machine_tending_robot/workspace/ros2_kortex_ws/install/controller_manager:/home/mampane/Desktop/machine_tending_robot/workspace/ros2_kortex_ws/install/hardware_interface_testing:/home/mampane/Desktop/machine_tending_robot/workspace/ros2_kortex_ws/install/controller_interface:/home/mampane/Desktop/machine_tending_robot/workspace/ros2_kortex_ws/install/hardware_interface:/home/mampane/Desktop/machine_tending_robot/workspace/ros2_kortex_ws/install/ros2_control_test_assets:/home/mampane/Desktop/machine_tending_robot/workspace/ros2_kortex_ws/install/realtime_tools:/home/mampane/Desktop/machine_tending_robot/workspace/ros2_kortex_ws/install/controller_manager_msgs:/home/mampane/Desktop/machine_tending_robot/workspace/ros2_kortex_ws/install/control_msgs:${AMENT_PREFIX_PATH} CMAKE_PREFIX_PATH=/home/mampane/Desktop/machine_tending_robot/workspace/ros2_kortex_ws/install/controller_manager:/home/mampane/Desktop/machine_tending_robot/workspace/ros2_kortex_ws/install/hardware_interface_testing:/home/mampane/Desktop/machine_tending_robot/workspace/ros2_kortex_ws/install/controller_interface:/home/mampane/Desktop/machine_tending_robot/workspace/ros2_kortex_ws/install/hardware_interface:/home/mampane/Desktop/machine_tending_robot/workspace/ros2_kortex_ws/install/ros2_control_test_assets:/home/mampane/Desktop/machine_tending_robot/workspace/ros2_kortex_ws/install/realtime_tools:/home/mampane/Desktop/machine_tending_robot/workspace/ros2_kortex_ws/install/controller_manager_msgs:/home/mampane/Desktop/machine_tending_robot/workspace/ros2_kortex_ws/install/control_msgs:/opt/ros/humble LD_LIBRARY_PATH=/home/mampane/Desktop/machine_tending_robot/workspace/ros2_kortex_ws/install/controller_manager/lib:/home/mampane/Desktop/machine_tending_robot/workspace/ros2_kortex_ws/install/hardware_interface_testing/lib:/home/mampane/Desktop/machine_tending_robot/workspace/ros2_kortex_ws/install/controller_interface/lib:/home/mampane/Desktop/machine_tending_robot/workspace/ros2_kortex_ws/install/hardware_interface/lib:/home/mampane/Desktop/machine_tending_robot/workspace/ros2_kortex_ws/install/realtime_tools/lib:/home/mampane/Desktop/machine_tending_robot/workspace/ros2_kortex_ws/install/controller_manager_msgs/lib:/home/mampane/Desktop/machine_tending_robot/workspace/ros2_kortex_ws/install/control_msgs/lib:${LD_LIBRARY_PATH} PYTHONPATH=/home/mampane/Desktop/machine_tending_robot/workspace/ros2_kortex_ws/install/controller_manager/local/lib/python3.10/dist-packages:/home/mampane/Desktop/machine_tending_robot/workspace/ros2_kortex_ws/install/controller_manager_msgs/local/lib/python3.10/dist-packages:/home/mampane/Desktop/machine_tending_robot/workspace/ros2_kortex_ws/install/control_msgs/local/lib/python3.10/dist-packages:${PYTHONPATH} /usr/bin/cmake --install /home/mampane/Desktop/machine_tending_robot/workspace/ros2_kortex_ws/build/ign_ros2_control
[15.128s] -- Install configuration: "Release"
[15.128s] -- Installing: /home/mampane/Desktop/machine_tending_robot/workspace/ros2_kortex_ws/install/ign_ros2_control/lib/libign_hardware_plugins.so
[15.129s] -- Set runtime path of "/home/mampane/Desktop/machine_tending_robot/workspace/ros2_kortex_ws/install/ign_ros2_control/lib/libign_hardware_plugins.so" to ""
[15.129s] -- Installing: /home/mampane/Desktop/machine_tending_robot/workspace/ros2_kortex_ws/install/ign_ros2_control/include
[15.129s] -- Installing: /home/mampane/Desktop/machine_tending_robot/workspace/ros2_kortex_ws/install/ign_ros2_control/include/ign_ros2_control
[15.129s] -- Installing: /home/mampane/Desktop/machine_tending_robot/workspace/ros2_kortex_ws/install/ign_ros2_control/include/ign_ros2_control/ign_system_interface.hpp
[15.129s] -- Installing: /home/mampane/Desktop/machine_tending_robot/workspace/ros2_kortex_ws/install/ign_ros2_control/include/ign_ros2_control/ign_ros2_control_plugin.hpp
[15.129s] -- Installing: /home/mampane/Desktop/machine_tending_robot/workspace/ros2_kortex_ws/install/ign_ros2_control/include/ign_ros2_control/ign_system.hpp
[15.129s] -- Installing: /home/mampane/Desktop/machine_tending_robot/workspace/ros2_kortex_ws/install/ign_ros2_control/share/ign_ros2_control/environment/library_path.sh
[15.130s] -- Installing: /home/mampane/Desktop/machine_tending_robot/workspace/ros2_kortex_ws/install/ign_ros2_control/share/ign_ros2_control/environment/library_path.dsv
[15.130s] -- Installing: /home/mampane/Desktop/machine_tending_robot/workspace/ros2_kortex_ws/install/ign_ros2_control/lib/libign_ros2_control-system.so
[15.130s] -- Set runtime path of "/home/mampane/Desktop/machine_tending_robot/workspace/ros2_kortex_ws/install/ign_ros2_control/lib/libign_ros2_control-system.so" to ""
[15.130s] -- Installing: /home/mampane/Desktop/machine_tending_robot/workspace/ros2_kortex_ws/install/ign_ros2_control/share/ign_ros2_control/ign_hardware_plugins.xml
[15.130s] -- Installing: /home/mampane/Desktop/machine_tending_robot/workspace/ros2_kortex_ws/install/ign_ros2_control/share/ament_index/resource_index/package_run_dependencies/ign_ros2_control
[15.130s] -- Installing: /home/mampane/Desktop/machine_tending_robot/workspace/ros2_kortex_ws/install/ign_ros2_control/share/ament_index/resource_index/parent_prefix_path/ign_ros2_control
[15.130s] -- Installing: /home/mampane/Desktop/machine_tending_robot/workspace/ros2_kortex_ws/install/ign_ros2_control/share/ign_ros2_control/environment/ament_prefix_path.sh
[15.130s] -- Installing: /home/mampane/Desktop/machine_tending_robot/workspace/ros2_kortex_ws/install/ign_ros2_control/share/ign_ros2_control/environment/ament_prefix_path.dsv
[15.130s] -- Installing: /home/mampane/Desktop/machine_tending_robot/workspace/ros2_kortex_ws/install/ign_ros2_control/share/ign_ros2_control/environment/path.sh
[15.130s] -- Installing: /home/mampane/Desktop/machine_tending_robot/workspace/ros2_kortex_ws/install/ign_ros2_control/share/ign_ros2_control/environment/path.dsv
[15.130s] -- Installing: /home/mampane/Desktop/machine_tending_robot/workspace/ros2_kortex_ws/install/ign_ros2_control/share/ign_ros2_control/local_setup.bash
[15.131s] -- Installing: /home/mampane/Desktop/machine_tending_robot/workspace/ros2_kortex_ws/install/ign_ros2_control/share/ign_ros2_control/local_setup.sh
[15.131s] -- Installing: /home/mampane/Desktop/machine_tending_robot/workspace/ros2_kortex_ws/install/ign_ros2_control/share/ign_ros2_control/local_setup.zsh
[15.131s] -- Installing: /home/mampane/Desktop/machine_tending_robot/workspace/ros2_kortex_ws/install/ign_ros2_control/share/ign_ros2_control/local_setup.dsv
[15.131s] -- Installing: /home/mampane/Desktop/machine_tending_robot/workspace/ros2_kortex_ws/install/ign_ros2_control/share/ign_ros2_control/package.dsv
[15.131s] -- Installing: /home/mampane/Desktop/machine_tending_robot/workspace/ros2_kortex_ws/install/ign_ros2_control/share/ament_index/resource_index/packages/ign_ros2_control
[15.131s] -- Installing: /home/mampane/Desktop/machine_tending_robot/workspace/ros2_kortex_ws/install/ign_ros2_control/share/ament_index/resource_index/ign_ros2_control__pluginlib__plugin/ign_ros2_control
[15.131s] -- Installing: /home/mampane/Desktop/machine_tending_robot/workspace/ros2_kortex_ws/install/ign_ros2_control/share/ign_ros2_control/cmake/ament_cmake_export_include_directories-extras.cmake
[15.131s] -- Installing: /home/mampane/Desktop/machine_tending_robot/workspace/ros2_kortex_ws/install/ign_ros2_control/share/ign_ros2_control/cmake/ament_cmake_export_libraries-extras.cmake
[15.131s] -- Installing: /home/mampane/Desktop/machine_tending_robot/workspace/ros2_kortex_ws/install/ign_ros2_control/share/ign_ros2_control/cmake/ign_ros2_controlConfig.cmake
[15.131s] -- Installing: /home/mampane/Desktop/machine_tending_robot/workspace/ros2_kortex_ws/install/ign_ros2_control/share/ign_ros2_control/cmake/ign_ros2_controlConfig-version.cmake
[15.131s] -- Installing: /home/mampane/Desktop/machine_tending_robot/workspace/ros2_kortex_ws/install/ign_ros2_control/share/ign_ros2_control/package.xml
[15.132s] Invoked command in '/home/mampane/Desktop/machine_tending_robot/workspace/ros2_kortex_ws/build/ign_ros2_control' returned '0': AMENT_PREFIX_PATH=/home/mampane/Desktop/machine_tending_robot/workspace/ros2_kortex_ws/install/controller_manager:/home/mampane/Desktop/machine_tending_robot/workspace/ros2_kortex_ws/install/hardware_interface_testing:/home/mampane/Desktop/machine_tending_robot/workspace/ros2_kortex_ws/install/controller_interface:/home/mampane/Desktop/machine_tending_robot/workspace/ros2_kortex_ws/install/hardware_interface:/home/mampane/Desktop/machine_tending_robot/workspace/ros2_kortex_ws/install/ros2_control_test_assets:/home/mampane/Desktop/machine_tending_robot/workspace/ros2_kortex_ws/install/realtime_tools:/home/mampane/Desktop/machine_tending_robot/workspace/ros2_kortex_ws/install/controller_manager_msgs:/home/mampane/Desktop/machine_tending_robot/workspace/ros2_kortex_ws/install/control_msgs:${AMENT_PREFIX_PATH} CMAKE_PREFIX_PATH=/home/mampane/Desktop/machine_tending_robot/workspace/ros2_kortex_ws/install/controller_manager:/home/mampane/Desktop/machine_tending_robot/workspace/ros2_kortex_ws/install/hardware_interface_testing:/home/mampane/Desktop/machine_tending_robot/workspace/ros2_kortex_ws/install/controller_interface:/home/mampane/Desktop/machine_tending_robot/workspace/ros2_kortex_ws/install/hardware_interface:/home/mampane/Desktop/machine_tending_robot/workspace/ros2_kortex_ws/install/ros2_control_test_assets:/home/mampane/Desktop/machine_tending_robot/workspace/ros2_kortex_ws/install/realtime_tools:/home/mampane/Desktop/machine_tending_robot/workspace/ros2_kortex_ws/install/controller_manager_msgs:/home/mampane/Desktop/machine_tending_robot/workspace/ros2_kortex_ws/install/control_msgs:/opt/ros/humble LD_LIBRARY_PATH=/home/mampane/Desktop/machine_tending_robot/workspace/ros2_kortex_ws/install/controller_manager/lib:/home/mampane/Desktop/machine_tending_robot/workspace/ros2_kortex_ws/install/hardware_interface_testing/lib:/home/mampane/Desktop/machine_tending_robot/workspace/ros2_kortex_ws/install/controller_interface/lib:/home/mampane/Desktop/machine_tending_robot/workspace/ros2_kortex_ws/install/hardware_interface/lib:/home/mampane/Desktop/machine_tending_robot/workspace/ros2_kortex_ws/install/realtime_tools/lib:/home/mampane/Desktop/machine_tending_robot/workspace/ros2_kortex_ws/install/controller_manager_msgs/lib:/home/mampane/Desktop/machine_tending_robot/workspace/ros2_kortex_ws/install/control_msgs/lib:${LD_LIBRARY_PATH} PYTHONPATH=/home/mampane/Desktop/machine_tending_robot/workspace/ros2_kortex_ws/install/controller_manager/local/lib/python3.10/dist-packages:/home/mampane/Desktop/machine_tending_robot/workspace/ros2_kortex_ws/install/controller_manager_msgs/local/lib/python3.10/dist-packages:/home/mampane/Desktop/machine_tending_robot/workspace/ros2_kortex_ws/install/control_msgs/local/lib/python3.10/dist-packages:${PYTHONPATH} /usr/bin/cmake --install /home/mampane/Desktop/machine_tending_robot/workspace/ros2_kortex_ws/build/ign_ros2_control
