[0.015s] Invoking command in '/home/mampane/Desktop/machine_tending_robot/ros2_kortex_ws/build/joint_limits': CMAKE_PREFIX_PATH=/opt/ros/humble /usr/bin/cmake /home/mampane/Desktop/machine_tending_robot/ros2_kortex_ws/src/ros2_control/joint_limits -DAMENT_CMAKE_SYMLINK_INSTALL=1 -DCMAKE_INSTALL_PREFIX=/home/mampane/Desktop/machine_tending_robot/ros2_kortex_ws/install/joint_limits
[0.055s] -- The C compiler identification is GNU 11.4.0
[0.096s] -- The CXX compiler identification is GNU 11.4.0
[0.103s] -- Detecting C compiler ABI info
[0.150s] -- Detecting C compiler ABI info - done
[0.155s] -- Check for working C compiler: /usr/bin/cc - skipped
[0.155s] -- Detecting C compile features
[0.155s] -- Detecting C compile features - done
[0.157s] -- Detecting CXX compiler ABI info
[0.208s] -- Detecting CXX compiler ABI info - done
[0.216s] -- Check for working CXX compiler: /usr/bin/c++ - skipped
[0.216s] -- Detecting CXX compile features
[0.216s] -- Detecting CXX compile features - done
[0.218s] -- Found ament_cmake: 1.3.11 (/opt/ros/humble/share/ament_cmake/cmake)
[0.324s] -- Found Python3: /usr/bin/python3 (found version "3.10.12") found components: Interpreter 
[0.390s] -- Override CMake install command with custom implementation using symlinks instead of copying resources
[0.414s] -- Found rclcpp: 16.0.11 (/opt/ros/humble/share/rclcpp/cmake)
[0.455s] -- Found rosidl_generator_c: 3.1.6 (/opt/ros/humble/share/rosidl_generator_c/cmake)
[0.460s] -- Found rosidl_adapter: 3.1.6 (/opt/ros/humble/share/rosidl_adapter/cmake)
[0.468s] -- Found rosidl_generator_cpp: 3.1.6 (/opt/ros/humble/share/rosidl_generator_cpp/cmake)
[0.480s] -- Using all available rosidl_typesupport_c: rosidl_typesupport_fastrtps_c;rosidl_typesupport_introspection_c
[0.497s] -- Using all available rosidl_typesupport_cpp: rosidl_typesupport_fastrtps_cpp;rosidl_typesupport_introspection_cpp
[0.541s] -- Found rmw_implementation_cmake: 6.1.2 (/opt/ros/humble/share/rmw_implementation_cmake/cmake)
[0.544s] -- Found rmw_fastrtps_cpp: 6.2.7 (/opt/ros/humble/share/rmw_fastrtps_cpp/cmake)
[0.627s] -- Found OpenSSL: /usr/lib/x86_64-linux-gnu/libcrypto.so (found version "3.0.2")  
[0.655s] -- Found FastRTPS: /opt/ros/humble/include  
[0.684s] -- Using RMW implementation 'rmw_fastrtps_cpp' as default
[0.690s] -- Looking for pthread.h
[0.742s] -- Looking for pthread.h - found
[0.743s] -- Performing Test CMAKE_HAVE_LIBC_PTHREAD
[0.794s] -- Performing Test CMAKE_HAVE_LIBC_PTHREAD - Success
[0.795s] -- Found Threads: TRUE  
[0.828s] -- Found rclcpp_lifecycle: 16.0.11 (/opt/ros/humble/share/rclcpp_lifecycle/cmake)
[0.840s] -- Found ament_cmake_gtest: 1.3.11 (/opt/ros/humble/share/ament_cmake_gtest/cmake)
[0.841s] -- Found launch_testing_ament_cmake: 1.0.7 (/opt/ros/humble/share/launch_testing_ament_cmake/cmake)
[0.842s] -- Found python_cmake_module: 0.10.0 (/opt/ros/humble/share/python_cmake_module/cmake)
[0.857s] -- Found PythonInterp: /usr/bin/python3 (found suitable version "3.10.12", minimum required is "3.6") 
[0.862s] -- Found PythonLibs: /usr/lib/x86_64-linux-gnu/libpython3.10.so (found suitable version "3.10.12", minimum required is "3.5") 
[0.862s] -- Using PYTHON_EXECUTABLE: /usr/bin/python3
[0.862s] -- Using PYTHON_INCLUDE_DIRS: /usr/include/python3.10
[0.862s] -- Using PYTHON_LIBRARIES: /usr/lib/x86_64-linux-gnu/libpython3.10.so
[0.879s] -- Found PythonExtra: .so  
[0.882s] -- Found gtest sources under '/opt/ros/humble/src/gtest_vendor': C++ tests using 'Google Test' will be built
[0.936s] -- Configuring done
[0.947s] -- Generating done
[0.952s] -- Build files have been written to: /home/mampane/Desktop/machine_tending_robot/ros2_kortex_ws/build/joint_limits
[0.962s] Invoked command in '/home/mampane/Desktop/machine_tending_robot/ros2_kortex_ws/build/joint_limits' returned '0': CMAKE_PREFIX_PATH=/opt/ros/humble /usr/bin/cmake /home/mampane/Desktop/machine_tending_robot/ros2_kortex_ws/src/ros2_control/joint_limits -DAMENT_CMAKE_SYMLINK_INSTALL=1 -DCMAKE_INSTALL_PREFIX=/home/mampane/Desktop/machine_tending_robot/ros2_kortex_ws/install/joint_limits
[0.963s] Invoking command in '/home/mampane/Desktop/machine_tending_robot/ros2_kortex_ws/build/joint_limits': CMAKE_PREFIX_PATH=/opt/ros/humble /usr/bin/cmake --build /home/mampane/Desktop/machine_tending_robot/ros2_kortex_ws/build/joint_limits -- -j20 -l20
[0.996s] [ 14%] [32mBuilding CXX object gtest/CMakeFiles/gtest.dir/src/gtest-all.cc.o[0m
[0.998s] [ 28%] [32mBuilding CXX object gtest/CMakeFiles/gtest_main.dir/src/gtest_main.cc.o[0m
[1.000s] [ 42%] [34m[1mGenerating joint_limits/version.h[0m
[1.015s] [ 42%] Built target ament_generate_version_header__joint_limits
[1.751s] [ 57%] [32m[1mLinking CXX static library libgtest_main.a[0m
[1.806s] [ 57%] Built target gtest_main
[3.527s] [ 71%] [32m[1mLinking CXX static library libgtest.a[0m
[3.715s] [ 71%] Built target gtest
[3.752s] [ 85%] [32mBuilding CXX object CMakeFiles/joint_limits_rosparam_test.dir/test/joint_limits_rosparam_test.cpp.o[0m
[11.459s] [100%] [32m[1mLinking CXX executable joint_limits_rosparam_test[0m
[11.961s] [100%] Built target joint_limits_rosparam_test
[12.012s] Invoked command in '/home/mampane/Desktop/machine_tending_robot/ros2_kortex_ws/build/joint_limits' returned '0': CMAKE_PREFIX_PATH=/opt/ros/humble /usr/bin/cmake --build /home/mampane/Desktop/machine_tending_robot/ros2_kortex_ws/build/joint_limits -- -j20 -l20
[12.013s] Invoking command in '/home/mampane/Desktop/machine_tending_robot/ros2_kortex_ws/build/joint_limits': CMAKE_PREFIX_PATH=/opt/ros/humble /usr/bin/cmake --install /home/mampane/Desktop/machine_tending_robot/ros2_kortex_ws/build/joint_limits
[12.035s] -- Install configuration: ""
[12.038s] -- Execute custom install script
[12.038s] -- Symlinking: /home/mampane/Desktop/machine_tending_robot/ros2_kortex_ws/install/joint_limits/include/joint_limits/joint_limits.hpp
[12.055s] -- Symlinking: /home/mampane/Desktop/machine_tending_robot/ros2_kortex_ws/install/joint_limits/include/joint_limits/joint_limits_rosparam.hpp
[12.082s] -- Symlinking: /home/mampane/Desktop/machine_tending_robot/ros2_kortex_ws/install/joint_limits/lib/joint_limits/joint_limits_rosparam_test
[12.102s] -- Symlinking: /home/mampane/Desktop/machine_tending_robot/ros2_kortex_ws/install/joint_limits/share/joint_limits/test/joint_limits_rosparam.yaml
[12.128s] -- Symlinking: /home/mampane/Desktop/machine_tending_robot/ros2_kortex_ws/install/joint_limits/include/joint_limits/joint_limits/joint_limits.hpp
[12.155s] -- Symlinking: /home/mampane/Desktop/machine_tending_robot/ros2_kortex_ws/install/joint_limits/include/joint_limits/joint_limits/joint_limits_rosparam.hpp
[12.177s] -- Symlinking: /home/mampane/Desktop/machine_tending_robot/ros2_kortex_ws/install/joint_limits/share/joint_limits/environment/library_path.sh
[12.197s] -- Symlinking: /home/mampane/Desktop/machine_tending_robot/ros2_kortex_ws/install/joint_limits/share/joint_limits/environment/library_path.dsv
[12.220s] -- Symlinking: /home/mampane/Desktop/machine_tending_robot/ros2_kortex_ws/install/joint_limits/share/ament_index/resource_index/package_run_dependencies/joint_limits
[12.246s] -- Symlinking: /home/mampane/Desktop/machine_tending_robot/ros2_kortex_ws/install/joint_limits/share/ament_index/resource_index/parent_prefix_path/joint_limits
[12.272s] -- Symlinking: /home/mampane/Desktop/machine_tending_robot/ros2_kortex_ws/install/joint_limits/share/joint_limits/environment/ament_prefix_path.sh
[12.289s] -- Symlinking: /home/mampane/Desktop/machine_tending_robot/ros2_kortex_ws/install/joint_limits/share/joint_limits/environment/ament_prefix_path.dsv
[12.312s] -- Symlinking: /home/mampane/Desktop/machine_tending_robot/ros2_kortex_ws/install/joint_limits/share/joint_limits/environment/path.sh
[12.334s] -- Symlinking: /home/mampane/Desktop/machine_tending_robot/ros2_kortex_ws/install/joint_limits/share/joint_limits/environment/path.dsv
[12.352s] -- Symlinking: /home/mampane/Desktop/machine_tending_robot/ros2_kortex_ws/install/joint_limits/share/joint_limits/local_setup.bash
[12.361s] -- Symlinking: /home/mampane/Desktop/machine_tending_robot/ros2_kortex_ws/install/joint_limits/share/joint_limits/local_setup.sh
[12.390s] -- Symlinking: /home/mampane/Desktop/machine_tending_robot/ros2_kortex_ws/install/joint_limits/share/joint_limits/local_setup.zsh
[12.410s] -- Symlinking: /home/mampane/Desktop/machine_tending_robot/ros2_kortex_ws/install/joint_limits/share/joint_limits/local_setup.dsv
[12.429s] -- Symlinking: /home/mampane/Desktop/machine_tending_robot/ros2_kortex_ws/install/joint_limits/share/joint_limits/package.dsv
[12.455s] -- Symlinking: /home/mampane/Desktop/machine_tending_robot/ros2_kortex_ws/install/joint_limits/share/ament_index/resource_index/packages/joint_limits
[12.473s] -- Symlinking: /home/mampane/Desktop/machine_tending_robot/ros2_kortex_ws/install/joint_limits/share/joint_limits/cmake/ament_cmake_export_targets-extras.cmake
[12.498s] -- Symlinking: /home/mampane/Desktop/machine_tending_robot/ros2_kortex_ws/install/joint_limits/share/joint_limits/cmake/ament_cmake_export_dependencies-extras.cmake
[12.517s] -- Symlinking: /home/mampane/Desktop/machine_tending_robot/ros2_kortex_ws/install/joint_limits/share/joint_limits/cmake/ament_cmake_export_include_directories-extras.cmake
[12.542s] -- Symlinking: /home/mampane/Desktop/machine_tending_robot/ros2_kortex_ws/install/joint_limits/share/joint_limits/cmake/joint_limitsConfig.cmake
[12.569s] -- Symlinking: /home/mampane/Desktop/machine_tending_robot/ros2_kortex_ws/install/joint_limits/share/joint_limits/cmake/joint_limitsConfig-version.cmake
[12.607s] -- Symlinking: /home/mampane/Desktop/machine_tending_robot/ros2_kortex_ws/install/joint_limits/share/joint_limits/package.xml
[12.627s] -- Symlinking: /home/mampane/Desktop/machine_tending_robot/ros2_kortex_ws/install/joint_limits/include/joint_limits/joint_limits/version.h
[12.649s] -- Installing: /home/mampane/Desktop/machine_tending_robot/ros2_kortex_ws/install/joint_limits/share/joint_limits/cmake/export_joint_limitsExport.cmake
[12.671s] Invoked command in '/home/mampane/Desktop/machine_tending_robot/ros2_kortex_ws/build/joint_limits' returned '0': CMAKE_PREFIX_PATH=/opt/ros/humble /usr/bin/cmake --install /home/mampane/Desktop/machine_tending_robot/ros2_kortex_ws/build/joint_limits
