[0.264s] Invoking command in '/home/mampane/Desktop/machine_tending_robot/ros2_kortex_ws/build/gazebo_ros2_control': AMENT_PREFIX_PATH=/home/mampane/Desktop/machine_tending_robot/ros2_kortex_ws/install/controller_manager:/home/mampane/Desktop/machine_tending_robot/ros2_kortex_ws/install/hardware_interface_testing:/home/mampane/Desktop/machine_tending_robot/ros2_kortex_ws/install/controller_interface:/home/mampane/Desktop/machine_tending_robot/ros2_kortex_ws/install/hardware_interface:/home/mampane/Desktop/machine_tending_robot/ros2_kortex_ws/install/ros2_control_test_assets:/home/mampane/Desktop/machine_tending_robot/ros2_kortex_ws/install/realtime_tools:/home/mampane/Desktop/machine_tending_robot/ros2_kortex_ws/install/controller_manager_msgs:/home/mampane/Desktop/machine_tending_robot/ros2_kortex_ws/install/control_msgs:${AMENT_PREFIX_PATH} CMAKE_PREFIX_PATH=/home/mampane/Desktop/machine_tending_robot/ros2_kortex_ws/install/controller_manager:/home/mampane/Desktop/machine_tending_robot/ros2_kortex_ws/install/hardware_interface_testing:/home/mampane/Desktop/machine_tending_robot/ros2_kortex_ws/install/controller_interface:/home/mampane/Desktop/machine_tending_robot/ros2_kortex_ws/install/hardware_interface:/home/mampane/Desktop/machine_tending_robot/ros2_kortex_ws/install/ros2_control_test_assets:/home/mampane/Desktop/machine_tending_robot/ros2_kortex_ws/install/realtime_tools:/home/mampane/Desktop/machine_tending_robot/ros2_kortex_ws/install/controller_manager_msgs:/home/mampane/Desktop/machine_tending_robot/ros2_kortex_ws/install/control_msgs:/opt/ros/humble LD_LIBRARY_PATH=/home/mampane/Desktop/machine_tending_robot/ros2_kortex_ws/install/controller_manager/lib:/home/mampane/Desktop/machine_tending_robot/ros2_kortex_ws/install/hardware_interface_testing/lib:/home/mampane/Desktop/machine_tending_robot/ros2_kortex_ws/install/controller_interface/lib:/home/mampane/Desktop/machine_tending_robot/ros2_kortex_ws/install/hardware_interface/lib:/home/mampane/Desktop/machine_tending_robot/ros2_kortex_ws/install/realtime_tools/lib:/home/mampane/Desktop/machine_tending_robot/ros2_kortex_ws/install/controller_manager_msgs/lib:/home/mampane/Desktop/machine_tending_robot/ros2_kortex_ws/install/control_msgs/lib:${LD_LIBRARY_PATH} PYTHONPATH=/home/mampane/Desktop/machine_tending_robot/ros2_kortex_ws/install/controller_manager/local/lib/python3.10/dist-packages:/home/mampane/Desktop/machine_tending_robot/ros2_kortex_ws/install/controller_manager_msgs/local/lib/python3.10/dist-packages:/home/mampane/Desktop/machine_tending_robot/ros2_kortex_ws/install/control_msgs/local/lib/python3.10/dist-packages:${PYTHONPATH} /usr/bin/cmake /home/mampane/Desktop/machine_tending_robot/ros2_kortex_ws/src/gazebo_ros2_control/gazebo_ros2_control -DAMENT_CMAKE_SYMLINK_INSTALL=1 -DCMAKE_INSTALL_PREFIX=/home/mampane/Desktop/machine_tending_robot/ros2_kortex_ws/install/gazebo_ros2_control
[3.376s] -- The C compiler identification is GNU 11.4.0
[3.376s] -- The CXX compiler identification is GNU 11.4.0
[3.376s] -- Detecting C compiler ABI info
[3.376s] -- Detecting C compiler ABI info - done
[3.376s] -- Check for working C compiler: /usr/bin/cc - skipped
[3.376s] -- Detecting C compile features
[3.376s] -- Detecting C compile features - done
[3.376s] -- Detecting CXX compiler ABI info
[3.376s] -- Detecting CXX compiler ABI info - done
[3.376s] -- Check for working CXX compiler: /usr/bin/c++ - skipped
[3.376s] -- Detecting CXX compile features
[3.376s] -- Detecting CXX compile features - done
[3.377s] -- Found ament_cmake: 1.3.11 (/opt/ros/humble/share/ament_cmake/cmake)
[3.377s] -- Found Python3: /usr/bin/python3 (found version "3.10.12") found components: Interpreter 
[3.377s] -- Override CMake install command with custom implementation using symlinks instead of copying resources
[3.377s] -- Found angles: 1.15.0 (/opt/ros/humble/share/angles/cmake)
[3.377s] -- Found controller_manager: 2.48.0 (/home/mampane/Desktop/machine_tending_robot/ros2_kortex_ws/install/controller_manager/share/controller_manager/cmake)
[3.377s] -- Found rosidl_generator_c: 3.1.6 (/opt/ros/humble/share/rosidl_generator_c/cmake)
[3.377s] -- Found rosidl_adapter: 3.1.6 (/opt/ros/humble/share/rosidl_adapter/cmake)
[3.377s] -- Found rosidl_generator_cpp: 3.1.6 (/opt/ros/humble/share/rosidl_generator_cpp/cmake)
[3.377s] -- Using all available rosidl_typesupport_c: rosidl_typesupport_fastrtps_c;rosidl_typesupport_introspection_c
[3.377s] -- Using all available rosidl_typesupport_cpp: rosidl_typesupport_fastrtps_cpp;rosidl_typesupport_introspection_cpp
[3.377s] -- Found rmw_implementation_cmake: 6.1.2 (/opt/ros/humble/share/rmw_implementation_cmake/cmake)
[3.377s] -- Found rmw_fastrtps_cpp: 6.2.7 (/opt/ros/humble/share/rmw_fastrtps_cpp/cmake)
[3.377s] -- Found TinyXML2 via Config file: TinyXML2_DIR-NOTFOUND
[3.378s] -- Found OpenSSL: /usr/lib/x86_64-linux-gnu/libcrypto.so (found version "3.0.2")  
[3.378s] -- Found TinyXML2 via Config file: TinyXML2_DIR-NOTFOUND
[3.378s] -- Found FastRTPS: /opt/ros/humble/include  
[3.378s] -- Found TinyXML2 via Config file: TinyXML2_DIR-NOTFOUND
[3.378s] -- Found TinyXML2 via Config file: TinyXML2_DIR-NOTFOUND
[3.378s] -- Using RMW implementation 'rmw_fastrtps_cpp' as default
[3.378s] -- Looking for pthread.h
[3.378s] -- Looking for pthread.h - found
[3.378s] -- Performing Test CMAKE_HAVE_LIBC_PTHREAD
[3.378s] -- Performing Test CMAKE_HAVE_LIBC_PTHREAD - Success
[3.378s] -- Found Threads: TRUE  
[3.378s] -- Found control_toolbox: 3.6.0 (/opt/ros/humble/share/control_toolbox/cmake)
[3.378s] -- Found gazebo_dev: 3.9.0 (/opt/ros/humble/share/gazebo_dev/cmake)
[3.378s] -- Found PkgConfig: /usr/bin/pkg-config (found version "0.29.2") 
[3.379s] -- Checking for module 'bullet>=2.82'
[3.379s] --   Found bullet, version 3.05
[3.379s] -- Found fcl: /usr/include (found suitable version "0.7.0", minimum required is "0.5.0") 
[3.379s] -- Found assimp: /usr/include (found version "5.2.0") 
[3.379s] -- Found DART: /usr/include (Required is at least version "6.6") found components: dart 
[3.379s] -- Found Boost: /usr/lib/x86_64-linux-gnu/cmake/Boost-1.74.0/BoostConfig.cmake (found suitable version "1.74.0", minimum required is "1.40.0") found components: thread system filesystem program_options regex iostreams date_time 
[3.426s] -- Found Protobuf: /usr/lib/x86_64-linux-gnu/libprotobuf.so (found version "3.12.4") 
[3.457s] -- Looking for ignition-math6 -- found version 6.15.1
[3.493s] -- Searching for dependencies of ignition-math6
[3.508s] -- Looking for OGRE...
[3.509s] -- OGRE_PREFIX_WATCH changed.
[3.525s] -- Checking for module 'OGRE'
[3.563s] --   Found OGRE, version 1.9.0
[3.771s] -- Found Ogre Ghadamon (1.9.0)
[3.815s] -- Found OGRE: optimized;/usr/lib/x86_64-linux-gnu/libOgreMain.so;debug;/usr/lib/x86_64-linux-gnu/libOgreMain.so
[3.927s] -- Looking for OGRE_Paging...
[3.987s] -- Found OGRE_Paging: optimized;/usr/lib/x86_64-linux-gnu/libOgrePaging.so;debug;/usr/lib/x86_64-linux-gnu/libOgrePaging.so
[3.988s] -- Looking for OGRE_Terrain...
[4.025s] -- Found OGRE_Terrain: optimized;/usr/lib/x86_64-linux-gnu/libOgreTerrain.so;debug;/usr/lib/x86_64-linux-gnu/libOgreTerrain.so
[4.026s] -- Looking for OGRE_Property...
[4.062s] -- Found OGRE_Property: optimized;/usr/lib/x86_64-linux-gnu/libOgreProperty.so;debug;/usr/lib/x86_64-linux-gnu/libOgreProperty.so
[4.063s] -- Looking for OGRE_RTShaderSystem...
[4.128s] -- Found OGRE_RTShaderSystem: optimized;/usr/lib/x86_64-linux-gnu/libOgreRTShaderSystem.so;debug;/usr/lib/x86_64-linux-gnu/libOgreRTShaderSystem.so
[4.128s] -- Looking for OGRE_Volume...
[4.166s] -- Found OGRE_Volume: optimized;/usr/lib/x86_64-linux-gnu/libOgreVolume.so;debug;/usr/lib/x86_64-linux-gnu/libOgreVolume.so
[4.166s] -- Looking for OGRE_Overlay...
[4.217s] -- Found OGRE_Overlay: optimized;/usr/lib/x86_64-linux-gnu/libOgreOverlay.so;debug;/usr/lib/x86_64-linux-gnu/libOgreOverlay.so
[5.803s] -- Looking for ignition-math6 -- found version 6.15.1
[5.843s] -- Looking for ignition-transport8 -- found version 8.2.1
[5.843s] -- Searching for dependencies of ignition-transport8
[5.999s] -- Found Protobuf: /usr/lib/x86_64-linux-gnu/libprotobuf.so (found suitable version "3.12.4", minimum required is "3") 
[6.153s] -- Config-file not installed for ZeroMQ -- checking for pkg-config
[6.190s] -- Checking for module 'libzmq >= 4'
[6.296s] --   Found libzmq , version 4.3.4
[6.518s] -- Found ZeroMQ: TRUE (Required is at least version "4") 
[6.587s] -- Checking for module 'uuid'
[6.689s] --   Found uuid, version 2.37.2
[6.932s] -- Found UUID: TRUE  
[6.950s] -- Looking for ignition-msgs5 -- found version 5.8.1
[6.961s] -- Searching for dependencies of ignition-msgs5
[7.189s] -- Looking for ignition-math6 -- found version 6.15.1
[7.216s] -- Checking for module 'tinyxml2'
[7.286s] --   Found tinyxml2, version 9.0.0
[7.447s] -- Looking for ignition-msgs5 -- found version 5.8.1
[7.473s] -- Looking for ignition-common3 -- found version 3.14.0
[7.474s] -- Searching for dependencies of ignition-common3
[7.474s] -- Looking for dlfcn.h - found
[7.476s] -- Looking for libdl - found
[7.485s] -- Found DL: TRUE  
[7.573s] -- Found tinyobjloader: /usr/lib/x86_64-linux-gnu/cmake/tinyobjloader/tinyobjloader-config.cmake (found version "2.0.0") 
[7.575s] -- Searching for <ignition-common3> component [graphics]
[7.592s] -- Looking for ignition-common3-graphics -- found version 3.14.0
[7.593s] -- Searching for dependencies of ignition-common3-graphics
[7.594s] -- Looking for ignition-math6 -- found version 6.15.1
[7.632s] -- Looking for ignition-fuel_tools4 -- found version 4.4.0
[7.635s] -- Searching for dependencies of ignition-fuel_tools4
[7.984s] -- Found CURL: /usr/lib/x86_64-linux-gnu/libcurl.so (found version "7.81.0")  
[8.113s] -- Checking for module 'jsoncpp'
[8.210s] --   Found jsoncpp, version 1.9.5
[8.378s] -- Found JSONCPP: TRUE  
[8.411s] -- Checking for module 'libzip'
[8.467s] --   Found libzip, version 1.7.3
[8.629s] -- Found ZIP: TRUE  
[8.630s] -- Looking for ignition-common3 -- found version 3.14.0
[8.640s] -- Looking for ignition-math6 -- found version 6.15.1
[8.640s] -- Looking for ignition-msgs5 -- found version 5.8.1
[8.660s] -- Gazebo version: 11.10
[8.660s] -- Checking for module 'tbb'
[8.722s] --   Found tbb, version 2021.5.0
[8.891s] -- Found gazebo_ros: 3.9.0 (/opt/ros/humble/share/gazebo_ros/cmake)
[8.918s] -- Found yaml_cpp_vendor: 8.0.2 (/opt/ros/humble/share/yaml_cpp_vendor/cmake)
[9.244s] -- Found ament_cmake_gtest: 1.3.11 (/opt/ros/humble/share/ament_cmake_gtest/cmake)
[9.259s] -- Found ament_lint_auto: 0.12.11 (/opt/ros/humble/share/ament_lint_auto/cmake)
[9.670s] -- Added test 'copyright' to check source files copyright and LICENSE
[9.694s] -- Added test 'cppcheck' to perform static code analysis on C / C++ code
[9.694s] -- Configured cppcheck include dirs: /home/mampane/Desktop/machine_tending_robot/ros2_kortex_ws/src/gazebo_ros2_control/gazebo_ros2_control/include
[9.694s] -- Configured cppcheck exclude dirs and/or files: 
[9.701s] -- Added test 'cpplint' to check C / C++ code against the Google style
[9.701s] -- Configured cpplint exclude dirs and/or files: 
[9.709s] -- Added test 'lint_cmake' to check CMake code style
[9.714s] -- Added test 'uncrustify' to check C / C++ code style
[9.715s] -- Configured uncrustify additional arguments: 
[9.721s] -- Added test 'xmllint' to check XML markup files
[9.733s] -- Configuring done
[10.183s] -- Generating done
[10.274s] -- Build files have been written to: /home/mampane/Desktop/machine_tending_robot/ros2_kortex_ws/build/gazebo_ros2_control
[10.394s] Invoked command in '/home/mampane/Desktop/machine_tending_robot/ros2_kortex_ws/build/gazebo_ros2_control' returned '0': AMENT_PREFIX_PATH=/home/mampane/Desktop/machine_tending_robot/ros2_kortex_ws/install/controller_manager:/home/mampane/Desktop/machine_tending_robot/ros2_kortex_ws/install/hardware_interface_testing:/home/mampane/Desktop/machine_tending_robot/ros2_kortex_ws/install/controller_interface:/home/mampane/Desktop/machine_tending_robot/ros2_kortex_ws/install/hardware_interface:/home/mampane/Desktop/machine_tending_robot/ros2_kortex_ws/install/ros2_control_test_assets:/home/mampane/Desktop/machine_tending_robot/ros2_kortex_ws/install/realtime_tools:/home/mampane/Desktop/machine_tending_robot/ros2_kortex_ws/install/controller_manager_msgs:/home/mampane/Desktop/machine_tending_robot/ros2_kortex_ws/install/control_msgs:${AMENT_PREFIX_PATH} CMAKE_PREFIX_PATH=/home/mampane/Desktop/machine_tending_robot/ros2_kortex_ws/install/controller_manager:/home/mampane/Desktop/machine_tending_robot/ros2_kortex_ws/install/hardware_interface_testing:/home/mampane/Desktop/machine_tending_robot/ros2_kortex_ws/install/controller_interface:/home/mampane/Desktop/machine_tending_robot/ros2_kortex_ws/install/hardware_interface:/home/mampane/Desktop/machine_tending_robot/ros2_kortex_ws/install/ros2_control_test_assets:/home/mampane/Desktop/machine_tending_robot/ros2_kortex_ws/install/realtime_tools:/home/mampane/Desktop/machine_tending_robot/ros2_kortex_ws/install/controller_manager_msgs:/home/mampane/Desktop/machine_tending_robot/ros2_kortex_ws/install/control_msgs:/opt/ros/humble LD_LIBRARY_PATH=/home/mampane/Desktop/machine_tending_robot/ros2_kortex_ws/install/controller_manager/lib:/home/mampane/Desktop/machine_tending_robot/ros2_kortex_ws/install/hardware_interface_testing/lib:/home/mampane/Desktop/machine_tending_robot/ros2_kortex_ws/install/controller_interface/lib:/home/mampane/Desktop/machine_tending_robot/ros2_kortex_ws/install/hardware_interface/lib:/home/mampane/Desktop/machine_tending_robot/ros2_kortex_ws/install/realtime_tools/lib:/home/mampane/Desktop/machine_tending_robot/ros2_kortex_ws/install/controller_manager_msgs/lib:/home/mampane/Desktop/machine_tending_robot/ros2_kortex_ws/install/control_msgs/lib:${LD_LIBRARY_PATH} PYTHONPATH=/home/mampane/Desktop/machine_tending_robot/ros2_kortex_ws/install/controller_manager/local/lib/python3.10/dist-packages:/home/mampane/Desktop/machine_tending_robot/ros2_kortex_ws/install/controller_manager_msgs/local/lib/python3.10/dist-packages:/home/mampane/Desktop/machine_tending_robot/ros2_kortex_ws/install/control_msgs/local/lib/python3.10/dist-packages:${PYTHONPATH} /usr/bin/cmake /home/mampane/Desktop/machine_tending_robot/ros2_kortex_ws/src/gazebo_ros2_control/gazebo_ros2_control -DAMENT_CMAKE_SYMLINK_INSTALL=1 -DCMAKE_INSTALL_PREFIX=/home/mampane/Desktop/machine_tending_robot/ros2_kortex_ws/install/gazebo_ros2_control
[10.395s] Invoking command in '/home/mampane/Desktop/machine_tending_robot/ros2_kortex_ws/build/gazebo_ros2_control': AMENT_PREFIX_PATH=/home/mampane/Desktop/machine_tending_robot/ros2_kortex_ws/install/controller_manager:/home/mampane/Desktop/machine_tending_robot/ros2_kortex_ws/install/hardware_interface_testing:/home/mampane/Desktop/machine_tending_robot/ros2_kortex_ws/install/controller_interface:/home/mampane/Desktop/machine_tending_robot/ros2_kortex_ws/install/hardware_interface:/home/mampane/Desktop/machine_tending_robot/ros2_kortex_ws/install/ros2_control_test_assets:/home/mampane/Desktop/machine_tending_robot/ros2_kortex_ws/install/realtime_tools:/home/mampane/Desktop/machine_tending_robot/ros2_kortex_ws/install/controller_manager_msgs:/home/mampane/Desktop/machine_tending_robot/ros2_kortex_ws/install/control_msgs:${AMENT_PREFIX_PATH} CMAKE_PREFIX_PATH=/home/mampane/Desktop/machine_tending_robot/ros2_kortex_ws/install/controller_manager:/home/mampane/Desktop/machine_tending_robot/ros2_kortex_ws/install/hardware_interface_testing:/home/mampane/Desktop/machine_tending_robot/ros2_kortex_ws/install/controller_interface:/home/mampane/Desktop/machine_tending_robot/ros2_kortex_ws/install/hardware_interface:/home/mampane/Desktop/machine_tending_robot/ros2_kortex_ws/install/ros2_control_test_assets:/home/mampane/Desktop/machine_tending_robot/ros2_kortex_ws/install/realtime_tools:/home/mampane/Desktop/machine_tending_robot/ros2_kortex_ws/install/controller_manager_msgs:/home/mampane/Desktop/machine_tending_robot/ros2_kortex_ws/install/control_msgs:/opt/ros/humble LD_LIBRARY_PATH=/home/mampane/Desktop/machine_tending_robot/ros2_kortex_ws/install/controller_manager/lib:/home/mampane/Desktop/machine_tending_robot/ros2_kortex_ws/install/hardware_interface_testing/lib:/home/mampane/Desktop/machine_tending_robot/ros2_kortex_ws/install/controller_interface/lib:/home/mampane/Desktop/machine_tending_robot/ros2_kortex_ws/install/hardware_interface/lib:/home/mampane/Desktop/machine_tending_robot/ros2_kortex_ws/install/realtime_tools/lib:/home/mampane/Desktop/machine_tending_robot/ros2_kortex_ws/install/controller_manager_msgs/lib:/home/mampane/Desktop/machine_tending_robot/ros2_kortex_ws/install/control_msgs/lib:${LD_LIBRARY_PATH} PYTHONPATH=/home/mampane/Desktop/machine_tending_robot/ros2_kortex_ws/install/controller_manager/local/lib/python3.10/dist-packages:/home/mampane/Desktop/machine_tending_robot/ros2_kortex_ws/install/controller_manager_msgs/local/lib/python3.10/dist-packages:/home/mampane/Desktop/machine_tending_robot/ros2_kortex_ws/install/control_msgs/local/lib/python3.10/dist-packages:${PYTHONPATH} /usr/bin/cmake --build /home/mampane/Desktop/machine_tending_robot/ros2_kortex_ws/build/gazebo_ros2_control -- -j20 -l20
[57.041s] [ 25%] [32mBuilding CXX object CMakeFiles/gazebo_ros2_control.dir/src/gazebo_ros2_control_plugin.cpp.o[0m
[57.041s] [ 50%] [32mBuilding CXX object CMakeFiles/gazebo_hardware_plugins.dir/src/gazebo_system.cpp.o[0m
[57.042s] [ 75%] [32m[1mLinking CXX shared library libgazebo_hardware_plugins.so[0m
[57.044s] [ 75%] Built target gazebo_hardware_plugins
[57.045s] [100%] [32m[1mLinking CXX shared library libgazebo_ros2_control.so[0m
[57.046s] [100%] Built target gazebo_ros2_control
[57.072s] Invoked command in '/home/mampane/Desktop/machine_tending_robot/ros2_kortex_ws/build/gazebo_ros2_control' returned '0': AMENT_PREFIX_PATH=/home/mampane/Desktop/machine_tending_robot/ros2_kortex_ws/install/controller_manager:/home/mampane/Desktop/machine_tending_robot/ros2_kortex_ws/install/hardware_interface_testing:/home/mampane/Desktop/machine_tending_robot/ros2_kortex_ws/install/controller_interface:/home/mampane/Desktop/machine_tending_robot/ros2_kortex_ws/install/hardware_interface:/home/mampane/Desktop/machine_tending_robot/ros2_kortex_ws/install/ros2_control_test_assets:/home/mampane/Desktop/machine_tending_robot/ros2_kortex_ws/install/realtime_tools:/home/mampane/Desktop/machine_tending_robot/ros2_kortex_ws/install/controller_manager_msgs:/home/mampane/Desktop/machine_tending_robot/ros2_kortex_ws/install/control_msgs:${AMENT_PREFIX_PATH} CMAKE_PREFIX_PATH=/home/mampane/Desktop/machine_tending_robot/ros2_kortex_ws/install/controller_manager:/home/mampane/Desktop/machine_tending_robot/ros2_kortex_ws/install/hardware_interface_testing:/home/mampane/Desktop/machine_tending_robot/ros2_kortex_ws/install/controller_interface:/home/mampane/Desktop/machine_tending_robot/ros2_kortex_ws/install/hardware_interface:/home/mampane/Desktop/machine_tending_robot/ros2_kortex_ws/install/ros2_control_test_assets:/home/mampane/Desktop/machine_tending_robot/ros2_kortex_ws/install/realtime_tools:/home/mampane/Desktop/machine_tending_robot/ros2_kortex_ws/install/controller_manager_msgs:/home/mampane/Desktop/machine_tending_robot/ros2_kortex_ws/install/control_msgs:/opt/ros/humble LD_LIBRARY_PATH=/home/mampane/Desktop/machine_tending_robot/ros2_kortex_ws/install/controller_manager/lib:/home/mampane/Desktop/machine_tending_robot/ros2_kortex_ws/install/hardware_interface_testing/lib:/home/mampane/Desktop/machine_tending_robot/ros2_kortex_ws/install/controller_interface/lib:/home/mampane/Desktop/machine_tending_robot/ros2_kortex_ws/install/hardware_interface/lib:/home/mampane/Desktop/machine_tending_robot/ros2_kortex_ws/install/realtime_tools/lib:/home/mampane/Desktop/machine_tending_robot/ros2_kortex_ws/install/controller_manager_msgs/lib:/home/mampane/Desktop/machine_tending_robot/ros2_kortex_ws/install/control_msgs/lib:${LD_LIBRARY_PATH} PYTHONPATH=/home/mampane/Desktop/machine_tending_robot/ros2_kortex_ws/install/controller_manager/local/lib/python3.10/dist-packages:/home/mampane/Desktop/machine_tending_robot/ros2_kortex_ws/install/controller_manager_msgs/local/lib/python3.10/dist-packages:/home/mampane/Desktop/machine_tending_robot/ros2_kortex_ws/install/control_msgs/local/lib/python3.10/dist-packages:${PYTHONPATH} /usr/bin/cmake --build /home/mampane/Desktop/machine_tending_robot/ros2_kortex_ws/build/gazebo_ros2_control -- -j20 -l20
[57.072s] Invoking command in '/home/mampane/Desktop/machine_tending_robot/ros2_kortex_ws/build/gazebo_ros2_control': AMENT_PREFIX_PATH=/home/mampane/Desktop/machine_tending_robot/ros2_kortex_ws/install/controller_manager:/home/mampane/Desktop/machine_tending_robot/ros2_kortex_ws/install/hardware_interface_testing:/home/mampane/Desktop/machine_tending_robot/ros2_kortex_ws/install/controller_interface:/home/mampane/Desktop/machine_tending_robot/ros2_kortex_ws/install/hardware_interface:/home/mampane/Desktop/machine_tending_robot/ros2_kortex_ws/install/ros2_control_test_assets:/home/mampane/Desktop/machine_tending_robot/ros2_kortex_ws/install/realtime_tools:/home/mampane/Desktop/machine_tending_robot/ros2_kortex_ws/install/controller_manager_msgs:/home/mampane/Desktop/machine_tending_robot/ros2_kortex_ws/install/control_msgs:${AMENT_PREFIX_PATH} CMAKE_PREFIX_PATH=/home/mampane/Desktop/machine_tending_robot/ros2_kortex_ws/install/controller_manager:/home/mampane/Desktop/machine_tending_robot/ros2_kortex_ws/install/hardware_interface_testing:/home/mampane/Desktop/machine_tending_robot/ros2_kortex_ws/install/controller_interface:/home/mampane/Desktop/machine_tending_robot/ros2_kortex_ws/install/hardware_interface:/home/mampane/Desktop/machine_tending_robot/ros2_kortex_ws/install/ros2_control_test_assets:/home/mampane/Desktop/machine_tending_robot/ros2_kortex_ws/install/realtime_tools:/home/mampane/Desktop/machine_tending_robot/ros2_kortex_ws/install/controller_manager_msgs:/home/mampane/Desktop/machine_tending_robot/ros2_kortex_ws/install/control_msgs:/opt/ros/humble LD_LIBRARY_PATH=/home/mampane/Desktop/machine_tending_robot/ros2_kortex_ws/install/controller_manager/lib:/home/mampane/Desktop/machine_tending_robot/ros2_kortex_ws/install/hardware_interface_testing/lib:/home/mampane/Desktop/machine_tending_robot/ros2_kortex_ws/install/controller_interface/lib:/home/mampane/Desktop/machine_tending_robot/ros2_kortex_ws/install/hardware_interface/lib:/home/mampane/Desktop/machine_tending_robot/ros2_kortex_ws/install/realtime_tools/lib:/home/mampane/Desktop/machine_tending_robot/ros2_kortex_ws/install/controller_manager_msgs/lib:/home/mampane/Desktop/machine_tending_robot/ros2_kortex_ws/install/control_msgs/lib:${LD_LIBRARY_PATH} PYTHONPATH=/home/mampane/Desktop/machine_tending_robot/ros2_kortex_ws/install/controller_manager/local/lib/python3.10/dist-packages:/home/mampane/Desktop/machine_tending_robot/ros2_kortex_ws/install/controller_manager_msgs/local/lib/python3.10/dist-packages:/home/mampane/Desktop/machine_tending_robot/ros2_kortex_ws/install/control_msgs/local/lib/python3.10/dist-packages:${PYTHONPATH} /usr/bin/cmake --install /home/mampane/Desktop/machine_tending_robot/ros2_kortex_ws/build/gazebo_ros2_control
[57.394s] -- Install configuration: ""
[57.394s] -- Execute custom install script
[57.394s] -- Symlinking: /home/mampane/Desktop/machine_tending_robot/ros2_kortex_ws/install/gazebo_ros2_control/lib/libgazebo_ros2_control.so
[57.394s] -- Symlinking: /home/mampane/Desktop/machine_tending_robot/ros2_kortex_ws/install/gazebo_ros2_control/lib/libgazebo_hardware_plugins.so
[57.395s] -- Symlinking: /home/mampane/Desktop/machine_tending_robot/ros2_kortex_ws/install/gazebo_ros2_control/share/gazebo_ros2_control/environment/library_path.sh
[57.395s] -- Symlinking: /home/mampane/Desktop/machine_tending_robot/ros2_kortex_ws/install/gazebo_ros2_control/share/gazebo_ros2_control/environment/library_path.dsv
[57.395s] -- Symlinking: /home/mampane/Desktop/machine_tending_robot/ros2_kortex_ws/install/gazebo_ros2_control/include/gazebo_ros2_control/gazebo_ros2_control_plugin.hpp
[57.395s] -- Symlinking: /home/mampane/Desktop/machine_tending_robot/ros2_kortex_ws/install/gazebo_ros2_control/include/gazebo_ros2_control/gazebo_system.hpp
[57.396s] -- Symlinking: /home/mampane/Desktop/machine_tending_robot/ros2_kortex_ws/install/gazebo_ros2_control/include/gazebo_ros2_control/gazebo_system_interface.hpp
[57.396s] -- Symlinking: /home/mampane/Desktop/machine_tending_robot/ros2_kortex_ws/install/gazebo_ros2_control/share/gazebo_ros2_control//gazebo_hardware_plugins.xml
[57.396s] -- Symlinking: /home/mampane/Desktop/machine_tending_robot/ros2_kortex_ws/install/gazebo_ros2_control/share/ament_index/resource_index/package_run_dependencies/gazebo_ros2_control
[57.396s] -- Symlinking: /home/mampane/Desktop/machine_tending_robot/ros2_kortex_ws/install/gazebo_ros2_control/share/ament_index/resource_index/parent_prefix_path/gazebo_ros2_control
[57.397s] -- Symlinking: /home/mampane/Desktop/machine_tending_robot/ros2_kortex_ws/install/gazebo_ros2_control/share/gazebo_ros2_control/environment/ament_prefix_path.sh
[57.397s] -- Symlinking: /home/mampane/Desktop/machine_tending_robot/ros2_kortex_ws/install/gazebo_ros2_control/share/gazebo_ros2_control/environment/ament_prefix_path.dsv
[57.397s] -- Symlinking: /home/mampane/Desktop/machine_tending_robot/ros2_kortex_ws/install/gazebo_ros2_control/share/gazebo_ros2_control/environment/path.sh
[57.397s] -- Symlinking: /home/mampane/Desktop/machine_tending_robot/ros2_kortex_ws/install/gazebo_ros2_control/share/gazebo_ros2_control/environment/path.dsv
[57.397s] -- Symlinking: /home/mampane/Desktop/machine_tending_robot/ros2_kortex_ws/install/gazebo_ros2_control/share/gazebo_ros2_control/local_setup.bash
[57.398s] -- Symlinking: /home/mampane/Desktop/machine_tending_robot/ros2_kortex_ws/install/gazebo_ros2_control/share/gazebo_ros2_control/local_setup.sh
[57.398s] -- Symlinking: /home/mampane/Desktop/machine_tending_robot/ros2_kortex_ws/install/gazebo_ros2_control/share/gazebo_ros2_control/local_setup.zsh
[57.398s] -- Symlinking: /home/mampane/Desktop/machine_tending_robot/ros2_kortex_ws/install/gazebo_ros2_control/share/gazebo_ros2_control/local_setup.dsv
[57.399s] -- Symlinking: /home/mampane/Desktop/machine_tending_robot/ros2_kortex_ws/install/gazebo_ros2_control/share/gazebo_ros2_control/package.dsv
[57.399s] -- Symlinking: /home/mampane/Desktop/machine_tending_robot/ros2_kortex_ws/install/gazebo_ros2_control/share/ament_index/resource_index/packages/gazebo_ros2_control
[57.399s] -- Symlinking: /home/mampane/Desktop/machine_tending_robot/ros2_kortex_ws/install/gazebo_ros2_control/share/ament_index/resource_index/gazebo_ros2_control__pluginlib__plugin/gazebo_ros2_control
[57.399s] -- Symlinking: /home/mampane/Desktop/machine_tending_robot/ros2_kortex_ws/install/gazebo_ros2_control/share/gazebo_ros2_control/cmake/ament_cmake_export_include_directories-extras.cmake
[57.400s] -- Symlinking: /home/mampane/Desktop/machine_tending_robot/ros2_kortex_ws/install/gazebo_ros2_control/share/gazebo_ros2_control/cmake/ament_cmake_export_dependencies-extras.cmake
[57.400s] -- Symlinking: /home/mampane/Desktop/machine_tending_robot/ros2_kortex_ws/install/gazebo_ros2_control/share/gazebo_ros2_control/cmake/ament_cmake_export_libraries-extras.cmake
[57.400s] -- Symlinking: /home/mampane/Desktop/machine_tending_robot/ros2_kortex_ws/install/gazebo_ros2_control/share/gazebo_ros2_control/cmake/gazebo_ros2_controlConfig.cmake
[57.400s] -- Symlinking: /home/mampane/Desktop/machine_tending_robot/ros2_kortex_ws/install/gazebo_ros2_control/share/gazebo_ros2_control/cmake/gazebo_ros2_controlConfig-version.cmake
[57.402s] -- Symlinking: /home/mampane/Desktop/machine_tending_robot/ros2_kortex_ws/install/gazebo_ros2_control/share/gazebo_ros2_control/package.xml
[57.426s] Invoked command in '/home/mampane/Desktop/machine_tending_robot/ros2_kortex_ws/build/gazebo_ros2_control' returned '0': AMENT_PREFIX_PATH=/home/mampane/Desktop/machine_tending_robot/ros2_kortex_ws/install/controller_manager:/home/mampane/Desktop/machine_tending_robot/ros2_kortex_ws/install/hardware_interface_testing:/home/mampane/Desktop/machine_tending_robot/ros2_kortex_ws/install/controller_interface:/home/mampane/Desktop/machine_tending_robot/ros2_kortex_ws/install/hardware_interface:/home/mampane/Desktop/machine_tending_robot/ros2_kortex_ws/install/ros2_control_test_assets:/home/mampane/Desktop/machine_tending_robot/ros2_kortex_ws/install/realtime_tools:/home/mampane/Desktop/machine_tending_robot/ros2_kortex_ws/install/controller_manager_msgs:/home/mampane/Desktop/machine_tending_robot/ros2_kortex_ws/install/control_msgs:${AMENT_PREFIX_PATH} CMAKE_PREFIX_PATH=/home/mampane/Desktop/machine_tending_robot/ros2_kortex_ws/install/controller_manager:/home/mampane/Desktop/machine_tending_robot/ros2_kortex_ws/install/hardware_interface_testing:/home/mampane/Desktop/machine_tending_robot/ros2_kortex_ws/install/controller_interface:/home/mampane/Desktop/machine_tending_robot/ros2_kortex_ws/install/hardware_interface:/home/mampane/Desktop/machine_tending_robot/ros2_kortex_ws/install/ros2_control_test_assets:/home/mampane/Desktop/machine_tending_robot/ros2_kortex_ws/install/realtime_tools:/home/mampane/Desktop/machine_tending_robot/ros2_kortex_ws/install/controller_manager_msgs:/home/mampane/Desktop/machine_tending_robot/ros2_kortex_ws/install/control_msgs:/opt/ros/humble LD_LIBRARY_PATH=/home/mampane/Desktop/machine_tending_robot/ros2_kortex_ws/install/controller_manager/lib:/home/mampane/Desktop/machine_tending_robot/ros2_kortex_ws/install/hardware_interface_testing/lib:/home/mampane/Desktop/machine_tending_robot/ros2_kortex_ws/install/controller_interface/lib:/home/mampane/Desktop/machine_tending_robot/ros2_kortex_ws/install/hardware_interface/lib:/home/mampane/Desktop/machine_tending_robot/ros2_kortex_ws/install/realtime_tools/lib:/home/mampane/Desktop/machine_tending_robot/ros2_kortex_ws/install/controller_manager_msgs/lib:/home/mampane/Desktop/machine_tending_robot/ros2_kortex_ws/install/control_msgs/lib:${LD_LIBRARY_PATH} PYTHONPATH=/home/mampane/Desktop/machine_tending_robot/ros2_kortex_ws/install/controller_manager/local/lib/python3.10/dist-packages:/home/mampane/Desktop/machine_tending_robot/ros2_kortex_ws/install/controller_manager_msgs/local/lib/python3.10/dist-packages:/home/mampane/Desktop/machine_tending_robot/ros2_kortex_ws/install/control_msgs/local/lib/python3.10/dist-packages:${PYTHONPATH} /usr/bin/cmake --install /home/mampane/Desktop/machine_tending_robot/ros2_kortex_ws/build/gazebo_ros2_control
