[0.523s] Invoking command in '/home/mampane/Desktop/machine_tending_robot/ros2_kortex_ws/src/ros2_control/rqt_controller_manager': AMENT_PREFIX_PATH=/home/mampane/Desktop/machine_tending_robot/ros2_kortex_ws/install/controller_manager:/home/mampane/Desktop/machine_tending_robot/ros2_kortex_ws/install/hardware_interface_testing:/home/mampane/Desktop/machine_tending_robot/ros2_kortex_ws/install/controller_interface:/home/mampane/Desktop/machine_tending_robot/ros2_kortex_ws/install/hardware_interface:/home/mampane/Desktop/machine_tending_robot/ros2_kortex_ws/install/ros2_control_test_assets:/home/mampane/Desktop/machine_tending_robot/ros2_kortex_ws/install/realtime_tools:/home/mampane/Desktop/machine_tending_robot/ros2_kortex_ws/install/controller_manager_msgs:/home/mampane/Desktop/machine_tending_robot/ros2_kortex_ws/install/control_msgs:${AMENT_PREFIX_PATH} CMAKE_PREFIX_PATH=/home/mampane/Desktop/machine_tending_robot/ros2_kortex_ws/install/controller_manager:/home/mampane/Desktop/machine_tending_robot/ros2_kortex_ws/install/hardware_interface_testing:/home/mampane/Desktop/machine_tending_robot/ros2_kortex_ws/install/controller_interface:/home/mampane/Desktop/machine_tending_robot/ros2_kortex_ws/install/hardware_interface:/home/mampane/Desktop/machine_tending_robot/ros2_kortex_ws/install/ros2_control_test_assets:/home/mampane/Desktop/machine_tending_robot/ros2_kortex_ws/install/realtime_tools:/home/mampane/Desktop/machine_tending_robot/ros2_kortex_ws/install/controller_manager_msgs:/home/mampane/Desktop/machine_tending_robot/ros2_kortex_ws/install/control_msgs:${CMAKE_PREFIX_PATH} LD_LIBRARY_PATH=/home/mampane/Desktop/machine_tending_robot/ros2_kortex_ws/install/controller_manager/lib:/home/mampane/Desktop/machine_tending_robot/ros2_kortex_ws/install/hardware_interface_testing/lib:/home/mampane/Desktop/machine_tending_robot/ros2_kortex_ws/install/controller_interface/lib:/home/mampane/Desktop/machine_tending_robot/ros2_kortex_ws/install/hardware_interface/lib:/home/mampane/Desktop/machine_tending_robot/ros2_kortex_ws/install/realtime_tools/lib:/home/mampane/Desktop/machine_tending_robot/ros2_kortex_ws/install/controller_manager_msgs/lib:/home/mampane/Desktop/machine_tending_robot/ros2_kortex_ws/install/control_msgs/lib:${LD_LIBRARY_PATH} PYTHONPATH=/home/mampane/Desktop/machine_tending_robot/ros2_kortex_ws/build/rqt_controller_manager/prefix_override:/usr/lib/python3/dist-packages/colcon_core/task/python/colcon_distutils_commands:/home/mampane/Desktop/machine_tending_robot/ros2_kortex_ws/install/rqt_controller_manager/lib/python3.10/site-packages:/home/mampane/Desktop/machine_tending_robot/ros2_kortex_ws/install/controller_manager/local/lib/python3.10/dist-packages:/home/mampane/Desktop/machine_tending_robot/ros2_kortex_ws/install/controller_manager_msgs/local/lib/python3.10/dist-packages:/home/mampane/Desktop/machine_tending_robot/ros2_kortex_ws/install/control_msgs/local/lib/python3.10/dist-packages:${PYTHONPATH} /usr/bin/python3 -W ignore:setup.py install is deprecated -W ignore:easy_install command is deprecated setup.py egg_info --egg-base ../../../build/rqt_controller_manager build --build-base /home/mampane/Desktop/machine_tending_robot/ros2_kortex_ws/build/rqt_controller_manager/build install --record /home/mampane/Desktop/machine_tending_robot/ros2_kortex_ws/build/rqt_controller_manager/install.log --single-version-externally-managed install_data
[0.697s] running egg_info
[0.698s] creating ../../../build/rqt_controller_manager/rqt_controller_manager.egg-info
[0.698s] writing ../../../build/rqt_controller_manager/rqt_controller_manager.egg-info/PKG-INFO
[0.698s] writing dependency_links to ../../../build/rqt_controller_manager/rqt_controller_manager.egg-info/dependency_links.txt
[0.698s] writing entry points to ../../../build/rqt_controller_manager/rqt_controller_manager.egg-info/entry_points.txt
[0.698s] writing requirements to ../../../build/rqt_controller_manager/rqt_controller_manager.egg-info/requires.txt
[0.698s] writing top-level names to ../../../build/rqt_controller_manager/rqt_controller_manager.egg-info/top_level.txt
[0.698s] writing manifest file '../../../build/rqt_controller_manager/rqt_controller_manager.egg-info/SOURCES.txt'
[0.699s] reading manifest file '../../../build/rqt_controller_manager/rqt_controller_manager.egg-info/SOURCES.txt'
[0.700s] writing manifest file '../../../build/rqt_controller_manager/rqt_controller_manager.egg-info/SOURCES.txt'
[0.700s] running build
[0.700s] running build_py
[0.700s] creating /home/mampane/Desktop/machine_tending_robot/ros2_kortex_ws/build/rqt_controller_manager/build
[0.700s] creating /home/mampane/Desktop/machine_tending_robot/ros2_kortex_ws/build/rqt_controller_manager/build/lib
[0.700s] creating /home/mampane/Desktop/machine_tending_robot/ros2_kortex_ws/build/rqt_controller_manager/build/lib/rqt_controller_manager
[0.700s] copying rqt_controller_manager/update_combo.py -> /home/mampane/Desktop/machine_tending_robot/ros2_kortex_ws/build/rqt_controller_manager/build/lib/rqt_controller_manager
[0.701s] copying rqt_controller_manager/controller_manager.py -> /home/mampane/Desktop/machine_tending_robot/ros2_kortex_ws/build/rqt_controller_manager/build/lib/rqt_controller_manager
[0.701s] copying rqt_controller_manager/__init__.py -> /home/mampane/Desktop/machine_tending_robot/ros2_kortex_ws/build/rqt_controller_manager/build/lib/rqt_controller_manager
[0.701s] copying rqt_controller_manager/main.py -> /home/mampane/Desktop/machine_tending_robot/ros2_kortex_ws/build/rqt_controller_manager/build/lib/rqt_controller_manager
[0.701s] running install
[0.701s] running install_lib
[0.701s] creating /home/mampane/Desktop/machine_tending_robot/ros2_kortex_ws/install/rqt_controller_manager/lib/python3.10/site-packages/rqt_controller_manager
[0.701s] copying /home/mampane/Desktop/machine_tending_robot/ros2_kortex_ws/build/rqt_controller_manager/build/lib/rqt_controller_manager/update_combo.py -> /home/mampane/Desktop/machine_tending_robot/ros2_kortex_ws/install/rqt_controller_manager/lib/python3.10/site-packages/rqt_controller_manager
[0.701s] copying /home/mampane/Desktop/machine_tending_robot/ros2_kortex_ws/build/rqt_controller_manager/build/lib/rqt_controller_manager/controller_manager.py -> /home/mampane/Desktop/machine_tending_robot/ros2_kortex_ws/install/rqt_controller_manager/lib/python3.10/site-packages/rqt_controller_manager
[0.701s] copying /home/mampane/Desktop/machine_tending_robot/ros2_kortex_ws/build/rqt_controller_manager/build/lib/rqt_controller_manager/__init__.py -> /home/mampane/Desktop/machine_tending_robot/ros2_kortex_ws/install/rqt_controller_manager/lib/python3.10/site-packages/rqt_controller_manager
[0.702s] copying /home/mampane/Desktop/machine_tending_robot/ros2_kortex_ws/build/rqt_controller_manager/build/lib/rqt_controller_manager/main.py -> /home/mampane/Desktop/machine_tending_robot/ros2_kortex_ws/install/rqt_controller_manager/lib/python3.10/site-packages/rqt_controller_manager
[0.702s] byte-compiling /home/mampane/Desktop/machine_tending_robot/ros2_kortex_ws/install/rqt_controller_manager/lib/python3.10/site-packages/rqt_controller_manager/update_combo.py to update_combo.cpython-310.pyc
[0.702s] byte-compiling /home/mampane/Desktop/machine_tending_robot/ros2_kortex_ws/install/rqt_controller_manager/lib/python3.10/site-packages/rqt_controller_manager/controller_manager.py to controller_manager.cpython-310.pyc
[0.704s] byte-compiling /home/mampane/Desktop/machine_tending_robot/ros2_kortex_ws/install/rqt_controller_manager/lib/python3.10/site-packages/rqt_controller_manager/__init__.py to __init__.cpython-310.pyc
[0.704s] byte-compiling /home/mampane/Desktop/machine_tending_robot/ros2_kortex_ws/install/rqt_controller_manager/lib/python3.10/site-packages/rqt_controller_manager/main.py to main.cpython-310.pyc
[0.704s] running install_data
[0.704s] creating /home/mampane/Desktop/machine_tending_robot/ros2_kortex_ws/install/rqt_controller_manager/share/ament_index
[0.704s] creating /home/mampane/Desktop/machine_tending_robot/ros2_kortex_ws/install/rqt_controller_manager/share/ament_index/resource_index
[0.705s] creating /home/mampane/Desktop/machine_tending_robot/ros2_kortex_ws/install/rqt_controller_manager/share/ament_index/resource_index/packages
[0.705s] copying resource/rqt_controller_manager -> /home/mampane/Desktop/machine_tending_robot/ros2_kortex_ws/install/rqt_controller_manager/share/ament_index/resource_index/packages
[0.705s] copying package.xml -> /home/mampane/Desktop/machine_tending_robot/ros2_kortex_ws/install/rqt_controller_manager/share/rqt_controller_manager
[0.705s] creating /home/mampane/Desktop/machine_tending_robot/ros2_kortex_ws/install/rqt_controller_manager/share/rqt_controller_manager/resource
[0.705s] copying resource/controller_manager.ui -> /home/mampane/Desktop/machine_tending_robot/ros2_kortex_ws/install/rqt_controller_manager/share/rqt_controller_manager/resource
[0.705s] copying resource/led_green.png -> /home/mampane/Desktop/machine_tending_robot/ros2_kortex_ws/install/rqt_controller_manager/share/rqt_controller_manager/resource
[0.705s] copying resource/led_off.png -> /home/mampane/Desktop/machine_tending_robot/ros2_kortex_ws/install/rqt_controller_manager/share/rqt_controller_manager/resource
[0.705s] copying resource/popup_info.ui -> /home/mampane/Desktop/machine_tending_robot/ros2_kortex_ws/install/rqt_controller_manager/share/rqt_controller_manager/resource
[0.705s] copying resource/cm_icon.png -> /home/mampane/Desktop/machine_tending_robot/ros2_kortex_ws/install/rqt_controller_manager/share/rqt_controller_manager/resource
[0.705s] copying resource/led_red.png -> /home/mampane/Desktop/machine_tending_robot/ros2_kortex_ws/install/rqt_controller_manager/share/rqt_controller_manager/resource
[0.705s] copying plugin.xml -> /home/mampane/Desktop/machine_tending_robot/ros2_kortex_ws/install/rqt_controller_manager/share/rqt_controller_manager
[0.705s] running install_egg_info
[0.706s] Copying ../../../build/rqt_controller_manager/rqt_controller_manager.egg-info to /home/mampane/Desktop/machine_tending_robot/ros2_kortex_ws/install/rqt_controller_manager/lib/python3.10/site-packages/rqt_controller_manager-2.48.0-py3.10.egg-info
[0.706s] running install_scripts
[0.721s] Installing rqt_controller_manager script to /home/mampane/Desktop/machine_tending_robot/ros2_kortex_ws/install/rqt_controller_manager/lib/rqt_controller_manager
[0.721s] writing list of installed files to '/home/mampane/Desktop/machine_tending_robot/ros2_kortex_ws/build/rqt_controller_manager/install.log'
[0.737s] Invoked command in '/home/mampane/Desktop/machine_tending_robot/ros2_kortex_ws/src/ros2_control/rqt_controller_manager' returned '0': AMENT_PREFIX_PATH=/home/mampane/Desktop/machine_tending_robot/ros2_kortex_ws/install/controller_manager:/home/mampane/Desktop/machine_tending_robot/ros2_kortex_ws/install/hardware_interface_testing:/home/mampane/Desktop/machine_tending_robot/ros2_kortex_ws/install/controller_interface:/home/mampane/Desktop/machine_tending_robot/ros2_kortex_ws/install/hardware_interface:/home/mampane/Desktop/machine_tending_robot/ros2_kortex_ws/install/ros2_control_test_assets:/home/mampane/Desktop/machine_tending_robot/ros2_kortex_ws/install/realtime_tools:/home/mampane/Desktop/machine_tending_robot/ros2_kortex_ws/install/controller_manager_msgs:/home/mampane/Desktop/machine_tending_robot/ros2_kortex_ws/install/control_msgs:${AMENT_PREFIX_PATH} CMAKE_PREFIX_PATH=/home/mampane/Desktop/machine_tending_robot/ros2_kortex_ws/install/controller_manager:/home/mampane/Desktop/machine_tending_robot/ros2_kortex_ws/install/hardware_interface_testing:/home/mampane/Desktop/machine_tending_robot/ros2_kortex_ws/install/controller_interface:/home/mampane/Desktop/machine_tending_robot/ros2_kortex_ws/install/hardware_interface:/home/mampane/Desktop/machine_tending_robot/ros2_kortex_ws/install/ros2_control_test_assets:/home/mampane/Desktop/machine_tending_robot/ros2_kortex_ws/install/realtime_tools:/home/mampane/Desktop/machine_tending_robot/ros2_kortex_ws/install/controller_manager_msgs:/home/mampane/Desktop/machine_tending_robot/ros2_kortex_ws/install/control_msgs:${CMAKE_PREFIX_PATH} LD_LIBRARY_PATH=/home/mampane/Desktop/machine_tending_robot/ros2_kortex_ws/install/controller_manager/lib:/home/mampane/Desktop/machine_tending_robot/ros2_kortex_ws/install/hardware_interface_testing/lib:/home/mampane/Desktop/machine_tending_robot/ros2_kortex_ws/install/controller_interface/lib:/home/mampane/Desktop/machine_tending_robot/ros2_kortex_ws/install/hardware_interface/lib:/home/mampane/Desktop/machine_tending_robot/ros2_kortex_ws/install/realtime_tools/lib:/home/mampane/Desktop/machine_tending_robot/ros2_kortex_ws/install/controller_manager_msgs/lib:/home/mampane/Desktop/machine_tending_robot/ros2_kortex_ws/install/control_msgs/lib:${LD_LIBRARY_PATH} PYTHONPATH=/home/mampane/Desktop/machine_tending_robot/ros2_kortex_ws/build/rqt_controller_manager/prefix_override:/usr/lib/python3/dist-packages/colcon_core/task/python/colcon_distutils_commands:/home/mampane/Desktop/machine_tending_robot/ros2_kortex_ws/install/rqt_controller_manager/lib/python3.10/site-packages:/home/mampane/Desktop/machine_tending_robot/ros2_kortex_ws/install/controller_manager/local/lib/python3.10/dist-packages:/home/mampane/Desktop/machine_tending_robot/ros2_kortex_ws/install/controller_manager_msgs/local/lib/python3.10/dist-packages:/home/mampane/Desktop/machine_tending_robot/ros2_kortex_ws/install/control_msgs/local/lib/python3.10/dist-packages:${PYTHONPATH} /usr/bin/python3 -W ignore:setup.py install is deprecated -W ignore:easy_install command is deprecated setup.py egg_info --egg-base ../../../build/rqt_controller_manager build --build-base /home/mampane/Desktop/machine_tending_robot/ros2_kortex_ws/build/rqt_controller_manager/build install --record /home/mampane/Desktop/machine_tending_robot/ros2_kortex_ws/build/rqt_controller_manager/install.log --single-version-externally-managed install_data
