[35m[1mConsolidate compiler generated dependencies of target kortex_driver[0m
[100%] Built target kortex_driver
-- Install configuration: "Release"
-- Up-to-date: /home/mampane/Desktop/machine_tending_robot/ros2_kortex_ws/install/kortex_driver/share/kortex_driver/hardware_interface_plugin.xml
-- Up-to-date: /home/mampane/Desktop/machine_tending_robot/ros2_kortex_ws/install/kortex_driver/lib/libkortex_driver.so
-- Up-to-date: /home/mampane/Desktop/machine_tending_robot/ros2_kortex_ws/install/kortex_driver/include
-- Up-to-date: /home/mampane/Desktop/machine_tending_robot/ros2_kortex_ws/install/kortex_driver/include/kortex_driver
-- Up-to-date: /home/mampane/Desktop/machine_tending_robot/ros2_kortex_ws/install/kortex_driver/include/kortex_driver/hardware_interface.hpp
-- Up-to-date: /home/mampane/Desktop/machine_tending_robot/ros2_kortex_ws/install/kortex_driver/include/kortex_driver/visibility_control.h
-- Up-to-date: /home/mampane/Desktop/machine_tending_robot/ros2_kortex_ws/install/kortex_driver/include/kortex_driver/kortex_math_util.hpp
-- Up-to-date: /home/mampane/Desktop/machine_tending_robot/ros2_kortex_ws/install/kortex_driver/share/kortex_driver/environment/library_path.sh
-- Up-to-date: /home/mampane/Desktop/machine_tending_robot/ros2_kortex_ws/install/kortex_driver/share/kortex_driver/environment/library_path.dsv
-- Up-to-date: /home/mampane/Desktop/machine_tending_robot/ros2_kortex_ws/install/kortex_driver/share/ament_index/resource_index/package_run_dependencies/kortex_driver
-- Up-to-date: /home/mampane/Desktop/machine_tending_robot/ros2_kortex_ws/install/kortex_driver/share/ament_index/resource_index/parent_prefix_path/kortex_driver
-- Up-to-date: /home/mampane/Desktop/machine_tending_robot/ros2_kortex_ws/install/kortex_driver/share/kortex_driver/environment/ament_prefix_path.sh
-- Up-to-date: /home/mampane/Desktop/machine_tending_robot/ros2_kortex_ws/install/kortex_driver/share/kortex_driver/environment/ament_prefix_path.dsv
-- Up-to-date: /home/mampane/Desktop/machine_tending_robot/ros2_kortex_ws/install/kortex_driver/share/kortex_driver/environment/path.sh
-- Up-to-date: /home/mampane/Desktop/machine_tending_robot/ros2_kortex_ws/install/kortex_driver/share/kortex_driver/environment/path.dsv
-- Up-to-date: /home/mampane/Desktop/machine_tending_robot/ros2_kortex_ws/install/kortex_driver/share/kortex_driver/local_setup.bash
-- Up-to-date: /home/mampane/Desktop/machine_tending_robot/ros2_kortex_ws/install/kortex_driver/share/kortex_driver/local_setup.sh
-- Up-to-date: /home/mampane/Desktop/machine_tending_robot/ros2_kortex_ws/install/kortex_driver/share/kortex_driver/local_setup.zsh
-- Up-to-date: /home/mampane/Desktop/machine_tending_robot/ros2_kortex_ws/install/kortex_driver/share/kortex_driver/local_setup.dsv
-- Installing: /home/mampane/Desktop/machine_tending_robot/ros2_kortex_ws/install/kortex_driver/share/kortex_driver/package.dsv
-- Up-to-date: /home/mampane/Desktop/machine_tending_robot/ros2_kortex_ws/install/kortex_driver/share/ament_index/resource_index/packages/kortex_driver
-- Up-to-date: /home/mampane/Desktop/machine_tending_robot/ros2_kortex_ws/install/kortex_driver/share/ament_index/resource_index/hardware_interface__pluginlib__plugin/kortex_driver
-- Up-to-date: /home/mampane/Desktop/machine_tending_robot/ros2_kortex_ws/install/kortex_driver/share/kortex_driver/cmake/ament_cmake_export_include_directories-extras.cmake
-- Up-to-date: /home/mampane/Desktop/machine_tending_robot/ros2_kortex_ws/install/kortex_driver/share/kortex_driver/cmake/ament_cmake_export_libraries-extras.cmake
-- Up-to-date: /home/mampane/Desktop/machine_tending_robot/ros2_kortex_ws/install/kortex_driver/share/kortex_driver/cmake/ament_cmake_export_dependencies-extras.cmake
-- Up-to-date: /home/mampane/Desktop/machine_tending_robot/ros2_kortex_ws/install/kortex_driver/share/kortex_driver/cmake/kortex_driverConfig.cmake
-- Up-to-date: /home/mampane/Desktop/machine_tending_robot/ros2_kortex_ws/install/kortex_driver/share/kortex_driver/cmake/kortex_driverConfig-version.cmake
-- Up-to-date: /home/mampane/Desktop/machine_tending_robot/ros2_kortex_ws/install/kortex_driver/share/kortex_driver/package.xml
