[0.505s] Invoking command in '/home/mampane/Desktop/machine_tending_robot/ros2_kortex_ws/src/ros2_control/ros2controlcli': AMENT_PREFIX_PATH=/home/mampane/Desktop/machine_tending_robot/ros2_kortex_ws/install/controller_manager:/home/mampane/Desktop/machine_tending_robot/ros2_kortex_ws/install/hardware_interface_testing:/home/mampane/Desktop/machine_tending_robot/ros2_kortex_ws/install/controller_interface:/home/mampane/Desktop/machine_tending_robot/ros2_kortex_ws/install/hardware_interface:/home/mampane/Desktop/machine_tending_robot/ros2_kortex_ws/install/ros2_control_test_assets:/home/mampane/Desktop/machine_tending_robot/ros2_kortex_ws/install/realtime_tools:/home/mampane/Desktop/machine_tending_robot/ros2_kortex_ws/install/controller_manager_msgs:/home/mampane/Desktop/machine_tending_robot/ros2_kortex_ws/install/control_msgs:${AMENT_PREFIX_PATH} CMAKE_PREFIX_PATH=/home/mampane/Desktop/machine_tending_robot/ros2_kortex_ws/install/controller_manager:/home/mampane/Desktop/machine_tending_robot/ros2_kortex_ws/install/hardware_interface_testing:/home/mampane/Desktop/machine_tending_robot/ros2_kortex_ws/install/controller_interface:/home/mampane/Desktop/machine_tending_robot/ros2_kortex_ws/install/hardware_interface:/home/mampane/Desktop/machine_tending_robot/ros2_kortex_ws/install/ros2_control_test_assets:/home/mampane/Desktop/machine_tending_robot/ros2_kortex_ws/install/realtime_tools:/home/mampane/Desktop/machine_tending_robot/ros2_kortex_ws/install/controller_manager_msgs:/home/mampane/Desktop/machine_tending_robot/ros2_kortex_ws/install/control_msgs:${CMAKE_PREFIX_PATH} LD_LIBRARY_PATH=/home/mampane/Desktop/machine_tending_robot/ros2_kortex_ws/install/controller_manager/lib:/home/mampane/Desktop/machine_tending_robot/ros2_kortex_ws/install/hardware_interface_testing/lib:/home/mampane/Desktop/machine_tending_robot/ros2_kortex_ws/install/controller_interface/lib:/home/mampane/Desktop/machine_tending_robot/ros2_kortex_ws/install/hardware_interface/lib:/home/mampane/Desktop/machine_tending_robot/ros2_kortex_ws/install/realtime_tools/lib:/home/mampane/Desktop/machine_tending_robot/ros2_kortex_ws/install/controller_manager_msgs/lib:/home/mampane/Desktop/machine_tending_robot/ros2_kortex_ws/install/control_msgs/lib:${LD_LIBRARY_PATH} PYTHONPATH=/home/mampane/Desktop/machine_tending_robot/ros2_kortex_ws/build/ros2controlcli/prefix_override:/usr/lib/python3/dist-packages/colcon_core/task/python/colcon_distutils_commands:/home/mampane/Desktop/machine_tending_robot/ros2_kortex_ws/install/ros2controlcli/lib/python3.10/site-packages:/home/mampane/Desktop/machine_tending_robot/ros2_kortex_ws/install/controller_manager/local/lib/python3.10/dist-packages:/home/mampane/Desktop/machine_tending_robot/ros2_kortex_ws/install/controller_manager_msgs/local/lib/python3.10/dist-packages:/home/mampane/Desktop/machine_tending_robot/ros2_kortex_ws/install/control_msgs/local/lib/python3.10/dist-packages:${PYTHONPATH} /usr/bin/python3 -W ignore:setup.py install is deprecated -W ignore:easy_install command is deprecated setup.py egg_info --egg-base ../../../build/ros2controlcli build --build-base /home/mampane/Desktop/machine_tending_robot/ros2_kortex_ws/build/ros2controlcli/build install --record /home/mampane/Desktop/machine_tending_robot/ros2_kortex_ws/build/ros2controlcli/install.log --single-version-externally-managed install_data
[0.677s] running egg_info
[0.678s] creating ../../../build/ros2controlcli/ros2controlcli.egg-info
[0.678s] writing ../../../build/ros2controlcli/ros2controlcli.egg-info/PKG-INFO
[0.678s] writing dependency_links to ../../../build/ros2controlcli/ros2controlcli.egg-info/dependency_links.txt
[0.678s] writing entry points to ../../../build/ros2controlcli/ros2controlcli.egg-info/entry_points.txt
[0.678s] writing requirements to ../../../build/ros2controlcli/ros2controlcli.egg-info/requires.txt
[0.678s] writing top-level names to ../../../build/ros2controlcli/ros2controlcli.egg-info/top_level.txt
[0.678s] writing manifest file '../../../build/ros2controlcli/ros2controlcli.egg-info/SOURCES.txt'
[0.679s] reading manifest file '../../../build/ros2controlcli/ros2controlcli.egg-info/SOURCES.txt'
[0.680s] writing manifest file '../../../build/ros2controlcli/ros2controlcli.egg-info/SOURCES.txt'
[0.680s] running build
[0.680s] running build_py
[0.680s] creating /home/mampane/Desktop/machine_tending_robot/ros2_kortex_ws/build/ros2controlcli/build
[0.680s] creating /home/mampane/Desktop/machine_tending_robot/ros2_kortex_ws/build/ros2controlcli/build/lib
[0.680s] creating /home/mampane/Desktop/machine_tending_robot/ros2_kortex_ws/build/ros2controlcli/build/lib/ros2controlcli
[0.680s] copying ros2controlcli/__init__.py -> /home/mampane/Desktop/machine_tending_robot/ros2_kortex_ws/build/ros2controlcli/build/lib/ros2controlcli
[0.680s] creating /home/mampane/Desktop/machine_tending_robot/ros2_kortex_ws/build/ros2controlcli/build/lib/ros2controlcli/verb
[0.680s] copying ros2controlcli/verb/set_hardware_component_state.py -> /home/mampane/Desktop/machine_tending_robot/ros2_kortex_ws/build/ros2controlcli/build/lib/ros2controlcli/verb
[0.680s] copying ros2controlcli/verb/list_controller_types.py -> /home/mampane/Desktop/machine_tending_robot/ros2_kortex_ws/build/ros2controlcli/build/lib/ros2controlcli/verb
[0.680s] copying ros2controlcli/verb/switch_controllers.py -> /home/mampane/Desktop/machine_tending_robot/ros2_kortex_ws/build/ros2controlcli/build/lib/ros2controlcli/verb
[0.680s] copying ros2controlcli/verb/view_controller_chains.py -> /home/mampane/Desktop/machine_tending_robot/ros2_kortex_ws/build/ros2controlcli/build/lib/ros2controlcli/verb
[0.680s] copying ros2controlcli/verb/list_hardware_interfaces.py -> /home/mampane/Desktop/machine_tending_robot/ros2_kortex_ws/build/ros2controlcli/build/lib/ros2controlcli/verb
[0.680s] copying ros2controlcli/verb/__init__.py -> /home/mampane/Desktop/machine_tending_robot/ros2_kortex_ws/build/ros2controlcli/build/lib/ros2controlcli/verb
[0.681s] copying ros2controlcli/verb/unload_controller.py -> /home/mampane/Desktop/machine_tending_robot/ros2_kortex_ws/build/ros2controlcli/build/lib/ros2controlcli/verb
[0.681s] copying ros2controlcli/verb/set_controller_state.py -> /home/mampane/Desktop/machine_tending_robot/ros2_kortex_ws/build/ros2controlcli/build/lib/ros2controlcli/verb
[0.681s] copying ros2controlcli/verb/load_controller.py -> /home/mampane/Desktop/machine_tending_robot/ros2_kortex_ws/build/ros2controlcli/build/lib/ros2controlcli/verb
[0.681s] copying ros2controlcli/verb/list_hardware_components.py -> /home/mampane/Desktop/machine_tending_robot/ros2_kortex_ws/build/ros2controlcli/build/lib/ros2controlcli/verb
[0.681s] copying ros2controlcli/verb/reload_controller_libraries.py -> /home/mampane/Desktop/machine_tending_robot/ros2_kortex_ws/build/ros2controlcli/build/lib/ros2controlcli/verb
[0.681s] copying ros2controlcli/verb/list_controllers.py -> /home/mampane/Desktop/machine_tending_robot/ros2_kortex_ws/build/ros2controlcli/build/lib/ros2controlcli/verb
[0.681s] creating /home/mampane/Desktop/machine_tending_robot/ros2_kortex_ws/build/ros2controlcli/build/lib/ros2controlcli/command
[0.681s] copying ros2controlcli/command/control.py -> /home/mampane/Desktop/machine_tending_robot/ros2_kortex_ws/build/ros2controlcli/build/lib/ros2controlcli/command
[0.681s] copying ros2controlcli/command/__init__.py -> /home/mampane/Desktop/machine_tending_robot/ros2_kortex_ws/build/ros2controlcli/build/lib/ros2controlcli/command
[0.681s] creating /home/mampane/Desktop/machine_tending_robot/ros2_kortex_ws/build/ros2controlcli/build/lib/ros2controlcli/api
[0.681s] copying ros2controlcli/api/__init__.py -> /home/mampane/Desktop/machine_tending_robot/ros2_kortex_ws/build/ros2controlcli/build/lib/ros2controlcli/api
[0.681s] running install
[0.681s] running install_lib
[0.682s] creating /home/mampane/Desktop/machine_tending_robot/ros2_kortex_ws/install/ros2controlcli/lib/python3.10/site-packages/ros2controlcli
[0.682s] creating /home/mampane/Desktop/machine_tending_robot/ros2_kortex_ws/install/ros2controlcli/lib/python3.10/site-packages/ros2controlcli/verb
[0.682s] copying /home/mampane/Desktop/machine_tending_robot/ros2_kortex_ws/build/ros2controlcli/build/lib/ros2controlcli/verb/set_hardware_component_state.py -> /home/mampane/Desktop/machine_tending_robot/ros2_kortex_ws/install/ros2controlcli/lib/python3.10/site-packages/ros2controlcli/verb
[0.682s] copying /home/mampane/Desktop/machine_tending_robot/ros2_kortex_ws/build/ros2controlcli/build/lib/ros2controlcli/verb/list_controller_types.py -> /home/mampane/Desktop/machine_tending_robot/ros2_kortex_ws/install/ros2controlcli/lib/python3.10/site-packages/ros2controlcli/verb
[0.682s] copying /home/mampane/Desktop/machine_tending_robot/ros2_kortex_ws/build/ros2controlcli/build/lib/ros2controlcli/verb/switch_controllers.py -> /home/mampane/Desktop/machine_tending_robot/ros2_kortex_ws/install/ros2controlcli/lib/python3.10/site-packages/ros2controlcli/verb
[0.682s] copying /home/mampane/Desktop/machine_tending_robot/ros2_kortex_ws/build/ros2controlcli/build/lib/ros2controlcli/verb/view_controller_chains.py -> /home/mampane/Desktop/machine_tending_robot/ros2_kortex_ws/install/ros2controlcli/lib/python3.10/site-packages/ros2controlcli/verb
[0.682s] copying /home/mampane/Desktop/machine_tending_robot/ros2_kortex_ws/build/ros2controlcli/build/lib/ros2controlcli/verb/list_hardware_interfaces.py -> /home/mampane/Desktop/machine_tending_robot/ros2_kortex_ws/install/ros2controlcli/lib/python3.10/site-packages/ros2controlcli/verb
[0.682s] copying /home/mampane/Desktop/machine_tending_robot/ros2_kortex_ws/build/ros2controlcli/build/lib/ros2controlcli/verb/__init__.py -> /home/mampane/Desktop/machine_tending_robot/ros2_kortex_ws/install/ros2controlcli/lib/python3.10/site-packages/ros2controlcli/verb
[0.682s] copying /home/mampane/Desktop/machine_tending_robot/ros2_kortex_ws/build/ros2controlcli/build/lib/ros2controlcli/verb/unload_controller.py -> /home/mampane/Desktop/machine_tending_robot/ros2_kortex_ws/install/ros2controlcli/lib/python3.10/site-packages/ros2controlcli/verb
[0.682s] copying /home/mampane/Desktop/machine_tending_robot/ros2_kortex_ws/build/ros2controlcli/build/lib/ros2controlcli/verb/set_controller_state.py -> /home/mampane/Desktop/machine_tending_robot/ros2_kortex_ws/install/ros2controlcli/lib/python3.10/site-packages/ros2controlcli/verb
[0.683s] copying /home/mampane/Desktop/machine_tending_robot/ros2_kortex_ws/build/ros2controlcli/build/lib/ros2controlcli/verb/load_controller.py -> /home/mampane/Desktop/machine_tending_robot/ros2_kortex_ws/install/ros2controlcli/lib/python3.10/site-packages/ros2controlcli/verb
[0.683s] copying /home/mampane/Desktop/machine_tending_robot/ros2_kortex_ws/build/ros2controlcli/build/lib/ros2controlcli/verb/list_hardware_components.py -> /home/mampane/Desktop/machine_tending_robot/ros2_kortex_ws/install/ros2controlcli/lib/python3.10/site-packages/ros2controlcli/verb
[0.683s] copying /home/mampane/Desktop/machine_tending_robot/ros2_kortex_ws/build/ros2controlcli/build/lib/ros2controlcli/verb/reload_controller_libraries.py -> /home/mampane/Desktop/machine_tending_robot/ros2_kortex_ws/install/ros2controlcli/lib/python3.10/site-packages/ros2controlcli/verb
[0.683s] copying /home/mampane/Desktop/machine_tending_robot/ros2_kortex_ws/build/ros2controlcli/build/lib/ros2controlcli/verb/list_controllers.py -> /home/mampane/Desktop/machine_tending_robot/ros2_kortex_ws/install/ros2controlcli/lib/python3.10/site-packages/ros2controlcli/verb
[0.683s] creating /home/mampane/Desktop/machine_tending_robot/ros2_kortex_ws/install/ros2controlcli/lib/python3.10/site-packages/ros2controlcli/command
[0.683s] copying /home/mampane/Desktop/machine_tending_robot/ros2_kortex_ws/build/ros2controlcli/build/lib/ros2controlcli/command/control.py -> /home/mampane/Desktop/machine_tending_robot/ros2_kortex_ws/install/ros2controlcli/lib/python3.10/site-packages/ros2controlcli/command
[0.683s] copying /home/mampane/Desktop/machine_tending_robot/ros2_kortex_ws/build/ros2controlcli/build/lib/ros2controlcli/command/__init__.py -> /home/mampane/Desktop/machine_tending_robot/ros2_kortex_ws/install/ros2controlcli/lib/python3.10/site-packages/ros2controlcli/command
[0.683s] copying /home/mampane/Desktop/machine_tending_robot/ros2_kortex_ws/build/ros2controlcli/build/lib/ros2controlcli/__init__.py -> /home/mampane/Desktop/machine_tending_robot/ros2_kortex_ws/install/ros2controlcli/lib/python3.10/site-packages/ros2controlcli
[0.683s] creating /home/mampane/Desktop/machine_tending_robot/ros2_kortex_ws/install/ros2controlcli/lib/python3.10/site-packages/ros2controlcli/api
[0.683s] copying /home/mampane/Desktop/machine_tending_robot/ros2_kortex_ws/build/ros2controlcli/build/lib/ros2controlcli/api/__init__.py -> /home/mampane/Desktop/machine_tending_robot/ros2_kortex_ws/install/ros2controlcli/lib/python3.10/site-packages/ros2controlcli/api
[0.683s] byte-compiling /home/mampane/Desktop/machine_tending_robot/ros2_kortex_ws/install/ros2controlcli/lib/python3.10/site-packages/ros2controlcli/verb/set_hardware_component_state.py to set_hardware_component_state.cpython-310.pyc
[0.683s] byte-compiling /home/mampane/Desktop/machine_tending_robot/ros2_kortex_ws/install/ros2controlcli/lib/python3.10/site-packages/ros2controlcli/verb/list_controller_types.py to list_controller_types.cpython-310.pyc
[0.684s] byte-compiling /home/mampane/Desktop/machine_tending_robot/ros2_kortex_ws/install/ros2controlcli/lib/python3.10/site-packages/ros2controlcli/verb/switch_controllers.py to switch_controllers.cpython-310.pyc
[0.684s] byte-compiling /home/mampane/Desktop/machine_tending_robot/ros2_kortex_ws/install/ros2controlcli/lib/python3.10/site-packages/ros2controlcli/verb/view_controller_chains.py to view_controller_chains.cpython-310.pyc
[0.685s] byte-compiling /home/mampane/Desktop/machine_tending_robot/ros2_kortex_ws/install/ros2controlcli/lib/python3.10/site-packages/ros2controlcli/verb/list_hardware_interfaces.py to list_hardware_interfaces.cpython-310.pyc
[0.685s] byte-compiling /home/mampane/Desktop/machine_tending_robot/ros2_kortex_ws/install/ros2controlcli/lib/python3.10/site-packages/ros2controlcli/verb/__init__.py to __init__.cpython-310.pyc
[0.685s] byte-compiling /home/mampane/Desktop/machine_tending_robot/ros2_kortex_ws/install/ros2controlcli/lib/python3.10/site-packages/ros2controlcli/verb/unload_controller.py to unload_controller.cpython-310.pyc
[0.685s] byte-compiling /home/mampane/Desktop/machine_tending_robot/ros2_kortex_ws/install/ros2controlcli/lib/python3.10/site-packages/ros2controlcli/verb/set_controller_state.py to set_controller_state.cpython-310.pyc
[0.686s] byte-compiling /home/mampane/Desktop/machine_tending_robot/ros2_kortex_ws/install/ros2controlcli/lib/python3.10/site-packages/ros2controlcli/verb/load_controller.py to load_controller.cpython-310.pyc
[0.686s] byte-compiling /home/mampane/Desktop/machine_tending_robot/ros2_kortex_ws/install/ros2controlcli/lib/python3.10/site-packages/ros2controlcli/verb/list_hardware_components.py to list_hardware_components.cpython-310.pyc
[0.686s] byte-compiling /home/mampane/Desktop/machine_tending_robot/ros2_kortex_ws/install/ros2controlcli/lib/python3.10/site-packages/ros2controlcli/verb/reload_controller_libraries.py to reload_controller_libraries.cpython-310.pyc
[0.686s] byte-compiling /home/mampane/Desktop/machine_tending_robot/ros2_kortex_ws/install/ros2controlcli/lib/python3.10/site-packages/ros2controlcli/verb/list_controllers.py to list_controllers.cpython-310.pyc
[0.687s] byte-compiling /home/mampane/Desktop/machine_tending_robot/ros2_kortex_ws/install/ros2controlcli/lib/python3.10/site-packages/ros2controlcli/command/control.py to control.cpython-310.pyc
[0.687s] byte-compiling /home/mampane/Desktop/machine_tending_robot/ros2_kortex_ws/install/ros2controlcli/lib/python3.10/site-packages/ros2controlcli/command/__init__.py to __init__.cpython-310.pyc
[0.687s] byte-compiling /home/mampane/Desktop/machine_tending_robot/ros2_kortex_ws/install/ros2controlcli/lib/python3.10/site-packages/ros2controlcli/__init__.py to __init__.cpython-310.pyc
[0.687s] byte-compiling /home/mampane/Desktop/machine_tending_robot/ros2_kortex_ws/install/ros2controlcli/lib/python3.10/site-packages/ros2controlcli/api/__init__.py to __init__.cpython-310.pyc
[0.688s] running install_data
[0.688s] copying package.xml -> /home/mampane/Desktop/machine_tending_robot/ros2_kortex_ws/install/ros2controlcli/share/ros2controlcli
[0.688s] creating /home/mampane/Desktop/machine_tending_robot/ros2_kortex_ws/install/ros2controlcli/share/ament_index
[0.688s] creating /home/mampane/Desktop/machine_tending_robot/ros2_kortex_ws/install/ros2controlcli/share/ament_index/resource_index
[0.688s] creating /home/mampane/Desktop/machine_tending_robot/ros2_kortex_ws/install/ros2controlcli/share/ament_index/resource_index/packages
[0.688s] copying resource/ros2controlcli -> /home/mampane/Desktop/machine_tending_robot/ros2_kortex_ws/install/ros2controlcli/share/ament_index/resource_index/packages
[0.688s] running install_egg_info
[0.689s] Copying ../../../build/ros2controlcli/ros2controlcli.egg-info to /home/mampane/Desktop/machine_tending_robot/ros2_kortex_ws/install/ros2controlcli/lib/python3.10/site-packages/ros2controlcli-2.48.0-py3.10.egg-info
[0.690s] running install_scripts
[0.705s] writing list of installed files to '/home/mampane/Desktop/machine_tending_robot/ros2_kortex_ws/build/ros2controlcli/install.log'
[0.722s] Invoked command in '/home/mampane/Desktop/machine_tending_robot/ros2_kortex_ws/src/ros2_control/ros2controlcli' returned '0': AMENT_PREFIX_PATH=/home/mampane/Desktop/machine_tending_robot/ros2_kortex_ws/install/controller_manager:/home/mampane/Desktop/machine_tending_robot/ros2_kortex_ws/install/hardware_interface_testing:/home/mampane/Desktop/machine_tending_robot/ros2_kortex_ws/install/controller_interface:/home/mampane/Desktop/machine_tending_robot/ros2_kortex_ws/install/hardware_interface:/home/mampane/Desktop/machine_tending_robot/ros2_kortex_ws/install/ros2_control_test_assets:/home/mampane/Desktop/machine_tending_robot/ros2_kortex_ws/install/realtime_tools:/home/mampane/Desktop/machine_tending_robot/ros2_kortex_ws/install/controller_manager_msgs:/home/mampane/Desktop/machine_tending_robot/ros2_kortex_ws/install/control_msgs:${AMENT_PREFIX_PATH} CMAKE_PREFIX_PATH=/home/mampane/Desktop/machine_tending_robot/ros2_kortex_ws/install/controller_manager:/home/mampane/Desktop/machine_tending_robot/ros2_kortex_ws/install/hardware_interface_testing:/home/mampane/Desktop/machine_tending_robot/ros2_kortex_ws/install/controller_interface:/home/mampane/Desktop/machine_tending_robot/ros2_kortex_ws/install/hardware_interface:/home/mampane/Desktop/machine_tending_robot/ros2_kortex_ws/install/ros2_control_test_assets:/home/mampane/Desktop/machine_tending_robot/ros2_kortex_ws/install/realtime_tools:/home/mampane/Desktop/machine_tending_robot/ros2_kortex_ws/install/controller_manager_msgs:/home/mampane/Desktop/machine_tending_robot/ros2_kortex_ws/install/control_msgs:${CMAKE_PREFIX_PATH} LD_LIBRARY_PATH=/home/mampane/Desktop/machine_tending_robot/ros2_kortex_ws/install/controller_manager/lib:/home/mampane/Desktop/machine_tending_robot/ros2_kortex_ws/install/hardware_interface_testing/lib:/home/mampane/Desktop/machine_tending_robot/ros2_kortex_ws/install/controller_interface/lib:/home/mampane/Desktop/machine_tending_robot/ros2_kortex_ws/install/hardware_interface/lib:/home/mampane/Desktop/machine_tending_robot/ros2_kortex_ws/install/realtime_tools/lib:/home/mampane/Desktop/machine_tending_robot/ros2_kortex_ws/install/controller_manager_msgs/lib:/home/mampane/Desktop/machine_tending_robot/ros2_kortex_ws/install/control_msgs/lib:${LD_LIBRARY_PATH} PYTHONPATH=/home/mampane/Desktop/machine_tending_robot/ros2_kortex_ws/build/ros2controlcli/prefix_override:/usr/lib/python3/dist-packages/colcon_core/task/python/colcon_distutils_commands:/home/mampane/Desktop/machine_tending_robot/ros2_kortex_ws/install/ros2controlcli/lib/python3.10/site-packages:/home/mampane/Desktop/machine_tending_robot/ros2_kortex_ws/install/controller_manager/local/lib/python3.10/dist-packages:/home/mampane/Desktop/machine_tending_robot/ros2_kortex_ws/install/controller_manager_msgs/local/lib/python3.10/dist-packages:/home/mampane/Desktop/machine_tending_robot/ros2_kortex_ws/install/control_msgs/local/lib/python3.10/dist-packages:${PYTHONPATH} /usr/bin/python3 -W ignore:setup.py install is deprecated -W ignore:easy_install command is deprecated setup.py egg_info --egg-base ../../../build/ros2controlcli build --build-base /home/mampane/Desktop/machine_tending_robot/ros2_kortex_ws/build/ros2controlcli/build install --record /home/mampane/Desktop/machine_tending_robot/ros2_kortex_ws/build/ros2controlcli/install.log --single-version-externally-managed install_data
