[0.035s] Invoking command in '/home/mampane/Desktop/machine_tending_robot/ros2_kortex_ws/build/realtime_tools': CMAKE_PREFIX_PATH=${CMAKE_PREFIX_PATH}:/home/mampane/Desktop/machine_tending_robot/ros2_kortex_ws/install/rqt_joint_trajectory_controller:/home/mampane/Desktop/machine_tending_robot/ros2_kortex_ws/install/rqt_controller_manager:/home/mampane/Desktop/machine_tending_robot/ros2_kortex_ws/install/ros2controlcli:/home/mampane/Desktop/machine_tending_robot/ros2_kortex_ws/install/ros2_controllers_test_nodes:/opt/ros/humble /usr/bin/cmake --build /home/mampane/Desktop/machine_tending_robot/ros2_kortex_ws/build/realtime_tools -- -j20 -l20
[0.070s] [35m[1mConsolidate compiler generated dependencies of target realtime_tools[0m
[0.072s] [35m[1mConsolidate compiler generated dependencies of target gmock_main[0m
[0.073s] [35m[1mConsolidate compiler generated dependencies of target gmock[0m
[0.073s] [35m[1mConsolidate compiler generated dependencies of target thread_priority[0m
[0.088s] [  9%] Built target realtime_tools
[0.089s] [ 15%] Built target gmock_main
[0.091s] [ 25%] Built target gmock
[0.091s] [ 31%] Built target thread_priority
[0.106s] [35m[1mConsolidate compiler generated dependencies of target realtime_box_tests[0m
[0.115s] [35m[1mConsolidate compiler generated dependencies of target realtime_box_best_effort_tests[0m
[0.115s] [35m[1mConsolidate compiler generated dependencies of target realtime_buffer_tests[0m
[0.122s] [35m[1mConsolidate compiler generated dependencies of target lock_free_queue_tests[0m
[0.129s] [35m[1mConsolidate compiler generated dependencies of target realtime_clock_tests[0m
[0.130s] [35m[1mConsolidate compiler generated dependencies of target realtime_server_goal_handle_tests[0m
[0.138s] [35m[1mConsolidate compiler generated dependencies of target realtime_mutex_tests[0m
[0.142s] [ 37%] Built target realtime_box_best_effort_tests
[0.143s] [ 43%] Built target realtime_box_tests
[0.146s] [35m[1mConsolidate compiler generated dependencies of target realtime_publisher_tests_non_polling[0m
[0.148s] [35m[1mConsolidate compiler generated dependencies of target test_async_function_handler[0m
[0.152s] [35m[1mConsolidate compiler generated dependencies of target realtime_publisher_tests[0m
[0.156s] [ 50%] Built target realtime_clock_tests
[0.164s] [ 56%] Built target realtime_server_goal_handle_tests
[0.165s] [ 62%] Built target lock_free_queue_tests
[0.171s] [ 68%] Built target realtime_buffer_tests
[0.175s] [ 75%] Built target realtime_mutex_tests
[0.178s] [35m[1mConsolidate compiler generated dependencies of target thread_priority_tests[0m
[0.180s] [ 81%] Built target test_async_function_handler
[0.180s] [ 87%] Built target realtime_publisher_tests
[0.180s] [ 93%] Built target realtime_publisher_tests_non_polling
[0.193s] [100%] Built target thread_priority_tests
[0.334s] Invoked command in '/home/mampane/Desktop/machine_tending_robot/ros2_kortex_ws/build/realtime_tools' returned '0': CMAKE_PREFIX_PATH=${CMAKE_PREFIX_PATH}:/home/mampane/Desktop/machine_tending_robot/ros2_kortex_ws/install/rqt_joint_trajectory_controller:/home/mampane/Desktop/machine_tending_robot/ros2_kortex_ws/install/rqt_controller_manager:/home/mampane/Desktop/machine_tending_robot/ros2_kortex_ws/install/ros2controlcli:/home/mampane/Desktop/machine_tending_robot/ros2_kortex_ws/install/ros2_controllers_test_nodes:/opt/ros/humble /usr/bin/cmake --build /home/mampane/Desktop/machine_tending_robot/ros2_kortex_ws/build/realtime_tools -- -j20 -l20
[0.336s] Invoking command in '/home/mampane/Desktop/machine_tending_robot/ros2_kortex_ws/build/realtime_tools': CMAKE_PREFIX_PATH=${CMAKE_PREFIX_PATH}:/home/mampane/Desktop/machine_tending_robot/ros2_kortex_ws/install/rqt_joint_trajectory_controller:/home/mampane/Desktop/machine_tending_robot/ros2_kortex_ws/install/rqt_controller_manager:/home/mampane/Desktop/machine_tending_robot/ros2_kortex_ws/install/ros2controlcli:/home/mampane/Desktop/machine_tending_robot/ros2_kortex_ws/install/ros2_controllers_test_nodes:/opt/ros/humble /usr/bin/cmake --install /home/mampane/Desktop/machine_tending_robot/ros2_kortex_ws/build/realtime_tools
[0.346s] -- Install configuration: ""
[0.346s] -- Execute custom install script
[0.346s] -- Up-to-date symlink: /home/mampane/Desktop/machine_tending_robot/ros2_kortex_ws/install/realtime_tools/include/realtime_tools/realtime_tools/async_function_handler.hpp
[0.347s] -- Up-to-date symlink: /home/mampane/Desktop/machine_tending_robot/ros2_kortex_ws/install/realtime_tools/include/realtime_tools/realtime_tools/lock_free_queue.hpp
[0.347s] -- Up-to-date symlink: /home/mampane/Desktop/machine_tending_robot/ros2_kortex_ws/install/realtime_tools/include/realtime_tools/realtime_tools/mutex.hpp
[0.347s] -- Up-to-date symlink: /home/mampane/Desktop/machine_tending_robot/ros2_kortex_ws/install/realtime_tools/include/realtime_tools/realtime_tools/realtime_box.h
[0.347s] -- Up-to-date symlink: /home/mampane/Desktop/machine_tending_robot/ros2_kortex_ws/install/realtime_tools/include/realtime_tools/realtime_tools/realtime_box.hpp
[0.347s] -- Up-to-date symlink: /home/mampane/Desktop/machine_tending_robot/ros2_kortex_ws/install/realtime_tools/include/realtime_tools/realtime_tools/realtime_box_best_effort.h
[0.347s] -- Up-to-date symlink: /home/mampane/Desktop/machine_tending_robot/ros2_kortex_ws/install/realtime_tools/include/realtime_tools/realtime_tools/realtime_box_best_effort.hpp
[0.347s] -- Up-to-date symlink: /home/mampane/Desktop/machine_tending_robot/ros2_kortex_ws/install/realtime_tools/include/realtime_tools/realtime_tools/realtime_buffer.h
[0.347s] -- Up-to-date symlink: /home/mampane/Desktop/machine_tending_robot/ros2_kortex_ws/install/realtime_tools/include/realtime_tools/realtime_tools/realtime_buffer.hpp
[0.347s] -- Up-to-date symlink: /home/mampane/Desktop/machine_tending_robot/ros2_kortex_ws/install/realtime_tools/include/realtime_tools/realtime_tools/realtime_clock.h
[0.347s] -- Up-to-date symlink: /home/mampane/Desktop/machine_tending_robot/ros2_kortex_ws/install/realtime_tools/include/realtime_tools/realtime_tools/realtime_clock.hpp
[0.347s] -- Up-to-date symlink: /home/mampane/Desktop/machine_tending_robot/ros2_kortex_ws/install/realtime_tools/include/realtime_tools/realtime_tools/realtime_helpers.hpp
[0.348s] -- Up-to-date symlink: /home/mampane/Desktop/machine_tending_robot/ros2_kortex_ws/install/realtime_tools/include/realtime_tools/realtime_tools/realtime_publisher.h
[0.348s] -- Up-to-date symlink: /home/mampane/Desktop/machine_tending_robot/ros2_kortex_ws/install/realtime_tools/include/realtime_tools/realtime_tools/realtime_publisher.hpp
[0.348s] -- Up-to-date symlink: /home/mampane/Desktop/machine_tending_robot/ros2_kortex_ws/install/realtime_tools/include/realtime_tools/realtime_tools/realtime_server_goal_handle.h
[0.348s] -- Up-to-date symlink: /home/mampane/Desktop/machine_tending_robot/ros2_kortex_ws/install/realtime_tools/include/realtime_tools/realtime_tools/realtime_server_goal_handle.hpp
[0.348s] -- Up-to-date symlink: /home/mampane/Desktop/machine_tending_robot/ros2_kortex_ws/install/realtime_tools/include/realtime_tools/realtime_tools/thread_priority.hpp
[0.348s] -- Up-to-date symlink: /home/mampane/Desktop/machine_tending_robot/ros2_kortex_ws/install/realtime_tools/share/realtime_tools/environment/library_path.sh
[0.348s] -- Up-to-date symlink: /home/mampane/Desktop/machine_tending_robot/ros2_kortex_ws/install/realtime_tools/share/realtime_tools/environment/library_path.dsv
[0.348s] -- Up-to-date symlink: /home/mampane/Desktop/machine_tending_robot/ros2_kortex_ws/install/realtime_tools/share/ament_index/resource_index/package_run_dependencies/realtime_tools
[0.348s] -- Up-to-date symlink: /home/mampane/Desktop/machine_tending_robot/ros2_kortex_ws/install/realtime_tools/share/ament_index/resource_index/parent_prefix_path/realtime_tools
[0.348s] -- Up-to-date symlink: /home/mampane/Desktop/machine_tending_robot/ros2_kortex_ws/install/realtime_tools/share/realtime_tools/environment/ament_prefix_path.sh
[0.348s] -- Up-to-date symlink: /home/mampane/Desktop/machine_tending_robot/ros2_kortex_ws/install/realtime_tools/share/realtime_tools/environment/ament_prefix_path.dsv
[0.349s] -- Up-to-date symlink: /home/mampane/Desktop/machine_tending_robot/ros2_kortex_ws/install/realtime_tools/share/realtime_tools/environment/path.sh
[0.349s] -- Up-to-date symlink: /home/mampane/Desktop/machine_tending_robot/ros2_kortex_ws/install/realtime_tools/share/realtime_tools/environment/path.dsv
[0.349s] -- Up-to-date symlink: /home/mampane/Desktop/machine_tending_robot/ros2_kortex_ws/install/realtime_tools/share/realtime_tools/local_setup.bash
[0.349s] -- Up-to-date symlink: /home/mampane/Desktop/machine_tending_robot/ros2_kortex_ws/install/realtime_tools/share/realtime_tools/local_setup.sh
[0.349s] -- Up-to-date symlink: /home/mampane/Desktop/machine_tending_robot/ros2_kortex_ws/install/realtime_tools/share/realtime_tools/local_setup.zsh
[0.349s] -- Up-to-date symlink: /home/mampane/Desktop/machine_tending_robot/ros2_kortex_ws/install/realtime_tools/share/realtime_tools/local_setup.dsv
[0.349s] -- Symlinking: /home/mampane/Desktop/machine_tending_robot/ros2_kortex_ws/install/realtime_tools/share/realtime_tools/package.dsv
[0.356s] -- Up-to-date symlink: /home/mampane/Desktop/machine_tending_robot/ros2_kortex_ws/install/realtime_tools/share/ament_index/resource_index/packages/realtime_tools
[0.356s] -- Up-to-date symlink: /home/mampane/Desktop/machine_tending_robot/ros2_kortex_ws/install/realtime_tools/share/realtime_tools/cmake/ament_cmake_export_targets-extras.cmake
[0.357s] -- Up-to-date symlink: /home/mampane/Desktop/machine_tending_robot/ros2_kortex_ws/install/realtime_tools/share/realtime_tools/cmake/ament_cmake_export_dependencies-extras.cmake
[0.357s] -- Up-to-date symlink: /home/mampane/Desktop/machine_tending_robot/ros2_kortex_ws/install/realtime_tools/share/realtime_tools/cmake/realtime_toolsConfig.cmake
[0.357s] -- Up-to-date symlink: /home/mampane/Desktop/machine_tending_robot/ros2_kortex_ws/install/realtime_tools/share/realtime_tools/cmake/realtime_toolsConfig-version.cmake
[0.357s] -- Up-to-date symlink: /home/mampane/Desktop/machine_tending_robot/ros2_kortex_ws/install/realtime_tools/share/realtime_tools/package.xml
[0.357s] -- Up-to-date: /home/mampane/Desktop/machine_tending_robot/ros2_kortex_ws/install/realtime_tools/lib/librealtime_tools.so
[0.357s] -- Up-to-date: /home/mampane/Desktop/machine_tending_robot/ros2_kortex_ws/install/realtime_tools/lib/libthread_priority.so
[0.357s] -- Up-to-date: /home/mampane/Desktop/machine_tending_robot/ros2_kortex_ws/install/realtime_tools/share/realtime_tools/cmake/export_realtime_toolsExport.cmake
[0.357s] -- Up-to-date: /home/mampane/Desktop/machine_tending_robot/ros2_kortex_ws/install/realtime_tools/share/realtime_tools/cmake/export_realtime_toolsExport-noconfig.cmake
[0.397s] Invoked command in '/home/mampane/Desktop/machine_tending_robot/ros2_kortex_ws/build/realtime_tools' returned '0': CMAKE_PREFIX_PATH=${CMAKE_PREFIX_PATH}:/home/mampane/Desktop/machine_tending_robot/ros2_kortex_ws/install/rqt_joint_trajectory_controller:/home/mampane/Desktop/machine_tending_robot/ros2_kortex_ws/install/rqt_controller_manager:/home/mampane/Desktop/machine_tending_robot/ros2_kortex_ws/install/ros2controlcli:/home/mampane/Desktop/machine_tending_robot/ros2_kortex_ws/install/ros2_controllers_test_nodes:/opt/ros/humble /usr/bin/cmake --install /home/mampane/Desktop/machine_tending_robot/ros2_kortex_ws/build/realtime_tools
