[0.006s] Invoking command in '/home/mampane/Desktop/machine_tending_robot/workspace/ros2_kortex_ws/build/realtime_tools': CMAKE_PREFIX_PATH=/opt/ros/humble /usr/bin/cmake /home/mampane/Desktop/machine_tending_robot/workspace/ros2_kortex_ws/src/realtime_tools -DCMAKE_BUILD_TYPE=Release -DCMAKE_INSTALL_PREFIX=/home/mampane/Desktop/machine_tending_robot/workspace/ros2_kortex_ws/install/realtime_tools
[0.075s] -- The CXX compiler identification is GNU 11.4.0
[0.081s] -- Detecting CXX compiler ABI info
[0.135s] -- Detecting CXX compiler ABI info - done
[0.142s] -- Check for working CXX compiler: /usr/bin/c++ - skipped
[0.142s] -- Detecting CXX compile features
[0.143s] -- Detecting CXX compile features - done
[0.146s] -- Found ament_cmake: 1.3.11 (/opt/ros/humble/share/ament_cmake/cmake)
[0.253s] -- Found Python3: /usr/bin/python3 (found version "3.10.12") found components: Interpreter 
[0.313s] -- Found rclcpp: 16.0.11 (/opt/ros/humble/share/rclcpp/cmake)
[0.344s] -- Found rosidl_generator_c: 3.1.6 (/opt/ros/humble/share/rosidl_generator_c/cmake)
[0.347s] -- Found rosidl_adapter: 3.1.6 (/opt/ros/humble/share/rosidl_adapter/cmake)
[0.353s] -- Found rosidl_generator_cpp: 3.1.6 (/opt/ros/humble/share/rosidl_generator_cpp/cmake)
[0.363s] -- Using all available rosidl_typesupport_c: rosidl_typesupport_fastrtps_c;rosidl_typesupport_introspection_c
[0.374s] -- Using all available rosidl_typesupport_cpp: rosidl_typesupport_fastrtps_cpp;rosidl_typesupport_introspection_cpp
[0.404s] -- Found rmw_implementation_cmake: 6.1.2 (/opt/ros/humble/share/rmw_implementation_cmake/cmake)
[0.406s] -- Found rmw_cyclonedds_cpp: 1.3.4 (/opt/ros/humble/share/rmw_cyclonedds_cpp/cmake)
[0.420s] -- Using RMW implementation 'rmw_cyclonedds_cpp' as default
[0.426s] -- Looking for C++ include pthread.h
[0.482s] -- Looking for C++ include pthread.h - found
[0.482s] -- Performing Test CMAKE_HAVE_LIBC_PTHREAD
[0.538s] -- Performing Test CMAKE_HAVE_LIBC_PTHREAD - Success
[0.539s] -- Found Threads: TRUE  
[0.578s] -- Found rclcpp_action: 16.0.11 (/opt/ros/humble/share/rclcpp_action/cmake)
[0.607s] -- Found Boost: /usr/lib/x86_64-linux-gnu/cmake/Boost-1.74.0/BoostConfig.cmake (found version "1.74.0") found components: headers 
[0.610s] -- Found ament_cmake_gmock: 1.3.11 (/opt/ros/humble/share/ament_cmake_gmock/cmake)
[0.611s] -- Found lifecycle_msgs: 1.2.1 (/opt/ros/humble/share/lifecycle_msgs/cmake)
[0.618s] -- Found rclcpp_lifecycle: 16.0.11 (/opt/ros/humble/share/rclcpp_lifecycle/cmake)
[0.629s] -- Configuring incomplete, errors occurred!
[0.629s] See also "/home/mampane/Desktop/machine_tending_robot/workspace/ros2_kortex_ws/build/realtime_tools/CMakeFiles/CMakeOutput.log".
[0.629s] [31mCMake Error at CMakeLists.txt:74 (find_package):
[0.629s]   By not providing "Findtest_msgs.cmake" in CMAKE_MODULE_PATH this project
[0.629s]   has asked CMake to find a package configuration file provided by
[0.629s]   "test_msgs", but CMake did not find one.
[0.629s] 
[0.629s]   Could not find a package configuration file provided by "test_msgs" with
[0.629s]   any of the following names:
[0.629s] 
[0.629s]     test_msgsConfig.cmake
[0.629s]     test_msgs-config.cmake
[0.629s] 
[0.629s]   Add the installation prefix of "test_msgs" to CMAKE_PREFIX_PATH or set
[0.629s]   "test_msgs_DIR" to a directory containing one of the above files.  If
[0.629s]   "test_msgs" provides a separate development package or SDK, be sure it has
[0.629s]   been installed.
[0.630s] 
[0.630s] [0m
[0.634s] Invoked command in '/home/mampane/Desktop/machine_tending_robot/workspace/ros2_kortex_ws/build/realtime_tools' returned '1': CMAKE_PREFIX_PATH=/opt/ros/humble /usr/bin/cmake /home/mampane/Desktop/machine_tending_robot/workspace/ros2_kortex_ws/src/realtime_tools -DCMAKE_BUILD_TYPE=Release -DCMAKE_INSTALL_PREFIX=/home/mampane/Desktop/machine_tending_robot/workspace/ros2_kortex_ws/install/realtime_tools
