[0.046s] Invoking command in '/home/mampane/Desktop/machine_tending_robot/ros2_kortex_ws/build/hardware_interface': AMENT_PREFIX_PATH=/home/mampane/Desktop/machine_tending_robot/ros2_kortex_ws/install/ros2_control_test_assets:/home/mampane/Desktop/machine_tending_robot/ros2_kortex_ws/install/control_msgs:${AMENT_PREFIX_PATH} CMAKE_PREFIX_PATH=/home/mampane/Desktop/machine_tending_robot/ros2_kortex_ws/install/ros2_control_test_assets:/home/mampane/Desktop/machine_tending_robot/ros2_kortex_ws/install/control_msgs:/opt/ros/humble LD_LIBRARY_PATH=/home/mampane/Desktop/machine_tending_robot/ros2_kortex_ws/install/control_msgs/lib:${LD_LIBRARY_PATH} PYTHONPATH=/home/mampane/Desktop/machine_tending_robot/ros2_kortex_ws/install/control_msgs/local/lib/python3.10/dist-packages:${PYTHONPATH} /usr/bin/cmake /home/mampane/Desktop/machine_tending_robot/ros2_kortex_ws/src/ros2_control/hardware_interface -DAMENT_CMAKE_SYMLINK_INSTALL=1 -DCMAKE_INSTALL_PREFIX=/home/mampane/Desktop/machine_tending_robot/ros2_kortex_ws/install/hardware_interface
[0.202s] -- The C compiler identification is GNU 11.4.0
[0.349s] -- The CXX compiler identification is GNU 11.4.0
[0.365s] -- Detecting C compiler ABI info
[0.526s] -- Detecting C compiler ABI info - done
[0.545s] -- Check for working C compiler: /usr/bin/cc - skipped
[0.545s] -- Detecting C compile features
[0.546s] -- Detecting C compile features - done
[0.554s] -- Detecting CXX compiler ABI info
[0.754s] -- Detecting CXX compiler ABI info - done
[0.772s] -- Check for working CXX compiler: /usr/bin/c++ - skipped
[0.777s] -- Detecting CXX compile features
[0.777s] -- Detecting CXX compile features - done
[0.783s] -- Found ament_cmake: 1.3.11 (/opt/ros/humble/share/ament_cmake/cmake)
[1.060s] -- Found Python3: /usr/bin/python3 (found version "3.10.12") found components: Interpreter 
[1.147s] -- Override CMake install command with custom implementation using symlinks instead of copying resources
[1.188s] -- Found control_msgs: 4.8.0 (/home/mampane/Desktop/machine_tending_robot/ros2_kortex_ws/install/control_msgs/share/control_msgs/cmake)
[1.236s] -- Found rosidl_generator_c: 3.1.6 (/opt/ros/humble/share/rosidl_generator_c/cmake)
[1.244s] -- Found rosidl_adapter: 3.1.6 (/opt/ros/humble/share/rosidl_adapter/cmake)
[1.263s] -- Found rosidl_generator_cpp: 3.1.6 (/opt/ros/humble/share/rosidl_generator_cpp/cmake)
[1.278s] -- Using all available rosidl_typesupport_c: rosidl_typesupport_fastrtps_c;rosidl_typesupport_introspection_c
[1.313s] -- Using all available rosidl_typesupport_cpp: rosidl_typesupport_fastrtps_cpp;rosidl_typesupport_introspection_cpp
[1.593s] -- Found lifecycle_msgs: 1.2.1 (/opt/ros/humble/share/lifecycle_msgs/cmake)
[1.608s] -- Found pluginlib: 5.1.0 (/opt/ros/humble/share/pluginlib/cmake)
[1.644s] -- Found rclcpp_lifecycle: 16.0.11 (/opt/ros/humble/share/rclcpp_lifecycle/cmake)
[1.702s] -- Found rmw_implementation_cmake: 6.1.2 (/opt/ros/humble/share/rmw_implementation_cmake/cmake)
[1.706s] -- Found rmw_fastrtps_cpp: 6.2.7 (/opt/ros/humble/share/rmw_fastrtps_cpp/cmake)
[1.741s] -- Found TinyXML2 via Config file: TinyXML2_DIR-NOTFOUND
[1.844s] -- Found OpenSSL: /usr/lib/x86_64-linux-gnu/libcrypto.so (found version "3.0.2")  
[1.848s] -- Found TinyXML2 via Config file: TinyXML2_DIR-NOTFOUND
[1.870s] -- Found FastRTPS: /opt/ros/humble/include  
[1.875s] -- Found TinyXML2 via Config file: TinyXML2_DIR-NOTFOUND
[1.885s] -- Found TinyXML2 via Config file: TinyXML2_DIR-NOTFOUND
[1.900s] -- Using RMW implementation 'rmw_fastrtps_cpp' as default
[1.915s] -- Looking for pthread.h
[2.077s] -- Looking for pthread.h - found
[2.077s] -- Performing Test CMAKE_HAVE_LIBC_PTHREAD
[2.204s] -- Performing Test CMAKE_HAVE_LIBC_PTHREAD - Success
[2.204s] -- Found Threads: TRUE  
[2.296s] -- Found TinyXML2 via Config file: TinyXML2_DIR-NOTFOUND
[2.303s] -- Found ament_cmake_gmock: 1.3.11 (/opt/ros/humble/share/ament_cmake_gmock/cmake)
[2.305s] -- Found ros2_control_test_assets: 2.48.0 (/home/mampane/Desktop/machine_tending_robot/ros2_kortex_ws/install/ros2_control_test_assets/share/ros2_control_test_assets/cmake)
[2.307s] -- Found gmock sources under '/opt/ros/humble/src/gmock_vendor': C++ tests using 'Google Mock' will be built
[2.313s] -- Found ament_cmake_gtest: 1.3.11 (/opt/ros/humble/share/ament_cmake_gtest/cmake)
[2.314s] -- Found gtest sources under '/opt/ros/humble/src/gtest_vendor': C++ tests using 'Google Test' will be built
[2.415s] -- Configuring done
[2.483s] -- Generating done
[2.514s] -- Build files have been written to: /home/mampane/Desktop/machine_tending_robot/ros2_kortex_ws/build/hardware_interface
[2.533s] Invoked command in '/home/mampane/Desktop/machine_tending_robot/ros2_kortex_ws/build/hardware_interface' returned '0': AMENT_PREFIX_PATH=/home/mampane/Desktop/machine_tending_robot/ros2_kortex_ws/install/ros2_control_test_assets:/home/mampane/Desktop/machine_tending_robot/ros2_kortex_ws/install/control_msgs:${AMENT_PREFIX_PATH} CMAKE_PREFIX_PATH=/home/mampane/Desktop/machine_tending_robot/ros2_kortex_ws/install/ros2_control_test_assets:/home/mampane/Desktop/machine_tending_robot/ros2_kortex_ws/install/control_msgs:/opt/ros/humble LD_LIBRARY_PATH=/home/mampane/Desktop/machine_tending_robot/ros2_kortex_ws/install/control_msgs/lib:${LD_LIBRARY_PATH} PYTHONPATH=/home/mampane/Desktop/machine_tending_robot/ros2_kortex_ws/install/control_msgs/local/lib/python3.10/dist-packages:${PYTHONPATH} /usr/bin/cmake /home/mampane/Desktop/machine_tending_robot/ros2_kortex_ws/src/ros2_control/hardware_interface -DAMENT_CMAKE_SYMLINK_INSTALL=1 -DCMAKE_INSTALL_PREFIX=/home/mampane/Desktop/machine_tending_robot/ros2_kortex_ws/install/hardware_interface
[2.538s] Invoking command in '/home/mampane/Desktop/machine_tending_robot/ros2_kortex_ws/build/hardware_interface': AMENT_PREFIX_PATH=/home/mampane/Desktop/machine_tending_robot/ros2_kortex_ws/install/ros2_control_test_assets:/home/mampane/Desktop/machine_tending_robot/ros2_kortex_ws/install/control_msgs:${AMENT_PREFIX_PATH} CMAKE_PREFIX_PATH=/home/mampane/Desktop/machine_tending_robot/ros2_kortex_ws/install/ros2_control_test_assets:/home/mampane/Desktop/machine_tending_robot/ros2_kortex_ws/install/control_msgs:/opt/ros/humble LD_LIBRARY_PATH=/home/mampane/Desktop/machine_tending_robot/ros2_kortex_ws/install/control_msgs/lib:${LD_LIBRARY_PATH} PYTHONPATH=/home/mampane/Desktop/machine_tending_robot/ros2_kortex_ws/install/control_msgs/local/lib/python3.10/dist-packages:${PYTHONPATH} /usr/bin/cmake --build /home/mampane/Desktop/machine_tending_robot/ros2_kortex_ws/build/hardware_interface -- -j20 -l20
[2.644s] [  2%] [34m[1mGenerating hardware_interface/version.h[0m
[2.644s] [  5%] [32mBuilding CXX object gmock/CMakeFiles/gmock_main.dir/src/gmock_main.cc.o[0m
[2.649s] [  8%] [32mBuilding CXX object gmock/CMakeFiles/gmock.dir/opt/ros/humble/src/gtest_vendor/src/gtest-all.cc.o[0m
[2.657s] [ 11%] [32mBuilding CXX object gmock/CMakeFiles/gmock.dir/src/gmock-all.cc.o[0m
[2.683s] [ 11%] Built target ament_generate_version_header__hardware_interface
[2.736s] [ 14%] [32mBuilding CXX object CMakeFiles/hardware_interface.dir/src/actuator.cpp.o[0m
[2.736s] [ 17%] [32mBuilding CXX object CMakeFiles/hardware_interface.dir/src/component_parser.cpp.o[0m
[2.742s] [ 20%] [32mBuilding CXX object CMakeFiles/hardware_interface.dir/src/resource_manager.cpp.o[0m
[2.753s] [ 22%] [32mBuilding CXX object CMakeFiles/hardware_interface.dir/src/sensor.cpp.o[0m
[2.753s] [ 25%] [32mBuilding CXX object CMakeFiles/hardware_interface.dir/src/system.cpp.o[0m
[2.753s] [ 28%] [32mBuilding CXX object CMakeFiles/hardware_interface.dir/src/lexical_casts.cpp.o[0m
[5.092s] [ 31%] [32m[1mLinking CXX static library libgmock_main.a[0m
[5.240s] [ 31%] Built target gmock_main
[9.038s] [ 34%] [32m[1mLinking CXX static library libgmock.a[0m
[9.222s] [ 34%] Built target gmock
[9.266s] [ 37%] [32mBuilding CXX object CMakeFiles/test_macros.dir/test/test_macros.cpp.o[0m
[11.551s] [ 40%] [32m[1mLinking CXX executable test_macros[0m
[11.881s] [ 40%] Built target test_macros
[14.403s] [ 42%] [32m[1mLinking CXX shared library libhardware_interface.so[0m
[14.849s] [ 42%] Built target hardware_interface
[14.904s] [ 45%] [32mBuilding CXX object CMakeFiles/test_joint_handle.dir/test/test_handle.cpp.o[0m
[14.904s] [ 48%] [32mBuilding CXX object CMakeFiles/test_inst_hardwares.dir/test/test_inst_hardwares.cpp.o[0m
[14.904s] [ 51%] [32mBuilding CXX object CMakeFiles/fake_components.dir/src/mock_components/generic_system.cpp.o[0m
[14.904s] [ 54%] [32mBuilding CXX object CMakeFiles/mock_components.dir/src/mock_components/generic_system.cpp.o[0m
[14.912s] [ 57%] [32mBuilding CXX object CMakeFiles/test_hardware_components.dir/test/test_hardware_components/test_system_with_command_modes.cpp.o[0m
[14.915s] [ 60%] [32mBuilding CXX object CMakeFiles/fake_components.dir/src/mock_components/fake_generic_system.cpp.o[0m
[14.915s] [ 62%] [32mBuilding CXX object CMakeFiles/test_hardware_components.dir/test/test_hardware_components/test_force_torque_sensor.cpp.o[0m
[14.917s] [ 65%] [32mBuilding CXX object CMakeFiles/test_generic_system.dir/test/mock_components/test_generic_system.cpp.o[0m
[14.920s] [ 68%] [32mBuilding CXX object CMakeFiles/test_hardware_components.dir/test/test_hardware_components/test_single_joint_actuator.cpp.o[0m
[14.926s] [ 74%] [32mBuilding CXX object CMakeFiles/test_component_parser.dir/test/test_component_parser.cpp.o[0m
[14.926s] [ 74%] [32mBuilding CXX object CMakeFiles/test_component_interfaces.dir/test/test_component_interfaces.cpp.o[0m
[14.928s] [ 77%] [32mBuilding CXX object CMakeFiles/test_hardware_components.dir/test/test_hardware_components/test_two_joint_system.cpp.o[0m
[19.338s] [ 80%] [32m[1mLinking CXX shared library libfake_components.so[0m
[19.771s] [ 80%] Built target fake_components
[19.796s] [ 82%] [32m[1mLinking CXX executable test_inst_hardwares[0m
[20.197s] [ 85%] [32m[1mLinking CXX executable test_component_interfaces[0m
[20.375s] [ 85%] Built target test_inst_hardwares
[20.464s] [ 88%] [32m[1mLinking CXX shared library libtest_hardware_components.so[0m
[20.576s] [ 91%] [32m[1mLinking CXX executable test_joint_handle[0m
[20.782s] [ 91%] Built target test_component_interfaces
[20.799s] [ 91%] Built target test_hardware_components
[20.846s] [ 94%] [32m[1mLinking CXX shared library libmock_components.so[0m
[21.080s] [ 94%] Built target test_joint_handle
[21.166s] [ 94%] Built target mock_components
[22.021s] [ 97%] [32m[1mLinking CXX executable test_generic_system[0m
[22.493s] [ 97%] Built target test_generic_system
[24.029s] [100%] [32m[1mLinking CXX executable test_component_parser[0m
[24.396s] [100%] Built target test_component_parser
[24.410s] Invoked command in '/home/mampane/Desktop/machine_tending_robot/ros2_kortex_ws/build/hardware_interface' returned '0': AMENT_PREFIX_PATH=/home/mampane/Desktop/machine_tending_robot/ros2_kortex_ws/install/ros2_control_test_assets:/home/mampane/Desktop/machine_tending_robot/ros2_kortex_ws/install/control_msgs:${AMENT_PREFIX_PATH} CMAKE_PREFIX_PATH=/home/mampane/Desktop/machine_tending_robot/ros2_kortex_ws/install/ros2_control_test_assets:/home/mampane/Desktop/machine_tending_robot/ros2_kortex_ws/install/control_msgs:/opt/ros/humble LD_LIBRARY_PATH=/home/mampane/Desktop/machine_tending_robot/ros2_kortex_ws/install/control_msgs/lib:${LD_LIBRARY_PATH} PYTHONPATH=/home/mampane/Desktop/machine_tending_robot/ros2_kortex_ws/install/control_msgs/local/lib/python3.10/dist-packages:${PYTHONPATH} /usr/bin/cmake --build /home/mampane/Desktop/machine_tending_robot/ros2_kortex_ws/build/hardware_interface -- -j20 -l20
[24.412s] Invoking command in '/home/mampane/Desktop/machine_tending_robot/ros2_kortex_ws/build/hardware_interface': AMENT_PREFIX_PATH=/home/mampane/Desktop/machine_tending_robot/ros2_kortex_ws/install/ros2_control_test_assets:/home/mampane/Desktop/machine_tending_robot/ros2_kortex_ws/install/control_msgs:${AMENT_PREFIX_PATH} CMAKE_PREFIX_PATH=/home/mampane/Desktop/machine_tending_robot/ros2_kortex_ws/install/ros2_control_test_assets:/home/mampane/Desktop/machine_tending_robot/ros2_kortex_ws/install/control_msgs:/opt/ros/humble LD_LIBRARY_PATH=/home/mampane/Desktop/machine_tending_robot/ros2_kortex_ws/install/control_msgs/lib:${LD_LIBRARY_PATH} PYTHONPATH=/home/mampane/Desktop/machine_tending_robot/ros2_kortex_ws/install/control_msgs/local/lib/python3.10/dist-packages:${PYTHONPATH} /usr/bin/cmake --install /home/mampane/Desktop/machine_tending_robot/ros2_kortex_ws/build/hardware_interface
[24.419s] -- Install configuration: ""
[24.419s] -- Execute custom install script
[24.419s] -- Symlinking: /home/mampane/Desktop/machine_tending_robot/ros2_kortex_ws/install/hardware_interface/share/hardware_interface//mock_components_plugin_description.xml
[24.428s] -- Symlinking: /home/mampane/Desktop/machine_tending_robot/ros2_kortex_ws/install/hardware_interface/share/hardware_interface//fake_components_plugin_description.xml
[24.437s] -- Symlinking: /home/mampane/Desktop/machine_tending_robot/ros2_kortex_ws/install/hardware_interface/include/fake_components/generic_system.hpp
[24.445s] -- Symlinking: /home/mampane/Desktop/machine_tending_robot/ros2_kortex_ws/install/hardware_interface/include/fake_components/visibility_control.h
[24.453s] -- Symlinking: /home/mampane/Desktop/machine_tending_robot/ros2_kortex_ws/install/hardware_interface/include/hardware_interface/actuator.hpp
[24.461s] -- Symlinking: /home/mampane/Desktop/machine_tending_robot/ros2_kortex_ws/install/hardware_interface/include/hardware_interface/actuator_interface.hpp
[24.470s] -- Symlinking: /home/mampane/Desktop/machine_tending_robot/ros2_kortex_ws/install/hardware_interface/include/hardware_interface/component_parser.hpp
[24.478s] -- Symlinking: /home/mampane/Desktop/machine_tending_robot/ros2_kortex_ws/install/hardware_interface/include/hardware_interface/controller_info.hpp
[24.486s] -- Symlinking: /home/mampane/Desktop/machine_tending_robot/ros2_kortex_ws/install/hardware_interface/include/hardware_interface/handle.hpp
[24.494s] -- Symlinking: /home/mampane/Desktop/machine_tending_robot/ros2_kortex_ws/install/hardware_interface/include/hardware_interface/hardware_component_info.hpp
[24.503s] -- Symlinking: /home/mampane/Desktop/machine_tending_robot/ros2_kortex_ws/install/hardware_interface/include/hardware_interface/hardware_info.hpp
[24.511s] -- Symlinking: /home/mampane/Desktop/machine_tending_robot/ros2_kortex_ws/install/hardware_interface/include/hardware_interface/lexical_casts.hpp
[24.519s] -- Symlinking: /home/mampane/Desktop/machine_tending_robot/ros2_kortex_ws/install/hardware_interface/include/hardware_interface/loaned_command_interface.hpp
[24.527s] -- Symlinking: /home/mampane/Desktop/machine_tending_robot/ros2_kortex_ws/install/hardware_interface/include/hardware_interface/loaned_state_interface.hpp
[24.535s] -- Symlinking: /home/mampane/Desktop/machine_tending_robot/ros2_kortex_ws/install/hardware_interface/include/hardware_interface/macros.hpp
[24.543s] -- Symlinking: /home/mampane/Desktop/machine_tending_robot/ros2_kortex_ws/install/hardware_interface/include/hardware_interface/resource_manager.hpp
[24.552s] -- Symlinking: /home/mampane/Desktop/machine_tending_robot/ros2_kortex_ws/install/hardware_interface/include/hardware_interface/sensor.hpp
[24.560s] -- Symlinking: /home/mampane/Desktop/machine_tending_robot/ros2_kortex_ws/install/hardware_interface/include/hardware_interface/sensor_interface.hpp
[24.569s] -- Symlinking: /home/mampane/Desktop/machine_tending_robot/ros2_kortex_ws/install/hardware_interface/include/hardware_interface/system.hpp
[24.577s] -- Symlinking: /home/mampane/Desktop/machine_tending_robot/ros2_kortex_ws/install/hardware_interface/include/hardware_interface/system_interface.hpp
[24.585s] -- Symlinking: /home/mampane/Desktop/machine_tending_robot/ros2_kortex_ws/install/hardware_interface/include/hardware_interface/types/hardware_interface_return_values.hpp
[24.593s] -- Symlinking: /home/mampane/Desktop/machine_tending_robot/ros2_kortex_ws/install/hardware_interface/include/hardware_interface/types/hardware_interface_type_values.hpp
[24.601s] -- Symlinking: /home/mampane/Desktop/machine_tending_robot/ros2_kortex_ws/install/hardware_interface/include/hardware_interface/types/lifecycle_state_names.hpp
[24.610s] -- Symlinking: /home/mampane/Desktop/machine_tending_robot/ros2_kortex_ws/install/hardware_interface/include/hardware_interface/visibility_control.h
[24.618s] -- Symlinking: /home/mampane/Desktop/machine_tending_robot/ros2_kortex_ws/install/hardware_interface/include/mock_components/generic_system.hpp
[24.627s] -- Symlinking: /home/mampane/Desktop/machine_tending_robot/ros2_kortex_ws/install/hardware_interface/include/mock_components/visibility_control.h
[24.636s] -- Symlinking: /home/mampane/Desktop/machine_tending_robot/ros2_kortex_ws/install/hardware_interface/lib/libfake_components.so
[24.645s] -- Symlinking: /home/mampane/Desktop/machine_tending_robot/ros2_kortex_ws/install/hardware_interface/lib/libmock_components.so
[24.656s] -- Symlinking: /home/mampane/Desktop/machine_tending_robot/ros2_kortex_ws/install/hardware_interface/lib/libhardware_interface.so
[24.665s] -- Symlinking: /home/mampane/Desktop/machine_tending_robot/ros2_kortex_ws/install/hardware_interface/lib/libtest_hardware_components.so
[24.674s] -- Symlinking: /home/mampane/Desktop/machine_tending_robot/ros2_kortex_ws/install/hardware_interface/share/hardware_interface/test/test_hardware_components/test_hardware_components.xml
[24.683s] -- Symlinking: /home/mampane/Desktop/machine_tending_robot/ros2_kortex_ws/install/hardware_interface/share/hardware_interface/environment/library_path.sh
[24.691s] -- Symlinking: /home/mampane/Desktop/machine_tending_robot/ros2_kortex_ws/install/hardware_interface/share/hardware_interface/environment/library_path.dsv
[24.700s] -- Symlinking: /home/mampane/Desktop/machine_tending_robot/ros2_kortex_ws/install/hardware_interface/share/ament_index/resource_index/package_run_dependencies/hardware_interface
[24.708s] -- Symlinking: /home/mampane/Desktop/machine_tending_robot/ros2_kortex_ws/install/hardware_interface/share/ament_index/resource_index/parent_prefix_path/hardware_interface
[24.717s] -- Symlinking: /home/mampane/Desktop/machine_tending_robot/ros2_kortex_ws/install/hardware_interface/share/hardware_interface/environment/ament_prefix_path.sh
[24.725s] -- Symlinking: /home/mampane/Desktop/machine_tending_robot/ros2_kortex_ws/install/hardware_interface/share/hardware_interface/environment/ament_prefix_path.dsv
[24.733s] -- Symlinking: /home/mampane/Desktop/machine_tending_robot/ros2_kortex_ws/install/hardware_interface/share/hardware_interface/environment/path.sh
[24.742s] -- Symlinking: /home/mampane/Desktop/machine_tending_robot/ros2_kortex_ws/install/hardware_interface/share/hardware_interface/environment/path.dsv
[24.750s] -- Symlinking: /home/mampane/Desktop/machine_tending_robot/ros2_kortex_ws/install/hardware_interface/share/hardware_interface/local_setup.bash
[24.758s] -- Symlinking: /home/mampane/Desktop/machine_tending_robot/ros2_kortex_ws/install/hardware_interface/share/hardware_interface/local_setup.sh
[24.766s] -- Symlinking: /home/mampane/Desktop/machine_tending_robot/ros2_kortex_ws/install/hardware_interface/share/hardware_interface/local_setup.zsh
[24.774s] -- Symlinking: /home/mampane/Desktop/machine_tending_robot/ros2_kortex_ws/install/hardware_interface/share/hardware_interface/local_setup.dsv
[24.782s] -- Symlinking: /home/mampane/Desktop/machine_tending_robot/ros2_kortex_ws/install/hardware_interface/share/hardware_interface/package.dsv
[24.790s] -- Symlinking: /home/mampane/Desktop/machine_tending_robot/ros2_kortex_ws/install/hardware_interface/share/ament_index/resource_index/packages/hardware_interface
[24.799s] -- Symlinking: /home/mampane/Desktop/machine_tending_robot/ros2_kortex_ws/install/hardware_interface/share/ament_index/resource_index/hardware_interface__pluginlib__plugin/hardware_interface
[24.807s] -- Symlinking: /home/mampane/Desktop/machine_tending_robot/ros2_kortex_ws/install/hardware_interface/share/hardware_interface/cmake/ament_cmake_export_include_directories-extras.cmake
[24.815s] -- Symlinking: /home/mampane/Desktop/machine_tending_robot/ros2_kortex_ws/install/hardware_interface/share/hardware_interface/cmake/ament_cmake_export_libraries-extras.cmake
[24.823s] -- Symlinking: /home/mampane/Desktop/machine_tending_robot/ros2_kortex_ws/install/hardware_interface/share/hardware_interface/cmake/ament_cmake_export_dependencies-extras.cmake
[24.831s] -- Symlinking: /home/mampane/Desktop/machine_tending_robot/ros2_kortex_ws/install/hardware_interface/share/hardware_interface/cmake/hardware_interfaceConfig.cmake
[24.839s] -- Symlinking: /home/mampane/Desktop/machine_tending_robot/ros2_kortex_ws/install/hardware_interface/share/hardware_interface/cmake/hardware_interfaceConfig-version.cmake
[24.847s] -- Symlinking: /home/mampane/Desktop/machine_tending_robot/ros2_kortex_ws/install/hardware_interface/share/hardware_interface/package.xml
[24.855s] -- Symlinking: /home/mampane/Desktop/machine_tending_robot/ros2_kortex_ws/install/hardware_interface/include/hardware_interface/hardware_interface/version.h
[24.866s] Invoked command in '/home/mampane/Desktop/machine_tending_robot/ros2_kortex_ws/build/hardware_interface' returned '0': AMENT_PREFIX_PATH=/home/mampane/Desktop/machine_tending_robot/ros2_kortex_ws/install/ros2_control_test_assets:/home/mampane/Desktop/machine_tending_robot/ros2_kortex_ws/install/control_msgs:${AMENT_PREFIX_PATH} CMAKE_PREFIX_PATH=/home/mampane/Desktop/machine_tending_robot/ros2_kortex_ws/install/ros2_control_test_assets:/home/mampane/Desktop/machine_tending_robot/ros2_kortex_ws/install/control_msgs:/opt/ros/humble LD_LIBRARY_PATH=/home/mampane/Desktop/machine_tending_robot/ros2_kortex_ws/install/control_msgs/lib:${LD_LIBRARY_PATH} PYTHONPATH=/home/mampane/Desktop/machine_tending_robot/ros2_kortex_ws/install/control_msgs/local/lib/python3.10/dist-packages:${PYTHONPATH} /usr/bin/cmake --install /home/mampane/Desktop/machine_tending_robot/ros2_kortex_ws/build/hardware_interface
