[0.005s] Invoking command in '/home/mampane/Desktop/machine_tending_robot/ros2_kortex_ws/build/joint_limits': CMAKE_PREFIX_PATH=${CMAKE_PREFIX_PATH}:/home/mampane/Desktop/machine_tending_robot/workspace/ros2_kortex_ws/install/rqt_joint_trajectory_controller:/home/mampane/Desktop/machine_tending_robot/workspace/ros2_kortex_ws/install/rqt_controller_manager:/home/mampane/Desktop/machine_tending_robot/workspace/ros2_kortex_ws/install/ros2controlcli:/home/mampane/Desktop/machine_tending_robot/workspace/ros2_kortex_ws/install/ros2_controllers_test_nodes:/opt/ros/humble /usr/bin/cmake /home/mampane/Desktop/machine_tending_robot/ros2_kortex_ws/src/ros2_control/joint_limits -DCMAKE_BUILD_TYPE=Release -DCMAKE_INSTALL_PREFIX=/home/mampane/Desktop/machine_tending_robot/ros2_kortex_ws/install/joint_limits
[0.050s] -- The C compiler identification is GNU 11.4.0
[0.088s] -- The CXX compiler identification is GNU 11.4.0
[0.094s] -- Detecting C compiler ABI info
[0.153s] -- Detecting C compiler ABI info - done
[0.160s] -- Check for working C compiler: /usr/bin/cc - skipped
[0.160s] -- Detecting C compile features
[0.160s] -- Detecting C compile features - done
[0.163s] -- Detecting CXX compiler ABI info
[0.225s] -- Detecting CXX compiler ABI info - done
[0.231s] -- Check for working CXX compiler: /usr/bin/c++ - skipped
[0.231s] -- Detecting CXX compile features
[0.231s] -- Detecting CXX compile features - done
[0.232s] -- Found ament_cmake: 1.3.11 (/opt/ros/humble/share/ament_cmake/cmake)
[0.348s] -- Found Python3: /usr/bin/python3 (found version "3.10.12") found components: Interpreter 
[0.405s] -- Found rclcpp: 16.0.11 (/opt/ros/humble/share/rclcpp/cmake)
[0.430s] -- Found rosidl_generator_c: 3.1.6 (/opt/ros/humble/share/rosidl_generator_c/cmake)
[0.433s] -- Found rosidl_adapter: 3.1.6 (/opt/ros/humble/share/rosidl_adapter/cmake)
[0.438s] -- Found rosidl_generator_cpp: 3.1.6 (/opt/ros/humble/share/rosidl_generator_cpp/cmake)
[0.447s] -- Using all available rosidl_typesupport_c: rosidl_typesupport_fastrtps_c;rosidl_typesupport_introspection_c
[0.458s] -- Using all available rosidl_typesupport_cpp: rosidl_typesupport_fastrtps_cpp;rosidl_typesupport_introspection_cpp
[0.486s] -- Found rmw_implementation_cmake: 6.1.2 (/opt/ros/humble/share/rmw_implementation_cmake/cmake)
[0.490s] -- Found rmw_fastrtps_cpp: 6.2.7 (/opt/ros/humble/share/rmw_fastrtps_cpp/cmake)
[0.571s] -- Found OpenSSL: /usr/lib/x86_64-linux-gnu/libcrypto.so (found version "3.0.2")  
[0.606s] -- Found FastRTPS: /opt/ros/humble/include  
[0.664s] -- Using RMW implementation 'rmw_fastrtps_cpp' as default
[0.674s] -- Looking for pthread.h
[0.748s] -- Looking for pthread.h - found
[0.749s] -- Performing Test CMAKE_HAVE_LIBC_PTHREAD
[0.827s] -- Performing Test CMAKE_HAVE_LIBC_PTHREAD - Success
[0.829s] -- Found Threads: TRUE  
[0.898s] -- Found rclcpp_lifecycle: 16.0.11 (/opt/ros/humble/share/rclcpp_lifecycle/cmake)
[0.925s] -- Found ament_cmake_gtest: 1.3.11 (/opt/ros/humble/share/ament_cmake_gtest/cmake)
[0.927s] -- Found launch_testing_ament_cmake: 1.0.7 (/opt/ros/humble/share/launch_testing_ament_cmake/cmake)
[0.929s] -- Found python_cmake_module: 0.10.0 (/opt/ros/humble/share/python_cmake_module/cmake)
[0.959s] -- Found PythonInterp: /usr/bin/python3 (found suitable version "3.10.12", minimum required is "3.6") 
[0.969s] -- Found PythonLibs: /usr/lib/x86_64-linux-gnu/libpython3.10.so (found suitable version "3.10.12", minimum required is "3.5") 
[0.969s] -- Using PYTHON_EXECUTABLE: /usr/bin/python3
[0.969s] -- Using PYTHON_INCLUDE_DIRS: /usr/include/python3.10
[0.969s] -- Using PYTHON_LIBRARIES: /usr/lib/x86_64-linux-gnu/libpython3.10.so
[0.997s] -- Found PythonExtra: .so  
[1.000s] -- Found gtest sources under '/opt/ros/humble/src/gtest_vendor': C++ tests using 'Google Test' will be built
[1.057s] -- Configuring done
[1.064s] -- Generating done
[1.068s] -- Build files have been written to: /home/mampane/Desktop/machine_tending_robot/ros2_kortex_ws/build/joint_limits
[1.076s] Invoked command in '/home/mampane/Desktop/machine_tending_robot/ros2_kortex_ws/build/joint_limits' returned '0': CMAKE_PREFIX_PATH=${CMAKE_PREFIX_PATH}:/home/mampane/Desktop/machine_tending_robot/workspace/ros2_kortex_ws/install/rqt_joint_trajectory_controller:/home/mampane/Desktop/machine_tending_robot/workspace/ros2_kortex_ws/install/rqt_controller_manager:/home/mampane/Desktop/machine_tending_robot/workspace/ros2_kortex_ws/install/ros2controlcli:/home/mampane/Desktop/machine_tending_robot/workspace/ros2_kortex_ws/install/ros2_controllers_test_nodes:/opt/ros/humble /usr/bin/cmake /home/mampane/Desktop/machine_tending_robot/ros2_kortex_ws/src/ros2_control/joint_limits -DCMAKE_BUILD_TYPE=Release -DCMAKE_INSTALL_PREFIX=/home/mampane/Desktop/machine_tending_robot/ros2_kortex_ws/install/joint_limits
[1.077s] Invoking command in '/home/mampane/Desktop/machine_tending_robot/ros2_kortex_ws/build/joint_limits': CMAKE_PREFIX_PATH=${CMAKE_PREFIX_PATH}:/home/mampane/Desktop/machine_tending_robot/workspace/ros2_kortex_ws/install/rqt_joint_trajectory_controller:/home/mampane/Desktop/machine_tending_robot/workspace/ros2_kortex_ws/install/rqt_controller_manager:/home/mampane/Desktop/machine_tending_robot/workspace/ros2_kortex_ws/install/ros2controlcli:/home/mampane/Desktop/machine_tending_robot/workspace/ros2_kortex_ws/install/ros2_controllers_test_nodes:/opt/ros/humble /usr/bin/cmake --build /home/mampane/Desktop/machine_tending_robot/ros2_kortex_ws/build/joint_limits -- -j20 -l20
[1.117s] [ 14%] [34m[1mGenerating joint_limits/version.h[0m
[1.126s] [ 42%] [32mBuilding CXX object gtest/CMakeFiles/gtest_main.dir/src/gtest_main.cc.o[0m
[1.127s] [ 42%] [32mBuilding CXX object gtest/CMakeFiles/gtest.dir/src/gtest-all.cc.o[0m
[1.130s] [ 42%] Built target ament_generate_version_header__joint_limits
[1.549s] [ 57%] [32m[1mLinking CXX static library libgtest_main.a[0m
[1.613s] [ 57%] Built target gtest_main
[6.138s] [ 71%] [32m[1mLinking CXX static library libgtest.a[0m
[6.291s] [ 71%] Built target gtest
[6.350s] [ 85%] [32mBuilding CXX object CMakeFiles/joint_limits_rosparam_test.dir/test/joint_limits_rosparam_test.cpp.o[0m
[18.588s] [100%] [32m[1mLinking CXX executable joint_limits_rosparam_test[0m
[19.074s] [100%] Built target joint_limits_rosparam_test
[19.109s] Invoked command in '/home/mampane/Desktop/machine_tending_robot/ros2_kortex_ws/build/joint_limits' returned '0': CMAKE_PREFIX_PATH=${CMAKE_PREFIX_PATH}:/home/mampane/Desktop/machine_tending_robot/workspace/ros2_kortex_ws/install/rqt_joint_trajectory_controller:/home/mampane/Desktop/machine_tending_robot/workspace/ros2_kortex_ws/install/rqt_controller_manager:/home/mampane/Desktop/machine_tending_robot/workspace/ros2_kortex_ws/install/ros2controlcli:/home/mampane/Desktop/machine_tending_robot/workspace/ros2_kortex_ws/install/ros2_controllers_test_nodes:/opt/ros/humble /usr/bin/cmake --build /home/mampane/Desktop/machine_tending_robot/ros2_kortex_ws/build/joint_limits -- -j20 -l20
[19.115s] Invoking command in '/home/mampane/Desktop/machine_tending_robot/ros2_kortex_ws/build/joint_limits': CMAKE_PREFIX_PATH=${CMAKE_PREFIX_PATH}:/home/mampane/Desktop/machine_tending_robot/workspace/ros2_kortex_ws/install/rqt_joint_trajectory_controller:/home/mampane/Desktop/machine_tending_robot/workspace/ros2_kortex_ws/install/rqt_controller_manager:/home/mampane/Desktop/machine_tending_robot/workspace/ros2_kortex_ws/install/ros2controlcli:/home/mampane/Desktop/machine_tending_robot/workspace/ros2_kortex_ws/install/ros2_controllers_test_nodes:/opt/ros/humble /usr/bin/cmake --install /home/mampane/Desktop/machine_tending_robot/ros2_kortex_ws/build/joint_limits
[19.145s] -- Install configuration: "Release"
[19.145s] -- Installing: /home/mampane/Desktop/machine_tending_robot/ros2_kortex_ws/install/joint_limits/include
[19.146s] -- Installing: /home/mampane/Desktop/machine_tending_robot/ros2_kortex_ws/install/joint_limits/include/joint_limits
[19.146s] -- Installing: /home/mampane/Desktop/machine_tending_robot/ros2_kortex_ws/install/joint_limits/include/joint_limits/joint_limits_rosparam.hpp
[19.147s] -- Installing: /home/mampane/Desktop/machine_tending_robot/ros2_kortex_ws/install/joint_limits/include/joint_limits/joint_limits.hpp
[19.147s] -- Installing: /home/mampane/Desktop/machine_tending_robot/ros2_kortex_ws/install/joint_limits/lib/joint_limits/joint_limits_rosparam_test
[19.152s] -- Set runtime path of "/home/mampane/Desktop/machine_tending_robot/ros2_kortex_ws/install/joint_limits/lib/joint_limits/joint_limits_rosparam_test" to ""
[19.152s] -- Installing: /home/mampane/Desktop/machine_tending_robot/ros2_kortex_ws/install/joint_limits/share/joint_limits/test/joint_limits_rosparam.yaml
[19.153s] -- Up-to-date: /home/mampane/Desktop/machine_tending_robot/ros2_kortex_ws/install/joint_limits/include/joint_limits
[19.153s] -- Installing: /home/mampane/Desktop/machine_tending_robot/ros2_kortex_ws/install/joint_limits/include/joint_limits/joint_limits
[19.154s] -- Installing: /home/mampane/Desktop/machine_tending_robot/ros2_kortex_ws/install/joint_limits/include/joint_limits/joint_limits/joint_limits_rosparam.hpp
[19.154s] -- Installing: /home/mampane/Desktop/machine_tending_robot/ros2_kortex_ws/install/joint_limits/include/joint_limits/joint_limits/joint_limits.hpp
[19.158s] -- Installing: /home/mampane/Desktop/machine_tending_robot/ros2_kortex_ws/install/joint_limits/share/joint_limits/environment/library_path.sh
[19.159s] -- Installing: /home/mampane/Desktop/machine_tending_robot/ros2_kortex_ws/install/joint_limits/share/joint_limits/environment/library_path.dsv
[19.159s] -- Installing: /home/mampane/Desktop/machine_tending_robot/ros2_kortex_ws/install/joint_limits/share/ament_index/resource_index/package_run_dependencies/joint_limits
[19.160s] -- Installing: /home/mampane/Desktop/machine_tending_robot/ros2_kortex_ws/install/joint_limits/share/ament_index/resource_index/parent_prefix_path/joint_limits
[19.160s] -- Installing: /home/mampane/Desktop/machine_tending_robot/ros2_kortex_ws/install/joint_limits/share/joint_limits/environment/ament_prefix_path.sh
[19.161s] -- Installing: /home/mampane/Desktop/machine_tending_robot/ros2_kortex_ws/install/joint_limits/share/joint_limits/environment/ament_prefix_path.dsv
[19.162s] -- Installing: /home/mampane/Desktop/machine_tending_robot/ros2_kortex_ws/install/joint_limits/share/joint_limits/environment/path.sh
[19.167s] -- Installing: /home/mampane/Desktop/machine_tending_robot/ros2_kortex_ws/install/joint_limits/share/joint_limits/environment/path.dsv
[19.167s] -- Installing: /home/mampane/Desktop/machine_tending_robot/ros2_kortex_ws/install/joint_limits/share/joint_limits/local_setup.bash
[19.168s] -- Installing: /home/mampane/Desktop/machine_tending_robot/ros2_kortex_ws/install/joint_limits/share/joint_limits/local_setup.sh
[19.168s] -- Installing: /home/mampane/Desktop/machine_tending_robot/ros2_kortex_ws/install/joint_limits/share/joint_limits/local_setup.zsh
[19.169s] -- Installing: /home/mampane/Desktop/machine_tending_robot/ros2_kortex_ws/install/joint_limits/share/joint_limits/local_setup.dsv
[19.169s] -- Installing: /home/mampane/Desktop/machine_tending_robot/ros2_kortex_ws/install/joint_limits/share/joint_limits/package.dsv
[19.170s] -- Installing: /home/mampane/Desktop/machine_tending_robot/ros2_kortex_ws/install/joint_limits/share/ament_index/resource_index/packages/joint_limits
[19.170s] -- Installing: /home/mampane/Desktop/machine_tending_robot/ros2_kortex_ws/install/joint_limits/share/joint_limits/cmake/export_joint_limitsExport.cmake
[19.191s] -- Installing: /home/mampane/Desktop/machine_tending_robot/ros2_kortex_ws/install/joint_limits/share/joint_limits/cmake/ament_cmake_export_targets-extras.cmake
[19.192s] -- Installing: /home/mampane/Desktop/machine_tending_robot/ros2_kortex_ws/install/joint_limits/share/joint_limits/cmake/ament_cmake_export_dependencies-extras.cmake
[19.192s] -- Installing: /home/mampane/Desktop/machine_tending_robot/ros2_kortex_ws/install/joint_limits/share/joint_limits/cmake/ament_cmake_export_include_directories-extras.cmake
[19.193s] -- Installing: /home/mampane/Desktop/machine_tending_robot/ros2_kortex_ws/install/joint_limits/share/joint_limits/cmake/joint_limitsConfig.cmake
[19.193s] -- Installing: /home/mampane/Desktop/machine_tending_robot/ros2_kortex_ws/install/joint_limits/share/joint_limits/cmake/joint_limitsConfig-version.cmake
[19.194s] -- Installing: /home/mampane/Desktop/machine_tending_robot/ros2_kortex_ws/install/joint_limits/share/joint_limits/package.xml
[19.194s] -- Installing: /home/mampane/Desktop/machine_tending_robot/ros2_kortex_ws/install/joint_limits/include/joint_limits/joint_limits/version.h
[19.195s] Invoked command in '/home/mampane/Desktop/machine_tending_robot/ros2_kortex_ws/build/joint_limits' returned '0': CMAKE_PREFIX_PATH=${CMAKE_PREFIX_PATH}:/home/mampane/Desktop/machine_tending_robot/workspace/ros2_kortex_ws/install/rqt_joint_trajectory_controller:/home/mampane/Desktop/machine_tending_robot/workspace/ros2_kortex_ws/install/rqt_controller_manager:/home/mampane/Desktop/machine_tending_robot/workspace/ros2_kortex_ws/install/ros2controlcli:/home/mampane/Desktop/machine_tending_robot/workspace/ros2_kortex_ws/install/ros2_controllers_test_nodes:/opt/ros/humble /usr/bin/cmake --install /home/mampane/Desktop/machine_tending_robot/ros2_kortex_ws/build/joint_limits
