[0.026s] Invoking command in '/home/mampane/Desktop/machine_tending_robot/ros2_kortex_ws/build/kortex_driver': AMENT_PREFIX_PATH=/home/mampane/Desktop/machine_tending_robot/ros2_kortex_ws/install/hardware_interface:/home/mampane/Desktop/machine_tending_robot/ros2_kortex_ws/install/ros2_control_test_assets:/home/mampane/Desktop/machine_tending_robot/ros2_kortex_ws/install/kortex_api:/home/mampane/Desktop/machine_tending_robot/ros2_kortex_ws/install/control_msgs:${AMENT_PREFIX_PATH} CMAKE_PREFIX_PATH=/home/mampane/Desktop/machine_tending_robot/ros2_kortex_ws/install/hardware_interface:/home/mampane/Desktop/machine_tending_robot/ros2_kortex_ws/install/ros2_control_test_assets:/home/mampane/Desktop/machine_tending_robot/ros2_kortex_ws/install/kortex_api:/home/mampane/Desktop/machine_tending_robot/ros2_kortex_ws/install/control_msgs:/opt/ros/humble LD_LIBRARY_PATH=/home/mampane/Desktop/machine_tending_robot/ros2_kortex_ws/install/hardware_interface/lib:/home/mampane/Desktop/machine_tending_robot/ros2_kortex_ws/install/control_msgs/lib:${LD_LIBRARY_PATH} PYTHONPATH=/home/mampane/Desktop/machine_tending_robot/ros2_kortex_ws/install/control_msgs/local/lib/python3.10/dist-packages:${PYTHONPATH} /usr/bin/cmake /home/mampane/Desktop/machine_tending_robot/ros2_kortex_ws/src/ros2_kortex/kortex_driver -DAMENT_CMAKE_SYMLINK_INSTALL=1 -DCMAKE_INSTALL_PREFIX=/home/mampane/Desktop/machine_tending_robot/ros2_kortex_ws/install/kortex_driver
[4.085s] -- The C compiler identification is GNU 11.4.0
[4.369s] -- The CXX compiler identification is GNU 11.4.0
[4.381s] -- Detecting C compiler ABI info
[4.672s] -- Detecting C compiler ABI info - done
[4.736s] -- Check for working C compiler: /usr/bin/cc - skipped
[4.737s] -- Detecting C compile features
[4.739s] -- Detecting C compile features - done
[4.764s] -- Detecting CXX compiler ABI info
[5.064s] -- Detecting CXX compiler ABI info - done
[5.104s] -- Check for working CXX compiler: /usr/bin/c++ - skipped
[5.104s] -- Detecting CXX compile features
[5.104s] -- Detecting CXX compile features - done
[5.114s] -- Found ament_cmake: 1.3.11 (/opt/ros/humble/share/ament_cmake/cmake)
[5.389s] -- Found Python3: /usr/bin/python3 (found version "3.10.12") found components: Interpreter 
[5.500s] -- Override CMake install command with custom implementation using symlinks instead of copying resources
[5.550s] -- Found hardware_interface: 2.48.0 (/home/mampane/Desktop/machine_tending_robot/ros2_kortex_ws/install/hardware_interface/share/hardware_interface/cmake)
[5.622s] -- Found rosidl_generator_c: 3.1.6 (/opt/ros/humble/share/rosidl_generator_c/cmake)
[5.632s] -- Found rosidl_adapter: 3.1.6 (/opt/ros/humble/share/rosidl_adapter/cmake)
[5.649s] -- Found rosidl_generator_cpp: 3.1.6 (/opt/ros/humble/share/rosidl_generator_cpp/cmake)
[5.676s] -- Using all available rosidl_typesupport_c: rosidl_typesupport_fastrtps_c;rosidl_typesupport_introspection_c
[5.703s] -- Using all available rosidl_typesupport_cpp: rosidl_typesupport_fastrtps_cpp;rosidl_typesupport_introspection_cpp
[6.094s] -- Found rmw_implementation_cmake: 6.1.2 (/opt/ros/humble/share/rmw_implementation_cmake/cmake)
[6.100s] -- Found rmw_fastrtps_cpp: 6.2.7 (/opt/ros/humble/share/rmw_fastrtps_cpp/cmake)
[6.148s] -- Found TinyXML2 via Config file: TinyXML2_DIR-NOTFOUND
[6.362s] -- Found OpenSSL: /usr/lib/x86_64-linux-gnu/libcrypto.so (found version "3.0.2")  
[6.373s] -- Found TinyXML2 via Config file: TinyXML2_DIR-NOTFOUND
[6.429s] -- Found FastRTPS: /opt/ros/humble/include  
[6.442s] -- Found TinyXML2 via Config file: TinyXML2_DIR-NOTFOUND
[6.470s] -- Found TinyXML2 via Config file: TinyXML2_DIR-NOTFOUND
[6.504s] -- Using RMW implementation 'rmw_fastrtps_cpp' as default
[6.532s] -- Looking for pthread.h
[6.710s] -- Looking for pthread.h - found
[6.710s] -- Performing Test CMAKE_HAVE_LIBC_PTHREAD
[6.817s] -- Performing Test CMAKE_HAVE_LIBC_PTHREAD - Success
[6.819s] -- Found Threads: TRUE  
[6.914s] -- Found kortex_api: 0.2.3 (/home/mampane/Desktop/machine_tending_robot/ros2_kortex_ws/install/kortex_api/share/kortex_api/cmake)
[7.048s] -- Configuring done
[7.117s] -- Generating done
[7.133s] -- Build files have been written to: /home/mampane/Desktop/machine_tending_robot/ros2_kortex_ws/build/kortex_driver
[7.155s] Invoked command in '/home/mampane/Desktop/machine_tending_robot/ros2_kortex_ws/build/kortex_driver' returned '0': AMENT_PREFIX_PATH=/home/mampane/Desktop/machine_tending_robot/ros2_kortex_ws/install/hardware_interface:/home/mampane/Desktop/machine_tending_robot/ros2_kortex_ws/install/ros2_control_test_assets:/home/mampane/Desktop/machine_tending_robot/ros2_kortex_ws/install/kortex_api:/home/mampane/Desktop/machine_tending_robot/ros2_kortex_ws/install/control_msgs:${AMENT_PREFIX_PATH} CMAKE_PREFIX_PATH=/home/mampane/Desktop/machine_tending_robot/ros2_kortex_ws/install/hardware_interface:/home/mampane/Desktop/machine_tending_robot/ros2_kortex_ws/install/ros2_control_test_assets:/home/mampane/Desktop/machine_tending_robot/ros2_kortex_ws/install/kortex_api:/home/mampane/Desktop/machine_tending_robot/ros2_kortex_ws/install/control_msgs:/opt/ros/humble LD_LIBRARY_PATH=/home/mampane/Desktop/machine_tending_robot/ros2_kortex_ws/install/hardware_interface/lib:/home/mampane/Desktop/machine_tending_robot/ros2_kortex_ws/install/control_msgs/lib:${LD_LIBRARY_PATH} PYTHONPATH=/home/mampane/Desktop/machine_tending_robot/ros2_kortex_ws/install/control_msgs/local/lib/python3.10/dist-packages:${PYTHONPATH} /usr/bin/cmake /home/mampane/Desktop/machine_tending_robot/ros2_kortex_ws/src/ros2_kortex/kortex_driver -DAMENT_CMAKE_SYMLINK_INSTALL=1 -DCMAKE_INSTALL_PREFIX=/home/mampane/Desktop/machine_tending_robot/ros2_kortex_ws/install/kortex_driver
[7.156s] Invoking command in '/home/mampane/Desktop/machine_tending_robot/ros2_kortex_ws/build/kortex_driver': AMENT_PREFIX_PATH=/home/mampane/Desktop/machine_tending_robot/ros2_kortex_ws/install/hardware_interface:/home/mampane/Desktop/machine_tending_robot/ros2_kortex_ws/install/ros2_control_test_assets:/home/mampane/Desktop/machine_tending_robot/ros2_kortex_ws/install/kortex_api:/home/mampane/Desktop/machine_tending_robot/ros2_kortex_ws/install/control_msgs:${AMENT_PREFIX_PATH} CMAKE_PREFIX_PATH=/home/mampane/Desktop/machine_tending_robot/ros2_kortex_ws/install/hardware_interface:/home/mampane/Desktop/machine_tending_robot/ros2_kortex_ws/install/ros2_control_test_assets:/home/mampane/Desktop/machine_tending_robot/ros2_kortex_ws/install/kortex_api:/home/mampane/Desktop/machine_tending_robot/ros2_kortex_ws/install/control_msgs:/opt/ros/humble LD_LIBRARY_PATH=/home/mampane/Desktop/machine_tending_robot/ros2_kortex_ws/install/hardware_interface/lib:/home/mampane/Desktop/machine_tending_robot/ros2_kortex_ws/install/control_msgs/lib:${LD_LIBRARY_PATH} PYTHONPATH=/home/mampane/Desktop/machine_tending_robot/ros2_kortex_ws/install/control_msgs/local/lib/python3.10/dist-packages:${PYTHONPATH} /usr/bin/cmake --build /home/mampane/Desktop/machine_tending_robot/ros2_kortex_ws/build/kortex_driver -- -j20 -l20
[7.292s] [ 33%] [32mBuilding CXX object CMakeFiles/kortex_driver.dir/src/hardware_interface.cpp.o[0m
[7.292s] [ 66%] [32mBuilding CXX object CMakeFiles/kortex_driver.dir/src/kortex_math_util.cpp.o[0m
[20.389s] [100%] [32m[1mLinking CXX shared library libkortex_driver.so[0m
[21.961s] [100%] Built target kortex_driver
[21.997s] Invoked command in '/home/mampane/Desktop/machine_tending_robot/ros2_kortex_ws/build/kortex_driver' returned '0': AMENT_PREFIX_PATH=/home/mampane/Desktop/machine_tending_robot/ros2_kortex_ws/install/hardware_interface:/home/mampane/Desktop/machine_tending_robot/ros2_kortex_ws/install/ros2_control_test_assets:/home/mampane/Desktop/machine_tending_robot/ros2_kortex_ws/install/kortex_api:/home/mampane/Desktop/machine_tending_robot/ros2_kortex_ws/install/control_msgs:${AMENT_PREFIX_PATH} CMAKE_PREFIX_PATH=/home/mampane/Desktop/machine_tending_robot/ros2_kortex_ws/install/hardware_interface:/home/mampane/Desktop/machine_tending_robot/ros2_kortex_ws/install/ros2_control_test_assets:/home/mampane/Desktop/machine_tending_robot/ros2_kortex_ws/install/kortex_api:/home/mampane/Desktop/machine_tending_robot/ros2_kortex_ws/install/control_msgs:/opt/ros/humble LD_LIBRARY_PATH=/home/mampane/Desktop/machine_tending_robot/ros2_kortex_ws/install/hardware_interface/lib:/home/mampane/Desktop/machine_tending_robot/ros2_kortex_ws/install/control_msgs/lib:${LD_LIBRARY_PATH} PYTHONPATH=/home/mampane/Desktop/machine_tending_robot/ros2_kortex_ws/install/control_msgs/local/lib/python3.10/dist-packages:${PYTHONPATH} /usr/bin/cmake --build /home/mampane/Desktop/machine_tending_robot/ros2_kortex_ws/build/kortex_driver -- -j20 -l20
[21.998s] Invoking command in '/home/mampane/Desktop/machine_tending_robot/ros2_kortex_ws/build/kortex_driver': AMENT_PREFIX_PATH=/home/mampane/Desktop/machine_tending_robot/ros2_kortex_ws/install/hardware_interface:/home/mampane/Desktop/machine_tending_robot/ros2_kortex_ws/install/ros2_control_test_assets:/home/mampane/Desktop/machine_tending_robot/ros2_kortex_ws/install/kortex_api:/home/mampane/Desktop/machine_tending_robot/ros2_kortex_ws/install/control_msgs:${AMENT_PREFIX_PATH} CMAKE_PREFIX_PATH=/home/mampane/Desktop/machine_tending_robot/ros2_kortex_ws/install/hardware_interface:/home/mampane/Desktop/machine_tending_robot/ros2_kortex_ws/install/ros2_control_test_assets:/home/mampane/Desktop/machine_tending_robot/ros2_kortex_ws/install/kortex_api:/home/mampane/Desktop/machine_tending_robot/ros2_kortex_ws/install/control_msgs:/opt/ros/humble LD_LIBRARY_PATH=/home/mampane/Desktop/machine_tending_robot/ros2_kortex_ws/install/hardware_interface/lib:/home/mampane/Desktop/machine_tending_robot/ros2_kortex_ws/install/control_msgs/lib:${LD_LIBRARY_PATH} PYTHONPATH=/home/mampane/Desktop/machine_tending_robot/ros2_kortex_ws/install/control_msgs/local/lib/python3.10/dist-packages:${PYTHONPATH} /usr/bin/cmake --install /home/mampane/Desktop/machine_tending_robot/ros2_kortex_ws/build/kortex_driver
[22.022s] -- Install configuration: ""
[22.024s] -- Execute custom install script
[22.024s] -- Symlinking: /home/mampane/Desktop/machine_tending_robot/ros2_kortex_ws/install/kortex_driver/share/kortex_driver//hardware_interface_plugin.xml
[22.049s] -- Symlinking: /home/mampane/Desktop/machine_tending_robot/ros2_kortex_ws/install/kortex_driver/lib/libkortex_driver.so
[22.076s] -- Symlinking: /home/mampane/Desktop/machine_tending_robot/ros2_kortex_ws/install/kortex_driver/include/kortex_driver/hardware_interface.hpp
[22.100s] -- Symlinking: /home/mampane/Desktop/machine_tending_robot/ros2_kortex_ws/install/kortex_driver/include/kortex_driver/kortex_math_util.hpp
[22.126s] -- Symlinking: /home/mampane/Desktop/machine_tending_robot/ros2_kortex_ws/install/kortex_driver/include/kortex_driver/visibility_control.h
[22.148s] -- Symlinking: /home/mampane/Desktop/machine_tending_robot/ros2_kortex_ws/install/kortex_driver/share/kortex_driver/environment/library_path.sh
[22.174s] -- Symlinking: /home/mampane/Desktop/machine_tending_robot/ros2_kortex_ws/install/kortex_driver/share/kortex_driver/environment/library_path.dsv
[22.196s] -- Symlinking: /home/mampane/Desktop/machine_tending_robot/ros2_kortex_ws/install/kortex_driver/share/ament_index/resource_index/package_run_dependencies/kortex_driver
[22.222s] -- Symlinking: /home/mampane/Desktop/machine_tending_robot/ros2_kortex_ws/install/kortex_driver/share/ament_index/resource_index/parent_prefix_path/kortex_driver
[22.248s] -- Symlinking: /home/mampane/Desktop/machine_tending_robot/ros2_kortex_ws/install/kortex_driver/share/kortex_driver/environment/ament_prefix_path.sh
[22.274s] -- Symlinking: /home/mampane/Desktop/machine_tending_robot/ros2_kortex_ws/install/kortex_driver/share/kortex_driver/environment/ament_prefix_path.dsv
[22.300s] -- Symlinking: /home/mampane/Desktop/machine_tending_robot/ros2_kortex_ws/install/kortex_driver/share/kortex_driver/environment/path.sh
[22.324s] -- Symlinking: /home/mampane/Desktop/machine_tending_robot/ros2_kortex_ws/install/kortex_driver/share/kortex_driver/environment/path.dsv
[22.348s] -- Symlinking: /home/mampane/Desktop/machine_tending_robot/ros2_kortex_ws/install/kortex_driver/share/kortex_driver/local_setup.bash
[22.375s] -- Symlinking: /home/mampane/Desktop/machine_tending_robot/ros2_kortex_ws/install/kortex_driver/share/kortex_driver/local_setup.sh
[22.400s] -- Symlinking: /home/mampane/Desktop/machine_tending_robot/ros2_kortex_ws/install/kortex_driver/share/kortex_driver/local_setup.zsh
[22.425s] -- Symlinking: /home/mampane/Desktop/machine_tending_robot/ros2_kortex_ws/install/kortex_driver/share/kortex_driver/local_setup.dsv
[22.453s] -- Symlinking: /home/mampane/Desktop/machine_tending_robot/ros2_kortex_ws/install/kortex_driver/share/kortex_driver/package.dsv
[22.480s] -- Symlinking: /home/mampane/Desktop/machine_tending_robot/ros2_kortex_ws/install/kortex_driver/share/ament_index/resource_index/packages/kortex_driver
[22.509s] -- Symlinking: /home/mampane/Desktop/machine_tending_robot/ros2_kortex_ws/install/kortex_driver/share/ament_index/resource_index/hardware_interface__pluginlib__plugin/kortex_driver
[22.532s] -- Symlinking: /home/mampane/Desktop/machine_tending_robot/ros2_kortex_ws/install/kortex_driver/share/kortex_driver/cmake/ament_cmake_export_include_directories-extras.cmake
[22.554s] -- Symlinking: /home/mampane/Desktop/machine_tending_robot/ros2_kortex_ws/install/kortex_driver/share/kortex_driver/cmake/ament_cmake_export_libraries-extras.cmake
[22.582s] -- Symlinking: /home/mampane/Desktop/machine_tending_robot/ros2_kortex_ws/install/kortex_driver/share/kortex_driver/cmake/ament_cmake_export_dependencies-extras.cmake
[22.609s] -- Symlinking: /home/mampane/Desktop/machine_tending_robot/ros2_kortex_ws/install/kortex_driver/share/kortex_driver/cmake/kortex_driverConfig.cmake
[22.636s] -- Symlinking: /home/mampane/Desktop/machine_tending_robot/ros2_kortex_ws/install/kortex_driver/share/kortex_driver/cmake/kortex_driverConfig-version.cmake
[22.662s] -- Symlinking: /home/mampane/Desktop/machine_tending_robot/ros2_kortex_ws/install/kortex_driver/share/kortex_driver/package.xml
[22.691s] Invoked command in '/home/mampane/Desktop/machine_tending_robot/ros2_kortex_ws/build/kortex_driver' returned '0': AMENT_PREFIX_PATH=/home/mampane/Desktop/machine_tending_robot/ros2_kortex_ws/install/hardware_interface:/home/mampane/Desktop/machine_tending_robot/ros2_kortex_ws/install/ros2_control_test_assets:/home/mampane/Desktop/machine_tending_robot/ros2_kortex_ws/install/kortex_api:/home/mampane/Desktop/machine_tending_robot/ros2_kortex_ws/install/control_msgs:${AMENT_PREFIX_PATH} CMAKE_PREFIX_PATH=/home/mampane/Desktop/machine_tending_robot/ros2_kortex_ws/install/hardware_interface:/home/mampane/Desktop/machine_tending_robot/ros2_kortex_ws/install/ros2_control_test_assets:/home/mampane/Desktop/machine_tending_robot/ros2_kortex_ws/install/kortex_api:/home/mampane/Desktop/machine_tending_robot/ros2_kortex_ws/install/control_msgs:/opt/ros/humble LD_LIBRARY_PATH=/home/mampane/Desktop/machine_tending_robot/ros2_kortex_ws/install/hardware_interface/lib:/home/mampane/Desktop/machine_tending_robot/ros2_kortex_ws/install/control_msgs/lib:${LD_LIBRARY_PATH} PYTHONPATH=/home/mampane/Desktop/machine_tending_robot/ros2_kortex_ws/install/control_msgs/local/lib/python3.10/dist-packages:${PYTHONPATH} /usr/bin/cmake --install /home/mampane/Desktop/machine_tending_robot/ros2_kortex_ws/build/kortex_driver
