[0.007s] Invoking command in '/home/mampane/Desktop/machine_tending_robot/workspace/ros2_kortex_ws/build/ros_ign_gazebo': AMENT_PREFIX_PATH=/home/mampane/Desktop/machine_tending_robot/workspace/ros2_kortex_ws/install/ros_gz_sim:${AMENT_PREFIX_PATH} CMAKE_PREFIX_PATH=/home/mampane/Desktop/machine_tending_robot/workspace/ros2_kortex_ws/install/ros_gz_sim:/opt/ros/humble LD_LIBRARY_PATH=/home/mampane/Desktop/machine_tending_robot/workspace/ros2_kortex_ws/install/ros_gz_sim/lib:${LD_LIBRARY_PATH} /usr/bin/cmake /home/mampane/Desktop/machine_tending_robot/workspace/ros2_kortex_ws/src/ros_gz/ros_ign_gazebo -DCMAKE_BUILD_TYPE=Release -DCMAKE_INSTALL_PREFIX=/home/mampane/Desktop/machine_tending_robot/workspace/ros2_kortex_ws/install/ros_ign_gazebo
[0.063s] -- The C compiler identification is GNU 11.4.0
[0.121s] -- The CXX compiler identification is GNU 11.4.0
[0.128s] -- Detecting C compiler ABI info
[0.200s] -- Detecting C compiler ABI info - done
[0.209s] -- Check for working C compiler: /usr/bin/cc - skipped
[0.210s] -- Detecting C compile features
[0.210s] -- Detecting C compile features - done
[0.214s] -- Detecting CXX compiler ABI info
[0.295s] -- Detecting CXX compiler ABI info - done
[0.305s] -- Check for working CXX compiler: /usr/bin/c++ - skipped
[0.305s] -- Detecting CXX compile features
[0.305s] -- Detecting CXX compile features - done
[0.308s] -- Found ament_cmake: 1.3.11 (/opt/ros/humble/share/ament_cmake/cmake)
[0.462s] -- Found Python3: /usr/bin/python3 (found version "3.10.12") found components: Interpreter 
[0.553s] -- Found ament_index_cpp: 1.4.0 (/opt/ros/humble/share/ament_index_cpp/cmake)
[0.558s] -- Looking for ignition-gazebo6 -- found version 6.17.0
[0.568s] -- Searching for dependencies of ignition-gazebo6
[0.570s] -- Looking for sdformat12 -- found version 12.8.0
[0.570s] -- Searching for dependencies of sdformat12
[0.576s] -- Checking for module 'tinyxml2'
[0.589s] --   Found tinyxml2, version 9.0.0
[0.629s] -- Looking for ignition-math6 -- found version 6.15.1
[0.630s] -- Searching for dependencies of ignition-math6
[0.634s] -- Looking for ignition-utils1 -- found version 1.5.1
[0.634s] -- Searching for dependencies of ignition-utils1
[0.640s] -- Looking for ignition-plugin1 -- found version 1.4.0
[0.640s] -- Searching for dependencies of ignition-plugin1
[0.641s] -- Searching for <ignition-plugin1> component [loader]
[0.644s] -- Looking for ignition-plugin1-loader -- found version 1.4.0
[0.644s] -- Searching for dependencies of ignition-plugin1-loader
[0.645s] -- Searching for <ignition-plugin1> component [register]
[0.647s] -- Looking for ignition-plugin1-register -- found version 1.4.0
[0.647s] -- Searching for dependencies of ignition-plugin1-register
[0.650s] -- Looking for ignition-transport11 -- found version 11.4.1
[0.650s] -- Searching for dependencies of ignition-transport11
[0.837s] -- Found Protobuf: /usr/lib/x86_64-linux-gnu/libprotobuf.so (found version "3.12.4") 
[0.850s] -- Config-file not installed for ZeroMQ -- checking for pkg-config
[0.855s] -- Checking for module 'libzmq >= 4'
[0.867s] --   Found libzmq , version 4.3.4
[0.902s] -- Found ZeroMQ: TRUE (Required is at least version "4") 
[0.908s] -- Checking for module 'uuid'
[0.920s] --   Found uuid, version 2.37.2
[0.952s] -- Found UUID: TRUE  
[0.952s] -- Looking for ignition-utils1 -- found version 1.5.1
[0.953s] -- Searching for dependencies of ignition-utils1
[0.953s] -- Searching for <ignition-utils1> component [cli]
[0.956s] -- Looking for ignition-utils1-cli -- found version 1.5.1
[0.956s] -- Searching for dependencies of ignition-utils1-cli
[0.958s] -- Looking for ignition-msgs8 -- found version 8.7.0
[0.959s] -- Searching for dependencies of ignition-msgs8
[0.974s] -- Found Protobuf: /usr/lib/x86_64-linux-gnu/libprotobuf.so (found suitable version "3.12.4", minimum required is "3") 
[0.975s] -- Looking for ignition-math6 -- found version 6.15.1
[0.990s] -- Searching for <ignition-transport11> component [log]
[0.993s] -- Looking for ignition-transport11-log -- found version 11.4.1
[0.993s] -- Searching for dependencies of ignition-transport11-log
[0.994s] -- Searching for <ignition-transport11> component [parameters]
[0.997s] -- Looking for ignition-transport11-parameters -- found version 11.4.1
[0.998s] -- Searching for dependencies of ignition-transport11-parameters
[0.999s] -- Looking for ignition-msgs8 -- found version 8.7.0
[1.002s] -- Looking for ignition-common4 -- found version 4.7.0
[1.003s] -- Searching for dependencies of ignition-common4
[1.003s] -- Looking for dlfcn.h - found
[1.004s] -- Looking for libdl - found
[1.006s] -- Found DL: TRUE  
[1.015s] -- Searching for <ignition-common4> component [profiler]
[1.018s] -- Looking for ignition-common4-profiler -- found version 4.7.0
[1.019s] -- Searching for dependencies of ignition-common4-profiler
[1.019s] -- Searching for <ignition-common4> component [events]
[1.022s] -- Looking for ignition-common4-events -- found version 4.7.0
[1.022s] -- Searching for dependencies of ignition-common4-events
[1.023s] -- Looking for ignition-math6 -- found version 6.15.1
[1.024s] -- Searching for <ignition-common4> component [av]
[1.026s] -- Looking for ignition-common4-av -- found version 4.7.0
[1.027s] -- Searching for dependencies of ignition-common4-av
[1.033s] -- Checking for module 'libswscale'
[1.046s] --   Found libswscale, version 5.9.100
[1.080s] -- Found SWSCALE: TRUE  
[1.087s] -- Checking for module 'libavdevice >= 56.4.100'
[1.101s] --   Found libavdevice , version 58.13.100
[1.138s] -- Found AVDEVICE: TRUE (Required is at least version "56.4.100") 
[1.143s] -- Checking for module 'libavformat'
[1.157s] --   Found libavformat, version 58.76.100
[1.194s] -- Found AVFORMAT: TRUE  
[1.201s] -- Checking for module 'libavcodec'
[1.214s] --   Found libavcodec, version 58.134.100
[1.251s] -- Found AVCODEC: TRUE  
[1.258s] -- Checking for module 'libavutil'
[1.272s] --   Found libavutil, version 56.70.100
[1.308s] -- Found AVUTIL: TRUE  
[1.314s] -- Looking for ignition-fuel_tools7 -- found version 7.3.1
[1.314s] -- Searching for dependencies of ignition-fuel_tools7
[1.395s] -- Found CURL: /usr/lib/x86_64-linux-gnu/libcurl.so (found version "7.81.0")  
[1.405s] -- Checking for module 'jsoncpp'
[1.420s] --   Found jsoncpp, version 1.9.5
[1.456s] -- Found JSONCPP: TRUE  
[1.464s] -- Checking for module 'libzip'
[1.477s] --   Found libzip, version 1.7.3
[1.513s] -- Found ZIP: TRUE  
[1.514s] -- Looking for ignition-common4 -- found version 4.7.0
[1.514s] -- Looking for ignition-math6 -- found version 6.15.1
[1.515s] -- Looking for ignition-msgs8 -- found version 8.7.0
[1.518s] -- Looking for ignition-gui6 -- found version 6.8.0
[1.518s] -- Searching for dependencies of ignition-gui6
[1.544s] -- Looking for ignition-math6 -- found version 6.15.1
[1.545s] -- Looking for ignition-common4 -- found version 4.7.0
[1.545s] -- Looking for ignition-plugin1 -- found version 1.4.0
[1.546s] -- Looking for ignition-transport11 -- found version 11.4.1
[1.549s] -- Looking for ignition-rendering6 -- found version 6.6.3
[1.549s] -- Searching for dependencies of ignition-rendering6
[1.549s] -- Looking for ignition-math6 -- found version 6.15.1
[1.550s] -- Searching for dependencies of ignition-math6
[1.550s] -- Searching for <ignition-math6> component [eigen3]
[1.553s] -- Looking for ignition-math6-eigen3 -- found version 6.15.1
[1.554s] -- Searching for dependencies of ignition-math6-eigen3
[1.564s] -- Looking for ignition-common4 -- found version 4.7.0
[1.564s] -- Searching for dependencies of ignition-common4
[1.565s] -- Looking for dlfcn.h - found
[1.565s] -- Looking for libdl - found
[1.575s] -- Searching for <ignition-common4> component [graphics]
[1.577s] -- Looking for ignition-common4-graphics -- found version 4.7.0
[1.578s] -- Searching for dependencies of ignition-common4-graphics
[1.578s] -- Looking for ignition-math6 -- found version 6.15.1
[1.579s] -- Looking for ignition-utils1 -- found version 1.5.1
[1.580s] -- Searching for <ignition-common4> component [events]
[1.581s] -- Looking for ignition-plugin1 -- found version 1.4.0
[1.581s] -- Searching for dependencies of ignition-plugin1
[1.582s] -- Searching for <ignition-plugin1> component [all]
[1.584s] -- Looking for all libraries of ignition-plugin1 -- found version 1.4.0
[1.585s] -- Looking for ignition-plugin1 -- found version 1.4.0
[1.588s] -- Looking for ignition-msgs8 -- found version 8.7.0
[1.625s] -- Looking for ignition-physics5 -- found version 5.3.2
[1.625s] -- Searching for dependencies of ignition-physics5
[1.626s] -- Looking for ignition-math6 -- found version 6.15.1
[1.626s] -- Looking for ignition-plugin1 -- found version 1.4.0
[1.626s] -- Looking for ignition-utils1 -- found version 1.5.1
[1.629s] -- Searching for <ignition-physics5> component [heightmap]
[1.631s] -- Looking for ignition-physics5-heightmap -- found version 5.3.2
[1.631s] -- Searching for dependencies of ignition-physics5-heightmap
[1.632s] -- Looking for ignition-common4 -- found version 4.7.0
[1.633s] -- Searching for <ignition-physics5> component [mesh]
[1.634s] -- Looking for ignition-physics5-mesh -- found version 5.3.2
[1.635s] -- Searching for dependencies of ignition-physics5-mesh
[1.635s] -- Looking for ignition-common4 -- found version 4.7.0
[1.636s] -- Searching for <ignition-physics5> component [sdf]
[1.638s] -- Looking for ignition-physics5-sdf -- found version 5.3.2
[1.638s] -- Searching for dependencies of ignition-physics5-sdf
[1.638s] -- Looking for sdformat12 -- found version 12.8.0
[1.641s] -- Looking for ignition-sensors6 -- found version 6.8.1
[1.641s] -- Searching for dependencies of ignition-sensors6
[1.658s] -- Found Protobuf: /usr/lib/x86_64-linux-gnu/libprotobuf.so (found version "3.12.4") 
[1.659s] -- Looking for ignition-math6 -- found version 6.15.1
[1.659s] -- Looking for ignition-common4 -- found version 4.7.0
[1.660s] -- Looking for ignition-transport11 -- found version 11.4.1
[1.660s] -- Looking for ignition-rendering6 -- found version 6.6.3
[1.661s] -- Looking for ignition-msgs8 -- found version 8.7.0
[1.661s] -- Looking for sdformat12 -- found version 12.8.0
[1.662s] -- Searching for <ignition-sensors6> component [air_pressure]
[1.665s] -- Looking for ignition-sensors6-air_pressure -- found version 6.8.1
[1.666s] -- Searching for dependencies of ignition-sensors6-air_pressure
[1.667s] -- Searching for <ignition-sensors6> component [altimeter]
[1.670s] -- Looking for ignition-sensors6-altimeter -- found version 6.8.1
[1.670s] -- Searching for dependencies of ignition-sensors6-altimeter
[1.671s] -- Searching for <ignition-sensors6> component [imu]
[1.674s] -- Looking for ignition-sensors6-imu -- found version 6.8.1
[1.675s] -- Searching for dependencies of ignition-sensors6-imu
[1.676s] -- Searching for <ignition-sensors6> component [force_torque]
[1.679s] -- Looking for ignition-sensors6-force_torque -- found version 6.8.1
[1.680s] -- Searching for dependencies of ignition-sensors6-force_torque
[1.681s] -- Searching for <ignition-sensors6> component [logical_camera]
[1.683s] -- Looking for ignition-sensors6-logical_camera -- found version 6.8.1
[1.684s] -- Searching for dependencies of ignition-sensors6-logical_camera
[1.685s] -- Searching for <ignition-sensors6> component [magnetometer]
[1.688s] -- Looking for ignition-sensors6-magnetometer -- found version 6.8.1
[1.688s] -- Searching for dependencies of ignition-sensors6-magnetometer
[1.689s] -- Searching for <ignition-sensors6> component [navsat]
[1.692s] -- Looking for ignition-sensors6-navsat -- found version 6.8.1
[1.692s] -- Searching for dependencies of ignition-sensors6-navsat
[1.693s] -- Searching for <ignition-sensors6> component [rendering]
[1.696s] -- Looking for ignition-sensors6-rendering -- found version 6.8.1
[1.697s] -- Searching for dependencies of ignition-sensors6-rendering
[1.698s] -- Searching for <ignition-sensors6> component [lidar]
[1.700s] -- Looking for ignition-sensors6-lidar -- found version 6.8.1
[1.701s] -- Searching for dependencies of ignition-sensors6-lidar
[1.701s] -- Looking for ignition-sensors6 -- found version 6.8.1
[1.702s] -- Searching for <ignition-sensors6> component [gpu_lidar]
[1.705s] -- Looking for ignition-sensors6-gpu_lidar -- found version 6.8.1
[1.706s] -- Searching for dependencies of ignition-sensors6-gpu_lidar
[1.706s] -- Looking for ignition-sensors6 -- found version 6.8.1
[1.707s] -- Searching for <ignition-sensors6> component [camera]
[1.710s] -- Looking for ignition-sensors6-camera -- found version 6.8.1
[1.711s] -- Searching for dependencies of ignition-sensors6-camera
[1.711s] -- Looking for ignition-sensors6 -- found version 6.8.1
[1.712s] -- Searching for <ignition-sensors6> component [boundingbox_camera]
[1.715s] -- Looking for ignition-sensors6-boundingbox_camera -- found version 6.8.1
[1.715s] -- Searching for dependencies of ignition-sensors6-boundingbox_camera
[1.716s] -- Searching for <ignition-sensors6> component [segmentation_camera]
[1.718s] -- Looking for ignition-sensors6-segmentation_camera -- found version 6.8.1
[1.718s] -- Searching for dependencies of ignition-sensors6-segmentation_camera
[1.719s] -- Searching for <ignition-sensors6> component [depth_camera]
[1.721s] -- Looking for ignition-sensors6-depth_camera -- found version 6.8.1
[1.721s] -- Searching for dependencies of ignition-sensors6-depth_camera
[1.722s] -- Looking for ignition-sensors6 -- found version 6.8.1
[1.722s] -- Searching for <ignition-sensors6> component [rgbd_camera]
[1.724s] -- Looking for ignition-sensors6-rgbd_camera -- found version 6.8.1
[1.725s] -- Searching for dependencies of ignition-sensors6-rgbd_camera
[1.725s] -- Looking for ignition-sensors6 -- found version 6.8.1
[1.726s] -- Searching for <ignition-sensors6> component [thermal_camera]
[1.728s] -- Looking for ignition-sensors6-thermal_camera -- found version 6.8.1
[1.728s] -- Searching for dependencies of ignition-sensors6-thermal_camera
[1.728s] -- Looking for ignition-sensors6 -- found version 6.8.1
[1.730s] -- Looking for ignition-rendering6 -- found version 6.6.3
[1.730s] -- Looking for ignition-math6 -- found version 6.15.1
[1.732s] -- Looking for ignition-utils1 -- found version 1.5.1
[1.751s] -- Compiling against Gazebo Fortress
[1.814s] -- Configuring done
[1.818s] -- Generating done
[1.820s] -- Build files have been written to: /home/mampane/Desktop/machine_tending_robot/workspace/ros2_kortex_ws/build/ros_ign_gazebo
[1.830s] Invoked command in '/home/mampane/Desktop/machine_tending_robot/workspace/ros2_kortex_ws/build/ros_ign_gazebo' returned '0': AMENT_PREFIX_PATH=/home/mampane/Desktop/machine_tending_robot/workspace/ros2_kortex_ws/install/ros_gz_sim:${AMENT_PREFIX_PATH} CMAKE_PREFIX_PATH=/home/mampane/Desktop/machine_tending_robot/workspace/ros2_kortex_ws/install/ros_gz_sim:/opt/ros/humble LD_LIBRARY_PATH=/home/mampane/Desktop/machine_tending_robot/workspace/ros2_kortex_ws/install/ros_gz_sim/lib:${LD_LIBRARY_PATH} /usr/bin/cmake /home/mampane/Desktop/machine_tending_robot/workspace/ros2_kortex_ws/src/ros_gz/ros_ign_gazebo -DCMAKE_BUILD_TYPE=Release -DCMAKE_INSTALL_PREFIX=/home/mampane/Desktop/machine_tending_robot/workspace/ros2_kortex_ws/install/ros_ign_gazebo
[1.832s] Invoking command in '/home/mampane/Desktop/machine_tending_robot/workspace/ros2_kortex_ws/build/ros_ign_gazebo': AMENT_PREFIX_PATH=/home/mampane/Desktop/machine_tending_robot/workspace/ros2_kortex_ws/install/ros_gz_sim:${AMENT_PREFIX_PATH} CMAKE_PREFIX_PATH=/home/mampane/Desktop/machine_tending_robot/workspace/ros2_kortex_ws/install/ros_gz_sim:/opt/ros/humble LD_LIBRARY_PATH=/home/mampane/Desktop/machine_tending_robot/workspace/ros2_kortex_ws/install/ros_gz_sim/lib:${LD_LIBRARY_PATH} /usr/bin/cmake --build /home/mampane/Desktop/machine_tending_robot/workspace/ros2_kortex_ws/build/ros_ign_gazebo -- -j20 -l20
[1.884s] [ 50%] [32mBuilding CXX object CMakeFiles/create.dir/src/create_shim.cpp.o[0m
[2.064s] [01m[K/home/mampane/Desktop/machine_tending_robot/workspace/ros2_kortex_ws/src/ros_gz/ros_ign_gazebo/src/create_shim.cpp:[m[K In function ‘[01m[Kint main(int, char**)[m[K’:
[2.064s] [01m[K/home/mampane/Desktop/machine_tending_robot/workspace/ros2_kortex_ws/src/ros_gz/ros_ign_gazebo/src/create_shim.cpp:40:9:[m[K [01;35m[Kwarning: [m[Kignoring return value of ‘[01m[Kint system(const char*)[m[K’ declared with attribute ‘[01m[Kwarn_unused_result[m[K’ [[01;35m[K]8;;https://gcc.gnu.org/onlinedocs/gcc/Warning-Options.html#index-Wunused-result-Wunused-result]8;;[m[K]
[2.064s]    40 |   [01;35m[Ksystem(cli_call.str().c_str())[m[K;
[2.064s]       |   [01;35m[K~~~~~~^~~~~~~~~~~~~~~~~~~~~~~~[m[K
[2.114s] [100%] [32m[1mLinking CXX executable create[0m
[2.182s] [100%] Built target create
[2.194s] Invoked command in '/home/mampane/Desktop/machine_tending_robot/workspace/ros2_kortex_ws/build/ros_ign_gazebo' returned '0': AMENT_PREFIX_PATH=/home/mampane/Desktop/machine_tending_robot/workspace/ros2_kortex_ws/install/ros_gz_sim:${AMENT_PREFIX_PATH} CMAKE_PREFIX_PATH=/home/mampane/Desktop/machine_tending_robot/workspace/ros2_kortex_ws/install/ros_gz_sim:/opt/ros/humble LD_LIBRARY_PATH=/home/mampane/Desktop/machine_tending_robot/workspace/ros2_kortex_ws/install/ros_gz_sim/lib:${LD_LIBRARY_PATH} /usr/bin/cmake --build /home/mampane/Desktop/machine_tending_robot/workspace/ros2_kortex_ws/build/ros_ign_gazebo -- -j20 -l20
[2.196s] Invoking command in '/home/mampane/Desktop/machine_tending_robot/workspace/ros2_kortex_ws/build/ros_ign_gazebo': AMENT_PREFIX_PATH=/home/mampane/Desktop/machine_tending_robot/workspace/ros2_kortex_ws/install/ros_gz_sim:${AMENT_PREFIX_PATH} CMAKE_PREFIX_PATH=/home/mampane/Desktop/machine_tending_robot/workspace/ros2_kortex_ws/install/ros_gz_sim:/opt/ros/humble LD_LIBRARY_PATH=/home/mampane/Desktop/machine_tending_robot/workspace/ros2_kortex_ws/install/ros_gz_sim/lib:${LD_LIBRARY_PATH} /usr/bin/cmake --install /home/mampane/Desktop/machine_tending_robot/workspace/ros2_kortex_ws/build/ros_ign_gazebo
[2.201s] -- Install configuration: "Release"
[2.201s] -- Installing: /home/mampane/Desktop/machine_tending_robot/workspace/ros2_kortex_ws/install/ros_ign_gazebo/share/ros_ign_gazebo/launch/ign_gazebo.launch.py
[2.202s] -- Installing: /home/mampane/Desktop/machine_tending_robot/workspace/ros2_kortex_ws/install/ros_ign_gazebo/lib/ros_ign_gazebo/create
[2.202s] -- Set runtime path of "/home/mampane/Desktop/machine_tending_robot/workspace/ros2_kortex_ws/install/ros_ign_gazebo/lib/ros_ign_gazebo/create" to ""
[2.202s] -- Installing: /home/mampane/Desktop/machine_tending_robot/workspace/ros2_kortex_ws/install/ros_ign_gazebo/share/ament_index/resource_index/package_run_dependencies/ros_ign_gazebo
[2.202s] -- Installing: /home/mampane/Desktop/machine_tending_robot/workspace/ros2_kortex_ws/install/ros_ign_gazebo/share/ament_index/resource_index/parent_prefix_path/ros_ign_gazebo
[2.202s] -- Installing: /home/mampane/Desktop/machine_tending_robot/workspace/ros2_kortex_ws/install/ros_ign_gazebo/share/ros_ign_gazebo/environment/ament_prefix_path.sh
[2.202s] -- Installing: /home/mampane/Desktop/machine_tending_robot/workspace/ros2_kortex_ws/install/ros_ign_gazebo/share/ros_ign_gazebo/environment/ament_prefix_path.dsv
[2.203s] -- Installing: /home/mampane/Desktop/machine_tending_robot/workspace/ros2_kortex_ws/install/ros_ign_gazebo/share/ros_ign_gazebo/environment/path.sh
[2.203s] -- Installing: /home/mampane/Desktop/machine_tending_robot/workspace/ros2_kortex_ws/install/ros_ign_gazebo/share/ros_ign_gazebo/environment/path.dsv
[2.203s] -- Installing: /home/mampane/Desktop/machine_tending_robot/workspace/ros2_kortex_ws/install/ros_ign_gazebo/share/ros_ign_gazebo/local_setup.bash
[2.203s] -- Installing: /home/mampane/Desktop/machine_tending_robot/workspace/ros2_kortex_ws/install/ros_ign_gazebo/share/ros_ign_gazebo/local_setup.sh
[2.203s] -- Installing: /home/mampane/Desktop/machine_tending_robot/workspace/ros2_kortex_ws/install/ros_ign_gazebo/share/ros_ign_gazebo/local_setup.zsh
[2.203s] -- Installing: /home/mampane/Desktop/machine_tending_robot/workspace/ros2_kortex_ws/install/ros_ign_gazebo/share/ros_ign_gazebo/local_setup.dsv
[2.203s] -- Installing: /home/mampane/Desktop/machine_tending_robot/workspace/ros2_kortex_ws/install/ros_ign_gazebo/share/ros_ign_gazebo/package.dsv
[2.203s] -- Installing: /home/mampane/Desktop/machine_tending_robot/workspace/ros2_kortex_ws/install/ros_ign_gazebo/share/ament_index/resource_index/packages/ros_ign_gazebo
[2.203s] -- Installing: /home/mampane/Desktop/machine_tending_robot/workspace/ros2_kortex_ws/install/ros_ign_gazebo/share/ros_ign_gazebo/cmake/ament_cmake_export_dependencies-extras.cmake
[2.203s] -- Installing: /home/mampane/Desktop/machine_tending_robot/workspace/ros2_kortex_ws/install/ros_ign_gazebo/share/ros_ign_gazebo/cmake/ros_ign_gazeboConfig.cmake
[2.203s] -- Installing: /home/mampane/Desktop/machine_tending_robot/workspace/ros2_kortex_ws/install/ros_ign_gazebo/share/ros_ign_gazebo/cmake/ros_ign_gazeboConfig-version.cmake
[2.203s] -- Installing: /home/mampane/Desktop/machine_tending_robot/workspace/ros2_kortex_ws/install/ros_ign_gazebo/share/ros_ign_gazebo/package.xml
[2.205s] Invoked command in '/home/mampane/Desktop/machine_tending_robot/workspace/ros2_kortex_ws/build/ros_ign_gazebo' returned '0': AMENT_PREFIX_PATH=/home/mampane/Desktop/machine_tending_robot/workspace/ros2_kortex_ws/install/ros_gz_sim:${AMENT_PREFIX_PATH} CMAKE_PREFIX_PATH=/home/mampane/Desktop/machine_tending_robot/workspace/ros2_kortex_ws/install/ros_gz_sim:/opt/ros/humble LD_LIBRARY_PATH=/home/mampane/Desktop/machine_tending_robot/workspace/ros2_kortex_ws/install/ros_gz_sim/lib:${LD_LIBRARY_PATH} /usr/bin/cmake --install /home/mampane/Desktop/machine_tending_robot/workspace/ros2_kortex_ws/build/ros_ign_gazebo
