[0.012s] Invoking command in '/home/mampane/Desktop/machine_tending_robot/ros2_kortex_ws/build/serial': CMAKE_PREFIX_PATH=${CMAKE_PREFIX_PATH}:/home/mampane/Desktop/machine_tending_robot/workspace/ros2_kortex_ws/install/rqt_joint_trajectory_controller:/home/mampane/Desktop/machine_tending_robot/workspace/ros2_kortex_ws/install/rqt_controller_manager:/home/mampane/Desktop/machine_tending_robot/workspace/ros2_kortex_ws/install/ros2controlcli:/home/mampane/Desktop/machine_tending_robot/workspace/ros2_kortex_ws/install/ros2_controllers_test_nodes:/opt/ros/humble /usr/bin/cmake /home/mampane/Desktop/machine_tending_robot/ros2_kortex_ws/src/serial -DCMAKE_BUILD_TYPE=Release -DCMAKE_INSTALL_PREFIX=/home/mampane/Desktop/machine_tending_robot/ros2_kortex_ws/install/serial
[0.096s] -- The C compiler identification is GNU 11.4.0
[0.177s] -- The CXX compiler identification is GNU 11.4.0
[0.188s] -- Detecting C compiler ABI info
[0.291s] -- Detecting C compiler ABI info - done
[0.302s] -- Check for working C compiler: /usr/bin/cc - skipped
[0.302s] -- Detecting C compile features
[0.303s] -- Detecting C compile features - done
[0.307s] -- Detecting CXX compiler ABI info
[0.424s] -- Detecting CXX compiler ABI info - done
[0.434s] -- Check for working CXX compiler: /usr/bin/c++ - skipped
[0.434s] -- Detecting CXX compile features
[0.434s] -- Detecting CXX compile features - done
[0.437s] -- Found ament_cmake: 1.3.11 (/opt/ros/humble/share/ament_cmake/cmake)
[0.627s] -- Found Python3: /usr/bin/python3 (found version "3.10.12") found components: Interpreter 
[0.839s] -- Configuring done
[0.846s] -- Generating done
[0.850s] -- Build files have been written to: /home/mampane/Desktop/machine_tending_robot/ros2_kortex_ws/build/serial
[0.854s] Invoked command in '/home/mampane/Desktop/machine_tending_robot/ros2_kortex_ws/build/serial' returned '0': CMAKE_PREFIX_PATH=${CMAKE_PREFIX_PATH}:/home/mampane/Desktop/machine_tending_robot/workspace/ros2_kortex_ws/install/rqt_joint_trajectory_controller:/home/mampane/Desktop/machine_tending_robot/workspace/ros2_kortex_ws/install/rqt_controller_manager:/home/mampane/Desktop/machine_tending_robot/workspace/ros2_kortex_ws/install/ros2controlcli:/home/mampane/Desktop/machine_tending_robot/workspace/ros2_kortex_ws/install/ros2_controllers_test_nodes:/opt/ros/humble /usr/bin/cmake /home/mampane/Desktop/machine_tending_robot/ros2_kortex_ws/src/serial -DCMAKE_BUILD_TYPE=Release -DCMAKE_INSTALL_PREFIX=/home/mampane/Desktop/machine_tending_robot/ros2_kortex_ws/install/serial
[0.856s] Invoking command in '/home/mampane/Desktop/machine_tending_robot/ros2_kortex_ws/build/serial': CMAKE_PREFIX_PATH=${CMAKE_PREFIX_PATH}:/home/mampane/Desktop/machine_tending_robot/workspace/ros2_kortex_ws/install/rqt_joint_trajectory_controller:/home/mampane/Desktop/machine_tending_robot/workspace/ros2_kortex_ws/install/rqt_controller_manager:/home/mampane/Desktop/machine_tending_robot/workspace/ros2_kortex_ws/install/ros2controlcli:/home/mampane/Desktop/machine_tending_robot/workspace/ros2_kortex_ws/install/ros2_controllers_test_nodes:/opt/ros/humble /usr/bin/cmake --build /home/mampane/Desktop/machine_tending_robot/ros2_kortex_ws/build/serial -- -j20 -l20
[0.916s] [ 50%] [32mBuilding CXX object CMakeFiles/serial.dir/src/serial.cc.o[0m
[0.916s] [ 50%] [32mBuilding CXX object CMakeFiles/serial.dir/src/impl/unix.cc.o[0m
[0.917s] [ 75%] [32mBuilding CXX object CMakeFiles/serial.dir/src/impl/list_ports/list_ports_linux.cc.o[0m
[1.847s] [100%] [32m[1mLinking CXX static library libserial.a[0m
[1.912s] [100%] Built target serial
[1.923s] Invoked command in '/home/mampane/Desktop/machine_tending_robot/ros2_kortex_ws/build/serial' returned '0': CMAKE_PREFIX_PATH=${CMAKE_PREFIX_PATH}:/home/mampane/Desktop/machine_tending_robot/workspace/ros2_kortex_ws/install/rqt_joint_trajectory_controller:/home/mampane/Desktop/machine_tending_robot/workspace/ros2_kortex_ws/install/rqt_controller_manager:/home/mampane/Desktop/machine_tending_robot/workspace/ros2_kortex_ws/install/ros2controlcli:/home/mampane/Desktop/machine_tending_robot/workspace/ros2_kortex_ws/install/ros2_controllers_test_nodes:/opt/ros/humble /usr/bin/cmake --build /home/mampane/Desktop/machine_tending_robot/ros2_kortex_ws/build/serial -- -j20 -l20
[1.923s] Invoking command in '/home/mampane/Desktop/machine_tending_robot/ros2_kortex_ws/build/serial': CMAKE_PREFIX_PATH=${CMAKE_PREFIX_PATH}:/home/mampane/Desktop/machine_tending_robot/workspace/ros2_kortex_ws/install/rqt_joint_trajectory_controller:/home/mampane/Desktop/machine_tending_robot/workspace/ros2_kortex_ws/install/rqt_controller_manager:/home/mampane/Desktop/machine_tending_robot/workspace/ros2_kortex_ws/install/ros2controlcli:/home/mampane/Desktop/machine_tending_robot/workspace/ros2_kortex_ws/install/ros2_controllers_test_nodes:/opt/ros/humble /usr/bin/cmake --install /home/mampane/Desktop/machine_tending_robot/ros2_kortex_ws/build/serial
[1.928s] -- Install configuration: "Release"
[1.928s] -- Installing: /home/mampane/Desktop/machine_tending_robot/ros2_kortex_ws/install/serial/lib/libserial.a
[1.928s] -- Installing: /home/mampane/Desktop/machine_tending_robot/ros2_kortex_ws/install/serial/include
[1.929s] -- Installing: /home/mampane/Desktop/machine_tending_robot/ros2_kortex_ws/install/serial/include/serial
[1.929s] -- Installing: /home/mampane/Desktop/machine_tending_robot/ros2_kortex_ws/install/serial/include/serial/v8stdint.h
[1.929s] -- Installing: /home/mampane/Desktop/machine_tending_robot/ros2_kortex_ws/install/serial/include/serial/impl
[1.929s] -- Installing: /home/mampane/Desktop/machine_tending_robot/ros2_kortex_ws/install/serial/include/serial/impl/unix.h
[1.929s] -- Installing: /home/mampane/Desktop/machine_tending_robot/ros2_kortex_ws/install/serial/include/serial/impl/win.h
[1.929s] -- Installing: /home/mampane/Desktop/machine_tending_robot/ros2_kortex_ws/install/serial/include/serial/serial.h
[1.929s] -- Installing: /home/mampane/Desktop/machine_tending_robot/ros2_kortex_ws/install/serial/share/serial/environment/library_path.sh
[1.929s] -- Installing: /home/mampane/Desktop/machine_tending_robot/ros2_kortex_ws/install/serial/share/serial/environment/library_path.dsv
[1.929s] -- Installing: /home/mampane/Desktop/machine_tending_robot/ros2_kortex_ws/install/serial/share/ament_index/resource_index/package_run_dependencies/serial
[1.929s] -- Installing: /home/mampane/Desktop/machine_tending_robot/ros2_kortex_ws/install/serial/share/ament_index/resource_index/parent_prefix_path/serial
[1.930s] -- Installing: /home/mampane/Desktop/machine_tending_robot/ros2_kortex_ws/install/serial/share/serial/environment/ament_prefix_path.sh
[1.930s] -- Installing: /home/mampane/Desktop/machine_tending_robot/ros2_kortex_ws/install/serial/share/serial/environment/ament_prefix_path.dsv
[1.930s] -- Installing: /home/mampane/Desktop/machine_tending_robot/ros2_kortex_ws/install/serial/share/serial/environment/path.sh
[1.930s] -- Installing: /home/mampane/Desktop/machine_tending_robot/ros2_kortex_ws/install/serial/share/serial/environment/path.dsv
[1.930s] -- Installing: /home/mampane/Desktop/machine_tending_robot/ros2_kortex_ws/install/serial/share/serial/local_setup.bash
[1.930s] -- Installing: /home/mampane/Desktop/machine_tending_robot/ros2_kortex_ws/install/serial/share/serial/local_setup.sh
[1.930s] -- Installing: /home/mampane/Desktop/machine_tending_robot/ros2_kortex_ws/install/serial/share/serial/local_setup.zsh
[1.930s] -- Installing: /home/mampane/Desktop/machine_tending_robot/ros2_kortex_ws/install/serial/share/serial/local_setup.dsv
[1.930s] -- Installing: /home/mampane/Desktop/machine_tending_robot/ros2_kortex_ws/install/serial/share/serial/package.dsv
[1.930s] -- Installing: /home/mampane/Desktop/machine_tending_robot/ros2_kortex_ws/install/serial/share/ament_index/resource_index/packages/serial
[1.930s] -- Installing: /home/mampane/Desktop/machine_tending_robot/ros2_kortex_ws/install/serial/share/serial/cmake/export_serialExport.cmake
[1.930s] -- Installing: /home/mampane/Desktop/machine_tending_robot/ros2_kortex_ws/install/serial/share/serial/cmake/export_serialExport-release.cmake
[1.931s] -- Installing: /home/mampane/Desktop/machine_tending_robot/ros2_kortex_ws/install/serial/share/serial/cmake/ament_cmake_export_include_directories-extras.cmake
[1.931s] -- Installing: /home/mampane/Desktop/machine_tending_robot/ros2_kortex_ws/install/serial/share/serial/cmake/ament_cmake_export_libraries-extras.cmake
[1.931s] -- Installing: /home/mampane/Desktop/machine_tending_robot/ros2_kortex_ws/install/serial/share/serial/cmake/ament_cmake_export_targets-extras.cmake
[1.931s] -- Installing: /home/mampane/Desktop/machine_tending_robot/ros2_kortex_ws/install/serial/share/serial/cmake/serialConfig.cmake
[1.931s] -- Installing: /home/mampane/Desktop/machine_tending_robot/ros2_kortex_ws/install/serial/share/serial/cmake/serialConfig-version.cmake
[1.931s] -- Installing: /home/mampane/Desktop/machine_tending_robot/ros2_kortex_ws/install/serial/share/serial/package.xml
[1.932s] Invoked command in '/home/mampane/Desktop/machine_tending_robot/ros2_kortex_ws/build/serial' returned '0': CMAKE_PREFIX_PATH=${CMAKE_PREFIX_PATH}:/home/mampane/Desktop/machine_tending_robot/workspace/ros2_kortex_ws/install/rqt_joint_trajectory_controller:/home/mampane/Desktop/machine_tending_robot/workspace/ros2_kortex_ws/install/rqt_controller_manager:/home/mampane/Desktop/machine_tending_robot/workspace/ros2_kortex_ws/install/ros2controlcli:/home/mampane/Desktop/machine_tending_robot/workspace/ros2_kortex_ws/install/ros2_controllers_test_nodes:/opt/ros/humble /usr/bin/cmake --install /home/mampane/Desktop/machine_tending_robot/ros2_kortex_ws/build/serial
