[0.033s] Invoking command in '/home/mampane/Desktop/machine_tending_robot/ros2_kortex_ws/build/controller_manager_msgs': CMAKE_PREFIX_PATH=${CMAKE_PREFIX_PATH}:/home/mampane/Desktop/machine_tending_robot/ros2_kortex_ws/install/rqt_joint_trajectory_controller:/home/mampane/Desktop/machine_tending_robot/ros2_kortex_ws/install/rqt_controller_manager:/home/mampane/Desktop/machine_tending_robot/ros2_kortex_ws/install/ros2controlcli:/home/mampane/Desktop/machine_tending_robot/ros2_kortex_ws/install/ros2_controllers_test_nodes:/opt/ros/humble /usr/bin/cmake --build /home/mampane/Desktop/machine_tending_robot/ros2_kortex_ws/build/controller_manager_msgs -- -j20 -l20
[0.075s] [35m[1mConsolidate compiler generated dependencies of target controller_manager_msgs__rosidl_generator_c[0m
[0.082s] [  0%] Built target controller_manager_msgs__cpp
[0.087s] [  0%] Built target ament_cmake_python_symlink_controller_manager_msgs
[0.099s] [ 12%] Built target controller_manager_msgs__rosidl_generator_c
[0.102s] [35m[1mConsolidate compiler generated dependencies of target controller_manager_msgs__rosidl_typesupport_cpp[0m
[0.104s] [35m[1mConsolidate compiler generated dependencies of target controller_manager_msgs__rosidl_typesupport_fastrtps_cpp[0m
[0.111s] [35m[1mConsolidate compiler generated dependencies of target controller_manager_msgs__rosidl_typesupport_introspection_cpp[0m
[0.119s] [35m[1mConsolidate compiler generated dependencies of target controller_manager_msgs__rosidl_typesupport_fastrtps_c[0m
[0.130s] [35m[1mConsolidate compiler generated dependencies of target controller_manager_msgs__rosidl_typesupport_introspection_c[0m
[0.145s] [ 24%] Built target controller_manager_msgs__rosidl_typesupport_cpp
[0.146s] [35m[1mConsolidate compiler generated dependencies of target controller_manager_msgs__rosidl_typesupport_c[0m
[0.150s] [ 36%] Built target controller_manager_msgs__rosidl_typesupport_fastrtps_c
[0.155s] [ 48%] Built target controller_manager_msgs__rosidl_typesupport_fastrtps_cpp
[0.159s] [ 60%] Built target controller_manager_msgs__rosidl_typesupport_introspection_c
[0.163s] [ 72%] Built target controller_manager_msgs__rosidl_typesupport_introspection_cpp
[0.171s] [ 84%] Built target controller_manager_msgs__rosidl_typesupport_c
[0.201s] [ 84%] Built target controller_manager_msgs
[0.226s] [ 85%] Built target controller_manager_msgs__py
[0.241s] [35m[1mConsolidate compiler generated dependencies of target controller_manager_msgs__rosidl_generator_py[0m
[0.261s] [ 96%] Built target controller_manager_msgs__rosidl_generator_py
[0.274s] [35m[1mConsolidate compiler generated dependencies of target controller_manager_msgs__rosidl_typesupport_fastrtps_c__pyext[0m
[0.275s] [35m[1mConsolidate compiler generated dependencies of target controller_manager_msgs__rosidl_typesupport_introspection_c__pyext[0m
[0.275s] [35m[1mConsolidate compiler generated dependencies of target controller_manager_msgs__rosidl_typesupport_c__pyext[0m
[0.289s] [ 97%] Built target controller_manager_msgs__rosidl_typesupport_fastrtps_c__pyext
[0.291s] [ 99%] Built target controller_manager_msgs__rosidl_typesupport_introspection_c__pyext
[0.292s] [100%] Built target controller_manager_msgs__rosidl_typesupport_c__pyext
[0.320s] running egg_info
[0.321s] writing controller_manager_msgs.egg-info/PKG-INFO
[0.321s] writing dependency_links to controller_manager_msgs.egg-info/dependency_links.txt
[0.321s] writing top-level names to controller_manager_msgs.egg-info/top_level.txt
[0.323s] reading manifest file 'controller_manager_msgs.egg-info/SOURCES.txt'
[0.323s] writing manifest file 'controller_manager_msgs.egg-info/SOURCES.txt'
[0.345s] [100%] Built target ament_cmake_python_build_controller_manager_msgs_egg
[0.393s] Invoked command in '/home/mampane/Desktop/machine_tending_robot/ros2_kortex_ws/build/controller_manager_msgs' returned '0': CMAKE_PREFIX_PATH=${CMAKE_PREFIX_PATH}:/home/mampane/Desktop/machine_tending_robot/ros2_kortex_ws/install/rqt_joint_trajectory_controller:/home/mampane/Desktop/machine_tending_robot/ros2_kortex_ws/install/rqt_controller_manager:/home/mampane/Desktop/machine_tending_robot/ros2_kortex_ws/install/ros2controlcli:/home/mampane/Desktop/machine_tending_robot/ros2_kortex_ws/install/ros2_controllers_test_nodes:/opt/ros/humble /usr/bin/cmake --build /home/mampane/Desktop/machine_tending_robot/ros2_kortex_ws/build/controller_manager_msgs -- -j20 -l20
[0.393s] Invoking command in '/home/mampane/Desktop/machine_tending_robot/ros2_kortex_ws/build/controller_manager_msgs': CMAKE_PREFIX_PATH=${CMAKE_PREFIX_PATH}:/home/mampane/Desktop/machine_tending_robot/ros2_kortex_ws/install/rqt_joint_trajectory_controller:/home/mampane/Desktop/machine_tending_robot/ros2_kortex_ws/install/rqt_controller_manager:/home/mampane/Desktop/machine_tending_robot/ros2_kortex_ws/install/ros2controlcli:/home/mampane/Desktop/machine_tending_robot/ros2_kortex_ws/install/ros2_controllers_test_nodes:/opt/ros/humble /usr/bin/cmake --install /home/mampane/Desktop/machine_tending_robot/ros2_kortex_ws/build/controller_manager_msgs
[0.403s] -- Install configuration: ""
[0.403s] -- Execute custom install script
[0.403s] -- Up-to-date symlink: /home/mampane/Desktop/machine_tending_robot/ros2_kortex_ws/install/controller_manager_msgs/share/ament_index/resource_index/rosidl_interfaces/controller_manager_msgs
[0.404s] -- Up-to-date symlink: /home/mampane/Desktop/machine_tending_robot/ros2_kortex_ws/install/controller_manager_msgs/include/controller_manager_msgs/controller_manager_msgs/msg/chain_connection.h
[0.404s] -- Up-to-date symlink: /home/mampane/Desktop/machine_tending_robot/ros2_kortex_ws/install/controller_manager_msgs/include/controller_manager_msgs/controller_manager_msgs/msg/controller_state.h
[0.404s] -- Up-to-date symlink: /home/mampane/Desktop/machine_tending_robot/ros2_kortex_ws/install/controller_manager_msgs/include/controller_manager_msgs/controller_manager_msgs/msg/detail/chain_connection__functions.h
[0.404s] -- Up-to-date symlink: /home/mampane/Desktop/machine_tending_robot/ros2_kortex_ws/install/controller_manager_msgs/include/controller_manager_msgs/controller_manager_msgs/msg/detail/chain_connection__struct.h
[0.404s] -- Up-to-date symlink: /home/mampane/Desktop/machine_tending_robot/ros2_kortex_ws/install/controller_manager_msgs/include/controller_manager_msgs/controller_manager_msgs/msg/detail/chain_connection__type_support.h
[0.405s] -- Up-to-date symlink: /home/mampane/Desktop/machine_tending_robot/ros2_kortex_ws/install/controller_manager_msgs/include/controller_manager_msgs/controller_manager_msgs/msg/detail/controller_state__functions.h
[0.405s] -- Up-to-date symlink: /home/mampane/Desktop/machine_tending_robot/ros2_kortex_ws/install/controller_manager_msgs/include/controller_manager_msgs/controller_manager_msgs/msg/detail/controller_state__struct.h
[0.405s] -- Up-to-date symlink: /home/mampane/Desktop/machine_tending_robot/ros2_kortex_ws/install/controller_manager_msgs/include/controller_manager_msgs/controller_manager_msgs/msg/detail/controller_state__type_support.h
[0.405s] -- Up-to-date symlink: /home/mampane/Desktop/machine_tending_robot/ros2_kortex_ws/install/controller_manager_msgs/include/controller_manager_msgs/controller_manager_msgs/msg/detail/hardware_component_state__functions.h
[0.405s] -- Up-to-date symlink: /home/mampane/Desktop/machine_tending_robot/ros2_kortex_ws/install/controller_manager_msgs/include/controller_manager_msgs/controller_manager_msgs/msg/detail/hardware_component_state__struct.h
[0.405s] -- Up-to-date symlink: /home/mampane/Desktop/machine_tending_robot/ros2_kortex_ws/install/controller_manager_msgs/include/controller_manager_msgs/controller_manager_msgs/msg/detail/hardware_component_state__type_support.h
[0.405s] -- Up-to-date symlink: /home/mampane/Desktop/machine_tending_robot/ros2_kortex_ws/install/controller_manager_msgs/include/controller_manager_msgs/controller_manager_msgs/msg/detail/hardware_interface__functions.h
[0.405s] -- Up-to-date symlink: /home/mampane/Desktop/machine_tending_robot/ros2_kortex_ws/install/controller_manager_msgs/include/controller_manager_msgs/controller_manager_msgs/msg/detail/hardware_interface__struct.h
[0.405s] -- Up-to-date symlink: /home/mampane/Desktop/machine_tending_robot/ros2_kortex_ws/install/controller_manager_msgs/include/controller_manager_msgs/controller_manager_msgs/msg/detail/hardware_interface__type_support.h
[0.405s] -- Up-to-date symlink: /home/mampane/Desktop/machine_tending_robot/ros2_kortex_ws/install/controller_manager_msgs/include/controller_manager_msgs/controller_manager_msgs/msg/hardware_component_state.h
[0.405s] -- Up-to-date symlink: /home/mampane/Desktop/machine_tending_robot/ros2_kortex_ws/install/controller_manager_msgs/include/controller_manager_msgs/controller_manager_msgs/msg/hardware_interface.h
[0.405s] -- Up-to-date symlink: /home/mampane/Desktop/machine_tending_robot/ros2_kortex_ws/install/controller_manager_msgs/include/controller_manager_msgs/controller_manager_msgs/msg/rosidl_generator_c__visibility_control.h
[0.405s] -- Up-to-date symlink: /home/mampane/Desktop/machine_tending_robot/ros2_kortex_ws/install/controller_manager_msgs/include/controller_manager_msgs/controller_manager_msgs/srv/configure_controller.h
[0.405s] -- Up-to-date symlink: /home/mampane/Desktop/machine_tending_robot/ros2_kortex_ws/install/controller_manager_msgs/include/controller_manager_msgs/controller_manager_msgs/srv/detail/configure_controller__functions.h
[0.405s] -- Up-to-date symlink: /home/mampane/Desktop/machine_tending_robot/ros2_kortex_ws/install/controller_manager_msgs/include/controller_manager_msgs/controller_manager_msgs/srv/detail/configure_controller__struct.h
[0.405s] -- Up-to-date symlink: /home/mampane/Desktop/machine_tending_robot/ros2_kortex_ws/install/controller_manager_msgs/include/controller_manager_msgs/controller_manager_msgs/srv/detail/configure_controller__type_support.h
[0.405s] -- Up-to-date symlink: /home/mampane/Desktop/machine_tending_robot/ros2_kortex_ws/install/controller_manager_msgs/include/controller_manager_msgs/controller_manager_msgs/srv/detail/list_controller_types__functions.h
[0.405s] -- Up-to-date symlink: /home/mampane/Desktop/machine_tending_robot/ros2_kortex_ws/install/controller_manager_msgs/include/controller_manager_msgs/controller_manager_msgs/srv/detail/list_controller_types__struct.h
[0.405s] -- Up-to-date symlink: /home/mampane/Desktop/machine_tending_robot/ros2_kortex_ws/install/controller_manager_msgs/include/controller_manager_msgs/controller_manager_msgs/srv/detail/list_controller_types__type_support.h
[0.405s] -- Up-to-date symlink: /home/mampane/Desktop/machine_tending_robot/ros2_kortex_ws/install/controller_manager_msgs/include/controller_manager_msgs/controller_manager_msgs/srv/detail/list_controllers__functions.h
[0.405s] -- Up-to-date symlink: /home/mampane/Desktop/machine_tending_robot/ros2_kortex_ws/install/controller_manager_msgs/include/controller_manager_msgs/controller_manager_msgs/srv/detail/list_controllers__struct.h
[0.405s] -- Up-to-date symlink: /home/mampane/Desktop/machine_tending_robot/ros2_kortex_ws/install/controller_manager_msgs/include/controller_manager_msgs/controller_manager_msgs/srv/detail/list_controllers__type_support.h
[0.405s] -- Up-to-date symlink: /home/mampane/Desktop/machine_tending_robot/ros2_kortex_ws/install/controller_manager_msgs/include/controller_manager_msgs/controller_manager_msgs/srv/detail/list_hardware_components__functions.h
[0.406s] -- Up-to-date symlink: /home/mampane/Desktop/machine_tending_robot/ros2_kortex_ws/install/controller_manager_msgs/include/controller_manager_msgs/controller_manager_msgs/srv/detail/list_hardware_components__struct.h
[0.406s] -- Up-to-date symlink: /home/mampane/Desktop/machine_tending_robot/ros2_kortex_ws/install/controller_manager_msgs/include/controller_manager_msgs/controller_manager_msgs/srv/detail/list_hardware_components__type_support.h
[0.406s] -- Up-to-date symlink: /home/mampane/Desktop/machine_tending_robot/ros2_kortex_ws/install/controller_manager_msgs/include/controller_manager_msgs/controller_manager_msgs/srv/detail/list_hardware_interfaces__functions.h
[0.406s] -- Up-to-date symlink: /home/mampane/Desktop/machine_tending_robot/ros2_kortex_ws/install/controller_manager_msgs/include/controller_manager_msgs/controller_manager_msgs/srv/detail/list_hardware_interfaces__struct.h
[0.406s] -- Up-to-date symlink: /home/mampane/Desktop/machine_tending_robot/ros2_kortex_ws/install/controller_manager_msgs/include/controller_manager_msgs/controller_manager_msgs/srv/detail/list_hardware_interfaces__type_support.h
[0.406s] -- Up-to-date symlink: /home/mampane/Desktop/machine_tending_robot/ros2_kortex_ws/install/controller_manager_msgs/include/controller_manager_msgs/controller_manager_msgs/srv/detail/load_controller__functions.h
[0.406s] -- Up-to-date symlink: /home/mampane/Desktop/machine_tending_robot/ros2_kortex_ws/install/controller_manager_msgs/include/controller_manager_msgs/controller_manager_msgs/srv/detail/load_controller__struct.h
[0.406s] -- Up-to-date symlink: /home/mampane/Desktop/machine_tending_robot/ros2_kortex_ws/install/controller_manager_msgs/include/controller_manager_msgs/controller_manager_msgs/srv/detail/load_controller__type_support.h
[0.406s] -- Up-to-date symlink: /home/mampane/Desktop/machine_tending_robot/ros2_kortex_ws/install/controller_manager_msgs/include/controller_manager_msgs/controller_manager_msgs/srv/detail/reload_controller_libraries__functions.h
[0.406s] -- Up-to-date symlink: /home/mampane/Desktop/machine_tending_robot/ros2_kortex_ws/install/controller_manager_msgs/include/controller_manager_msgs/controller_manager_msgs/srv/detail/reload_controller_libraries__struct.h
[0.406s] -- Up-to-date symlink: /home/mampane/Desktop/machine_tending_robot/ros2_kortex_ws/install/controller_manager_msgs/include/controller_manager_msgs/controller_manager_msgs/srv/detail/reload_controller_libraries__type_support.h
[0.406s] -- Up-to-date symlink: /home/mampane/Desktop/machine_tending_robot/ros2_kortex_ws/install/controller_manager_msgs/include/controller_manager_msgs/controller_manager_msgs/srv/detail/set_hardware_component_state__functions.h
[0.406s] -- Up-to-date symlink: /home/mampane/Desktop/machine_tending_robot/ros2_kortex_ws/install/controller_manager_msgs/include/controller_manager_msgs/controller_manager_msgs/srv/detail/set_hardware_component_state__struct.h
[0.406s] -- Up-to-date symlink: /home/mampane/Desktop/machine_tending_robot/ros2_kortex_ws/install/controller_manager_msgs/include/controller_manager_msgs/controller_manager_msgs/srv/detail/set_hardware_component_state__type_support.h
[0.406s] -- Up-to-date symlink: /home/mampane/Desktop/machine_tending_robot/ros2_kortex_ws/install/controller_manager_msgs/include/controller_manager_msgs/controller_manager_msgs/srv/detail/switch_controller__functions.h
[0.406s] -- Up-to-date symlink: /home/mampane/Desktop/machine_tending_robot/ros2_kortex_ws/install/controller_manager_msgs/include/controller_manager_msgs/controller_manager_msgs/srv/detail/switch_controller__struct.h
[0.406s] -- Up-to-date symlink: /home/mampane/Desktop/machine_tending_robot/ros2_kortex_ws/install/controller_manager_msgs/include/controller_manager_msgs/controller_manager_msgs/srv/detail/switch_controller__type_support.h
[0.406s] -- Up-to-date symlink: /home/mampane/Desktop/machine_tending_robot/ros2_kortex_ws/install/controller_manager_msgs/include/controller_manager_msgs/controller_manager_msgs/srv/detail/unload_controller__functions.h
[0.406s] -- Up-to-date symlink: /home/mampane/Desktop/machine_tending_robot/ros2_kortex_ws/install/controller_manager_msgs/include/controller_manager_msgs/controller_manager_msgs/srv/detail/unload_controller__struct.h
[0.406s] -- Up-to-date symlink: /home/mampane/Desktop/machine_tending_robot/ros2_kortex_ws/install/controller_manager_msgs/include/controller_manager_msgs/controller_manager_msgs/srv/detail/unload_controller__type_support.h
[0.406s] -- Up-to-date symlink: /home/mampane/Desktop/machine_tending_robot/ros2_kortex_ws/install/controller_manager_msgs/include/controller_manager_msgs/controller_manager_msgs/srv/list_controller_types.h
[0.406s] -- Up-to-date symlink: /home/mampane/Desktop/machine_tending_robot/ros2_kortex_ws/install/controller_manager_msgs/include/controller_manager_msgs/controller_manager_msgs/srv/list_controllers.h
[0.406s] -- Up-to-date symlink: /home/mampane/Desktop/machine_tending_robot/ros2_kortex_ws/install/controller_manager_msgs/include/controller_manager_msgs/controller_manager_msgs/srv/list_hardware_components.h
[0.406s] -- Up-to-date symlink: /home/mampane/Desktop/machine_tending_robot/ros2_kortex_ws/install/controller_manager_msgs/include/controller_manager_msgs/controller_manager_msgs/srv/list_hardware_interfaces.h
[0.406s] -- Up-to-date symlink: /home/mampane/Desktop/machine_tending_robot/ros2_kortex_ws/install/controller_manager_msgs/include/controller_manager_msgs/controller_manager_msgs/srv/load_controller.h
[0.406s] -- Up-to-date symlink: /home/mampane/Desktop/machine_tending_robot/ros2_kortex_ws/install/controller_manager_msgs/include/controller_manager_msgs/controller_manager_msgs/srv/reload_controller_libraries.h
[0.406s] -- Up-to-date symlink: /home/mampane/Desktop/machine_tending_robot/ros2_kortex_ws/install/controller_manager_msgs/include/controller_manager_msgs/controller_manager_msgs/srv/set_hardware_component_state.h
[0.406s] -- Up-to-date symlink: /home/mampane/Desktop/machine_tending_robot/ros2_kortex_ws/install/controller_manager_msgs/include/controller_manager_msgs/controller_manager_msgs/srv/switch_controller.h
[0.407s] -- Up-to-date symlink: /home/mampane/Desktop/machine_tending_robot/ros2_kortex_ws/install/controller_manager_msgs/include/controller_manager_msgs/controller_manager_msgs/srv/unload_controller.h
[0.407s] -- Up-to-date symlink: /home/mampane/Desktop/machine_tending_robot/ros2_kortex_ws/install/controller_manager_msgs/share/controller_manager_msgs/environment/library_path.sh
[0.407s] -- Up-to-date symlink: /home/mampane/Desktop/machine_tending_robot/ros2_kortex_ws/install/controller_manager_msgs/share/controller_manager_msgs/environment/library_path.dsv
[0.407s] -- Up-to-date symlink: /home/mampane/Desktop/machine_tending_robot/ros2_kortex_ws/install/controller_manager_msgs/include/controller_manager_msgs/controller_manager_msgs/msg/detail/chain_connection__rosidl_typesupport_fastrtps_c.h
[0.407s] -- Up-to-date symlink: /home/mampane/Desktop/machine_tending_robot/ros2_kortex_ws/install/controller_manager_msgs/include/controller_manager_msgs/controller_manager_msgs/msg/detail/controller_state__rosidl_typesupport_fastrtps_c.h
[0.408s] -- Up-to-date symlink: /home/mampane/Desktop/machine_tending_robot/ros2_kortex_ws/install/controller_manager_msgs/include/controller_manager_msgs/controller_manager_msgs/msg/detail/hardware_component_state__rosidl_typesupport_fastrtps_c.h
[0.408s] -- Up-to-date symlink: /home/mampane/Desktop/machine_tending_robot/ros2_kortex_ws/install/controller_manager_msgs/include/controller_manager_msgs/controller_manager_msgs/msg/detail/hardware_interface__rosidl_typesupport_fastrtps_c.h
[0.408s] -- Up-to-date symlink: /home/mampane/Desktop/machine_tending_robot/ros2_kortex_ws/install/controller_manager_msgs/include/controller_manager_msgs/controller_manager_msgs/msg/rosidl_typesupport_fastrtps_c__visibility_control.h
[0.408s] -- Up-to-date symlink: /home/mampane/Desktop/machine_tending_robot/ros2_kortex_ws/install/controller_manager_msgs/include/controller_manager_msgs/controller_manager_msgs/srv/detail/configure_controller__rosidl_typesupport_fastrtps_c.h
[0.408s] -- Up-to-date symlink: /home/mampane/Desktop/machine_tending_robot/ros2_kortex_ws/install/controller_manager_msgs/include/controller_manager_msgs/controller_manager_msgs/srv/detail/list_controller_types__rosidl_typesupport_fastrtps_c.h
[0.408s] -- Up-to-date symlink: /home/mampane/Desktop/machine_tending_robot/ros2_kortex_ws/install/controller_manager_msgs/include/controller_manager_msgs/controller_manager_msgs/srv/detail/list_controllers__rosidl_typesupport_fastrtps_c.h
[0.408s] -- Up-to-date symlink: /home/mampane/Desktop/machine_tending_robot/ros2_kortex_ws/install/controller_manager_msgs/include/controller_manager_msgs/controller_manager_msgs/srv/detail/list_hardware_components__rosidl_typesupport_fastrtps_c.h
[0.408s] -- Up-to-date symlink: /home/mampane/Desktop/machine_tending_robot/ros2_kortex_ws/install/controller_manager_msgs/include/controller_manager_msgs/controller_manager_msgs/srv/detail/list_hardware_interfaces__rosidl_typesupport_fastrtps_c.h
[0.408s] -- Up-to-date symlink: /home/mampane/Desktop/machine_tending_robot/ros2_kortex_ws/install/controller_manager_msgs/include/controller_manager_msgs/controller_manager_msgs/srv/detail/load_controller__rosidl_typesupport_fastrtps_c.h
[0.408s] -- Up-to-date symlink: /home/mampane/Desktop/machine_tending_robot/ros2_kortex_ws/install/controller_manager_msgs/include/controller_manager_msgs/controller_manager_msgs/srv/detail/reload_controller_libraries__rosidl_typesupport_fastrtps_c.h
[0.408s] -- Up-to-date symlink: /home/mampane/Desktop/machine_tending_robot/ros2_kortex_ws/install/controller_manager_msgs/include/controller_manager_msgs/controller_manager_msgs/srv/detail/set_hardware_component_state__rosidl_typesupport_fastrtps_c.h
[0.408s] -- Up-to-date symlink: /home/mampane/Desktop/machine_tending_robot/ros2_kortex_ws/install/controller_manager_msgs/include/controller_manager_msgs/controller_manager_msgs/srv/detail/switch_controller__rosidl_typesupport_fastrtps_c.h
[0.408s] -- Up-to-date symlink: /home/mampane/Desktop/machine_tending_robot/ros2_kortex_ws/install/controller_manager_msgs/include/controller_manager_msgs/controller_manager_msgs/srv/detail/unload_controller__rosidl_typesupport_fastrtps_c.h
[0.408s] -- Up-to-date symlink: /home/mampane/Desktop/machine_tending_robot/ros2_kortex_ws/install/controller_manager_msgs/include/controller_manager_msgs/controller_manager_msgs/msg/chain_connection.hpp
[0.408s] -- Up-to-date symlink: /home/mampane/Desktop/machine_tending_robot/ros2_kortex_ws/install/controller_manager_msgs/include/controller_manager_msgs/controller_manager_msgs/msg/controller_state.hpp
[0.408s] -- Up-to-date symlink: /home/mampane/Desktop/machine_tending_robot/ros2_kortex_ws/install/controller_manager_msgs/include/controller_manager_msgs/controller_manager_msgs/msg/detail/chain_connection__builder.hpp
[0.409s] -- Up-to-date symlink: /home/mampane/Desktop/machine_tending_robot/ros2_kortex_ws/install/controller_manager_msgs/include/controller_manager_msgs/controller_manager_msgs/msg/detail/chain_connection__struct.hpp
[0.409s] -- Up-to-date symlink: /home/mampane/Desktop/machine_tending_robot/ros2_kortex_ws/install/controller_manager_msgs/include/controller_manager_msgs/controller_manager_msgs/msg/detail/chain_connection__traits.hpp
[0.409s] -- Up-to-date symlink: /home/mampane/Desktop/machine_tending_robot/ros2_kortex_ws/install/controller_manager_msgs/include/controller_manager_msgs/controller_manager_msgs/msg/detail/chain_connection__type_support.hpp
[0.409s] -- Up-to-date symlink: /home/mampane/Desktop/machine_tending_robot/ros2_kortex_ws/install/controller_manager_msgs/include/controller_manager_msgs/controller_manager_msgs/msg/detail/controller_state__builder.hpp
[0.409s] -- Up-to-date symlink: /home/mampane/Desktop/machine_tending_robot/ros2_kortex_ws/install/controller_manager_msgs/include/controller_manager_msgs/controller_manager_msgs/msg/detail/controller_state__struct.hpp
[0.409s] -- Up-to-date symlink: /home/mampane/Desktop/machine_tending_robot/ros2_kortex_ws/install/controller_manager_msgs/include/controller_manager_msgs/controller_manager_msgs/msg/detail/controller_state__traits.hpp
[0.409s] -- Up-to-date symlink: /home/mampane/Desktop/machine_tending_robot/ros2_kortex_ws/install/controller_manager_msgs/include/controller_manager_msgs/controller_manager_msgs/msg/detail/controller_state__type_support.hpp
[0.409s] -- Up-to-date symlink: /home/mampane/Desktop/machine_tending_robot/ros2_kortex_ws/install/controller_manager_msgs/include/controller_manager_msgs/controller_manager_msgs/msg/detail/hardware_component_state__builder.hpp
[0.409s] -- Up-to-date symlink: /home/mampane/Desktop/machine_tending_robot/ros2_kortex_ws/install/controller_manager_msgs/include/controller_manager_msgs/controller_manager_msgs/msg/detail/hardware_component_state__struct.hpp
[0.409s] -- Up-to-date symlink: /home/mampane/Desktop/machine_tending_robot/ros2_kortex_ws/install/controller_manager_msgs/include/controller_manager_msgs/controller_manager_msgs/msg/detail/hardware_component_state__traits.hpp
[0.409s] -- Up-to-date symlink: /home/mampane/Desktop/machine_tending_robot/ros2_kortex_ws/install/controller_manager_msgs/include/controller_manager_msgs/controller_manager_msgs/msg/detail/hardware_component_state__type_support.hpp
[0.409s] -- Up-to-date symlink: /home/mampane/Desktop/machine_tending_robot/ros2_kortex_ws/install/controller_manager_msgs/include/controller_manager_msgs/controller_manager_msgs/msg/detail/hardware_interface__builder.hpp
[0.410s] -- Up-to-date symlink: /home/mampane/Desktop/machine_tending_robot/ros2_kortex_ws/install/controller_manager_msgs/include/controller_manager_msgs/controller_manager_msgs/msg/detail/hardware_interface__struct.hpp
[0.410s] -- Up-to-date symlink: /home/mampane/Desktop/machine_tending_robot/ros2_kortex_ws/install/controller_manager_msgs/include/controller_manager_msgs/controller_manager_msgs/msg/detail/hardware_interface__traits.hpp
[0.410s] -- Up-to-date symlink: /home/mampane/Desktop/machine_tending_robot/ros2_kortex_ws/install/controller_manager_msgs/include/controller_manager_msgs/controller_manager_msgs/msg/detail/hardware_interface__type_support.hpp
[0.410s] -- Up-to-date symlink: /home/mampane/Desktop/machine_tending_robot/ros2_kortex_ws/install/controller_manager_msgs/include/controller_manager_msgs/controller_manager_msgs/msg/hardware_component_state.hpp
[0.410s] -- Up-to-date symlink: /home/mampane/Desktop/machine_tending_robot/ros2_kortex_ws/install/controller_manager_msgs/include/controller_manager_msgs/controller_manager_msgs/msg/hardware_interface.hpp
[0.410s] -- Up-to-date symlink: /home/mampane/Desktop/machine_tending_robot/ros2_kortex_ws/install/controller_manager_msgs/include/controller_manager_msgs/controller_manager_msgs/msg/rosidl_generator_cpp__visibility_control.hpp
[0.410s] -- Up-to-date symlink: /home/mampane/Desktop/machine_tending_robot/ros2_kortex_ws/install/controller_manager_msgs/include/controller_manager_msgs/controller_manager_msgs/srv/configure_controller.hpp
[0.410s] -- Up-to-date symlink: /home/mampane/Desktop/machine_tending_robot/ros2_kortex_ws/install/controller_manager_msgs/include/controller_manager_msgs/controller_manager_msgs/srv/detail/configure_controller__builder.hpp
[0.410s] -- Up-to-date symlink: /home/mampane/Desktop/machine_tending_robot/ros2_kortex_ws/install/controller_manager_msgs/include/controller_manager_msgs/controller_manager_msgs/srv/detail/configure_controller__struct.hpp
[0.410s] -- Up-to-date symlink: /home/mampane/Desktop/machine_tending_robot/ros2_kortex_ws/install/controller_manager_msgs/include/controller_manager_msgs/controller_manager_msgs/srv/detail/configure_controller__traits.hpp
[0.410s] -- Up-to-date symlink: /home/mampane/Desktop/machine_tending_robot/ros2_kortex_ws/install/controller_manager_msgs/include/controller_manager_msgs/controller_manager_msgs/srv/detail/configure_controller__type_support.hpp
[0.410s] -- Up-to-date symlink: /home/mampane/Desktop/machine_tending_robot/ros2_kortex_ws/install/controller_manager_msgs/include/controller_manager_msgs/controller_manager_msgs/srv/detail/list_controller_types__builder.hpp
[0.410s] -- Up-to-date symlink: /home/mampane/Desktop/machine_tending_robot/ros2_kortex_ws/install/controller_manager_msgs/include/controller_manager_msgs/controller_manager_msgs/srv/detail/list_controller_types__struct.hpp
[0.410s] -- Up-to-date symlink: /home/mampane/Desktop/machine_tending_robot/ros2_kortex_ws/install/controller_manager_msgs/include/controller_manager_msgs/controller_manager_msgs/srv/detail/list_controller_types__traits.hpp
[0.410s] -- Up-to-date symlink: /home/mampane/Desktop/machine_tending_robot/ros2_kortex_ws/install/controller_manager_msgs/include/controller_manager_msgs/controller_manager_msgs/srv/detail/list_controller_types__type_support.hpp
[0.410s] -- Up-to-date symlink: /home/mampane/Desktop/machine_tending_robot/ros2_kortex_ws/install/controller_manager_msgs/include/controller_manager_msgs/controller_manager_msgs/srv/detail/list_controllers__builder.hpp
[0.410s] -- Up-to-date symlink: /home/mampane/Desktop/machine_tending_robot/ros2_kortex_ws/install/controller_manager_msgs/include/controller_manager_msgs/controller_manager_msgs/srv/detail/list_controllers__struct.hpp
[0.410s] -- Up-to-date symlink: /home/mampane/Desktop/machine_tending_robot/ros2_kortex_ws/install/controller_manager_msgs/include/controller_manager_msgs/controller_manager_msgs/srv/detail/list_controllers__traits.hpp
[0.410s] -- Up-to-date symlink: /home/mampane/Desktop/machine_tending_robot/ros2_kortex_ws/install/controller_manager_msgs/include/controller_manager_msgs/controller_manager_msgs/srv/detail/list_controllers__type_support.hpp
[0.410s] -- Up-to-date symlink: /home/mampane/Desktop/machine_tending_robot/ros2_kortex_ws/install/controller_manager_msgs/include/controller_manager_msgs/controller_manager_msgs/srv/detail/list_hardware_components__builder.hpp
[0.410s] -- Up-to-date symlink: /home/mampane/Desktop/machine_tending_robot/ros2_kortex_ws/install/controller_manager_msgs/include/controller_manager_msgs/controller_manager_msgs/srv/detail/list_hardware_components__struct.hpp
[0.410s] -- Up-to-date symlink: /home/mampane/Desktop/machine_tending_robot/ros2_kortex_ws/install/controller_manager_msgs/include/controller_manager_msgs/controller_manager_msgs/srv/detail/list_hardware_components__traits.hpp
[0.410s] -- Up-to-date symlink: /home/mampane/Desktop/machine_tending_robot/ros2_kortex_ws/install/controller_manager_msgs/include/controller_manager_msgs/controller_manager_msgs/srv/detail/list_hardware_components__type_support.hpp
[0.410s] -- Up-to-date symlink: /home/mampane/Desktop/machine_tending_robot/ros2_kortex_ws/install/controller_manager_msgs/include/controller_manager_msgs/controller_manager_msgs/srv/detail/list_hardware_interfaces__builder.hpp
[0.410s] -- Up-to-date symlink: /home/mampane/Desktop/machine_tending_robot/ros2_kortex_ws/install/controller_manager_msgs/include/controller_manager_msgs/controller_manager_msgs/srv/detail/list_hardware_interfaces__struct.hpp
[0.410s] -- Up-to-date symlink: /home/mampane/Desktop/machine_tending_robot/ros2_kortex_ws/install/controller_manager_msgs/include/controller_manager_msgs/controller_manager_msgs/srv/detail/list_hardware_interfaces__traits.hpp
[0.410s] -- Up-to-date symlink: /home/mampane/Desktop/machine_tending_robot/ros2_kortex_ws/install/controller_manager_msgs/include/controller_manager_msgs/controller_manager_msgs/srv/detail/list_hardware_interfaces__type_support.hpp
[0.410s] -- Up-to-date symlink: /home/mampane/Desktop/machine_tending_robot/ros2_kortex_ws/install/controller_manager_msgs/include/controller_manager_msgs/controller_manager_msgs/srv/detail/load_controller__builder.hpp
[0.410s] -- Up-to-date symlink: /home/mampane/Desktop/machine_tending_robot/ros2_kortex_ws/install/controller_manager_msgs/include/controller_manager_msgs/controller_manager_msgs/srv/detail/load_controller__struct.hpp
[0.410s] -- Up-to-date symlink: /home/mampane/Desktop/machine_tending_robot/ros2_kortex_ws/install/controller_manager_msgs/include/controller_manager_msgs/controller_manager_msgs/srv/detail/load_controller__traits.hpp
[0.410s] -- Up-to-date symlink: /home/mampane/Desktop/machine_tending_robot/ros2_kortex_ws/install/controller_manager_msgs/include/controller_manager_msgs/controller_manager_msgs/srv/detail/load_controller__type_support.hpp
[0.410s] -- Up-to-date symlink: /home/mampane/Desktop/machine_tending_robot/ros2_kortex_ws/install/controller_manager_msgs/include/controller_manager_msgs/controller_manager_msgs/srv/detail/reload_controller_libraries__builder.hpp
[0.410s] -- Up-to-date symlink: /home/mampane/Desktop/machine_tending_robot/ros2_kortex_ws/install/controller_manager_msgs/include/controller_manager_msgs/controller_manager_msgs/srv/detail/reload_controller_libraries__struct.hpp
[0.411s] -- Up-to-date symlink: /home/mampane/Desktop/machine_tending_robot/ros2_kortex_ws/install/controller_manager_msgs/include/controller_manager_msgs/controller_manager_msgs/srv/detail/reload_controller_libraries__traits.hpp
[0.411s] -- Up-to-date symlink: /home/mampane/Desktop/machine_tending_robot/ros2_kortex_ws/install/controller_manager_msgs/include/controller_manager_msgs/controller_manager_msgs/srv/detail/reload_controller_libraries__type_support.hpp
[0.411s] -- Up-to-date symlink: /home/mampane/Desktop/machine_tending_robot/ros2_kortex_ws/install/controller_manager_msgs/include/controller_manager_msgs/controller_manager_msgs/srv/detail/set_hardware_component_state__builder.hpp
[0.411s] -- Up-to-date symlink: /home/mampane/Desktop/machine_tending_robot/ros2_kortex_ws/install/controller_manager_msgs/include/controller_manager_msgs/controller_manager_msgs/srv/detail/set_hardware_component_state__struct.hpp
[0.411s] -- Up-to-date symlink: /home/mampane/Desktop/machine_tending_robot/ros2_kortex_ws/install/controller_manager_msgs/include/controller_manager_msgs/controller_manager_msgs/srv/detail/set_hardware_component_state__traits.hpp
[0.411s] -- Up-to-date symlink: /home/mampane/Desktop/machine_tending_robot/ros2_kortex_ws/install/controller_manager_msgs/include/controller_manager_msgs/controller_manager_msgs/srv/detail/set_hardware_component_state__type_support.hpp
[0.411s] -- Up-to-date symlink: /home/mampane/Desktop/machine_tending_robot/ros2_kortex_ws/install/controller_manager_msgs/include/controller_manager_msgs/controller_manager_msgs/srv/detail/switch_controller__builder.hpp
[0.411s] -- Up-to-date symlink: /home/mampane/Desktop/machine_tending_robot/ros2_kortex_ws/install/controller_manager_msgs/include/controller_manager_msgs/controller_manager_msgs/srv/detail/switch_controller__struct.hpp
[0.411s] -- Up-to-date symlink: /home/mampane/Desktop/machine_tending_robot/ros2_kortex_ws/install/controller_manager_msgs/include/controller_manager_msgs/controller_manager_msgs/srv/detail/switch_controller__traits.hpp
[0.411s] -- Up-to-date symlink: /home/mampane/Desktop/machine_tending_robot/ros2_kortex_ws/install/controller_manager_msgs/include/controller_manager_msgs/controller_manager_msgs/srv/detail/switch_controller__type_support.hpp
[0.411s] -- Up-to-date symlink: /home/mampane/Desktop/machine_tending_robot/ros2_kortex_ws/install/controller_manager_msgs/include/controller_manager_msgs/controller_manager_msgs/srv/detail/unload_controller__builder.hpp
[0.411s] -- Up-to-date symlink: /home/mampane/Desktop/machine_tending_robot/ros2_kortex_ws/install/controller_manager_msgs/include/controller_manager_msgs/controller_manager_msgs/srv/detail/unload_controller__struct.hpp
[0.411s] -- Up-to-date symlink: /home/mampane/Desktop/machine_tending_robot/ros2_kortex_ws/install/controller_manager_msgs/include/controller_manager_msgs/controller_manager_msgs/srv/detail/unload_controller__traits.hpp
[0.411s] -- Up-to-date symlink: /home/mampane/Desktop/machine_tending_robot/ros2_kortex_ws/install/controller_manager_msgs/include/controller_manager_msgs/controller_manager_msgs/srv/detail/unload_controller__type_support.hpp
[0.411s] -- Up-to-date symlink: /home/mampane/Desktop/machine_tending_robot/ros2_kortex_ws/install/controller_manager_msgs/include/controller_manager_msgs/controller_manager_msgs/srv/list_controller_types.hpp
[0.411s] -- Up-to-date symlink: /home/mampane/Desktop/machine_tending_robot/ros2_kortex_ws/install/controller_manager_msgs/include/controller_manager_msgs/controller_manager_msgs/srv/list_controllers.hpp
[0.411s] -- Up-to-date symlink: /home/mampane/Desktop/machine_tending_robot/ros2_kortex_ws/install/controller_manager_msgs/include/controller_manager_msgs/controller_manager_msgs/srv/list_hardware_components.hpp
[0.411s] -- Up-to-date symlink: /home/mampane/Desktop/machine_tending_robot/ros2_kortex_ws/install/controller_manager_msgs/include/controller_manager_msgs/controller_manager_msgs/srv/list_hardware_interfaces.hpp
[0.411s] -- Up-to-date symlink: /home/mampane/Desktop/machine_tending_robot/ros2_kortex_ws/install/controller_manager_msgs/include/controller_manager_msgs/controller_manager_msgs/srv/load_controller.hpp
[0.411s] -- Up-to-date symlink: /home/mampane/Desktop/machine_tending_robot/ros2_kortex_ws/install/controller_manager_msgs/include/controller_manager_msgs/controller_manager_msgs/srv/reload_controller_libraries.hpp
[0.411s] -- Up-to-date symlink: /home/mampane/Desktop/machine_tending_robot/ros2_kortex_ws/install/controller_manager_msgs/include/controller_manager_msgs/controller_manager_msgs/srv/set_hardware_component_state.hpp
[0.411s] -- Up-to-date symlink: /home/mampane/Desktop/machine_tending_robot/ros2_kortex_ws/install/controller_manager_msgs/include/controller_manager_msgs/controller_manager_msgs/srv/switch_controller.hpp
[0.411s] -- Up-to-date symlink: /home/mampane/Desktop/machine_tending_robot/ros2_kortex_ws/install/controller_manager_msgs/include/controller_manager_msgs/controller_manager_msgs/srv/unload_controller.hpp
[0.411s] -- Up-to-date symlink: /home/mampane/Desktop/machine_tending_robot/ros2_kortex_ws/install/controller_manager_msgs/include/controller_manager_msgs/controller_manager_msgs/msg/detail/chain_connection__rosidl_typesupport_fastrtps_cpp.hpp
[0.411s] -- Up-to-date symlink: /home/mampane/Desktop/machine_tending_robot/ros2_kortex_ws/install/controller_manager_msgs/include/controller_manager_msgs/controller_manager_msgs/msg/detail/controller_state__rosidl_typesupport_fastrtps_cpp.hpp
[0.411s] -- Up-to-date symlink: /home/mampane/Desktop/machine_tending_robot/ros2_kortex_ws/install/controller_manager_msgs/include/controller_manager_msgs/controller_manager_msgs/msg/detail/hardware_component_state__rosidl_typesupport_fastrtps_cpp.hpp
[0.411s] -- Up-to-date symlink: /home/mampane/Desktop/machine_tending_robot/ros2_kortex_ws/install/controller_manager_msgs/include/controller_manager_msgs/controller_manager_msgs/msg/detail/hardware_interface__rosidl_typesupport_fastrtps_cpp.hpp
[0.411s] -- Up-to-date symlink: /home/mampane/Desktop/machine_tending_robot/ros2_kortex_ws/install/controller_manager_msgs/include/controller_manager_msgs/controller_manager_msgs/msg/rosidl_typesupport_fastrtps_cpp__visibility_control.h
[0.412s] -- Up-to-date symlink: /home/mampane/Desktop/machine_tending_robot/ros2_kortex_ws/install/controller_manager_msgs/include/controller_manager_msgs/controller_manager_msgs/srv/detail/configure_controller__rosidl_typesupport_fastrtps_cpp.hpp
[0.412s] -- Up-to-date symlink: /home/mampane/Desktop/machine_tending_robot/ros2_kortex_ws/install/controller_manager_msgs/include/controller_manager_msgs/controller_manager_msgs/srv/detail/list_controller_types__rosidl_typesupport_fastrtps_cpp.hpp
[0.412s] -- Up-to-date symlink: /home/mampane/Desktop/machine_tending_robot/ros2_kortex_ws/install/controller_manager_msgs/include/controller_manager_msgs/controller_manager_msgs/srv/detail/list_controllers__rosidl_typesupport_fastrtps_cpp.hpp
[0.412s] -- Up-to-date symlink: /home/mampane/Desktop/machine_tending_robot/ros2_kortex_ws/install/controller_manager_msgs/include/controller_manager_msgs/controller_manager_msgs/srv/detail/list_hardware_components__rosidl_typesupport_fastrtps_cpp.hpp
[0.412s] -- Up-to-date symlink: /home/mampane/Desktop/machine_tending_robot/ros2_kortex_ws/install/controller_manager_msgs/include/controller_manager_msgs/controller_manager_msgs/srv/detail/list_hardware_interfaces__rosidl_typesupport_fastrtps_cpp.hpp
[0.412s] -- Up-to-date symlink: /home/mampane/Desktop/machine_tending_robot/ros2_kortex_ws/install/controller_manager_msgs/include/controller_manager_msgs/controller_manager_msgs/srv/detail/load_controller__rosidl_typesupport_fastrtps_cpp.hpp
[0.412s] -- Up-to-date symlink: /home/mampane/Desktop/machine_tending_robot/ros2_kortex_ws/install/controller_manager_msgs/include/controller_manager_msgs/controller_manager_msgs/srv/detail/reload_controller_libraries__rosidl_typesupport_fastrtps_cpp.hpp
[0.412s] -- Up-to-date symlink: /home/mampane/Desktop/machine_tending_robot/ros2_kortex_ws/install/controller_manager_msgs/include/controller_manager_msgs/controller_manager_msgs/srv/detail/set_hardware_component_state__rosidl_typesupport_fastrtps_cpp.hpp
[0.412s] -- Up-to-date symlink: /home/mampane/Desktop/machine_tending_robot/ros2_kortex_ws/install/controller_manager_msgs/include/controller_manager_msgs/controller_manager_msgs/srv/detail/switch_controller__rosidl_typesupport_fastrtps_cpp.hpp
[0.412s] -- Up-to-date symlink: /home/mampane/Desktop/machine_tending_robot/ros2_kortex_ws/install/controller_manager_msgs/include/controller_manager_msgs/controller_manager_msgs/srv/detail/unload_controller__rosidl_typesupport_fastrtps_cpp.hpp
[0.412s] -- Up-to-date symlink: /home/mampane/Desktop/machine_tending_robot/ros2_kortex_ws/install/controller_manager_msgs/include/controller_manager_msgs/controller_manager_msgs/msg/detail/chain_connection__rosidl_typesupport_introspection_c.h
[0.412s] -- Up-to-date symlink: /home/mampane/Desktop/machine_tending_robot/ros2_kortex_ws/install/controller_manager_msgs/include/controller_manager_msgs/controller_manager_msgs/msg/detail/controller_state__rosidl_typesupport_introspection_c.h
[0.412s] -- Up-to-date symlink: /home/mampane/Desktop/machine_tending_robot/ros2_kortex_ws/install/controller_manager_msgs/include/controller_manager_msgs/controller_manager_msgs/msg/detail/hardware_component_state__rosidl_typesupport_introspection_c.h
[0.412s] -- Up-to-date symlink: /home/mampane/Desktop/machine_tending_robot/ros2_kortex_ws/install/controller_manager_msgs/include/controller_manager_msgs/controller_manager_msgs/msg/detail/hardware_interface__rosidl_typesupport_introspection_c.h
[0.412s] -- Up-to-date symlink: /home/mampane/Desktop/machine_tending_robot/ros2_kortex_ws/install/controller_manager_msgs/include/controller_manager_msgs/controller_manager_msgs/msg/rosidl_typesupport_introspection_c__visibility_control.h
[0.413s] -- Up-to-date symlink: /home/mampane/Desktop/machine_tending_robot/ros2_kortex_ws/install/controller_manager_msgs/include/controller_manager_msgs/controller_manager_msgs/srv/detail/configure_controller__rosidl_typesupport_introspection_c.h
[0.413s] -- Up-to-date symlink: /home/mampane/Desktop/machine_tending_robot/ros2_kortex_ws/install/controller_manager_msgs/include/controller_manager_msgs/controller_manager_msgs/srv/detail/list_controller_types__rosidl_typesupport_introspection_c.h
[0.413s] -- Up-to-date symlink: /home/mampane/Desktop/machine_tending_robot/ros2_kortex_ws/install/controller_manager_msgs/include/controller_manager_msgs/controller_manager_msgs/srv/detail/list_controllers__rosidl_typesupport_introspection_c.h
[0.413s] -- Up-to-date symlink: /home/mampane/Desktop/machine_tending_robot/ros2_kortex_ws/install/controller_manager_msgs/include/controller_manager_msgs/controller_manager_msgs/srv/detail/list_hardware_components__rosidl_typesupport_introspection_c.h
[0.413s] -- Up-to-date symlink: /home/mampane/Desktop/machine_tending_robot/ros2_kortex_ws/install/controller_manager_msgs/include/controller_manager_msgs/controller_manager_msgs/srv/detail/list_hardware_interfaces__rosidl_typesupport_introspection_c.h
[0.413s] -- Up-to-date symlink: /home/mampane/Desktop/machine_tending_robot/ros2_kortex_ws/install/controller_manager_msgs/include/controller_manager_msgs/controller_manager_msgs/srv/detail/load_controller__rosidl_typesupport_introspection_c.h
[0.413s] -- Up-to-date symlink: /home/mampane/Desktop/machine_tending_robot/ros2_kortex_ws/install/controller_manager_msgs/include/controller_manager_msgs/controller_manager_msgs/srv/detail/reload_controller_libraries__rosidl_typesupport_introspection_c.h
[0.413s] -- Up-to-date symlink: /home/mampane/Desktop/machine_tending_robot/ros2_kortex_ws/install/controller_manager_msgs/include/controller_manager_msgs/controller_manager_msgs/srv/detail/set_hardware_component_state__rosidl_typesupport_introspection_c.h
[0.413s] -- Up-to-date symlink: /home/mampane/Desktop/machine_tending_robot/ros2_kortex_ws/install/controller_manager_msgs/include/controller_manager_msgs/controller_manager_msgs/srv/detail/switch_controller__rosidl_typesupport_introspection_c.h
[0.413s] -- Up-to-date symlink: /home/mampane/Desktop/machine_tending_robot/ros2_kortex_ws/install/controller_manager_msgs/include/controller_manager_msgs/controller_manager_msgs/srv/detail/unload_controller__rosidl_typesupport_introspection_c.h
[0.413s] -- Up-to-date symlink: /home/mampane/Desktop/machine_tending_robot/ros2_kortex_ws/install/controller_manager_msgs/include/controller_manager_msgs/controller_manager_msgs/msg/detail/chain_connection__rosidl_typesupport_introspection_cpp.hpp
[0.413s] -- Up-to-date symlink: /home/mampane/Desktop/machine_tending_robot/ros2_kortex_ws/install/controller_manager_msgs/include/controller_manager_msgs/controller_manager_msgs/msg/detail/controller_state__rosidl_typesupport_introspection_cpp.hpp
[0.413s] -- Up-to-date symlink: /home/mampane/Desktop/machine_tending_robot/ros2_kortex_ws/install/controller_manager_msgs/include/controller_manager_msgs/controller_manager_msgs/msg/detail/hardware_component_state__rosidl_typesupport_introspection_cpp.hpp
[0.413s] -- Up-to-date symlink: /home/mampane/Desktop/machine_tending_robot/ros2_kortex_ws/install/controller_manager_msgs/include/controller_manager_msgs/controller_manager_msgs/msg/detail/hardware_interface__rosidl_typesupport_introspection_cpp.hpp
[0.413s] -- Up-to-date symlink: /home/mampane/Desktop/machine_tending_robot/ros2_kortex_ws/install/controller_manager_msgs/include/controller_manager_msgs/controller_manager_msgs/srv/detail/configure_controller__rosidl_typesupport_introspection_cpp.hpp
[0.413s] -- Up-to-date symlink: /home/mampane/Desktop/machine_tending_robot/ros2_kortex_ws/install/controller_manager_msgs/include/controller_manager_msgs/controller_manager_msgs/srv/detail/list_controller_types__rosidl_typesupport_introspection_cpp.hpp
[0.413s] -- Up-to-date symlink: /home/mampane/Desktop/machine_tending_robot/ros2_kortex_ws/install/controller_manager_msgs/include/controller_manager_msgs/controller_manager_msgs/srv/detail/list_controllers__rosidl_typesupport_introspection_cpp.hpp
[0.413s] -- Up-to-date symlink: /home/mampane/Desktop/machine_tending_robot/ros2_kortex_ws/install/controller_manager_msgs/include/controller_manager_msgs/controller_manager_msgs/srv/detail/list_hardware_components__rosidl_typesupport_introspection_cpp.hpp
[0.413s] -- Up-to-date symlink: /home/mampane/Desktop/machine_tending_robot/ros2_kortex_ws/install/controller_manager_msgs/include/controller_manager_msgs/controller_manager_msgs/srv/detail/list_hardware_interfaces__rosidl_typesupport_introspection_cpp.hpp
[0.413s] -- Up-to-date symlink: /home/mampane/Desktop/machine_tending_robot/ros2_kortex_ws/install/controller_manager_msgs/include/controller_manager_msgs/controller_manager_msgs/srv/detail/load_controller__rosidl_typesupport_introspection_cpp.hpp
[0.413s] -- Up-to-date symlink: /home/mampane/Desktop/machine_tending_robot/ros2_kortex_ws/install/controller_manager_msgs/include/controller_manager_msgs/controller_manager_msgs/srv/detail/reload_controller_libraries__rosidl_typesupport_introspection_cpp.hpp
[0.413s] -- Up-to-date symlink: /home/mampane/Desktop/machine_tending_robot/ros2_kortex_ws/install/controller_manager_msgs/include/controller_manager_msgs/controller_manager_msgs/srv/detail/set_hardware_component_state__rosidl_typesupport_introspection_cpp.hpp
[0.413s] -- Up-to-date symlink: /home/mampane/Desktop/machine_tending_robot/ros2_kortex_ws/install/controller_manager_msgs/include/controller_manager_msgs/controller_manager_msgs/srv/detail/switch_controller__rosidl_typesupport_introspection_cpp.hpp
[0.414s] -- Up-to-date symlink: /home/mampane/Desktop/machine_tending_robot/ros2_kortex_ws/install/controller_manager_msgs/include/controller_manager_msgs/controller_manager_msgs/srv/detail/unload_controller__rosidl_typesupport_introspection_cpp.hpp
[0.414s] -- Up-to-date symlink: /home/mampane/Desktop/machine_tending_robot/ros2_kortex_ws/install/controller_manager_msgs/share/controller_manager_msgs/environment/pythonpath.sh
[0.414s] -- Up-to-date symlink: /home/mampane/Desktop/machine_tending_robot/ros2_kortex_ws/install/controller_manager_msgs/share/controller_manager_msgs/environment/pythonpath.dsv
[0.414s] -- Up-to-date symlink: /home/mampane/Desktop/machine_tending_robot/ros2_kortex_ws/install/controller_manager_msgs/local/lib/python3.10/dist-packages/controller_manager_msgs-2.48.0-py3.10.egg-info/PKG-INFO
[0.414s] -- Up-to-date symlink: /home/mampane/Desktop/machine_tending_robot/ros2_kortex_ws/install/controller_manager_msgs/local/lib/python3.10/dist-packages/controller_manager_msgs-2.48.0-py3.10.egg-info/SOURCES.txt
[0.414s] -- Up-to-date symlink: /home/mampane/Desktop/machine_tending_robot/ros2_kortex_ws/install/controller_manager_msgs/local/lib/python3.10/dist-packages/controller_manager_msgs-2.48.0-py3.10.egg-info/dependency_links.txt
[0.414s] -- Up-to-date symlink: /home/mampane/Desktop/machine_tending_robot/ros2_kortex_ws/install/controller_manager_msgs/local/lib/python3.10/dist-packages/controller_manager_msgs-2.48.0-py3.10.egg-info/top_level.txt
[0.415s] -- Up-to-date symlink: /home/mampane/Desktop/machine_tending_robot/ros2_kortex_ws/install/controller_manager_msgs/local/lib/python3.10/dist-packages/controller_manager_msgs/__init__.py
[0.415s] -- Up-to-date symlink: /home/mampane/Desktop/machine_tending_robot/ros2_kortex_ws/install/controller_manager_msgs/local/lib/python3.10/dist-packages/controller_manager_msgs/_controller_manager_msgs_s.ep.rosidl_typesupport_c.c
[0.415s] -- Up-to-date symlink: /home/mampane/Desktop/machine_tending_robot/ros2_kortex_ws/install/controller_manager_msgs/local/lib/python3.10/dist-packages/controller_manager_msgs/_controller_manager_msgs_s.ep.rosidl_typesupport_fastrtps_c.c
[0.415s] -- Up-to-date symlink: /home/mampane/Desktop/machine_tending_robot/ros2_kortex_ws/install/controller_manager_msgs/local/lib/python3.10/dist-packages/controller_manager_msgs/_controller_manager_msgs_s.ep.rosidl_typesupport_introspection_c.c
[0.415s] -- Up-to-date symlink: /home/mampane/Desktop/machine_tending_robot/ros2_kortex_ws/install/controller_manager_msgs/local/lib/python3.10/dist-packages/controller_manager_msgs/controller_manager_msgs_s__rosidl_typesupport_c.cpython-310-x86_64-linux-gnu.so
[0.415s] -- Up-to-date symlink: /home/mampane/Desktop/machine_tending_robot/ros2_kortex_ws/install/controller_manager_msgs/local/lib/python3.10/dist-packages/controller_manager_msgs/controller_manager_msgs_s__rosidl_typesupport_fastrtps_c.cpython-310-x86_64-linux-gnu.so
[0.415s] -- Up-to-date symlink: /home/mampane/Desktop/machine_tending_robot/ros2_kortex_ws/install/controller_manager_msgs/local/lib/python3.10/dist-packages/controller_manager_msgs/controller_manager_msgs_s__rosidl_typesupport_introspection_c.cpython-310-x86_64-linux-gnu.so
[0.415s] -- Up-to-date symlink: /home/mampane/Desktop/machine_tending_robot/ros2_kortex_ws/install/controller_manager_msgs/local/lib/python3.10/dist-packages/controller_manager_msgs/libcontroller_manager_msgs__rosidl_generator_py.so
[0.415s] -- Up-to-date symlink: /home/mampane/Desktop/machine_tending_robot/ros2_kortex_ws/install/controller_manager_msgs/local/lib/python3.10/dist-packages/controller_manager_msgs/msg/__init__.py
[0.415s] -- Up-to-date symlink: /home/mampane/Desktop/machine_tending_robot/ros2_kortex_ws/install/controller_manager_msgs/local/lib/python3.10/dist-packages/controller_manager_msgs/msg/_chain_connection.py
[0.415s] -- Up-to-date symlink: /home/mampane/Desktop/machine_tending_robot/ros2_kortex_ws/install/controller_manager_msgs/local/lib/python3.10/dist-packages/controller_manager_msgs/msg/_chain_connection_s.c
[0.415s] -- Up-to-date symlink: /home/mampane/Desktop/machine_tending_robot/ros2_kortex_ws/install/controller_manager_msgs/local/lib/python3.10/dist-packages/controller_manager_msgs/msg/_controller_state.py
[0.415s] -- Up-to-date symlink: /home/mampane/Desktop/machine_tending_robot/ros2_kortex_ws/install/controller_manager_msgs/local/lib/python3.10/dist-packages/controller_manager_msgs/msg/_controller_state_s.c
[0.415s] -- Up-to-date symlink: /home/mampane/Desktop/machine_tending_robot/ros2_kortex_ws/install/controller_manager_msgs/local/lib/python3.10/dist-packages/controller_manager_msgs/msg/_hardware_component_state.py
[0.416s] -- Up-to-date symlink: /home/mampane/Desktop/machine_tending_robot/ros2_kortex_ws/install/controller_manager_msgs/local/lib/python3.10/dist-packages/controller_manager_msgs/msg/_hardware_component_state_s.c
[0.416s] -- Up-to-date symlink: /home/mampane/Desktop/machine_tending_robot/ros2_kortex_ws/install/controller_manager_msgs/local/lib/python3.10/dist-packages/controller_manager_msgs/msg/_hardware_interface.py
[0.416s] -- Up-to-date symlink: /home/mampane/Desktop/machine_tending_robot/ros2_kortex_ws/install/controller_manager_msgs/local/lib/python3.10/dist-packages/controller_manager_msgs/msg/_hardware_interface_s.c
[0.416s] -- Up-to-date symlink: /home/mampane/Desktop/machine_tending_robot/ros2_kortex_ws/install/controller_manager_msgs/local/lib/python3.10/dist-packages/controller_manager_msgs/srv/__init__.py
[0.416s] -- Up-to-date symlink: /home/mampane/Desktop/machine_tending_robot/ros2_kortex_ws/install/controller_manager_msgs/local/lib/python3.10/dist-packages/controller_manager_msgs/srv/_configure_controller.py
[0.416s] -- Up-to-date symlink: /home/mampane/Desktop/machine_tending_robot/ros2_kortex_ws/install/controller_manager_msgs/local/lib/python3.10/dist-packages/controller_manager_msgs/srv/_configure_controller_s.c
[0.416s] -- Up-to-date symlink: /home/mampane/Desktop/machine_tending_robot/ros2_kortex_ws/install/controller_manager_msgs/local/lib/python3.10/dist-packages/controller_manager_msgs/srv/_list_controller_types.py
[0.416s] -- Up-to-date symlink: /home/mampane/Desktop/machine_tending_robot/ros2_kortex_ws/install/controller_manager_msgs/local/lib/python3.10/dist-packages/controller_manager_msgs/srv/_list_controller_types_s.c
[0.416s] -- Up-to-date symlink: /home/mampane/Desktop/machine_tending_robot/ros2_kortex_ws/install/controller_manager_msgs/local/lib/python3.10/dist-packages/controller_manager_msgs/srv/_list_controllers.py
[0.417s] -- Up-to-date symlink: /home/mampane/Desktop/machine_tending_robot/ros2_kortex_ws/install/controller_manager_msgs/local/lib/python3.10/dist-packages/controller_manager_msgs/srv/_list_controllers_s.c
[0.417s] -- Up-to-date symlink: /home/mampane/Desktop/machine_tending_robot/ros2_kortex_ws/install/controller_manager_msgs/local/lib/python3.10/dist-packages/controller_manager_msgs/srv/_list_hardware_components.py
[0.417s] -- Up-to-date symlink: /home/mampane/Desktop/machine_tending_robot/ros2_kortex_ws/install/controller_manager_msgs/local/lib/python3.10/dist-packages/controller_manager_msgs/srv/_list_hardware_components_s.c
[0.417s] -- Up-to-date symlink: /home/mampane/Desktop/machine_tending_robot/ros2_kortex_ws/install/controller_manager_msgs/local/lib/python3.10/dist-packages/controller_manager_msgs/srv/_list_hardware_interfaces.py
[0.417s] -- Up-to-date symlink: /home/mampane/Desktop/machine_tending_robot/ros2_kortex_ws/install/controller_manager_msgs/local/lib/python3.10/dist-packages/controller_manager_msgs/srv/_list_hardware_interfaces_s.c
[0.417s] -- Up-to-date symlink: /home/mampane/Desktop/machine_tending_robot/ros2_kortex_ws/install/controller_manager_msgs/local/lib/python3.10/dist-packages/controller_manager_msgs/srv/_load_controller.py
[0.417s] -- Up-to-date symlink: /home/mampane/Desktop/machine_tending_robot/ros2_kortex_ws/install/controller_manager_msgs/local/lib/python3.10/dist-packages/controller_manager_msgs/srv/_load_controller_s.c
[0.417s] -- Up-to-date symlink: /home/mampane/Desktop/machine_tending_robot/ros2_kortex_ws/install/controller_manager_msgs/local/lib/python3.10/dist-packages/controller_manager_msgs/srv/_reload_controller_libraries.py
[0.417s] -- Up-to-date symlink: /home/mampane/Desktop/machine_tending_robot/ros2_kortex_ws/install/controller_manager_msgs/local/lib/python3.10/dist-packages/controller_manager_msgs/srv/_reload_controller_libraries_s.c
[0.417s] -- Up-to-date symlink: /home/mampane/Desktop/machine_tending_robot/ros2_kortex_ws/install/controller_manager_msgs/local/lib/python3.10/dist-packages/controller_manager_msgs/srv/_set_hardware_component_state.py
[0.417s] -- Up-to-date symlink: /home/mampane/Desktop/machine_tending_robot/ros2_kortex_ws/install/controller_manager_msgs/local/lib/python3.10/dist-packages/controller_manager_msgs/srv/_set_hardware_component_state_s.c
[0.417s] -- Up-to-date symlink: /home/mampane/Desktop/machine_tending_robot/ros2_kortex_ws/install/controller_manager_msgs/local/lib/python3.10/dist-packages/controller_manager_msgs/srv/_switch_controller.py
[0.417s] -- Up-to-date symlink: /home/mampane/Desktop/machine_tending_robot/ros2_kortex_ws/install/controller_manager_msgs/local/lib/python3.10/dist-packages/controller_manager_msgs/srv/_switch_controller_s.c
[0.417s] -- Up-to-date symlink: /home/mampane/Desktop/machine_tending_robot/ros2_kortex_ws/install/controller_manager_msgs/local/lib/python3.10/dist-packages/controller_manager_msgs/srv/_unload_controller.py
[0.417s] -- Up-to-date symlink: /home/mampane/Desktop/machine_tending_robot/ros2_kortex_ws/install/controller_manager_msgs/local/lib/python3.10/dist-packages/controller_manager_msgs/srv/_unload_controller_s.c
[0.417s] -- Up-to-date symlink: /home/mampane/Desktop/machine_tending_robot/ros2_kortex_ws/install/controller_manager_msgs/local/lib/python3.10/dist-packages/controller_manager_msgs/controller_manager_msgs_s__rosidl_typesupport_fastrtps_c.cpython-310-x86_64-linux-gnu.so
[0.417s] -- Up-to-date symlink: /home/mampane/Desktop/machine_tending_robot/ros2_kortex_ws/install/controller_manager_msgs/local/lib/python3.10/dist-packages/controller_manager_msgs/controller_manager_msgs_s__rosidl_typesupport_introspection_c.cpython-310-x86_64-linux-gnu.so
[0.417s] -- Up-to-date symlink: /home/mampane/Desktop/machine_tending_robot/ros2_kortex_ws/install/controller_manager_msgs/local/lib/python3.10/dist-packages/controller_manager_msgs/controller_manager_msgs_s__rosidl_typesupport_c.cpython-310-x86_64-linux-gnu.so
[0.418s] -- Up-to-date symlink: /home/mampane/Desktop/machine_tending_robot/ros2_kortex_ws/install/controller_manager_msgs/share/controller_manager_msgs/msg/ControllerState.idl
[0.418s] -- Up-to-date symlink: /home/mampane/Desktop/machine_tending_robot/ros2_kortex_ws/install/controller_manager_msgs/share/controller_manager_msgs/msg/ChainConnection.idl
[0.418s] -- Up-to-date symlink: /home/mampane/Desktop/machine_tending_robot/ros2_kortex_ws/install/controller_manager_msgs/share/controller_manager_msgs/msg/HardwareComponentState.idl
[0.418s] -- Up-to-date symlink: /home/mampane/Desktop/machine_tending_robot/ros2_kortex_ws/install/controller_manager_msgs/share/controller_manager_msgs/msg/HardwareInterface.idl
[0.418s] -- Up-to-date symlink: /home/mampane/Desktop/machine_tending_robot/ros2_kortex_ws/install/controller_manager_msgs/share/controller_manager_msgs/srv/ConfigureController.idl
[0.418s] -- Up-to-date symlink: /home/mampane/Desktop/machine_tending_robot/ros2_kortex_ws/install/controller_manager_msgs/share/controller_manager_msgs/srv/ListControllers.idl
[0.418s] -- Up-to-date symlink: /home/mampane/Desktop/machine_tending_robot/ros2_kortex_ws/install/controller_manager_msgs/share/controller_manager_msgs/srv/ListControllerTypes.idl
[0.418s] -- Up-to-date symlink: /home/mampane/Desktop/machine_tending_robot/ros2_kortex_ws/install/controller_manager_msgs/share/controller_manager_msgs/srv/ListHardwareComponents.idl
[0.418s] -- Up-to-date symlink: /home/mampane/Desktop/machine_tending_robot/ros2_kortex_ws/install/controller_manager_msgs/share/controller_manager_msgs/srv/ListHardwareInterfaces.idl
[0.418s] -- Up-to-date symlink: /home/mampane/Desktop/machine_tending_robot/ros2_kortex_ws/install/controller_manager_msgs/share/controller_manager_msgs/srv/LoadController.idl
[0.418s] -- Up-to-date symlink: /home/mampane/Desktop/machine_tending_robot/ros2_kortex_ws/install/controller_manager_msgs/share/controller_manager_msgs/srv/ReloadControllerLibraries.idl
[0.418s] -- Up-to-date symlink: /home/mampane/Desktop/machine_tending_robot/ros2_kortex_ws/install/controller_manager_msgs/share/controller_manager_msgs/srv/SetHardwareComponentState.idl
[0.418s] -- Up-to-date symlink: /home/mampane/Desktop/machine_tending_robot/ros2_kortex_ws/install/controller_manager_msgs/share/controller_manager_msgs/srv/SwitchController.idl
[0.418s] -- Up-to-date symlink: /home/mampane/Desktop/machine_tending_robot/ros2_kortex_ws/install/controller_manager_msgs/share/controller_manager_msgs/srv/UnloadController.idl
[0.419s] -- Up-to-date symlink: /home/mampane/Desktop/machine_tending_robot/ros2_kortex_ws/install/controller_manager_msgs/share/controller_manager_msgs/msg/ControllerState.msg
[0.419s] -- Up-to-date symlink: /home/mampane/Desktop/machine_tending_robot/ros2_kortex_ws/install/controller_manager_msgs/share/controller_manager_msgs/msg/ChainConnection.msg
[0.419s] -- Up-to-date symlink: /home/mampane/Desktop/machine_tending_robot/ros2_kortex_ws/install/controller_manager_msgs/share/controller_manager_msgs/msg/HardwareComponentState.msg
[0.419s] -- Up-to-date symlink: /home/mampane/Desktop/machine_tending_robot/ros2_kortex_ws/install/controller_manager_msgs/share/controller_manager_msgs/msg/HardwareInterface.msg
[0.419s] -- Up-to-date symlink: /home/mampane/Desktop/machine_tending_robot/ros2_kortex_ws/install/controller_manager_msgs/share/controller_manager_msgs/srv/ConfigureController.srv
[0.419s] -- Up-to-date symlink: /home/mampane/Desktop/machine_tending_robot/ros2_kortex_ws/install/controller_manager_msgs/share/controller_manager_msgs/srv/ConfigureController_Request.msg
[0.420s] -- Up-to-date symlink: /home/mampane/Desktop/machine_tending_robot/ros2_kortex_ws/install/controller_manager_msgs/share/controller_manager_msgs/srv/ConfigureController_Response.msg
[0.420s] -- Up-to-date symlink: /home/mampane/Desktop/machine_tending_robot/ros2_kortex_ws/install/controller_manager_msgs/share/controller_manager_msgs/srv/ListControllers.srv
[0.420s] -- Up-to-date symlink: /home/mampane/Desktop/machine_tending_robot/ros2_kortex_ws/install/controller_manager_msgs/share/controller_manager_msgs/srv/ListControllers_Request.msg
[0.420s] -- Up-to-date symlink: /home/mampane/Desktop/machine_tending_robot/ros2_kortex_ws/install/controller_manager_msgs/share/controller_manager_msgs/srv/ListControllers_Response.msg
[0.420s] -- Up-to-date symlink: /home/mampane/Desktop/machine_tending_robot/ros2_kortex_ws/install/controller_manager_msgs/share/controller_manager_msgs/srv/ListControllerTypes.srv
[0.420s] -- Up-to-date symlink: /home/mampane/Desktop/machine_tending_robot/ros2_kortex_ws/install/controller_manager_msgs/share/controller_manager_msgs/srv/ListControllerTypes_Request.msg
[0.420s] -- Up-to-date symlink: /home/mampane/Desktop/machine_tending_robot/ros2_kortex_ws/install/controller_manager_msgs/share/controller_manager_msgs/srv/ListControllerTypes_Response.msg
[0.420s] -- Up-to-date symlink: /home/mampane/Desktop/machine_tending_robot/ros2_kortex_ws/install/controller_manager_msgs/share/controller_manager_msgs/srv/ListHardwareComponents.srv
[0.420s] -- Up-to-date symlink: /home/mampane/Desktop/machine_tending_robot/ros2_kortex_ws/install/controller_manager_msgs/share/controller_manager_msgs/srv/ListHardwareComponents_Request.msg
[0.420s] -- Up-to-date symlink: /home/mampane/Desktop/machine_tending_robot/ros2_kortex_ws/install/controller_manager_msgs/share/controller_manager_msgs/srv/ListHardwareComponents_Response.msg
[0.420s] -- Up-to-date symlink: /home/mampane/Desktop/machine_tending_robot/ros2_kortex_ws/install/controller_manager_msgs/share/controller_manager_msgs/srv/ListHardwareInterfaces.srv
[0.420s] -- Up-to-date symlink: /home/mampane/Desktop/machine_tending_robot/ros2_kortex_ws/install/controller_manager_msgs/share/controller_manager_msgs/srv/ListHardwareInterfaces_Request.msg
[0.420s] -- Up-to-date symlink: /home/mampane/Desktop/machine_tending_robot/ros2_kortex_ws/install/controller_manager_msgs/share/controller_manager_msgs/srv/ListHardwareInterfaces_Response.msg
[0.421s] -- Up-to-date symlink: /home/mampane/Desktop/machine_tending_robot/ros2_kortex_ws/install/controller_manager_msgs/share/controller_manager_msgs/srv/LoadController.srv
[0.421s] -- Up-to-date symlink: /home/mampane/Desktop/machine_tending_robot/ros2_kortex_ws/install/controller_manager_msgs/share/controller_manager_msgs/srv/LoadController_Request.msg
[0.422s] -- Up-to-date symlink: /home/mampane/Desktop/machine_tending_robot/ros2_kortex_ws/install/controller_manager_msgs/share/controller_manager_msgs/srv/LoadController_Response.msg
[0.422s] -- Up-to-date symlink: /home/mampane/Desktop/machine_tending_robot/ros2_kortex_ws/install/controller_manager_msgs/share/controller_manager_msgs/srv/ReloadControllerLibraries.srv
[0.422s] -- Up-to-date symlink: /home/mampane/Desktop/machine_tending_robot/ros2_kortex_ws/install/controller_manager_msgs/share/controller_manager_msgs/srv/ReloadControllerLibraries_Request.msg
[0.422s] -- Up-to-date symlink: /home/mampane/Desktop/machine_tending_robot/ros2_kortex_ws/install/controller_manager_msgs/share/controller_manager_msgs/srv/ReloadControllerLibraries_Response.msg
[0.422s] -- Up-to-date symlink: /home/mampane/Desktop/machine_tending_robot/ros2_kortex_ws/install/controller_manager_msgs/share/controller_manager_msgs/srv/SetHardwareComponentState.srv
[0.422s] -- Up-to-date symlink: /home/mampane/Desktop/machine_tending_robot/ros2_kortex_ws/install/controller_manager_msgs/share/controller_manager_msgs/srv/SetHardwareComponentState_Request.msg
[0.423s] -- Up-to-date symlink: /home/mampane/Desktop/machine_tending_robot/ros2_kortex_ws/install/controller_manager_msgs/share/controller_manager_msgs/srv/SetHardwareComponentState_Response.msg
[0.423s] -- Up-to-date symlink: /home/mampane/Desktop/machine_tending_robot/ros2_kortex_ws/install/controller_manager_msgs/share/controller_manager_msgs/srv/SwitchController.srv
[0.423s] -- Up-to-date symlink: /home/mampane/Desktop/machine_tending_robot/ros2_kortex_ws/install/controller_manager_msgs/share/controller_manager_msgs/srv/SwitchController_Request.msg
[0.423s] -- Up-to-date symlink: /home/mampane/Desktop/machine_tending_robot/ros2_kortex_ws/install/controller_manager_msgs/share/controller_manager_msgs/srv/SwitchController_Response.msg
[0.423s] -- Up-to-date symlink: /home/mampane/Desktop/machine_tending_robot/ros2_kortex_ws/install/controller_manager_msgs/share/controller_manager_msgs/srv/UnloadController.srv
[0.423s] -- Up-to-date symlink: /home/mampane/Desktop/machine_tending_robot/ros2_kortex_ws/install/controller_manager_msgs/share/controller_manager_msgs/srv/UnloadController_Request.msg
[0.423s] -- Up-to-date symlink: /home/mampane/Desktop/machine_tending_robot/ros2_kortex_ws/install/controller_manager_msgs/share/controller_manager_msgs/srv/UnloadController_Response.msg
[0.423s] -- Up-to-date symlink: /home/mampane/Desktop/machine_tending_robot/ros2_kortex_ws/install/controller_manager_msgs/share/ament_index/resource_index/package_run_dependencies/controller_manager_msgs
[0.423s] -- Up-to-date symlink: /home/mampane/Desktop/machine_tending_robot/ros2_kortex_ws/install/controller_manager_msgs/share/ament_index/resource_index/parent_prefix_path/controller_manager_msgs
[0.423s] -- Up-to-date symlink: /home/mampane/Desktop/machine_tending_robot/ros2_kortex_ws/install/controller_manager_msgs/share/controller_manager_msgs/environment/ament_prefix_path.sh
[0.423s] -- Up-to-date symlink: /home/mampane/Desktop/machine_tending_robot/ros2_kortex_ws/install/controller_manager_msgs/share/controller_manager_msgs/environment/ament_prefix_path.dsv
[0.424s] -- Up-to-date symlink: /home/mampane/Desktop/machine_tending_robot/ros2_kortex_ws/install/controller_manager_msgs/share/controller_manager_msgs/environment/path.sh
[0.424s] -- Up-to-date symlink: /home/mampane/Desktop/machine_tending_robot/ros2_kortex_ws/install/controller_manager_msgs/share/controller_manager_msgs/environment/path.dsv
[0.424s] -- Up-to-date symlink: /home/mampane/Desktop/machine_tending_robot/ros2_kortex_ws/install/controller_manager_msgs/share/controller_manager_msgs/local_setup.bash
[0.424s] -- Up-to-date symlink: /home/mampane/Desktop/machine_tending_robot/ros2_kortex_ws/install/controller_manager_msgs/share/controller_manager_msgs/local_setup.sh
[0.424s] -- Up-to-date symlink: /home/mampane/Desktop/machine_tending_robot/ros2_kortex_ws/install/controller_manager_msgs/share/controller_manager_msgs/local_setup.zsh
[0.424s] -- Up-to-date symlink: /home/mampane/Desktop/machine_tending_robot/ros2_kortex_ws/install/controller_manager_msgs/share/controller_manager_msgs/local_setup.dsv
[0.424s] -- Symlinking: /home/mampane/Desktop/machine_tending_robot/ros2_kortex_ws/install/controller_manager_msgs/share/controller_manager_msgs/package.dsv
[0.436s] -- Up-to-date symlink: /home/mampane/Desktop/machine_tending_robot/ros2_kortex_ws/install/controller_manager_msgs/share/ament_index/resource_index/packages/controller_manager_msgs
[0.436s] -- Up-to-date symlink: /home/mampane/Desktop/machine_tending_robot/ros2_kortex_ws/install/controller_manager_msgs/share/controller_manager_msgs/cmake/rosidl_cmake-extras.cmake
[0.436s] -- Up-to-date symlink: /home/mampane/Desktop/machine_tending_robot/ros2_kortex_ws/install/controller_manager_msgs/share/controller_manager_msgs/cmake/ament_cmake_export_dependencies-extras.cmake
[0.436s] -- Up-to-date symlink: /home/mampane/Desktop/machine_tending_robot/ros2_kortex_ws/install/controller_manager_msgs/share/controller_manager_msgs/cmake/ament_cmake_export_include_directories-extras.cmake
[0.437s] -- Up-to-date symlink: /home/mampane/Desktop/machine_tending_robot/ros2_kortex_ws/install/controller_manager_msgs/share/controller_manager_msgs/cmake/ament_cmake_export_libraries-extras.cmake
[0.437s] -- Up-to-date symlink: /home/mampane/Desktop/machine_tending_robot/ros2_kortex_ws/install/controller_manager_msgs/share/controller_manager_msgs/cmake/ament_cmake_export_targets-extras.cmake
[0.437s] -- Up-to-date symlink: /home/mampane/Desktop/machine_tending_robot/ros2_kortex_ws/install/controller_manager_msgs/share/controller_manager_msgs/cmake/rosidl_cmake_export_typesupport_targets-extras.cmake
[0.437s] -- Up-to-date symlink: /home/mampane/Desktop/machine_tending_robot/ros2_kortex_ws/install/controller_manager_msgs/share/controller_manager_msgs/cmake/rosidl_cmake_export_typesupport_libraries-extras.cmake
[0.437s] -- Up-to-date symlink: /home/mampane/Desktop/machine_tending_robot/ros2_kortex_ws/install/controller_manager_msgs/share/controller_manager_msgs/cmake/controller_manager_msgsConfig.cmake
[0.437s] -- Up-to-date symlink: /home/mampane/Desktop/machine_tending_robot/ros2_kortex_ws/install/controller_manager_msgs/share/controller_manager_msgs/cmake/controller_manager_msgsConfig-version.cmake
[0.437s] -- Up-to-date symlink: /home/mampane/Desktop/machine_tending_robot/ros2_kortex_ws/install/controller_manager_msgs/share/controller_manager_msgs/package.xml
[0.437s] -- Up-to-date: /home/mampane/Desktop/machine_tending_robot/ros2_kortex_ws/install/controller_manager_msgs/lib/libcontroller_manager_msgs__rosidl_generator_c.so
[0.438s] -- Up-to-date: /home/mampane/Desktop/machine_tending_robot/ros2_kortex_ws/install/controller_manager_msgs/lib/libcontroller_manager_msgs__rosidl_typesupport_fastrtps_c.so
[0.440s] -- Up-to-date: /home/mampane/Desktop/machine_tending_robot/ros2_kortex_ws/install/controller_manager_msgs/lib/libcontroller_manager_msgs__rosidl_typesupport_fastrtps_cpp.so
[0.440s] -- Up-to-date: /home/mampane/Desktop/machine_tending_robot/ros2_kortex_ws/install/controller_manager_msgs/lib/libcontroller_manager_msgs__rosidl_typesupport_introspection_c.so
[0.440s] -- Up-to-date: /home/mampane/Desktop/machine_tending_robot/ros2_kortex_ws/install/controller_manager_msgs/lib/libcontroller_manager_msgs__rosidl_typesupport_c.so
[0.440s] -- Up-to-date: /home/mampane/Desktop/machine_tending_robot/ros2_kortex_ws/install/controller_manager_msgs/lib/libcontroller_manager_msgs__rosidl_typesupport_introspection_cpp.so
[0.440s] -- Up-to-date: /home/mampane/Desktop/machine_tending_robot/ros2_kortex_ws/install/controller_manager_msgs/lib/libcontroller_manager_msgs__rosidl_typesupport_cpp.so
[0.458s] Listing '/home/mampane/Desktop/machine_tending_robot/ros2_kortex_ws/install/controller_manager_msgs/local/lib/python3.10/dist-packages/controller_manager_msgs'...
[0.458s] Listing '/home/mampane/Desktop/machine_tending_robot/ros2_kortex_ws/install/controller_manager_msgs/local/lib/python3.10/dist-packages/controller_manager_msgs/msg'...
[0.458s] Listing '/home/mampane/Desktop/machine_tending_robot/ros2_kortex_ws/install/controller_manager_msgs/local/lib/python3.10/dist-packages/controller_manager_msgs/srv'...
[0.461s] -- Up-to-date: /home/mampane/Desktop/machine_tending_robot/ros2_kortex_ws/install/controller_manager_msgs/lib/libcontroller_manager_msgs__rosidl_generator_py.so
[0.461s] -- Up-to-date: /home/mampane/Desktop/machine_tending_robot/ros2_kortex_ws/install/controller_manager_msgs/share/controller_manager_msgs/cmake/export_controller_manager_msgs__rosidl_generator_cExport.cmake
[0.461s] -- Up-to-date: /home/mampane/Desktop/machine_tending_robot/ros2_kortex_ws/install/controller_manager_msgs/share/controller_manager_msgs/cmake/export_controller_manager_msgs__rosidl_generator_cExport-noconfig.cmake
[0.461s] -- Up-to-date: /home/mampane/Desktop/machine_tending_robot/ros2_kortex_ws/install/controller_manager_msgs/share/controller_manager_msgs/cmake/export_controller_manager_msgs__rosidl_typesupport_fastrtps_cExport.cmake
[0.461s] -- Up-to-date: /home/mampane/Desktop/machine_tending_robot/ros2_kortex_ws/install/controller_manager_msgs/share/controller_manager_msgs/cmake/export_controller_manager_msgs__rosidl_typesupport_fastrtps_cExport-noconfig.cmake
[0.461s] -- Up-to-date: /home/mampane/Desktop/machine_tending_robot/ros2_kortex_ws/install/controller_manager_msgs/share/controller_manager_msgs/cmake/export_controller_manager_msgs__rosidl_generator_cppExport.cmake
[0.461s] -- Up-to-date: /home/mampane/Desktop/machine_tending_robot/ros2_kortex_ws/install/controller_manager_msgs/share/controller_manager_msgs/cmake/export_controller_manager_msgs__rosidl_typesupport_fastrtps_cppExport.cmake
[0.461s] -- Up-to-date: /home/mampane/Desktop/machine_tending_robot/ros2_kortex_ws/install/controller_manager_msgs/share/controller_manager_msgs/cmake/export_controller_manager_msgs__rosidl_typesupport_fastrtps_cppExport-noconfig.cmake
[0.461s] -- Up-to-date: /home/mampane/Desktop/machine_tending_robot/ros2_kortex_ws/install/controller_manager_msgs/share/controller_manager_msgs/cmake/controller_manager_msgs__rosidl_typesupport_introspection_cExport.cmake
[0.461s] -- Up-to-date: /home/mampane/Desktop/machine_tending_robot/ros2_kortex_ws/install/controller_manager_msgs/share/controller_manager_msgs/cmake/controller_manager_msgs__rosidl_typesupport_introspection_cExport-noconfig.cmake
[0.461s] -- Up-to-date: /home/mampane/Desktop/machine_tending_robot/ros2_kortex_ws/install/controller_manager_msgs/share/controller_manager_msgs/cmake/controller_manager_msgs__rosidl_typesupport_cExport.cmake
[0.461s] -- Up-to-date: /home/mampane/Desktop/machine_tending_robot/ros2_kortex_ws/install/controller_manager_msgs/share/controller_manager_msgs/cmake/controller_manager_msgs__rosidl_typesupport_cExport-noconfig.cmake
[0.461s] -- Up-to-date: /home/mampane/Desktop/machine_tending_robot/ros2_kortex_ws/install/controller_manager_msgs/share/controller_manager_msgs/cmake/controller_manager_msgs__rosidl_typesupport_introspection_cppExport.cmake
[0.461s] -- Up-to-date: /home/mampane/Desktop/machine_tending_robot/ros2_kortex_ws/install/controller_manager_msgs/share/controller_manager_msgs/cmake/controller_manager_msgs__rosidl_typesupport_introspection_cppExport-noconfig.cmake
[0.461s] -- Up-to-date: /home/mampane/Desktop/machine_tending_robot/ros2_kortex_ws/install/controller_manager_msgs/share/controller_manager_msgs/cmake/controller_manager_msgs__rosidl_typesupport_cppExport.cmake
[0.461s] -- Up-to-date: /home/mampane/Desktop/machine_tending_robot/ros2_kortex_ws/install/controller_manager_msgs/share/controller_manager_msgs/cmake/controller_manager_msgs__rosidl_typesupport_cppExport-noconfig.cmake
[0.462s] -- Up-to-date: /home/mampane/Desktop/machine_tending_robot/ros2_kortex_ws/install/controller_manager_msgs/share/controller_manager_msgs/cmake/export_controller_manager_msgs__rosidl_generator_pyExport.cmake
[0.462s] -- Up-to-date: /home/mampane/Desktop/machine_tending_robot/ros2_kortex_ws/install/controller_manager_msgs/share/controller_manager_msgs/cmake/export_controller_manager_msgs__rosidl_generator_pyExport-noconfig.cmake
[0.463s] Invoked command in '/home/mampane/Desktop/machine_tending_robot/ros2_kortex_ws/build/controller_manager_msgs' returned '0': CMAKE_PREFIX_PATH=${CMAKE_PREFIX_PATH}:/home/mampane/Desktop/machine_tending_robot/ros2_kortex_ws/install/rqt_joint_trajectory_controller:/home/mampane/Desktop/machine_tending_robot/ros2_kortex_ws/install/rqt_controller_manager:/home/mampane/Desktop/machine_tending_robot/ros2_kortex_ws/install/ros2controlcli:/home/mampane/Desktop/machine_tending_robot/ros2_kortex_ws/install/ros2_controllers_test_nodes:/opt/ros/humble /usr/bin/cmake --install /home/mampane/Desktop/machine_tending_robot/ros2_kortex_ws/build/controller_manager_msgs
