[0.069s] Invoking command in '/home/mampane/Desktop/machine_tending_robot/ros2_kortex_ws/build/robotiq_controllers': AMENT_PREFIX_PATH=/home/mampane/Desktop/machine_tending_robot/ros2_kortex_ws/install/controller_interface:/home/mampane/Desktop/machine_tending_robot/ros2_kortex_ws/install/hardware_interface:/home/mampane/Desktop/machine_tending_robot/ros2_kortex_ws/install/ros2_control_test_assets:/home/mampane/Desktop/machine_tending_robot/ros2_kortex_ws/install/control_msgs:${AMENT_PREFIX_PATH} CMAKE_PREFIX_PATH=/home/mampane/Desktop/machine_tending_robot/ros2_kortex_ws/install/controller_interface:/home/mampane/Desktop/machine_tending_robot/ros2_kortex_ws/install/hardware_interface:/home/mampane/Desktop/machine_tending_robot/ros2_kortex_ws/install/ros2_control_test_assets:/home/mampane/Desktop/machine_tending_robot/ros2_kortex_ws/install/control_msgs:/opt/ros/humble LD_LIBRARY_PATH=/home/mampane/Desktop/machine_tending_robot/ros2_kortex_ws/install/controller_interface/lib:/home/mampane/Desktop/machine_tending_robot/ros2_kortex_ws/install/hardware_interface/lib:/home/mampane/Desktop/machine_tending_robot/ros2_kortex_ws/install/control_msgs/lib:${LD_LIBRARY_PATH} PYTHONPATH=/home/mampane/Desktop/machine_tending_robot/ros2_kortex_ws/install/control_msgs/local/lib/python3.10/dist-packages:${PYTHONPATH} /usr/bin/cmake /home/mampane/Desktop/machine_tending_robot/ros2_kortex_ws/src/ros2_robotiq_gripper/robotiq_controllers -DAMENT_CMAKE_SYMLINK_INSTALL=1 -DCMAKE_INSTALL_PREFIX=/home/mampane/Desktop/machine_tending_robot/ros2_kortex_ws/install/robotiq_controllers
[0.274s] -- The C compiler identification is GNU 11.4.0
[0.465s] -- The CXX compiler identification is GNU 11.4.0
[0.489s] -- Detecting C compiler ABI info
[0.759s] -- Detecting C compiler ABI info - done
[0.785s] -- Check for working C compiler: /usr/bin/cc - skipped
[0.785s] -- Detecting C compile features
[0.786s] -- Detecting C compile features - done
[0.804s] -- Detecting CXX compiler ABI info
[1.148s] -- Detecting CXX compiler ABI info - done
[1.174s] -- Check for working CXX compiler: /usr/bin/c++ - skipped
[1.174s] -- Detecting CXX compile features
[1.175s] -- Detecting CXX compile features - done
[1.183s] -- Found ament_cmake: 1.3.11 (/opt/ros/humble/share/ament_cmake/cmake)
[1.794s] -- Found Python3: /usr/bin/python3 (found version "3.10.12") found components: Interpreter 
[2.015s] -- Override CMake install command with custom implementation using symlinks instead of copying resources
[2.184s] -- Found controller_interface: 2.48.0 (/home/mampane/Desktop/machine_tending_robot/ros2_kortex_ws/install/controller_interface/share/controller_interface/cmake)
[2.454s] -- Found rosidl_generator_c: 3.1.6 (/opt/ros/humble/share/rosidl_generator_c/cmake)
[2.466s] -- Found rosidl_adapter: 3.1.6 (/opt/ros/humble/share/rosidl_adapter/cmake)
[2.494s] -- Found rosidl_generator_cpp: 3.1.6 (/opt/ros/humble/share/rosidl_generator_cpp/cmake)
[2.545s] -- Using all available rosidl_typesupport_c: rosidl_typesupport_fastrtps_c;rosidl_typesupport_introspection_c
[2.599s] -- Using all available rosidl_typesupport_cpp: rosidl_typesupport_fastrtps_cpp;rosidl_typesupport_introspection_cpp
[3.315s] -- Found rmw_implementation_cmake: 6.1.2 (/opt/ros/humble/share/rmw_implementation_cmake/cmake)
[3.326s] -- Found rmw_fastrtps_cpp: 6.2.7 (/opt/ros/humble/share/rmw_fastrtps_cpp/cmake)
[3.419s] -- Found TinyXML2 via Config file: TinyXML2_DIR-NOTFOUND
[3.601s] -- Found OpenSSL: /usr/lib/x86_64-linux-gnu/libcrypto.so (found version "3.0.2")  
[3.613s] -- Found TinyXML2 via Config file: TinyXML2_DIR-NOTFOUND
[3.645s] -- Found FastRTPS: /opt/ros/humble/include  
[3.651s] -- Found TinyXML2 via Config file: TinyXML2_DIR-NOTFOUND
[3.681s] -- Found TinyXML2 via Config file: TinyXML2_DIR-NOTFOUND
[3.711s] -- Using RMW implementation 'rmw_fastrtps_cpp' as default
[3.742s] -- Looking for pthread.h
[3.992s] -- Looking for pthread.h - found
[3.992s] -- Performing Test CMAKE_HAVE_LIBC_PTHREAD
[4.225s] -- Performing Test CMAKE_HAVE_LIBC_PTHREAD - Success
[4.232s] -- Found Threads: TRUE  
[4.560s] -- Found std_srvs: 4.2.4 (/opt/ros/humble/share/std_srvs/cmake)
[4.629s] -- Found ament_lint_auto: 0.12.11 (/opt/ros/humble/share/ament_lint_auto/cmake)
[4.940s] -- Added test 'cppcheck' to perform static code analysis on C / C++ code
[4.941s] -- Configured cppcheck include dirs: /home/mampane/Desktop/machine_tending_robot/ros2_kortex_ws/src/ros2_robotiq_gripper/robotiq_controllers/include
[4.941s] -- Configured cppcheck exclude dirs and/or files: 
[4.950s] -- Added test 'lint_cmake' to check CMake code style
[4.966s] -- Configuring done
[5.102s] -- Generating done
[5.132s] -- Build files have been written to: /home/mampane/Desktop/machine_tending_robot/ros2_kortex_ws/build/robotiq_controllers
[5.192s] Invoked command in '/home/mampane/Desktop/machine_tending_robot/ros2_kortex_ws/build/robotiq_controllers' returned '0': AMENT_PREFIX_PATH=/home/mampane/Desktop/machine_tending_robot/ros2_kortex_ws/install/controller_interface:/home/mampane/Desktop/machine_tending_robot/ros2_kortex_ws/install/hardware_interface:/home/mampane/Desktop/machine_tending_robot/ros2_kortex_ws/install/ros2_control_test_assets:/home/mampane/Desktop/machine_tending_robot/ros2_kortex_ws/install/control_msgs:${AMENT_PREFIX_PATH} CMAKE_PREFIX_PATH=/home/mampane/Desktop/machine_tending_robot/ros2_kortex_ws/install/controller_interface:/home/mampane/Desktop/machine_tending_robot/ros2_kortex_ws/install/hardware_interface:/home/mampane/Desktop/machine_tending_robot/ros2_kortex_ws/install/ros2_control_test_assets:/home/mampane/Desktop/machine_tending_robot/ros2_kortex_ws/install/control_msgs:/opt/ros/humble LD_LIBRARY_PATH=/home/mampane/Desktop/machine_tending_robot/ros2_kortex_ws/install/controller_interface/lib:/home/mampane/Desktop/machine_tending_robot/ros2_kortex_ws/install/hardware_interface/lib:/home/mampane/Desktop/machine_tending_robot/ros2_kortex_ws/install/control_msgs/lib:${LD_LIBRARY_PATH} PYTHONPATH=/home/mampane/Desktop/machine_tending_robot/ros2_kortex_ws/install/control_msgs/local/lib/python3.10/dist-packages:${PYTHONPATH} /usr/bin/cmake /home/mampane/Desktop/machine_tending_robot/ros2_kortex_ws/src/ros2_robotiq_gripper/robotiq_controllers -DAMENT_CMAKE_SYMLINK_INSTALL=1 -DCMAKE_INSTALL_PREFIX=/home/mampane/Desktop/machine_tending_robot/ros2_kortex_ws/install/robotiq_controllers
[5.193s] Invoking command in '/home/mampane/Desktop/machine_tending_robot/ros2_kortex_ws/build/robotiq_controllers': AMENT_PREFIX_PATH=/home/mampane/Desktop/machine_tending_robot/ros2_kortex_ws/install/controller_interface:/home/mampane/Desktop/machine_tending_robot/ros2_kortex_ws/install/hardware_interface:/home/mampane/Desktop/machine_tending_robot/ros2_kortex_ws/install/ros2_control_test_assets:/home/mampane/Desktop/machine_tending_robot/ros2_kortex_ws/install/control_msgs:${AMENT_PREFIX_PATH} CMAKE_PREFIX_PATH=/home/mampane/Desktop/machine_tending_robot/ros2_kortex_ws/install/controller_interface:/home/mampane/Desktop/machine_tending_robot/ros2_kortex_ws/install/hardware_interface:/home/mampane/Desktop/machine_tending_robot/ros2_kortex_ws/install/ros2_control_test_assets:/home/mampane/Desktop/machine_tending_robot/ros2_kortex_ws/install/control_msgs:/opt/ros/humble LD_LIBRARY_PATH=/home/mampane/Desktop/machine_tending_robot/ros2_kortex_ws/install/controller_interface/lib:/home/mampane/Desktop/machine_tending_robot/ros2_kortex_ws/install/hardware_interface/lib:/home/mampane/Desktop/machine_tending_robot/ros2_kortex_ws/install/control_msgs/lib:${LD_LIBRARY_PATH} PYTHONPATH=/home/mampane/Desktop/machine_tending_robot/ros2_kortex_ws/install/control_msgs/local/lib/python3.10/dist-packages:${PYTHONPATH} /usr/bin/cmake --build /home/mampane/Desktop/machine_tending_robot/ros2_kortex_ws/build/robotiq_controllers -- -j20 -l20
[5.341s] [ 50%] [32mBuilding CXX object CMakeFiles/robotiq_controllers.dir/src/robotiq_activation_controller.cpp.o[0m
[15.044s] [100%] [32m[1mLinking CXX shared library librobotiq_controllers.so[0m
[15.348s] [100%] Built target robotiq_controllers
[15.368s] Invoked command in '/home/mampane/Desktop/machine_tending_robot/ros2_kortex_ws/build/robotiq_controllers' returned '0': AMENT_PREFIX_PATH=/home/mampane/Desktop/machine_tending_robot/ros2_kortex_ws/install/controller_interface:/home/mampane/Desktop/machine_tending_robot/ros2_kortex_ws/install/hardware_interface:/home/mampane/Desktop/machine_tending_robot/ros2_kortex_ws/install/ros2_control_test_assets:/home/mampane/Desktop/machine_tending_robot/ros2_kortex_ws/install/control_msgs:${AMENT_PREFIX_PATH} CMAKE_PREFIX_PATH=/home/mampane/Desktop/machine_tending_robot/ros2_kortex_ws/install/controller_interface:/home/mampane/Desktop/machine_tending_robot/ros2_kortex_ws/install/hardware_interface:/home/mampane/Desktop/machine_tending_robot/ros2_kortex_ws/install/ros2_control_test_assets:/home/mampane/Desktop/machine_tending_robot/ros2_kortex_ws/install/control_msgs:/opt/ros/humble LD_LIBRARY_PATH=/home/mampane/Desktop/machine_tending_robot/ros2_kortex_ws/install/controller_interface/lib:/home/mampane/Desktop/machine_tending_robot/ros2_kortex_ws/install/hardware_interface/lib:/home/mampane/Desktop/machine_tending_robot/ros2_kortex_ws/install/control_msgs/lib:${LD_LIBRARY_PATH} PYTHONPATH=/home/mampane/Desktop/machine_tending_robot/ros2_kortex_ws/install/control_msgs/local/lib/python3.10/dist-packages:${PYTHONPATH} /usr/bin/cmake --build /home/mampane/Desktop/machine_tending_robot/ros2_kortex_ws/build/robotiq_controllers -- -j20 -l20
[15.370s] Invoking command in '/home/mampane/Desktop/machine_tending_robot/ros2_kortex_ws/build/robotiq_controllers': AMENT_PREFIX_PATH=/home/mampane/Desktop/machine_tending_robot/ros2_kortex_ws/install/controller_interface:/home/mampane/Desktop/machine_tending_robot/ros2_kortex_ws/install/hardware_interface:/home/mampane/Desktop/machine_tending_robot/ros2_kortex_ws/install/ros2_control_test_assets:/home/mampane/Desktop/machine_tending_robot/ros2_kortex_ws/install/control_msgs:${AMENT_PREFIX_PATH} CMAKE_PREFIX_PATH=/home/mampane/Desktop/machine_tending_robot/ros2_kortex_ws/install/controller_interface:/home/mampane/Desktop/machine_tending_robot/ros2_kortex_ws/install/hardware_interface:/home/mampane/Desktop/machine_tending_robot/ros2_kortex_ws/install/ros2_control_test_assets:/home/mampane/Desktop/machine_tending_robot/ros2_kortex_ws/install/control_msgs:/opt/ros/humble LD_LIBRARY_PATH=/home/mampane/Desktop/machine_tending_robot/ros2_kortex_ws/install/controller_interface/lib:/home/mampane/Desktop/machine_tending_robot/ros2_kortex_ws/install/hardware_interface/lib:/home/mampane/Desktop/machine_tending_robot/ros2_kortex_ws/install/control_msgs/lib:${LD_LIBRARY_PATH} PYTHONPATH=/home/mampane/Desktop/machine_tending_robot/ros2_kortex_ws/install/control_msgs/local/lib/python3.10/dist-packages:${PYTHONPATH} /usr/bin/cmake --install /home/mampane/Desktop/machine_tending_robot/ros2_kortex_ws/build/robotiq_controllers
[15.380s] -- Install configuration: ""
[15.381s] -- Execute custom install script
[15.382s] -- Symlinking: /home/mampane/Desktop/machine_tending_robot/ros2_kortex_ws/install/robotiq_controllers/share/robotiq_controllers//controller_plugins.xml
[15.394s] -- Symlinking: /home/mampane/Desktop/machine_tending_robot/ros2_kortex_ws/install/robotiq_controllers/include/robotiq_controllers/robotiq_activation_controller.hpp
[15.408s] -- Symlinking: /home/mampane/Desktop/machine_tending_robot/ros2_kortex_ws/install/robotiq_controllers/share/robotiq_controllers/environment/library_path.sh
[15.419s] -- Symlinking: /home/mampane/Desktop/machine_tending_robot/ros2_kortex_ws/install/robotiq_controllers/share/robotiq_controllers/environment/library_path.dsv
[15.432s] -- Symlinking: /home/mampane/Desktop/machine_tending_robot/ros2_kortex_ws/install/robotiq_controllers/share/ament_index/resource_index/package_run_dependencies/robotiq_controllers
[15.446s] -- Symlinking: /home/mampane/Desktop/machine_tending_robot/ros2_kortex_ws/install/robotiq_controllers/share/ament_index/resource_index/parent_prefix_path/robotiq_controllers
[15.465s] -- Symlinking: /home/mampane/Desktop/machine_tending_robot/ros2_kortex_ws/install/robotiq_controllers/share/robotiq_controllers/environment/ament_prefix_path.sh
[15.477s] -- Symlinking: /home/mampane/Desktop/machine_tending_robot/ros2_kortex_ws/install/robotiq_controllers/share/robotiq_controllers/environment/ament_prefix_path.dsv
[15.489s] -- Symlinking: /home/mampane/Desktop/machine_tending_robot/ros2_kortex_ws/install/robotiq_controllers/share/robotiq_controllers/environment/path.sh
[15.501s] -- Symlinking: /home/mampane/Desktop/machine_tending_robot/ros2_kortex_ws/install/robotiq_controllers/share/robotiq_controllers/environment/path.dsv
[15.514s] -- Symlinking: /home/mampane/Desktop/machine_tending_robot/ros2_kortex_ws/install/robotiq_controllers/share/robotiq_controllers/local_setup.bash
[15.526s] -- Symlinking: /home/mampane/Desktop/machine_tending_robot/ros2_kortex_ws/install/robotiq_controllers/share/robotiq_controllers/local_setup.sh
[15.538s] -- Symlinking: /home/mampane/Desktop/machine_tending_robot/ros2_kortex_ws/install/robotiq_controllers/share/robotiq_controllers/local_setup.zsh
[15.559s] -- Symlinking: /home/mampane/Desktop/machine_tending_robot/ros2_kortex_ws/install/robotiq_controllers/share/robotiq_controllers/local_setup.dsv
[15.571s] -- Symlinking: /home/mampane/Desktop/machine_tending_robot/ros2_kortex_ws/install/robotiq_controllers/share/robotiq_controllers/package.dsv
[15.583s] -- Symlinking: /home/mampane/Desktop/machine_tending_robot/ros2_kortex_ws/install/robotiq_controllers/share/ament_index/resource_index/packages/robotiq_controllers
[15.595s] -- Symlinking: /home/mampane/Desktop/machine_tending_robot/ros2_kortex_ws/install/robotiq_controllers/share/ament_index/resource_index/controller_interface__pluginlib__plugin/robotiq_controllers
[15.608s] -- Symlinking: /home/mampane/Desktop/machine_tending_robot/ros2_kortex_ws/install/robotiq_controllers/share/robotiq_controllers/cmake/ament_cmake_export_include_directories-extras.cmake
[15.621s] -- Symlinking: /home/mampane/Desktop/machine_tending_robot/ros2_kortex_ws/install/robotiq_controllers/share/robotiq_controllers/cmake/ament_cmake_export_libraries-extras.cmake
[15.633s] -- Symlinking: /home/mampane/Desktop/machine_tending_robot/ros2_kortex_ws/install/robotiq_controllers/share/robotiq_controllers/cmake/ament_cmake_export_targets-extras.cmake
[15.645s] -- Symlinking: /home/mampane/Desktop/machine_tending_robot/ros2_kortex_ws/install/robotiq_controllers/share/robotiq_controllers/cmake/ament_cmake_export_dependencies-extras.cmake
[15.658s] -- Symlinking: /home/mampane/Desktop/machine_tending_robot/ros2_kortex_ws/install/robotiq_controllers/share/robotiq_controllers/cmake/robotiq_controllersConfig.cmake
[15.670s] -- Symlinking: /home/mampane/Desktop/machine_tending_robot/ros2_kortex_ws/install/robotiq_controllers/share/robotiq_controllers/cmake/robotiq_controllersConfig-version.cmake
[15.682s] -- Symlinking: /home/mampane/Desktop/machine_tending_robot/ros2_kortex_ws/install/robotiq_controllers/share/robotiq_controllers/package.xml
[15.695s] -- Installing: /home/mampane/Desktop/machine_tending_robot/ros2_kortex_ws/install/robotiq_controllers/lib/librobotiq_controllers.so
[15.696s] -- Set runtime path of "/home/mampane/Desktop/machine_tending_robot/ros2_kortex_ws/install/robotiq_controllers/lib/librobotiq_controllers.so" to ""
[15.696s] -- Installing: /home/mampane/Desktop/machine_tending_robot/ros2_kortex_ws/install/robotiq_controllers/share/robotiq_controllers/cmake/export_robotiq_controllersExport.cmake
[15.696s] -- Installing: /home/mampane/Desktop/machine_tending_robot/ros2_kortex_ws/install/robotiq_controllers/share/robotiq_controllers/cmake/export_robotiq_controllersExport-noconfig.cmake
[15.700s] Invoked command in '/home/mampane/Desktop/machine_tending_robot/ros2_kortex_ws/build/robotiq_controllers' returned '0': AMENT_PREFIX_PATH=/home/mampane/Desktop/machine_tending_robot/ros2_kortex_ws/install/controller_interface:/home/mampane/Desktop/machine_tending_robot/ros2_kortex_ws/install/hardware_interface:/home/mampane/Desktop/machine_tending_robot/ros2_kortex_ws/install/ros2_control_test_assets:/home/mampane/Desktop/machine_tending_robot/ros2_kortex_ws/install/control_msgs:${AMENT_PREFIX_PATH} CMAKE_PREFIX_PATH=/home/mampane/Desktop/machine_tending_robot/ros2_kortex_ws/install/controller_interface:/home/mampane/Desktop/machine_tending_robot/ros2_kortex_ws/install/hardware_interface:/home/mampane/Desktop/machine_tending_robot/ros2_kortex_ws/install/ros2_control_test_assets:/home/mampane/Desktop/machine_tending_robot/ros2_kortex_ws/install/control_msgs:/opt/ros/humble LD_LIBRARY_PATH=/home/mampane/Desktop/machine_tending_robot/ros2_kortex_ws/install/controller_interface/lib:/home/mampane/Desktop/machine_tending_robot/ros2_kortex_ws/install/hardware_interface/lib:/home/mampane/Desktop/machine_tending_robot/ros2_kortex_ws/install/control_msgs/lib:${LD_LIBRARY_PATH} PYTHONPATH=/home/mampane/Desktop/machine_tending_robot/ros2_kortex_ws/install/control_msgs/local/lib/python3.10/dist-packages:${PYTHONPATH} /usr/bin/cmake --install /home/mampane/Desktop/machine_tending_robot/ros2_kortex_ws/build/robotiq_controllers
