[0.021s] Invoking command in '/home/mampane/Desktop/machine_tending_robot/workspace/ros2_kortex_ws/build/steering_controllers_library': AMENT_PREFIX_PATH=/home/mampane/Desktop/machine_tending_robot/workspace/ros2_kortex_ws/install/controller_manager:/home/mampane/Desktop/machine_tending_robot/workspace/ros2_kortex_ws/install/hardware_interface_testing:/home/mampane/Desktop/machine_tending_robot/workspace/ros2_kortex_ws/install/controller_interface:/home/mampane/Desktop/machine_tending_robot/workspace/ros2_kortex_ws/install/hardware_interface:/home/mampane/Desktop/machine_tending_robot/workspace/ros2_kortex_ws/install/ros2_control_test_assets:/home/mampane/Desktop/machine_tending_robot/workspace/ros2_kortex_ws/install/realtime_tools:/home/mampane/Desktop/machine_tending_robot/workspace/ros2_kortex_ws/install/controller_manager_msgs:/home/mampane/Desktop/machine_tending_robot/workspace/ros2_kortex_ws/install/control_msgs:${AMENT_PREFIX_PATH} CMAKE_PREFIX_PATH=/home/mampane/Desktop/machine_tending_robot/workspace/ros2_kortex_ws/install/controller_manager:/home/mampane/Desktop/machine_tending_robot/workspace/ros2_kortex_ws/install/hardware_interface_testing:/home/mampane/Desktop/machine_tending_robot/workspace/ros2_kortex_ws/install/controller_interface:/home/mampane/Desktop/machine_tending_robot/workspace/ros2_kortex_ws/install/hardware_interface:/home/mampane/Desktop/machine_tending_robot/workspace/ros2_kortex_ws/install/ros2_control_test_assets:/home/mampane/Desktop/machine_tending_robot/workspace/ros2_kortex_ws/install/realtime_tools:/home/mampane/Desktop/machine_tending_robot/workspace/ros2_kortex_ws/install/controller_manager_msgs:/home/mampane/Desktop/machine_tending_robot/workspace/ros2_kortex_ws/install/control_msgs:/opt/ros/humble LD_LIBRARY_PATH=/home/mampane/Desktop/machine_tending_robot/workspace/ros2_kortex_ws/install/controller_manager/lib:/home/mampane/Desktop/machine_tending_robot/workspace/ros2_kortex_ws/install/hardware_interface_testing/lib:/home/mampane/Desktop/machine_tending_robot/workspace/ros2_kortex_ws/install/controller_interface/lib:/home/mampane/Desktop/machine_tending_robot/workspace/ros2_kortex_ws/install/hardware_interface/lib:/home/mampane/Desktop/machine_tending_robot/workspace/ros2_kortex_ws/install/realtime_tools/lib:/home/mampane/Desktop/machine_tending_robot/workspace/ros2_kortex_ws/install/controller_manager_msgs/lib:/home/mampane/Desktop/machine_tending_robot/workspace/ros2_kortex_ws/install/control_msgs/lib:${LD_LIBRARY_PATH} PYTHONPATH=/home/mampane/Desktop/machine_tending_robot/workspace/ros2_kortex_ws/install/controller_manager/local/lib/python3.10/dist-packages:/home/mampane/Desktop/machine_tending_robot/workspace/ros2_kortex_ws/install/controller_manager_msgs/local/lib/python3.10/dist-packages:/home/mampane/Desktop/machine_tending_robot/workspace/ros2_kortex_ws/install/control_msgs/local/lib/python3.10/dist-packages:${PYTHONPATH} /usr/bin/cmake /home/mampane/Desktop/machine_tending_robot/workspace/ros2_kortex_ws/src/ros2_controllers/steering_controllers_library -DCMAKE_BUILD_TYPE=Release -DCMAKE_INSTALL_PREFIX=/home/mampane/Desktop/machine_tending_robot/workspace/ros2_kortex_ws/install/steering_controllers_library
[0.080s] -- The CXX compiler identification is GNU 11.4.0
[0.086s] -- Detecting CXX compiler ABI info
[0.157s] -- Detecting CXX compiler ABI info - done
[0.166s] -- Check for working CXX compiler: /usr/bin/c++ - skipped
[0.166s] -- Detecting CXX compile features
[0.166s] -- Detecting CXX compile features - done
[0.168s] -- Found ament_cmake: 1.3.11 (/opt/ros/humble/share/ament_cmake/cmake)
[0.296s] -- Found Python3: /usr/bin/python3 (found version "3.10.12") found components: Interpreter 
[0.376s] -- Found control_msgs: 4.8.0 (/home/mampane/Desktop/machine_tending_robot/workspace/ros2_kortex_ws/install/control_msgs/share/control_msgs/cmake)
[0.405s] -- Found rosidl_generator_c: 3.1.6 (/opt/ros/humble/share/rosidl_generator_c/cmake)
[0.409s] -- Found rosidl_adapter: 3.1.6 (/opt/ros/humble/share/rosidl_adapter/cmake)
[0.416s] -- Found rosidl_generator_cpp: 3.1.6 (/opt/ros/humble/share/rosidl_generator_cpp/cmake)
[0.425s] -- Using all available rosidl_typesupport_c: rosidl_typesupport_fastrtps_c;rosidl_typesupport_introspection_c
[0.437s] -- Using all available rosidl_typesupport_cpp: rosidl_typesupport_fastrtps_cpp;rosidl_typesupport_introspection_cpp
[0.525s] -- Found controller_interface: 2.48.0 (/home/mampane/Desktop/machine_tending_robot/workspace/ros2_kortex_ws/install/controller_interface/share/controller_interface/cmake)
[0.588s] -- Found rmw_implementation_cmake: 6.1.2 (/opt/ros/humble/share/rmw_implementation_cmake/cmake)
[0.590s] -- Found rmw_cyclonedds_cpp: 1.3.4 (/opt/ros/humble/share/rmw_cyclonedds_cpp/cmake)
[0.607s] -- Using RMW implementation 'rmw_cyclonedds_cpp' as default
[0.613s] -- Looking for C++ include pthread.h
[0.710s] -- Looking for C++ include pthread.h - found
[0.710s] -- Performing Test CMAKE_HAVE_LIBC_PTHREAD
[0.797s] -- Performing Test CMAKE_HAVE_LIBC_PTHREAD - Success
[0.798s] -- Found Threads: TRUE  
[0.840s] -- Found generate_parameter_library: 0.4.0 (/opt/ros/humble/share/generate_parameter_library/cmake)
[0.841s] -- Found parameter_traits: 0.4.0 (/opt/ros/humble/share/parameter_traits/cmake)
[0.855s] -- Found nav_msgs: 4.2.4 (/opt/ros/humble/share/nav_msgs/cmake)
[0.866s] -- Found realtime_tools: 2.12.0 (/home/mampane/Desktop/machine_tending_robot/workspace/ros2_kortex_ws/install/realtime_tools/share/realtime_tools/cmake)
[0.878s] -- Found std_srvs: 4.2.4 (/opt/ros/humble/share/std_srvs/cmake)
[0.888s] -- Found tf2: 0.25.12 (/opt/ros/humble/share/tf2/cmake)
[0.892s] -- Found tf2_msgs: 0.25.12 (/opt/ros/humble/share/tf2_msgs/cmake)
[0.906s] -- Found tf2_geometry_msgs: 0.25.12 (/opt/ros/humble/share/tf2_geometry_msgs/cmake)
[0.914s] -- Found eigen3_cmake_module: 0.1.1 (/opt/ros/humble/share/eigen3_cmake_module/cmake)
[0.915s] -- Found Eigen3: TRUE (found version "3.4.0") 
[0.915s] -- Ensuring Eigen3 include directory is part of orocos-kdl CMake target
[0.939s] -- Found ackermann_msgs: 2.0.2 (/opt/ros/humble/share/ackermann_msgs/cmake)
[0.959s] -- Found ament_cmake_gmock: 1.3.11 (/opt/ros/humble/share/ament_cmake_gmock/cmake)
[0.960s] -- Found controller_manager: 2.48.0 (/home/mampane/Desktop/machine_tending_robot/workspace/ros2_kortex_ws/install/controller_manager/share/controller_manager/cmake)
[0.975s] -- Found ros2_control_test_assets: 2.48.0 (/home/mampane/Desktop/machine_tending_robot/workspace/ros2_kortex_ws/install/ros2_control_test_assets/share/ros2_control_test_assets/cmake)
[0.976s] -- Found gmock sources under '/opt/ros/humble/src/gmock_vendor': C++ tests using 'Google Mock' will be built
[1.011s] -- The C compiler identification is GNU 11.4.0
[1.016s] -- Detecting C compiler ABI info
[1.099s] -- Detecting C compiler ABI info - done
[1.107s] -- Check for working C compiler: /usr/bin/cc - skipped
[1.107s] -- Detecting C compile features
[1.107s] -- Detecting C compile features - done
[1.110s] -- Found ament_cmake_gtest: 1.3.11 (/opt/ros/humble/share/ament_cmake_gtest/cmake)
[1.111s] -- Found gtest sources under '/opt/ros/humble/src/gtest_vendor': C++ tests using 'Google Test' will be built
[1.120s] -- Found gmock sources under '/opt/ros/humble/src/gmock_vendor': C++ tests using 'Google Mock' will be built
[1.120s] -- Found ament_cmake_gtest: 1.3.11 (/opt/ros/humble/share/ament_cmake_gtest/cmake)
[1.121s] -- Found gtest sources under '/opt/ros/humble/src/gtest_vendor': C++ tests using 'Google Test' will be built
[1.167s] -- Configuring done
[1.202s] -- Generating done
[1.211s] -- Build files have been written to: /home/mampane/Desktop/machine_tending_robot/workspace/ros2_kortex_ws/build/steering_controllers_library
[1.219s] Invoked command in '/home/mampane/Desktop/machine_tending_robot/workspace/ros2_kortex_ws/build/steering_controllers_library' returned '0': AMENT_PREFIX_PATH=/home/mampane/Desktop/machine_tending_robot/workspace/ros2_kortex_ws/install/controller_manager:/home/mampane/Desktop/machine_tending_robot/workspace/ros2_kortex_ws/install/hardware_interface_testing:/home/mampane/Desktop/machine_tending_robot/workspace/ros2_kortex_ws/install/controller_interface:/home/mampane/Desktop/machine_tending_robot/workspace/ros2_kortex_ws/install/hardware_interface:/home/mampane/Desktop/machine_tending_robot/workspace/ros2_kortex_ws/install/ros2_control_test_assets:/home/mampane/Desktop/machine_tending_robot/workspace/ros2_kortex_ws/install/realtime_tools:/home/mampane/Desktop/machine_tending_robot/workspace/ros2_kortex_ws/install/controller_manager_msgs:/home/mampane/Desktop/machine_tending_robot/workspace/ros2_kortex_ws/install/control_msgs:${AMENT_PREFIX_PATH} CMAKE_PREFIX_PATH=/home/mampane/Desktop/machine_tending_robot/workspace/ros2_kortex_ws/install/controller_manager:/home/mampane/Desktop/machine_tending_robot/workspace/ros2_kortex_ws/install/hardware_interface_testing:/home/mampane/Desktop/machine_tending_robot/workspace/ros2_kortex_ws/install/controller_interface:/home/mampane/Desktop/machine_tending_robot/workspace/ros2_kortex_ws/install/hardware_interface:/home/mampane/Desktop/machine_tending_robot/workspace/ros2_kortex_ws/install/ros2_control_test_assets:/home/mampane/Desktop/machine_tending_robot/workspace/ros2_kortex_ws/install/realtime_tools:/home/mampane/Desktop/machine_tending_robot/workspace/ros2_kortex_ws/install/controller_manager_msgs:/home/mampane/Desktop/machine_tending_robot/workspace/ros2_kortex_ws/install/control_msgs:/opt/ros/humble LD_LIBRARY_PATH=/home/mampane/Desktop/machine_tending_robot/workspace/ros2_kortex_ws/install/controller_manager/lib:/home/mampane/Desktop/machine_tending_robot/workspace/ros2_kortex_ws/install/hardware_interface_testing/lib:/home/mampane/Desktop/machine_tending_robot/workspace/ros2_kortex_ws/install/controller_interface/lib:/home/mampane/Desktop/machine_tending_robot/workspace/ros2_kortex_ws/install/hardware_interface/lib:/home/mampane/Desktop/machine_tending_robot/workspace/ros2_kortex_ws/install/realtime_tools/lib:/home/mampane/Desktop/machine_tending_robot/workspace/ros2_kortex_ws/install/controller_manager_msgs/lib:/home/mampane/Desktop/machine_tending_robot/workspace/ros2_kortex_ws/install/control_msgs/lib:${LD_LIBRARY_PATH} PYTHONPATH=/home/mampane/Desktop/machine_tending_robot/workspace/ros2_kortex_ws/install/controller_manager/local/lib/python3.10/dist-packages:/home/mampane/Desktop/machine_tending_robot/workspace/ros2_kortex_ws/install/controller_manager_msgs/local/lib/python3.10/dist-packages:/home/mampane/Desktop/machine_tending_robot/workspace/ros2_kortex_ws/install/control_msgs/local/lib/python3.10/dist-packages:${PYTHONPATH} /usr/bin/cmake /home/mampane/Desktop/machine_tending_robot/workspace/ros2_kortex_ws/src/ros2_controllers/steering_controllers_library -DCMAKE_BUILD_TYPE=Release -DCMAKE_INSTALL_PREFIX=/home/mampane/Desktop/machine_tending_robot/workspace/ros2_kortex_ws/install/steering_controllers_library
[1.220s] Invoking command in '/home/mampane/Desktop/machine_tending_robot/workspace/ros2_kortex_ws/build/steering_controllers_library': AMENT_PREFIX_PATH=/home/mampane/Desktop/machine_tending_robot/workspace/ros2_kortex_ws/install/controller_manager:/home/mampane/Desktop/machine_tending_robot/workspace/ros2_kortex_ws/install/hardware_interface_testing:/home/mampane/Desktop/machine_tending_robot/workspace/ros2_kortex_ws/install/controller_interface:/home/mampane/Desktop/machine_tending_robot/workspace/ros2_kortex_ws/install/hardware_interface:/home/mampane/Desktop/machine_tending_robot/workspace/ros2_kortex_ws/install/ros2_control_test_assets:/home/mampane/Desktop/machine_tending_robot/workspace/ros2_kortex_ws/install/realtime_tools:/home/mampane/Desktop/machine_tending_robot/workspace/ros2_kortex_ws/install/controller_manager_msgs:/home/mampane/Desktop/machine_tending_robot/workspace/ros2_kortex_ws/install/control_msgs:${AMENT_PREFIX_PATH} CMAKE_PREFIX_PATH=/home/mampane/Desktop/machine_tending_robot/workspace/ros2_kortex_ws/install/controller_manager:/home/mampane/Desktop/machine_tending_robot/workspace/ros2_kortex_ws/install/hardware_interface_testing:/home/mampane/Desktop/machine_tending_robot/workspace/ros2_kortex_ws/install/controller_interface:/home/mampane/Desktop/machine_tending_robot/workspace/ros2_kortex_ws/install/hardware_interface:/home/mampane/Desktop/machine_tending_robot/workspace/ros2_kortex_ws/install/ros2_control_test_assets:/home/mampane/Desktop/machine_tending_robot/workspace/ros2_kortex_ws/install/realtime_tools:/home/mampane/Desktop/machine_tending_robot/workspace/ros2_kortex_ws/install/controller_manager_msgs:/home/mampane/Desktop/machine_tending_robot/workspace/ros2_kortex_ws/install/control_msgs:/opt/ros/humble LD_LIBRARY_PATH=/home/mampane/Desktop/machine_tending_robot/workspace/ros2_kortex_ws/install/controller_manager/lib:/home/mampane/Desktop/machine_tending_robot/workspace/ros2_kortex_ws/install/hardware_interface_testing/lib:/home/mampane/Desktop/machine_tending_robot/workspace/ros2_kortex_ws/install/controller_interface/lib:/home/mampane/Desktop/machine_tending_robot/workspace/ros2_kortex_ws/install/hardware_interface/lib:/home/mampane/Desktop/machine_tending_robot/workspace/ros2_kortex_ws/install/realtime_tools/lib:/home/mampane/Desktop/machine_tending_robot/workspace/ros2_kortex_ws/install/controller_manager_msgs/lib:/home/mampane/Desktop/machine_tending_robot/workspace/ros2_kortex_ws/install/control_msgs/lib:${LD_LIBRARY_PATH} PYTHONPATH=/home/mampane/Desktop/machine_tending_robot/workspace/ros2_kortex_ws/install/controller_manager/local/lib/python3.10/dist-packages:/home/mampane/Desktop/machine_tending_robot/workspace/ros2_kortex_ws/install/controller_manager_msgs/local/lib/python3.10/dist-packages:/home/mampane/Desktop/machine_tending_robot/workspace/ros2_kortex_ws/install/control_msgs/local/lib/python3.10/dist-packages:${PYTHONPATH} /usr/bin/cmake --build /home/mampane/Desktop/machine_tending_robot/workspace/ros2_kortex_ws/build/steering_controllers_library -- -j20 -l20
[1.260s] [  7%] [34m[1mRunning `/opt/ros/humble/bin/generate_parameter_library_cpp /home/mampane/Desktop/machine_tending_robot/workspace/ros2_kortex_ws/build/steering_controllers_library/include/steering_controllers_library/steering_controllers_library_parameters.hpp /home/mampane/Desktop/machine_tending_robot/workspace/ros2_kortex_ws/src/ros2_controllers/steering_controllers_library/src/steering_controllers_library.yaml `[0m
[1.260s] [ 14%] [32mBuilding CXX object gmock/CMakeFiles/gmock.dir/src/gmock-all.cc.o[0m
[1.260s] [ 21%] [32mBuilding CXX object gmock/CMakeFiles/gmock_main.dir/src/gmock_main.cc.o[0m
[1.261s] [ 28%] [32mBuilding CXX object gmock/CMakeFiles/gmock.dir/opt/ros/humble/src/gtest_vendor/src/gtest-all.cc.o[0m
[1.594s] [ 35%] [34m[1mCreating deprecated header file /home/mampane/Desktop/machine_tending_robot/workspace/ros2_kortex_ws/build/steering_controllers_library/include/steering_controllers_library_parameters.hpp[0m
[1.640s] [ 35%] Built target steering_controllers_library_parameters
[1.665s] [ 42%] [32mBuilding CXX object CMakeFiles/steering_controllers_library.dir/src/steering_controllers_library.cpp.o[0m
[1.665s] [ 50%] [32mBuilding CXX object CMakeFiles/steering_controllers_library.dir/src/steering_odometry.cpp.o[0m
[2.200s] [ 57%] [32m[1mLinking CXX static library libgmock_main.a[0m
[2.265s] [ 57%] Built target gmock_main
[9.127s] [ 64%] [32m[1mLinking CXX static library libgmock.a[0m
[9.206s] [ 64%] Built target gmock
[17.169s] [ 71%] [32m[1mLinking CXX shared library libsteering_controllers_library.so[0m
[17.380s] [ 71%] Built target steering_controllers_library
[17.403s] [ 78%] [32mBuilding CXX object CMakeFiles/test_steering_controllers_library.dir/test/test_steering_controllers_library.cpp.o[0m
[17.404s] [ 85%] [32mBuilding CXX object CMakeFiles/test_steering_odometry.dir/test/test_steering_odometry.cpp.o[0m
[19.639s] [ 92%] [32m[1mLinking CXX executable test_steering_odometry[0m
[19.821s] [ 92%] Built target test_steering_odometry
[23.566s] [100%] [32m[1mLinking CXX executable test_steering_controllers_library[0m
[23.716s] [100%] Built target test_steering_controllers_library
[23.725s] Invoked command in '/home/mampane/Desktop/machine_tending_robot/workspace/ros2_kortex_ws/build/steering_controllers_library' returned '0': AMENT_PREFIX_PATH=/home/mampane/Desktop/machine_tending_robot/workspace/ros2_kortex_ws/install/controller_manager:/home/mampane/Desktop/machine_tending_robot/workspace/ros2_kortex_ws/install/hardware_interface_testing:/home/mampane/Desktop/machine_tending_robot/workspace/ros2_kortex_ws/install/controller_interface:/home/mampane/Desktop/machine_tending_robot/workspace/ros2_kortex_ws/install/hardware_interface:/home/mampane/Desktop/machine_tending_robot/workspace/ros2_kortex_ws/install/ros2_control_test_assets:/home/mampane/Desktop/machine_tending_robot/workspace/ros2_kortex_ws/install/realtime_tools:/home/mampane/Desktop/machine_tending_robot/workspace/ros2_kortex_ws/install/controller_manager_msgs:/home/mampane/Desktop/machine_tending_robot/workspace/ros2_kortex_ws/install/control_msgs:${AMENT_PREFIX_PATH} CMAKE_PREFIX_PATH=/home/mampane/Desktop/machine_tending_robot/workspace/ros2_kortex_ws/install/controller_manager:/home/mampane/Desktop/machine_tending_robot/workspace/ros2_kortex_ws/install/hardware_interface_testing:/home/mampane/Desktop/machine_tending_robot/workspace/ros2_kortex_ws/install/controller_interface:/home/mampane/Desktop/machine_tending_robot/workspace/ros2_kortex_ws/install/hardware_interface:/home/mampane/Desktop/machine_tending_robot/workspace/ros2_kortex_ws/install/ros2_control_test_assets:/home/mampane/Desktop/machine_tending_robot/workspace/ros2_kortex_ws/install/realtime_tools:/home/mampane/Desktop/machine_tending_robot/workspace/ros2_kortex_ws/install/controller_manager_msgs:/home/mampane/Desktop/machine_tending_robot/workspace/ros2_kortex_ws/install/control_msgs:/opt/ros/humble LD_LIBRARY_PATH=/home/mampane/Desktop/machine_tending_robot/workspace/ros2_kortex_ws/install/controller_manager/lib:/home/mampane/Desktop/machine_tending_robot/workspace/ros2_kortex_ws/install/hardware_interface_testing/lib:/home/mampane/Desktop/machine_tending_robot/workspace/ros2_kortex_ws/install/controller_interface/lib:/home/mampane/Desktop/machine_tending_robot/workspace/ros2_kortex_ws/install/hardware_interface/lib:/home/mampane/Desktop/machine_tending_robot/workspace/ros2_kortex_ws/install/realtime_tools/lib:/home/mampane/Desktop/machine_tending_robot/workspace/ros2_kortex_ws/install/controller_manager_msgs/lib:/home/mampane/Desktop/machine_tending_robot/workspace/ros2_kortex_ws/install/control_msgs/lib:${LD_LIBRARY_PATH} PYTHONPATH=/home/mampane/Desktop/machine_tending_robot/workspace/ros2_kortex_ws/install/controller_manager/local/lib/python3.10/dist-packages:/home/mampane/Desktop/machine_tending_robot/workspace/ros2_kortex_ws/install/controller_manager_msgs/local/lib/python3.10/dist-packages:/home/mampane/Desktop/machine_tending_robot/workspace/ros2_kortex_ws/install/control_msgs/local/lib/python3.10/dist-packages:${PYTHONPATH} /usr/bin/cmake --build /home/mampane/Desktop/machine_tending_robot/workspace/ros2_kortex_ws/build/steering_controllers_library -- -j20 -l20
[23.726s] Invoking command in '/home/mampane/Desktop/machine_tending_robot/workspace/ros2_kortex_ws/build/steering_controllers_library': AMENT_PREFIX_PATH=/home/mampane/Desktop/machine_tending_robot/workspace/ros2_kortex_ws/install/controller_manager:/home/mampane/Desktop/machine_tending_robot/workspace/ros2_kortex_ws/install/hardware_interface_testing:/home/mampane/Desktop/machine_tending_robot/workspace/ros2_kortex_ws/install/controller_interface:/home/mampane/Desktop/machine_tending_robot/workspace/ros2_kortex_ws/install/hardware_interface:/home/mampane/Desktop/machine_tending_robot/workspace/ros2_kortex_ws/install/ros2_control_test_assets:/home/mampane/Desktop/machine_tending_robot/workspace/ros2_kortex_ws/install/realtime_tools:/home/mampane/Desktop/machine_tending_robot/workspace/ros2_kortex_ws/install/controller_manager_msgs:/home/mampane/Desktop/machine_tending_robot/workspace/ros2_kortex_ws/install/control_msgs:${AMENT_PREFIX_PATH} CMAKE_PREFIX_PATH=/home/mampane/Desktop/machine_tending_robot/workspace/ros2_kortex_ws/install/controller_manager:/home/mampane/Desktop/machine_tending_robot/workspace/ros2_kortex_ws/install/hardware_interface_testing:/home/mampane/Desktop/machine_tending_robot/workspace/ros2_kortex_ws/install/controller_interface:/home/mampane/Desktop/machine_tending_robot/workspace/ros2_kortex_ws/install/hardware_interface:/home/mampane/Desktop/machine_tending_robot/workspace/ros2_kortex_ws/install/ros2_control_test_assets:/home/mampane/Desktop/machine_tending_robot/workspace/ros2_kortex_ws/install/realtime_tools:/home/mampane/Desktop/machine_tending_robot/workspace/ros2_kortex_ws/install/controller_manager_msgs:/home/mampane/Desktop/machine_tending_robot/workspace/ros2_kortex_ws/install/control_msgs:/opt/ros/humble LD_LIBRARY_PATH=/home/mampane/Desktop/machine_tending_robot/workspace/ros2_kortex_ws/install/controller_manager/lib:/home/mampane/Desktop/machine_tending_robot/workspace/ros2_kortex_ws/install/hardware_interface_testing/lib:/home/mampane/Desktop/machine_tending_robot/workspace/ros2_kortex_ws/install/controller_interface/lib:/home/mampane/Desktop/machine_tending_robot/workspace/ros2_kortex_ws/install/hardware_interface/lib:/home/mampane/Desktop/machine_tending_robot/workspace/ros2_kortex_ws/install/realtime_tools/lib:/home/mampane/Desktop/machine_tending_robot/workspace/ros2_kortex_ws/install/controller_manager_msgs/lib:/home/mampane/Desktop/machine_tending_robot/workspace/ros2_kortex_ws/install/control_msgs/lib:${LD_LIBRARY_PATH} PYTHONPATH=/home/mampane/Desktop/machine_tending_robot/workspace/ros2_kortex_ws/install/controller_manager/local/lib/python3.10/dist-packages:/home/mampane/Desktop/machine_tending_robot/workspace/ros2_kortex_ws/install/controller_manager_msgs/local/lib/python3.10/dist-packages:/home/mampane/Desktop/machine_tending_robot/workspace/ros2_kortex_ws/install/control_msgs/local/lib/python3.10/dist-packages:${PYTHONPATH} /usr/bin/cmake --install /home/mampane/Desktop/machine_tending_robot/workspace/ros2_kortex_ws/build/steering_controllers_library
[23.733s] -- Install configuration: "Release"
[23.733s] -- Installing: /home/mampane/Desktop/machine_tending_robot/workspace/ros2_kortex_ws/install/steering_controllers_library/include/steering_controllers_library
[23.733s] -- Installing: /home/mampane/Desktop/machine_tending_robot/workspace/ros2_kortex_ws/install/steering_controllers_library/include/steering_controllers_library/steering_controllers_library_parameters.hpp
[23.733s] -- Up-to-date: /home/mampane/Desktop/machine_tending_robot/workspace/ros2_kortex_ws/install/steering_controllers_library/include/steering_controllers_library
[23.733s] -- Installing: /home/mampane/Desktop/machine_tending_robot/workspace/ros2_kortex_ws/install/steering_controllers_library/include/steering_controllers_library/steering_controllers_library
[23.733s] -- Installing: /home/mampane/Desktop/machine_tending_robot/workspace/ros2_kortex_ws/install/steering_controllers_library/include/steering_controllers_library/steering_controllers_library/steering_controllers_library.hpp
[23.733s] -- Installing: /home/mampane/Desktop/machine_tending_robot/workspace/ros2_kortex_ws/install/steering_controllers_library/include/steering_controllers_library/steering_controllers_library/steering_odometry.hpp
[23.733s] -- Installing: /home/mampane/Desktop/machine_tending_robot/workspace/ros2_kortex_ws/install/steering_controllers_library/include/steering_controllers_library/steering_controllers_library/visibility_control.h
[23.733s] -- Installing: /home/mampane/Desktop/machine_tending_robot/workspace/ros2_kortex_ws/install/steering_controllers_library/lib/libsteering_controllers_library.so
[23.734s] -- Set runtime path of "/home/mampane/Desktop/machine_tending_robot/workspace/ros2_kortex_ws/install/steering_controllers_library/lib/libsteering_controllers_library.so" to ""
[23.734s] -- Installing: /home/mampane/Desktop/machine_tending_robot/workspace/ros2_kortex_ws/install/steering_controllers_library/share/steering_controllers_library/environment/library_path.sh
[23.734s] -- Installing: /home/mampane/Desktop/machine_tending_robot/workspace/ros2_kortex_ws/install/steering_controllers_library/share/steering_controllers_library/environment/library_path.dsv
[23.734s] -- Installing: /home/mampane/Desktop/machine_tending_robot/workspace/ros2_kortex_ws/install/steering_controllers_library/share/ament_index/resource_index/package_run_dependencies/steering_controllers_library
[23.734s] -- Installing: /home/mampane/Desktop/machine_tending_robot/workspace/ros2_kortex_ws/install/steering_controllers_library/share/ament_index/resource_index/parent_prefix_path/steering_controllers_library
[23.734s] -- Installing: /home/mampane/Desktop/machine_tending_robot/workspace/ros2_kortex_ws/install/steering_controllers_library/share/steering_controllers_library/environment/ament_prefix_path.sh
[23.735s] -- Installing: /home/mampane/Desktop/machine_tending_robot/workspace/ros2_kortex_ws/install/steering_controllers_library/share/steering_controllers_library/environment/ament_prefix_path.dsv
[23.735s] -- Installing: /home/mampane/Desktop/machine_tending_robot/workspace/ros2_kortex_ws/install/steering_controllers_library/share/steering_controllers_library/environment/path.sh
[23.735s] -- Installing: /home/mampane/Desktop/machine_tending_robot/workspace/ros2_kortex_ws/install/steering_controllers_library/share/steering_controllers_library/environment/path.dsv
[23.735s] -- Installing: /home/mampane/Desktop/machine_tending_robot/workspace/ros2_kortex_ws/install/steering_controllers_library/share/steering_controllers_library/local_setup.bash
[23.735s] -- Installing: /home/mampane/Desktop/machine_tending_robot/workspace/ros2_kortex_ws/install/steering_controllers_library/share/steering_controllers_library/local_setup.sh
[23.735s] -- Installing: /home/mampane/Desktop/machine_tending_robot/workspace/ros2_kortex_ws/install/steering_controllers_library/share/steering_controllers_library/local_setup.zsh
[23.735s] -- Installing: /home/mampane/Desktop/machine_tending_robot/workspace/ros2_kortex_ws/install/steering_controllers_library/share/steering_controllers_library/local_setup.dsv
[23.735s] -- Installing: /home/mampane/Desktop/machine_tending_robot/workspace/ros2_kortex_ws/install/steering_controllers_library/share/steering_controllers_library/package.dsv
[23.735s] -- Installing: /home/mampane/Desktop/machine_tending_robot/workspace/ros2_kortex_ws/install/steering_controllers_library/share/ament_index/resource_index/packages/steering_controllers_library
[23.735s] -- Installing: /home/mampane/Desktop/machine_tending_robot/workspace/ros2_kortex_ws/install/steering_controllers_library/share/steering_controllers_library/cmake/export_steering_controllers_libraryExport.cmake
[23.735s] -- Installing: /home/mampane/Desktop/machine_tending_robot/workspace/ros2_kortex_ws/install/steering_controllers_library/share/steering_controllers_library/cmake/export_steering_controllers_libraryExport-release.cmake
[23.735s] -- Installing: /home/mampane/Desktop/machine_tending_robot/workspace/ros2_kortex_ws/install/steering_controllers_library/share/steering_controllers_library/cmake/ament_cmake_export_dependencies-extras.cmake
[23.735s] -- Installing: /home/mampane/Desktop/machine_tending_robot/workspace/ros2_kortex_ws/install/steering_controllers_library/share/steering_controllers_library/cmake/ament_cmake_export_targets-extras.cmake
[23.735s] -- Installing: /home/mampane/Desktop/machine_tending_robot/workspace/ros2_kortex_ws/install/steering_controllers_library/share/steering_controllers_library/cmake/steering_controllers_libraryConfig.cmake
[23.735s] -- Installing: /home/mampane/Desktop/machine_tending_robot/workspace/ros2_kortex_ws/install/steering_controllers_library/share/steering_controllers_library/cmake/steering_controllers_libraryConfig-version.cmake
[23.735s] -- Installing: /home/mampane/Desktop/machine_tending_robot/workspace/ros2_kortex_ws/install/steering_controllers_library/share/steering_controllers_library/package.xml
[23.737s] Invoked command in '/home/mampane/Desktop/machine_tending_robot/workspace/ros2_kortex_ws/build/steering_controllers_library' returned '0': AMENT_PREFIX_PATH=/home/mampane/Desktop/machine_tending_robot/workspace/ros2_kortex_ws/install/controller_manager:/home/mampane/Desktop/machine_tending_robot/workspace/ros2_kortex_ws/install/hardware_interface_testing:/home/mampane/Desktop/machine_tending_robot/workspace/ros2_kortex_ws/install/controller_interface:/home/mampane/Desktop/machine_tending_robot/workspace/ros2_kortex_ws/install/hardware_interface:/home/mampane/Desktop/machine_tending_robot/workspace/ros2_kortex_ws/install/ros2_control_test_assets:/home/mampane/Desktop/machine_tending_robot/workspace/ros2_kortex_ws/install/realtime_tools:/home/mampane/Desktop/machine_tending_robot/workspace/ros2_kortex_ws/install/controller_manager_msgs:/home/mampane/Desktop/machine_tending_robot/workspace/ros2_kortex_ws/install/control_msgs:${AMENT_PREFIX_PATH} CMAKE_PREFIX_PATH=/home/mampane/Desktop/machine_tending_robot/workspace/ros2_kortex_ws/install/controller_manager:/home/mampane/Desktop/machine_tending_robot/workspace/ros2_kortex_ws/install/hardware_interface_testing:/home/mampane/Desktop/machine_tending_robot/workspace/ros2_kortex_ws/install/controller_interface:/home/mampane/Desktop/machine_tending_robot/workspace/ros2_kortex_ws/install/hardware_interface:/home/mampane/Desktop/machine_tending_robot/workspace/ros2_kortex_ws/install/ros2_control_test_assets:/home/mampane/Desktop/machine_tending_robot/workspace/ros2_kortex_ws/install/realtime_tools:/home/mampane/Desktop/machine_tending_robot/workspace/ros2_kortex_ws/install/controller_manager_msgs:/home/mampane/Desktop/machine_tending_robot/workspace/ros2_kortex_ws/install/control_msgs:/opt/ros/humble LD_LIBRARY_PATH=/home/mampane/Desktop/machine_tending_robot/workspace/ros2_kortex_ws/install/controller_manager/lib:/home/mampane/Desktop/machine_tending_robot/workspace/ros2_kortex_ws/install/hardware_interface_testing/lib:/home/mampane/Desktop/machine_tending_robot/workspace/ros2_kortex_ws/install/controller_interface/lib:/home/mampane/Desktop/machine_tending_robot/workspace/ros2_kortex_ws/install/hardware_interface/lib:/home/mampane/Desktop/machine_tending_robot/workspace/ros2_kortex_ws/install/realtime_tools/lib:/home/mampane/Desktop/machine_tending_robot/workspace/ros2_kortex_ws/install/controller_manager_msgs/lib:/home/mampane/Desktop/machine_tending_robot/workspace/ros2_kortex_ws/install/control_msgs/lib:${LD_LIBRARY_PATH} PYTHONPATH=/home/mampane/Desktop/machine_tending_robot/workspace/ros2_kortex_ws/install/controller_manager/local/lib/python3.10/dist-packages:/home/mampane/Desktop/machine_tending_robot/workspace/ros2_kortex_ws/install/controller_manager_msgs/local/lib/python3.10/dist-packages:/home/mampane/Desktop/machine_tending_robot/workspace/ros2_kortex_ws/install/control_msgs/local/lib/python3.10/dist-packages:${PYTHONPATH} /usr/bin/cmake --install /home/mampane/Desktop/machine_tending_robot/workspace/ros2_kortex_ws/build/steering_controllers_library
