-- The CXX compiler identification is GNU 11.4.0
-- Detecting CXX compiler ABI info
-- Detecting CXX compiler ABI info - done
-- Check for working CXX compiler: /usr/bin/c++ - skipped
-- Detecting CXX compile features
-- Detecting CXX compile features - done
-- Found ament_cmake: 1.3.11 (/opt/ros/humble/share/ament_cmake/cmake)
-- Found Python3: /usr/bin/python3 (found version "3.10.12") found components: Interpreter 
-- Found rclcpp: 16.0.11 (/opt/ros/humble/share/rclcpp/cmake)
-- Found rosidl_generator_c: 3.1.6 (/opt/ros/humble/share/rosidl_generator_c/cmake)
-- Found rosidl_adapter: 3.1.6 (/opt/ros/humble/share/rosidl_adapter/cmake)
-- Found rosidl_generator_cpp: 3.1.6 (/opt/ros/humble/share/rosidl_generator_cpp/cmake)
-- Using all available rosidl_typesupport_c: rosidl_typesupport_fastrtps_c;rosidl_typesupport_introspection_c
-- Using all available rosidl_typesupport_cpp: rosidl_typesupport_fastrtps_cpp;rosidl_typesupport_introspection_cpp
-- Found rmw_implementation_cmake: 6.1.2 (/opt/ros/humble/share/rmw_implementation_cmake/cmake)
-- Found rmw_fastrtps_cpp: 6.2.7 (/opt/ros/humble/share/rmw_fastrtps_cpp/cmake)
-- Found OpenSSL: /usr/lib/x86_64-linux-gnu/libcrypto.so (found version "3.0.2")  
-- Found FastRTPS: /opt/ros/humble/include  
-- Using RMW implementation 'rmw_fastrtps_cpp' as default
-- Looking for C++ include pthread.h
-- Looking for C++ include pthread.h - found
-- Performing Test CMAKE_HAVE_LIBC_PTHREAD
-- Performing Test CMAKE_HAVE_LIBC_PTHREAD - Success
-- Found Threads: TRUE  
-- Found rclcpp_action: 16.0.11 (/opt/ros/humble/share/rclcpp_action/cmake)
-- Found Boost: /usr/lib/x86_64-linux-gnu/cmake/Boost-1.74.0/BoostConfig.cmake (found version "1.74.0") found components: headers 
-- Found ament_cmake_gmock: 1.3.11 (/opt/ros/humble/share/ament_cmake_gmock/cmake)
-- Found lifecycle_msgs: 1.2.1 (/opt/ros/humble/share/lifecycle_msgs/cmake)
-- Found rclcpp_lifecycle: 16.0.11 (/opt/ros/humble/share/rclcpp_lifecycle/cmake)
-- Found test_msgs: 1.2.1 (/opt/ros/humble/share/test_msgs/cmake)
-- Found gmock sources under '/opt/ros/humble/src/gmock_vendor': C++ tests using 'Google Mock' will be built
-- The C compiler identification is GNU 11.4.0
-- Detecting C compiler ABI info
-- Detecting C compiler ABI info - done
-- Check for working C compiler: /usr/bin/cc - skipped
-- Detecting C compile features
-- Detecting C compile features - done
-- Found ament_cmake_gtest: 1.3.11 (/opt/ros/humble/share/ament_cmake_gtest/cmake)
-- Found gtest sources under '/opt/ros/humble/src/gtest_vendor': C++ tests using 'Google Test' will be built
-- Configuring done
-- Generating done
-- Build files have been written to: /home/mampane/Desktop/machine_tending_robot/ros2_kortex_ws/build/realtime_tools
[  3%] [32mBuilding CXX object gmock/CMakeFiles/gmock.dir/src/gmock-all.cc.o[0m
[  6%] [32mBuilding CXX object CMakeFiles/realtime_tools.dir/src/realtime_helpers.cpp.o[0m
[  9%] [32mBuilding CXX object CMakeFiles/thread_priority.dir/src/realtime_helpers.cpp.o[0m
[ 12%] [32mBuilding CXX object gmock/CMakeFiles/gmock.dir/opt/ros/humble/src/gtest_vendor/src/gtest-all.cc.o[0m
[ 15%] [32mBuilding CXX object CMakeFiles/realtime_tools.dir/src/realtime_clock.cpp.o[0m
[ 18%] [32mBuilding CXX object gmock/CMakeFiles/gmock_main.dir/src/gmock_main.cc.o[0m
[ 21%] [32m[1mLinking CXX shared library libthread_priority.so[0m
[ 21%] Built target thread_priority
[ 25%] [32m[1mLinking CXX static library libgmock_main.a[0m
[ 25%] Built target gmock_main
[ 28%] [32m[1mLinking CXX shared library librealtime_tools.so[0m
[ 28%] Built target realtime_tools
[ 31%] [32m[1mLinking CXX static library libgmock.a[0m
[ 31%] Built target gmock
[ 34%] [32mBuilding CXX object CMakeFiles/realtime_box_best_effort_tests.dir/test/realtime_box_best_effort_tests.cpp.o[0m
[ 37%] [32mBuilding CXX object CMakeFiles/thread_priority_tests.dir/test/thread_priority_tests.cpp.o[0m
[ 40%] [32mBuilding CXX object CMakeFiles/realtime_box_tests.dir/test/realtime_box_tests.cpp.o[0m
[ 43%] [32mBuilding CXX object CMakeFiles/lock_free_queue_tests.dir/test/lock_free_queue_tests.cpp.o[0m
[ 46%] [32mBuilding CXX object CMakeFiles/realtime_clock_tests.dir/test/realtime_clock_tests.cpp.o[0m
[ 50%] [32mBuilding CXX object CMakeFiles/realtime_buffer_tests.dir/test/realtime_buffer_tests.cpp.o[0m
[ 53%] [32mBuilding CXX object CMakeFiles/realtime_publisher_tests_non_polling.dir/test/realtime_publisher_tests_non_polling.cpp.o[0m
[ 56%] [32mBuilding CXX object CMakeFiles/test_async_function_handler.dir/test/test_async_function_handler.cpp.o[0m
[ 59%] [32mBuilding CXX object CMakeFiles/realtime_mutex_tests.dir/test/realtime_mutex_tests.cpp.o[0m
[ 62%] [32mBuilding CXX object CMakeFiles/realtime_server_goal_handle_tests.dir/test/realtime_server_goal_handle_tests.cpp.o[0m
[ 65%] [32mBuilding CXX object CMakeFiles/realtime_publisher_tests.dir/test/realtime_publisher_tests.cpp.o[0m
[ 68%] [32m[1mLinking CXX executable realtime_box_tests[0m
[ 68%] Built target realtime_box_tests
[ 71%] [32m[1mLinking CXX executable thread_priority_tests[0m
[ 75%] [32m[1mLinking CXX executable realtime_box_best_effort_tests[0m
[ 78%] [32m[1mLinking CXX executable realtime_clock_tests[0m
[ 78%] Built target thread_priority_tests
[ 78%] Built target realtime_box_best_effort_tests
[ 78%] Built target realtime_clock_tests
[ 81%] [32m[1mLinking CXX executable realtime_buffer_tests[0m
[ 81%] Built target realtime_buffer_tests
[01m[K/home/mampane/Desktop/machine_tending_robot/ros2_kortex_ws/src/realtime_tools/test/realtime_publisher_tests_non_polling.cpp:[m[K In member function ‘[01m[Kvirtual void RealtimePublisherNonPolling_construct_destruct_Test::TestBody()[m[K’:
[01m[K/home/mampane/Desktop/machine_tending_robot/ros2_kortex_ws/src/realtime_tools/test/realtime_publisher_tests_non_polling.cpp:47:86:[m[K [01;35m[Kwarning: [m[K‘[01m[Krealtime_tools::RealtimePublisher<MessageT>::RealtimePublisher() [with MessageT = test_msgs::msg::Strings_<std::allocator<void> >][m[K’ is deprecated: Use constructor with rclcpp::Publisher<T>::SharedPtr instead - this class does not make sense without a real publisher [[01;35m[K]8;;https://gcc.gnu.org/onlinedocs/gcc/Warning-Options.html#index-Wdeprecated-declarations-Wdeprecated-declarations]8;;[m[K]
   47 | TEST(RealtimePublisherNonPolling, construct_destruct) { RealtimePublisher<StringMsg> [01;35m[Krt_pub[m[K; }
      |                                                                                      [01;35m[K^~~~~~[m[K
In file included from [01m[K/home/mampane/Desktop/machine_tending_robot/ros2_kortex_ws/src/realtime_tools/test/realtime_publisher_tests_non_polling.cpp:41[m[K:
[01m[K/home/mampane/Desktop/machine_tending_robot/ros2_kortex_ws/src/realtime_tools/include/realtime_tools/realtime_publisher.hpp:81:3:[m[K [01;36m[Knote: [m[Kdeclared here
   81 |   [01;36m[KRealtimePublisher[m[K()
      |   [01;36m[K^~~~~~~~~~~~~~~~~[m[K
[01m[K/home/mampane/Desktop/machine_tending_robot/ros2_kortex_ws/src/realtime_tools/test/realtime_publisher_tests.cpp:[m[K In member function ‘[01m[Kvirtual void RealtimePublisher_construct_destruct_Test::TestBody()[m[K’:
[01m[K/home/mampane/Desktop/machine_tending_robot/ros2_kortex_ws/src/realtime_tools/test/realtime_publisher_tests.cpp:45:76:[m[K [01;35m[Kwarning: [m[K‘[01m[Krealtime_tools::RealtimePublisher<MessageT>::RealtimePublisher() [with MessageT = test_msgs::msg::Strings_<std::allocator<void> >][m[K’ is deprecated: Use constructor with rclcpp::Publisher<T>::SharedPtr instead - this class does not make sense without a real publisher [[01;35m[K]8;;https://gcc.gnu.org/onlinedocs/gcc/Warning-Options.html#index-Wdeprecated-declarations-Wdeprecated-declarations]8;;[m[K]
   45 | TEST(RealtimePublisher, construct_destruct) { RealtimePublisher<StringMsg> [01;35m[Krt_pub[m[K; }
      |                                                                            [01;35m[K^~~~~~[m[K
In file included from [01m[K/home/mampane/Desktop/machine_tending_robot/ros2_kortex_ws/src/realtime_tools/test/realtime_publisher_tests.cpp:39[m[K:
[01m[K/home/mampane/Desktop/machine_tending_robot/ros2_kortex_ws/src/realtime_tools/include/realtime_tools/realtime_publisher.hpp:81:3:[m[K [01;36m[Knote: [m[Kdeclared here
   81 |   [01;36m[KRealtimePublisher[m[K()
      |   [01;36m[K^~~~~~~~~~~~~~~~~[m[K
[ 84%] [32m[1mLinking CXX executable realtime_mutex_tests[0m
[ 84%] Built target realtime_mutex_tests
[ 87%] [32m[1mLinking CXX executable test_async_function_handler[0m
[ 87%] Built target test_async_function_handler
[ 90%] [32m[1mLinking CXX executable realtime_server_goal_handle_tests[0m
[ 90%] Built target realtime_server_goal_handle_tests
[ 93%] [32m[1mLinking CXX executable lock_free_queue_tests[0m
[ 93%] Built target lock_free_queue_tests
[ 96%] [32m[1mLinking CXX executable realtime_publisher_tests_non_polling[0m
[ 96%] Built target realtime_publisher_tests_non_polling
[100%] [32m[1mLinking CXX executable realtime_publisher_tests[0m
[100%] Built target realtime_publisher_tests
-- Install configuration: "Release"
-- Installing: /home/mampane/Desktop/machine_tending_robot/ros2_kortex_ws/install/realtime_tools/include/realtime_tools
-- Installing: /home/mampane/Desktop/machine_tending_robot/ros2_kortex_ws/install/realtime_tools/include/realtime_tools/realtime_tools
-- Installing: /home/mampane/Desktop/machine_tending_robot/ros2_kortex_ws/install/realtime_tools/include/realtime_tools/realtime_tools/realtime_buffer.hpp
-- Installing: /home/mampane/Desktop/machine_tending_robot/ros2_kortex_ws/install/realtime_tools/include/realtime_tools/realtime_tools/realtime_clock.h
-- Installing: /home/mampane/Desktop/machine_tending_robot/ros2_kortex_ws/install/realtime_tools/include/realtime_tools/realtime_tools/mutex.hpp
-- Installing: /home/mampane/Desktop/machine_tending_robot/ros2_kortex_ws/install/realtime_tools/include/realtime_tools/realtime_tools/realtime_buffer.h
-- Installing: /home/mampane/Desktop/machine_tending_robot/ros2_kortex_ws/install/realtime_tools/include/realtime_tools/realtime_tools/realtime_box_best_effort.hpp
-- Installing: /home/mampane/Desktop/machine_tending_robot/ros2_kortex_ws/install/realtime_tools/include/realtime_tools/realtime_tools/realtime_clock.hpp
-- Installing: /home/mampane/Desktop/machine_tending_robot/ros2_kortex_ws/install/realtime_tools/include/realtime_tools/realtime_tools/async_function_handler.hpp
-- Installing: /home/mampane/Desktop/machine_tending_robot/ros2_kortex_ws/install/realtime_tools/include/realtime_tools/realtime_tools/realtime_server_goal_handle.h
-- Installing: /home/mampane/Desktop/machine_tending_robot/ros2_kortex_ws/install/realtime_tools/include/realtime_tools/realtime_tools/realtime_helpers.hpp
-- Installing: /home/mampane/Desktop/machine_tending_robot/ros2_kortex_ws/install/realtime_tools/include/realtime_tools/realtime_tools/realtime_box.hpp
-- Installing: /home/mampane/Desktop/machine_tending_robot/ros2_kortex_ws/install/realtime_tools/include/realtime_tools/realtime_tools/realtime_box_best_effort.h
-- Installing: /home/mampane/Desktop/machine_tending_robot/ros2_kortex_ws/install/realtime_tools/include/realtime_tools/realtime_tools/thread_priority.hpp
-- Installing: /home/mampane/Desktop/machine_tending_robot/ros2_kortex_ws/install/realtime_tools/include/realtime_tools/realtime_tools/realtime_publisher.h
-- Installing: /home/mampane/Desktop/machine_tending_robot/ros2_kortex_ws/install/realtime_tools/include/realtime_tools/realtime_tools/realtime_publisher.hpp
-- Installing: /home/mampane/Desktop/machine_tending_robot/ros2_kortex_ws/install/realtime_tools/include/realtime_tools/realtime_tools/lock_free_queue.hpp
-- Installing: /home/mampane/Desktop/machine_tending_robot/ros2_kortex_ws/install/realtime_tools/include/realtime_tools/realtime_tools/realtime_box.h
-- Installing: /home/mampane/Desktop/machine_tending_robot/ros2_kortex_ws/install/realtime_tools/include/realtime_tools/realtime_tools/realtime_server_goal_handle.hpp
-- Installing: /home/mampane/Desktop/machine_tending_robot/ros2_kortex_ws/install/realtime_tools/lib/librealtime_tools.so
-- Set runtime path of "/home/mampane/Desktop/machine_tending_robot/ros2_kortex_ws/install/realtime_tools/lib/librealtime_tools.so" to ""
-- Installing: /home/mampane/Desktop/machine_tending_robot/ros2_kortex_ws/install/realtime_tools/lib/libthread_priority.so
-- Set runtime path of "/home/mampane/Desktop/machine_tending_robot/ros2_kortex_ws/install/realtime_tools/lib/libthread_priority.so" to ""
-- Installing: /home/mampane/Desktop/machine_tending_robot/ros2_kortex_ws/install/realtime_tools/share/realtime_tools/environment/library_path.sh
-- Installing: /home/mampane/Desktop/machine_tending_robot/ros2_kortex_ws/install/realtime_tools/share/realtime_tools/environment/library_path.dsv
-- Installing: /home/mampane/Desktop/machine_tending_robot/ros2_kortex_ws/install/realtime_tools/share/ament_index/resource_index/package_run_dependencies/realtime_tools
-- Installing: /home/mampane/Desktop/machine_tending_robot/ros2_kortex_ws/install/realtime_tools/share/ament_index/resource_index/parent_prefix_path/realtime_tools
-- Installing: /home/mampane/Desktop/machine_tending_robot/ros2_kortex_ws/install/realtime_tools/share/realtime_tools/environment/ament_prefix_path.sh
-- Installing: /home/mampane/Desktop/machine_tending_robot/ros2_kortex_ws/install/realtime_tools/share/realtime_tools/environment/ament_prefix_path.dsv
-- Installing: /home/mampane/Desktop/machine_tending_robot/ros2_kortex_ws/install/realtime_tools/share/realtime_tools/environment/path.sh
-- Installing: /home/mampane/Desktop/machine_tending_robot/ros2_kortex_ws/install/realtime_tools/share/realtime_tools/environment/path.dsv
-- Installing: /home/mampane/Desktop/machine_tending_robot/ros2_kortex_ws/install/realtime_tools/share/realtime_tools/local_setup.bash
-- Installing: /home/mampane/Desktop/machine_tending_robot/ros2_kortex_ws/install/realtime_tools/share/realtime_tools/local_setup.sh
-- Installing: /home/mampane/Desktop/machine_tending_robot/ros2_kortex_ws/install/realtime_tools/share/realtime_tools/local_setup.zsh
-- Installing: /home/mampane/Desktop/machine_tending_robot/ros2_kortex_ws/install/realtime_tools/share/realtime_tools/local_setup.dsv
-- Installing: /home/mampane/Desktop/machine_tending_robot/ros2_kortex_ws/install/realtime_tools/share/realtime_tools/package.dsv
-- Installing: /home/mampane/Desktop/machine_tending_robot/ros2_kortex_ws/install/realtime_tools/share/ament_index/resource_index/packages/realtime_tools
-- Installing: /home/mampane/Desktop/machine_tending_robot/ros2_kortex_ws/install/realtime_tools/share/realtime_tools/cmake/export_realtime_toolsExport.cmake
-- Installing: /home/mampane/Desktop/machine_tending_robot/ros2_kortex_ws/install/realtime_tools/share/realtime_tools/cmake/export_realtime_toolsExport-release.cmake
-- Installing: /home/mampane/Desktop/machine_tending_robot/ros2_kortex_ws/install/realtime_tools/share/realtime_tools/cmake/ament_cmake_export_targets-extras.cmake
-- Installing: /home/mampane/Desktop/machine_tending_robot/ros2_kortex_ws/install/realtime_tools/share/realtime_tools/cmake/ament_cmake_export_dependencies-extras.cmake
-- Installing: /home/mampane/Desktop/machine_tending_robot/ros2_kortex_ws/install/realtime_tools/share/realtime_tools/cmake/realtime_toolsConfig.cmake
-- Installing: /home/mampane/Desktop/machine_tending_robot/ros2_kortex_ws/install/realtime_tools/share/realtime_tools/cmake/realtime_toolsConfig-version.cmake
-- Installing: /home/mampane/Desktop/machine_tending_robot/ros2_kortex_ws/install/realtime_tools/share/realtime_tools/package.xml
