-- The C compiler identification is GNU 11.4.0
-- The CXX compiler identification is GNU 11.4.0
-- Detecting C compiler ABI info
-- Detecting C compiler ABI info - done
-- Check for working C compiler: /usr/bin/cc - skipped
-- Detecting C compile features
-- Detecting C compile features - done
-- Detecting CXX compiler ABI info
-- Detecting CXX compiler ABI info - done
-- Check for working CXX compiler: /usr/bin/c++ - skipped
-- Detecting CXX compile features
-- Detecting CXX compile features - done
-- Found ament_cmake: 1.3.11 (/opt/ros/humble/share/ament_cmake/cmake)
-- Found Python3: /usr/bin/python3 (found version "3.10.12") found components: Interpreter 
-- Override CMake install command with custom implementation using symlinks instead of copying resources
-- Found ament_lint_auto: 0.12.11 (/opt/ros/humble/share/ament_lint_auto/cmake)
-- Added test 'copyright' to check source files copyright and LICENSE
-- Added test 'lint_cmake' to check CMake code style
-- Added test 'xmllint' to check XML markup files
-- Configuring done
-- Generating done
-- Build files have been written to: /home/mampane/Desktop/machine_tending_robot/ros2_kortex_ws/build/ros_ign
-- Install configuration: ""
-- Execute custom install script
-- Symlinking: /home/mampane/Desktop/machine_tending_robot/ros2_kortex_ws/install/ros_ign/share/ament_index/resource_index/package_run_dependencies/ros_ign
-- Symlinking: /home/mampane/Desktop/machine_tending_robot/ros2_kortex_ws/install/ros_ign/share/ament_index/resource_index/parent_prefix_path/ros_ign
-- Symlinking: /home/mampane/Desktop/machine_tending_robot/ros2_kortex_ws/install/ros_ign/share/ros_ign/environment/ament_prefix_path.sh
-- Symlinking: /home/mampane/Desktop/machine_tending_robot/ros2_kortex_ws/install/ros_ign/share/ros_ign/environment/ament_prefix_path.dsv
-- Symlinking: /home/mampane/Desktop/machine_tending_robot/ros2_kortex_ws/install/ros_ign/share/ros_ign/environment/path.sh
-- Symlinking: /home/mampane/Desktop/machine_tending_robot/ros2_kortex_ws/install/ros_ign/share/ros_ign/environment/path.dsv
-- Symlinking: /home/mampane/Desktop/machine_tending_robot/ros2_kortex_ws/install/ros_ign/share/ros_ign/local_setup.bash
-- Symlinking: /home/mampane/Desktop/machine_tending_robot/ros2_kortex_ws/install/ros_ign/share/ros_ign/local_setup.sh
-- Symlinking: /home/mampane/Desktop/machine_tending_robot/ros2_kortex_ws/install/ros_ign/share/ros_ign/local_setup.zsh
-- Symlinking: /home/mampane/Desktop/machine_tending_robot/ros2_kortex_ws/install/ros_ign/share/ros_ign/local_setup.dsv
-- Symlinking: /home/mampane/Desktop/machine_tending_robot/ros2_kortex_ws/install/ros_ign/share/ros_ign/package.dsv
-- Symlinking: /home/mampane/Desktop/machine_tending_robot/ros2_kortex_ws/install/ros_ign/share/ament_index/resource_index/packages/ros_ign
-- Symlinking: /home/mampane/Desktop/machine_tending_robot/ros2_kortex_ws/install/ros_ign/share/ros_ign/cmake/ros_ignConfig.cmake
-- Symlinking: /home/mampane/Desktop/machine_tending_robot/ros2_kortex_ws/install/ros_ign/share/ros_ign/cmake/ros_ignConfig-version.cmake
-- Symlinking: /home/mampane/Desktop/machine_tending_robot/ros2_kortex_ws/install/ros_ign/share/ros_ign/package.xml
