[35m[1mConsolidate compiler generated dependencies of target gmock_main[0m
[35m[1mConsolidate compiler generated dependencies of target gmock[0m
[35m[1mConsolidate compiler generated dependencies of target thread_priority[0m
[35m[1mConsolidate compiler generated dependencies of target realtime_tools[0m
[  6%] Built target gmock_main
[ 15%] Built target gmock
[ 21%] Built target thread_priority
[ 31%] Built target realtime_tools
[35m[1mConsolidate compiler generated dependencies of target thread_priority_tests[0m
[35m[1mConsolidate compiler generated dependencies of target realtime_mutex_tests[0m
[35m[1mConsolidate compiler generated dependencies of target realtime_buffer_tests[0m
[35m[1mConsolidate compiler generated dependencies of target realtime_box_best_effort_tests[0m
[35m[1mConsolidate compiler generated dependencies of target realtime_box_tests[0m
[35m[1mConsolidate compiler generated dependencies of target test_async_function_handler[0m
[35m[1mConsolidate compiler generated dependencies of target lock_free_queue_tests[0m
[35m[1mConsolidate compiler generated dependencies of target realtime_clock_tests[0m
[35m[1mConsolidate compiler generated dependencies of target realtime_server_goal_handle_tests[0m
[35m[1mConsolidate compiler generated dependencies of target realtime_publisher_tests[0m
[35m[1mConsolidate compiler generated dependencies of target realtime_publisher_tests_non_polling[0m
[ 37%] Built target thread_priority_tests
[ 46%] Built target realtime_mutex_tests
[ 50%] Built target realtime_buffer_tests
[ 56%] Built target realtime_box_tests
[ 62%] Built target realtime_box_best_effort_tests
[ 68%] Built target realtime_server_goal_handle_tests
[ 75%] Built target test_async_function_handler
[ 81%] Built target realtime_clock_tests
[ 87%] Built target realtime_publisher_tests
[ 93%] Built target lock_free_queue_tests
[100%] Built target realtime_publisher_tests_non_polling
-- Install configuration: "Release"
-- Up-to-date: /home/mampane/Desktop/machine_tending_robot/ros2_kortex_ws/install/realtime_tools/include/realtime_tools
-- Up-to-date: /home/mampane/Desktop/machine_tending_robot/ros2_kortex_ws/install/realtime_tools/include/realtime_tools/realtime_tools
-- Up-to-date: /home/mampane/Desktop/machine_tending_robot/ros2_kortex_ws/install/realtime_tools/include/realtime_tools/realtime_tools/realtime_buffer.hpp
-- Up-to-date: /home/mampane/Desktop/machine_tending_robot/ros2_kortex_ws/install/realtime_tools/include/realtime_tools/realtime_tools/realtime_clock.h
-- Up-to-date: /home/mampane/Desktop/machine_tending_robot/ros2_kortex_ws/install/realtime_tools/include/realtime_tools/realtime_tools/mutex.hpp
-- Up-to-date: /home/mampane/Desktop/machine_tending_robot/ros2_kortex_ws/install/realtime_tools/include/realtime_tools/realtime_tools/realtime_buffer.h
-- Up-to-date: /home/mampane/Desktop/machine_tending_robot/ros2_kortex_ws/install/realtime_tools/include/realtime_tools/realtime_tools/realtime_box_best_effort.hpp
-- Up-to-date: /home/mampane/Desktop/machine_tending_robot/ros2_kortex_ws/install/realtime_tools/include/realtime_tools/realtime_tools/realtime_clock.hpp
-- Up-to-date: /home/mampane/Desktop/machine_tending_robot/ros2_kortex_ws/install/realtime_tools/include/realtime_tools/realtime_tools/async_function_handler.hpp
-- Up-to-date: /home/mampane/Desktop/machine_tending_robot/ros2_kortex_ws/install/realtime_tools/include/realtime_tools/realtime_tools/realtime_server_goal_handle.h
-- Up-to-date: /home/mampane/Desktop/machine_tending_robot/ros2_kortex_ws/install/realtime_tools/include/realtime_tools/realtime_tools/realtime_helpers.hpp
-- Up-to-date: /home/mampane/Desktop/machine_tending_robot/ros2_kortex_ws/install/realtime_tools/include/realtime_tools/realtime_tools/realtime_box.hpp
-- Up-to-date: /home/mampane/Desktop/machine_tending_robot/ros2_kortex_ws/install/realtime_tools/include/realtime_tools/realtime_tools/realtime_box_best_effort.h
-- Up-to-date: /home/mampane/Desktop/machine_tending_robot/ros2_kortex_ws/install/realtime_tools/include/realtime_tools/realtime_tools/thread_priority.hpp
-- Up-to-date: /home/mampane/Desktop/machine_tending_robot/ros2_kortex_ws/install/realtime_tools/include/realtime_tools/realtime_tools/realtime_publisher.h
-- Up-to-date: /home/mampane/Desktop/machine_tending_robot/ros2_kortex_ws/install/realtime_tools/include/realtime_tools/realtime_tools/realtime_publisher.hpp
-- Up-to-date: /home/mampane/Desktop/machine_tending_robot/ros2_kortex_ws/install/realtime_tools/include/realtime_tools/realtime_tools/lock_free_queue.hpp
-- Up-to-date: /home/mampane/Desktop/machine_tending_robot/ros2_kortex_ws/install/realtime_tools/include/realtime_tools/realtime_tools/realtime_box.h
-- Up-to-date: /home/mampane/Desktop/machine_tending_robot/ros2_kortex_ws/install/realtime_tools/include/realtime_tools/realtime_tools/realtime_server_goal_handle.hpp
-- Up-to-date: /home/mampane/Desktop/machine_tending_robot/ros2_kortex_ws/install/realtime_tools/lib/librealtime_tools.so
-- Up-to-date: /home/mampane/Desktop/machine_tending_robot/ros2_kortex_ws/install/realtime_tools/lib/libthread_priority.so
-- Up-to-date: /home/mampane/Desktop/machine_tending_robot/ros2_kortex_ws/install/realtime_tools/share/realtime_tools/environment/library_path.sh
-- Up-to-date: /home/mampane/Desktop/machine_tending_robot/ros2_kortex_ws/install/realtime_tools/share/realtime_tools/environment/library_path.dsv
-- Up-to-date: /home/mampane/Desktop/machine_tending_robot/ros2_kortex_ws/install/realtime_tools/share/ament_index/resource_index/package_run_dependencies/realtime_tools
-- Up-to-date: /home/mampane/Desktop/machine_tending_robot/ros2_kortex_ws/install/realtime_tools/share/ament_index/resource_index/parent_prefix_path/realtime_tools
-- Up-to-date: /home/mampane/Desktop/machine_tending_robot/ros2_kortex_ws/install/realtime_tools/share/realtime_tools/environment/ament_prefix_path.sh
-- Up-to-date: /home/mampane/Desktop/machine_tending_robot/ros2_kortex_ws/install/realtime_tools/share/realtime_tools/environment/ament_prefix_path.dsv
-- Up-to-date: /home/mampane/Desktop/machine_tending_robot/ros2_kortex_ws/install/realtime_tools/share/realtime_tools/environment/path.sh
-- Up-to-date: /home/mampane/Desktop/machine_tending_robot/ros2_kortex_ws/install/realtime_tools/share/realtime_tools/environment/path.dsv
-- Up-to-date: /home/mampane/Desktop/machine_tending_robot/ros2_kortex_ws/install/realtime_tools/share/realtime_tools/local_setup.bash
-- Up-to-date: /home/mampane/Desktop/machine_tending_robot/ros2_kortex_ws/install/realtime_tools/share/realtime_tools/local_setup.sh
-- Up-to-date: /home/mampane/Desktop/machine_tending_robot/ros2_kortex_ws/install/realtime_tools/share/realtime_tools/local_setup.zsh
-- Up-to-date: /home/mampane/Desktop/machine_tending_robot/ros2_kortex_ws/install/realtime_tools/share/realtime_tools/local_setup.dsv
-- Installing: /home/mampane/Desktop/machine_tending_robot/ros2_kortex_ws/install/realtime_tools/share/realtime_tools/package.dsv
-- Up-to-date: /home/mampane/Desktop/machine_tending_robot/ros2_kortex_ws/install/realtime_tools/share/ament_index/resource_index/packages/realtime_tools
-- Up-to-date: /home/mampane/Desktop/machine_tending_robot/ros2_kortex_ws/install/realtime_tools/share/realtime_tools/cmake/export_realtime_toolsExport.cmake
-- Up-to-date: /home/mampane/Desktop/machine_tending_robot/ros2_kortex_ws/install/realtime_tools/share/realtime_tools/cmake/export_realtime_toolsExport-release.cmake
-- Up-to-date: /home/mampane/Desktop/machine_tending_robot/ros2_kortex_ws/install/realtime_tools/share/realtime_tools/cmake/ament_cmake_export_targets-extras.cmake
-- Up-to-date: /home/mampane/Desktop/machine_tending_robot/ros2_kortex_ws/install/realtime_tools/share/realtime_tools/cmake/ament_cmake_export_dependencies-extras.cmake
-- Up-to-date: /home/mampane/Desktop/machine_tending_robot/ros2_kortex_ws/install/realtime_tools/share/realtime_tools/cmake/realtime_toolsConfig.cmake
-- Up-to-date: /home/mampane/Desktop/machine_tending_robot/ros2_kortex_ws/install/realtime_tools/share/realtime_tools/cmake/realtime_toolsConfig-version.cmake
-- Up-to-date: /home/mampane/Desktop/machine_tending_robot/ros2_kortex_ws/install/realtime_tools/share/realtime_tools/package.xml
