-- The CXX compiler identification is GNU 11.4.0
-- Detecting CXX compiler ABI info
-- Detecting CXX compiler ABI info - done
-- Check for working CXX compiler: /usr/bin/c++ - skipped
-- Detecting CXX compile features
-- Detecting CXX compile features - done
-- Found ament_cmake: 1.3.11 (/opt/ros/humble/share/ament_cmake/cmake)
-- Found Python3: /usr/bin/python3 (found version "3.10.12") found components: Interpreter 
-- Found controller_interface: 2.48.0 (/home/mampane/Desktop/machine_tending_robot/ros2_kortex_ws/install/controller_interface/share/controller_interface/cmake)
-- Found rosidl_generator_c: 3.1.6 (/opt/ros/humble/share/rosidl_generator_c/cmake)
-- Found rosidl_adapter: 3.1.6 (/opt/ros/humble/share/rosidl_adapter/cmake)
-- Found rosidl_generator_cpp: 3.1.6 (/opt/ros/humble/share/rosidl_generator_cpp/cmake)
-- Using all available rosidl_typesupport_c: rosidl_typesupport_fastrtps_c;rosidl_typesupport_introspection_c
-- Using all available rosidl_typesupport_cpp: rosidl_typesupport_fastrtps_cpp;rosidl_typesupport_introspection_cpp
-- Found rmw_implementation_cmake: 6.1.2 (/opt/ros/humble/share/rmw_implementation_cmake/cmake)
-- Found rmw_fastrtps_cpp: 6.2.7 (/opt/ros/humble/share/rmw_fastrtps_cpp/cmake)
-- Found TinyXML2 via Config file: TinyXML2_DIR-NOTFOUND
-- Found OpenSSL: /usr/lib/x86_64-linux-gnu/libcrypto.so (found version "3.0.2")  
-- Found TinyXML2 via Config file: TinyXML2_DIR-NOTFOUND
-- Found FastRTPS: /opt/ros/humble/include  
-- Found TinyXML2 via Config file: TinyXML2_DIR-NOTFOUND
-- Found TinyXML2 via Config file: TinyXML2_DIR-NOTFOUND
-- Using RMW implementation 'rmw_fastrtps_cpp' as default
-- Looking for C++ include pthread.h
-- Looking for C++ include pthread.h - found
-- Performing Test CMAKE_HAVE_LIBC_PTHREAD
-- Performing Test CMAKE_HAVE_LIBC_PTHREAD - Success
-- Found Threads: TRUE  
-- Found generate_parameter_library: 0.4.0 (/opt/ros/humble/share/generate_parameter_library/cmake)
-- Found parameter_traits: 0.4.0 (/opt/ros/humble/share/parameter_traits/cmake)
-- Found nav_msgs: 4.2.4 (/opt/ros/humble/share/nav_msgs/cmake)
-- Found realtime_tools: 2.12.0 (/home/mampane/Desktop/machine_tending_robot/ros2_kortex_ws/install/realtime_tools/share/realtime_tools/cmake)
-- Found tf2: 0.25.12 (/opt/ros/humble/share/tf2/cmake)
-- Found tf2_msgs: 0.25.12 (/opt/ros/humble/share/tf2_msgs/cmake)
-- Found ament_cmake_gmock: 1.3.11 (/opt/ros/humble/share/ament_cmake_gmock/cmake)
-- Found controller_manager: 2.48.0 (/home/mampane/Desktop/machine_tending_robot/ros2_kortex_ws/install/controller_manager/share/controller_manager/cmake)
-- Found ros2_control_test_assets: 2.48.0 (/home/mampane/Desktop/machine_tending_robot/ros2_kortex_ws/install/ros2_control_test_assets/share/ros2_control_test_assets/cmake)
-- Found gmock sources under '/opt/ros/humble/src/gmock_vendor': C++ tests using 'Google Mock' will be built
-- The C compiler identification is GNU 11.4.0
-- Detecting C compiler ABI info
-- Detecting C compiler ABI info - done
-- Check for working C compiler: /usr/bin/cc - skipped
-- Detecting C compile features
-- Detecting C compile features - done
-- Found ament_cmake_gtest: 1.3.11 (/opt/ros/humble/share/ament_cmake_gtest/cmake)
-- Found gtest sources under '/opt/ros/humble/src/gtest_vendor': C++ tests using 'Google Test' will be built
-- Configuring done
-- Generating done
-- Build files have been written to: /home/mampane/Desktop/machine_tending_robot/ros2_kortex_ws/build/diff_drive_controller
[ 13%] [32mBuilding CXX object gmock/CMakeFiles/gmock.dir/src/gmock-all.cc.o[0m
[ 13%] [32mBuilding CXX object gmock/CMakeFiles/gmock_main.dir/src/gmock_main.cc.o[0m
[ 20%] [32mBuilding CXX object gmock/CMakeFiles/gmock.dir/opt/ros/humble/src/gtest_vendor/src/gtest-all.cc.o[0m
[ 26%] [34m[1mRunning `/opt/ros/humble/bin/generate_parameter_library_cpp /home/mampane/Desktop/machine_tending_robot/ros2_kortex_ws/build/diff_drive_controller/include/diff_drive_controller/diff_drive_controller_parameters.hpp /home/mampane/Desktop/machine_tending_robot/ros2_kortex_ws/src/ros2_controllers/diff_drive_controller/src/diff_drive_controller_parameter.yaml `[0m
[ 33%] [34m[1mCreating deprecated header file /home/mampane/Desktop/machine_tending_robot/ros2_kortex_ws/build/diff_drive_controller/include/diff_drive_controller_parameters.hpp[0m
[ 33%] Built target diff_drive_controller_parameters
[ 40%] [32mBuilding CXX object CMakeFiles/diff_drive_controller.dir/src/odometry.cpp.o[0m
[ 53%] [32mBuilding CXX object CMakeFiles/diff_drive_controller.dir/src/speed_limiter.cpp.o[0m
[ 53%] [32mBuilding CXX object CMakeFiles/diff_drive_controller.dir/src/diff_drive_controller.cpp.o[0m
[ 60%] [32m[1mLinking CXX static library libgmock_main.a[0m
[ 60%] Built target gmock_main
[ 66%] [32m[1mLinking CXX static library libgmock.a[0m
[ 66%] Built target gmock
[ 73%] [32mBuilding CXX object CMakeFiles/test_load_diff_drive_controller.dir/test/test_load_diff_drive_controller.cpp.o[0m
[ 80%] [32m[1mLinking CXX executable test_load_diff_drive_controller[0m
[ 80%] Built target test_load_diff_drive_controller
[ 86%] [32m[1mLinking CXX shared library libdiff_drive_controller.so[0m
[ 86%] Built target diff_drive_controller
[ 93%] [32mBuilding CXX object CMakeFiles/test_diff_drive_controller.dir/test/test_diff_drive_controller.cpp.o[0m
[100%] [32m[1mLinking CXX executable test_diff_drive_controller[0m
[100%] Built target test_diff_drive_controller
-- Install configuration: "Release"
-- Installing: /home/mampane/Desktop/machine_tending_robot/ros2_kortex_ws/install/diff_drive_controller/include/diff_drive_controller
-- Installing: /home/mampane/Desktop/machine_tending_robot/ros2_kortex_ws/install/diff_drive_controller/include/diff_drive_controller/diff_drive_controller_parameters.hpp
-- Installing: /home/mampane/Desktop/machine_tending_robot/ros2_kortex_ws/install/diff_drive_controller/share/diff_drive_controller/diff_drive_plugin.xml
-- Up-to-date: /home/mampane/Desktop/machine_tending_robot/ros2_kortex_ws/install/diff_drive_controller/include/diff_drive_controller
-- Installing: /home/mampane/Desktop/machine_tending_robot/ros2_kortex_ws/install/diff_drive_controller/include/diff_drive_controller/diff_drive_controller
-- Installing: /home/mampane/Desktop/machine_tending_robot/ros2_kortex_ws/install/diff_drive_controller/include/diff_drive_controller/diff_drive_controller/odometry.hpp
-- Installing: /home/mampane/Desktop/machine_tending_robot/ros2_kortex_ws/install/diff_drive_controller/include/diff_drive_controller/diff_drive_controller/speed_limiter.hpp
-- Installing: /home/mampane/Desktop/machine_tending_robot/ros2_kortex_ws/install/diff_drive_controller/include/diff_drive_controller/diff_drive_controller/visibility_control.h
-- Installing: /home/mampane/Desktop/machine_tending_robot/ros2_kortex_ws/install/diff_drive_controller/include/diff_drive_controller/diff_drive_controller/diff_drive_controller.hpp
-- Installing: /home/mampane/Desktop/machine_tending_robot/ros2_kortex_ws/install/diff_drive_controller/lib/libdiff_drive_controller.so
-- Set runtime path of "/home/mampane/Desktop/machine_tending_robot/ros2_kortex_ws/install/diff_drive_controller/lib/libdiff_drive_controller.so" to ""
-- Installing: /home/mampane/Desktop/machine_tending_robot/ros2_kortex_ws/install/diff_drive_controller/share/diff_drive_controller/environment/library_path.sh
-- Installing: /home/mampane/Desktop/machine_tending_robot/ros2_kortex_ws/install/diff_drive_controller/share/diff_drive_controller/environment/library_path.dsv
-- Installing: /home/mampane/Desktop/machine_tending_robot/ros2_kortex_ws/install/diff_drive_controller/share/ament_index/resource_index/package_run_dependencies/diff_drive_controller
-- Installing: /home/mampane/Desktop/machine_tending_robot/ros2_kortex_ws/install/diff_drive_controller/share/ament_index/resource_index/parent_prefix_path/diff_drive_controller
-- Installing: /home/mampane/Desktop/machine_tending_robot/ros2_kortex_ws/install/diff_drive_controller/share/diff_drive_controller/environment/ament_prefix_path.sh
-- Installing: /home/mampane/Desktop/machine_tending_robot/ros2_kortex_ws/install/diff_drive_controller/share/diff_drive_controller/environment/ament_prefix_path.dsv
-- Installing: /home/mampane/Desktop/machine_tending_robot/ros2_kortex_ws/install/diff_drive_controller/share/diff_drive_controller/environment/path.sh
-- Installing: /home/mampane/Desktop/machine_tending_robot/ros2_kortex_ws/install/diff_drive_controller/share/diff_drive_controller/environment/path.dsv
-- Installing: /home/mampane/Desktop/machine_tending_robot/ros2_kortex_ws/install/diff_drive_controller/share/diff_drive_controller/local_setup.bash
-- Installing: /home/mampane/Desktop/machine_tending_robot/ros2_kortex_ws/install/diff_drive_controller/share/diff_drive_controller/local_setup.sh
-- Installing: /home/mampane/Desktop/machine_tending_robot/ros2_kortex_ws/install/diff_drive_controller/share/diff_drive_controller/local_setup.zsh
-- Installing: /home/mampane/Desktop/machine_tending_robot/ros2_kortex_ws/install/diff_drive_controller/share/diff_drive_controller/local_setup.dsv
-- Installing: /home/mampane/Desktop/machine_tending_robot/ros2_kortex_ws/install/diff_drive_controller/share/diff_drive_controller/package.dsv
-- Installing: /home/mampane/Desktop/machine_tending_robot/ros2_kortex_ws/install/diff_drive_controller/share/ament_index/resource_index/packages/diff_drive_controller
-- Installing: /home/mampane/Desktop/machine_tending_robot/ros2_kortex_ws/install/diff_drive_controller/share/ament_index/resource_index/controller_interface__pluginlib__plugin/diff_drive_controller
-- Installing: /home/mampane/Desktop/machine_tending_robot/ros2_kortex_ws/install/diff_drive_controller/share/diff_drive_controller/cmake/export_diff_drive_controllerExport.cmake
-- Installing: /home/mampane/Desktop/machine_tending_robot/ros2_kortex_ws/install/diff_drive_controller/share/diff_drive_controller/cmake/export_diff_drive_controllerExport-release.cmake
-- Installing: /home/mampane/Desktop/machine_tending_robot/ros2_kortex_ws/install/diff_drive_controller/share/diff_drive_controller/cmake/ament_cmake_export_dependencies-extras.cmake
-- Installing: /home/mampane/Desktop/machine_tending_robot/ros2_kortex_ws/install/diff_drive_controller/share/diff_drive_controller/cmake/ament_cmake_export_targets-extras.cmake
-- Installing: /home/mampane/Desktop/machine_tending_robot/ros2_kortex_ws/install/diff_drive_controller/share/diff_drive_controller/cmake/diff_drive_controllerConfig.cmake
-- Installing: /home/mampane/Desktop/machine_tending_robot/ros2_kortex_ws/install/diff_drive_controller/share/diff_drive_controller/cmake/diff_drive_controllerConfig-version.cmake
-- Installing: /home/mampane/Desktop/machine_tending_robot/ros2_kortex_ws/install/diff_drive_controller/share/diff_drive_controller/package.xml
