[0.256s] Invoking command in '/home/mampane/Desktop/machine_tending_robot/ros2_kortex_ws/build/mecanum_drive_controller': AMENT_PREFIX_PATH=/home/mampane/Desktop/machine_tending_robot/ros2_kortex_ws/install/controller_manager:/home/mampane/Desktop/machine_tending_robot/ros2_kortex_ws/install/hardware_interface_testing:/home/mampane/Desktop/machine_tending_robot/ros2_kortex_ws/install/controller_interface:/home/mampane/Desktop/machine_tending_robot/ros2_kortex_ws/install/hardware_interface:/home/mampane/Desktop/machine_tending_robot/ros2_kortex_ws/install/ros2_control_test_assets:/home/mampane/Desktop/machine_tending_robot/ros2_kortex_ws/install/realtime_tools:/home/mampane/Desktop/machine_tending_robot/ros2_kortex_ws/install/controller_manager_msgs:/home/mampane/Desktop/machine_tending_robot/ros2_kortex_ws/install/control_msgs:${AMENT_PREFIX_PATH} CMAKE_PREFIX_PATH=/home/mampane/Desktop/machine_tending_robot/ros2_kortex_ws/install/controller_manager:/home/mampane/Desktop/machine_tending_robot/ros2_kortex_ws/install/hardware_interface_testing:/home/mampane/Desktop/machine_tending_robot/ros2_kortex_ws/install/controller_interface:/home/mampane/Desktop/machine_tending_robot/ros2_kortex_ws/install/hardware_interface:/home/mampane/Desktop/machine_tending_robot/ros2_kortex_ws/install/ros2_control_test_assets:/home/mampane/Desktop/machine_tending_robot/ros2_kortex_ws/install/realtime_tools:/home/mampane/Desktop/machine_tending_robot/ros2_kortex_ws/install/controller_manager_msgs:/home/mampane/Desktop/machine_tending_robot/ros2_kortex_ws/install/control_msgs:/opt/ros/humble LD_LIBRARY_PATH=/home/mampane/Desktop/machine_tending_robot/ros2_kortex_ws/install/controller_manager/lib:/home/mampane/Desktop/machine_tending_robot/ros2_kortex_ws/install/hardware_interface_testing/lib:/home/mampane/Desktop/machine_tending_robot/ros2_kortex_ws/install/controller_interface/lib:/home/mampane/Desktop/machine_tending_robot/ros2_kortex_ws/install/hardware_interface/lib:/home/mampane/Desktop/machine_tending_robot/ros2_kortex_ws/install/realtime_tools/lib:/home/mampane/Desktop/machine_tending_robot/ros2_kortex_ws/install/controller_manager_msgs/lib:/home/mampane/Desktop/machine_tending_robot/ros2_kortex_ws/install/control_msgs/lib:${LD_LIBRARY_PATH} PYTHONPATH=/home/mampane/Desktop/machine_tending_robot/ros2_kortex_ws/install/controller_manager/local/lib/python3.10/dist-packages:/home/mampane/Desktop/machine_tending_robot/ros2_kortex_ws/install/controller_manager_msgs/local/lib/python3.10/dist-packages:/home/mampane/Desktop/machine_tending_robot/ros2_kortex_ws/install/control_msgs/local/lib/python3.10/dist-packages:${PYTHONPATH} /usr/bin/cmake /home/mampane/Desktop/machine_tending_robot/ros2_kortex_ws/src/ros2_controllers/mecanum_drive_controller -DAMENT_CMAKE_SYMLINK_INSTALL=1 -DCMAKE_INSTALL_PREFIX=/home/mampane/Desktop/machine_tending_robot/ros2_kortex_ws/install/mecanum_drive_controller
[2.524s] -- The CXX compiler identification is GNU 11.4.0
[2.524s] -- Detecting CXX compiler ABI info
[2.524s] -- Detecting CXX compiler ABI info - done
[2.524s] -- Check for working CXX compiler: /usr/bin/c++ - skipped
[2.524s] -- Detecting CXX compile features
[2.524s] -- Detecting CXX compile features - done
[2.524s] -- Found ament_cmake: 1.3.11 (/opt/ros/humble/share/ament_cmake/cmake)
[2.524s] -- Found Python3: /usr/bin/python3 (found version "3.10.12") found components: Interpreter 
[2.524s] -- Override CMake install command with custom implementation using symlinks instead of copying resources
[2.524s] -- Found controller_interface: 2.48.0 (/home/mampane/Desktop/machine_tending_robot/ros2_kortex_ws/install/controller_interface/share/controller_interface/cmake)
[2.524s] -- Found rosidl_generator_c: 3.1.6 (/opt/ros/humble/share/rosidl_generator_c/cmake)
[2.524s] -- Found rosidl_adapter: 3.1.6 (/opt/ros/humble/share/rosidl_adapter/cmake)
[2.525s] -- Found rosidl_generator_cpp: 3.1.6 (/opt/ros/humble/share/rosidl_generator_cpp/cmake)
[2.525s] -- Using all available rosidl_typesupport_c: rosidl_typesupport_fastrtps_c;rosidl_typesupport_introspection_c
[2.525s] -- Using all available rosidl_typesupport_cpp: rosidl_typesupport_fastrtps_cpp;rosidl_typesupport_introspection_cpp
[2.525s] -- Found rmw_implementation_cmake: 6.1.2 (/opt/ros/humble/share/rmw_implementation_cmake/cmake)
[2.525s] -- Found rmw_fastrtps_cpp: 6.2.7 (/opt/ros/humble/share/rmw_fastrtps_cpp/cmake)
[2.525s] -- Found TinyXML2 via Config file: TinyXML2_DIR-NOTFOUND
[2.525s] -- Found OpenSSL: /usr/lib/x86_64-linux-gnu/libcrypto.so (found version "3.0.2")  
[2.525s] -- Found TinyXML2 via Config file: TinyXML2_DIR-NOTFOUND
[2.525s] -- Found FastRTPS: /opt/ros/humble/include  
[2.525s] -- Found TinyXML2 via Config file: TinyXML2_DIR-NOTFOUND
[2.525s] -- Found TinyXML2 via Config file: TinyXML2_DIR-NOTFOUND
[2.525s] -- Using RMW implementation 'rmw_fastrtps_cpp' as default
[2.525s] -- Looking for C++ include pthread.h
[2.666s] -- Looking for C++ include pthread.h - found
[2.666s] -- Performing Test CMAKE_HAVE_LIBC_PTHREAD
[2.907s] -- Performing Test CMAKE_HAVE_LIBC_PTHREAD - Success
[2.909s] -- Found Threads: TRUE  
[3.010s] -- Found generate_parameter_library: 0.4.0 (/opt/ros/humble/share/generate_parameter_library/cmake)
[3.014s] -- Found parameter_traits: 0.4.0 (/opt/ros/humble/share/parameter_traits/cmake)
[3.051s] -- Found nav_msgs: 4.2.4 (/opt/ros/humble/share/nav_msgs/cmake)
[3.080s] -- Found realtime_tools: 2.12.0 (/home/mampane/Desktop/machine_tending_robot/ros2_kortex_ws/install/realtime_tools/share/realtime_tools/cmake)
[3.126s] -- Found std_srvs: 4.2.4 (/opt/ros/humble/share/std_srvs/cmake)
[3.129s] -- Found tf2: 0.25.12 (/opt/ros/humble/share/tf2/cmake)
[3.130s] -- Found tf2_geometry_msgs: 0.25.12 (/opt/ros/humble/share/tf2_geometry_msgs/cmake)
[3.146s] -- Found eigen3_cmake_module: 0.1.1 (/opt/ros/humble/share/eigen3_cmake_module/cmake)
[3.148s] -- Found Eigen3: TRUE (found version "3.4.0") 
[3.148s] -- Ensuring Eigen3 include directory is part of orocos-kdl CMake target
[3.546s] -- Found ament_cmake_gmock: 1.3.11 (/opt/ros/humble/share/ament_cmake_gmock/cmake)
[3.550s] -- Found controller_manager: 2.48.0 (/home/mampane/Desktop/machine_tending_robot/ros2_kortex_ws/install/controller_manager/share/controller_manager/cmake)
[3.784s] -- Found ros2_control_test_assets: 2.48.0 (/home/mampane/Desktop/machine_tending_robot/ros2_kortex_ws/install/ros2_control_test_assets/share/ros2_control_test_assets/cmake)
[3.787s] -- Found gmock sources under '/opt/ros/humble/src/gmock_vendor': C++ tests using 'Google Mock' will be built
[3.983s] -- The C compiler identification is GNU 11.4.0
[4.041s] -- Detecting C compiler ABI info
[4.534s] -- Detecting C compiler ABI info - done
[4.557s] -- Check for working C compiler: /usr/bin/cc - skipped
[4.557s] -- Detecting C compile features
[4.558s] -- Detecting C compile features - done
[4.586s] -- Found ament_cmake_gtest: 1.3.11 (/opt/ros/humble/share/ament_cmake_gtest/cmake)
[4.589s] -- Found gtest sources under '/opt/ros/humble/src/gtest_vendor': C++ tests using 'Google Test' will be built
[5.673s] -- Configuring done
[5.997s] -- Generating done
[6.036s] -- Build files have been written to: /home/mampane/Desktop/machine_tending_robot/ros2_kortex_ws/build/mecanum_drive_controller
[6.074s] Invoked command in '/home/mampane/Desktop/machine_tending_robot/ros2_kortex_ws/build/mecanum_drive_controller' returned '0': AMENT_PREFIX_PATH=/home/mampane/Desktop/machine_tending_robot/ros2_kortex_ws/install/controller_manager:/home/mampane/Desktop/machine_tending_robot/ros2_kortex_ws/install/hardware_interface_testing:/home/mampane/Desktop/machine_tending_robot/ros2_kortex_ws/install/controller_interface:/home/mampane/Desktop/machine_tending_robot/ros2_kortex_ws/install/hardware_interface:/home/mampane/Desktop/machine_tending_robot/ros2_kortex_ws/install/ros2_control_test_assets:/home/mampane/Desktop/machine_tending_robot/ros2_kortex_ws/install/realtime_tools:/home/mampane/Desktop/machine_tending_robot/ros2_kortex_ws/install/controller_manager_msgs:/home/mampane/Desktop/machine_tending_robot/ros2_kortex_ws/install/control_msgs:${AMENT_PREFIX_PATH} CMAKE_PREFIX_PATH=/home/mampane/Desktop/machine_tending_robot/ros2_kortex_ws/install/controller_manager:/home/mampane/Desktop/machine_tending_robot/ros2_kortex_ws/install/hardware_interface_testing:/home/mampane/Desktop/machine_tending_robot/ros2_kortex_ws/install/controller_interface:/home/mampane/Desktop/machine_tending_robot/ros2_kortex_ws/install/hardware_interface:/home/mampane/Desktop/machine_tending_robot/ros2_kortex_ws/install/ros2_control_test_assets:/home/mampane/Desktop/machine_tending_robot/ros2_kortex_ws/install/realtime_tools:/home/mampane/Desktop/machine_tending_robot/ros2_kortex_ws/install/controller_manager_msgs:/home/mampane/Desktop/machine_tending_robot/ros2_kortex_ws/install/control_msgs:/opt/ros/humble LD_LIBRARY_PATH=/home/mampane/Desktop/machine_tending_robot/ros2_kortex_ws/install/controller_manager/lib:/home/mampane/Desktop/machine_tending_robot/ros2_kortex_ws/install/hardware_interface_testing/lib:/home/mampane/Desktop/machine_tending_robot/ros2_kortex_ws/install/controller_interface/lib:/home/mampane/Desktop/machine_tending_robot/ros2_kortex_ws/install/hardware_interface/lib:/home/mampane/Desktop/machine_tending_robot/ros2_kortex_ws/install/realtime_tools/lib:/home/mampane/Desktop/machine_tending_robot/ros2_kortex_ws/install/controller_manager_msgs/lib:/home/mampane/Desktop/machine_tending_robot/ros2_kortex_ws/install/control_msgs/lib:${LD_LIBRARY_PATH} PYTHONPATH=/home/mampane/Desktop/machine_tending_robot/ros2_kortex_ws/install/controller_manager/local/lib/python3.10/dist-packages:/home/mampane/Desktop/machine_tending_robot/ros2_kortex_ws/install/controller_manager_msgs/local/lib/python3.10/dist-packages:/home/mampane/Desktop/machine_tending_robot/ros2_kortex_ws/install/control_msgs/local/lib/python3.10/dist-packages:${PYTHONPATH} /usr/bin/cmake /home/mampane/Desktop/machine_tending_robot/ros2_kortex_ws/src/ros2_controllers/mecanum_drive_controller -DAMENT_CMAKE_SYMLINK_INSTALL=1 -DCMAKE_INSTALL_PREFIX=/home/mampane/Desktop/machine_tending_robot/ros2_kortex_ws/install/mecanum_drive_controller
[6.075s] Invoking command in '/home/mampane/Desktop/machine_tending_robot/ros2_kortex_ws/build/mecanum_drive_controller': AMENT_PREFIX_PATH=/home/mampane/Desktop/machine_tending_robot/ros2_kortex_ws/install/controller_manager:/home/mampane/Desktop/machine_tending_robot/ros2_kortex_ws/install/hardware_interface_testing:/home/mampane/Desktop/machine_tending_robot/ros2_kortex_ws/install/controller_interface:/home/mampane/Desktop/machine_tending_robot/ros2_kortex_ws/install/hardware_interface:/home/mampane/Desktop/machine_tending_robot/ros2_kortex_ws/install/ros2_control_test_assets:/home/mampane/Desktop/machine_tending_robot/ros2_kortex_ws/install/realtime_tools:/home/mampane/Desktop/machine_tending_robot/ros2_kortex_ws/install/controller_manager_msgs:/home/mampane/Desktop/machine_tending_robot/ros2_kortex_ws/install/control_msgs:${AMENT_PREFIX_PATH} CMAKE_PREFIX_PATH=/home/mampane/Desktop/machine_tending_robot/ros2_kortex_ws/install/controller_manager:/home/mampane/Desktop/machine_tending_robot/ros2_kortex_ws/install/hardware_interface_testing:/home/mampane/Desktop/machine_tending_robot/ros2_kortex_ws/install/controller_interface:/home/mampane/Desktop/machine_tending_robot/ros2_kortex_ws/install/hardware_interface:/home/mampane/Desktop/machine_tending_robot/ros2_kortex_ws/install/ros2_control_test_assets:/home/mampane/Desktop/machine_tending_robot/ros2_kortex_ws/install/realtime_tools:/home/mampane/Desktop/machine_tending_robot/ros2_kortex_ws/install/controller_manager_msgs:/home/mampane/Desktop/machine_tending_robot/ros2_kortex_ws/install/control_msgs:/opt/ros/humble LD_LIBRARY_PATH=/home/mampane/Desktop/machine_tending_robot/ros2_kortex_ws/install/controller_manager/lib:/home/mampane/Desktop/machine_tending_robot/ros2_kortex_ws/install/hardware_interface_testing/lib:/home/mampane/Desktop/machine_tending_robot/ros2_kortex_ws/install/controller_interface/lib:/home/mampane/Desktop/machine_tending_robot/ros2_kortex_ws/install/hardware_interface/lib:/home/mampane/Desktop/machine_tending_robot/ros2_kortex_ws/install/realtime_tools/lib:/home/mampane/Desktop/machine_tending_robot/ros2_kortex_ws/install/controller_manager_msgs/lib:/home/mampane/Desktop/machine_tending_robot/ros2_kortex_ws/install/control_msgs/lib:${LD_LIBRARY_PATH} PYTHONPATH=/home/mampane/Desktop/machine_tending_robot/ros2_kortex_ws/install/controller_manager/local/lib/python3.10/dist-packages:/home/mampane/Desktop/machine_tending_robot/ros2_kortex_ws/install/controller_manager_msgs/local/lib/python3.10/dist-packages:/home/mampane/Desktop/machine_tending_robot/ros2_kortex_ws/install/control_msgs/local/lib/python3.10/dist-packages:${PYTHONPATH} /usr/bin/cmake --build /home/mampane/Desktop/machine_tending_robot/ros2_kortex_ws/build/mecanum_drive_controller -- -j20 -l20
[56.504s] [  6%] [34m[1mRunning `/opt/ros/humble/bin/generate_parameter_library_cpp /home/mampane/Desktop/machine_tending_robot/ros2_kortex_ws/build/mecanum_drive_controller/include/mecanum_drive_controller/mecanum_drive_controller_parameters.hpp /home/mampane/Desktop/machine_tending_robot/ros2_kortex_ws/src/ros2_controllers/mecanum_drive_controller/src/mecanum_drive_controller.yaml `[0m
[56.506s] [ 12%] [32mBuilding CXX object gmock/CMakeFiles/gmock.dir/opt/ros/humble/src/gtest_vendor/src/gtest-all.cc.o[0m
[56.506s] [ 18%] [32mBuilding CXX object gmock/CMakeFiles/gmock.dir/src/gmock-all.cc.o[0m
[56.506s] [ 25%] [32mBuilding CXX object gmock/CMakeFiles/gmock_main.dir/src/gmock_main.cc.o[0m
[56.506s] [ 31%] [34m[1mCreating deprecated header file /home/mampane/Desktop/machine_tending_robot/ros2_kortex_ws/build/mecanum_drive_controller/include/mecanum_drive_controller_parameters.hpp[0m
[56.506s] [ 31%] Built target mecanum_drive_controller_parameters
[56.507s] [ 37%] [32mBuilding CXX object CMakeFiles/mecanum_drive_controller.dir/src/mecanum_drive_controller.cpp.o[0m
[56.507s] [ 43%] [32mBuilding CXX object CMakeFiles/mecanum_drive_controller.dir/src/odometry.cpp.o[0m
[56.507s] [ 50%] [32m[1mLinking CXX static library libgmock_main.a[0m
[56.507s] [ 50%] Built target gmock_main
[56.507s] [ 56%] [32m[1mLinking CXX static library libgmock.a[0m
[56.507s] [ 56%] Built target gmock
[56.507s] [ 62%] [32m[1mLinking CXX shared library libmecanum_drive_controller.so[0m
[56.508s] [ 62%] Built target mecanum_drive_controller
[56.508s] [ 68%] [32mBuilding CXX object CMakeFiles/test_load_mecanum_drive_controller.dir/test/test_load_mecanum_drive_controller.cpp.o[0m
[56.508s] [ 75%] [32m[1mLinking CXX executable test_load_mecanum_drive_controller[0m
[56.508s] [ 75%] Built target test_load_mecanum_drive_controller
[56.508s] [ 81%] [32mBuilding CXX object CMakeFiles/test_mecanum_drive_controller_preceeding.dir/test/test_mecanum_drive_controller_preceeding.cpp.o[0m
[68.159s] [ 87%] [32m[1mLinking CXX executable test_mecanum_drive_controller_preceeding[0m
[69.149s] [ 87%] Built target test_mecanum_drive_controller_preceeding
[69.182s] [ 93%] [32mBuilding CXX object CMakeFiles/test_mecanum_drive_controller.dir/test/test_mecanum_drive_controller.cpp.o[0m
[89.060s] [100%] [32m[1mLinking CXX executable test_mecanum_drive_controller[0m
[90.977s] [100%] Built target test_mecanum_drive_controller
[90.994s] Invoked command in '/home/mampane/Desktop/machine_tending_robot/ros2_kortex_ws/build/mecanum_drive_controller' returned '0': AMENT_PREFIX_PATH=/home/mampane/Desktop/machine_tending_robot/ros2_kortex_ws/install/controller_manager:/home/mampane/Desktop/machine_tending_robot/ros2_kortex_ws/install/hardware_interface_testing:/home/mampane/Desktop/machine_tending_robot/ros2_kortex_ws/install/controller_interface:/home/mampane/Desktop/machine_tending_robot/ros2_kortex_ws/install/hardware_interface:/home/mampane/Desktop/machine_tending_robot/ros2_kortex_ws/install/ros2_control_test_assets:/home/mampane/Desktop/machine_tending_robot/ros2_kortex_ws/install/realtime_tools:/home/mampane/Desktop/machine_tending_robot/ros2_kortex_ws/install/controller_manager_msgs:/home/mampane/Desktop/machine_tending_robot/ros2_kortex_ws/install/control_msgs:${AMENT_PREFIX_PATH} CMAKE_PREFIX_PATH=/home/mampane/Desktop/machine_tending_robot/ros2_kortex_ws/install/controller_manager:/home/mampane/Desktop/machine_tending_robot/ros2_kortex_ws/install/hardware_interface_testing:/home/mampane/Desktop/machine_tending_robot/ros2_kortex_ws/install/controller_interface:/home/mampane/Desktop/machine_tending_robot/ros2_kortex_ws/install/hardware_interface:/home/mampane/Desktop/machine_tending_robot/ros2_kortex_ws/install/ros2_control_test_assets:/home/mampane/Desktop/machine_tending_robot/ros2_kortex_ws/install/realtime_tools:/home/mampane/Desktop/machine_tending_robot/ros2_kortex_ws/install/controller_manager_msgs:/home/mampane/Desktop/machine_tending_robot/ros2_kortex_ws/install/control_msgs:/opt/ros/humble LD_LIBRARY_PATH=/home/mampane/Desktop/machine_tending_robot/ros2_kortex_ws/install/controller_manager/lib:/home/mampane/Desktop/machine_tending_robot/ros2_kortex_ws/install/hardware_interface_testing/lib:/home/mampane/Desktop/machine_tending_robot/ros2_kortex_ws/install/controller_interface/lib:/home/mampane/Desktop/machine_tending_robot/ros2_kortex_ws/install/hardware_interface/lib:/home/mampane/Desktop/machine_tending_robot/ros2_kortex_ws/install/realtime_tools/lib:/home/mampane/Desktop/machine_tending_robot/ros2_kortex_ws/install/controller_manager_msgs/lib:/home/mampane/Desktop/machine_tending_robot/ros2_kortex_ws/install/control_msgs/lib:${LD_LIBRARY_PATH} PYTHONPATH=/home/mampane/Desktop/machine_tending_robot/ros2_kortex_ws/install/controller_manager/local/lib/python3.10/dist-packages:/home/mampane/Desktop/machine_tending_robot/ros2_kortex_ws/install/controller_manager_msgs/local/lib/python3.10/dist-packages:/home/mampane/Desktop/machine_tending_robot/ros2_kortex_ws/install/control_msgs/local/lib/python3.10/dist-packages:${PYTHONPATH} /usr/bin/cmake --build /home/mampane/Desktop/machine_tending_robot/ros2_kortex_ws/build/mecanum_drive_controller -- -j20 -l20
[90.997s] Invoking command in '/home/mampane/Desktop/machine_tending_robot/ros2_kortex_ws/build/mecanum_drive_controller': AMENT_PREFIX_PATH=/home/mampane/Desktop/machine_tending_robot/ros2_kortex_ws/install/controller_manager:/home/mampane/Desktop/machine_tending_robot/ros2_kortex_ws/install/hardware_interface_testing:/home/mampane/Desktop/machine_tending_robot/ros2_kortex_ws/install/controller_interface:/home/mampane/Desktop/machine_tending_robot/ros2_kortex_ws/install/hardware_interface:/home/mampane/Desktop/machine_tending_robot/ros2_kortex_ws/install/ros2_control_test_assets:/home/mampane/Desktop/machine_tending_robot/ros2_kortex_ws/install/realtime_tools:/home/mampane/Desktop/machine_tending_robot/ros2_kortex_ws/install/controller_manager_msgs:/home/mampane/Desktop/machine_tending_robot/ros2_kortex_ws/install/control_msgs:${AMENT_PREFIX_PATH} CMAKE_PREFIX_PATH=/home/mampane/Desktop/machine_tending_robot/ros2_kortex_ws/install/controller_manager:/home/mampane/Desktop/machine_tending_robot/ros2_kortex_ws/install/hardware_interface_testing:/home/mampane/Desktop/machine_tending_robot/ros2_kortex_ws/install/controller_interface:/home/mampane/Desktop/machine_tending_robot/ros2_kortex_ws/install/hardware_interface:/home/mampane/Desktop/machine_tending_robot/ros2_kortex_ws/install/ros2_control_test_assets:/home/mampane/Desktop/machine_tending_robot/ros2_kortex_ws/install/realtime_tools:/home/mampane/Desktop/machine_tending_robot/ros2_kortex_ws/install/controller_manager_msgs:/home/mampane/Desktop/machine_tending_robot/ros2_kortex_ws/install/control_msgs:/opt/ros/humble LD_LIBRARY_PATH=/home/mampane/Desktop/machine_tending_robot/ros2_kortex_ws/install/controller_manager/lib:/home/mampane/Desktop/machine_tending_robot/ros2_kortex_ws/install/hardware_interface_testing/lib:/home/mampane/Desktop/machine_tending_robot/ros2_kortex_ws/install/controller_interface/lib:/home/mampane/Desktop/machine_tending_robot/ros2_kortex_ws/install/hardware_interface/lib:/home/mampane/Desktop/machine_tending_robot/ros2_kortex_ws/install/realtime_tools/lib:/home/mampane/Desktop/machine_tending_robot/ros2_kortex_ws/install/controller_manager_msgs/lib:/home/mampane/Desktop/machine_tending_robot/ros2_kortex_ws/install/control_msgs/lib:${LD_LIBRARY_PATH} PYTHONPATH=/home/mampane/Desktop/machine_tending_robot/ros2_kortex_ws/install/controller_manager/local/lib/python3.10/dist-packages:/home/mampane/Desktop/machine_tending_robot/ros2_kortex_ws/install/controller_manager_msgs/local/lib/python3.10/dist-packages:/home/mampane/Desktop/machine_tending_robot/ros2_kortex_ws/install/control_msgs/local/lib/python3.10/dist-packages:${PYTHONPATH} /usr/bin/cmake --install /home/mampane/Desktop/machine_tending_robot/ros2_kortex_ws/build/mecanum_drive_controller
[91.007s] -- Install configuration: ""
[91.008s] -- Execute custom install script
[91.009s] -- Symlinking: /home/mampane/Desktop/machine_tending_robot/ros2_kortex_ws/install/mecanum_drive_controller/include/mecanum_drive_controller/mecanum_drive_controller_parameters.hpp
[91.021s] -- Symlinking: /home/mampane/Desktop/machine_tending_robot/ros2_kortex_ws/install/mecanum_drive_controller/share/mecanum_drive_controller//mecanum_drive_controller.xml
[91.034s] -- Symlinking: /home/mampane/Desktop/machine_tending_robot/ros2_kortex_ws/install/mecanum_drive_controller/include/mecanum_drive_controller/mecanum_drive_controller/mecanum_drive_controller.hpp
[91.047s] -- Symlinking: /home/mampane/Desktop/machine_tending_robot/ros2_kortex_ws/install/mecanum_drive_controller/include/mecanum_drive_controller/mecanum_drive_controller/odometry.hpp
[91.059s] -- Symlinking: /home/mampane/Desktop/machine_tending_robot/ros2_kortex_ws/install/mecanum_drive_controller/include/mecanum_drive_controller/mecanum_drive_controller/visibility_control.h
[91.071s] -- Symlinking: /home/mampane/Desktop/machine_tending_robot/ros2_kortex_ws/install/mecanum_drive_controller/share/mecanum_drive_controller/environment/library_path.sh
[91.081s] -- Symlinking: /home/mampane/Desktop/machine_tending_robot/ros2_kortex_ws/install/mecanum_drive_controller/share/mecanum_drive_controller/environment/library_path.dsv
[91.096s] -- Symlinking: /home/mampane/Desktop/machine_tending_robot/ros2_kortex_ws/install/mecanum_drive_controller/share/ament_index/resource_index/package_run_dependencies/mecanum_drive_controller
[91.110s] -- Symlinking: /home/mampane/Desktop/machine_tending_robot/ros2_kortex_ws/install/mecanum_drive_controller/share/ament_index/resource_index/parent_prefix_path/mecanum_drive_controller
[91.123s] -- Symlinking: /home/mampane/Desktop/machine_tending_robot/ros2_kortex_ws/install/mecanum_drive_controller/share/mecanum_drive_controller/environment/ament_prefix_path.sh
[91.145s] -- Symlinking: /home/mampane/Desktop/machine_tending_robot/ros2_kortex_ws/install/mecanum_drive_controller/share/mecanum_drive_controller/environment/ament_prefix_path.dsv
[91.158s] -- Symlinking: /home/mampane/Desktop/machine_tending_robot/ros2_kortex_ws/install/mecanum_drive_controller/share/mecanum_drive_controller/environment/path.sh
[91.167s] -- Symlinking: /home/mampane/Desktop/machine_tending_robot/ros2_kortex_ws/install/mecanum_drive_controller/share/mecanum_drive_controller/environment/path.dsv
[91.177s] -- Symlinking: /home/mampane/Desktop/machine_tending_robot/ros2_kortex_ws/install/mecanum_drive_controller/share/mecanum_drive_controller/local_setup.bash
[91.187s] -- Symlinking: /home/mampane/Desktop/machine_tending_robot/ros2_kortex_ws/install/mecanum_drive_controller/share/mecanum_drive_controller/local_setup.sh
[91.196s] -- Symlinking: /home/mampane/Desktop/machine_tending_robot/ros2_kortex_ws/install/mecanum_drive_controller/share/mecanum_drive_controller/local_setup.zsh
[91.205s] -- Symlinking: /home/mampane/Desktop/machine_tending_robot/ros2_kortex_ws/install/mecanum_drive_controller/share/mecanum_drive_controller/local_setup.dsv
[91.217s] -- Symlinking: /home/mampane/Desktop/machine_tending_robot/ros2_kortex_ws/install/mecanum_drive_controller/share/mecanum_drive_controller/package.dsv
[91.230s] -- Symlinking: /home/mampane/Desktop/machine_tending_robot/ros2_kortex_ws/install/mecanum_drive_controller/share/ament_index/resource_index/packages/mecanum_drive_controller
[91.242s] -- Symlinking: /home/mampane/Desktop/machine_tending_robot/ros2_kortex_ws/install/mecanum_drive_controller/share/ament_index/resource_index/controller_interface__pluginlib__plugin/mecanum_drive_controller
[91.254s] -- Symlinking: /home/mampane/Desktop/machine_tending_robot/ros2_kortex_ws/install/mecanum_drive_controller/share/mecanum_drive_controller/cmake/ament_cmake_export_dependencies-extras.cmake
[91.267s] -- Symlinking: /home/mampane/Desktop/machine_tending_robot/ros2_kortex_ws/install/mecanum_drive_controller/share/mecanum_drive_controller/cmake/ament_cmake_export_targets-extras.cmake
[91.278s] -- Symlinking: /home/mampane/Desktop/machine_tending_robot/ros2_kortex_ws/install/mecanum_drive_controller/share/mecanum_drive_controller/cmake/mecanum_drive_controllerConfig.cmake
[91.291s] -- Symlinking: /home/mampane/Desktop/machine_tending_robot/ros2_kortex_ws/install/mecanum_drive_controller/share/mecanum_drive_controller/cmake/mecanum_drive_controllerConfig-version.cmake
[91.304s] -- Symlinking: /home/mampane/Desktop/machine_tending_robot/ros2_kortex_ws/install/mecanum_drive_controller/share/mecanum_drive_controller/package.xml
[91.318s] -- Installing: /home/mampane/Desktop/machine_tending_robot/ros2_kortex_ws/install/mecanum_drive_controller/lib/libmecanum_drive_controller.so
[91.329s] -- Set runtime path of "/home/mampane/Desktop/machine_tending_robot/ros2_kortex_ws/install/mecanum_drive_controller/lib/libmecanum_drive_controller.so" to ""
[91.329s] -- Installing: /home/mampane/Desktop/machine_tending_robot/ros2_kortex_ws/install/mecanum_drive_controller/share/mecanum_drive_controller/cmake/export_mecanum_drive_controllerExport.cmake
[91.330s] -- Installing: /home/mampane/Desktop/machine_tending_robot/ros2_kortex_ws/install/mecanum_drive_controller/share/mecanum_drive_controller/cmake/export_mecanum_drive_controllerExport-noconfig.cmake
[91.348s] Invoked command in '/home/mampane/Desktop/machine_tending_robot/ros2_kortex_ws/build/mecanum_drive_controller' returned '0': AMENT_PREFIX_PATH=/home/mampane/Desktop/machine_tending_robot/ros2_kortex_ws/install/controller_manager:/home/mampane/Desktop/machine_tending_robot/ros2_kortex_ws/install/hardware_interface_testing:/home/mampane/Desktop/machine_tending_robot/ros2_kortex_ws/install/controller_interface:/home/mampane/Desktop/machine_tending_robot/ros2_kortex_ws/install/hardware_interface:/home/mampane/Desktop/machine_tending_robot/ros2_kortex_ws/install/ros2_control_test_assets:/home/mampane/Desktop/machine_tending_robot/ros2_kortex_ws/install/realtime_tools:/home/mampane/Desktop/machine_tending_robot/ros2_kortex_ws/install/controller_manager_msgs:/home/mampane/Desktop/machine_tending_robot/ros2_kortex_ws/install/control_msgs:${AMENT_PREFIX_PATH} CMAKE_PREFIX_PATH=/home/mampane/Desktop/machine_tending_robot/ros2_kortex_ws/install/controller_manager:/home/mampane/Desktop/machine_tending_robot/ros2_kortex_ws/install/hardware_interface_testing:/home/mampane/Desktop/machine_tending_robot/ros2_kortex_ws/install/controller_interface:/home/mampane/Desktop/machine_tending_robot/ros2_kortex_ws/install/hardware_interface:/home/mampane/Desktop/machine_tending_robot/ros2_kortex_ws/install/ros2_control_test_assets:/home/mampane/Desktop/machine_tending_robot/ros2_kortex_ws/install/realtime_tools:/home/mampane/Desktop/machine_tending_robot/ros2_kortex_ws/install/controller_manager_msgs:/home/mampane/Desktop/machine_tending_robot/ros2_kortex_ws/install/control_msgs:/opt/ros/humble LD_LIBRARY_PATH=/home/mampane/Desktop/machine_tending_robot/ros2_kortex_ws/install/controller_manager/lib:/home/mampane/Desktop/machine_tending_robot/ros2_kortex_ws/install/hardware_interface_testing/lib:/home/mampane/Desktop/machine_tending_robot/ros2_kortex_ws/install/controller_interface/lib:/home/mampane/Desktop/machine_tending_robot/ros2_kortex_ws/install/hardware_interface/lib:/home/mampane/Desktop/machine_tending_robot/ros2_kortex_ws/install/realtime_tools/lib:/home/mampane/Desktop/machine_tending_robot/ros2_kortex_ws/install/controller_manager_msgs/lib:/home/mampane/Desktop/machine_tending_robot/ros2_kortex_ws/install/control_msgs/lib:${LD_LIBRARY_PATH} PYTHONPATH=/home/mampane/Desktop/machine_tending_robot/ros2_kortex_ws/install/controller_manager/local/lib/python3.10/dist-packages:/home/mampane/Desktop/machine_tending_robot/ros2_kortex_ws/install/controller_manager_msgs/local/lib/python3.10/dist-packages:/home/mampane/Desktop/machine_tending_robot/ros2_kortex_ws/install/control_msgs/local/lib/python3.10/dist-packages:${PYTHONPATH} /usr/bin/cmake --install /home/mampane/Desktop/machine_tending_robot/ros2_kortex_ws/build/mecanum_drive_controller
