[0.016s] Invoking command in '/home/mampane/Desktop/machine_tending_robot/ros2_kortex_ws/build/serial': CMAKE_PREFIX_PATH=/opt/ros/humble /usr/bin/cmake /home/mampane/Desktop/machine_tending_robot/ros2_kortex_ws/src/serial -DAMENT_CMAKE_SYMLINK_INSTALL=1 -DCMAKE_INSTALL_PREFIX=/home/mampane/Desktop/machine_tending_robot/ros2_kortex_ws/install/serial
[0.064s] -- The C compiler identification is GNU 11.4.0
[0.111s] -- The CXX compiler identification is GNU 11.4.0
[0.118s] -- Detecting C compiler ABI info
[0.167s] -- Detecting C compiler ABI info - done
[0.176s] -- Check for working C compiler: /usr/bin/cc - skipped
[0.176s] -- Detecting C compile features
[0.177s] -- Detecting C compile features - done
[0.180s] -- Detecting CXX compiler ABI info
[0.249s] -- Detecting CXX compiler ABI info - done
[0.258s] -- Check for working CXX compiler: /usr/bin/c++ - skipped
[0.258s] -- Detecting CXX compile features
[0.258s] -- Detecting CXX compile features - done
[0.261s] -- Found ament_cmake: 1.3.11 (/opt/ros/humble/share/ament_cmake/cmake)
[0.405s] -- Found Python3: /usr/bin/python3 (found version "3.10.12") found components: Interpreter 
[0.447s] -- Override CMake install command with custom implementation using symlinks instead of copying resources
[0.513s] -- Configuring done
[0.515s] -- Generating done
[0.516s] -- Build files have been written to: /home/mampane/Desktop/machine_tending_robot/ros2_kortex_ws/build/serial
[0.519s] Invoked command in '/home/mampane/Desktop/machine_tending_robot/ros2_kortex_ws/build/serial' returned '0': CMAKE_PREFIX_PATH=/opt/ros/humble /usr/bin/cmake /home/mampane/Desktop/machine_tending_robot/ros2_kortex_ws/src/serial -DAMENT_CMAKE_SYMLINK_INSTALL=1 -DCMAKE_INSTALL_PREFIX=/home/mampane/Desktop/machine_tending_robot/ros2_kortex_ws/install/serial
[0.521s] Invoking command in '/home/mampane/Desktop/machine_tending_robot/ros2_kortex_ws/build/serial': CMAKE_PREFIX_PATH=/opt/ros/humble /usr/bin/cmake --build /home/mampane/Desktop/machine_tending_robot/ros2_kortex_ws/build/serial -- -j20 -l20
[0.556s] [ 50%] [32mBuilding CXX object CMakeFiles/serial.dir/src/impl/unix.cc.o[0m
[0.556s] [ 50%] [32mBuilding CXX object CMakeFiles/serial.dir/src/serial.cc.o[0m
[0.558s] [ 75%] [32mBuilding CXX object CMakeFiles/serial.dir/src/impl/list_ports/list_ports_linux.cc.o[0m
[1.116s] [100%] [32m[1mLinking CXX static library libserial.a[0m
[1.159s] [100%] Built target serial
[1.167s] Invoked command in '/home/mampane/Desktop/machine_tending_robot/ros2_kortex_ws/build/serial' returned '0': CMAKE_PREFIX_PATH=/opt/ros/humble /usr/bin/cmake --build /home/mampane/Desktop/machine_tending_robot/ros2_kortex_ws/build/serial -- -j20 -l20
[1.168s] Invoking command in '/home/mampane/Desktop/machine_tending_robot/ros2_kortex_ws/build/serial': CMAKE_PREFIX_PATH=/opt/ros/humble /usr/bin/cmake --install /home/mampane/Desktop/machine_tending_robot/ros2_kortex_ws/build/serial
[1.176s] -- Install configuration: ""
[1.176s] -- Execute custom install script
[1.177s] -- Symlinking: /home/mampane/Desktop/machine_tending_robot/ros2_kortex_ws/install/serial/include/serial/impl/unix.h
[1.183s] -- Symlinking: /home/mampane/Desktop/machine_tending_robot/ros2_kortex_ws/install/serial/include/serial/impl/win.h
[1.189s] -- Symlinking: /home/mampane/Desktop/machine_tending_robot/ros2_kortex_ws/install/serial/include/serial/serial.h
[1.194s] -- Symlinking: /home/mampane/Desktop/machine_tending_robot/ros2_kortex_ws/install/serial/include/serial/v8stdint.h
[1.200s] -- Symlinking: /home/mampane/Desktop/machine_tending_robot/ros2_kortex_ws/install/serial/share/serial/environment/library_path.sh
[1.206s] -- Symlinking: /home/mampane/Desktop/machine_tending_robot/ros2_kortex_ws/install/serial/share/serial/environment/library_path.dsv
[1.215s] -- Symlinking: /home/mampane/Desktop/machine_tending_robot/ros2_kortex_ws/install/serial/share/ament_index/resource_index/package_run_dependencies/serial
[1.223s] -- Symlinking: /home/mampane/Desktop/machine_tending_robot/ros2_kortex_ws/install/serial/share/ament_index/resource_index/parent_prefix_path/serial
[1.229s] -- Symlinking: /home/mampane/Desktop/machine_tending_robot/ros2_kortex_ws/install/serial/share/serial/environment/ament_prefix_path.sh
[1.234s] -- Symlinking: /home/mampane/Desktop/machine_tending_robot/ros2_kortex_ws/install/serial/share/serial/environment/ament_prefix_path.dsv
[1.240s] -- Symlinking: /home/mampane/Desktop/machine_tending_robot/ros2_kortex_ws/install/serial/share/serial/environment/path.sh
[1.247s] -- Symlinking: /home/mampane/Desktop/machine_tending_robot/ros2_kortex_ws/install/serial/share/serial/environment/path.dsv
[1.255s] -- Symlinking: /home/mampane/Desktop/machine_tending_robot/ros2_kortex_ws/install/serial/share/serial/local_setup.bash
[1.263s] -- Symlinking: /home/mampane/Desktop/machine_tending_robot/ros2_kortex_ws/install/serial/share/serial/local_setup.sh
[1.269s] -- Symlinking: /home/mampane/Desktop/machine_tending_robot/ros2_kortex_ws/install/serial/share/serial/local_setup.zsh
[1.275s] -- Symlinking: /home/mampane/Desktop/machine_tending_robot/ros2_kortex_ws/install/serial/share/serial/local_setup.dsv
[1.281s] -- Symlinking: /home/mampane/Desktop/machine_tending_robot/ros2_kortex_ws/install/serial/share/serial/package.dsv
[1.288s] -- Symlinking: /home/mampane/Desktop/machine_tending_robot/ros2_kortex_ws/install/serial/share/ament_index/resource_index/packages/serial
[1.293s] -- Symlinking: /home/mampane/Desktop/machine_tending_robot/ros2_kortex_ws/install/serial/share/serial/cmake/ament_cmake_export_include_directories-extras.cmake
[1.299s] -- Symlinking: /home/mampane/Desktop/machine_tending_robot/ros2_kortex_ws/install/serial/share/serial/cmake/ament_cmake_export_libraries-extras.cmake
[1.305s] -- Symlinking: /home/mampane/Desktop/machine_tending_robot/ros2_kortex_ws/install/serial/share/serial/cmake/ament_cmake_export_targets-extras.cmake
[1.310s] -- Symlinking: /home/mampane/Desktop/machine_tending_robot/ros2_kortex_ws/install/serial/share/serial/cmake/serialConfig.cmake
[1.319s] -- Symlinking: /home/mampane/Desktop/machine_tending_robot/ros2_kortex_ws/install/serial/share/serial/cmake/serialConfig-version.cmake
[1.328s] -- Symlinking: /home/mampane/Desktop/machine_tending_robot/ros2_kortex_ws/install/serial/share/serial/package.xml
[1.336s] -- Installing: /home/mampane/Desktop/machine_tending_robot/ros2_kortex_ws/install/serial/lib/libserial.a
[1.336s] -- Installing: /home/mampane/Desktop/machine_tending_robot/ros2_kortex_ws/install/serial/share/serial/cmake/export_serialExport.cmake
[1.336s] -- Installing: /home/mampane/Desktop/machine_tending_robot/ros2_kortex_ws/install/serial/share/serial/cmake/export_serialExport-noconfig.cmake
[1.338s] Invoked command in '/home/mampane/Desktop/machine_tending_robot/ros2_kortex_ws/build/serial' returned '0': CMAKE_PREFIX_PATH=/opt/ros/humble /usr/bin/cmake --install /home/mampane/Desktop/machine_tending_robot/ros2_kortex_ws/build/serial
