[0.046s] Invoking command in '/home/mampane/Desktop/machine_tending_robot/ros2_kortex_ws/build/ign_ros2_control': AMENT_PREFIX_PATH=/home/mampane/Desktop/machine_tending_robot/ros2_kortex_ws/install/controller_manager:/home/mampane/Desktop/machine_tending_robot/ros2_kortex_ws/install/hardware_interface_testing:/home/mampane/Desktop/machine_tending_robot/ros2_kortex_ws/install/controller_interface:/home/mampane/Desktop/machine_tending_robot/ros2_kortex_ws/install/hardware_interface:/home/mampane/Desktop/machine_tending_robot/ros2_kortex_ws/install/ros2_control_test_assets:/home/mampane/Desktop/machine_tending_robot/ros2_kortex_ws/install/realtime_tools:/home/mampane/Desktop/machine_tending_robot/ros2_kortex_ws/install/controller_manager_msgs:/home/mampane/Desktop/machine_tending_robot/ros2_kortex_ws/install/control_msgs:${AMENT_PREFIX_PATH} CMAKE_PREFIX_PATH=/home/mampane/Desktop/machine_tending_robot/ros2_kortex_ws/install/controller_manager:/home/mampane/Desktop/machine_tending_robot/ros2_kortex_ws/install/hardware_interface_testing:/home/mampane/Desktop/machine_tending_robot/ros2_kortex_ws/install/controller_interface:/home/mampane/Desktop/machine_tending_robot/ros2_kortex_ws/install/hardware_interface:/home/mampane/Desktop/machine_tending_robot/ros2_kortex_ws/install/ros2_control_test_assets:/home/mampane/Desktop/machine_tending_robot/ros2_kortex_ws/install/realtime_tools:/home/mampane/Desktop/machine_tending_robot/ros2_kortex_ws/install/controller_manager_msgs:/home/mampane/Desktop/machine_tending_robot/ros2_kortex_ws/install/control_msgs:/home/mampane/Desktop/machine_tending_robot/workspace/ros2_kortex_ws/install/kortex_bringup:/home/mampane/Desktop/machine_tending_robot/workspace/ros2_kortex_ws/install/kinova_gen3_lite_moveit_config:/home/mampane/Desktop/machine_tending_robot/workspace/ros2_kortex_ws/install/kinova_gen3_7dof_robotiq_2f_85_moveit_config:/home/mampane/Desktop/machine_tending_robot/workspace/ros2_kortex_ws/install/kinova_gen3_6dof_robotiq_2f_85_moveit_config:/home/mampane/Desktop/machine_tending_robot/workspace/ros2_kortex_ws/install/kortex_description:/home/mampane/Desktop/machine_tending_robot/workspace/ros2_kortex_ws/install/robotiq_description:/home/mampane/Desktop/machine_tending_robot/workspace/ros2_kortex_ws/install/ros2_controllers:/home/mampane/Desktop/machine_tending_robot/workspace/ros2_kortex_ws/install/ign_ros2_control_demos:/home/mampane/Desktop/machine_tending_robot/workspace/ros2_kortex_ws/install/gazebo_ros2_control_demos:/home/mampane/Desktop/machine_tending_robot/workspace/ros2_kortex_ws/install/velocity_controllers:/home/mampane/Desktop/machine_tending_robot/workspace/ros2_kortex_ws/install/tricycle_steering_controller:/home/mampane/Desktop/machine_tending_robot/workspace/ros2_kortex_ws/install/tricycle_controller:/home/mampane/Desktop/machine_tending_robot/workspace/ros2_kortex_ws/install/ros2_control:/home/mampane/Desktop/machine_tending_robot/workspace/ros2_kortex_ws/install/transmission_interface:/home/mampane/Desktop/machine_tending_robot/workspace/ros2_kortex_ws/install/test_ros_gz_bridge:/home/mampane/Desktop/machine_tending_robot/workspace/ros2_kortex_ws/install/bicycle_steering_controller:/home/mampane/Desktop/machine_tending_robot/workspace/ros2_kortex_ws/install/ackermann_steering_controller:/home/mampane/Desktop/machine_tending_robot/workspace/ros2_kortex_ws/install/steering_controllers_library:/home/mampane/Desktop/machine_tending_robot/workspace/ros2_kortex_ws/install/robotiq_hardware_tests:/home/mampane/Desktop/machine_tending_robot/workspace/ros2_kortex_ws/install/robotiq_driver:/home/mampane/Desktop/machine_tending_robot/workspace/ros2_kortex_ws/install/serial:/home/mampane/Desktop/machine_tending_robot/workspace/ros2_kortex_ws/install/ros_ign_interfaces:/home/mampane/Desktop/machine_tending_robot/workspace/ros2_kortex_ws/install/ros_ign:/home/mampane/Desktop/machine_tending_robot/workspace/ros2_kortex_ws/install/ros_ign_image:/home/mampane/Desktop/machine_tending_robot/workspace/ros2_kortex_ws/install/ros_ign_gazebo_demos:/home/mampane/Desktop/machine_tending_robot/workspace/ros2_kortex_ws/install/gz_ros2_control_tests:/home/mampane/Desktop/machine_tending_robot/workspace/ros2_kortex_ws/install/ros_ign_gazebo:/home/mampane/Desktop/machine_tending_robot/workspace/ros2_kortex_ws/install/ros_ign_bridge:/home/mampane/Desktop/machine_tending_robot/workspace/ros2_kortex_ws/install/ros_gz:/home/mampane/Desktop/machine_tending_robot/workspace/ros2_kortex_ws/install/ros_gz_sim_demos:/home/mampane/Desktop/machine_tending_robot/workspace/ros2_kortex_ws/install/ros_gz_sim:/home/mampane/Desktop/machine_tending_robot/workspace/ros2_kortex_ws/install/ros_gz_image:/home/mampane/Desktop/machine_tending_robot/workspace/ros2_kortex_ws/install/ros_gz_bridge:/home/mampane/Desktop/machine_tending_robot/workspace/ros2_kortex_ws/install/ros_gz_interfaces:/home/mampane/Desktop/machine_tending_robot/workspace/ros2_kortex_ws/install/ign_ros2_control:/home/mampane/Desktop/machine_tending_robot/workspace/ros2_kortex_ws/install/hardware_interface_testing:/home/mampane/Desktop/machine_tending_robot/workspace/ros2_kortex_ws/install/gazebo_ros2_control:/home/mampane/Desktop/machine_tending_robot/workspace/ros2_kortex_ws/install/controller_manager:/home/mampane/Desktop/machine_tending_robot/workspace/ros2_kortex_ws/install/ros2_control_test_assets:/home/mampane/Desktop/machine_tending_robot/workspace/ros2_kortex_ws/install/robotiq_controllers:/home/mampane/Desktop/machine_tending_robot/workspace/ros2_kortex_ws/install/range_sensor_broadcaster:/home/mampane/Desktop/machine_tending_robot/workspace/ros2_kortex_ws/install/position_controllers:/home/mampane/Desktop/machine_tending_robot/workspace/ros2_kortex_ws/install/pose_broadcaster:/home/mampane/Desktop/machine_tending_robot/workspace/ros2_kortex_ws/install/pid_controller:/home/mampane/Desktop/machine_tending_robot/workspace/ros2_kortex_ws/install/picknik_twist_controller:/home/mampane/Desktop/machine_tending_robot/workspace/ros2_kortex_ws/install/picknik_reset_fault_controller:/home/mampane/Desktop/machine_tending_robot/workspace/ros2_kortex_ws/install/mecanum_drive_controller:/home/mampane/Desktop/machine_tending_robot/workspace/ros2_kortex_ws/install/joint_trajectory_controller:/home/mampane/Desktop/machine_tending_robot/workspace/ros2_kortex_ws/install/joint_state_broadcaster:/home/mampane/Desktop/machine_tending_robot/workspace/ros2_kortex_ws/install/imu_sensor_broadcaster:/home/mampane/Desktop/machine_tending_robot/workspace/ros2_kortex_ws/install/gripper_controllers:/home/mampane/Desktop/machine_tending_robot/workspace/ros2_kortex_ws/install/gpio_controllers:/home/mampane/Desktop/machine_tending_robot/workspace/ros2_kortex_ws/install/effort_controllers:/home/mampane/Desktop/machine_tending_robot/workspace/ros2_kortex_ws/install/forward_command_controller:/home/mampane/Desktop/machine_tending_robot/workspace/ros2_kortex_ws/install/force_torque_sensor_broadcaster:/home/mampane/Desktop/machine_tending_robot/workspace/ros2_kortex_ws/install/diff_drive_controller:/home/mampane/Desktop/machine_tending_robot/workspace/ros2_kortex_ws/install/admittance_controller:/home/mampane/Desktop/machine_tending_robot/workspace/ros2_kortex_ws/install/realtime_tools:/home/mampane/Desktop/machine_tending_robot/workspace/ros2_kortex_ws/install/kortex_driver:/home/mampane/Desktop/machine_tending_robot/workspace/ros2_kortex_ws/install/kortex_api:/home/mampane/Desktop/machine_tending_robot/workspace/ros2_kortex_ws/install/joint_limits:/home/mampane/Desktop/machine_tending_robot/workspace/ros2_kortex_ws/install/controller_interface:/home/mampane/Desktop/machine_tending_robot/workspace/ros2_kortex_ws/install/hardware_interface:/home/mampane/Desktop/machine_tending_robot/workspace/ros2_kortex_ws/install/controller_manager_msgs:/home/mampane/Desktop/machine_tending_robot/workspace/ros2_kortex_ws/install/control_msgs:/home/mampane/Desktop/machine_tending_robot/workspace/ros2_kortex_ws/install/rqt_joint_trajectory_controller:/home/mampane/Desktop/machine_tending_robot/workspace/ros2_kortex_ws/install/rqt_controller_manager:/home/mampane/Desktop/machine_tending_robot/workspace/ros2_kortex_ws/install/ros2controlcli:/home/mampane/Desktop/machine_tending_robot/workspace/ros2_kortex_ws/install/ros2_controllers_test_nodes:/opt/ros/humble LD_LIBRARY_PATH=/home/mampane/Desktop/machine_tending_robot/ros2_kortex_ws/install/controller_manager/lib:/home/mampane/Desktop/machine_tending_robot/ros2_kortex_ws/install/hardware_interface_testing/lib:/home/mampane/Desktop/machine_tending_robot/ros2_kortex_ws/install/controller_interface/lib:/home/mampane/Desktop/machine_tending_robot/ros2_kortex_ws/install/hardware_interface/lib:/home/mampane/Desktop/machine_tending_robot/ros2_kortex_ws/install/realtime_tools/lib:/home/mampane/Desktop/machine_tending_robot/ros2_kortex_ws/install/controller_manager_msgs/lib:/home/mampane/Desktop/machine_tending_robot/ros2_kortex_ws/install/control_msgs/lib:${LD_LIBRARY_PATH} PYTHONPATH=/home/mampane/Desktop/machine_tending_robot/ros2_kortex_ws/install/controller_manager/local/lib/python3.10/dist-packages:/home/mampane/Desktop/machine_tending_robot/ros2_kortex_ws/install/controller_manager_msgs/local/lib/python3.10/dist-packages:/home/mampane/Desktop/machine_tending_robot/ros2_kortex_ws/install/control_msgs/local/lib/python3.10/dist-packages:${PYTHONPATH} /usr/bin/cmake /home/mampane/Desktop/machine_tending_robot/ros2_kortex_ws/src/gz_ros2_control/ign_ros2_control -DCMAKE_BUILD_TYPE=Release -DCMAKE_INSTALL_PREFIX=/home/mampane/Desktop/machine_tending_robot/ros2_kortex_ws/install/ign_ros2_control
[0.122s] -- The C compiler identification is GNU 11.4.0
[0.186s] -- The CXX compiler identification is GNU 11.4.0
[0.195s] -- Detecting C compiler ABI info
[0.282s] -- Detecting C compiler ABI info - done
[0.290s] -- Check for working C compiler: /usr/bin/cc - skipped
[0.290s] -- Detecting C compile features
[0.290s] -- Detecting C compile features - done
[0.293s] -- Detecting CXX compiler ABI info
[0.386s] -- Detecting CXX compiler ABI info - done
[0.395s] -- Check for working CXX compiler: /usr/bin/c++ - skipped
[0.395s] -- Detecting CXX compile features
[0.395s] -- Detecting CXX compile features - done
[0.398s] -- Found ament_cmake: 1.3.11 (/opt/ros/humble/share/ament_cmake/cmake)
[0.570s] -- Found Python3: /usr/bin/python3 (found version "3.10.12") found components: Interpreter 
[0.664s] -- Found ament_index_cpp: 1.4.0 (/opt/ros/humble/share/ament_index_cpp/cmake)
[0.665s] -- Found controller_manager: 2.48.0 (/home/mampane/Desktop/machine_tending_robot/ros2_kortex_ws/install/controller_manager/share/controller_manager/cmake)
[0.712s] -- Found rosidl_generator_c: 3.1.6 (/opt/ros/humble/share/rosidl_generator_c/cmake)
[0.717s] -- Found rosidl_adapter: 3.1.6 (/opt/ros/humble/share/rosidl_adapter/cmake)
[0.726s] -- Found rosidl_generator_cpp: 3.1.6 (/opt/ros/humble/share/rosidl_generator_cpp/cmake)
[0.740s] -- Using all available rosidl_typesupport_c: rosidl_typesupport_fastrtps_c;rosidl_typesupport_introspection_c
[0.758s] -- Using all available rosidl_typesupport_cpp: rosidl_typesupport_fastrtps_cpp;rosidl_typesupport_introspection_cpp
[0.940s] -- Found rmw_implementation_cmake: 6.1.2 (/opt/ros/humble/share/rmw_implementation_cmake/cmake)
[0.946s] -- Found rmw_fastrtps_cpp: 6.2.7 (/opt/ros/humble/share/rmw_fastrtps_cpp/cmake)
[0.968s] -- Found TinyXML2 via Config file: TinyXML2_DIR-NOTFOUND
[1.051s] -- Found OpenSSL: /usr/lib/x86_64-linux-gnu/libcrypto.so (found version "3.0.2")  
[1.053s] -- Found TinyXML2 via Config file: TinyXML2_DIR-NOTFOUND
[1.075s] -- Found FastRTPS: /opt/ros/humble/include  
[1.077s] -- Found TinyXML2 via Config file: TinyXML2_DIR-NOTFOUND
[1.088s] -- Found TinyXML2 via Config file: TinyXML2_DIR-NOTFOUND
[1.102s] -- Using RMW implementation 'rmw_fastrtps_cpp' as default
[1.110s] -- Looking for pthread.h
[1.192s] -- Looking for pthread.h - found
[1.192s] -- Performing Test CMAKE_HAVE_LIBC_PTHREAD
[1.276s] -- Performing Test CMAKE_HAVE_LIBC_PTHREAD - Success
[1.277s] -- Found Threads: TRUE  
[1.353s] -- Found yaml_cpp_vendor: 8.0.2 (/opt/ros/humble/share/yaml_cpp_vendor/cmake)
[1.357s] -- Looking for ignition-gazebo6 -- found version 6.17.0
[1.362s] -- Searching for dependencies of ignition-gazebo6
[1.364s] -- Looking for sdformat12 -- found version 12.8.0
[1.364s] -- Searching for dependencies of sdformat12
[1.371s] -- Checking for module 'tinyxml2'
[1.394s] --   Found tinyxml2, version 9.0.0
[1.443s] -- Looking for ignition-math6 -- found version 6.15.1
[1.444s] -- Searching for dependencies of ignition-math6
[1.447s] -- Looking for ignition-utils1 -- found version 1.5.1
[1.448s] -- Searching for dependencies of ignition-utils1
[1.453s] -- Looking for ignition-plugin1 -- found version 1.4.0
[1.453s] -- Searching for dependencies of ignition-plugin1
[1.454s] -- Searching for <ignition-plugin1> component [loader]
[1.456s] -- Looking for ignition-plugin1-loader -- found version 1.4.0
[1.456s] -- Searching for dependencies of ignition-plugin1-loader
[1.456s] -- Searching for <ignition-plugin1> component [register]
[1.458s] -- Looking for ignition-plugin1-register -- found version 1.4.0
[1.459s] -- Searching for dependencies of ignition-plugin1-register
[1.461s] -- Looking for ignition-transport11 -- found version 11.4.1
[1.461s] -- Searching for dependencies of ignition-transport11
[1.486s] -- Found Protobuf: /usr/lib/x86_64-linux-gnu/libprotobuf.so (found version "3.12.4") 
[1.495s] -- Config-file not installed for ZeroMQ -- checking for pkg-config
[1.501s] -- Checking for module 'libzmq >= 4'
[1.523s] --   Found libzmq , version 4.3.4
[1.572s] -- Found ZeroMQ: TRUE (Required is at least version "4") 
[1.580s] -- Checking for module 'uuid'
[1.604s] --   Found uuid, version 2.37.2
[1.645s] -- Found UUID: TRUE  
[1.645s] -- Looking for ignition-utils1 -- found version 1.5.1
[1.646s] -- Searching for dependencies of ignition-utils1
[1.646s] -- Searching for <ignition-utils1> component [cli]
[1.648s] -- Looking for ignition-utils1-cli -- found version 1.5.1
[1.648s] -- Searching for dependencies of ignition-utils1-cli
[1.650s] -- Looking for ignition-msgs8 -- found version 8.7.0
[1.650s] -- Searching for dependencies of ignition-msgs8
[1.665s] -- Found Protobuf: /usr/lib/x86_64-linux-gnu/libprotobuf.so (found suitable version "3.12.4", minimum required is "3") 
[1.667s] -- Looking for ignition-math6 -- found version 6.15.1
[1.677s] -- Searching for <ignition-transport11> component [log]
[1.681s] -- Looking for ignition-transport11-log -- found version 11.4.1
[1.681s] -- Searching for dependencies of ignition-transport11-log
[1.682s] -- Searching for <ignition-transport11> component [parameters]
[1.684s] -- Looking for ignition-transport11-parameters -- found version 11.4.1
[1.684s] -- Searching for dependencies of ignition-transport11-parameters
[1.685s] -- Looking for ignition-msgs8 -- found version 8.7.0
[1.687s] -- Looking for ignition-common4 -- found version 4.7.0
[1.687s] -- Searching for dependencies of ignition-common4
[1.688s] -- Looking for dlfcn.h - found
[1.689s] -- Looking for libdl - found
[1.690s] -- Found DL: TRUE  
[1.701s] -- Searching for <ignition-common4> component [profiler]
[1.703s] -- Looking for ignition-common4-profiler -- found version 4.7.0
[1.704s] -- Searching for dependencies of ignition-common4-profiler
[1.704s] -- Searching for <ignition-common4> component [events]
[1.706s] -- Looking for ignition-common4-events -- found version 4.7.0
[1.706s] -- Searching for dependencies of ignition-common4-events
[1.707s] -- Looking for ignition-math6 -- found version 6.15.1
[1.707s] -- Searching for <ignition-common4> component [av]
[1.709s] -- Looking for ignition-common4-av -- found version 4.7.0
[1.709s] -- Searching for dependencies of ignition-common4-av
[1.716s] -- Checking for module 'libswscale'
[1.736s] --   Found libswscale, version 5.9.100
[1.780s] -- Found SWSCALE: TRUE  
[1.786s] -- Checking for module 'libavdevice >= 56.4.100'
[1.807s] --   Found libavdevice , version 58.13.100
[1.858s] -- Found AVDEVICE: TRUE (Required is at least version "56.4.100") 
[1.863s] -- Checking for module 'libavformat'
[1.885s] --   Found libavformat, version 58.76.100
[1.935s] -- Found AVFORMAT: TRUE  
[1.942s] -- Checking for module 'libavcodec'
[1.963s] --   Found libavcodec, version 58.134.100
[2.014s] -- Found AVCODEC: TRUE  
[2.020s] -- Checking for module 'libavutil'
[2.041s] --   Found libavutil, version 56.70.100
[2.090s] -- Found AVUTIL: TRUE  
[2.094s] -- Looking for ignition-fuel_tools7 -- found version 7.3.1
[2.095s] -- Searching for dependencies of ignition-fuel_tools7
[2.208s] -- Found CURL: /usr/lib/x86_64-linux-gnu/libcurl.so (found version "7.81.0")  
[2.217s] -- Checking for module 'jsoncpp'
[2.239s] --   Found jsoncpp, version 1.9.5
[2.287s] -- Found JSONCPP: TRUE  
[2.294s] -- Checking for module 'libzip'
[2.318s] --   Found libzip, version 1.7.3
[2.366s] -- Found ZIP: TRUE  
[2.367s] -- Looking for ignition-common4 -- found version 4.7.0
[2.367s] -- Looking for ignition-math6 -- found version 6.15.1
[2.367s] -- Looking for ignition-msgs8 -- found version 8.7.0
[2.370s] -- Looking for ignition-gui6 -- found version 6.8.0
[2.370s] -- Searching for dependencies of ignition-gui6
[2.396s] -- Looking for ignition-math6 -- found version 6.15.1
[2.396s] -- Looking for ignition-common4 -- found version 4.7.0
[2.396s] -- Looking for ignition-plugin1 -- found version 1.4.0
[2.397s] -- Looking for ignition-transport11 -- found version 11.4.1
[2.399s] -- Looking for ignition-rendering6 -- found version 6.6.3
[2.399s] -- Searching for dependencies of ignition-rendering6
[2.399s] -- Looking for ignition-math6 -- found version 6.15.1
[2.400s] -- Searching for dependencies of ignition-math6
[2.400s] -- Searching for <ignition-math6> component [eigen3]
[2.402s] -- Looking for ignition-math6-eigen3 -- found version 6.15.1
[2.402s] -- Searching for dependencies of ignition-math6-eigen3
[2.408s] -- Looking for ignition-common4 -- found version 4.7.0
[2.408s] -- Searching for dependencies of ignition-common4
[2.408s] -- Looking for dlfcn.h - found
[2.409s] -- Looking for libdl - found
[2.420s] -- Searching for <ignition-common4> component [graphics]
[2.421s] -- Looking for ignition-common4-graphics -- found version 4.7.0
[2.422s] -- Searching for dependencies of ignition-common4-graphics
[2.422s] -- Looking for ignition-math6 -- found version 6.15.1
[2.422s] -- Looking for ignition-utils1 -- found version 1.5.1
[2.423s] -- Searching for <ignition-common4> component [events]
[2.423s] -- Looking for ignition-plugin1 -- found version 1.4.0
[2.424s] -- Searching for dependencies of ignition-plugin1
[2.424s] -- Searching for <ignition-plugin1> component [all]
[2.426s] -- Looking for all libraries of ignition-plugin1 -- found version 1.4.0
[2.426s] -- Looking for ignition-plugin1 -- found version 1.4.0
[2.428s] -- Looking for ignition-msgs8 -- found version 8.7.0
[2.446s] -- Looking for ignition-physics5 -- found version 5.3.2
[2.446s] -- Searching for dependencies of ignition-physics5
[2.446s] -- Looking for ignition-math6 -- found version 6.15.1
[2.447s] -- Looking for ignition-plugin1 -- found version 1.4.0
[2.447s] -- Looking for ignition-utils1 -- found version 1.5.1
[2.448s] -- Searching for <ignition-physics5> component [heightmap]
[2.450s] -- Looking for ignition-physics5-heightmap -- found version 5.3.2
[2.450s] -- Searching for dependencies of ignition-physics5-heightmap
[2.450s] -- Looking for ignition-common4 -- found version 4.7.0
[2.451s] -- Searching for <ignition-physics5> component [mesh]
[2.453s] -- Looking for ignition-physics5-mesh -- found version 5.3.2
[2.453s] -- Searching for dependencies of ignition-physics5-mesh
[2.453s] -- Looking for ignition-common4 -- found version 4.7.0
[2.454s] -- Searching for <ignition-physics5> component [sdf]
[2.456s] -- Looking for ignition-physics5-sdf -- found version 5.3.2
[2.456s] -- Searching for dependencies of ignition-physics5-sdf
[2.456s] -- Looking for sdformat12 -- found version 12.8.0
[2.459s] -- Looking for ignition-sensors6 -- found version 6.8.1
[2.459s] -- Searching for dependencies of ignition-sensors6
[2.476s] -- Found Protobuf: /usr/lib/x86_64-linux-gnu/libprotobuf.so (found version "3.12.4") 
[2.477s] -- Looking for ignition-math6 -- found version 6.15.1
[2.477s] -- Looking for ignition-common4 -- found version 4.7.0
[2.478s] -- Looking for ignition-transport11 -- found version 11.4.1
[2.478s] -- Looking for ignition-rendering6 -- found version 6.6.3
[2.479s] -- Looking for ignition-msgs8 -- found version 8.7.0
[2.479s] -- Looking for sdformat12 -- found version 12.8.0
[2.480s] -- Searching for <ignition-sensors6> component [air_pressure]
[2.482s] -- Looking for ignition-sensors6-air_pressure -- found version 6.8.1
[2.482s] -- Searching for dependencies of ignition-sensors6-air_pressure
[2.483s] -- Searching for <ignition-sensors6> component [altimeter]
[2.485s] -- Looking for ignition-sensors6-altimeter -- found version 6.8.1
[2.485s] -- Searching for dependencies of ignition-sensors6-altimeter
[2.485s] -- Searching for <ignition-sensors6> component [imu]
[2.487s] -- Looking for ignition-sensors6-imu -- found version 6.8.1
[2.488s] -- Searching for dependencies of ignition-sensors6-imu
[2.488s] -- Searching for <ignition-sensors6> component [force_torque]
[2.490s] -- Looking for ignition-sensors6-force_torque -- found version 6.8.1
[2.490s] -- Searching for dependencies of ignition-sensors6-force_torque
[2.491s] -- Searching for <ignition-sensors6> component [logical_camera]
[2.493s] -- Looking for ignition-sensors6-logical_camera -- found version 6.8.1
[2.493s] -- Searching for dependencies of ignition-sensors6-logical_camera
[2.494s] -- Searching for <ignition-sensors6> component [magnetometer]
[2.496s] -- Looking for ignition-sensors6-magnetometer -- found version 6.8.1
[2.496s] -- Searching for dependencies of ignition-sensors6-magnetometer
[2.496s] -- Searching for <ignition-sensors6> component [navsat]
[2.498s] -- Looking for ignition-sensors6-navsat -- found version 6.8.1
[2.499s] -- Searching for dependencies of ignition-sensors6-navsat
[2.499s] -- Searching for <ignition-sensors6> component [rendering]
[2.501s] -- Looking for ignition-sensors6-rendering -- found version 6.8.1
[2.501s] -- Searching for dependencies of ignition-sensors6-rendering
[2.502s] -- Searching for <ignition-sensors6> component [lidar]
[2.504s] -- Looking for ignition-sensors6-lidar -- found version 6.8.1
[2.504s] -- Searching for dependencies of ignition-sensors6-lidar
[2.504s] -- Looking for ignition-sensors6 -- found version 6.8.1
[2.505s] -- Searching for <ignition-sensors6> component [gpu_lidar]
[2.507s] -- Looking for ignition-sensors6-gpu_lidar -- found version 6.8.1
[2.507s] -- Searching for dependencies of ignition-sensors6-gpu_lidar
[2.507s] -- Looking for ignition-sensors6 -- found version 6.8.1
[2.508s] -- Searching for <ignition-sensors6> component [camera]
[2.510s] -- Looking for ignition-sensors6-camera -- found version 6.8.1
[2.510s] -- Searching for dependencies of ignition-sensors6-camera
[2.510s] -- Looking for ignition-sensors6 -- found version 6.8.1
[2.511s] -- Searching for <ignition-sensors6> component [boundingbox_camera]
[2.512s] -- Looking for ignition-sensors6-boundingbox_camera -- found version 6.8.1
[2.513s] -- Searching for dependencies of ignition-sensors6-boundingbox_camera
[2.513s] -- Searching for <ignition-sensors6> component [segmentation_camera]
[2.515s] -- Looking for ignition-sensors6-segmentation_camera -- found version 6.8.1
[2.516s] -- Searching for dependencies of ignition-sensors6-segmentation_camera
[2.516s] -- Searching for <ignition-sensors6> component [depth_camera]
[2.518s] -- Looking for ignition-sensors6-depth_camera -- found version 6.8.1
[2.518s] -- Searching for dependencies of ignition-sensors6-depth_camera
[2.519s] -- Looking for ignition-sensors6 -- found version 6.8.1
[2.519s] -- Searching for <ignition-sensors6> component [rgbd_camera]
[2.521s] -- Looking for ignition-sensors6-rgbd_camera -- found version 6.8.1
[2.522s] -- Searching for dependencies of ignition-sensors6-rgbd_camera
[2.522s] -- Looking for ignition-sensors6 -- found version 6.8.1
[2.523s] -- Searching for <ignition-sensors6> component [thermal_camera]
[2.525s] -- Looking for ignition-sensors6-thermal_camera -- found version 6.8.1
[2.526s] -- Searching for dependencies of ignition-sensors6-thermal_camera
[2.526s] -- Looking for ignition-sensors6 -- found version 6.8.1
[2.527s] -- Looking for ignition-rendering6 -- found version 6.6.3
[2.527s] -- Looking for ignition-math6 -- found version 6.15.1
[2.529s] -- Looking for ignition-utils1 -- found version 1.5.1
[2.547s] -- Compiling against Ignition Fortress
[2.547s] -- Looking for ignition-plugin1 -- found version 1.4.0
[2.612s] -- Found ament_lint_auto: 0.12.11 (/opt/ros/humble/share/ament_lint_auto/cmake)
[2.693s] -- Added test 'copyright' to check source files copyright and LICENSE
[2.695s] -- Added test 'cppcheck' to perform static code analysis on C / C++ code
[2.695s] -- Configured cppcheck include dirs: /home/mampane/Desktop/machine_tending_robot/ros2_kortex_ws/src/gz_ros2_control/ign_ros2_control/include
[2.695s] -- Configured cppcheck exclude dirs and/or files: 
[2.696s] -- Added test 'cpplint' to check C / C++ code against the Google style
[2.696s] -- Configured cpplint exclude dirs and/or files: 
[2.698s] -- Added test 'lint_cmake' to check CMake code style
[2.699s] -- Added test 'uncrustify' to check C / C++ code style
[2.699s] -- Configured uncrustify additional arguments: 
[2.700s] -- Added test 'xmllint' to check XML markup files
[2.703s] -- Configuring done
[2.744s] -- Generating done
[2.752s] -- Build files have been written to: /home/mampane/Desktop/machine_tending_robot/ros2_kortex_ws/build/ign_ros2_control
[2.763s] Invoked command in '/home/mampane/Desktop/machine_tending_robot/ros2_kortex_ws/build/ign_ros2_control' returned '0': AMENT_PREFIX_PATH=/home/mampane/Desktop/machine_tending_robot/ros2_kortex_ws/install/controller_manager:/home/mampane/Desktop/machine_tending_robot/ros2_kortex_ws/install/hardware_interface_testing:/home/mampane/Desktop/machine_tending_robot/ros2_kortex_ws/install/controller_interface:/home/mampane/Desktop/machine_tending_robot/ros2_kortex_ws/install/hardware_interface:/home/mampane/Desktop/machine_tending_robot/ros2_kortex_ws/install/ros2_control_test_assets:/home/mampane/Desktop/machine_tending_robot/ros2_kortex_ws/install/realtime_tools:/home/mampane/Desktop/machine_tending_robot/ros2_kortex_ws/install/controller_manager_msgs:/home/mampane/Desktop/machine_tending_robot/ros2_kortex_ws/install/control_msgs:${AMENT_PREFIX_PATH} CMAKE_PREFIX_PATH=/home/mampane/Desktop/machine_tending_robot/ros2_kortex_ws/install/controller_manager:/home/mampane/Desktop/machine_tending_robot/ros2_kortex_ws/install/hardware_interface_testing:/home/mampane/Desktop/machine_tending_robot/ros2_kortex_ws/install/controller_interface:/home/mampane/Desktop/machine_tending_robot/ros2_kortex_ws/install/hardware_interface:/home/mampane/Desktop/machine_tending_robot/ros2_kortex_ws/install/ros2_control_test_assets:/home/mampane/Desktop/machine_tending_robot/ros2_kortex_ws/install/realtime_tools:/home/mampane/Desktop/machine_tending_robot/ros2_kortex_ws/install/controller_manager_msgs:/home/mampane/Desktop/machine_tending_robot/ros2_kortex_ws/install/control_msgs:/home/mampane/Desktop/machine_tending_robot/workspace/ros2_kortex_ws/install/kortex_bringup:/home/mampane/Desktop/machine_tending_robot/workspace/ros2_kortex_ws/install/kinova_gen3_lite_moveit_config:/home/mampane/Desktop/machine_tending_robot/workspace/ros2_kortex_ws/install/kinova_gen3_7dof_robotiq_2f_85_moveit_config:/home/mampane/Desktop/machine_tending_robot/workspace/ros2_kortex_ws/install/kinova_gen3_6dof_robotiq_2f_85_moveit_config:/home/mampane/Desktop/machine_tending_robot/workspace/ros2_kortex_ws/install/kortex_description:/home/mampane/Desktop/machine_tending_robot/workspace/ros2_kortex_ws/install/robotiq_description:/home/mampane/Desktop/machine_tending_robot/workspace/ros2_kortex_ws/install/ros2_controllers:/home/mampane/Desktop/machine_tending_robot/workspace/ros2_kortex_ws/install/ign_ros2_control_demos:/home/mampane/Desktop/machine_tending_robot/workspace/ros2_kortex_ws/install/gazebo_ros2_control_demos:/home/mampane/Desktop/machine_tending_robot/workspace/ros2_kortex_ws/install/velocity_controllers:/home/mampane/Desktop/machine_tending_robot/workspace/ros2_kortex_ws/install/tricycle_steering_controller:/home/mampane/Desktop/machine_tending_robot/workspace/ros2_kortex_ws/install/tricycle_controller:/home/mampane/Desktop/machine_tending_robot/workspace/ros2_kortex_ws/install/ros2_control:/home/mampane/Desktop/machine_tending_robot/workspace/ros2_kortex_ws/install/transmission_interface:/home/mampane/Desktop/machine_tending_robot/workspace/ros2_kortex_ws/install/test_ros_gz_bridge:/home/mampane/Desktop/machine_tending_robot/workspace/ros2_kortex_ws/install/bicycle_steering_controller:/home/mampane/Desktop/machine_tending_robot/workspace/ros2_kortex_ws/install/ackermann_steering_controller:/home/mampane/Desktop/machine_tending_robot/workspace/ros2_kortex_ws/install/steering_controllers_library:/home/mampane/Desktop/machine_tending_robot/workspace/ros2_kortex_ws/install/robotiq_hardware_tests:/home/mampane/Desktop/machine_tending_robot/workspace/ros2_kortex_ws/install/robotiq_driver:/home/mampane/Desktop/machine_tending_robot/workspace/ros2_kortex_ws/install/serial:/home/mampane/Desktop/machine_tending_robot/workspace/ros2_kortex_ws/install/ros_ign_interfaces:/home/mampane/Desktop/machine_tending_robot/workspace/ros2_kortex_ws/install/ros_ign:/home/mampane/Desktop/machine_tending_robot/workspace/ros2_kortex_ws/install/ros_ign_image:/home/mampane/Desktop/machine_tending_robot/workspace/ros2_kortex_ws/install/ros_ign_gazebo_demos:/home/mampane/Desktop/machine_tending_robot/workspace/ros2_kortex_ws/install/gz_ros2_control_tests:/home/mampane/Desktop/machine_tending_robot/workspace/ros2_kortex_ws/install/ros_ign_gazebo:/home/mampane/Desktop/machine_tending_robot/workspace/ros2_kortex_ws/install/ros_ign_bridge:/home/mampane/Desktop/machine_tending_robot/workspace/ros2_kortex_ws/install/ros_gz:/home/mampane/Desktop/machine_tending_robot/workspace/ros2_kortex_ws/install/ros_gz_sim_demos:/home/mampane/Desktop/machine_tending_robot/workspace/ros2_kortex_ws/install/ros_gz_sim:/home/mampane/Desktop/machine_tending_robot/workspace/ros2_kortex_ws/install/ros_gz_image:/home/mampane/Desktop/machine_tending_robot/workspace/ros2_kortex_ws/install/ros_gz_bridge:/home/mampane/Desktop/machine_tending_robot/workspace/ros2_kortex_ws/install/ros_gz_interfaces:/home/mampane/Desktop/machine_tending_robot/workspace/ros2_kortex_ws/install/ign_ros2_control:/home/mampane/Desktop/machine_tending_robot/workspace/ros2_kortex_ws/install/hardware_interface_testing:/home/mampane/Desktop/machine_tending_robot/workspace/ros2_kortex_ws/install/gazebo_ros2_control:/home/mampane/Desktop/machine_tending_robot/workspace/ros2_kortex_ws/install/controller_manager:/home/mampane/Desktop/machine_tending_robot/workspace/ros2_kortex_ws/install/ros2_control_test_assets:/home/mampane/Desktop/machine_tending_robot/workspace/ros2_kortex_ws/install/robotiq_controllers:/home/mampane/Desktop/machine_tending_robot/workspace/ros2_kortex_ws/install/range_sensor_broadcaster:/home/mampane/Desktop/machine_tending_robot/workspace/ros2_kortex_ws/install/position_controllers:/home/mampane/Desktop/machine_tending_robot/workspace/ros2_kortex_ws/install/pose_broadcaster:/home/mampane/Desktop/machine_tending_robot/workspace/ros2_kortex_ws/install/pid_controller:/home/mampane/Desktop/machine_tending_robot/workspace/ros2_kortex_ws/install/picknik_twist_controller:/home/mampane/Desktop/machine_tending_robot/workspace/ros2_kortex_ws/install/picknik_reset_fault_controller:/home/mampane/Desktop/machine_tending_robot/workspace/ros2_kortex_ws/install/mecanum_drive_controller:/home/mampane/Desktop/machine_tending_robot/workspace/ros2_kortex_ws/install/joint_trajectory_controller:/home/mampane/Desktop/machine_tending_robot/workspace/ros2_kortex_ws/install/joint_state_broadcaster:/home/mampane/Desktop/machine_tending_robot/workspace/ros2_kortex_ws/install/imu_sensor_broadcaster:/home/mampane/Desktop/machine_tending_robot/workspace/ros2_kortex_ws/install/gripper_controllers:/home/mampane/Desktop/machine_tending_robot/workspace/ros2_kortex_ws/install/gpio_controllers:/home/mampane/Desktop/machine_tending_robot/workspace/ros2_kortex_ws/install/effort_controllers:/home/mampane/Desktop/machine_tending_robot/workspace/ros2_kortex_ws/install/forward_command_controller:/home/mampane/Desktop/machine_tending_robot/workspace/ros2_kortex_ws/install/force_torque_sensor_broadcaster:/home/mampane/Desktop/machine_tending_robot/workspace/ros2_kortex_ws/install/diff_drive_controller:/home/mampane/Desktop/machine_tending_robot/workspace/ros2_kortex_ws/install/admittance_controller:/home/mampane/Desktop/machine_tending_robot/workspace/ros2_kortex_ws/install/realtime_tools:/home/mampane/Desktop/machine_tending_robot/workspace/ros2_kortex_ws/install/kortex_driver:/home/mampane/Desktop/machine_tending_robot/workspace/ros2_kortex_ws/install/kortex_api:/home/mampane/Desktop/machine_tending_robot/workspace/ros2_kortex_ws/install/joint_limits:/home/mampane/Desktop/machine_tending_robot/workspace/ros2_kortex_ws/install/controller_interface:/home/mampane/Desktop/machine_tending_robot/workspace/ros2_kortex_ws/install/hardware_interface:/home/mampane/Desktop/machine_tending_robot/workspace/ros2_kortex_ws/install/controller_manager_msgs:/home/mampane/Desktop/machine_tending_robot/workspace/ros2_kortex_ws/install/control_msgs:/home/mampane/Desktop/machine_tending_robot/workspace/ros2_kortex_ws/install/rqt_joint_trajectory_controller:/home/mampane/Desktop/machine_tending_robot/workspace/ros2_kortex_ws/install/rqt_controller_manager:/home/mampane/Desktop/machine_tending_robot/workspace/ros2_kortex_ws/install/ros2controlcli:/home/mampane/Desktop/machine_tending_robot/workspace/ros2_kortex_ws/install/ros2_controllers_test_nodes:/opt/ros/humble LD_LIBRARY_PATH=/home/mampane/Desktop/machine_tending_robot/ros2_kortex_ws/install/controller_manager/lib:/home/mampane/Desktop/machine_tending_robot/ros2_kortex_ws/install/hardware_interface_testing/lib:/home/mampane/Desktop/machine_tending_robot/ros2_kortex_ws/install/controller_interface/lib:/home/mampane/Desktop/machine_tending_robot/ros2_kortex_ws/install/hardware_interface/lib:/home/mampane/Desktop/machine_tending_robot/ros2_kortex_ws/install/realtime_tools/lib:/home/mampane/Desktop/machine_tending_robot/ros2_kortex_ws/install/controller_manager_msgs/lib:/home/mampane/Desktop/machine_tending_robot/ros2_kortex_ws/install/control_msgs/lib:${LD_LIBRARY_PATH} PYTHONPATH=/home/mampane/Desktop/machine_tending_robot/ros2_kortex_ws/install/controller_manager/local/lib/python3.10/dist-packages:/home/mampane/Desktop/machine_tending_robot/ros2_kortex_ws/install/controller_manager_msgs/local/lib/python3.10/dist-packages:/home/mampane/Desktop/machine_tending_robot/ros2_kortex_ws/install/control_msgs/local/lib/python3.10/dist-packages:${PYTHONPATH} /usr/bin/cmake /home/mampane/Desktop/machine_tending_robot/ros2_kortex_ws/src/gz_ros2_control/ign_ros2_control -DCMAKE_BUILD_TYPE=Release -DCMAKE_INSTALL_PREFIX=/home/mampane/Desktop/machine_tending_robot/ros2_kortex_ws/install/ign_ros2_control
[2.765s] Invoking command in '/home/mampane/Desktop/machine_tending_robot/ros2_kortex_ws/build/ign_ros2_control': AMENT_PREFIX_PATH=/home/mampane/Desktop/machine_tending_robot/ros2_kortex_ws/install/controller_manager:/home/mampane/Desktop/machine_tending_robot/ros2_kortex_ws/install/hardware_interface_testing:/home/mampane/Desktop/machine_tending_robot/ros2_kortex_ws/install/controller_interface:/home/mampane/Desktop/machine_tending_robot/ros2_kortex_ws/install/hardware_interface:/home/mampane/Desktop/machine_tending_robot/ros2_kortex_ws/install/ros2_control_test_assets:/home/mampane/Desktop/machine_tending_robot/ros2_kortex_ws/install/realtime_tools:/home/mampane/Desktop/machine_tending_robot/ros2_kortex_ws/install/controller_manager_msgs:/home/mampane/Desktop/machine_tending_robot/ros2_kortex_ws/install/control_msgs:${AMENT_PREFIX_PATH} CMAKE_PREFIX_PATH=/home/mampane/Desktop/machine_tending_robot/ros2_kortex_ws/install/controller_manager:/home/mampane/Desktop/machine_tending_robot/ros2_kortex_ws/install/hardware_interface_testing:/home/mampane/Desktop/machine_tending_robot/ros2_kortex_ws/install/controller_interface:/home/mampane/Desktop/machine_tending_robot/ros2_kortex_ws/install/hardware_interface:/home/mampane/Desktop/machine_tending_robot/ros2_kortex_ws/install/ros2_control_test_assets:/home/mampane/Desktop/machine_tending_robot/ros2_kortex_ws/install/realtime_tools:/home/mampane/Desktop/machine_tending_robot/ros2_kortex_ws/install/controller_manager_msgs:/home/mampane/Desktop/machine_tending_robot/ros2_kortex_ws/install/control_msgs:/home/mampane/Desktop/machine_tending_robot/workspace/ros2_kortex_ws/install/kortex_bringup:/home/mampane/Desktop/machine_tending_robot/workspace/ros2_kortex_ws/install/kinova_gen3_lite_moveit_config:/home/mampane/Desktop/machine_tending_robot/workspace/ros2_kortex_ws/install/kinova_gen3_7dof_robotiq_2f_85_moveit_config:/home/mampane/Desktop/machine_tending_robot/workspace/ros2_kortex_ws/install/kinova_gen3_6dof_robotiq_2f_85_moveit_config:/home/mampane/Desktop/machine_tending_robot/workspace/ros2_kortex_ws/install/kortex_description:/home/mampane/Desktop/machine_tending_robot/workspace/ros2_kortex_ws/install/robotiq_description:/home/mampane/Desktop/machine_tending_robot/workspace/ros2_kortex_ws/install/ros2_controllers:/home/mampane/Desktop/machine_tending_robot/workspace/ros2_kortex_ws/install/ign_ros2_control_demos:/home/mampane/Desktop/machine_tending_robot/workspace/ros2_kortex_ws/install/gazebo_ros2_control_demos:/home/mampane/Desktop/machine_tending_robot/workspace/ros2_kortex_ws/install/velocity_controllers:/home/mampane/Desktop/machine_tending_robot/workspace/ros2_kortex_ws/install/tricycle_steering_controller:/home/mampane/Desktop/machine_tending_robot/workspace/ros2_kortex_ws/install/tricycle_controller:/home/mampane/Desktop/machine_tending_robot/workspace/ros2_kortex_ws/install/ros2_control:/home/mampane/Desktop/machine_tending_robot/workspace/ros2_kortex_ws/install/transmission_interface:/home/mampane/Desktop/machine_tending_robot/workspace/ros2_kortex_ws/install/test_ros_gz_bridge:/home/mampane/Desktop/machine_tending_robot/workspace/ros2_kortex_ws/install/bicycle_steering_controller:/home/mampane/Desktop/machine_tending_robot/workspace/ros2_kortex_ws/install/ackermann_steering_controller:/home/mampane/Desktop/machine_tending_robot/workspace/ros2_kortex_ws/install/steering_controllers_library:/home/mampane/Desktop/machine_tending_robot/workspace/ros2_kortex_ws/install/robotiq_hardware_tests:/home/mampane/Desktop/machine_tending_robot/workspace/ros2_kortex_ws/install/robotiq_driver:/home/mampane/Desktop/machine_tending_robot/workspace/ros2_kortex_ws/install/serial:/home/mampane/Desktop/machine_tending_robot/workspace/ros2_kortex_ws/install/ros_ign_interfaces:/home/mampane/Desktop/machine_tending_robot/workspace/ros2_kortex_ws/install/ros_ign:/home/mampane/Desktop/machine_tending_robot/workspace/ros2_kortex_ws/install/ros_ign_image:/home/mampane/Desktop/machine_tending_robot/workspace/ros2_kortex_ws/install/ros_ign_gazebo_demos:/home/mampane/Desktop/machine_tending_robot/workspace/ros2_kortex_ws/install/gz_ros2_control_tests:/home/mampane/Desktop/machine_tending_robot/workspace/ros2_kortex_ws/install/ros_ign_gazebo:/home/mampane/Desktop/machine_tending_robot/workspace/ros2_kortex_ws/install/ros_ign_bridge:/home/mampane/Desktop/machine_tending_robot/workspace/ros2_kortex_ws/install/ros_gz:/home/mampane/Desktop/machine_tending_robot/workspace/ros2_kortex_ws/install/ros_gz_sim_demos:/home/mampane/Desktop/machine_tending_robot/workspace/ros2_kortex_ws/install/ros_gz_sim:/home/mampane/Desktop/machine_tending_robot/workspace/ros2_kortex_ws/install/ros_gz_image:/home/mampane/Desktop/machine_tending_robot/workspace/ros2_kortex_ws/install/ros_gz_bridge:/home/mampane/Desktop/machine_tending_robot/workspace/ros2_kortex_ws/install/ros_gz_interfaces:/home/mampane/Desktop/machine_tending_robot/workspace/ros2_kortex_ws/install/ign_ros2_control:/home/mampane/Desktop/machine_tending_robot/workspace/ros2_kortex_ws/install/hardware_interface_testing:/home/mampane/Desktop/machine_tending_robot/workspace/ros2_kortex_ws/install/gazebo_ros2_control:/home/mampane/Desktop/machine_tending_robot/workspace/ros2_kortex_ws/install/controller_manager:/home/mampane/Desktop/machine_tending_robot/workspace/ros2_kortex_ws/install/ros2_control_test_assets:/home/mampane/Desktop/machine_tending_robot/workspace/ros2_kortex_ws/install/robotiq_controllers:/home/mampane/Desktop/machine_tending_robot/workspace/ros2_kortex_ws/install/range_sensor_broadcaster:/home/mampane/Desktop/machine_tending_robot/workspace/ros2_kortex_ws/install/position_controllers:/home/mampane/Desktop/machine_tending_robot/workspace/ros2_kortex_ws/install/pose_broadcaster:/home/mampane/Desktop/machine_tending_robot/workspace/ros2_kortex_ws/install/pid_controller:/home/mampane/Desktop/machine_tending_robot/workspace/ros2_kortex_ws/install/picknik_twist_controller:/home/mampane/Desktop/machine_tending_robot/workspace/ros2_kortex_ws/install/picknik_reset_fault_controller:/home/mampane/Desktop/machine_tending_robot/workspace/ros2_kortex_ws/install/mecanum_drive_controller:/home/mampane/Desktop/machine_tending_robot/workspace/ros2_kortex_ws/install/joint_trajectory_controller:/home/mampane/Desktop/machine_tending_robot/workspace/ros2_kortex_ws/install/joint_state_broadcaster:/home/mampane/Desktop/machine_tending_robot/workspace/ros2_kortex_ws/install/imu_sensor_broadcaster:/home/mampane/Desktop/machine_tending_robot/workspace/ros2_kortex_ws/install/gripper_controllers:/home/mampane/Desktop/machine_tending_robot/workspace/ros2_kortex_ws/install/gpio_controllers:/home/mampane/Desktop/machine_tending_robot/workspace/ros2_kortex_ws/install/effort_controllers:/home/mampane/Desktop/machine_tending_robot/workspace/ros2_kortex_ws/install/forward_command_controller:/home/mampane/Desktop/machine_tending_robot/workspace/ros2_kortex_ws/install/force_torque_sensor_broadcaster:/home/mampane/Desktop/machine_tending_robot/workspace/ros2_kortex_ws/install/diff_drive_controller:/home/mampane/Desktop/machine_tending_robot/workspace/ros2_kortex_ws/install/admittance_controller:/home/mampane/Desktop/machine_tending_robot/workspace/ros2_kortex_ws/install/realtime_tools:/home/mampane/Desktop/machine_tending_robot/workspace/ros2_kortex_ws/install/kortex_driver:/home/mampane/Desktop/machine_tending_robot/workspace/ros2_kortex_ws/install/kortex_api:/home/mampane/Desktop/machine_tending_robot/workspace/ros2_kortex_ws/install/joint_limits:/home/mampane/Desktop/machine_tending_robot/workspace/ros2_kortex_ws/install/controller_interface:/home/mampane/Desktop/machine_tending_robot/workspace/ros2_kortex_ws/install/hardware_interface:/home/mampane/Desktop/machine_tending_robot/workspace/ros2_kortex_ws/install/controller_manager_msgs:/home/mampane/Desktop/machine_tending_robot/workspace/ros2_kortex_ws/install/control_msgs:/home/mampane/Desktop/machine_tending_robot/workspace/ros2_kortex_ws/install/rqt_joint_trajectory_controller:/home/mampane/Desktop/machine_tending_robot/workspace/ros2_kortex_ws/install/rqt_controller_manager:/home/mampane/Desktop/machine_tending_robot/workspace/ros2_kortex_ws/install/ros2controlcli:/home/mampane/Desktop/machine_tending_robot/workspace/ros2_kortex_ws/install/ros2_controllers_test_nodes:/opt/ros/humble LD_LIBRARY_PATH=/home/mampane/Desktop/machine_tending_robot/ros2_kortex_ws/install/controller_manager/lib:/home/mampane/Desktop/machine_tending_robot/ros2_kortex_ws/install/hardware_interface_testing/lib:/home/mampane/Desktop/machine_tending_robot/ros2_kortex_ws/install/controller_interface/lib:/home/mampane/Desktop/machine_tending_robot/ros2_kortex_ws/install/hardware_interface/lib:/home/mampane/Desktop/machine_tending_robot/ros2_kortex_ws/install/realtime_tools/lib:/home/mampane/Desktop/machine_tending_robot/ros2_kortex_ws/install/controller_manager_msgs/lib:/home/mampane/Desktop/machine_tending_robot/ros2_kortex_ws/install/control_msgs/lib:${LD_LIBRARY_PATH} PYTHONPATH=/home/mampane/Desktop/machine_tending_robot/ros2_kortex_ws/install/controller_manager/local/lib/python3.10/dist-packages:/home/mampane/Desktop/machine_tending_robot/ros2_kortex_ws/install/controller_manager_msgs/local/lib/python3.10/dist-packages:/home/mampane/Desktop/machine_tending_robot/ros2_kortex_ws/install/control_msgs/local/lib/python3.10/dist-packages:${PYTHONPATH} /usr/bin/cmake --build /home/mampane/Desktop/machine_tending_robot/ros2_kortex_ws/build/ign_ros2_control -- -j20 -l20
[2.823s] [ 25%] [32mBuilding CXX object CMakeFiles/ign_hardware_plugins.dir/src/ign_system.cpp.o[0m
[2.824s] [ 50%] [32mBuilding CXX object CMakeFiles/ign_ros2_control-system.dir/src/ign_ros2_control_plugin.cpp.o[0m
[15.484s] [ 75%] [32m[1mLinking CXX shared library libign_hardware_plugins.so[0m
[15.666s] [100%] [32m[1mLinking CXX shared library libign_ros2_control-system.so[0m
[15.750s] [100%] Built target ign_hardware_plugins
[15.980s] [100%] Built target ign_ros2_control-system
[15.988s] Invoked command in '/home/mampane/Desktop/machine_tending_robot/ros2_kortex_ws/build/ign_ros2_control' returned '0': AMENT_PREFIX_PATH=/home/mampane/Desktop/machine_tending_robot/ros2_kortex_ws/install/controller_manager:/home/mampane/Desktop/machine_tending_robot/ros2_kortex_ws/install/hardware_interface_testing:/home/mampane/Desktop/machine_tending_robot/ros2_kortex_ws/install/controller_interface:/home/mampane/Desktop/machine_tending_robot/ros2_kortex_ws/install/hardware_interface:/home/mampane/Desktop/machine_tending_robot/ros2_kortex_ws/install/ros2_control_test_assets:/home/mampane/Desktop/machine_tending_robot/ros2_kortex_ws/install/realtime_tools:/home/mampane/Desktop/machine_tending_robot/ros2_kortex_ws/install/controller_manager_msgs:/home/mampane/Desktop/machine_tending_robot/ros2_kortex_ws/install/control_msgs:${AMENT_PREFIX_PATH} CMAKE_PREFIX_PATH=/home/mampane/Desktop/machine_tending_robot/ros2_kortex_ws/install/controller_manager:/home/mampane/Desktop/machine_tending_robot/ros2_kortex_ws/install/hardware_interface_testing:/home/mampane/Desktop/machine_tending_robot/ros2_kortex_ws/install/controller_interface:/home/mampane/Desktop/machine_tending_robot/ros2_kortex_ws/install/hardware_interface:/home/mampane/Desktop/machine_tending_robot/ros2_kortex_ws/install/ros2_control_test_assets:/home/mampane/Desktop/machine_tending_robot/ros2_kortex_ws/install/realtime_tools:/home/mampane/Desktop/machine_tending_robot/ros2_kortex_ws/install/controller_manager_msgs:/home/mampane/Desktop/machine_tending_robot/ros2_kortex_ws/install/control_msgs:/home/mampane/Desktop/machine_tending_robot/workspace/ros2_kortex_ws/install/kortex_bringup:/home/mampane/Desktop/machine_tending_robot/workspace/ros2_kortex_ws/install/kinova_gen3_lite_moveit_config:/home/mampane/Desktop/machine_tending_robot/workspace/ros2_kortex_ws/install/kinova_gen3_7dof_robotiq_2f_85_moveit_config:/home/mampane/Desktop/machine_tending_robot/workspace/ros2_kortex_ws/install/kinova_gen3_6dof_robotiq_2f_85_moveit_config:/home/mampane/Desktop/machine_tending_robot/workspace/ros2_kortex_ws/install/kortex_description:/home/mampane/Desktop/machine_tending_robot/workspace/ros2_kortex_ws/install/robotiq_description:/home/mampane/Desktop/machine_tending_robot/workspace/ros2_kortex_ws/install/ros2_controllers:/home/mampane/Desktop/machine_tending_robot/workspace/ros2_kortex_ws/install/ign_ros2_control_demos:/home/mampane/Desktop/machine_tending_robot/workspace/ros2_kortex_ws/install/gazebo_ros2_control_demos:/home/mampane/Desktop/machine_tending_robot/workspace/ros2_kortex_ws/install/velocity_controllers:/home/mampane/Desktop/machine_tending_robot/workspace/ros2_kortex_ws/install/tricycle_steering_controller:/home/mampane/Desktop/machine_tending_robot/workspace/ros2_kortex_ws/install/tricycle_controller:/home/mampane/Desktop/machine_tending_robot/workspace/ros2_kortex_ws/install/ros2_control:/home/mampane/Desktop/machine_tending_robot/workspace/ros2_kortex_ws/install/transmission_interface:/home/mampane/Desktop/machine_tending_robot/workspace/ros2_kortex_ws/install/test_ros_gz_bridge:/home/mampane/Desktop/machine_tending_robot/workspace/ros2_kortex_ws/install/bicycle_steering_controller:/home/mampane/Desktop/machine_tending_robot/workspace/ros2_kortex_ws/install/ackermann_steering_controller:/home/mampane/Desktop/machine_tending_robot/workspace/ros2_kortex_ws/install/steering_controllers_library:/home/mampane/Desktop/machine_tending_robot/workspace/ros2_kortex_ws/install/robotiq_hardware_tests:/home/mampane/Desktop/machine_tending_robot/workspace/ros2_kortex_ws/install/robotiq_driver:/home/mampane/Desktop/machine_tending_robot/workspace/ros2_kortex_ws/install/serial:/home/mampane/Desktop/machine_tending_robot/workspace/ros2_kortex_ws/install/ros_ign_interfaces:/home/mampane/Desktop/machine_tending_robot/workspace/ros2_kortex_ws/install/ros_ign:/home/mampane/Desktop/machine_tending_robot/workspace/ros2_kortex_ws/install/ros_ign_image:/home/mampane/Desktop/machine_tending_robot/workspace/ros2_kortex_ws/install/ros_ign_gazebo_demos:/home/mampane/Desktop/machine_tending_robot/workspace/ros2_kortex_ws/install/gz_ros2_control_tests:/home/mampane/Desktop/machine_tending_robot/workspace/ros2_kortex_ws/install/ros_ign_gazebo:/home/mampane/Desktop/machine_tending_robot/workspace/ros2_kortex_ws/install/ros_ign_bridge:/home/mampane/Desktop/machine_tending_robot/workspace/ros2_kortex_ws/install/ros_gz:/home/mampane/Desktop/machine_tending_robot/workspace/ros2_kortex_ws/install/ros_gz_sim_demos:/home/mampane/Desktop/machine_tending_robot/workspace/ros2_kortex_ws/install/ros_gz_sim:/home/mampane/Desktop/machine_tending_robot/workspace/ros2_kortex_ws/install/ros_gz_image:/home/mampane/Desktop/machine_tending_robot/workspace/ros2_kortex_ws/install/ros_gz_bridge:/home/mampane/Desktop/machine_tending_robot/workspace/ros2_kortex_ws/install/ros_gz_interfaces:/home/mampane/Desktop/machine_tending_robot/workspace/ros2_kortex_ws/install/ign_ros2_control:/home/mampane/Desktop/machine_tending_robot/workspace/ros2_kortex_ws/install/hardware_interface_testing:/home/mampane/Desktop/machine_tending_robot/workspace/ros2_kortex_ws/install/gazebo_ros2_control:/home/mampane/Desktop/machine_tending_robot/workspace/ros2_kortex_ws/install/controller_manager:/home/mampane/Desktop/machine_tending_robot/workspace/ros2_kortex_ws/install/ros2_control_test_assets:/home/mampane/Desktop/machine_tending_robot/workspace/ros2_kortex_ws/install/robotiq_controllers:/home/mampane/Desktop/machine_tending_robot/workspace/ros2_kortex_ws/install/range_sensor_broadcaster:/home/mampane/Desktop/machine_tending_robot/workspace/ros2_kortex_ws/install/position_controllers:/home/mampane/Desktop/machine_tending_robot/workspace/ros2_kortex_ws/install/pose_broadcaster:/home/mampane/Desktop/machine_tending_robot/workspace/ros2_kortex_ws/install/pid_controller:/home/mampane/Desktop/machine_tending_robot/workspace/ros2_kortex_ws/install/picknik_twist_controller:/home/mampane/Desktop/machine_tending_robot/workspace/ros2_kortex_ws/install/picknik_reset_fault_controller:/home/mampane/Desktop/machine_tending_robot/workspace/ros2_kortex_ws/install/mecanum_drive_controller:/home/mampane/Desktop/machine_tending_robot/workspace/ros2_kortex_ws/install/joint_trajectory_controller:/home/mampane/Desktop/machine_tending_robot/workspace/ros2_kortex_ws/install/joint_state_broadcaster:/home/mampane/Desktop/machine_tending_robot/workspace/ros2_kortex_ws/install/imu_sensor_broadcaster:/home/mampane/Desktop/machine_tending_robot/workspace/ros2_kortex_ws/install/gripper_controllers:/home/mampane/Desktop/machine_tending_robot/workspace/ros2_kortex_ws/install/gpio_controllers:/home/mampane/Desktop/machine_tending_robot/workspace/ros2_kortex_ws/install/effort_controllers:/home/mampane/Desktop/machine_tending_robot/workspace/ros2_kortex_ws/install/forward_command_controller:/home/mampane/Desktop/machine_tending_robot/workspace/ros2_kortex_ws/install/force_torque_sensor_broadcaster:/home/mampane/Desktop/machine_tending_robot/workspace/ros2_kortex_ws/install/diff_drive_controller:/home/mampane/Desktop/machine_tending_robot/workspace/ros2_kortex_ws/install/admittance_controller:/home/mampane/Desktop/machine_tending_robot/workspace/ros2_kortex_ws/install/realtime_tools:/home/mampane/Desktop/machine_tending_robot/workspace/ros2_kortex_ws/install/kortex_driver:/home/mampane/Desktop/machine_tending_robot/workspace/ros2_kortex_ws/install/kortex_api:/home/mampane/Desktop/machine_tending_robot/workspace/ros2_kortex_ws/install/joint_limits:/home/mampane/Desktop/machine_tending_robot/workspace/ros2_kortex_ws/install/controller_interface:/home/mampane/Desktop/machine_tending_robot/workspace/ros2_kortex_ws/install/hardware_interface:/home/mampane/Desktop/machine_tending_robot/workspace/ros2_kortex_ws/install/controller_manager_msgs:/home/mampane/Desktop/machine_tending_robot/workspace/ros2_kortex_ws/install/control_msgs:/home/mampane/Desktop/machine_tending_robot/workspace/ros2_kortex_ws/install/rqt_joint_trajectory_controller:/home/mampane/Desktop/machine_tending_robot/workspace/ros2_kortex_ws/install/rqt_controller_manager:/home/mampane/Desktop/machine_tending_robot/workspace/ros2_kortex_ws/install/ros2controlcli:/home/mampane/Desktop/machine_tending_robot/workspace/ros2_kortex_ws/install/ros2_controllers_test_nodes:/opt/ros/humble LD_LIBRARY_PATH=/home/mampane/Desktop/machine_tending_robot/ros2_kortex_ws/install/controller_manager/lib:/home/mampane/Desktop/machine_tending_robot/ros2_kortex_ws/install/hardware_interface_testing/lib:/home/mampane/Desktop/machine_tending_robot/ros2_kortex_ws/install/controller_interface/lib:/home/mampane/Desktop/machine_tending_robot/ros2_kortex_ws/install/hardware_interface/lib:/home/mampane/Desktop/machine_tending_robot/ros2_kortex_ws/install/realtime_tools/lib:/home/mampane/Desktop/machine_tending_robot/ros2_kortex_ws/install/controller_manager_msgs/lib:/home/mampane/Desktop/machine_tending_robot/ros2_kortex_ws/install/control_msgs/lib:${LD_LIBRARY_PATH} PYTHONPATH=/home/mampane/Desktop/machine_tending_robot/ros2_kortex_ws/install/controller_manager/local/lib/python3.10/dist-packages:/home/mampane/Desktop/machine_tending_robot/ros2_kortex_ws/install/controller_manager_msgs/local/lib/python3.10/dist-packages:/home/mampane/Desktop/machine_tending_robot/ros2_kortex_ws/install/control_msgs/local/lib/python3.10/dist-packages:${PYTHONPATH} /usr/bin/cmake --build /home/mampane/Desktop/machine_tending_robot/ros2_kortex_ws/build/ign_ros2_control -- -j20 -l20
[15.990s] Invoking command in '/home/mampane/Desktop/machine_tending_robot/ros2_kortex_ws/build/ign_ros2_control': AMENT_PREFIX_PATH=/home/mampane/Desktop/machine_tending_robot/ros2_kortex_ws/install/controller_manager:/home/mampane/Desktop/machine_tending_robot/ros2_kortex_ws/install/hardware_interface_testing:/home/mampane/Desktop/machine_tending_robot/ros2_kortex_ws/install/controller_interface:/home/mampane/Desktop/machine_tending_robot/ros2_kortex_ws/install/hardware_interface:/home/mampane/Desktop/machine_tending_robot/ros2_kortex_ws/install/ros2_control_test_assets:/home/mampane/Desktop/machine_tending_robot/ros2_kortex_ws/install/realtime_tools:/home/mampane/Desktop/machine_tending_robot/ros2_kortex_ws/install/controller_manager_msgs:/home/mampane/Desktop/machine_tending_robot/ros2_kortex_ws/install/control_msgs:${AMENT_PREFIX_PATH} CMAKE_PREFIX_PATH=/home/mampane/Desktop/machine_tending_robot/ros2_kortex_ws/install/controller_manager:/home/mampane/Desktop/machine_tending_robot/ros2_kortex_ws/install/hardware_interface_testing:/home/mampane/Desktop/machine_tending_robot/ros2_kortex_ws/install/controller_interface:/home/mampane/Desktop/machine_tending_robot/ros2_kortex_ws/install/hardware_interface:/home/mampane/Desktop/machine_tending_robot/ros2_kortex_ws/install/ros2_control_test_assets:/home/mampane/Desktop/machine_tending_robot/ros2_kortex_ws/install/realtime_tools:/home/mampane/Desktop/machine_tending_robot/ros2_kortex_ws/install/controller_manager_msgs:/home/mampane/Desktop/machine_tending_robot/ros2_kortex_ws/install/control_msgs:/home/mampane/Desktop/machine_tending_robot/workspace/ros2_kortex_ws/install/kortex_bringup:/home/mampane/Desktop/machine_tending_robot/workspace/ros2_kortex_ws/install/kinova_gen3_lite_moveit_config:/home/mampane/Desktop/machine_tending_robot/workspace/ros2_kortex_ws/install/kinova_gen3_7dof_robotiq_2f_85_moveit_config:/home/mampane/Desktop/machine_tending_robot/workspace/ros2_kortex_ws/install/kinova_gen3_6dof_robotiq_2f_85_moveit_config:/home/mampane/Desktop/machine_tending_robot/workspace/ros2_kortex_ws/install/kortex_description:/home/mampane/Desktop/machine_tending_robot/workspace/ros2_kortex_ws/install/robotiq_description:/home/mampane/Desktop/machine_tending_robot/workspace/ros2_kortex_ws/install/ros2_controllers:/home/mampane/Desktop/machine_tending_robot/workspace/ros2_kortex_ws/install/ign_ros2_control_demos:/home/mampane/Desktop/machine_tending_robot/workspace/ros2_kortex_ws/install/gazebo_ros2_control_demos:/home/mampane/Desktop/machine_tending_robot/workspace/ros2_kortex_ws/install/velocity_controllers:/home/mampane/Desktop/machine_tending_robot/workspace/ros2_kortex_ws/install/tricycle_steering_controller:/home/mampane/Desktop/machine_tending_robot/workspace/ros2_kortex_ws/install/tricycle_controller:/home/mampane/Desktop/machine_tending_robot/workspace/ros2_kortex_ws/install/ros2_control:/home/mampane/Desktop/machine_tending_robot/workspace/ros2_kortex_ws/install/transmission_interface:/home/mampane/Desktop/machine_tending_robot/workspace/ros2_kortex_ws/install/test_ros_gz_bridge:/home/mampane/Desktop/machine_tending_robot/workspace/ros2_kortex_ws/install/bicycle_steering_controller:/home/mampane/Desktop/machine_tending_robot/workspace/ros2_kortex_ws/install/ackermann_steering_controller:/home/mampane/Desktop/machine_tending_robot/workspace/ros2_kortex_ws/install/steering_controllers_library:/home/mampane/Desktop/machine_tending_robot/workspace/ros2_kortex_ws/install/robotiq_hardware_tests:/home/mampane/Desktop/machine_tending_robot/workspace/ros2_kortex_ws/install/robotiq_driver:/home/mampane/Desktop/machine_tending_robot/workspace/ros2_kortex_ws/install/serial:/home/mampane/Desktop/machine_tending_robot/workspace/ros2_kortex_ws/install/ros_ign_interfaces:/home/mampane/Desktop/machine_tending_robot/workspace/ros2_kortex_ws/install/ros_ign:/home/mampane/Desktop/machine_tending_robot/workspace/ros2_kortex_ws/install/ros_ign_image:/home/mampane/Desktop/machine_tending_robot/workspace/ros2_kortex_ws/install/ros_ign_gazebo_demos:/home/mampane/Desktop/machine_tending_robot/workspace/ros2_kortex_ws/install/gz_ros2_control_tests:/home/mampane/Desktop/machine_tending_robot/workspace/ros2_kortex_ws/install/ros_ign_gazebo:/home/mampane/Desktop/machine_tending_robot/workspace/ros2_kortex_ws/install/ros_ign_bridge:/home/mampane/Desktop/machine_tending_robot/workspace/ros2_kortex_ws/install/ros_gz:/home/mampane/Desktop/machine_tending_robot/workspace/ros2_kortex_ws/install/ros_gz_sim_demos:/home/mampane/Desktop/machine_tending_robot/workspace/ros2_kortex_ws/install/ros_gz_sim:/home/mampane/Desktop/machine_tending_robot/workspace/ros2_kortex_ws/install/ros_gz_image:/home/mampane/Desktop/machine_tending_robot/workspace/ros2_kortex_ws/install/ros_gz_bridge:/home/mampane/Desktop/machine_tending_robot/workspace/ros2_kortex_ws/install/ros_gz_interfaces:/home/mampane/Desktop/machine_tending_robot/workspace/ros2_kortex_ws/install/ign_ros2_control:/home/mampane/Desktop/machine_tending_robot/workspace/ros2_kortex_ws/install/hardware_interface_testing:/home/mampane/Desktop/machine_tending_robot/workspace/ros2_kortex_ws/install/gazebo_ros2_control:/home/mampane/Desktop/machine_tending_robot/workspace/ros2_kortex_ws/install/controller_manager:/home/mampane/Desktop/machine_tending_robot/workspace/ros2_kortex_ws/install/ros2_control_test_assets:/home/mampane/Desktop/machine_tending_robot/workspace/ros2_kortex_ws/install/robotiq_controllers:/home/mampane/Desktop/machine_tending_robot/workspace/ros2_kortex_ws/install/range_sensor_broadcaster:/home/mampane/Desktop/machine_tending_robot/workspace/ros2_kortex_ws/install/position_controllers:/home/mampane/Desktop/machine_tending_robot/workspace/ros2_kortex_ws/install/pose_broadcaster:/home/mampane/Desktop/machine_tending_robot/workspace/ros2_kortex_ws/install/pid_controller:/home/mampane/Desktop/machine_tending_robot/workspace/ros2_kortex_ws/install/picknik_twist_controller:/home/mampane/Desktop/machine_tending_robot/workspace/ros2_kortex_ws/install/picknik_reset_fault_controller:/home/mampane/Desktop/machine_tending_robot/workspace/ros2_kortex_ws/install/mecanum_drive_controller:/home/mampane/Desktop/machine_tending_robot/workspace/ros2_kortex_ws/install/joint_trajectory_controller:/home/mampane/Desktop/machine_tending_robot/workspace/ros2_kortex_ws/install/joint_state_broadcaster:/home/mampane/Desktop/machine_tending_robot/workspace/ros2_kortex_ws/install/imu_sensor_broadcaster:/home/mampane/Desktop/machine_tending_robot/workspace/ros2_kortex_ws/install/gripper_controllers:/home/mampane/Desktop/machine_tending_robot/workspace/ros2_kortex_ws/install/gpio_controllers:/home/mampane/Desktop/machine_tending_robot/workspace/ros2_kortex_ws/install/effort_controllers:/home/mampane/Desktop/machine_tending_robot/workspace/ros2_kortex_ws/install/forward_command_controller:/home/mampane/Desktop/machine_tending_robot/workspace/ros2_kortex_ws/install/force_torque_sensor_broadcaster:/home/mampane/Desktop/machine_tending_robot/workspace/ros2_kortex_ws/install/diff_drive_controller:/home/mampane/Desktop/machine_tending_robot/workspace/ros2_kortex_ws/install/admittance_controller:/home/mampane/Desktop/machine_tending_robot/workspace/ros2_kortex_ws/install/realtime_tools:/home/mampane/Desktop/machine_tending_robot/workspace/ros2_kortex_ws/install/kortex_driver:/home/mampane/Desktop/machine_tending_robot/workspace/ros2_kortex_ws/install/kortex_api:/home/mampane/Desktop/machine_tending_robot/workspace/ros2_kortex_ws/install/joint_limits:/home/mampane/Desktop/machine_tending_robot/workspace/ros2_kortex_ws/install/controller_interface:/home/mampane/Desktop/machine_tending_robot/workspace/ros2_kortex_ws/install/hardware_interface:/home/mampane/Desktop/machine_tending_robot/workspace/ros2_kortex_ws/install/controller_manager_msgs:/home/mampane/Desktop/machine_tending_robot/workspace/ros2_kortex_ws/install/control_msgs:/home/mampane/Desktop/machine_tending_robot/workspace/ros2_kortex_ws/install/rqt_joint_trajectory_controller:/home/mampane/Desktop/machine_tending_robot/workspace/ros2_kortex_ws/install/rqt_controller_manager:/home/mampane/Desktop/machine_tending_robot/workspace/ros2_kortex_ws/install/ros2controlcli:/home/mampane/Desktop/machine_tending_robot/workspace/ros2_kortex_ws/install/ros2_controllers_test_nodes:/opt/ros/humble LD_LIBRARY_PATH=/home/mampane/Desktop/machine_tending_robot/ros2_kortex_ws/install/controller_manager/lib:/home/mampane/Desktop/machine_tending_robot/ros2_kortex_ws/install/hardware_interface_testing/lib:/home/mampane/Desktop/machine_tending_robot/ros2_kortex_ws/install/controller_interface/lib:/home/mampane/Desktop/machine_tending_robot/ros2_kortex_ws/install/hardware_interface/lib:/home/mampane/Desktop/machine_tending_robot/ros2_kortex_ws/install/realtime_tools/lib:/home/mampane/Desktop/machine_tending_robot/ros2_kortex_ws/install/controller_manager_msgs/lib:/home/mampane/Desktop/machine_tending_robot/ros2_kortex_ws/install/control_msgs/lib:${LD_LIBRARY_PATH} PYTHONPATH=/home/mampane/Desktop/machine_tending_robot/ros2_kortex_ws/install/controller_manager/local/lib/python3.10/dist-packages:/home/mampane/Desktop/machine_tending_robot/ros2_kortex_ws/install/controller_manager_msgs/local/lib/python3.10/dist-packages:/home/mampane/Desktop/machine_tending_robot/ros2_kortex_ws/install/control_msgs/local/lib/python3.10/dist-packages:${PYTHONPATH} /usr/bin/cmake --install /home/mampane/Desktop/machine_tending_robot/ros2_kortex_ws/build/ign_ros2_control
[15.996s] -- Install configuration: "Release"
[15.996s] -- Installing: /home/mampane/Desktop/machine_tending_robot/ros2_kortex_ws/install/ign_ros2_control/lib/libign_hardware_plugins.so
[15.996s] -- Set runtime path of "/home/mampane/Desktop/machine_tending_robot/ros2_kortex_ws/install/ign_ros2_control/lib/libign_hardware_plugins.so" to ""
[15.996s] -- Installing: /home/mampane/Desktop/machine_tending_robot/ros2_kortex_ws/install/ign_ros2_control/include
[15.996s] -- Installing: /home/mampane/Desktop/machine_tending_robot/ros2_kortex_ws/install/ign_ros2_control/include/ign_ros2_control
[15.996s] -- Installing: /home/mampane/Desktop/machine_tending_robot/ros2_kortex_ws/install/ign_ros2_control/include/ign_ros2_control/ign_system_interface.hpp
[15.996s] -- Installing: /home/mampane/Desktop/machine_tending_robot/ros2_kortex_ws/install/ign_ros2_control/include/ign_ros2_control/ign_ros2_control_plugin.hpp
[15.996s] -- Installing: /home/mampane/Desktop/machine_tending_robot/ros2_kortex_ws/install/ign_ros2_control/include/ign_ros2_control/ign_system.hpp
[15.996s] -- Installing: /home/mampane/Desktop/machine_tending_robot/ros2_kortex_ws/install/ign_ros2_control/share/ign_ros2_control/environment/library_path.sh
[15.996s] -- Installing: /home/mampane/Desktop/machine_tending_robot/ros2_kortex_ws/install/ign_ros2_control/share/ign_ros2_control/environment/library_path.dsv
[15.996s] -- Installing: /home/mampane/Desktop/machine_tending_robot/ros2_kortex_ws/install/ign_ros2_control/lib/libign_ros2_control-system.so
[15.997s] -- Set runtime path of "/home/mampane/Desktop/machine_tending_robot/ros2_kortex_ws/install/ign_ros2_control/lib/libign_ros2_control-system.so" to ""
[15.997s] -- Installing: /home/mampane/Desktop/machine_tending_robot/ros2_kortex_ws/install/ign_ros2_control/share/ign_ros2_control/ign_hardware_plugins.xml
[15.997s] -- Installing: /home/mampane/Desktop/machine_tending_robot/ros2_kortex_ws/install/ign_ros2_control/share/ament_index/resource_index/package_run_dependencies/ign_ros2_control
[15.997s] -- Installing: /home/mampane/Desktop/machine_tending_robot/ros2_kortex_ws/install/ign_ros2_control/share/ament_index/resource_index/parent_prefix_path/ign_ros2_control
[15.997s] -- Installing: /home/mampane/Desktop/machine_tending_robot/ros2_kortex_ws/install/ign_ros2_control/share/ign_ros2_control/environment/ament_prefix_path.sh
[15.997s] -- Installing: /home/mampane/Desktop/machine_tending_robot/ros2_kortex_ws/install/ign_ros2_control/share/ign_ros2_control/environment/ament_prefix_path.dsv
[15.997s] -- Installing: /home/mampane/Desktop/machine_tending_robot/ros2_kortex_ws/install/ign_ros2_control/share/ign_ros2_control/environment/path.sh
[15.997s] -- Installing: /home/mampane/Desktop/machine_tending_robot/ros2_kortex_ws/install/ign_ros2_control/share/ign_ros2_control/environment/path.dsv
[15.997s] -- Installing: /home/mampane/Desktop/machine_tending_robot/ros2_kortex_ws/install/ign_ros2_control/share/ign_ros2_control/local_setup.bash
[15.997s] -- Installing: /home/mampane/Desktop/machine_tending_robot/ros2_kortex_ws/install/ign_ros2_control/share/ign_ros2_control/local_setup.sh
[15.997s] -- Installing: /home/mampane/Desktop/machine_tending_robot/ros2_kortex_ws/install/ign_ros2_control/share/ign_ros2_control/local_setup.zsh
[15.997s] -- Installing: /home/mampane/Desktop/machine_tending_robot/ros2_kortex_ws/install/ign_ros2_control/share/ign_ros2_control/local_setup.dsv
[15.998s] -- Installing: /home/mampane/Desktop/machine_tending_robot/ros2_kortex_ws/install/ign_ros2_control/share/ign_ros2_control/package.dsv
[15.998s] -- Installing: /home/mampane/Desktop/machine_tending_robot/ros2_kortex_ws/install/ign_ros2_control/share/ament_index/resource_index/packages/ign_ros2_control
[15.998s] -- Installing: /home/mampane/Desktop/machine_tending_robot/ros2_kortex_ws/install/ign_ros2_control/share/ament_index/resource_index/ign_ros2_control__pluginlib__plugin/ign_ros2_control
[15.998s] -- Installing: /home/mampane/Desktop/machine_tending_robot/ros2_kortex_ws/install/ign_ros2_control/share/ign_ros2_control/cmake/ament_cmake_export_include_directories-extras.cmake
[15.998s] -- Installing: /home/mampane/Desktop/machine_tending_robot/ros2_kortex_ws/install/ign_ros2_control/share/ign_ros2_control/cmake/ament_cmake_export_libraries-extras.cmake
[15.998s] -- Installing: /home/mampane/Desktop/machine_tending_robot/ros2_kortex_ws/install/ign_ros2_control/share/ign_ros2_control/cmake/ign_ros2_controlConfig.cmake
[15.998s] -- Installing: /home/mampane/Desktop/machine_tending_robot/ros2_kortex_ws/install/ign_ros2_control/share/ign_ros2_control/cmake/ign_ros2_controlConfig-version.cmake
[15.998s] -- Installing: /home/mampane/Desktop/machine_tending_robot/ros2_kortex_ws/install/ign_ros2_control/share/ign_ros2_control/package.xml
[16.000s] Invoked command in '/home/mampane/Desktop/machine_tending_robot/ros2_kortex_ws/build/ign_ros2_control' returned '0': AMENT_PREFIX_PATH=/home/mampane/Desktop/machine_tending_robot/ros2_kortex_ws/install/controller_manager:/home/mampane/Desktop/machine_tending_robot/ros2_kortex_ws/install/hardware_interface_testing:/home/mampane/Desktop/machine_tending_robot/ros2_kortex_ws/install/controller_interface:/home/mampane/Desktop/machine_tending_robot/ros2_kortex_ws/install/hardware_interface:/home/mampane/Desktop/machine_tending_robot/ros2_kortex_ws/install/ros2_control_test_assets:/home/mampane/Desktop/machine_tending_robot/ros2_kortex_ws/install/realtime_tools:/home/mampane/Desktop/machine_tending_robot/ros2_kortex_ws/install/controller_manager_msgs:/home/mampane/Desktop/machine_tending_robot/ros2_kortex_ws/install/control_msgs:${AMENT_PREFIX_PATH} CMAKE_PREFIX_PATH=/home/mampane/Desktop/machine_tending_robot/ros2_kortex_ws/install/controller_manager:/home/mampane/Desktop/machine_tending_robot/ros2_kortex_ws/install/hardware_interface_testing:/home/mampane/Desktop/machine_tending_robot/ros2_kortex_ws/install/controller_interface:/home/mampane/Desktop/machine_tending_robot/ros2_kortex_ws/install/hardware_interface:/home/mampane/Desktop/machine_tending_robot/ros2_kortex_ws/install/ros2_control_test_assets:/home/mampane/Desktop/machine_tending_robot/ros2_kortex_ws/install/realtime_tools:/home/mampane/Desktop/machine_tending_robot/ros2_kortex_ws/install/controller_manager_msgs:/home/mampane/Desktop/machine_tending_robot/ros2_kortex_ws/install/control_msgs:/home/mampane/Desktop/machine_tending_robot/workspace/ros2_kortex_ws/install/kortex_bringup:/home/mampane/Desktop/machine_tending_robot/workspace/ros2_kortex_ws/install/kinova_gen3_lite_moveit_config:/home/mampane/Desktop/machine_tending_robot/workspace/ros2_kortex_ws/install/kinova_gen3_7dof_robotiq_2f_85_moveit_config:/home/mampane/Desktop/machine_tending_robot/workspace/ros2_kortex_ws/install/kinova_gen3_6dof_robotiq_2f_85_moveit_config:/home/mampane/Desktop/machine_tending_robot/workspace/ros2_kortex_ws/install/kortex_description:/home/mampane/Desktop/machine_tending_robot/workspace/ros2_kortex_ws/install/robotiq_description:/home/mampane/Desktop/machine_tending_robot/workspace/ros2_kortex_ws/install/ros2_controllers:/home/mampane/Desktop/machine_tending_robot/workspace/ros2_kortex_ws/install/ign_ros2_control_demos:/home/mampane/Desktop/machine_tending_robot/workspace/ros2_kortex_ws/install/gazebo_ros2_control_demos:/home/mampane/Desktop/machine_tending_robot/workspace/ros2_kortex_ws/install/velocity_controllers:/home/mampane/Desktop/machine_tending_robot/workspace/ros2_kortex_ws/install/tricycle_steering_controller:/home/mampane/Desktop/machine_tending_robot/workspace/ros2_kortex_ws/install/tricycle_controller:/home/mampane/Desktop/machine_tending_robot/workspace/ros2_kortex_ws/install/ros2_control:/home/mampane/Desktop/machine_tending_robot/workspace/ros2_kortex_ws/install/transmission_interface:/home/mampane/Desktop/machine_tending_robot/workspace/ros2_kortex_ws/install/test_ros_gz_bridge:/home/mampane/Desktop/machine_tending_robot/workspace/ros2_kortex_ws/install/bicycle_steering_controller:/home/mampane/Desktop/machine_tending_robot/workspace/ros2_kortex_ws/install/ackermann_steering_controller:/home/mampane/Desktop/machine_tending_robot/workspace/ros2_kortex_ws/install/steering_controllers_library:/home/mampane/Desktop/machine_tending_robot/workspace/ros2_kortex_ws/install/robotiq_hardware_tests:/home/mampane/Desktop/machine_tending_robot/workspace/ros2_kortex_ws/install/robotiq_driver:/home/mampane/Desktop/machine_tending_robot/workspace/ros2_kortex_ws/install/serial:/home/mampane/Desktop/machine_tending_robot/workspace/ros2_kortex_ws/install/ros_ign_interfaces:/home/mampane/Desktop/machine_tending_robot/workspace/ros2_kortex_ws/install/ros_ign:/home/mampane/Desktop/machine_tending_robot/workspace/ros2_kortex_ws/install/ros_ign_image:/home/mampane/Desktop/machine_tending_robot/workspace/ros2_kortex_ws/install/ros_ign_gazebo_demos:/home/mampane/Desktop/machine_tending_robot/workspace/ros2_kortex_ws/install/gz_ros2_control_tests:/home/mampane/Desktop/machine_tending_robot/workspace/ros2_kortex_ws/install/ros_ign_gazebo:/home/mampane/Desktop/machine_tending_robot/workspace/ros2_kortex_ws/install/ros_ign_bridge:/home/mampane/Desktop/machine_tending_robot/workspace/ros2_kortex_ws/install/ros_gz:/home/mampane/Desktop/machine_tending_robot/workspace/ros2_kortex_ws/install/ros_gz_sim_demos:/home/mampane/Desktop/machine_tending_robot/workspace/ros2_kortex_ws/install/ros_gz_sim:/home/mampane/Desktop/machine_tending_robot/workspace/ros2_kortex_ws/install/ros_gz_image:/home/mampane/Desktop/machine_tending_robot/workspace/ros2_kortex_ws/install/ros_gz_bridge:/home/mampane/Desktop/machine_tending_robot/workspace/ros2_kortex_ws/install/ros_gz_interfaces:/home/mampane/Desktop/machine_tending_robot/workspace/ros2_kortex_ws/install/ign_ros2_control:/home/mampane/Desktop/machine_tending_robot/workspace/ros2_kortex_ws/install/hardware_interface_testing:/home/mampane/Desktop/machine_tending_robot/workspace/ros2_kortex_ws/install/gazebo_ros2_control:/home/mampane/Desktop/machine_tending_robot/workspace/ros2_kortex_ws/install/controller_manager:/home/mampane/Desktop/machine_tending_robot/workspace/ros2_kortex_ws/install/ros2_control_test_assets:/home/mampane/Desktop/machine_tending_robot/workspace/ros2_kortex_ws/install/robotiq_controllers:/home/mampane/Desktop/machine_tending_robot/workspace/ros2_kortex_ws/install/range_sensor_broadcaster:/home/mampane/Desktop/machine_tending_robot/workspace/ros2_kortex_ws/install/position_controllers:/home/mampane/Desktop/machine_tending_robot/workspace/ros2_kortex_ws/install/pose_broadcaster:/home/mampane/Desktop/machine_tending_robot/workspace/ros2_kortex_ws/install/pid_controller:/home/mampane/Desktop/machine_tending_robot/workspace/ros2_kortex_ws/install/picknik_twist_controller:/home/mampane/Desktop/machine_tending_robot/workspace/ros2_kortex_ws/install/picknik_reset_fault_controller:/home/mampane/Desktop/machine_tending_robot/workspace/ros2_kortex_ws/install/mecanum_drive_controller:/home/mampane/Desktop/machine_tending_robot/workspace/ros2_kortex_ws/install/joint_trajectory_controller:/home/mampane/Desktop/machine_tending_robot/workspace/ros2_kortex_ws/install/joint_state_broadcaster:/home/mampane/Desktop/machine_tending_robot/workspace/ros2_kortex_ws/install/imu_sensor_broadcaster:/home/mampane/Desktop/machine_tending_robot/workspace/ros2_kortex_ws/install/gripper_controllers:/home/mampane/Desktop/machine_tending_robot/workspace/ros2_kortex_ws/install/gpio_controllers:/home/mampane/Desktop/machine_tending_robot/workspace/ros2_kortex_ws/install/effort_controllers:/home/mampane/Desktop/machine_tending_robot/workspace/ros2_kortex_ws/install/forward_command_controller:/home/mampane/Desktop/machine_tending_robot/workspace/ros2_kortex_ws/install/force_torque_sensor_broadcaster:/home/mampane/Desktop/machine_tending_robot/workspace/ros2_kortex_ws/install/diff_drive_controller:/home/mampane/Desktop/machine_tending_robot/workspace/ros2_kortex_ws/install/admittance_controller:/home/mampane/Desktop/machine_tending_robot/workspace/ros2_kortex_ws/install/realtime_tools:/home/mampane/Desktop/machine_tending_robot/workspace/ros2_kortex_ws/install/kortex_driver:/home/mampane/Desktop/machine_tending_robot/workspace/ros2_kortex_ws/install/kortex_api:/home/mampane/Desktop/machine_tending_robot/workspace/ros2_kortex_ws/install/joint_limits:/home/mampane/Desktop/machine_tending_robot/workspace/ros2_kortex_ws/install/controller_interface:/home/mampane/Desktop/machine_tending_robot/workspace/ros2_kortex_ws/install/hardware_interface:/home/mampane/Desktop/machine_tending_robot/workspace/ros2_kortex_ws/install/controller_manager_msgs:/home/mampane/Desktop/machine_tending_robot/workspace/ros2_kortex_ws/install/control_msgs:/home/mampane/Desktop/machine_tending_robot/workspace/ros2_kortex_ws/install/rqt_joint_trajectory_controller:/home/mampane/Desktop/machine_tending_robot/workspace/ros2_kortex_ws/install/rqt_controller_manager:/home/mampane/Desktop/machine_tending_robot/workspace/ros2_kortex_ws/install/ros2controlcli:/home/mampane/Desktop/machine_tending_robot/workspace/ros2_kortex_ws/install/ros2_controllers_test_nodes:/opt/ros/humble LD_LIBRARY_PATH=/home/mampane/Desktop/machine_tending_robot/ros2_kortex_ws/install/controller_manager/lib:/home/mampane/Desktop/machine_tending_robot/ros2_kortex_ws/install/hardware_interface_testing/lib:/home/mampane/Desktop/machine_tending_robot/ros2_kortex_ws/install/controller_interface/lib:/home/mampane/Desktop/machine_tending_robot/ros2_kortex_ws/install/hardware_interface/lib:/home/mampane/Desktop/machine_tending_robot/ros2_kortex_ws/install/realtime_tools/lib:/home/mampane/Desktop/machine_tending_robot/ros2_kortex_ws/install/controller_manager_msgs/lib:/home/mampane/Desktop/machine_tending_robot/ros2_kortex_ws/install/control_msgs/lib:${LD_LIBRARY_PATH} PYTHONPATH=/home/mampane/Desktop/machine_tending_robot/ros2_kortex_ws/install/controller_manager/local/lib/python3.10/dist-packages:/home/mampane/Desktop/machine_tending_robot/ros2_kortex_ws/install/controller_manager_msgs/local/lib/python3.10/dist-packages:/home/mampane/Desktop/machine_tending_robot/ros2_kortex_ws/install/control_msgs/local/lib/python3.10/dist-packages:${PYTHONPATH} /usr/bin/cmake --install /home/mampane/Desktop/machine_tending_robot/ros2_kortex_ws/build/ign_ros2_control
