-- The C compiler identification is GNU 11.4.0
-- The CXX compiler identification is GNU 11.4.0
-- Detecting C compiler ABI info
-- Detecting C compiler ABI info - done
-- Check for working C compiler: /usr/bin/cc - skipped
-- Detecting C compile features
-- Detecting C compile features - done
-- Detecting CXX compiler ABI info
-- Detecting CXX compiler ABI info - done
-- Check for working CXX compiler: /usr/bin/c++ - skipped
-- Detecting CXX compile features
-- Detecting CXX compile features - done
-- Found ament_cmake: 1.3.11 (/opt/ros/humble/share/ament_cmake/cmake)
-- Found Python3: /usr/bin/python3 (found version "3.10.12") found components: Interpreter 
-- Found ament_index_cpp: 1.4.0 (/opt/ros/humble/share/ament_index_cpp/cmake)
-- Configuring done
-- Generating done
-- Build files have been written to: /home/mampane/Desktop/machine_tending_robot/workspace/ros2_kortex_ws/build/ros_ign_bridge
[ 25%] [32mBuilding CXX object CMakeFiles/parameter_bridge.dir/src/parameter_bridge_shim.cpp.o[0m
[ 50%] [32mBuilding CXX object CMakeFiles/static_bridge.dir/src/static_bridge_shim.cpp.o[0m
[01m[K/home/mampane/Desktop/machine_tending_robot/workspace/ros2_kortex_ws/src/ros_gz/ros_ign_bridge/src/static_bridge_shim.cpp:[m[K In function ‘[01m[Kint main(int, char**)[m[K’:
[01m[K/home/mampane/Desktop/machine_tending_robot/workspace/ros2_kortex_ws/src/ros_gz/ros_ign_bridge/src/static_bridge_shim.cpp:40:9:[m[K [01;35m[Kwarning: [m[Kignoring return value of ‘[01m[Kint system(const char*)[m[K’ declared with attribute ‘[01m[Kwarn_unused_result[m[K’ [[01;35m[K]8;;https://gcc.gnu.org/onlinedocs/gcc/Warning-Options.html#index-Wunused-result-Wunused-result]8;;[m[K]
   40 |   [01;35m[Ksystem(cli_call.str().c_str())[m[K;
      |   [01;35m[K~~~~~~^~~~~~~~~~~~~~~~~~~~~~~~[m[K
[01m[K/home/mampane/Desktop/machine_tending_robot/workspace/ros2_kortex_ws/src/ros_gz/ros_ign_bridge/src/parameter_bridge_shim.cpp:[m[K In function ‘[01m[Kint main(int, char**)[m[K’:
[01m[K/home/mampane/Desktop/machine_tending_robot/workspace/ros2_kortex_ws/src/ros_gz/ros_ign_bridge/src/parameter_bridge_shim.cpp:40:9:[m[K [01;35m[Kwarning: [m[Kignoring return value of ‘[01m[Kint system(const char*)[m[K’ declared with attribute ‘[01m[Kwarn_unused_result[m[K’ [[01;35m[K]8;;https://gcc.gnu.org/onlinedocs/gcc/Warning-Options.html#index-Wunused-result-Wunused-result]8;;[m[K]
   40 |   [01;35m[Ksystem(cli_call.str().c_str())[m[K;
      |   [01;35m[K~~~~~~^~~~~~~~~~~~~~~~~~~~~~~~[m[K
[ 75%] [32m[1mLinking CXX executable static_bridge[0m
[100%] [32m[1mLinking CXX executable parameter_bridge[0m
[100%] Built target static_bridge
[100%] Built target parameter_bridge
-- Install configuration: "Release"
-- Installing: /home/mampane/Desktop/machine_tending_robot/workspace/ros2_kortex_ws/install/ros_ign_bridge/lib/ros_ign_bridge/parameter_bridge
-- Set runtime path of "/home/mampane/Desktop/machine_tending_robot/workspace/ros2_kortex_ws/install/ros_ign_bridge/lib/ros_ign_bridge/parameter_bridge" to ""
-- Installing: /home/mampane/Desktop/machine_tending_robot/workspace/ros2_kortex_ws/install/ros_ign_bridge/lib/ros_ign_bridge/static_bridge
-- Set runtime path of "/home/mampane/Desktop/machine_tending_robot/workspace/ros2_kortex_ws/install/ros_ign_bridge/lib/ros_ign_bridge/static_bridge" to ""
-- Installing: /home/mampane/Desktop/machine_tending_robot/workspace/ros2_kortex_ws/install/ros_ign_bridge/share/ament_index/resource_index/package_run_dependencies/ros_ign_bridge
-- Installing: /home/mampane/Desktop/machine_tending_robot/workspace/ros2_kortex_ws/install/ros_ign_bridge/share/ament_index/resource_index/parent_prefix_path/ros_ign_bridge
-- Installing: /home/mampane/Desktop/machine_tending_robot/workspace/ros2_kortex_ws/install/ros_ign_bridge/share/ros_ign_bridge/environment/ament_prefix_path.sh
-- Installing: /home/mampane/Desktop/machine_tending_robot/workspace/ros2_kortex_ws/install/ros_ign_bridge/share/ros_ign_bridge/environment/ament_prefix_path.dsv
-- Installing: /home/mampane/Desktop/machine_tending_robot/workspace/ros2_kortex_ws/install/ros_ign_bridge/share/ros_ign_bridge/environment/path.sh
-- Installing: /home/mampane/Desktop/machine_tending_robot/workspace/ros2_kortex_ws/install/ros_ign_bridge/share/ros_ign_bridge/environment/path.dsv
-- Installing: /home/mampane/Desktop/machine_tending_robot/workspace/ros2_kortex_ws/install/ros_ign_bridge/share/ros_ign_bridge/local_setup.bash
-- Installing: /home/mampane/Desktop/machine_tending_robot/workspace/ros2_kortex_ws/install/ros_ign_bridge/share/ros_ign_bridge/local_setup.sh
-- Installing: /home/mampane/Desktop/machine_tending_robot/workspace/ros2_kortex_ws/install/ros_ign_bridge/share/ros_ign_bridge/local_setup.zsh
-- Installing: /home/mampane/Desktop/machine_tending_robot/workspace/ros2_kortex_ws/install/ros_ign_bridge/share/ros_ign_bridge/local_setup.dsv
-- Installing: /home/mampane/Desktop/machine_tending_robot/workspace/ros2_kortex_ws/install/ros_ign_bridge/share/ros_ign_bridge/package.dsv
-- Installing: /home/mampane/Desktop/machine_tending_robot/workspace/ros2_kortex_ws/install/ros_ign_bridge/share/ament_index/resource_index/packages/ros_ign_bridge
-- Installing: /home/mampane/Desktop/machine_tending_robot/workspace/ros2_kortex_ws/install/ros_ign_bridge/share/ros_ign_bridge/cmake/ament_cmake_export_dependencies-extras.cmake
-- Installing: /home/mampane/Desktop/machine_tending_robot/workspace/ros2_kortex_ws/install/ros_ign_bridge/share/ros_ign_bridge/cmake/ros_ign_bridgeConfig.cmake
-- Installing: /home/mampane/Desktop/machine_tending_robot/workspace/ros2_kortex_ws/install/ros_ign_bridge/share/ros_ign_bridge/cmake/ros_ign_bridgeConfig-version.cmake
-- Installing: /home/mampane/Desktop/machine_tending_robot/workspace/ros2_kortex_ws/install/ros_ign_bridge/share/ros_ign_bridge/package.xml
