[0.008s] Invoking command in '/home/mampane/Desktop/machine_tending_robot/workspace/ros2_kortex_ws/build/ros_ign_bridge': AMENT_PREFIX_PATH=/home/mampane/Desktop/machine_tending_robot/workspace/ros2_kortex_ws/install/ros_gz_bridge:/home/mampane/Desktop/machine_tending_robot/workspace/ros2_kortex_ws/install/ros_gz_interfaces:${AMENT_PREFIX_PATH} CMAKE_PREFIX_PATH=/home/mampane/Desktop/machine_tending_robot/workspace/ros2_kortex_ws/install/ros_gz_bridge:/home/mampane/Desktop/machine_tending_robot/workspace/ros2_kortex_ws/install/ros_gz_interfaces:/opt/ros/humble LD_LIBRARY_PATH=/home/mampane/Desktop/machine_tending_robot/workspace/ros2_kortex_ws/install/ros_gz_bridge/lib:/home/mampane/Desktop/machine_tending_robot/workspace/ros2_kortex_ws/install/ros_gz_interfaces/lib:${LD_LIBRARY_PATH} PYTHONPATH=/home/mampane/Desktop/machine_tending_robot/workspace/ros2_kortex_ws/install/ros_gz_interfaces/local/lib/python3.10/dist-packages:${PYTHONPATH} /usr/bin/cmake /home/mampane/Desktop/machine_tending_robot/workspace/ros2_kortex_ws/src/ros_gz/ros_ign_bridge -DCMAKE_BUILD_TYPE=Release -DCMAKE_INSTALL_PREFIX=/home/mampane/Desktop/machine_tending_robot/workspace/ros2_kortex_ws/install/ros_ign_bridge
[0.051s] -- The C compiler identification is GNU 11.4.0
[0.095s] -- The CXX compiler identification is GNU 11.4.0
[0.100s] -- Detecting C compiler ABI info
[0.163s] -- Detecting C compiler ABI info - done
[0.168s] -- Check for working C compiler: /usr/bin/cc - skipped
[0.168s] -- Detecting C compile features
[0.168s] -- Detecting C compile features - done
[0.171s] -- Detecting CXX compiler ABI info
[0.233s] -- Detecting CXX compiler ABI info - done
[0.241s] -- Check for working CXX compiler: /usr/bin/c++ - skipped
[0.241s] -- Detecting CXX compile features
[0.241s] -- Detecting CXX compile features - done
[0.243s] -- Found ament_cmake: 1.3.11 (/opt/ros/humble/share/ament_cmake/cmake)
[0.355s] -- Found Python3: /usr/bin/python3 (found version "3.10.12") found components: Interpreter 
[0.418s] -- Found ament_index_cpp: 1.4.0 (/opt/ros/humble/share/ament_index_cpp/cmake)
[0.469s] -- Configuring done
[0.471s] -- Generating done
[0.473s] -- Build files have been written to: /home/mampane/Desktop/machine_tending_robot/workspace/ros2_kortex_ws/build/ros_ign_bridge
[0.476s] Invoked command in '/home/mampane/Desktop/machine_tending_robot/workspace/ros2_kortex_ws/build/ros_ign_bridge' returned '0': AMENT_PREFIX_PATH=/home/mampane/Desktop/machine_tending_robot/workspace/ros2_kortex_ws/install/ros_gz_bridge:/home/mampane/Desktop/machine_tending_robot/workspace/ros2_kortex_ws/install/ros_gz_interfaces:${AMENT_PREFIX_PATH} CMAKE_PREFIX_PATH=/home/mampane/Desktop/machine_tending_robot/workspace/ros2_kortex_ws/install/ros_gz_bridge:/home/mampane/Desktop/machine_tending_robot/workspace/ros2_kortex_ws/install/ros_gz_interfaces:/opt/ros/humble LD_LIBRARY_PATH=/home/mampane/Desktop/machine_tending_robot/workspace/ros2_kortex_ws/install/ros_gz_bridge/lib:/home/mampane/Desktop/machine_tending_robot/workspace/ros2_kortex_ws/install/ros_gz_interfaces/lib:${LD_LIBRARY_PATH} PYTHONPATH=/home/mampane/Desktop/machine_tending_robot/workspace/ros2_kortex_ws/install/ros_gz_interfaces/local/lib/python3.10/dist-packages:${PYTHONPATH} /usr/bin/cmake /home/mampane/Desktop/machine_tending_robot/workspace/ros2_kortex_ws/src/ros_gz/ros_ign_bridge -DCMAKE_BUILD_TYPE=Release -DCMAKE_INSTALL_PREFIX=/home/mampane/Desktop/machine_tending_robot/workspace/ros2_kortex_ws/install/ros_ign_bridge
[0.477s] Invoking command in '/home/mampane/Desktop/machine_tending_robot/workspace/ros2_kortex_ws/build/ros_ign_bridge': AMENT_PREFIX_PATH=/home/mampane/Desktop/machine_tending_robot/workspace/ros2_kortex_ws/install/ros_gz_bridge:/home/mampane/Desktop/machine_tending_robot/workspace/ros2_kortex_ws/install/ros_gz_interfaces:${AMENT_PREFIX_PATH} CMAKE_PREFIX_PATH=/home/mampane/Desktop/machine_tending_robot/workspace/ros2_kortex_ws/install/ros_gz_bridge:/home/mampane/Desktop/machine_tending_robot/workspace/ros2_kortex_ws/install/ros_gz_interfaces:/opt/ros/humble LD_LIBRARY_PATH=/home/mampane/Desktop/machine_tending_robot/workspace/ros2_kortex_ws/install/ros_gz_bridge/lib:/home/mampane/Desktop/machine_tending_robot/workspace/ros2_kortex_ws/install/ros_gz_interfaces/lib:${LD_LIBRARY_PATH} PYTHONPATH=/home/mampane/Desktop/machine_tending_robot/workspace/ros2_kortex_ws/install/ros_gz_interfaces/local/lib/python3.10/dist-packages:${PYTHONPATH} /usr/bin/cmake --build /home/mampane/Desktop/machine_tending_robot/workspace/ros2_kortex_ws/build/ros_ign_bridge -- -j20 -l20
[0.516s] [ 25%] [32mBuilding CXX object CMakeFiles/parameter_bridge.dir/src/parameter_bridge_shim.cpp.o[0m
[0.517s] [ 50%] [32mBuilding CXX object CMakeFiles/static_bridge.dir/src/static_bridge_shim.cpp.o[0m
[0.660s] [01m[K/home/mampane/Desktop/machine_tending_robot/workspace/ros2_kortex_ws/src/ros_gz/ros_ign_bridge/src/static_bridge_shim.cpp:[m[K In function ‘[01m[Kint main(int, char**)[m[K’:
[0.660s] [01m[K/home/mampane/Desktop/machine_tending_robot/workspace/ros2_kortex_ws/src/ros_gz/ros_ign_bridge/src/static_bridge_shim.cpp:40:9:[m[K [01;35m[Kwarning: [m[Kignoring return value of ‘[01m[Kint system(const char*)[m[K’ declared with attribute ‘[01m[Kwarn_unused_result[m[K’ [[01;35m[K]8;;https://gcc.gnu.org/onlinedocs/gcc/Warning-Options.html#index-Wunused-result-Wunused-result]8;;[m[K]
[0.661s]    40 |   [01;35m[Ksystem(cli_call.str().c_str())[m[K;
[0.661s]       |   [01;35m[K~~~~~~^~~~~~~~~~~~~~~~~~~~~~~~[m[K
[0.661s] [01m[K/home/mampane/Desktop/machine_tending_robot/workspace/ros2_kortex_ws/src/ros_gz/ros_ign_bridge/src/parameter_bridge_shim.cpp:[m[K In function ‘[01m[Kint main(int, char**)[m[K’:
[0.661s] [01m[K/home/mampane/Desktop/machine_tending_robot/workspace/ros2_kortex_ws/src/ros_gz/ros_ign_bridge/src/parameter_bridge_shim.cpp:40:9:[m[K [01;35m[Kwarning: [m[Kignoring return value of ‘[01m[Kint system(const char*)[m[K’ declared with attribute ‘[01m[Kwarn_unused_result[m[K’ [[01;35m[K]8;;https://gcc.gnu.org/onlinedocs/gcc/Warning-Options.html#index-Wunused-result-Wunused-result]8;;[m[K]
[0.661s]    40 |   [01;35m[Ksystem(cli_call.str().c_str())[m[K;
[0.661s]       |   [01;35m[K~~~~~~^~~~~~~~~~~~~~~~~~~~~~~~[m[K
[0.703s] [ 75%] [32m[1mLinking CXX executable static_bridge[0m
[0.704s] [100%] [32m[1mLinking CXX executable parameter_bridge[0m
[0.762s] [100%] Built target static_bridge
[0.766s] [100%] Built target parameter_bridge
[0.776s] Invoked command in '/home/mampane/Desktop/machine_tending_robot/workspace/ros2_kortex_ws/build/ros_ign_bridge' returned '0': AMENT_PREFIX_PATH=/home/mampane/Desktop/machine_tending_robot/workspace/ros2_kortex_ws/install/ros_gz_bridge:/home/mampane/Desktop/machine_tending_robot/workspace/ros2_kortex_ws/install/ros_gz_interfaces:${AMENT_PREFIX_PATH} CMAKE_PREFIX_PATH=/home/mampane/Desktop/machine_tending_robot/workspace/ros2_kortex_ws/install/ros_gz_bridge:/home/mampane/Desktop/machine_tending_robot/workspace/ros2_kortex_ws/install/ros_gz_interfaces:/opt/ros/humble LD_LIBRARY_PATH=/home/mampane/Desktop/machine_tending_robot/workspace/ros2_kortex_ws/install/ros_gz_bridge/lib:/home/mampane/Desktop/machine_tending_robot/workspace/ros2_kortex_ws/install/ros_gz_interfaces/lib:${LD_LIBRARY_PATH} PYTHONPATH=/home/mampane/Desktop/machine_tending_robot/workspace/ros2_kortex_ws/install/ros_gz_interfaces/local/lib/python3.10/dist-packages:${PYTHONPATH} /usr/bin/cmake --build /home/mampane/Desktop/machine_tending_robot/workspace/ros2_kortex_ws/build/ros_ign_bridge -- -j20 -l20
[0.777s] Invoking command in '/home/mampane/Desktop/machine_tending_robot/workspace/ros2_kortex_ws/build/ros_ign_bridge': AMENT_PREFIX_PATH=/home/mampane/Desktop/machine_tending_robot/workspace/ros2_kortex_ws/install/ros_gz_bridge:/home/mampane/Desktop/machine_tending_robot/workspace/ros2_kortex_ws/install/ros_gz_interfaces:${AMENT_PREFIX_PATH} CMAKE_PREFIX_PATH=/home/mampane/Desktop/machine_tending_robot/workspace/ros2_kortex_ws/install/ros_gz_bridge:/home/mampane/Desktop/machine_tending_robot/workspace/ros2_kortex_ws/install/ros_gz_interfaces:/opt/ros/humble LD_LIBRARY_PATH=/home/mampane/Desktop/machine_tending_robot/workspace/ros2_kortex_ws/install/ros_gz_bridge/lib:/home/mampane/Desktop/machine_tending_robot/workspace/ros2_kortex_ws/install/ros_gz_interfaces/lib:${LD_LIBRARY_PATH} PYTHONPATH=/home/mampane/Desktop/machine_tending_robot/workspace/ros2_kortex_ws/install/ros_gz_interfaces/local/lib/python3.10/dist-packages:${PYTHONPATH} /usr/bin/cmake --install /home/mampane/Desktop/machine_tending_robot/workspace/ros2_kortex_ws/build/ros_ign_bridge
[0.783s] -- Install configuration: "Release"
[0.783s] -- Installing: /home/mampane/Desktop/machine_tending_robot/workspace/ros2_kortex_ws/install/ros_ign_bridge/lib/ros_ign_bridge/parameter_bridge
[0.783s] -- Set runtime path of "/home/mampane/Desktop/machine_tending_robot/workspace/ros2_kortex_ws/install/ros_ign_bridge/lib/ros_ign_bridge/parameter_bridge" to ""
[0.783s] -- Installing: /home/mampane/Desktop/machine_tending_robot/workspace/ros2_kortex_ws/install/ros_ign_bridge/lib/ros_ign_bridge/static_bridge
[0.783s] -- Set runtime path of "/home/mampane/Desktop/machine_tending_robot/workspace/ros2_kortex_ws/install/ros_ign_bridge/lib/ros_ign_bridge/static_bridge" to ""
[0.783s] -- Installing: /home/mampane/Desktop/machine_tending_robot/workspace/ros2_kortex_ws/install/ros_ign_bridge/share/ament_index/resource_index/package_run_dependencies/ros_ign_bridge
[0.783s] -- Installing: /home/mampane/Desktop/machine_tending_robot/workspace/ros2_kortex_ws/install/ros_ign_bridge/share/ament_index/resource_index/parent_prefix_path/ros_ign_bridge
[0.783s] -- Installing: /home/mampane/Desktop/machine_tending_robot/workspace/ros2_kortex_ws/install/ros_ign_bridge/share/ros_ign_bridge/environment/ament_prefix_path.sh
[0.783s] -- Installing: /home/mampane/Desktop/machine_tending_robot/workspace/ros2_kortex_ws/install/ros_ign_bridge/share/ros_ign_bridge/environment/ament_prefix_path.dsv
[0.783s] -- Installing: /home/mampane/Desktop/machine_tending_robot/workspace/ros2_kortex_ws/install/ros_ign_bridge/share/ros_ign_bridge/environment/path.sh
[0.784s] -- Installing: /home/mampane/Desktop/machine_tending_robot/workspace/ros2_kortex_ws/install/ros_ign_bridge/share/ros_ign_bridge/environment/path.dsv
[0.784s] -- Installing: /home/mampane/Desktop/machine_tending_robot/workspace/ros2_kortex_ws/install/ros_ign_bridge/share/ros_ign_bridge/local_setup.bash
[0.784s] -- Installing: /home/mampane/Desktop/machine_tending_robot/workspace/ros2_kortex_ws/install/ros_ign_bridge/share/ros_ign_bridge/local_setup.sh
[0.784s] -- Installing: /home/mampane/Desktop/machine_tending_robot/workspace/ros2_kortex_ws/install/ros_ign_bridge/share/ros_ign_bridge/local_setup.zsh
[0.784s] -- Installing: /home/mampane/Desktop/machine_tending_robot/workspace/ros2_kortex_ws/install/ros_ign_bridge/share/ros_ign_bridge/local_setup.dsv
[0.784s] -- Installing: /home/mampane/Desktop/machine_tending_robot/workspace/ros2_kortex_ws/install/ros_ign_bridge/share/ros_ign_bridge/package.dsv
[0.784s] -- Installing: /home/mampane/Desktop/machine_tending_robot/workspace/ros2_kortex_ws/install/ros_ign_bridge/share/ament_index/resource_index/packages/ros_ign_bridge
[0.784s] -- Installing: /home/mampane/Desktop/machine_tending_robot/workspace/ros2_kortex_ws/install/ros_ign_bridge/share/ros_ign_bridge/cmake/ament_cmake_export_dependencies-extras.cmake
[0.784s] -- Installing: /home/mampane/Desktop/machine_tending_robot/workspace/ros2_kortex_ws/install/ros_ign_bridge/share/ros_ign_bridge/cmake/ros_ign_bridgeConfig.cmake
[0.784s] -- Installing: /home/mampane/Desktop/machine_tending_robot/workspace/ros2_kortex_ws/install/ros_ign_bridge/share/ros_ign_bridge/cmake/ros_ign_bridgeConfig-version.cmake
[0.784s] -- Installing: /home/mampane/Desktop/machine_tending_robot/workspace/ros2_kortex_ws/install/ros_ign_bridge/share/ros_ign_bridge/package.xml
[0.786s] Invoked command in '/home/mampane/Desktop/machine_tending_robot/workspace/ros2_kortex_ws/build/ros_ign_bridge' returned '0': AMENT_PREFIX_PATH=/home/mampane/Desktop/machine_tending_robot/workspace/ros2_kortex_ws/install/ros_gz_bridge:/home/mampane/Desktop/machine_tending_robot/workspace/ros2_kortex_ws/install/ros_gz_interfaces:${AMENT_PREFIX_PATH} CMAKE_PREFIX_PATH=/home/mampane/Desktop/machine_tending_robot/workspace/ros2_kortex_ws/install/ros_gz_bridge:/home/mampane/Desktop/machine_tending_robot/workspace/ros2_kortex_ws/install/ros_gz_interfaces:/opt/ros/humble LD_LIBRARY_PATH=/home/mampane/Desktop/machine_tending_robot/workspace/ros2_kortex_ws/install/ros_gz_bridge/lib:/home/mampane/Desktop/machine_tending_robot/workspace/ros2_kortex_ws/install/ros_gz_interfaces/lib:${LD_LIBRARY_PATH} PYTHONPATH=/home/mampane/Desktop/machine_tending_robot/workspace/ros2_kortex_ws/install/ros_gz_interfaces/local/lib/python3.10/dist-packages:${PYTHONPATH} /usr/bin/cmake --install /home/mampane/Desktop/machine_tending_robot/workspace/ros2_kortex_ws/build/ros_ign_bridge
