[0.028s] Invoking command in '/home/mampane/Desktop/machine_tending_robot/ros2_kortex_ws/build/transmission_interface': AMENT_PREFIX_PATH=/home/mampane/Desktop/machine_tending_robot/ros2_kortex_ws/install/hardware_interface:/home/mampane/Desktop/machine_tending_robot/ros2_kortex_ws/install/ros2_control_test_assets:/home/mampane/Desktop/machine_tending_robot/ros2_kortex_ws/install/control_msgs:${AMENT_PREFIX_PATH} CMAKE_PREFIX_PATH=/home/mampane/Desktop/machine_tending_robot/ros2_kortex_ws/install/hardware_interface:/home/mampane/Desktop/machine_tending_robot/ros2_kortex_ws/install/ros2_control_test_assets:/home/mampane/Desktop/machine_tending_robot/ros2_kortex_ws/install/control_msgs:/opt/ros/humble LD_LIBRARY_PATH=/home/mampane/Desktop/machine_tending_robot/ros2_kortex_ws/install/hardware_interface/lib:/home/mampane/Desktop/machine_tending_robot/ros2_kortex_ws/install/control_msgs/lib:${LD_LIBRARY_PATH} PYTHONPATH=/home/mampane/Desktop/machine_tending_robot/ros2_kortex_ws/install/control_msgs/local/lib/python3.10/dist-packages:${PYTHONPATH} /usr/bin/cmake /home/mampane/Desktop/machine_tending_robot/ros2_kortex_ws/src/ros2_control/transmission_interface -DAMENT_CMAKE_SYMLINK_INSTALL=1 -DCMAKE_INSTALL_PREFIX=/home/mampane/Desktop/machine_tending_robot/ros2_kortex_ws/install/transmission_interface
[0.096s] -- The C compiler identification is GNU 11.4.0
[0.184s] -- The CXX compiler identification is GNU 11.4.0
[0.194s] -- Detecting C compiler ABI info
[0.281s] -- Detecting C compiler ABI info - done
[0.295s] -- Check for working C compiler: /usr/bin/cc - skipped
[0.295s] -- Detecting C compile features
[0.296s] -- Detecting C compile features - done
[0.301s] -- Detecting CXX compiler ABI info
[0.388s] -- Detecting CXX compiler ABI info - done
[0.404s] -- Check for working CXX compiler: /usr/bin/c++ - skipped
[0.404s] -- Detecting CXX compile features
[0.405s] -- Detecting CXX compile features - done
[0.409s] -- Found ament_cmake: 1.3.11 (/opt/ros/humble/share/ament_cmake/cmake)
[0.649s] -- Found Python3: /usr/bin/python3 (found version "3.10.12") found components: Interpreter 
[0.763s] -- Override CMake install command with custom implementation using symlinks instead of copying resources
[0.791s] -- Found hardware_interface: 2.48.0 (/home/mampane/Desktop/machine_tending_robot/ros2_kortex_ws/install/hardware_interface/share/hardware_interface/cmake)
[0.834s] -- Found rosidl_generator_c: 3.1.6 (/opt/ros/humble/share/rosidl_generator_c/cmake)
[0.840s] -- Found rosidl_adapter: 3.1.6 (/opt/ros/humble/share/rosidl_adapter/cmake)
[0.849s] -- Found rosidl_generator_cpp: 3.1.6 (/opt/ros/humble/share/rosidl_generator_cpp/cmake)
[0.863s] -- Using all available rosidl_typesupport_c: rosidl_typesupport_fastrtps_c;rosidl_typesupport_introspection_c
[0.881s] -- Using all available rosidl_typesupport_cpp: rosidl_typesupport_fastrtps_cpp;rosidl_typesupport_introspection_cpp
[1.184s] -- Found rmw_implementation_cmake: 6.1.2 (/opt/ros/humble/share/rmw_implementation_cmake/cmake)
[1.188s] -- Found rmw_fastrtps_cpp: 6.2.7 (/opt/ros/humble/share/rmw_fastrtps_cpp/cmake)
[1.226s] -- Found TinyXML2 via Config file: TinyXML2_DIR-NOTFOUND
[1.298s] -- Found OpenSSL: /usr/lib/x86_64-linux-gnu/libcrypto.so (found version "3.0.2")  
[1.303s] -- Found TinyXML2 via Config file: TinyXML2_DIR-NOTFOUND
[1.329s] -- Found FastRTPS: /opt/ros/humble/include  
[1.333s] -- Found TinyXML2 via Config file: TinyXML2_DIR-NOTFOUND
[1.348s] -- Found TinyXML2 via Config file: TinyXML2_DIR-NOTFOUND
[1.366s] -- Using RMW implementation 'rmw_fastrtps_cpp' as default
[1.383s] -- Looking for pthread.h
[1.566s] -- Looking for pthread.h - found
[1.567s] -- Performing Test CMAKE_HAVE_LIBC_PTHREAD
[1.692s] -- Performing Test CMAKE_HAVE_LIBC_PTHREAD - Success
[1.695s] -- Found Threads: TRUE  
[1.863s] -- Found ament_cmake_gmock: 1.3.11 (/opt/ros/humble/share/ament_cmake_gmock/cmake)
[1.868s] -- Found gmock sources under '/opt/ros/humble/src/gmock_vendor': C++ tests using 'Google Mock' will be built
[1.879s] -- Found ament_cmake_gtest: 1.3.11 (/opt/ros/humble/share/ament_cmake_gtest/cmake)
[1.881s] -- Found gtest sources under '/opt/ros/humble/src/gtest_vendor': C++ tests using 'Google Test' will be built
[2.104s] -- Configuring done
[2.409s] -- Generating done
[2.465s] -- Build files have been written to: /home/mampane/Desktop/machine_tending_robot/ros2_kortex_ws/build/transmission_interface
[2.518s] Invoked command in '/home/mampane/Desktop/machine_tending_robot/ros2_kortex_ws/build/transmission_interface' returned '0': AMENT_PREFIX_PATH=/home/mampane/Desktop/machine_tending_robot/ros2_kortex_ws/install/hardware_interface:/home/mampane/Desktop/machine_tending_robot/ros2_kortex_ws/install/ros2_control_test_assets:/home/mampane/Desktop/machine_tending_robot/ros2_kortex_ws/install/control_msgs:${AMENT_PREFIX_PATH} CMAKE_PREFIX_PATH=/home/mampane/Desktop/machine_tending_robot/ros2_kortex_ws/install/hardware_interface:/home/mampane/Desktop/machine_tending_robot/ros2_kortex_ws/install/ros2_control_test_assets:/home/mampane/Desktop/machine_tending_robot/ros2_kortex_ws/install/control_msgs:/opt/ros/humble LD_LIBRARY_PATH=/home/mampane/Desktop/machine_tending_robot/ros2_kortex_ws/install/hardware_interface/lib:/home/mampane/Desktop/machine_tending_robot/ros2_kortex_ws/install/control_msgs/lib:${LD_LIBRARY_PATH} PYTHONPATH=/home/mampane/Desktop/machine_tending_robot/ros2_kortex_ws/install/control_msgs/local/lib/python3.10/dist-packages:${PYTHONPATH} /usr/bin/cmake /home/mampane/Desktop/machine_tending_robot/ros2_kortex_ws/src/ros2_control/transmission_interface -DAMENT_CMAKE_SYMLINK_INSTALL=1 -DCMAKE_INSTALL_PREFIX=/home/mampane/Desktop/machine_tending_robot/ros2_kortex_ws/install/transmission_interface
[2.519s] Invoking command in '/home/mampane/Desktop/machine_tending_robot/ros2_kortex_ws/build/transmission_interface': AMENT_PREFIX_PATH=/home/mampane/Desktop/machine_tending_robot/ros2_kortex_ws/install/hardware_interface:/home/mampane/Desktop/machine_tending_robot/ros2_kortex_ws/install/ros2_control_test_assets:/home/mampane/Desktop/machine_tending_robot/ros2_kortex_ws/install/control_msgs:${AMENT_PREFIX_PATH} CMAKE_PREFIX_PATH=/home/mampane/Desktop/machine_tending_robot/ros2_kortex_ws/install/hardware_interface:/home/mampane/Desktop/machine_tending_robot/ros2_kortex_ws/install/ros2_control_test_assets:/home/mampane/Desktop/machine_tending_robot/ros2_kortex_ws/install/control_msgs:/opt/ros/humble LD_LIBRARY_PATH=/home/mampane/Desktop/machine_tending_robot/ros2_kortex_ws/install/hardware_interface/lib:/home/mampane/Desktop/machine_tending_robot/ros2_kortex_ws/install/control_msgs/lib:${LD_LIBRARY_PATH} PYTHONPATH=/home/mampane/Desktop/machine_tending_robot/ros2_kortex_ws/install/control_msgs/local/lib/python3.10/dist-packages:${PYTHONPATH} /usr/bin/cmake --build /home/mampane/Desktop/machine_tending_robot/ros2_kortex_ws/build/transmission_interface -- -j20 -l20
[2.680s] [  4%] [34m[1mGenerating transmission_interface/version.h[0m
[2.697s] [  8%] [32mBuilding CXX object gmock/CMakeFiles/gmock.dir/opt/ros/humble/src/gtest_vendor/src/gtest-all.cc.o[0m
[2.699s] [ 12%] [32mBuilding CXX object gmock/CMakeFiles/gmock_main.dir/src/gmock_main.cc.o[0m
[2.717s] [ 16%] [32mBuilding CXX object gmock/CMakeFiles/gmock.dir/src/gmock-all.cc.o[0m
[2.733s] [ 16%] Built target ament_generate_version_header__transmission_interface
[2.798s] [ 20%] [32mBuilding CXX object CMakeFiles/transmission_interface.dir/src/simple_transmission_loader.cpp.o[0m
[2.805s] [ 25%] [32mBuilding CXX object CMakeFiles/transmission_interface.dir/src/four_bar_linkage_transmission_loader.cpp.o[0m
[2.813s] [ 29%] [32mBuilding CXX object CMakeFiles/transmission_interface.dir/src/differential_transmission_loader.cpp.o[0m
[7.381s] [ 33%] [32m[1mLinking CXX static library libgmock_main.a[0m
[7.521s] [ 33%] Built target gmock_main
[10.270s] [ 37%] [32m[1mLinking CXX static library libgmock.a[0m
[10.405s] [ 37%] Built target gmock
[10.444s] [ 41%] [32mBuilding CXX object CMakeFiles/test_four_bar_linkage_transmission.dir/test/four_bar_linkage_transmission_test.cpp.o[0m
[10.452s] [ 45%] [32mBuilding CXX object CMakeFiles/test_simple_transmission.dir/test/simple_transmission_test.cpp.o[0m
[10.460s] [ 50%] [32mBuilding CXX object CMakeFiles/test_differential_transmission.dir/test/differential_transmission_test.cpp.o[0m
[10.462s] [ 54%] [32mBuilding CXX object CMakeFiles/test_differential_transmission_loader.dir/test/differential_transmission_loader_test.cpp.o[0m
[10.464s] [ 62%] [32mBuilding CXX object CMakeFiles/test_four_bar_linkage_transmission_loader.dir/test/four_bar_linkage_transmission_loader_test.cpp.o[0m
[10.464s] [ 62%] [32mBuilding CXX object CMakeFiles/test_simple_transmission_loader.dir/test/simple_transmission_loader_test.cpp.o[0m
[10.467s] [ 66%] [32mBuilding CXX object CMakeFiles/test_utils.dir/test/utils_test.cpp.o[0m
[13.657s] [ 70%] [32m[1mLinking CXX executable test_utils[0m
[13.904s] [ 75%] [32m[1mLinking CXX executable test_simple_transmission[0m
[13.958s] [ 79%] [32m[1mLinking CXX shared library libtransmission_interface.so[0m
[14.747s] [ 79%] Built target transmission_interface
[14.937s] [ 83%] [32m[1mLinking CXX executable test_differential_transmission[0m
[15.633s] [ 83%] Built target test_utils
[16.759s] [ 83%] Built target test_simple_transmission
[16.922s] [ 87%] [32m[1mLinking CXX executable test_four_bar_linkage_transmission[0m
[17.325s] [ 87%] Built target test_differential_transmission
[18.490s] [ 87%] Built target test_four_bar_linkage_transmission
[23.308s] [ 91%] [32m[1mLinking CXX executable test_simple_transmission_loader[0m
[23.356s] [ 95%] [32m[1mLinking CXX executable test_four_bar_linkage_transmission_loader[0m
[24.262s] [ 95%] Built target test_simple_transmission_loader
[24.425s] [ 95%] Built target test_four_bar_linkage_transmission_loader
[32.489s] [100%] [32m[1mLinking CXX executable test_differential_transmission_loader[0m
[34.265s] [100%] Built target test_differential_transmission_loader
[34.325s] Invoked command in '/home/mampane/Desktop/machine_tending_robot/ros2_kortex_ws/build/transmission_interface' returned '0': AMENT_PREFIX_PATH=/home/mampane/Desktop/machine_tending_robot/ros2_kortex_ws/install/hardware_interface:/home/mampane/Desktop/machine_tending_robot/ros2_kortex_ws/install/ros2_control_test_assets:/home/mampane/Desktop/machine_tending_robot/ros2_kortex_ws/install/control_msgs:${AMENT_PREFIX_PATH} CMAKE_PREFIX_PATH=/home/mampane/Desktop/machine_tending_robot/ros2_kortex_ws/install/hardware_interface:/home/mampane/Desktop/machine_tending_robot/ros2_kortex_ws/install/ros2_control_test_assets:/home/mampane/Desktop/machine_tending_robot/ros2_kortex_ws/install/control_msgs:/opt/ros/humble LD_LIBRARY_PATH=/home/mampane/Desktop/machine_tending_robot/ros2_kortex_ws/install/hardware_interface/lib:/home/mampane/Desktop/machine_tending_robot/ros2_kortex_ws/install/control_msgs/lib:${LD_LIBRARY_PATH} PYTHONPATH=/home/mampane/Desktop/machine_tending_robot/ros2_kortex_ws/install/control_msgs/local/lib/python3.10/dist-packages:${PYTHONPATH} /usr/bin/cmake --build /home/mampane/Desktop/machine_tending_robot/ros2_kortex_ws/build/transmission_interface -- -j20 -l20
[34.332s] Invoking command in '/home/mampane/Desktop/machine_tending_robot/ros2_kortex_ws/build/transmission_interface': AMENT_PREFIX_PATH=/home/mampane/Desktop/machine_tending_robot/ros2_kortex_ws/install/hardware_interface:/home/mampane/Desktop/machine_tending_robot/ros2_kortex_ws/install/ros2_control_test_assets:/home/mampane/Desktop/machine_tending_robot/ros2_kortex_ws/install/control_msgs:${AMENT_PREFIX_PATH} CMAKE_PREFIX_PATH=/home/mampane/Desktop/machine_tending_robot/ros2_kortex_ws/install/hardware_interface:/home/mampane/Desktop/machine_tending_robot/ros2_kortex_ws/install/ros2_control_test_assets:/home/mampane/Desktop/machine_tending_robot/ros2_kortex_ws/install/control_msgs:/opt/ros/humble LD_LIBRARY_PATH=/home/mampane/Desktop/machine_tending_robot/ros2_kortex_ws/install/hardware_interface/lib:/home/mampane/Desktop/machine_tending_robot/ros2_kortex_ws/install/control_msgs/lib:${LD_LIBRARY_PATH} PYTHONPATH=/home/mampane/Desktop/machine_tending_robot/ros2_kortex_ws/install/control_msgs/local/lib/python3.10/dist-packages:${PYTHONPATH} /usr/bin/cmake --install /home/mampane/Desktop/machine_tending_robot/ros2_kortex_ws/build/transmission_interface
[34.350s] -- Install configuration: ""
[34.351s] -- Execute custom install script
[34.356s] -- Symlinking: /home/mampane/Desktop/machine_tending_robot/ros2_kortex_ws/install/transmission_interface/include/transmission_interface/accessor.hpp
[34.380s] -- Symlinking: /home/mampane/Desktop/machine_tending_robot/ros2_kortex_ws/install/transmission_interface/include/transmission_interface/differential_transmission.hpp
[34.410s] -- Symlinking: /home/mampane/Desktop/machine_tending_robot/ros2_kortex_ws/install/transmission_interface/include/transmission_interface/differential_transmission_loader.hpp
[34.434s] -- Symlinking: /home/mampane/Desktop/machine_tending_robot/ros2_kortex_ws/install/transmission_interface/include/transmission_interface/exception.hpp
[34.455s] -- Symlinking: /home/mampane/Desktop/machine_tending_robot/ros2_kortex_ws/install/transmission_interface/include/transmission_interface/four_bar_linkage_transmission.hpp
[34.468s] -- Symlinking: /home/mampane/Desktop/machine_tending_robot/ros2_kortex_ws/install/transmission_interface/include/transmission_interface/four_bar_linkage_transmission_loader.hpp
[34.481s] -- Symlinking: /home/mampane/Desktop/machine_tending_robot/ros2_kortex_ws/install/transmission_interface/include/transmission_interface/handle.hpp
[34.494s] -- Symlinking: /home/mampane/Desktop/machine_tending_robot/ros2_kortex_ws/install/transmission_interface/include/transmission_interface/simple_transmission.hpp
[34.510s] -- Symlinking: /home/mampane/Desktop/machine_tending_robot/ros2_kortex_ws/install/transmission_interface/include/transmission_interface/simple_transmission_loader.hpp
[34.520s] -- Symlinking: /home/mampane/Desktop/machine_tending_robot/ros2_kortex_ws/install/transmission_interface/include/transmission_interface/transmission.hpp
[34.533s] -- Symlinking: /home/mampane/Desktop/machine_tending_robot/ros2_kortex_ws/install/transmission_interface/include/transmission_interface/transmission_interface_exception.hpp
[34.547s] -- Symlinking: /home/mampane/Desktop/machine_tending_robot/ros2_kortex_ws/install/transmission_interface/include/transmission_interface/transmission_loader.hpp
[34.560s] -- Symlinking: /home/mampane/Desktop/machine_tending_robot/ros2_kortex_ws/install/transmission_interface/include/transmission_interface/visibility_control.h
[34.573s] -- Symlinking: /home/mampane/Desktop/machine_tending_robot/ros2_kortex_ws/install/transmission_interface/share/transmission_interface//ros2_control_plugins.xml
[34.587s] -- Symlinking: /home/mampane/Desktop/machine_tending_robot/ros2_kortex_ws/install/transmission_interface/share/transmission_interface/environment/library_path.sh
[34.599s] -- Symlinking: /home/mampane/Desktop/machine_tending_robot/ros2_kortex_ws/install/transmission_interface/share/transmission_interface/environment/library_path.dsv
[34.613s] -- Symlinking: /home/mampane/Desktop/machine_tending_robot/ros2_kortex_ws/install/transmission_interface/share/ament_index/resource_index/package_run_dependencies/transmission_interface
[34.627s] -- Symlinking: /home/mampane/Desktop/machine_tending_robot/ros2_kortex_ws/install/transmission_interface/share/ament_index/resource_index/parent_prefix_path/transmission_interface
[34.639s] -- Symlinking: /home/mampane/Desktop/machine_tending_robot/ros2_kortex_ws/install/transmission_interface/share/transmission_interface/environment/ament_prefix_path.sh
[34.651s] -- Symlinking: /home/mampane/Desktop/machine_tending_robot/ros2_kortex_ws/install/transmission_interface/share/transmission_interface/environment/ament_prefix_path.dsv
[34.663s] -- Symlinking: /home/mampane/Desktop/machine_tending_robot/ros2_kortex_ws/install/transmission_interface/share/transmission_interface/environment/path.sh
[34.679s] -- Symlinking: /home/mampane/Desktop/machine_tending_robot/ros2_kortex_ws/install/transmission_interface/share/transmission_interface/environment/path.dsv
[34.690s] -- Symlinking: /home/mampane/Desktop/machine_tending_robot/ros2_kortex_ws/install/transmission_interface/share/transmission_interface/local_setup.bash
[34.703s] -- Symlinking: /home/mampane/Desktop/machine_tending_robot/ros2_kortex_ws/install/transmission_interface/share/transmission_interface/local_setup.sh
[34.719s] -- Symlinking: /home/mampane/Desktop/machine_tending_robot/ros2_kortex_ws/install/transmission_interface/share/transmission_interface/local_setup.zsh
[34.728s] -- Symlinking: /home/mampane/Desktop/machine_tending_robot/ros2_kortex_ws/install/transmission_interface/share/transmission_interface/local_setup.dsv
[34.741s] -- Symlinking: /home/mampane/Desktop/machine_tending_robot/ros2_kortex_ws/install/transmission_interface/share/transmission_interface/package.dsv
[34.753s] -- Symlinking: /home/mampane/Desktop/machine_tending_robot/ros2_kortex_ws/install/transmission_interface/share/ament_index/resource_index/packages/transmission_interface
[34.766s] -- Symlinking: /home/mampane/Desktop/machine_tending_robot/ros2_kortex_ws/install/transmission_interface/share/ament_index/resource_index/transmission_interface__pluginlib__plugin/transmission_interface
[34.778s] -- Symlinking: /home/mampane/Desktop/machine_tending_robot/ros2_kortex_ws/install/transmission_interface/share/transmission_interface/cmake/ament_cmake_export_include_directories-extras.cmake
[34.791s] -- Symlinking: /home/mampane/Desktop/machine_tending_robot/ros2_kortex_ws/install/transmission_interface/share/transmission_interface/cmake/ament_cmake_export_dependencies-extras.cmake
[34.803s] -- Symlinking: /home/mampane/Desktop/machine_tending_robot/ros2_kortex_ws/install/transmission_interface/share/transmission_interface/cmake/ament_cmake_export_libraries-extras.cmake
[34.816s] -- Symlinking: /home/mampane/Desktop/machine_tending_robot/ros2_kortex_ws/install/transmission_interface/share/transmission_interface/cmake/transmission_interfaceConfig.cmake
[34.828s] -- Symlinking: /home/mampane/Desktop/machine_tending_robot/ros2_kortex_ws/install/transmission_interface/share/transmission_interface/cmake/transmission_interfaceConfig-version.cmake
[34.841s] -- Symlinking: /home/mampane/Desktop/machine_tending_robot/ros2_kortex_ws/install/transmission_interface/share/transmission_interface/package.xml
[34.853s] -- Symlinking: /home/mampane/Desktop/machine_tending_robot/ros2_kortex_ws/install/transmission_interface/include/transmission_interface/transmission_interface/version.h
[34.878s] -- Installing: /home/mampane/Desktop/machine_tending_robot/ros2_kortex_ws/install/transmission_interface/lib/libtransmission_interface.so
[34.882s] -- Set runtime path of "/home/mampane/Desktop/machine_tending_robot/ros2_kortex_ws/install/transmission_interface/lib/libtransmission_interface.so" to ""
[34.900s] Invoked command in '/home/mampane/Desktop/machine_tending_robot/ros2_kortex_ws/build/transmission_interface' returned '0': AMENT_PREFIX_PATH=/home/mampane/Desktop/machine_tending_robot/ros2_kortex_ws/install/hardware_interface:/home/mampane/Desktop/machine_tending_robot/ros2_kortex_ws/install/ros2_control_test_assets:/home/mampane/Desktop/machine_tending_robot/ros2_kortex_ws/install/control_msgs:${AMENT_PREFIX_PATH} CMAKE_PREFIX_PATH=/home/mampane/Desktop/machine_tending_robot/ros2_kortex_ws/install/hardware_interface:/home/mampane/Desktop/machine_tending_robot/ros2_kortex_ws/install/ros2_control_test_assets:/home/mampane/Desktop/machine_tending_robot/ros2_kortex_ws/install/control_msgs:/opt/ros/humble LD_LIBRARY_PATH=/home/mampane/Desktop/machine_tending_robot/ros2_kortex_ws/install/hardware_interface/lib:/home/mampane/Desktop/machine_tending_robot/ros2_kortex_ws/install/control_msgs/lib:${LD_LIBRARY_PATH} PYTHONPATH=/home/mampane/Desktop/machine_tending_robot/ros2_kortex_ws/install/control_msgs/local/lib/python3.10/dist-packages:${PYTHONPATH} /usr/bin/cmake --install /home/mampane/Desktop/machine_tending_robot/ros2_kortex_ws/build/transmission_interface
