[0.010s] Invoking command in '/home/mampane/Desktop/machine_tending_robot/workspace/ros2_kortex_ws/build/ros_ign_gazebo_demos': AMENT_PREFIX_PATH=/home/mampane/Desktop/machine_tending_robot/workspace/ros2_kortex_ws/install/ros_gz_sim_demos:/home/mampane/Desktop/machine_tending_robot/workspace/ros2_kortex_ws/install/ros_gz_image:/home/mampane/Desktop/machine_tending_robot/workspace/ros2_kortex_ws/install/ros_gz_bridge:/home/mampane/Desktop/machine_tending_robot/workspace/ros2_kortex_ws/install/ros_gz_sim:/home/mampane/Desktop/machine_tending_robot/workspace/ros2_kortex_ws/install/ros_gz_interfaces:${AMENT_PREFIX_PATH} CMAKE_PREFIX_PATH=/home/mampane/Desktop/machine_tending_robot/workspace/ros2_kortex_ws/install/ros_gz_sim_demos:/home/mampane/Desktop/machine_tending_robot/workspace/ros2_kortex_ws/install/ros_gz_image:/home/mampane/Desktop/machine_tending_robot/workspace/ros2_kortex_ws/install/ros_gz_bridge:/home/mampane/Desktop/machine_tending_robot/workspace/ros2_kortex_ws/install/ros_gz_sim:/home/mampane/Desktop/machine_tending_robot/workspace/ros2_kortex_ws/install/ros_gz_interfaces:/opt/ros/humble LD_LIBRARY_PATH=/home/mampane/Desktop/machine_tending_robot/workspace/ros2_kortex_ws/install/ros_gz_bridge/lib:/home/mampane/Desktop/machine_tending_robot/workspace/ros2_kortex_ws/install/ros_gz_sim/lib:/home/mampane/Desktop/machine_tending_robot/workspace/ros2_kortex_ws/install/ros_gz_interfaces/lib:${LD_LIBRARY_PATH} PYTHONPATH=/home/mampane/Desktop/machine_tending_robot/workspace/ros2_kortex_ws/install/ros_gz_interfaces/local/lib/python3.10/dist-packages:${PYTHONPATH} /usr/bin/cmake /home/mampane/Desktop/machine_tending_robot/workspace/ros2_kortex_ws/src/ros_gz/ros_ign_gazebo_demos -DCMAKE_BUILD_TYPE=Release -DCMAKE_INSTALL_PREFIX=/home/mampane/Desktop/machine_tending_robot/workspace/ros2_kortex_ws/install/ros_ign_gazebo_demos
[0.052s] -- The C compiler identification is GNU 11.4.0
[0.095s] -- The CXX compiler identification is GNU 11.4.0
[0.101s] -- Detecting C compiler ABI info
[0.154s] -- Detecting C compiler ABI info - done
[0.159s] -- Check for working C compiler: /usr/bin/cc - skipped
[0.159s] -- Detecting C compile features
[0.159s] -- Detecting C compile features - done
[0.161s] -- Detecting CXX compiler ABI info
[0.221s] -- Detecting CXX compiler ABI info - done
[0.226s] -- Check for working CXX compiler: /usr/bin/c++ - skipped
[0.226s] -- Detecting CXX compile features
[0.226s] -- Detecting CXX compile features - done
[0.228s] -- Found ament_cmake: 1.3.11 (/opt/ros/humble/share/ament_cmake/cmake)
[0.348s] -- Found Python3: /usr/bin/python3 (found version "3.10.12") found components: Interpreter 
[0.409s] -- Found ament_lint_auto: 0.12.11 (/opt/ros/humble/share/ament_lint_auto/cmake)
[0.462s] -- Added test 'copyright' to check source files copyright and LICENSE
[0.463s] -- Added test 'flake8' to check Python code syntax and style conventions
[0.463s] -- Added test 'lint_cmake' to check CMake code style
[0.463s] -- Added test 'pep257' to check Python code against some of the docstring style conventions in PEP 257
[0.464s] -- Added test 'xmllint' to check XML markup files
[0.465s] -- Configuring done
[0.466s] -- Generating done
[0.467s] -- Build files have been written to: /home/mampane/Desktop/machine_tending_robot/workspace/ros2_kortex_ws/build/ros_ign_gazebo_demos
[0.470s] Invoked command in '/home/mampane/Desktop/machine_tending_robot/workspace/ros2_kortex_ws/build/ros_ign_gazebo_demos' returned '0': AMENT_PREFIX_PATH=/home/mampane/Desktop/machine_tending_robot/workspace/ros2_kortex_ws/install/ros_gz_sim_demos:/home/mampane/Desktop/machine_tending_robot/workspace/ros2_kortex_ws/install/ros_gz_image:/home/mampane/Desktop/machine_tending_robot/workspace/ros2_kortex_ws/install/ros_gz_bridge:/home/mampane/Desktop/machine_tending_robot/workspace/ros2_kortex_ws/install/ros_gz_sim:/home/mampane/Desktop/machine_tending_robot/workspace/ros2_kortex_ws/install/ros_gz_interfaces:${AMENT_PREFIX_PATH} CMAKE_PREFIX_PATH=/home/mampane/Desktop/machine_tending_robot/workspace/ros2_kortex_ws/install/ros_gz_sim_demos:/home/mampane/Desktop/machine_tending_robot/workspace/ros2_kortex_ws/install/ros_gz_image:/home/mampane/Desktop/machine_tending_robot/workspace/ros2_kortex_ws/install/ros_gz_bridge:/home/mampane/Desktop/machine_tending_robot/workspace/ros2_kortex_ws/install/ros_gz_sim:/home/mampane/Desktop/machine_tending_robot/workspace/ros2_kortex_ws/install/ros_gz_interfaces:/opt/ros/humble LD_LIBRARY_PATH=/home/mampane/Desktop/machine_tending_robot/workspace/ros2_kortex_ws/install/ros_gz_bridge/lib:/home/mampane/Desktop/machine_tending_robot/workspace/ros2_kortex_ws/install/ros_gz_sim/lib:/home/mampane/Desktop/machine_tending_robot/workspace/ros2_kortex_ws/install/ros_gz_interfaces/lib:${LD_LIBRARY_PATH} PYTHONPATH=/home/mampane/Desktop/machine_tending_robot/workspace/ros2_kortex_ws/install/ros_gz_interfaces/local/lib/python3.10/dist-packages:${PYTHONPATH} /usr/bin/cmake /home/mampane/Desktop/machine_tending_robot/workspace/ros2_kortex_ws/src/ros_gz/ros_ign_gazebo_demos -DCMAKE_BUILD_TYPE=Release -DCMAKE_INSTALL_PREFIX=/home/mampane/Desktop/machine_tending_robot/workspace/ros2_kortex_ws/install/ros_ign_gazebo_demos
[0.471s] Invoking command in '/home/mampane/Desktop/machine_tending_robot/workspace/ros2_kortex_ws/build/ros_ign_gazebo_demos': AMENT_PREFIX_PATH=/home/mampane/Desktop/machine_tending_robot/workspace/ros2_kortex_ws/install/ros_gz_sim_demos:/home/mampane/Desktop/machine_tending_robot/workspace/ros2_kortex_ws/install/ros_gz_image:/home/mampane/Desktop/machine_tending_robot/workspace/ros2_kortex_ws/install/ros_gz_bridge:/home/mampane/Desktop/machine_tending_robot/workspace/ros2_kortex_ws/install/ros_gz_sim:/home/mampane/Desktop/machine_tending_robot/workspace/ros2_kortex_ws/install/ros_gz_interfaces:${AMENT_PREFIX_PATH} CMAKE_PREFIX_PATH=/home/mampane/Desktop/machine_tending_robot/workspace/ros2_kortex_ws/install/ros_gz_sim_demos:/home/mampane/Desktop/machine_tending_robot/workspace/ros2_kortex_ws/install/ros_gz_image:/home/mampane/Desktop/machine_tending_robot/workspace/ros2_kortex_ws/install/ros_gz_bridge:/home/mampane/Desktop/machine_tending_robot/workspace/ros2_kortex_ws/install/ros_gz_sim:/home/mampane/Desktop/machine_tending_robot/workspace/ros2_kortex_ws/install/ros_gz_interfaces:/opt/ros/humble LD_LIBRARY_PATH=/home/mampane/Desktop/machine_tending_robot/workspace/ros2_kortex_ws/install/ros_gz_bridge/lib:/home/mampane/Desktop/machine_tending_robot/workspace/ros2_kortex_ws/install/ros_gz_sim/lib:/home/mampane/Desktop/machine_tending_robot/workspace/ros2_kortex_ws/install/ros_gz_interfaces/lib:${LD_LIBRARY_PATH} PYTHONPATH=/home/mampane/Desktop/machine_tending_robot/workspace/ros2_kortex_ws/install/ros_gz_interfaces/local/lib/python3.10/dist-packages:${PYTHONPATH} /usr/bin/cmake --build /home/mampane/Desktop/machine_tending_robot/workspace/ros2_kortex_ws/build/ros_ign_gazebo_demos -- -j20 -l20
[0.498s] Invoked command in '/home/mampane/Desktop/machine_tending_robot/workspace/ros2_kortex_ws/build/ros_ign_gazebo_demos' returned '0': AMENT_PREFIX_PATH=/home/mampane/Desktop/machine_tending_robot/workspace/ros2_kortex_ws/install/ros_gz_sim_demos:/home/mampane/Desktop/machine_tending_robot/workspace/ros2_kortex_ws/install/ros_gz_image:/home/mampane/Desktop/machine_tending_robot/workspace/ros2_kortex_ws/install/ros_gz_bridge:/home/mampane/Desktop/machine_tending_robot/workspace/ros2_kortex_ws/install/ros_gz_sim:/home/mampane/Desktop/machine_tending_robot/workspace/ros2_kortex_ws/install/ros_gz_interfaces:${AMENT_PREFIX_PATH} CMAKE_PREFIX_PATH=/home/mampane/Desktop/machine_tending_robot/workspace/ros2_kortex_ws/install/ros_gz_sim_demos:/home/mampane/Desktop/machine_tending_robot/workspace/ros2_kortex_ws/install/ros_gz_image:/home/mampane/Desktop/machine_tending_robot/workspace/ros2_kortex_ws/install/ros_gz_bridge:/home/mampane/Desktop/machine_tending_robot/workspace/ros2_kortex_ws/install/ros_gz_sim:/home/mampane/Desktop/machine_tending_robot/workspace/ros2_kortex_ws/install/ros_gz_interfaces:/opt/ros/humble LD_LIBRARY_PATH=/home/mampane/Desktop/machine_tending_robot/workspace/ros2_kortex_ws/install/ros_gz_bridge/lib:/home/mampane/Desktop/machine_tending_robot/workspace/ros2_kortex_ws/install/ros_gz_sim/lib:/home/mampane/Desktop/machine_tending_robot/workspace/ros2_kortex_ws/install/ros_gz_interfaces/lib:${LD_LIBRARY_PATH} PYTHONPATH=/home/mampane/Desktop/machine_tending_robot/workspace/ros2_kortex_ws/install/ros_gz_interfaces/local/lib/python3.10/dist-packages:${PYTHONPATH} /usr/bin/cmake --build /home/mampane/Desktop/machine_tending_robot/workspace/ros2_kortex_ws/build/ros_ign_gazebo_demos -- -j20 -l20
[0.499s] Invoking command in '/home/mampane/Desktop/machine_tending_robot/workspace/ros2_kortex_ws/build/ros_ign_gazebo_demos': AMENT_PREFIX_PATH=/home/mampane/Desktop/machine_tending_robot/workspace/ros2_kortex_ws/install/ros_gz_sim_demos:/home/mampane/Desktop/machine_tending_robot/workspace/ros2_kortex_ws/install/ros_gz_image:/home/mampane/Desktop/machine_tending_robot/workspace/ros2_kortex_ws/install/ros_gz_bridge:/home/mampane/Desktop/machine_tending_robot/workspace/ros2_kortex_ws/install/ros_gz_sim:/home/mampane/Desktop/machine_tending_robot/workspace/ros2_kortex_ws/install/ros_gz_interfaces:${AMENT_PREFIX_PATH} CMAKE_PREFIX_PATH=/home/mampane/Desktop/machine_tending_robot/workspace/ros2_kortex_ws/install/ros_gz_sim_demos:/home/mampane/Desktop/machine_tending_robot/workspace/ros2_kortex_ws/install/ros_gz_image:/home/mampane/Desktop/machine_tending_robot/workspace/ros2_kortex_ws/install/ros_gz_bridge:/home/mampane/Desktop/machine_tending_robot/workspace/ros2_kortex_ws/install/ros_gz_sim:/home/mampane/Desktop/machine_tending_robot/workspace/ros2_kortex_ws/install/ros_gz_interfaces:/opt/ros/humble LD_LIBRARY_PATH=/home/mampane/Desktop/machine_tending_robot/workspace/ros2_kortex_ws/install/ros_gz_bridge/lib:/home/mampane/Desktop/machine_tending_robot/workspace/ros2_kortex_ws/install/ros_gz_sim/lib:/home/mampane/Desktop/machine_tending_robot/workspace/ros2_kortex_ws/install/ros_gz_interfaces/lib:${LD_LIBRARY_PATH} PYTHONPATH=/home/mampane/Desktop/machine_tending_robot/workspace/ros2_kortex_ws/install/ros_gz_interfaces/local/lib/python3.10/dist-packages:${PYTHONPATH} /usr/bin/cmake --install /home/mampane/Desktop/machine_tending_robot/workspace/ros2_kortex_ws/build/ros_ign_gazebo_demos
[0.506s] -- Install configuration: "Release"
[0.506s] -- Installing: /home/mampane/Desktop/machine_tending_robot/workspace/ros2_kortex_ws/install/ros_ign_gazebo_demos/share/ros_ign_gazebo_demos/launch
[0.506s] -- Installing: /home/mampane/Desktop/machine_tending_robot/workspace/ros2_kortex_ws/install/ros_ign_gazebo_demos/share/ros_ign_gazebo_demos/launch/image_bridge.launch.py
[0.507s] -- Installing: /home/mampane/Desktop/machine_tending_robot/workspace/ros2_kortex_ws/install/ros_ign_gazebo_demos/share/ros_ign_gazebo_demos/launch/magnetometer.launch.py
[0.507s] -- Installing: /home/mampane/Desktop/machine_tending_robot/workspace/ros2_kortex_ws/install/ros_ign_gazebo_demos/share/ros_ign_gazebo_demos/launch/air_pressure.launch.py
[0.507s] -- Installing: /home/mampane/Desktop/machine_tending_robot/workspace/ros2_kortex_ws/install/ros_ign_gazebo_demos/share/ros_ign_gazebo_demos/launch/tf_bridge.launch.py
[0.507s] -- Installing: /home/mampane/Desktop/machine_tending_robot/workspace/ros2_kortex_ws/install/ros_ign_gazebo_demos/share/ros_ign_gazebo_demos/launch/rgbd_camera.launch.py
[0.507s] -- Installing: /home/mampane/Desktop/machine_tending_robot/workspace/ros2_kortex_ws/install/ros_ign_gazebo_demos/share/ros_ign_gazebo_demos/launch/gpu_lidar.launch.py
[0.507s] -- Installing: /home/mampane/Desktop/machine_tending_robot/workspace/ros2_kortex_ws/install/ros_ign_gazebo_demos/share/ros_ign_gazebo_demos/launch/triggered_camera.launch.py
[0.508s] -- Installing: /home/mampane/Desktop/machine_tending_robot/workspace/ros2_kortex_ws/install/ros_ign_gazebo_demos/share/ros_ign_gazebo_demos/launch/joint_states.launch.py
[0.508s] -- Installing: /home/mampane/Desktop/machine_tending_robot/workspace/ros2_kortex_ws/install/ros_ign_gazebo_demos/share/ros_ign_gazebo_demos/launch/depth_camera.launch.py
[0.508s] -- Installing: /home/mampane/Desktop/machine_tending_robot/workspace/ros2_kortex_ws/install/ros_ign_gazebo_demos/share/ros_ign_gazebo_demos/launch/battery.launch.py
[0.508s] -- Installing: /home/mampane/Desktop/machine_tending_robot/workspace/ros2_kortex_ws/install/ros_ign_gazebo_demos/share/ros_ign_gazebo_demos/launch/imu.launch.py
[0.508s] -- Installing: /home/mampane/Desktop/machine_tending_robot/workspace/ros2_kortex_ws/install/ros_ign_gazebo_demos/share/ros_ign_gazebo_demos/launch/camera.launch.py
[0.508s] -- Installing: /home/mampane/Desktop/machine_tending_robot/workspace/ros2_kortex_ws/install/ros_ign_gazebo_demos/share/ros_ign_gazebo_demos/launch/robot_description_publisher.launch.py
[0.508s] -- Installing: /home/mampane/Desktop/machine_tending_robot/workspace/ros2_kortex_ws/install/ros_ign_gazebo_demos/share/ros_ign_gazebo_demos/launch/rgbd_camera_bridge.launch.py
[0.509s] -- Installing: /home/mampane/Desktop/machine_tending_robot/workspace/ros2_kortex_ws/install/ros_ign_gazebo_demos/share/ros_ign_gazebo_demos/launch/gpu_lidar_bridge.launch.py
[0.509s] -- Installing: /home/mampane/Desktop/machine_tending_robot/workspace/ros2_kortex_ws/install/ros_ign_gazebo_demos/share/ros_ign_gazebo_demos/launch/diff_drive.launch.py
[0.509s] -- Installing: /home/mampane/Desktop/machine_tending_robot/workspace/ros2_kortex_ws/install/ros_ign_gazebo_demos/share/ament_index/resource_index/package_run_dependencies/ros_ign_gazebo_demos
[0.509s] -- Installing: /home/mampane/Desktop/machine_tending_robot/workspace/ros2_kortex_ws/install/ros_ign_gazebo_demos/share/ament_index/resource_index/parent_prefix_path/ros_ign_gazebo_demos
[0.509s] -- Installing: /home/mampane/Desktop/machine_tending_robot/workspace/ros2_kortex_ws/install/ros_ign_gazebo_demos/share/ros_ign_gazebo_demos/environment/ament_prefix_path.sh
[0.509s] -- Installing: /home/mampane/Desktop/machine_tending_robot/workspace/ros2_kortex_ws/install/ros_ign_gazebo_demos/share/ros_ign_gazebo_demos/environment/ament_prefix_path.dsv
[0.510s] -- Installing: /home/mampane/Desktop/machine_tending_robot/workspace/ros2_kortex_ws/install/ros_ign_gazebo_demos/share/ros_ign_gazebo_demos/environment/path.sh
[0.510s] -- Installing: /home/mampane/Desktop/machine_tending_robot/workspace/ros2_kortex_ws/install/ros_ign_gazebo_demos/share/ros_ign_gazebo_demos/environment/path.dsv
[0.510s] -- Installing: /home/mampane/Desktop/machine_tending_robot/workspace/ros2_kortex_ws/install/ros_ign_gazebo_demos/share/ros_ign_gazebo_demos/local_setup.bash
[0.510s] -- Installing: /home/mampane/Desktop/machine_tending_robot/workspace/ros2_kortex_ws/install/ros_ign_gazebo_demos/share/ros_ign_gazebo_demos/local_setup.sh
[0.510s] -- Installing: /home/mampane/Desktop/machine_tending_robot/workspace/ros2_kortex_ws/install/ros_ign_gazebo_demos/share/ros_ign_gazebo_demos/local_setup.zsh
[0.510s] -- Installing: /home/mampane/Desktop/machine_tending_robot/workspace/ros2_kortex_ws/install/ros_ign_gazebo_demos/share/ros_ign_gazebo_demos/local_setup.dsv
[0.510s] -- Installing: /home/mampane/Desktop/machine_tending_robot/workspace/ros2_kortex_ws/install/ros_ign_gazebo_demos/share/ros_ign_gazebo_demos/package.dsv
[0.510s] -- Installing: /home/mampane/Desktop/machine_tending_robot/workspace/ros2_kortex_ws/install/ros_ign_gazebo_demos/share/ament_index/resource_index/packages/ros_ign_gazebo_demos
[0.511s] -- Installing: /home/mampane/Desktop/machine_tending_robot/workspace/ros2_kortex_ws/install/ros_ign_gazebo_demos/share/ros_ign_gazebo_demos/cmake/ros_ign_gazebo_demosConfig.cmake
[0.511s] -- Installing: /home/mampane/Desktop/machine_tending_robot/workspace/ros2_kortex_ws/install/ros_ign_gazebo_demos/share/ros_ign_gazebo_demos/cmake/ros_ign_gazebo_demosConfig-version.cmake
[0.511s] -- Installing: /home/mampane/Desktop/machine_tending_robot/workspace/ros2_kortex_ws/install/ros_ign_gazebo_demos/share/ros_ign_gazebo_demos/package.xml
[0.513s] Invoked command in '/home/mampane/Desktop/machine_tending_robot/workspace/ros2_kortex_ws/build/ros_ign_gazebo_demos' returned '0': AMENT_PREFIX_PATH=/home/mampane/Desktop/machine_tending_robot/workspace/ros2_kortex_ws/install/ros_gz_sim_demos:/home/mampane/Desktop/machine_tending_robot/workspace/ros2_kortex_ws/install/ros_gz_image:/home/mampane/Desktop/machine_tending_robot/workspace/ros2_kortex_ws/install/ros_gz_bridge:/home/mampane/Desktop/machine_tending_robot/workspace/ros2_kortex_ws/install/ros_gz_sim:/home/mampane/Desktop/machine_tending_robot/workspace/ros2_kortex_ws/install/ros_gz_interfaces:${AMENT_PREFIX_PATH} CMAKE_PREFIX_PATH=/home/mampane/Desktop/machine_tending_robot/workspace/ros2_kortex_ws/install/ros_gz_sim_demos:/home/mampane/Desktop/machine_tending_robot/workspace/ros2_kortex_ws/install/ros_gz_image:/home/mampane/Desktop/machine_tending_robot/workspace/ros2_kortex_ws/install/ros_gz_bridge:/home/mampane/Desktop/machine_tending_robot/workspace/ros2_kortex_ws/install/ros_gz_sim:/home/mampane/Desktop/machine_tending_robot/workspace/ros2_kortex_ws/install/ros_gz_interfaces:/opt/ros/humble LD_LIBRARY_PATH=/home/mampane/Desktop/machine_tending_robot/workspace/ros2_kortex_ws/install/ros_gz_bridge/lib:/home/mampane/Desktop/machine_tending_robot/workspace/ros2_kortex_ws/install/ros_gz_sim/lib:/home/mampane/Desktop/machine_tending_robot/workspace/ros2_kortex_ws/install/ros_gz_interfaces/lib:${LD_LIBRARY_PATH} PYTHONPATH=/home/mampane/Desktop/machine_tending_robot/workspace/ros2_kortex_ws/install/ros_gz_interfaces/local/lib/python3.10/dist-packages:${PYTHONPATH} /usr/bin/cmake --install /home/mampane/Desktop/machine_tending_robot/workspace/ros2_kortex_ws/build/ros_ign_gazebo_demos
