[0.012s] Invoking command in '/home/mampane/Desktop/machine_tending_robot/workspace/ros2_kortex_ws/build/ros_gz_image': AMENT_PREFIX_PATH=/home/mampane/Desktop/machine_tending_robot/workspace/ros2_kortex_ws/install/ros_gz_bridge:/home/mampane/Desktop/machine_tending_robot/workspace/ros2_kortex_ws/install/ros_gz_interfaces:${AMENT_PREFIX_PATH} CMAKE_PREFIX_PATH=/home/mampane/Desktop/machine_tending_robot/workspace/ros2_kortex_ws/install/ros_gz_bridge:/home/mampane/Desktop/machine_tending_robot/workspace/ros2_kortex_ws/install/ros_gz_interfaces:/opt/ros/humble LD_LIBRARY_PATH=/home/mampane/Desktop/machine_tending_robot/workspace/ros2_kortex_ws/install/ros_gz_bridge/lib:/home/mampane/Desktop/machine_tending_robot/workspace/ros2_kortex_ws/install/ros_gz_interfaces/lib:${LD_LIBRARY_PATH} PYTHONPATH=/home/mampane/Desktop/machine_tending_robot/workspace/ros2_kortex_ws/install/ros_gz_interfaces/local/lib/python3.10/dist-packages:${PYTHONPATH} /usr/bin/cmake /home/mampane/Desktop/machine_tending_robot/workspace/ros2_kortex_ws/src/ros_gz/ros_gz_image -DCMAKE_BUILD_TYPE=Release -DCMAKE_INSTALL_PREFIX=/home/mampane/Desktop/machine_tending_robot/workspace/ros2_kortex_ws/install/ros_gz_image
[0.081s] -- The C compiler identification is GNU 11.4.0
[0.152s] -- The CXX compiler identification is GNU 11.4.0
[0.161s] -- Detecting C compiler ABI info
[0.245s] -- Detecting C compiler ABI info - done
[0.256s] -- Check for working C compiler: /usr/bin/cc - skipped
[0.256s] -- Detecting C compile features
[0.257s] -- Detecting C compile features - done
[0.261s] -- Detecting CXX compiler ABI info
[0.347s] -- Detecting CXX compiler ABI info - done
[0.357s] -- Check for working CXX compiler: /usr/bin/c++ - skipped
[0.357s] -- Detecting CXX compile features
[0.358s] -- Detecting CXX compile features - done
[0.362s] -- Found ament_cmake: 1.3.11 (/opt/ros/humble/share/ament_cmake/cmake)
[0.574s] -- Found Python3: /usr/bin/python3 (found version "3.10.12") found components: Interpreter 
[0.671s] -- Found image_transport: 3.1.10 (/opt/ros/humble/share/image_transport/cmake)
[0.740s] -- Found rosidl_generator_c: 3.1.6 (/opt/ros/humble/share/rosidl_generator_c/cmake)
[0.745s] -- Found rosidl_adapter: 3.1.6 (/opt/ros/humble/share/rosidl_adapter/cmake)
[0.753s] -- Found rosidl_generator_cpp: 3.1.6 (/opt/ros/humble/share/rosidl_generator_cpp/cmake)
[0.764s] -- Using all available rosidl_typesupport_c: rosidl_typesupport_fastrtps_c;rosidl_typesupport_introspection_c
[0.780s] -- Using all available rosidl_typesupport_cpp: rosidl_typesupport_fastrtps_cpp;rosidl_typesupport_introspection_cpp
[0.831s] -- Found rmw_implementation_cmake: 6.1.2 (/opt/ros/humble/share/rmw_implementation_cmake/cmake)
[0.835s] -- Found rmw_cyclonedds_cpp: 1.3.4 (/opt/ros/humble/share/rmw_cyclonedds_cpp/cmake)
[0.866s] -- Using RMW implementation 'rmw_cyclonedds_cpp' as default
[0.877s] -- Looking for pthread.h
[0.963s] -- Looking for pthread.h - found
[0.964s] -- Performing Test CMAKE_HAVE_LIBC_PTHREAD
[1.052s] -- Performing Test CMAKE_HAVE_LIBC_PTHREAD - Success
[1.053s] -- Found Threads: TRUE  
[1.209s] -- Found ros_gz_bridge: 0.244.16 (/home/mampane/Desktop/machine_tending_robot/workspace/ros2_kortex_ws/install/ros_gz_bridge/share/ros_gz_bridge/cmake)
[1.289s] -- Found Protobuf: /usr/lib/x86_64-linux-gnu/libprotobuf.so (found suitable version "3.12.4", minimum required is "3") 
[1.373s] -- Found Protobuf: /usr/lib/x86_64-linux-gnu/libprotobuf.so (found version "3.12.4") 
[1.726s] -- Looking for ignition-transport11 -- found version 11.4.1
[1.727s] -- Looking for ignition-msgs8 -- found version 8.7.0
[1.727s] -- Compiling against Ignition Fortress
[1.731s] -- Found ament_lint_auto: 0.12.11 (/opt/ros/humble/share/ament_lint_auto/cmake)
[1.862s] -- Added test 'copyright' to check source files copyright and LICENSE
[1.864s] -- Added test 'cppcheck' to perform static code analysis on C / C++ code
[1.865s] -- Configured cppcheck include dirs: /home/mampane/Desktop/machine_tending_robot/workspace/ros2_kortex_ws/src/ros_gz/ros_gz_image/include
[1.865s] -- Configured cppcheck exclude dirs and/or files: 
[1.866s] -- Added test 'cpplint' to check C / C++ code against the Google style
[1.866s] -- Configured cpplint exclude dirs and/or files: 
[1.867s] -- Added test 'lint_cmake' to check CMake code style
[1.869s] -- Added test 'uncrustify' to check C / C++ code style
[1.869s] -- Configured uncrustify additional arguments: 
[1.870s] -- Added test 'xmllint' to check XML markup files
[1.872s] -- Configuring done
[1.892s] -- Generating done
[1.897s] -- Build files have been written to: /home/mampane/Desktop/machine_tending_robot/workspace/ros2_kortex_ws/build/ros_gz_image
[1.908s] Invoked command in '/home/mampane/Desktop/machine_tending_robot/workspace/ros2_kortex_ws/build/ros_gz_image' returned '0': AMENT_PREFIX_PATH=/home/mampane/Desktop/machine_tending_robot/workspace/ros2_kortex_ws/install/ros_gz_bridge:/home/mampane/Desktop/machine_tending_robot/workspace/ros2_kortex_ws/install/ros_gz_interfaces:${AMENT_PREFIX_PATH} CMAKE_PREFIX_PATH=/home/mampane/Desktop/machine_tending_robot/workspace/ros2_kortex_ws/install/ros_gz_bridge:/home/mampane/Desktop/machine_tending_robot/workspace/ros2_kortex_ws/install/ros_gz_interfaces:/opt/ros/humble LD_LIBRARY_PATH=/home/mampane/Desktop/machine_tending_robot/workspace/ros2_kortex_ws/install/ros_gz_bridge/lib:/home/mampane/Desktop/machine_tending_robot/workspace/ros2_kortex_ws/install/ros_gz_interfaces/lib:${LD_LIBRARY_PATH} PYTHONPATH=/home/mampane/Desktop/machine_tending_robot/workspace/ros2_kortex_ws/install/ros_gz_interfaces/local/lib/python3.10/dist-packages:${PYTHONPATH} /usr/bin/cmake /home/mampane/Desktop/machine_tending_robot/workspace/ros2_kortex_ws/src/ros_gz/ros_gz_image -DCMAKE_BUILD_TYPE=Release -DCMAKE_INSTALL_PREFIX=/home/mampane/Desktop/machine_tending_robot/workspace/ros2_kortex_ws/install/ros_gz_image
[1.908s] Invoking command in '/home/mampane/Desktop/machine_tending_robot/workspace/ros2_kortex_ws/build/ros_gz_image': AMENT_PREFIX_PATH=/home/mampane/Desktop/machine_tending_robot/workspace/ros2_kortex_ws/install/ros_gz_bridge:/home/mampane/Desktop/machine_tending_robot/workspace/ros2_kortex_ws/install/ros_gz_interfaces:${AMENT_PREFIX_PATH} CMAKE_PREFIX_PATH=/home/mampane/Desktop/machine_tending_robot/workspace/ros2_kortex_ws/install/ros_gz_bridge:/home/mampane/Desktop/machine_tending_robot/workspace/ros2_kortex_ws/install/ros_gz_interfaces:/opt/ros/humble LD_LIBRARY_PATH=/home/mampane/Desktop/machine_tending_robot/workspace/ros2_kortex_ws/install/ros_gz_bridge/lib:/home/mampane/Desktop/machine_tending_robot/workspace/ros2_kortex_ws/install/ros_gz_interfaces/lib:${LD_LIBRARY_PATH} PYTHONPATH=/home/mampane/Desktop/machine_tending_robot/workspace/ros2_kortex_ws/install/ros_gz_interfaces/local/lib/python3.10/dist-packages:${PYTHONPATH} /usr/bin/cmake --build /home/mampane/Desktop/machine_tending_robot/workspace/ros2_kortex_ws/build/ros_gz_image -- -j20 -l20
[1.966s] [ 50%] [32mBuilding CXX object CMakeFiles/image_bridge.dir/src/image_bridge.cpp.o[0m
[9.363s] [100%] [32m[1mLinking CXX executable image_bridge[0m
[10.038s] [100%] Built target image_bridge
[10.048s] Invoked command in '/home/mampane/Desktop/machine_tending_robot/workspace/ros2_kortex_ws/build/ros_gz_image' returned '0': AMENT_PREFIX_PATH=/home/mampane/Desktop/machine_tending_robot/workspace/ros2_kortex_ws/install/ros_gz_bridge:/home/mampane/Desktop/machine_tending_robot/workspace/ros2_kortex_ws/install/ros_gz_interfaces:${AMENT_PREFIX_PATH} CMAKE_PREFIX_PATH=/home/mampane/Desktop/machine_tending_robot/workspace/ros2_kortex_ws/install/ros_gz_bridge:/home/mampane/Desktop/machine_tending_robot/workspace/ros2_kortex_ws/install/ros_gz_interfaces:/opt/ros/humble LD_LIBRARY_PATH=/home/mampane/Desktop/machine_tending_robot/workspace/ros2_kortex_ws/install/ros_gz_bridge/lib:/home/mampane/Desktop/machine_tending_robot/workspace/ros2_kortex_ws/install/ros_gz_interfaces/lib:${LD_LIBRARY_PATH} PYTHONPATH=/home/mampane/Desktop/machine_tending_robot/workspace/ros2_kortex_ws/install/ros_gz_interfaces/local/lib/python3.10/dist-packages:${PYTHONPATH} /usr/bin/cmake --build /home/mampane/Desktop/machine_tending_robot/workspace/ros2_kortex_ws/build/ros_gz_image -- -j20 -l20
[10.050s] Invoking command in '/home/mampane/Desktop/machine_tending_robot/workspace/ros2_kortex_ws/build/ros_gz_image': AMENT_PREFIX_PATH=/home/mampane/Desktop/machine_tending_robot/workspace/ros2_kortex_ws/install/ros_gz_bridge:/home/mampane/Desktop/machine_tending_robot/workspace/ros2_kortex_ws/install/ros_gz_interfaces:${AMENT_PREFIX_PATH} CMAKE_PREFIX_PATH=/home/mampane/Desktop/machine_tending_robot/workspace/ros2_kortex_ws/install/ros_gz_bridge:/home/mampane/Desktop/machine_tending_robot/workspace/ros2_kortex_ws/install/ros_gz_interfaces:/opt/ros/humble LD_LIBRARY_PATH=/home/mampane/Desktop/machine_tending_robot/workspace/ros2_kortex_ws/install/ros_gz_bridge/lib:/home/mampane/Desktop/machine_tending_robot/workspace/ros2_kortex_ws/install/ros_gz_interfaces/lib:${LD_LIBRARY_PATH} PYTHONPATH=/home/mampane/Desktop/machine_tending_robot/workspace/ros2_kortex_ws/install/ros_gz_interfaces/local/lib/python3.10/dist-packages:${PYTHONPATH} /usr/bin/cmake --install /home/mampane/Desktop/machine_tending_robot/workspace/ros2_kortex_ws/build/ros_gz_image
[10.055s] -- Install configuration: "Release"
[10.055s] -- Installing: /home/mampane/Desktop/machine_tending_robot/workspace/ros2_kortex_ws/install/ros_gz_image/lib/ros_gz_image/image_bridge
[10.055s] -- Set runtime path of "/home/mampane/Desktop/machine_tending_robot/workspace/ros2_kortex_ws/install/ros_gz_image/lib/ros_gz_image/image_bridge" to ""
[10.055s] -- Installing: /home/mampane/Desktop/machine_tending_robot/workspace/ros2_kortex_ws/install/ros_gz_image/share/ament_index/resource_index/package_run_dependencies/ros_gz_image
[10.055s] -- Installing: /home/mampane/Desktop/machine_tending_robot/workspace/ros2_kortex_ws/install/ros_gz_image/share/ament_index/resource_index/parent_prefix_path/ros_gz_image
[10.055s] -- Installing: /home/mampane/Desktop/machine_tending_robot/workspace/ros2_kortex_ws/install/ros_gz_image/share/ros_gz_image/environment/ament_prefix_path.sh
[10.055s] -- Installing: /home/mampane/Desktop/machine_tending_robot/workspace/ros2_kortex_ws/install/ros_gz_image/share/ros_gz_image/environment/ament_prefix_path.dsv
[10.055s] -- Installing: /home/mampane/Desktop/machine_tending_robot/workspace/ros2_kortex_ws/install/ros_gz_image/share/ros_gz_image/environment/path.sh
[10.055s] -- Installing: /home/mampane/Desktop/machine_tending_robot/workspace/ros2_kortex_ws/install/ros_gz_image/share/ros_gz_image/environment/path.dsv
[10.055s] -- Installing: /home/mampane/Desktop/machine_tending_robot/workspace/ros2_kortex_ws/install/ros_gz_image/share/ros_gz_image/local_setup.bash
[10.055s] -- Installing: /home/mampane/Desktop/machine_tending_robot/workspace/ros2_kortex_ws/install/ros_gz_image/share/ros_gz_image/local_setup.sh
[10.056s] -- Installing: /home/mampane/Desktop/machine_tending_robot/workspace/ros2_kortex_ws/install/ros_gz_image/share/ros_gz_image/local_setup.zsh
[10.056s] -- Installing: /home/mampane/Desktop/machine_tending_robot/workspace/ros2_kortex_ws/install/ros_gz_image/share/ros_gz_image/local_setup.dsv
[10.056s] -- Installing: /home/mampane/Desktop/machine_tending_robot/workspace/ros2_kortex_ws/install/ros_gz_image/share/ros_gz_image/package.dsv
[10.056s] -- Installing: /home/mampane/Desktop/machine_tending_robot/workspace/ros2_kortex_ws/install/ros_gz_image/share/ament_index/resource_index/packages/ros_gz_image
[10.056s] -- Installing: /home/mampane/Desktop/machine_tending_robot/workspace/ros2_kortex_ws/install/ros_gz_image/share/ros_gz_image/cmake/ros_gz_imageConfig.cmake
[10.056s] -- Installing: /home/mampane/Desktop/machine_tending_robot/workspace/ros2_kortex_ws/install/ros_gz_image/share/ros_gz_image/cmake/ros_gz_imageConfig-version.cmake
[10.056s] -- Installing: /home/mampane/Desktop/machine_tending_robot/workspace/ros2_kortex_ws/install/ros_gz_image/share/ros_gz_image/package.xml
[10.057s] Invoked command in '/home/mampane/Desktop/machine_tending_robot/workspace/ros2_kortex_ws/build/ros_gz_image' returned '0': AMENT_PREFIX_PATH=/home/mampane/Desktop/machine_tending_robot/workspace/ros2_kortex_ws/install/ros_gz_bridge:/home/mampane/Desktop/machine_tending_robot/workspace/ros2_kortex_ws/install/ros_gz_interfaces:${AMENT_PREFIX_PATH} CMAKE_PREFIX_PATH=/home/mampane/Desktop/machine_tending_robot/workspace/ros2_kortex_ws/install/ros_gz_bridge:/home/mampane/Desktop/machine_tending_robot/workspace/ros2_kortex_ws/install/ros_gz_interfaces:/opt/ros/humble LD_LIBRARY_PATH=/home/mampane/Desktop/machine_tending_robot/workspace/ros2_kortex_ws/install/ros_gz_bridge/lib:/home/mampane/Desktop/machine_tending_robot/workspace/ros2_kortex_ws/install/ros_gz_interfaces/lib:${LD_LIBRARY_PATH} PYTHONPATH=/home/mampane/Desktop/machine_tending_robot/workspace/ros2_kortex_ws/install/ros_gz_interfaces/local/lib/python3.10/dist-packages:${PYTHONPATH} /usr/bin/cmake --install /home/mampane/Desktop/machine_tending_robot/workspace/ros2_kortex_ws/build/ros_gz_image
