[0.012s] Invoking command in '/home/mampane/Desktop/machine_tending_robot/ros2_kortex_ws/build/ros_gz': AMENT_PREFIX_PATH=/home/mampane/Desktop/machine_tending_robot/ros2_kortex_ws/install/ros_gz_sim_demos:/home/mampane/Desktop/machine_tending_robot/ros2_kortex_ws/install/ros_gz_image:/home/mampane/Desktop/machine_tending_robot/ros2_kortex_ws/install/ros_gz_bridge:/home/mampane/Desktop/machine_tending_robot/ros2_kortex_ws/install/ros_gz_sim:/home/mampane/Desktop/machine_tending_robot/ros2_kortex_ws/install/ros_gz_interfaces:${AMENT_PREFIX_PATH} CMAKE_PREFIX_PATH=/home/mampane/Desktop/machine_tending_robot/ros2_kortex_ws/install/ros_gz_sim_demos:/home/mampane/Desktop/machine_tending_robot/ros2_kortex_ws/install/ros_gz_image:/home/mampane/Desktop/machine_tending_robot/ros2_kortex_ws/install/ros_gz_bridge:/home/mampane/Desktop/machine_tending_robot/ros2_kortex_ws/install/ros_gz_sim:/home/mampane/Desktop/machine_tending_robot/ros2_kortex_ws/install/ros_gz_interfaces:/opt/ros/humble LD_LIBRARY_PATH=/home/mampane/Desktop/machine_tending_robot/ros2_kortex_ws/install/ros_gz_bridge/lib:/home/mampane/Desktop/machine_tending_robot/ros2_kortex_ws/install/ros_gz_sim/lib:/home/mampane/Desktop/machine_tending_robot/ros2_kortex_ws/install/ros_gz_interfaces/lib:${LD_LIBRARY_PATH} PYTHONPATH=/home/mampane/Desktop/machine_tending_robot/ros2_kortex_ws/install/ros_gz_interfaces/local/lib/python3.10/dist-packages:${PYTHONPATH} /usr/bin/cmake /home/mampane/Desktop/machine_tending_robot/ros2_kortex_ws/src/ros_gz/ros_gz -DAMENT_CMAKE_SYMLINK_INSTALL=1 -DCMAKE_INSTALL_PREFIX=/home/mampane/Desktop/machine_tending_robot/ros2_kortex_ws/install/ros_gz
[0.048s] -- The C compiler identification is GNU 11.4.0
[0.082s] -- The CXX compiler identification is GNU 11.4.0
[0.087s] -- Detecting C compiler ABI info
[0.137s] -- Detecting C compiler ABI info - done
[0.143s] -- Check for working C compiler: /usr/bin/cc - skipped
[0.143s] -- Detecting C compile features
[0.143s] -- Detecting C compile features - done
[0.145s] -- Detecting CXX compiler ABI info
[0.199s] -- Detecting CXX compiler ABI info - done
[0.203s] -- Check for working CXX compiler: /usr/bin/c++ - skipped
[0.203s] -- Detecting CXX compile features
[0.204s] -- Detecting CXX compile features - done
[0.205s] -- Found ament_cmake: 1.3.11 (/opt/ros/humble/share/ament_cmake/cmake)
[0.309s] -- Found Python3: /usr/bin/python3 (found version "3.10.12") found components: Interpreter 
[0.348s] -- Override CMake install command with custom implementation using symlinks instead of copying resources
[0.366s] -- Found ament_lint_auto: 0.12.11 (/opt/ros/humble/share/ament_lint_auto/cmake)
[0.415s] -- Added test 'copyright' to check source files copyright and LICENSE
[0.416s] -- Added test 'lint_cmake' to check CMake code style
[0.416s] -- Added test 'xmllint' to check XML markup files
[0.417s] -- Configuring done
[0.418s] -- Generating done
[0.419s] -- Build files have been written to: /home/mampane/Desktop/machine_tending_robot/ros2_kortex_ws/build/ros_gz
[0.424s] Invoked command in '/home/mampane/Desktop/machine_tending_robot/ros2_kortex_ws/build/ros_gz' returned '0': AMENT_PREFIX_PATH=/home/mampane/Desktop/machine_tending_robot/ros2_kortex_ws/install/ros_gz_sim_demos:/home/mampane/Desktop/machine_tending_robot/ros2_kortex_ws/install/ros_gz_image:/home/mampane/Desktop/machine_tending_robot/ros2_kortex_ws/install/ros_gz_bridge:/home/mampane/Desktop/machine_tending_robot/ros2_kortex_ws/install/ros_gz_sim:/home/mampane/Desktop/machine_tending_robot/ros2_kortex_ws/install/ros_gz_interfaces:${AMENT_PREFIX_PATH} CMAKE_PREFIX_PATH=/home/mampane/Desktop/machine_tending_robot/ros2_kortex_ws/install/ros_gz_sim_demos:/home/mampane/Desktop/machine_tending_robot/ros2_kortex_ws/install/ros_gz_image:/home/mampane/Desktop/machine_tending_robot/ros2_kortex_ws/install/ros_gz_bridge:/home/mampane/Desktop/machine_tending_robot/ros2_kortex_ws/install/ros_gz_sim:/home/mampane/Desktop/machine_tending_robot/ros2_kortex_ws/install/ros_gz_interfaces:/opt/ros/humble LD_LIBRARY_PATH=/home/mampane/Desktop/machine_tending_robot/ros2_kortex_ws/install/ros_gz_bridge/lib:/home/mampane/Desktop/machine_tending_robot/ros2_kortex_ws/install/ros_gz_sim/lib:/home/mampane/Desktop/machine_tending_robot/ros2_kortex_ws/install/ros_gz_interfaces/lib:${LD_LIBRARY_PATH} PYTHONPATH=/home/mampane/Desktop/machine_tending_robot/ros2_kortex_ws/install/ros_gz_interfaces/local/lib/python3.10/dist-packages:${PYTHONPATH} /usr/bin/cmake /home/mampane/Desktop/machine_tending_robot/ros2_kortex_ws/src/ros_gz/ros_gz -DAMENT_CMAKE_SYMLINK_INSTALL=1 -DCMAKE_INSTALL_PREFIX=/home/mampane/Desktop/machine_tending_robot/ros2_kortex_ws/install/ros_gz
[0.425s] Invoking command in '/home/mampane/Desktop/machine_tending_robot/ros2_kortex_ws/build/ros_gz': AMENT_PREFIX_PATH=/home/mampane/Desktop/machine_tending_robot/ros2_kortex_ws/install/ros_gz_sim_demos:/home/mampane/Desktop/machine_tending_robot/ros2_kortex_ws/install/ros_gz_image:/home/mampane/Desktop/machine_tending_robot/ros2_kortex_ws/install/ros_gz_bridge:/home/mampane/Desktop/machine_tending_robot/ros2_kortex_ws/install/ros_gz_sim:/home/mampane/Desktop/machine_tending_robot/ros2_kortex_ws/install/ros_gz_interfaces:${AMENT_PREFIX_PATH} CMAKE_PREFIX_PATH=/home/mampane/Desktop/machine_tending_robot/ros2_kortex_ws/install/ros_gz_sim_demos:/home/mampane/Desktop/machine_tending_robot/ros2_kortex_ws/install/ros_gz_image:/home/mampane/Desktop/machine_tending_robot/ros2_kortex_ws/install/ros_gz_bridge:/home/mampane/Desktop/machine_tending_robot/ros2_kortex_ws/install/ros_gz_sim:/home/mampane/Desktop/machine_tending_robot/ros2_kortex_ws/install/ros_gz_interfaces:/opt/ros/humble LD_LIBRARY_PATH=/home/mampane/Desktop/machine_tending_robot/ros2_kortex_ws/install/ros_gz_bridge/lib:/home/mampane/Desktop/machine_tending_robot/ros2_kortex_ws/install/ros_gz_sim/lib:/home/mampane/Desktop/machine_tending_robot/ros2_kortex_ws/install/ros_gz_interfaces/lib:${LD_LIBRARY_PATH} PYTHONPATH=/home/mampane/Desktop/machine_tending_robot/ros2_kortex_ws/install/ros_gz_interfaces/local/lib/python3.10/dist-packages:${PYTHONPATH} /usr/bin/cmake --build /home/mampane/Desktop/machine_tending_robot/ros2_kortex_ws/build/ros_gz -- -j20 -l20
[0.449s] Invoked command in '/home/mampane/Desktop/machine_tending_robot/ros2_kortex_ws/build/ros_gz' returned '0': AMENT_PREFIX_PATH=/home/mampane/Desktop/machine_tending_robot/ros2_kortex_ws/install/ros_gz_sim_demos:/home/mampane/Desktop/machine_tending_robot/ros2_kortex_ws/install/ros_gz_image:/home/mampane/Desktop/machine_tending_robot/ros2_kortex_ws/install/ros_gz_bridge:/home/mampane/Desktop/machine_tending_robot/ros2_kortex_ws/install/ros_gz_sim:/home/mampane/Desktop/machine_tending_robot/ros2_kortex_ws/install/ros_gz_interfaces:${AMENT_PREFIX_PATH} CMAKE_PREFIX_PATH=/home/mampane/Desktop/machine_tending_robot/ros2_kortex_ws/install/ros_gz_sim_demos:/home/mampane/Desktop/machine_tending_robot/ros2_kortex_ws/install/ros_gz_image:/home/mampane/Desktop/machine_tending_robot/ros2_kortex_ws/install/ros_gz_bridge:/home/mampane/Desktop/machine_tending_robot/ros2_kortex_ws/install/ros_gz_sim:/home/mampane/Desktop/machine_tending_robot/ros2_kortex_ws/install/ros_gz_interfaces:/opt/ros/humble LD_LIBRARY_PATH=/home/mampane/Desktop/machine_tending_robot/ros2_kortex_ws/install/ros_gz_bridge/lib:/home/mampane/Desktop/machine_tending_robot/ros2_kortex_ws/install/ros_gz_sim/lib:/home/mampane/Desktop/machine_tending_robot/ros2_kortex_ws/install/ros_gz_interfaces/lib:${LD_LIBRARY_PATH} PYTHONPATH=/home/mampane/Desktop/machine_tending_robot/ros2_kortex_ws/install/ros_gz_interfaces/local/lib/python3.10/dist-packages:${PYTHONPATH} /usr/bin/cmake --build /home/mampane/Desktop/machine_tending_robot/ros2_kortex_ws/build/ros_gz -- -j20 -l20
[0.450s] Invoking command in '/home/mampane/Desktop/machine_tending_robot/ros2_kortex_ws/build/ros_gz': AMENT_PREFIX_PATH=/home/mampane/Desktop/machine_tending_robot/ros2_kortex_ws/install/ros_gz_sim_demos:/home/mampane/Desktop/machine_tending_robot/ros2_kortex_ws/install/ros_gz_image:/home/mampane/Desktop/machine_tending_robot/ros2_kortex_ws/install/ros_gz_bridge:/home/mampane/Desktop/machine_tending_robot/ros2_kortex_ws/install/ros_gz_sim:/home/mampane/Desktop/machine_tending_robot/ros2_kortex_ws/install/ros_gz_interfaces:${AMENT_PREFIX_PATH} CMAKE_PREFIX_PATH=/home/mampane/Desktop/machine_tending_robot/ros2_kortex_ws/install/ros_gz_sim_demos:/home/mampane/Desktop/machine_tending_robot/ros2_kortex_ws/install/ros_gz_image:/home/mampane/Desktop/machine_tending_robot/ros2_kortex_ws/install/ros_gz_bridge:/home/mampane/Desktop/machine_tending_robot/ros2_kortex_ws/install/ros_gz_sim:/home/mampane/Desktop/machine_tending_robot/ros2_kortex_ws/install/ros_gz_interfaces:/opt/ros/humble LD_LIBRARY_PATH=/home/mampane/Desktop/machine_tending_robot/ros2_kortex_ws/install/ros_gz_bridge/lib:/home/mampane/Desktop/machine_tending_robot/ros2_kortex_ws/install/ros_gz_sim/lib:/home/mampane/Desktop/machine_tending_robot/ros2_kortex_ws/install/ros_gz_interfaces/lib:${LD_LIBRARY_PATH} PYTHONPATH=/home/mampane/Desktop/machine_tending_robot/ros2_kortex_ws/install/ros_gz_interfaces/local/lib/python3.10/dist-packages:${PYTHONPATH} /usr/bin/cmake --install /home/mampane/Desktop/machine_tending_robot/ros2_kortex_ws/build/ros_gz
[0.454s] -- Install configuration: ""
[0.454s] -- Execute custom install script
[0.455s] -- Symlinking: /home/mampane/Desktop/machine_tending_robot/ros2_kortex_ws/install/ros_gz/share/ament_index/resource_index/package_run_dependencies/ros_gz
[0.459s] -- Symlinking: /home/mampane/Desktop/machine_tending_robot/ros2_kortex_ws/install/ros_gz/share/ament_index/resource_index/parent_prefix_path/ros_gz
[0.465s] -- Symlinking: /home/mampane/Desktop/machine_tending_robot/ros2_kortex_ws/install/ros_gz/share/ros_gz/environment/ament_prefix_path.sh
[0.471s] -- Symlinking: /home/mampane/Desktop/machine_tending_robot/ros2_kortex_ws/install/ros_gz/share/ros_gz/environment/ament_prefix_path.dsv
[0.477s] -- Symlinking: /home/mampane/Desktop/machine_tending_robot/ros2_kortex_ws/install/ros_gz/share/ros_gz/environment/path.sh
[0.481s] -- Symlinking: /home/mampane/Desktop/machine_tending_robot/ros2_kortex_ws/install/ros_gz/share/ros_gz/environment/path.dsv
[0.486s] -- Symlinking: /home/mampane/Desktop/machine_tending_robot/ros2_kortex_ws/install/ros_gz/share/ros_gz/local_setup.bash
[0.491s] -- Symlinking: /home/mampane/Desktop/machine_tending_robot/ros2_kortex_ws/install/ros_gz/share/ros_gz/local_setup.sh
[0.497s] -- Symlinking: /home/mampane/Desktop/machine_tending_robot/ros2_kortex_ws/install/ros_gz/share/ros_gz/local_setup.zsh
[0.502s] -- Symlinking: /home/mampane/Desktop/machine_tending_robot/ros2_kortex_ws/install/ros_gz/share/ros_gz/local_setup.dsv
[0.507s] -- Symlinking: /home/mampane/Desktop/machine_tending_robot/ros2_kortex_ws/install/ros_gz/share/ros_gz/package.dsv
[0.512s] -- Symlinking: /home/mampane/Desktop/machine_tending_robot/ros2_kortex_ws/install/ros_gz/share/ament_index/resource_index/packages/ros_gz
[0.517s] -- Symlinking: /home/mampane/Desktop/machine_tending_robot/ros2_kortex_ws/install/ros_gz/share/ros_gz/cmake/ros_gzConfig.cmake
[0.523s] -- Symlinking: /home/mampane/Desktop/machine_tending_robot/ros2_kortex_ws/install/ros_gz/share/ros_gz/cmake/ros_gzConfig-version.cmake
[0.528s] -- Symlinking: /home/mampane/Desktop/machine_tending_robot/ros2_kortex_ws/install/ros_gz/share/ros_gz/package.xml
[0.535s] Invoked command in '/home/mampane/Desktop/machine_tending_robot/ros2_kortex_ws/build/ros_gz' returned '0': AMENT_PREFIX_PATH=/home/mampane/Desktop/machine_tending_robot/ros2_kortex_ws/install/ros_gz_sim_demos:/home/mampane/Desktop/machine_tending_robot/ros2_kortex_ws/install/ros_gz_image:/home/mampane/Desktop/machine_tending_robot/ros2_kortex_ws/install/ros_gz_bridge:/home/mampane/Desktop/machine_tending_robot/ros2_kortex_ws/install/ros_gz_sim:/home/mampane/Desktop/machine_tending_robot/ros2_kortex_ws/install/ros_gz_interfaces:${AMENT_PREFIX_PATH} CMAKE_PREFIX_PATH=/home/mampane/Desktop/machine_tending_robot/ros2_kortex_ws/install/ros_gz_sim_demos:/home/mampane/Desktop/machine_tending_robot/ros2_kortex_ws/install/ros_gz_image:/home/mampane/Desktop/machine_tending_robot/ros2_kortex_ws/install/ros_gz_bridge:/home/mampane/Desktop/machine_tending_robot/ros2_kortex_ws/install/ros_gz_sim:/home/mampane/Desktop/machine_tending_robot/ros2_kortex_ws/install/ros_gz_interfaces:/opt/ros/humble LD_LIBRARY_PATH=/home/mampane/Desktop/machine_tending_robot/ros2_kortex_ws/install/ros_gz_bridge/lib:/home/mampane/Desktop/machine_tending_robot/ros2_kortex_ws/install/ros_gz_sim/lib:/home/mampane/Desktop/machine_tending_robot/ros2_kortex_ws/install/ros_gz_interfaces/lib:${LD_LIBRARY_PATH} PYTHONPATH=/home/mampane/Desktop/machine_tending_robot/ros2_kortex_ws/install/ros_gz_interfaces/local/lib/python3.10/dist-packages:${PYTHONPATH} /usr/bin/cmake --install /home/mampane/Desktop/machine_tending_robot/ros2_kortex_ws/build/ros_gz
