[0.268s] Invoking command in '/home/mampane/Desktop/machine_tending_robot/ros2_kortex_ws/build/imu_sensor_broadcaster': AMENT_PREFIX_PATH=/home/mampane/Desktop/machine_tending_robot/ros2_kortex_ws/install/controller_manager:/home/mampane/Desktop/machine_tending_robot/ros2_kortex_ws/install/hardware_interface_testing:/home/mampane/Desktop/machine_tending_robot/ros2_kortex_ws/install/controller_interface:/home/mampane/Desktop/machine_tending_robot/ros2_kortex_ws/install/hardware_interface:/home/mampane/Desktop/machine_tending_robot/ros2_kortex_ws/install/ros2_control_test_assets:/home/mampane/Desktop/machine_tending_robot/ros2_kortex_ws/install/realtime_tools:/home/mampane/Desktop/machine_tending_robot/ros2_kortex_ws/install/controller_manager_msgs:/home/mampane/Desktop/machine_tending_robot/ros2_kortex_ws/install/control_msgs:${AMENT_PREFIX_PATH} CMAKE_PREFIX_PATH=/home/mampane/Desktop/machine_tending_robot/ros2_kortex_ws/install/controller_manager:/home/mampane/Desktop/machine_tending_robot/ros2_kortex_ws/install/hardware_interface_testing:/home/mampane/Desktop/machine_tending_robot/ros2_kortex_ws/install/controller_interface:/home/mampane/Desktop/machine_tending_robot/ros2_kortex_ws/install/hardware_interface:/home/mampane/Desktop/machine_tending_robot/ros2_kortex_ws/install/ros2_control_test_assets:/home/mampane/Desktop/machine_tending_robot/ros2_kortex_ws/install/realtime_tools:/home/mampane/Desktop/machine_tending_robot/ros2_kortex_ws/install/controller_manager_msgs:/home/mampane/Desktop/machine_tending_robot/ros2_kortex_ws/install/control_msgs:/opt/ros/humble LD_LIBRARY_PATH=/home/mampane/Desktop/machine_tending_robot/ros2_kortex_ws/install/controller_manager/lib:/home/mampane/Desktop/machine_tending_robot/ros2_kortex_ws/install/hardware_interface_testing/lib:/home/mampane/Desktop/machine_tending_robot/ros2_kortex_ws/install/controller_interface/lib:/home/mampane/Desktop/machine_tending_robot/ros2_kortex_ws/install/hardware_interface/lib:/home/mampane/Desktop/machine_tending_robot/ros2_kortex_ws/install/realtime_tools/lib:/home/mampane/Desktop/machine_tending_robot/ros2_kortex_ws/install/controller_manager_msgs/lib:/home/mampane/Desktop/machine_tending_robot/ros2_kortex_ws/install/control_msgs/lib:${LD_LIBRARY_PATH} PYTHONPATH=/home/mampane/Desktop/machine_tending_robot/ros2_kortex_ws/install/controller_manager/local/lib/python3.10/dist-packages:/home/mampane/Desktop/machine_tending_robot/ros2_kortex_ws/install/controller_manager_msgs/local/lib/python3.10/dist-packages:/home/mampane/Desktop/machine_tending_robot/ros2_kortex_ws/install/control_msgs/local/lib/python3.10/dist-packages:${PYTHONPATH} /usr/bin/cmake /home/mampane/Desktop/machine_tending_robot/ros2_kortex_ws/src/ros2_controllers/imu_sensor_broadcaster -DAMENT_CMAKE_SYMLINK_INSTALL=1 -DCMAKE_INSTALL_PREFIX=/home/mampane/Desktop/machine_tending_robot/ros2_kortex_ws/install/imu_sensor_broadcaster
[0.355s] -- The CXX compiler identification is GNU 11.4.0
[0.371s] -- Detecting CXX compiler ABI info
[0.474s] -- Detecting CXX compiler ABI info - done
[0.484s] -- Check for working CXX compiler: /usr/bin/c++ - skipped
[0.484s] -- Detecting CXX compile features
[0.485s] -- Detecting CXX compile features - done
[0.488s] -- Found ament_cmake: 1.3.11 (/opt/ros/humble/share/ament_cmake/cmake)
[0.745s] -- Found Python3: /usr/bin/python3 (found version "3.10.12") found components: Interpreter 
[0.850s] -- Override CMake install command with custom implementation using symlinks instead of copying resources
[0.905s] -- Found controller_interface: 2.48.0 (/home/mampane/Desktop/machine_tending_robot/ros2_kortex_ws/install/controller_interface/share/controller_interface/cmake)
[0.984s] -- Found rosidl_generator_c: 3.1.6 (/opt/ros/humble/share/rosidl_generator_c/cmake)
[0.992s] -- Found rosidl_adapter: 3.1.6 (/opt/ros/humble/share/rosidl_adapter/cmake)
[1.008s] -- Found rosidl_generator_cpp: 3.1.6 (/opt/ros/humble/share/rosidl_generator_cpp/cmake)
[1.030s] -- Using all available rosidl_typesupport_c: rosidl_typesupport_fastrtps_c;rosidl_typesupport_introspection_c
[1.061s] -- Using all available rosidl_typesupport_cpp: rosidl_typesupport_fastrtps_cpp;rosidl_typesupport_introspection_cpp
[1.428s] -- Found rmw_implementation_cmake: 6.1.2 (/opt/ros/humble/share/rmw_implementation_cmake/cmake)
[1.434s] -- Found rmw_fastrtps_cpp: 6.2.7 (/opt/ros/humble/share/rmw_fastrtps_cpp/cmake)
[1.476s] -- Found TinyXML2 via Config file: TinyXML2_DIR-NOTFOUND
[1.581s] -- Found OpenSSL: /usr/lib/x86_64-linux-gnu/libcrypto.so (found version "3.0.2")  
[1.585s] -- Found TinyXML2 via Config file: TinyXML2_DIR-NOTFOUND
[1.612s] -- Found FastRTPS: /opt/ros/humble/include  
[1.615s] -- Found TinyXML2 via Config file: TinyXML2_DIR-NOTFOUND
[1.629s] -- Found TinyXML2 via Config file: TinyXML2_DIR-NOTFOUND
[1.649s] -- Using RMW implementation 'rmw_fastrtps_cpp' as default
[1.662s] -- Looking for C++ include pthread.h
[1.890s] -- Looking for C++ include pthread.h - found
[1.891s] -- Performing Test CMAKE_HAVE_LIBC_PTHREAD
[2.083s] -- Performing Test CMAKE_HAVE_LIBC_PTHREAD - Success
[2.085s] -- Found Threads: TRUE  
[2.247s] -- Found generate_parameter_library: 0.4.0 (/opt/ros/humble/share/generate_parameter_library/cmake)
[2.256s] -- Found parameter_traits: 0.4.0 (/opt/ros/humble/share/parameter_traits/cmake)
[2.345s] -- Found realtime_tools: 2.12.0 (/home/mampane/Desktop/machine_tending_robot/ros2_kortex_ws/install/realtime_tools/share/realtime_tools/cmake)
[2.459s] -- Found ament_cmake_gmock: 1.3.11 (/opt/ros/humble/share/ament_cmake_gmock/cmake)
[2.462s] -- Found controller_manager: 2.48.0 (/home/mampane/Desktop/machine_tending_robot/ros2_kortex_ws/install/controller_manager/share/controller_manager/cmake)
[2.561s] -- Found ros2_control_test_assets: 2.48.0 (/home/mampane/Desktop/machine_tending_robot/ros2_kortex_ws/install/ros2_control_test_assets/share/ros2_control_test_assets/cmake)
[2.574s] -- Found gmock sources under '/opt/ros/humble/src/gmock_vendor': C++ tests using 'Google Mock' will be built
[2.692s] -- The C compiler identification is GNU 11.4.0
[2.696s] -- Detecting C compiler ABI info
[2.955s] -- Detecting C compiler ABI info - done
[2.975s] -- Check for working C compiler: /usr/bin/cc - skipped
[2.977s] -- Detecting C compile features
[2.977s] -- Detecting C compile features - done
[3.004s] -- Found ament_cmake_gtest: 1.3.11 (/opt/ros/humble/share/ament_cmake_gtest/cmake)
[3.008s] -- Found gtest sources under '/opt/ros/humble/src/gtest_vendor': C++ tests using 'Google Test' will be built
[3.170s] -- Found gmock sources under '/opt/ros/humble/src/gmock_vendor': C++ tests using 'Google Mock' will be built
[3.171s] -- Found ament_cmake_gtest: 1.3.11 (/opt/ros/humble/share/ament_cmake_gtest/cmake)
[3.174s] -- Found gtest sources under '/opt/ros/humble/src/gtest_vendor': C++ tests using 'Google Test' will be built
[3.424s] -- Configuring done
[3.745s] -- Generating done
[3.746s] -- Build files have been written to: /home/mampane/Desktop/machine_tending_robot/ros2_kortex_ws/build/imu_sensor_broadcaster
[3.864s] Invoked command in '/home/mampane/Desktop/machine_tending_robot/ros2_kortex_ws/build/imu_sensor_broadcaster' returned '0': AMENT_PREFIX_PATH=/home/mampane/Desktop/machine_tending_robot/ros2_kortex_ws/install/controller_manager:/home/mampane/Desktop/machine_tending_robot/ros2_kortex_ws/install/hardware_interface_testing:/home/mampane/Desktop/machine_tending_robot/ros2_kortex_ws/install/controller_interface:/home/mampane/Desktop/machine_tending_robot/ros2_kortex_ws/install/hardware_interface:/home/mampane/Desktop/machine_tending_robot/ros2_kortex_ws/install/ros2_control_test_assets:/home/mampane/Desktop/machine_tending_robot/ros2_kortex_ws/install/realtime_tools:/home/mampane/Desktop/machine_tending_robot/ros2_kortex_ws/install/controller_manager_msgs:/home/mampane/Desktop/machine_tending_robot/ros2_kortex_ws/install/control_msgs:${AMENT_PREFIX_PATH} CMAKE_PREFIX_PATH=/home/mampane/Desktop/machine_tending_robot/ros2_kortex_ws/install/controller_manager:/home/mampane/Desktop/machine_tending_robot/ros2_kortex_ws/install/hardware_interface_testing:/home/mampane/Desktop/machine_tending_robot/ros2_kortex_ws/install/controller_interface:/home/mampane/Desktop/machine_tending_robot/ros2_kortex_ws/install/hardware_interface:/home/mampane/Desktop/machine_tending_robot/ros2_kortex_ws/install/ros2_control_test_assets:/home/mampane/Desktop/machine_tending_robot/ros2_kortex_ws/install/realtime_tools:/home/mampane/Desktop/machine_tending_robot/ros2_kortex_ws/install/controller_manager_msgs:/home/mampane/Desktop/machine_tending_robot/ros2_kortex_ws/install/control_msgs:/opt/ros/humble LD_LIBRARY_PATH=/home/mampane/Desktop/machine_tending_robot/ros2_kortex_ws/install/controller_manager/lib:/home/mampane/Desktop/machine_tending_robot/ros2_kortex_ws/install/hardware_interface_testing/lib:/home/mampane/Desktop/machine_tending_robot/ros2_kortex_ws/install/controller_interface/lib:/home/mampane/Desktop/machine_tending_robot/ros2_kortex_ws/install/hardware_interface/lib:/home/mampane/Desktop/machine_tending_robot/ros2_kortex_ws/install/realtime_tools/lib:/home/mampane/Desktop/machine_tending_robot/ros2_kortex_ws/install/controller_manager_msgs/lib:/home/mampane/Desktop/machine_tending_robot/ros2_kortex_ws/install/control_msgs/lib:${LD_LIBRARY_PATH} PYTHONPATH=/home/mampane/Desktop/machine_tending_robot/ros2_kortex_ws/install/controller_manager/local/lib/python3.10/dist-packages:/home/mampane/Desktop/machine_tending_robot/ros2_kortex_ws/install/controller_manager_msgs/local/lib/python3.10/dist-packages:/home/mampane/Desktop/machine_tending_robot/ros2_kortex_ws/install/control_msgs/local/lib/python3.10/dist-packages:${PYTHONPATH} /usr/bin/cmake /home/mampane/Desktop/machine_tending_robot/ros2_kortex_ws/src/ros2_controllers/imu_sensor_broadcaster -DAMENT_CMAKE_SYMLINK_INSTALL=1 -DCMAKE_INSTALL_PREFIX=/home/mampane/Desktop/machine_tending_robot/ros2_kortex_ws/install/imu_sensor_broadcaster
[3.881s] Invoking command in '/home/mampane/Desktop/machine_tending_robot/ros2_kortex_ws/build/imu_sensor_broadcaster': AMENT_PREFIX_PATH=/home/mampane/Desktop/machine_tending_robot/ros2_kortex_ws/install/controller_manager:/home/mampane/Desktop/machine_tending_robot/ros2_kortex_ws/install/hardware_interface_testing:/home/mampane/Desktop/machine_tending_robot/ros2_kortex_ws/install/controller_interface:/home/mampane/Desktop/machine_tending_robot/ros2_kortex_ws/install/hardware_interface:/home/mampane/Desktop/machine_tending_robot/ros2_kortex_ws/install/ros2_control_test_assets:/home/mampane/Desktop/machine_tending_robot/ros2_kortex_ws/install/realtime_tools:/home/mampane/Desktop/machine_tending_robot/ros2_kortex_ws/install/controller_manager_msgs:/home/mampane/Desktop/machine_tending_robot/ros2_kortex_ws/install/control_msgs:${AMENT_PREFIX_PATH} CMAKE_PREFIX_PATH=/home/mampane/Desktop/machine_tending_robot/ros2_kortex_ws/install/controller_manager:/home/mampane/Desktop/machine_tending_robot/ros2_kortex_ws/install/hardware_interface_testing:/home/mampane/Desktop/machine_tending_robot/ros2_kortex_ws/install/controller_interface:/home/mampane/Desktop/machine_tending_robot/ros2_kortex_ws/install/hardware_interface:/home/mampane/Desktop/machine_tending_robot/ros2_kortex_ws/install/ros2_control_test_assets:/home/mampane/Desktop/machine_tending_robot/ros2_kortex_ws/install/realtime_tools:/home/mampane/Desktop/machine_tending_robot/ros2_kortex_ws/install/controller_manager_msgs:/home/mampane/Desktop/machine_tending_robot/ros2_kortex_ws/install/control_msgs:/opt/ros/humble LD_LIBRARY_PATH=/home/mampane/Desktop/machine_tending_robot/ros2_kortex_ws/install/controller_manager/lib:/home/mampane/Desktop/machine_tending_robot/ros2_kortex_ws/install/hardware_interface_testing/lib:/home/mampane/Desktop/machine_tending_robot/ros2_kortex_ws/install/controller_interface/lib:/home/mampane/Desktop/machine_tending_robot/ros2_kortex_ws/install/hardware_interface/lib:/home/mampane/Desktop/machine_tending_robot/ros2_kortex_ws/install/realtime_tools/lib:/home/mampane/Desktop/machine_tending_robot/ros2_kortex_ws/install/controller_manager_msgs/lib:/home/mampane/Desktop/machine_tending_robot/ros2_kortex_ws/install/control_msgs/lib:${LD_LIBRARY_PATH} PYTHONPATH=/home/mampane/Desktop/machine_tending_robot/ros2_kortex_ws/install/controller_manager/local/lib/python3.10/dist-packages:/home/mampane/Desktop/machine_tending_robot/ros2_kortex_ws/install/controller_manager_msgs/local/lib/python3.10/dist-packages:/home/mampane/Desktop/machine_tending_robot/ros2_kortex_ws/install/control_msgs/local/lib/python3.10/dist-packages:${PYTHONPATH} /usr/bin/cmake --build /home/mampane/Desktop/machine_tending_robot/ros2_kortex_ws/build/imu_sensor_broadcaster -- -j20 -l20
[6.093s] [  9%] [32mBuilding CXX object gmock/CMakeFiles/gmock.dir/opt/ros/humble/src/gtest_vendor/src/gtest-all.cc.o[0m
[6.093s] [ 18%] [34m[1mRunning `/opt/ros/humble/bin/generate_parameter_library_cpp /home/mampane/Desktop/machine_tending_robot/ros2_kortex_ws/build/imu_sensor_broadcaster/include/imu_sensor_broadcaster/imu_sensor_broadcaster_parameters.hpp /home/mampane/Desktop/machine_tending_robot/ros2_kortex_ws/src/ros2_controllers/imu_sensor_broadcaster/src/imu_sensor_broadcaster_parameters.yaml `[0m
[6.093s] [ 27%] [32mBuilding CXX object gmock/CMakeFiles/gmock.dir/src/gmock-all.cc.o[0m
[6.093s] [ 36%] [34m[1mCreating deprecated header file /home/mampane/Desktop/machine_tending_robot/ros2_kortex_ws/build/imu_sensor_broadcaster/include/imu_sensor_broadcaster_parameters.hpp[0m
[6.093s] [ 36%] Built target imu_sensor_broadcaster_parameters
[6.103s] [ 45%] [32mBuilding CXX object CMakeFiles/imu_sensor_broadcaster.dir/src/imu_sensor_broadcaster.cpp.o[0m
[18.508s] [ 54%] [32m[1mLinking CXX shared library libimu_sensor_broadcaster.so[0m
[19.098s] [ 54%] Built target imu_sensor_broadcaster
[20.944s] [ 63%] [32m[1mLinking CXX static library libgmock.a[0m
[21.415s] [ 63%] Built target gmock
[21.514s] [ 72%] [32mBuilding CXX object CMakeFiles/test_load_imu_sensor_broadcaster.dir/test/test_load_imu_sensor_broadcaster.cpp.o[0m
[38.084s] [ 81%] [32m[1mLinking CXX executable test_load_imu_sensor_broadcaster[0m
[40.027s] [ 81%] Built target test_load_imu_sensor_broadcaster
[40.061s] [ 90%] [32mBuilding CXX object CMakeFiles/test_imu_sensor_broadcaster.dir/test/test_imu_sensor_broadcaster.cpp.o[0m
[54.517s] [100%] [32m[1mLinking CXX executable test_imu_sensor_broadcaster[0m
[56.511s] [100%] Built target test_imu_sensor_broadcaster
[56.529s] Invoked command in '/home/mampane/Desktop/machine_tending_robot/ros2_kortex_ws/build/imu_sensor_broadcaster' returned '0': AMENT_PREFIX_PATH=/home/mampane/Desktop/machine_tending_robot/ros2_kortex_ws/install/controller_manager:/home/mampane/Desktop/machine_tending_robot/ros2_kortex_ws/install/hardware_interface_testing:/home/mampane/Desktop/machine_tending_robot/ros2_kortex_ws/install/controller_interface:/home/mampane/Desktop/machine_tending_robot/ros2_kortex_ws/install/hardware_interface:/home/mampane/Desktop/machine_tending_robot/ros2_kortex_ws/install/ros2_control_test_assets:/home/mampane/Desktop/machine_tending_robot/ros2_kortex_ws/install/realtime_tools:/home/mampane/Desktop/machine_tending_robot/ros2_kortex_ws/install/controller_manager_msgs:/home/mampane/Desktop/machine_tending_robot/ros2_kortex_ws/install/control_msgs:${AMENT_PREFIX_PATH} CMAKE_PREFIX_PATH=/home/mampane/Desktop/machine_tending_robot/ros2_kortex_ws/install/controller_manager:/home/mampane/Desktop/machine_tending_robot/ros2_kortex_ws/install/hardware_interface_testing:/home/mampane/Desktop/machine_tending_robot/ros2_kortex_ws/install/controller_interface:/home/mampane/Desktop/machine_tending_robot/ros2_kortex_ws/install/hardware_interface:/home/mampane/Desktop/machine_tending_robot/ros2_kortex_ws/install/ros2_control_test_assets:/home/mampane/Desktop/machine_tending_robot/ros2_kortex_ws/install/realtime_tools:/home/mampane/Desktop/machine_tending_robot/ros2_kortex_ws/install/controller_manager_msgs:/home/mampane/Desktop/machine_tending_robot/ros2_kortex_ws/install/control_msgs:/opt/ros/humble LD_LIBRARY_PATH=/home/mampane/Desktop/machine_tending_robot/ros2_kortex_ws/install/controller_manager/lib:/home/mampane/Desktop/machine_tending_robot/ros2_kortex_ws/install/hardware_interface_testing/lib:/home/mampane/Desktop/machine_tending_robot/ros2_kortex_ws/install/controller_interface/lib:/home/mampane/Desktop/machine_tending_robot/ros2_kortex_ws/install/hardware_interface/lib:/home/mampane/Desktop/machine_tending_robot/ros2_kortex_ws/install/realtime_tools/lib:/home/mampane/Desktop/machine_tending_robot/ros2_kortex_ws/install/controller_manager_msgs/lib:/home/mampane/Desktop/machine_tending_robot/ros2_kortex_ws/install/control_msgs/lib:${LD_LIBRARY_PATH} PYTHONPATH=/home/mampane/Desktop/machine_tending_robot/ros2_kortex_ws/install/controller_manager/local/lib/python3.10/dist-packages:/home/mampane/Desktop/machine_tending_robot/ros2_kortex_ws/install/controller_manager_msgs/local/lib/python3.10/dist-packages:/home/mampane/Desktop/machine_tending_robot/ros2_kortex_ws/install/control_msgs/local/lib/python3.10/dist-packages:${PYTHONPATH} /usr/bin/cmake --build /home/mampane/Desktop/machine_tending_robot/ros2_kortex_ws/build/imu_sensor_broadcaster -- -j20 -l20
[56.535s] Invoking command in '/home/mampane/Desktop/machine_tending_robot/ros2_kortex_ws/build/imu_sensor_broadcaster': AMENT_PREFIX_PATH=/home/mampane/Desktop/machine_tending_robot/ros2_kortex_ws/install/controller_manager:/home/mampane/Desktop/machine_tending_robot/ros2_kortex_ws/install/hardware_interface_testing:/home/mampane/Desktop/machine_tending_robot/ros2_kortex_ws/install/controller_interface:/home/mampane/Desktop/machine_tending_robot/ros2_kortex_ws/install/hardware_interface:/home/mampane/Desktop/machine_tending_robot/ros2_kortex_ws/install/ros2_control_test_assets:/home/mampane/Desktop/machine_tending_robot/ros2_kortex_ws/install/realtime_tools:/home/mampane/Desktop/machine_tending_robot/ros2_kortex_ws/install/controller_manager_msgs:/home/mampane/Desktop/machine_tending_robot/ros2_kortex_ws/install/control_msgs:${AMENT_PREFIX_PATH} CMAKE_PREFIX_PATH=/home/mampane/Desktop/machine_tending_robot/ros2_kortex_ws/install/controller_manager:/home/mampane/Desktop/machine_tending_robot/ros2_kortex_ws/install/hardware_interface_testing:/home/mampane/Desktop/machine_tending_robot/ros2_kortex_ws/install/controller_interface:/home/mampane/Desktop/machine_tending_robot/ros2_kortex_ws/install/hardware_interface:/home/mampane/Desktop/machine_tending_robot/ros2_kortex_ws/install/ros2_control_test_assets:/home/mampane/Desktop/machine_tending_robot/ros2_kortex_ws/install/realtime_tools:/home/mampane/Desktop/machine_tending_robot/ros2_kortex_ws/install/controller_manager_msgs:/home/mampane/Desktop/machine_tending_robot/ros2_kortex_ws/install/control_msgs:/opt/ros/humble LD_LIBRARY_PATH=/home/mampane/Desktop/machine_tending_robot/ros2_kortex_ws/install/controller_manager/lib:/home/mampane/Desktop/machine_tending_robot/ros2_kortex_ws/install/hardware_interface_testing/lib:/home/mampane/Desktop/machine_tending_robot/ros2_kortex_ws/install/controller_interface/lib:/home/mampane/Desktop/machine_tending_robot/ros2_kortex_ws/install/hardware_interface/lib:/home/mampane/Desktop/machine_tending_robot/ros2_kortex_ws/install/realtime_tools/lib:/home/mampane/Desktop/machine_tending_robot/ros2_kortex_ws/install/controller_manager_msgs/lib:/home/mampane/Desktop/machine_tending_robot/ros2_kortex_ws/install/control_msgs/lib:${LD_LIBRARY_PATH} PYTHONPATH=/home/mampane/Desktop/machine_tending_robot/ros2_kortex_ws/install/controller_manager/local/lib/python3.10/dist-packages:/home/mampane/Desktop/machine_tending_robot/ros2_kortex_ws/install/controller_manager_msgs/local/lib/python3.10/dist-packages:/home/mampane/Desktop/machine_tending_robot/ros2_kortex_ws/install/control_msgs/local/lib/python3.10/dist-packages:${PYTHONPATH} /usr/bin/cmake --install /home/mampane/Desktop/machine_tending_robot/ros2_kortex_ws/build/imu_sensor_broadcaster
[57.095s] -- Install configuration: ""
[57.096s] -- Execute custom install script
[57.096s] -- Symlinking: /home/mampane/Desktop/machine_tending_robot/ros2_kortex_ws/install/imu_sensor_broadcaster/include/imu_sensor_broadcaster/imu_sensor_broadcaster_parameters.hpp
[57.096s] -- Symlinking: /home/mampane/Desktop/machine_tending_robot/ros2_kortex_ws/install/imu_sensor_broadcaster/share/imu_sensor_broadcaster//imu_sensor_broadcaster.xml
[57.098s] -- Symlinking: /home/mampane/Desktop/machine_tending_robot/ros2_kortex_ws/install/imu_sensor_broadcaster/include/imu_sensor_broadcaster/imu_sensor_broadcaster/imu_sensor_broadcaster.hpp
[57.098s] -- Symlinking: /home/mampane/Desktop/machine_tending_robot/ros2_kortex_ws/install/imu_sensor_broadcaster/include/imu_sensor_broadcaster/imu_sensor_broadcaster/visibility_control.h
[57.098s] -- Symlinking: /home/mampane/Desktop/machine_tending_robot/ros2_kortex_ws/install/imu_sensor_broadcaster/share/imu_sensor_broadcaster/environment/library_path.sh
[57.098s] -- Symlinking: /home/mampane/Desktop/machine_tending_robot/ros2_kortex_ws/install/imu_sensor_broadcaster/share/imu_sensor_broadcaster/environment/library_path.dsv
[57.098s] -- Symlinking: /home/mampane/Desktop/machine_tending_robot/ros2_kortex_ws/install/imu_sensor_broadcaster/share/ament_index/resource_index/package_run_dependencies/imu_sensor_broadcaster
[57.098s] -- Symlinking: /home/mampane/Desktop/machine_tending_robot/ros2_kortex_ws/install/imu_sensor_broadcaster/share/ament_index/resource_index/parent_prefix_path/imu_sensor_broadcaster
[57.098s] -- Symlinking: /home/mampane/Desktop/machine_tending_robot/ros2_kortex_ws/install/imu_sensor_broadcaster/share/imu_sensor_broadcaster/environment/ament_prefix_path.sh
[57.098s] -- Symlinking: /home/mampane/Desktop/machine_tending_robot/ros2_kortex_ws/install/imu_sensor_broadcaster/share/imu_sensor_broadcaster/environment/ament_prefix_path.dsv
[57.099s] -- Symlinking: /home/mampane/Desktop/machine_tending_robot/ros2_kortex_ws/install/imu_sensor_broadcaster/share/imu_sensor_broadcaster/environment/path.sh
[57.099s] -- Symlinking: /home/mampane/Desktop/machine_tending_robot/ros2_kortex_ws/install/imu_sensor_broadcaster/share/imu_sensor_broadcaster/environment/path.dsv
[57.100s] -- Symlinking: /home/mampane/Desktop/machine_tending_robot/ros2_kortex_ws/install/imu_sensor_broadcaster/share/imu_sensor_broadcaster/local_setup.bash
[57.100s] -- Symlinking: /home/mampane/Desktop/machine_tending_robot/ros2_kortex_ws/install/imu_sensor_broadcaster/share/imu_sensor_broadcaster/local_setup.sh
[57.101s] -- Symlinking: /home/mampane/Desktop/machine_tending_robot/ros2_kortex_ws/install/imu_sensor_broadcaster/share/imu_sensor_broadcaster/local_setup.zsh
[57.103s] -- Symlinking: /home/mampane/Desktop/machine_tending_robot/ros2_kortex_ws/install/imu_sensor_broadcaster/share/imu_sensor_broadcaster/local_setup.dsv
[57.103s] -- Symlinking: /home/mampane/Desktop/machine_tending_robot/ros2_kortex_ws/install/imu_sensor_broadcaster/share/imu_sensor_broadcaster/package.dsv
[57.103s] -- Symlinking: /home/mampane/Desktop/machine_tending_robot/ros2_kortex_ws/install/imu_sensor_broadcaster/share/ament_index/resource_index/packages/imu_sensor_broadcaster
[57.104s] -- Symlinking: /home/mampane/Desktop/machine_tending_robot/ros2_kortex_ws/install/imu_sensor_broadcaster/share/ament_index/resource_index/controller_interface__pluginlib__plugin/imu_sensor_broadcaster
[57.104s] -- Symlinking: /home/mampane/Desktop/machine_tending_robot/ros2_kortex_ws/install/imu_sensor_broadcaster/share/imu_sensor_broadcaster/cmake/ament_cmake_export_dependencies-extras.cmake
[57.104s] -- Symlinking: /home/mampane/Desktop/machine_tending_robot/ros2_kortex_ws/install/imu_sensor_broadcaster/share/imu_sensor_broadcaster/cmake/ament_cmake_export_targets-extras.cmake
[57.104s] -- Symlinking: /home/mampane/Desktop/machine_tending_robot/ros2_kortex_ws/install/imu_sensor_broadcaster/share/imu_sensor_broadcaster/cmake/imu_sensor_broadcasterConfig.cmake
[57.104s] -- Symlinking: /home/mampane/Desktop/machine_tending_robot/ros2_kortex_ws/install/imu_sensor_broadcaster/share/imu_sensor_broadcaster/cmake/imu_sensor_broadcasterConfig-version.cmake
[57.104s] -- Symlinking: /home/mampane/Desktop/machine_tending_robot/ros2_kortex_ws/install/imu_sensor_broadcaster/share/imu_sensor_broadcaster/package.xml
[57.105s] -- Installing: /home/mampane/Desktop/machine_tending_robot/ros2_kortex_ws/install/imu_sensor_broadcaster/lib/libimu_sensor_broadcaster.so
[57.105s] -- Set runtime path of "/home/mampane/Desktop/machine_tending_robot/ros2_kortex_ws/install/imu_sensor_broadcaster/lib/libimu_sensor_broadcaster.so" to ""
[57.105s] -- Installing: /home/mampane/Desktop/machine_tending_robot/ros2_kortex_ws/install/imu_sensor_broadcaster/share/imu_sensor_broadcaster/cmake/export_imu_sensor_broadcasterExport.cmake
[57.105s] -- Installing: /home/mampane/Desktop/machine_tending_robot/ros2_kortex_ws/install/imu_sensor_broadcaster/share/imu_sensor_broadcaster/cmake/export_imu_sensor_broadcasterExport-noconfig.cmake
[57.149s] Invoked command in '/home/mampane/Desktop/machine_tending_robot/ros2_kortex_ws/build/imu_sensor_broadcaster' returned '0': AMENT_PREFIX_PATH=/home/mampane/Desktop/machine_tending_robot/ros2_kortex_ws/install/controller_manager:/home/mampane/Desktop/machine_tending_robot/ros2_kortex_ws/install/hardware_interface_testing:/home/mampane/Desktop/machine_tending_robot/ros2_kortex_ws/install/controller_interface:/home/mampane/Desktop/machine_tending_robot/ros2_kortex_ws/install/hardware_interface:/home/mampane/Desktop/machine_tending_robot/ros2_kortex_ws/install/ros2_control_test_assets:/home/mampane/Desktop/machine_tending_robot/ros2_kortex_ws/install/realtime_tools:/home/mampane/Desktop/machine_tending_robot/ros2_kortex_ws/install/controller_manager_msgs:/home/mampane/Desktop/machine_tending_robot/ros2_kortex_ws/install/control_msgs:${AMENT_PREFIX_PATH} CMAKE_PREFIX_PATH=/home/mampane/Desktop/machine_tending_robot/ros2_kortex_ws/install/controller_manager:/home/mampane/Desktop/machine_tending_robot/ros2_kortex_ws/install/hardware_interface_testing:/home/mampane/Desktop/machine_tending_robot/ros2_kortex_ws/install/controller_interface:/home/mampane/Desktop/machine_tending_robot/ros2_kortex_ws/install/hardware_interface:/home/mampane/Desktop/machine_tending_robot/ros2_kortex_ws/install/ros2_control_test_assets:/home/mampane/Desktop/machine_tending_robot/ros2_kortex_ws/install/realtime_tools:/home/mampane/Desktop/machine_tending_robot/ros2_kortex_ws/install/controller_manager_msgs:/home/mampane/Desktop/machine_tending_robot/ros2_kortex_ws/install/control_msgs:/opt/ros/humble LD_LIBRARY_PATH=/home/mampane/Desktop/machine_tending_robot/ros2_kortex_ws/install/controller_manager/lib:/home/mampane/Desktop/machine_tending_robot/ros2_kortex_ws/install/hardware_interface_testing/lib:/home/mampane/Desktop/machine_tending_robot/ros2_kortex_ws/install/controller_interface/lib:/home/mampane/Desktop/machine_tending_robot/ros2_kortex_ws/install/hardware_interface/lib:/home/mampane/Desktop/machine_tending_robot/ros2_kortex_ws/install/realtime_tools/lib:/home/mampane/Desktop/machine_tending_robot/ros2_kortex_ws/install/controller_manager_msgs/lib:/home/mampane/Desktop/machine_tending_robot/ros2_kortex_ws/install/control_msgs/lib:${LD_LIBRARY_PATH} PYTHONPATH=/home/mampane/Desktop/machine_tending_robot/ros2_kortex_ws/install/controller_manager/local/lib/python3.10/dist-packages:/home/mampane/Desktop/machine_tending_robot/ros2_kortex_ws/install/controller_manager_msgs/local/lib/python3.10/dist-packages:/home/mampane/Desktop/machine_tending_robot/ros2_kortex_ws/install/control_msgs/local/lib/python3.10/dist-packages:${PYTHONPATH} /usr/bin/cmake --install /home/mampane/Desktop/machine_tending_robot/ros2_kortex_ws/build/imu_sensor_broadcaster
