[0.254s] Invoking command in '/home/mampane/Desktop/machine_tending_robot/ros2_kortex_ws/build/range_sensor_broadcaster': AMENT_PREFIX_PATH=/home/mampane/Desktop/machine_tending_robot/ros2_kortex_ws/install/controller_manager:/home/mampane/Desktop/machine_tending_robot/ros2_kortex_ws/install/hardware_interface_testing:/home/mampane/Desktop/machine_tending_robot/ros2_kortex_ws/install/controller_interface:/home/mampane/Desktop/machine_tending_robot/ros2_kortex_ws/install/hardware_interface:/home/mampane/Desktop/machine_tending_robot/ros2_kortex_ws/install/ros2_control_test_assets:/home/mampane/Desktop/machine_tending_robot/ros2_kortex_ws/install/realtime_tools:/home/mampane/Desktop/machine_tending_robot/ros2_kortex_ws/install/controller_manager_msgs:/home/mampane/Desktop/machine_tending_robot/ros2_kortex_ws/install/control_msgs:${AMENT_PREFIX_PATH} CMAKE_PREFIX_PATH=/home/mampane/Desktop/machine_tending_robot/ros2_kortex_ws/install/controller_manager:/home/mampane/Desktop/machine_tending_robot/ros2_kortex_ws/install/hardware_interface_testing:/home/mampane/Desktop/machine_tending_robot/ros2_kortex_ws/install/controller_interface:/home/mampane/Desktop/machine_tending_robot/ros2_kortex_ws/install/hardware_interface:/home/mampane/Desktop/machine_tending_robot/ros2_kortex_ws/install/ros2_control_test_assets:/home/mampane/Desktop/machine_tending_robot/ros2_kortex_ws/install/realtime_tools:/home/mampane/Desktop/machine_tending_robot/ros2_kortex_ws/install/controller_manager_msgs:/home/mampane/Desktop/machine_tending_robot/ros2_kortex_ws/install/control_msgs:/opt/ros/humble LD_LIBRARY_PATH=/home/mampane/Desktop/machine_tending_robot/ros2_kortex_ws/install/controller_manager/lib:/home/mampane/Desktop/machine_tending_robot/ros2_kortex_ws/install/hardware_interface_testing/lib:/home/mampane/Desktop/machine_tending_robot/ros2_kortex_ws/install/controller_interface/lib:/home/mampane/Desktop/machine_tending_robot/ros2_kortex_ws/install/hardware_interface/lib:/home/mampane/Desktop/machine_tending_robot/ros2_kortex_ws/install/realtime_tools/lib:/home/mampane/Desktop/machine_tending_robot/ros2_kortex_ws/install/controller_manager_msgs/lib:/home/mampane/Desktop/machine_tending_robot/ros2_kortex_ws/install/control_msgs/lib:${LD_LIBRARY_PATH} PYTHONPATH=/home/mampane/Desktop/machine_tending_robot/ros2_kortex_ws/install/controller_manager/local/lib/python3.10/dist-packages:/home/mampane/Desktop/machine_tending_robot/ros2_kortex_ws/install/controller_manager_msgs/local/lib/python3.10/dist-packages:/home/mampane/Desktop/machine_tending_robot/ros2_kortex_ws/install/control_msgs/local/lib/python3.10/dist-packages:${PYTHONPATH} /usr/bin/cmake /home/mampane/Desktop/machine_tending_robot/ros2_kortex_ws/src/ros2_controllers/range_sensor_broadcaster -DAMENT_CMAKE_SYMLINK_INSTALL=1 -DCMAKE_INSTALL_PREFIX=/home/mampane/Desktop/machine_tending_robot/ros2_kortex_ws/install/range_sensor_broadcaster
[3.088s] -- The C compiler identification is GNU 11.4.0
[3.088s] -- The CXX compiler identification is GNU 11.4.0
[3.089s] -- Detecting C compiler ABI info
[3.089s] -- Detecting C compiler ABI info - done
[3.089s] -- Check for working C compiler: /usr/bin/cc - skipped
[3.090s] -- Detecting C compile features
[3.090s] -- Detecting C compile features - done
[3.090s] -- Detecting CXX compiler ABI info
[3.090s] -- Detecting CXX compiler ABI info - done
[3.091s] -- Check for working CXX compiler: /usr/bin/c++ - skipped
[3.091s] -- Detecting CXX compile features
[3.091s] -- Detecting CXX compile features - done
[3.101s] -- Found ament_cmake: 1.3.11 (/opt/ros/humble/share/ament_cmake/cmake)
[3.101s] -- Found Python3: /usr/bin/python3 (found version "3.10.12") found components: Interpreter 
[3.102s] -- Override CMake install command with custom implementation using symlinks instead of copying resources
[3.102s] -- Found controller_interface: 2.48.0 (/home/mampane/Desktop/machine_tending_robot/ros2_kortex_ws/install/controller_interface/share/controller_interface/cmake)
[3.102s] -- Found rosidl_generator_c: 3.1.6 (/opt/ros/humble/share/rosidl_generator_c/cmake)
[3.103s] -- Found rosidl_adapter: 3.1.6 (/opt/ros/humble/share/rosidl_adapter/cmake)
[3.103s] -- Found rosidl_generator_cpp: 3.1.6 (/opt/ros/humble/share/rosidl_generator_cpp/cmake)
[3.103s] -- Using all available rosidl_typesupport_c: rosidl_typesupport_fastrtps_c;rosidl_typesupport_introspection_c
[3.103s] -- Using all available rosidl_typesupport_cpp: rosidl_typesupport_fastrtps_cpp;rosidl_typesupport_introspection_cpp
[3.104s] -- Found rmw_implementation_cmake: 6.1.2 (/opt/ros/humble/share/rmw_implementation_cmake/cmake)
[3.104s] -- Found rmw_fastrtps_cpp: 6.2.7 (/opt/ros/humble/share/rmw_fastrtps_cpp/cmake)
[3.104s] -- Found TinyXML2 via Config file: TinyXML2_DIR-NOTFOUND
[3.108s] -- Found OpenSSL: /usr/lib/x86_64-linux-gnu/libcrypto.so (found version "3.0.2")  
[3.108s] -- Found TinyXML2 via Config file: TinyXML2_DIR-NOTFOUND
[3.108s] -- Found FastRTPS: /opt/ros/humble/include  
[3.109s] -- Found TinyXML2 via Config file: TinyXML2_DIR-NOTFOUND
[3.109s] -- Found TinyXML2 via Config file: TinyXML2_DIR-NOTFOUND
[3.109s] -- Using RMW implementation 'rmw_fastrtps_cpp' as default
[3.133s] -- Looking for pthread.h
[3.586s] -- Looking for pthread.h - found
[3.586s] -- Performing Test CMAKE_HAVE_LIBC_PTHREAD
[4.154s] -- Performing Test CMAKE_HAVE_LIBC_PTHREAD - Success
[4.154s] -- Found Threads: TRUE  
[4.502s] -- Found generate_parameter_library: 0.4.0 (/opt/ros/humble/share/generate_parameter_library/cmake)
[4.530s] -- Found parameter_traits: 0.4.0 (/opt/ros/humble/share/parameter_traits/cmake)
[4.673s] -- Found realtime_tools: 2.12.0 (/home/mampane/Desktop/machine_tending_robot/ros2_kortex_ws/install/realtime_tools/share/realtime_tools/cmake)
[4.884s] -- Found ament_cmake_gmock: 1.3.11 (/opt/ros/humble/share/ament_cmake_gmock/cmake)
[4.892s] -- Found controller_manager: 2.48.0 (/home/mampane/Desktop/machine_tending_robot/ros2_kortex_ws/install/controller_manager/share/controller_manager/cmake)
[5.084s] -- Found ros2_control_test_assets: 2.48.0 (/home/mampane/Desktop/machine_tending_robot/ros2_kortex_ws/install/ros2_control_test_assets/share/ros2_control_test_assets/cmake)
[5.104s] -- Found gmock sources under '/opt/ros/humble/src/gmock_vendor': C++ tests using 'Google Mock' will be built
[5.144s] -- Found ament_cmake_gtest: 1.3.11 (/opt/ros/humble/share/ament_cmake_gtest/cmake)
[5.155s] -- Found gtest sources under '/opt/ros/humble/src/gtest_vendor': C++ tests using 'Google Test' will be built
[5.309s] -- Found gmock sources under '/opt/ros/humble/src/gmock_vendor': C++ tests using 'Google Mock' will be built
[5.310s] -- Found ament_cmake_gtest: 1.3.11 (/opt/ros/humble/share/ament_cmake_gtest/cmake)
[5.314s] -- Found gtest sources under '/opt/ros/humble/src/gtest_vendor': C++ tests using 'Google Test' will be built
[6.218s] -- Configuring done
[6.721s] -- Generating done
[6.822s] -- Build files have been written to: /home/mampane/Desktop/machine_tending_robot/ros2_kortex_ws/build/range_sensor_broadcaster
[6.909s] Invoked command in '/home/mampane/Desktop/machine_tending_robot/ros2_kortex_ws/build/range_sensor_broadcaster' returned '0': AMENT_PREFIX_PATH=/home/mampane/Desktop/machine_tending_robot/ros2_kortex_ws/install/controller_manager:/home/mampane/Desktop/machine_tending_robot/ros2_kortex_ws/install/hardware_interface_testing:/home/mampane/Desktop/machine_tending_robot/ros2_kortex_ws/install/controller_interface:/home/mampane/Desktop/machine_tending_robot/ros2_kortex_ws/install/hardware_interface:/home/mampane/Desktop/machine_tending_robot/ros2_kortex_ws/install/ros2_control_test_assets:/home/mampane/Desktop/machine_tending_robot/ros2_kortex_ws/install/realtime_tools:/home/mampane/Desktop/machine_tending_robot/ros2_kortex_ws/install/controller_manager_msgs:/home/mampane/Desktop/machine_tending_robot/ros2_kortex_ws/install/control_msgs:${AMENT_PREFIX_PATH} CMAKE_PREFIX_PATH=/home/mampane/Desktop/machine_tending_robot/ros2_kortex_ws/install/controller_manager:/home/mampane/Desktop/machine_tending_robot/ros2_kortex_ws/install/hardware_interface_testing:/home/mampane/Desktop/machine_tending_robot/ros2_kortex_ws/install/controller_interface:/home/mampane/Desktop/machine_tending_robot/ros2_kortex_ws/install/hardware_interface:/home/mampane/Desktop/machine_tending_robot/ros2_kortex_ws/install/ros2_control_test_assets:/home/mampane/Desktop/machine_tending_robot/ros2_kortex_ws/install/realtime_tools:/home/mampane/Desktop/machine_tending_robot/ros2_kortex_ws/install/controller_manager_msgs:/home/mampane/Desktop/machine_tending_robot/ros2_kortex_ws/install/control_msgs:/opt/ros/humble LD_LIBRARY_PATH=/home/mampane/Desktop/machine_tending_robot/ros2_kortex_ws/install/controller_manager/lib:/home/mampane/Desktop/machine_tending_robot/ros2_kortex_ws/install/hardware_interface_testing/lib:/home/mampane/Desktop/machine_tending_robot/ros2_kortex_ws/install/controller_interface/lib:/home/mampane/Desktop/machine_tending_robot/ros2_kortex_ws/install/hardware_interface/lib:/home/mampane/Desktop/machine_tending_robot/ros2_kortex_ws/install/realtime_tools/lib:/home/mampane/Desktop/machine_tending_robot/ros2_kortex_ws/install/controller_manager_msgs/lib:/home/mampane/Desktop/machine_tending_robot/ros2_kortex_ws/install/control_msgs/lib:${LD_LIBRARY_PATH} PYTHONPATH=/home/mampane/Desktop/machine_tending_robot/ros2_kortex_ws/install/controller_manager/local/lib/python3.10/dist-packages:/home/mampane/Desktop/machine_tending_robot/ros2_kortex_ws/install/controller_manager_msgs/local/lib/python3.10/dist-packages:/home/mampane/Desktop/machine_tending_robot/ros2_kortex_ws/install/control_msgs/local/lib/python3.10/dist-packages:${PYTHONPATH} /usr/bin/cmake /home/mampane/Desktop/machine_tending_robot/ros2_kortex_ws/src/ros2_controllers/range_sensor_broadcaster -DAMENT_CMAKE_SYMLINK_INSTALL=1 -DCMAKE_INSTALL_PREFIX=/home/mampane/Desktop/machine_tending_robot/ros2_kortex_ws/install/range_sensor_broadcaster
[6.910s] Invoking command in '/home/mampane/Desktop/machine_tending_robot/ros2_kortex_ws/build/range_sensor_broadcaster': AMENT_PREFIX_PATH=/home/mampane/Desktop/machine_tending_robot/ros2_kortex_ws/install/controller_manager:/home/mampane/Desktop/machine_tending_robot/ros2_kortex_ws/install/hardware_interface_testing:/home/mampane/Desktop/machine_tending_robot/ros2_kortex_ws/install/controller_interface:/home/mampane/Desktop/machine_tending_robot/ros2_kortex_ws/install/hardware_interface:/home/mampane/Desktop/machine_tending_robot/ros2_kortex_ws/install/ros2_control_test_assets:/home/mampane/Desktop/machine_tending_robot/ros2_kortex_ws/install/realtime_tools:/home/mampane/Desktop/machine_tending_robot/ros2_kortex_ws/install/controller_manager_msgs:/home/mampane/Desktop/machine_tending_robot/ros2_kortex_ws/install/control_msgs:${AMENT_PREFIX_PATH} CMAKE_PREFIX_PATH=/home/mampane/Desktop/machine_tending_robot/ros2_kortex_ws/install/controller_manager:/home/mampane/Desktop/machine_tending_robot/ros2_kortex_ws/install/hardware_interface_testing:/home/mampane/Desktop/machine_tending_robot/ros2_kortex_ws/install/controller_interface:/home/mampane/Desktop/machine_tending_robot/ros2_kortex_ws/install/hardware_interface:/home/mampane/Desktop/machine_tending_robot/ros2_kortex_ws/install/ros2_control_test_assets:/home/mampane/Desktop/machine_tending_robot/ros2_kortex_ws/install/realtime_tools:/home/mampane/Desktop/machine_tending_robot/ros2_kortex_ws/install/controller_manager_msgs:/home/mampane/Desktop/machine_tending_robot/ros2_kortex_ws/install/control_msgs:/opt/ros/humble LD_LIBRARY_PATH=/home/mampane/Desktop/machine_tending_robot/ros2_kortex_ws/install/controller_manager/lib:/home/mampane/Desktop/machine_tending_robot/ros2_kortex_ws/install/hardware_interface_testing/lib:/home/mampane/Desktop/machine_tending_robot/ros2_kortex_ws/install/controller_interface/lib:/home/mampane/Desktop/machine_tending_robot/ros2_kortex_ws/install/hardware_interface/lib:/home/mampane/Desktop/machine_tending_robot/ros2_kortex_ws/install/realtime_tools/lib:/home/mampane/Desktop/machine_tending_robot/ros2_kortex_ws/install/controller_manager_msgs/lib:/home/mampane/Desktop/machine_tending_robot/ros2_kortex_ws/install/control_msgs/lib:${LD_LIBRARY_PATH} PYTHONPATH=/home/mampane/Desktop/machine_tending_robot/ros2_kortex_ws/install/controller_manager/local/lib/python3.10/dist-packages:/home/mampane/Desktop/machine_tending_robot/ros2_kortex_ws/install/controller_manager_msgs/local/lib/python3.10/dist-packages:/home/mampane/Desktop/machine_tending_robot/ros2_kortex_ws/install/control_msgs/local/lib/python3.10/dist-packages:${PYTHONPATH} /usr/bin/cmake --build /home/mampane/Desktop/machine_tending_robot/ros2_kortex_ws/build/range_sensor_broadcaster -- -j20 -l20
[56.502s] [  9%] [34m[1mRunning `/opt/ros/humble/bin/generate_parameter_library_cpp /home/mampane/Desktop/machine_tending_robot/ros2_kortex_ws/build/range_sensor_broadcaster/include/range_sensor_broadcaster/range_sensor_broadcaster_parameters.hpp /home/mampane/Desktop/machine_tending_robot/ros2_kortex_ws/src/ros2_controllers/range_sensor_broadcaster/src/range_sensor_broadcaster_parameters.yaml `[0m
[56.504s] [ 18%] [32mBuilding CXX object gmock/CMakeFiles/gmock.dir/src/gmock-all.cc.o[0m
[56.505s] [ 27%] [32mBuilding CXX object gmock/CMakeFiles/gmock.dir/opt/ros/humble/src/gtest_vendor/src/gtest-all.cc.o[0m
[56.505s] [ 36%] [34m[1mCreating deprecated header file /home/mampane/Desktop/machine_tending_robot/ros2_kortex_ws/build/range_sensor_broadcaster/include/range_sensor_broadcaster_parameters.hpp[0m
[56.505s] [ 36%] Built target range_sensor_broadcaster_parameters
[56.505s] [ 45%] [32mBuilding CXX object CMakeFiles/range_sensor_broadcaster.dir/src/range_sensor_broadcaster.cpp.o[0m
[56.505s] [ 54%] [32m[1mLinking CXX static library libgmock.a[0m
[56.505s] [ 54%] Built target gmock
[56.505s] [ 63%] [32m[1mLinking CXX shared library librange_sensor_broadcaster.so[0m
[56.505s] [ 63%] Built target range_sensor_broadcaster
[56.505s] [ 72%] [32mBuilding CXX object CMakeFiles/test_load_range_sensor_broadcaster.dir/test/test_load_range_sensor_broadcaster.cpp.o[0m
[56.506s] [ 81%] [32m[1mLinking CXX executable test_load_range_sensor_broadcaster[0m
[56.506s] [ 81%] Built target test_load_range_sensor_broadcaster
[56.506s] [ 90%] [32mBuilding CXX object CMakeFiles/test_range_sensor_broadcaster.dir/test/test_range_sensor_broadcaster.cpp.o[0m
[56.506s] [100%] [32m[1mLinking CXX executable test_range_sensor_broadcaster[0m
[56.506s] [100%] Built target test_range_sensor_broadcaster
[56.510s] Invoked command in '/home/mampane/Desktop/machine_tending_robot/ros2_kortex_ws/build/range_sensor_broadcaster' returned '0': AMENT_PREFIX_PATH=/home/mampane/Desktop/machine_tending_robot/ros2_kortex_ws/install/controller_manager:/home/mampane/Desktop/machine_tending_robot/ros2_kortex_ws/install/hardware_interface_testing:/home/mampane/Desktop/machine_tending_robot/ros2_kortex_ws/install/controller_interface:/home/mampane/Desktop/machine_tending_robot/ros2_kortex_ws/install/hardware_interface:/home/mampane/Desktop/machine_tending_robot/ros2_kortex_ws/install/ros2_control_test_assets:/home/mampane/Desktop/machine_tending_robot/ros2_kortex_ws/install/realtime_tools:/home/mampane/Desktop/machine_tending_robot/ros2_kortex_ws/install/controller_manager_msgs:/home/mampane/Desktop/machine_tending_robot/ros2_kortex_ws/install/control_msgs:${AMENT_PREFIX_PATH} CMAKE_PREFIX_PATH=/home/mampane/Desktop/machine_tending_robot/ros2_kortex_ws/install/controller_manager:/home/mampane/Desktop/machine_tending_robot/ros2_kortex_ws/install/hardware_interface_testing:/home/mampane/Desktop/machine_tending_robot/ros2_kortex_ws/install/controller_interface:/home/mampane/Desktop/machine_tending_robot/ros2_kortex_ws/install/hardware_interface:/home/mampane/Desktop/machine_tending_robot/ros2_kortex_ws/install/ros2_control_test_assets:/home/mampane/Desktop/machine_tending_robot/ros2_kortex_ws/install/realtime_tools:/home/mampane/Desktop/machine_tending_robot/ros2_kortex_ws/install/controller_manager_msgs:/home/mampane/Desktop/machine_tending_robot/ros2_kortex_ws/install/control_msgs:/opt/ros/humble LD_LIBRARY_PATH=/home/mampane/Desktop/machine_tending_robot/ros2_kortex_ws/install/controller_manager/lib:/home/mampane/Desktop/machine_tending_robot/ros2_kortex_ws/install/hardware_interface_testing/lib:/home/mampane/Desktop/machine_tending_robot/ros2_kortex_ws/install/controller_interface/lib:/home/mampane/Desktop/machine_tending_robot/ros2_kortex_ws/install/hardware_interface/lib:/home/mampane/Desktop/machine_tending_robot/ros2_kortex_ws/install/realtime_tools/lib:/home/mampane/Desktop/machine_tending_robot/ros2_kortex_ws/install/controller_manager_msgs/lib:/home/mampane/Desktop/machine_tending_robot/ros2_kortex_ws/install/control_msgs/lib:${LD_LIBRARY_PATH} PYTHONPATH=/home/mampane/Desktop/machine_tending_robot/ros2_kortex_ws/install/controller_manager/local/lib/python3.10/dist-packages:/home/mampane/Desktop/machine_tending_robot/ros2_kortex_ws/install/controller_manager_msgs/local/lib/python3.10/dist-packages:/home/mampane/Desktop/machine_tending_robot/ros2_kortex_ws/install/control_msgs/local/lib/python3.10/dist-packages:${PYTHONPATH} /usr/bin/cmake --build /home/mampane/Desktop/machine_tending_robot/ros2_kortex_ws/build/range_sensor_broadcaster -- -j20 -l20
[56.512s] Invoking command in '/home/mampane/Desktop/machine_tending_robot/ros2_kortex_ws/build/range_sensor_broadcaster': AMENT_PREFIX_PATH=/home/mampane/Desktop/machine_tending_robot/ros2_kortex_ws/install/controller_manager:/home/mampane/Desktop/machine_tending_robot/ros2_kortex_ws/install/hardware_interface_testing:/home/mampane/Desktop/machine_tending_robot/ros2_kortex_ws/install/controller_interface:/home/mampane/Desktop/machine_tending_robot/ros2_kortex_ws/install/hardware_interface:/home/mampane/Desktop/machine_tending_robot/ros2_kortex_ws/install/ros2_control_test_assets:/home/mampane/Desktop/machine_tending_robot/ros2_kortex_ws/install/realtime_tools:/home/mampane/Desktop/machine_tending_robot/ros2_kortex_ws/install/controller_manager_msgs:/home/mampane/Desktop/machine_tending_robot/ros2_kortex_ws/install/control_msgs:${AMENT_PREFIX_PATH} CMAKE_PREFIX_PATH=/home/mampane/Desktop/machine_tending_robot/ros2_kortex_ws/install/controller_manager:/home/mampane/Desktop/machine_tending_robot/ros2_kortex_ws/install/hardware_interface_testing:/home/mampane/Desktop/machine_tending_robot/ros2_kortex_ws/install/controller_interface:/home/mampane/Desktop/machine_tending_robot/ros2_kortex_ws/install/hardware_interface:/home/mampane/Desktop/machine_tending_robot/ros2_kortex_ws/install/ros2_control_test_assets:/home/mampane/Desktop/machine_tending_robot/ros2_kortex_ws/install/realtime_tools:/home/mampane/Desktop/machine_tending_robot/ros2_kortex_ws/install/controller_manager_msgs:/home/mampane/Desktop/machine_tending_robot/ros2_kortex_ws/install/control_msgs:/opt/ros/humble LD_LIBRARY_PATH=/home/mampane/Desktop/machine_tending_robot/ros2_kortex_ws/install/controller_manager/lib:/home/mampane/Desktop/machine_tending_robot/ros2_kortex_ws/install/hardware_interface_testing/lib:/home/mampane/Desktop/machine_tending_robot/ros2_kortex_ws/install/controller_interface/lib:/home/mampane/Desktop/machine_tending_robot/ros2_kortex_ws/install/hardware_interface/lib:/home/mampane/Desktop/machine_tending_robot/ros2_kortex_ws/install/realtime_tools/lib:/home/mampane/Desktop/machine_tending_robot/ros2_kortex_ws/install/controller_manager_msgs/lib:/home/mampane/Desktop/machine_tending_robot/ros2_kortex_ws/install/control_msgs/lib:${LD_LIBRARY_PATH} PYTHONPATH=/home/mampane/Desktop/machine_tending_robot/ros2_kortex_ws/install/controller_manager/local/lib/python3.10/dist-packages:/home/mampane/Desktop/machine_tending_robot/ros2_kortex_ws/install/controller_manager_msgs/local/lib/python3.10/dist-packages:/home/mampane/Desktop/machine_tending_robot/ros2_kortex_ws/install/control_msgs/local/lib/python3.10/dist-packages:${PYTHONPATH} /usr/bin/cmake --install /home/mampane/Desktop/machine_tending_robot/ros2_kortex_ws/build/range_sensor_broadcaster
[57.071s] -- Install configuration: ""
[57.071s] -- Execute custom install script
[57.071s] -- Symlinking: /home/mampane/Desktop/machine_tending_robot/ros2_kortex_ws/install/range_sensor_broadcaster/include/range_sensor_broadcaster/range_sensor_broadcaster_parameters.hpp
[57.071s] -- Symlinking: /home/mampane/Desktop/machine_tending_robot/ros2_kortex_ws/install/range_sensor_broadcaster/share/range_sensor_broadcaster//range_sensor_broadcaster.xml
[57.071s] -- Symlinking: /home/mampane/Desktop/machine_tending_robot/ros2_kortex_ws/install/range_sensor_broadcaster/include/range_sensor_broadcaster/range_sensor_broadcaster.hpp
[57.072s] -- Symlinking: /home/mampane/Desktop/machine_tending_robot/ros2_kortex_ws/install/range_sensor_broadcaster/include/range_sensor_broadcaster/visibility_control.h
[57.072s] -- Symlinking: /home/mampane/Desktop/machine_tending_robot/ros2_kortex_ws/install/range_sensor_broadcaster/share/range_sensor_broadcaster/environment/library_path.sh
[57.072s] -- Symlinking: /home/mampane/Desktop/machine_tending_robot/ros2_kortex_ws/install/range_sensor_broadcaster/share/range_sensor_broadcaster/environment/library_path.dsv
[57.072s] -- Symlinking: /home/mampane/Desktop/machine_tending_robot/ros2_kortex_ws/install/range_sensor_broadcaster/share/ament_index/resource_index/package_run_dependencies/range_sensor_broadcaster
[57.072s] -- Symlinking: /home/mampane/Desktop/machine_tending_robot/ros2_kortex_ws/install/range_sensor_broadcaster/share/ament_index/resource_index/parent_prefix_path/range_sensor_broadcaster
[57.072s] -- Symlinking: /home/mampane/Desktop/machine_tending_robot/ros2_kortex_ws/install/range_sensor_broadcaster/share/range_sensor_broadcaster/environment/ament_prefix_path.sh
[57.072s] -- Symlinking: /home/mampane/Desktop/machine_tending_robot/ros2_kortex_ws/install/range_sensor_broadcaster/share/range_sensor_broadcaster/environment/ament_prefix_path.dsv
[57.072s] -- Symlinking: /home/mampane/Desktop/machine_tending_robot/ros2_kortex_ws/install/range_sensor_broadcaster/share/range_sensor_broadcaster/environment/path.sh
[57.072s] -- Symlinking: /home/mampane/Desktop/machine_tending_robot/ros2_kortex_ws/install/range_sensor_broadcaster/share/range_sensor_broadcaster/environment/path.dsv
[57.072s] -- Symlinking: /home/mampane/Desktop/machine_tending_robot/ros2_kortex_ws/install/range_sensor_broadcaster/share/range_sensor_broadcaster/local_setup.bash
[57.073s] -- Symlinking: /home/mampane/Desktop/machine_tending_robot/ros2_kortex_ws/install/range_sensor_broadcaster/share/range_sensor_broadcaster/local_setup.sh
[57.073s] -- Symlinking: /home/mampane/Desktop/machine_tending_robot/ros2_kortex_ws/install/range_sensor_broadcaster/share/range_sensor_broadcaster/local_setup.zsh
[57.073s] -- Symlinking: /home/mampane/Desktop/machine_tending_robot/ros2_kortex_ws/install/range_sensor_broadcaster/share/range_sensor_broadcaster/local_setup.dsv
[57.073s] -- Symlinking: /home/mampane/Desktop/machine_tending_robot/ros2_kortex_ws/install/range_sensor_broadcaster/share/range_sensor_broadcaster/package.dsv
[57.073s] -- Symlinking: /home/mampane/Desktop/machine_tending_robot/ros2_kortex_ws/install/range_sensor_broadcaster/share/ament_index/resource_index/packages/range_sensor_broadcaster
[57.073s] -- Symlinking: /home/mampane/Desktop/machine_tending_robot/ros2_kortex_ws/install/range_sensor_broadcaster/share/ament_index/resource_index/controller_interface__pluginlib__plugin/range_sensor_broadcaster
[57.073s] -- Symlinking: /home/mampane/Desktop/machine_tending_robot/ros2_kortex_ws/install/range_sensor_broadcaster/share/range_sensor_broadcaster/cmake/ament_cmake_export_dependencies-extras.cmake
[57.073s] -- Symlinking: /home/mampane/Desktop/machine_tending_robot/ros2_kortex_ws/install/range_sensor_broadcaster/share/range_sensor_broadcaster/cmake/ament_cmake_export_targets-extras.cmake
[57.073s] -- Symlinking: /home/mampane/Desktop/machine_tending_robot/ros2_kortex_ws/install/range_sensor_broadcaster/share/range_sensor_broadcaster/cmake/range_sensor_broadcasterConfig.cmake
[57.073s] -- Symlinking: /home/mampane/Desktop/machine_tending_robot/ros2_kortex_ws/install/range_sensor_broadcaster/share/range_sensor_broadcaster/cmake/range_sensor_broadcasterConfig-version.cmake
[57.073s] -- Symlinking: /home/mampane/Desktop/machine_tending_robot/ros2_kortex_ws/install/range_sensor_broadcaster/share/range_sensor_broadcaster/package.xml
[57.074s] -- Installing: /home/mampane/Desktop/machine_tending_robot/ros2_kortex_ws/install/range_sensor_broadcaster/lib/librange_sensor_broadcaster.so
[57.074s] -- Set runtime path of "/home/mampane/Desktop/machine_tending_robot/ros2_kortex_ws/install/range_sensor_broadcaster/lib/librange_sensor_broadcaster.so" to ""
[57.074s] -- Installing: /home/mampane/Desktop/machine_tending_robot/ros2_kortex_ws/install/range_sensor_broadcaster/share/range_sensor_broadcaster/cmake/export_range_sensor_broadcasterExport.cmake
[57.074s] -- Installing: /home/mampane/Desktop/machine_tending_robot/ros2_kortex_ws/install/range_sensor_broadcaster/share/range_sensor_broadcaster/cmake/export_range_sensor_broadcasterExport-noconfig.cmake
[57.162s] Invoked command in '/home/mampane/Desktop/machine_tending_robot/ros2_kortex_ws/build/range_sensor_broadcaster' returned '0': AMENT_PREFIX_PATH=/home/mampane/Desktop/machine_tending_robot/ros2_kortex_ws/install/controller_manager:/home/mampane/Desktop/machine_tending_robot/ros2_kortex_ws/install/hardware_interface_testing:/home/mampane/Desktop/machine_tending_robot/ros2_kortex_ws/install/controller_interface:/home/mampane/Desktop/machine_tending_robot/ros2_kortex_ws/install/hardware_interface:/home/mampane/Desktop/machine_tending_robot/ros2_kortex_ws/install/ros2_control_test_assets:/home/mampane/Desktop/machine_tending_robot/ros2_kortex_ws/install/realtime_tools:/home/mampane/Desktop/machine_tending_robot/ros2_kortex_ws/install/controller_manager_msgs:/home/mampane/Desktop/machine_tending_robot/ros2_kortex_ws/install/control_msgs:${AMENT_PREFIX_PATH} CMAKE_PREFIX_PATH=/home/mampane/Desktop/machine_tending_robot/ros2_kortex_ws/install/controller_manager:/home/mampane/Desktop/machine_tending_robot/ros2_kortex_ws/install/hardware_interface_testing:/home/mampane/Desktop/machine_tending_robot/ros2_kortex_ws/install/controller_interface:/home/mampane/Desktop/machine_tending_robot/ros2_kortex_ws/install/hardware_interface:/home/mampane/Desktop/machine_tending_robot/ros2_kortex_ws/install/ros2_control_test_assets:/home/mampane/Desktop/machine_tending_robot/ros2_kortex_ws/install/realtime_tools:/home/mampane/Desktop/machine_tending_robot/ros2_kortex_ws/install/controller_manager_msgs:/home/mampane/Desktop/machine_tending_robot/ros2_kortex_ws/install/control_msgs:/opt/ros/humble LD_LIBRARY_PATH=/home/mampane/Desktop/machine_tending_robot/ros2_kortex_ws/install/controller_manager/lib:/home/mampane/Desktop/machine_tending_robot/ros2_kortex_ws/install/hardware_interface_testing/lib:/home/mampane/Desktop/machine_tending_robot/ros2_kortex_ws/install/controller_interface/lib:/home/mampane/Desktop/machine_tending_robot/ros2_kortex_ws/install/hardware_interface/lib:/home/mampane/Desktop/machine_tending_robot/ros2_kortex_ws/install/realtime_tools/lib:/home/mampane/Desktop/machine_tending_robot/ros2_kortex_ws/install/controller_manager_msgs/lib:/home/mampane/Desktop/machine_tending_robot/ros2_kortex_ws/install/control_msgs/lib:${LD_LIBRARY_PATH} PYTHONPATH=/home/mampane/Desktop/machine_tending_robot/ros2_kortex_ws/install/controller_manager/local/lib/python3.10/dist-packages:/home/mampane/Desktop/machine_tending_robot/ros2_kortex_ws/install/controller_manager_msgs/local/lib/python3.10/dist-packages:/home/mampane/Desktop/machine_tending_robot/ros2_kortex_ws/install/control_msgs/local/lib/python3.10/dist-packages:${PYTHONPATH} /usr/bin/cmake --install /home/mampane/Desktop/machine_tending_robot/ros2_kortex_ws/build/range_sensor_broadcaster
