-- The C compiler identification is GNU 11.4.0
-- The CXX compiler identification is GNU 11.4.0
-- Detecting C compiler ABI info
-- Detecting C compiler ABI info - done
-- Check for working C compiler: /usr/bin/cc - skipped
-- Detecting C compile features
-- Detecting C compile features - done
-- Detecting CXX compiler ABI info
-- Detecting CXX compiler ABI info - done
-- Check for working CXX compiler: /usr/bin/c++ - skipped
-- Detecting CXX compile features
-- Detecting CXX compile features - done
-- Found ament_cmake: 1.3.11 (/opt/ros/humble/share/ament_cmake/cmake)
-- Found Python3: /usr/bin/python3 (found version "3.10.12") found components: Interpreter 
-- Found rclcpp: 16.0.11 (/opt/ros/humble/share/rclcpp/cmake)
-- Found rosidl_generator_c: 3.1.6 (/opt/ros/humble/share/rosidl_generator_c/cmake)
-- Found rosidl_adapter: 3.1.6 (/opt/ros/humble/share/rosidl_adapter/cmake)
-- Found rosidl_generator_cpp: 3.1.6 (/opt/ros/humble/share/rosidl_generator_cpp/cmake)
-- Using all available rosidl_typesupport_c: rosidl_typesupport_fastrtps_c;rosidl_typesupport_introspection_c
-- Using all available rosidl_typesupport_cpp: rosidl_typesupport_fastrtps_cpp;rosidl_typesupport_introspection_cpp
-- Found rmw_implementation_cmake: 6.1.2 (/opt/ros/humble/share/rmw_implementation_cmake/cmake)
-- Found rmw_cyclonedds_cpp: 1.3.4 (/opt/ros/humble/share/rmw_cyclonedds_cpp/cmake)
-- Using RMW implementation 'rmw_cyclonedds_cpp' as default
-- Looking for pthread.h
-- Looking for pthread.h - found
-- Performing Test CMAKE_HAVE_LIBC_PTHREAD
-- Performing Test CMAKE_HAVE_LIBC_PTHREAD - Success
-- Found Threads: TRUE  
-- Found rclcpp_lifecycle: 16.0.11 (/opt/ros/humble/share/rclcpp_lifecycle/cmake)
-- Found ament_cmake_gtest: 1.3.11 (/opt/ros/humble/share/ament_cmake_gtest/cmake)
-- Found launch_testing_ament_cmake: 1.0.7 (/opt/ros/humble/share/launch_testing_ament_cmake/cmake)
-- Found python_cmake_module: 0.10.0 (/opt/ros/humble/share/python_cmake_module/cmake)
-- Found PythonInterp: /usr/bin/python3 (found suitable version "3.10.12", minimum required is "3.6") 
-- Found PythonLibs: /usr/lib/x86_64-linux-gnu/libpython3.10.so (found suitable version "3.10.12", minimum required is "3.5") 
-- Using PYTHON_EXECUTABLE: /usr/bin/python3
-- Using PYTHON_INCLUDE_DIRS: /usr/include/python3.10
-- Using PYTHON_LIBRARIES: /usr/lib/x86_64-linux-gnu/libpython3.10.so
-- Found PythonExtra: .so  
-- Found gtest sources under '/opt/ros/humble/src/gtest_vendor': C++ tests using 'Google Test' will be built
-- Configuring done
-- Generating done
-- Build files have been written to: /home/mampane/Desktop/machine_tending_robot/workspace/ros2_kortex_ws/build/joint_limits
[ 28%] [34m[1mGenerating joint_limits/version.h[0m
[ 28%] [32mBuilding CXX object gtest/CMakeFiles/gtest.dir/src/gtest-all.cc.o[0m
[ 42%] [32mBuilding CXX object gtest/CMakeFiles/gtest_main.dir/src/gtest_main.cc.o[0m
[ 42%] Built target ament_generate_version_header__joint_limits
[ 57%] [32m[1mLinking CXX static library libgtest_main.a[0m
[ 57%] Built target gtest_main
[ 71%] [32m[1mLinking CXX static library libgtest.a[0m
[ 71%] Built target gtest
[ 85%] [32mBuilding CXX object CMakeFiles/joint_limits_rosparam_test.dir/test/joint_limits_rosparam_test.cpp.o[0m
[100%] [32m[1mLinking CXX executable joint_limits_rosparam_test[0m
[100%] Built target joint_limits_rosparam_test
-- Install configuration: "Release"
-- Installing: /home/mampane/Desktop/machine_tending_robot/workspace/ros2_kortex_ws/install/joint_limits/include
-- Installing: /home/mampane/Desktop/machine_tending_robot/workspace/ros2_kortex_ws/install/joint_limits/include/joint_limits
-- Installing: /home/mampane/Desktop/machine_tending_robot/workspace/ros2_kortex_ws/install/joint_limits/include/joint_limits/joint_limits_rosparam.hpp
-- Installing: /home/mampane/Desktop/machine_tending_robot/workspace/ros2_kortex_ws/install/joint_limits/include/joint_limits/joint_limits.hpp
-- Installing: /home/mampane/Desktop/machine_tending_robot/workspace/ros2_kortex_ws/install/joint_limits/lib/joint_limits/joint_limits_rosparam_test
-- Set runtime path of "/home/mampane/Desktop/machine_tending_robot/workspace/ros2_kortex_ws/install/joint_limits/lib/joint_limits/joint_limits_rosparam_test" to ""
-- Installing: /home/mampane/Desktop/machine_tending_robot/workspace/ros2_kortex_ws/install/joint_limits/share/joint_limits/test/joint_limits_rosparam.yaml
-- Up-to-date: /home/mampane/Desktop/machine_tending_robot/workspace/ros2_kortex_ws/install/joint_limits/include/joint_limits
-- Installing: /home/mampane/Desktop/machine_tending_robot/workspace/ros2_kortex_ws/install/joint_limits/include/joint_limits/joint_limits
-- Installing: /home/mampane/Desktop/machine_tending_robot/workspace/ros2_kortex_ws/install/joint_limits/include/joint_limits/joint_limits/joint_limits_rosparam.hpp
-- Installing: /home/mampane/Desktop/machine_tending_robot/workspace/ros2_kortex_ws/install/joint_limits/include/joint_limits/joint_limits/joint_limits.hpp
-- Installing: /home/mampane/Desktop/machine_tending_robot/workspace/ros2_kortex_ws/install/joint_limits/share/joint_limits/environment/library_path.sh
-- Installing: /home/mampane/Desktop/machine_tending_robot/workspace/ros2_kortex_ws/install/joint_limits/share/joint_limits/environment/library_path.dsv
-- Installing: /home/mampane/Desktop/machine_tending_robot/workspace/ros2_kortex_ws/install/joint_limits/share/ament_index/resource_index/package_run_dependencies/joint_limits
-- Installing: /home/mampane/Desktop/machine_tending_robot/workspace/ros2_kortex_ws/install/joint_limits/share/ament_index/resource_index/parent_prefix_path/joint_limits
-- Installing: /home/mampane/Desktop/machine_tending_robot/workspace/ros2_kortex_ws/install/joint_limits/share/joint_limits/environment/ament_prefix_path.sh
-- Installing: /home/mampane/Desktop/machine_tending_robot/workspace/ros2_kortex_ws/install/joint_limits/share/joint_limits/environment/ament_prefix_path.dsv
-- Installing: /home/mampane/Desktop/machine_tending_robot/workspace/ros2_kortex_ws/install/joint_limits/share/joint_limits/environment/path.sh
-- Installing: /home/mampane/Desktop/machine_tending_robot/workspace/ros2_kortex_ws/install/joint_limits/share/joint_limits/environment/path.dsv
-- Installing: /home/mampane/Desktop/machine_tending_robot/workspace/ros2_kortex_ws/install/joint_limits/share/joint_limits/local_setup.bash
-- Installing: /home/mampane/Desktop/machine_tending_robot/workspace/ros2_kortex_ws/install/joint_limits/share/joint_limits/local_setup.sh
-- Installing: /home/mampane/Desktop/machine_tending_robot/workspace/ros2_kortex_ws/install/joint_limits/share/joint_limits/local_setup.zsh
-- Installing: /home/mampane/Desktop/machine_tending_robot/workspace/ros2_kortex_ws/install/joint_limits/share/joint_limits/local_setup.dsv
-- Installing: /home/mampane/Desktop/machine_tending_robot/workspace/ros2_kortex_ws/install/joint_limits/share/joint_limits/package.dsv
-- Installing: /home/mampane/Desktop/machine_tending_robot/workspace/ros2_kortex_ws/install/joint_limits/share/ament_index/resource_index/packages/joint_limits
-- Installing: /home/mampane/Desktop/machine_tending_robot/workspace/ros2_kortex_ws/install/joint_limits/share/joint_limits/cmake/export_joint_limitsExport.cmake
-- Installing: /home/mampane/Desktop/machine_tending_robot/workspace/ros2_kortex_ws/install/joint_limits/share/joint_limits/cmake/ament_cmake_export_targets-extras.cmake
-- Installing: /home/mampane/Desktop/machine_tending_robot/workspace/ros2_kortex_ws/install/joint_limits/share/joint_limits/cmake/ament_cmake_export_dependencies-extras.cmake
-- Installing: /home/mampane/Desktop/machine_tending_robot/workspace/ros2_kortex_ws/install/joint_limits/share/joint_limits/cmake/ament_cmake_export_include_directories-extras.cmake
-- Installing: /home/mampane/Desktop/machine_tending_robot/workspace/ros2_kortex_ws/install/joint_limits/share/joint_limits/cmake/joint_limitsConfig.cmake
-- Installing: /home/mampane/Desktop/machine_tending_robot/workspace/ros2_kortex_ws/install/joint_limits/share/joint_limits/cmake/joint_limitsConfig-version.cmake
-- Installing: /home/mampane/Desktop/machine_tending_robot/workspace/ros2_kortex_ws/install/joint_limits/share/joint_limits/package.xml
-- Installing: /home/mampane/Desktop/machine_tending_robot/workspace/ros2_kortex_ws/install/joint_limits/include/joint_limits/joint_limits/version.h
