[0.007s] Invoking command in '/home/mampane/Desktop/machine_tending_robot/workspace/ros2_kortex_ws/build/joint_limits': CMAKE_PREFIX_PATH=/opt/ros/humble /usr/bin/cmake /home/mampane/Desktop/machine_tending_robot/workspace/ros2_kortex_ws/src/ros2_control/joint_limits -DCMAKE_BUILD_TYPE=Release -DCMAKE_INSTALL_PREFIX=/home/mampane/Desktop/machine_tending_robot/workspace/ros2_kortex_ws/install/joint_limits
[0.057s] -- The C compiler identification is GNU 11.4.0
[0.115s] -- The CXX compiler identification is GNU 11.4.0
[0.122s] -- Detecting C compiler ABI info
[0.185s] -- Detecting C compiler ABI info - done
[0.190s] -- Check for working C compiler: /usr/bin/cc - skipped
[0.190s] -- Detecting C compile features
[0.190s] -- Detecting C compile features - done
[0.193s] -- Detecting CXX compiler ABI info
[0.259s] -- Detecting CXX compiler ABI info - done
[0.268s] -- Check for working CXX compiler: /usr/bin/c++ - skipped
[0.268s] -- Detecting CXX compile features
[0.269s] -- Detecting CXX compile features - done
[0.271s] -- Found ament_cmake: 1.3.11 (/opt/ros/humble/share/ament_cmake/cmake)
[0.419s] -- Found Python3: /usr/bin/python3 (found version "3.10.12") found components: Interpreter 
[0.492s] -- Found rclcpp: 16.0.11 (/opt/ros/humble/share/rclcpp/cmake)
[0.519s] -- Found rosidl_generator_c: 3.1.6 (/opt/ros/humble/share/rosidl_generator_c/cmake)
[0.522s] -- Found rosidl_adapter: 3.1.6 (/opt/ros/humble/share/rosidl_adapter/cmake)
[0.528s] -- Found rosidl_generator_cpp: 3.1.6 (/opt/ros/humble/share/rosidl_generator_cpp/cmake)
[0.536s] -- Using all available rosidl_typesupport_c: rosidl_typesupport_fastrtps_c;rosidl_typesupport_introspection_c
[0.546s] -- Using all available rosidl_typesupport_cpp: rosidl_typesupport_fastrtps_cpp;rosidl_typesupport_introspection_cpp
[0.575s] -- Found rmw_implementation_cmake: 6.1.2 (/opt/ros/humble/share/rmw_implementation_cmake/cmake)
[0.576s] -- Found rmw_cyclonedds_cpp: 1.3.4 (/opt/ros/humble/share/rmw_cyclonedds_cpp/cmake)
[0.590s] -- Using RMW implementation 'rmw_cyclonedds_cpp' as default
[0.595s] -- Looking for pthread.h
[0.652s] -- Looking for pthread.h - found
[0.652s] -- Performing Test CMAKE_HAVE_LIBC_PTHREAD
[0.715s] -- Performing Test CMAKE_HAVE_LIBC_PTHREAD - Success
[0.716s] -- Found Threads: TRUE  
[0.761s] -- Found rclcpp_lifecycle: 16.0.11 (/opt/ros/humble/share/rclcpp_lifecycle/cmake)
[0.775s] -- Found ament_cmake_gtest: 1.3.11 (/opt/ros/humble/share/ament_cmake_gtest/cmake)
[0.777s] -- Found launch_testing_ament_cmake: 1.0.7 (/opt/ros/humble/share/launch_testing_ament_cmake/cmake)
[0.779s] -- Found python_cmake_module: 0.10.0 (/opt/ros/humble/share/python_cmake_module/cmake)
[0.802s] -- Found PythonInterp: /usr/bin/python3 (found suitable version "3.10.12", minimum required is "3.6") 
[0.807s] -- Found PythonLibs: /usr/lib/x86_64-linux-gnu/libpython3.10.so (found suitable version "3.10.12", minimum required is "3.5") 
[0.807s] -- Using PYTHON_EXECUTABLE: /usr/bin/python3
[0.807s] -- Using PYTHON_INCLUDE_DIRS: /usr/include/python3.10
[0.807s] -- Using PYTHON_LIBRARIES: /usr/lib/x86_64-linux-gnu/libpython3.10.so
[0.830s] -- Found PythonExtra: .so  
[0.834s] -- Found gtest sources under '/opt/ros/humble/src/gtest_vendor': C++ tests using 'Google Test' will be built
[0.886s] -- Configuring done
[0.894s] -- Generating done
[0.897s] -- Build files have been written to: /home/mampane/Desktop/machine_tending_robot/workspace/ros2_kortex_ws/build/joint_limits
[0.903s] Invoked command in '/home/mampane/Desktop/machine_tending_robot/workspace/ros2_kortex_ws/build/joint_limits' returned '0': CMAKE_PREFIX_PATH=/opt/ros/humble /usr/bin/cmake /home/mampane/Desktop/machine_tending_robot/workspace/ros2_kortex_ws/src/ros2_control/joint_limits -DCMAKE_BUILD_TYPE=Release -DCMAKE_INSTALL_PREFIX=/home/mampane/Desktop/machine_tending_robot/workspace/ros2_kortex_ws/install/joint_limits
[0.904s] Invoking command in '/home/mampane/Desktop/machine_tending_robot/workspace/ros2_kortex_ws/build/joint_limits': CMAKE_PREFIX_PATH=/opt/ros/humble /usr/bin/cmake --build /home/mampane/Desktop/machine_tending_robot/workspace/ros2_kortex_ws/build/joint_limits -- -j20 -l20
[0.944s] [ 28%] [34m[1mGenerating joint_limits/version.h[0m
[0.944s] [ 28%] [32mBuilding CXX object gtest/CMakeFiles/gtest.dir/src/gtest-all.cc.o[0m
[0.946s] [ 42%] [32mBuilding CXX object gtest/CMakeFiles/gtest_main.dir/src/gtest_main.cc.o[0m
[0.955s] [ 42%] Built target ament_generate_version_header__joint_limits
[1.500s] [ 57%] [32m[1mLinking CXX static library libgtest_main.a[0m
[1.543s] [ 57%] Built target gtest_main
[9.054s] [ 71%] [32m[1mLinking CXX static library libgtest.a[0m
[9.193s] [ 71%] Built target gtest
[9.239s] [ 85%] [32mBuilding CXX object CMakeFiles/joint_limits_rosparam_test.dir/test/joint_limits_rosparam_test.cpp.o[0m
[27.134s] [100%] [32m[1mLinking CXX executable joint_limits_rosparam_test[0m
[27.344s] [100%] Built target joint_limits_rosparam_test
[27.370s] Invoked command in '/home/mampane/Desktop/machine_tending_robot/workspace/ros2_kortex_ws/build/joint_limits' returned '0': CMAKE_PREFIX_PATH=/opt/ros/humble /usr/bin/cmake --build /home/mampane/Desktop/machine_tending_robot/workspace/ros2_kortex_ws/build/joint_limits -- -j20 -l20
[27.371s] Invoking command in '/home/mampane/Desktop/machine_tending_robot/workspace/ros2_kortex_ws/build/joint_limits': CMAKE_PREFIX_PATH=/opt/ros/humble /usr/bin/cmake --install /home/mampane/Desktop/machine_tending_robot/workspace/ros2_kortex_ws/build/joint_limits
[27.384s] -- Install configuration: "Release"
[27.384s] -- Installing: /home/mampane/Desktop/machine_tending_robot/workspace/ros2_kortex_ws/install/joint_limits/include
[27.384s] -- Installing: /home/mampane/Desktop/machine_tending_robot/workspace/ros2_kortex_ws/install/joint_limits/include/joint_limits
[27.384s] -- Installing: /home/mampane/Desktop/machine_tending_robot/workspace/ros2_kortex_ws/install/joint_limits/include/joint_limits/joint_limits_rosparam.hpp
[27.384s] -- Installing: /home/mampane/Desktop/machine_tending_robot/workspace/ros2_kortex_ws/install/joint_limits/include/joint_limits/joint_limits.hpp
[27.384s] -- Installing: /home/mampane/Desktop/machine_tending_robot/workspace/ros2_kortex_ws/install/joint_limits/lib/joint_limits/joint_limits_rosparam_test
[27.387s] -- Set runtime path of "/home/mampane/Desktop/machine_tending_robot/workspace/ros2_kortex_ws/install/joint_limits/lib/joint_limits/joint_limits_rosparam_test" to ""
[27.387s] -- Installing: /home/mampane/Desktop/machine_tending_robot/workspace/ros2_kortex_ws/install/joint_limits/share/joint_limits/test/joint_limits_rosparam.yaml
[27.387s] -- Up-to-date: /home/mampane/Desktop/machine_tending_robot/workspace/ros2_kortex_ws/install/joint_limits/include/joint_limits
[27.387s] -- Installing: /home/mampane/Desktop/machine_tending_robot/workspace/ros2_kortex_ws/install/joint_limits/include/joint_limits/joint_limits
[27.387s] -- Installing: /home/mampane/Desktop/machine_tending_robot/workspace/ros2_kortex_ws/install/joint_limits/include/joint_limits/joint_limits/joint_limits_rosparam.hpp
[27.388s] -- Installing: /home/mampane/Desktop/machine_tending_robot/workspace/ros2_kortex_ws/install/joint_limits/include/joint_limits/joint_limits/joint_limits.hpp
[27.388s] -- Installing: /home/mampane/Desktop/machine_tending_robot/workspace/ros2_kortex_ws/install/joint_limits/share/joint_limits/environment/library_path.sh
[27.388s] -- Installing: /home/mampane/Desktop/machine_tending_robot/workspace/ros2_kortex_ws/install/joint_limits/share/joint_limits/environment/library_path.dsv
[27.388s] -- Installing: /home/mampane/Desktop/machine_tending_robot/workspace/ros2_kortex_ws/install/joint_limits/share/ament_index/resource_index/package_run_dependencies/joint_limits
[27.388s] -- Installing: /home/mampane/Desktop/machine_tending_robot/workspace/ros2_kortex_ws/install/joint_limits/share/ament_index/resource_index/parent_prefix_path/joint_limits
[27.388s] -- Installing: /home/mampane/Desktop/machine_tending_robot/workspace/ros2_kortex_ws/install/joint_limits/share/joint_limits/environment/ament_prefix_path.sh
[27.388s] -- Installing: /home/mampane/Desktop/machine_tending_robot/workspace/ros2_kortex_ws/install/joint_limits/share/joint_limits/environment/ament_prefix_path.dsv
[27.388s] -- Installing: /home/mampane/Desktop/machine_tending_robot/workspace/ros2_kortex_ws/install/joint_limits/share/joint_limits/environment/path.sh
[27.388s] -- Installing: /home/mampane/Desktop/machine_tending_robot/workspace/ros2_kortex_ws/install/joint_limits/share/joint_limits/environment/path.dsv
[27.388s] -- Installing: /home/mampane/Desktop/machine_tending_robot/workspace/ros2_kortex_ws/install/joint_limits/share/joint_limits/local_setup.bash
[27.389s] -- Installing: /home/mampane/Desktop/machine_tending_robot/workspace/ros2_kortex_ws/install/joint_limits/share/joint_limits/local_setup.sh
[27.389s] -- Installing: /home/mampane/Desktop/machine_tending_robot/workspace/ros2_kortex_ws/install/joint_limits/share/joint_limits/local_setup.zsh
[27.389s] -- Installing: /home/mampane/Desktop/machine_tending_robot/workspace/ros2_kortex_ws/install/joint_limits/share/joint_limits/local_setup.dsv
[27.392s] -- Installing: /home/mampane/Desktop/machine_tending_robot/workspace/ros2_kortex_ws/install/joint_limits/share/joint_limits/package.dsv
[27.392s] -- Installing: /home/mampane/Desktop/machine_tending_robot/workspace/ros2_kortex_ws/install/joint_limits/share/ament_index/resource_index/packages/joint_limits
[27.392s] -- Installing: /home/mampane/Desktop/machine_tending_robot/workspace/ros2_kortex_ws/install/joint_limits/share/joint_limits/cmake/export_joint_limitsExport.cmake
[27.392s] -- Installing: /home/mampane/Desktop/machine_tending_robot/workspace/ros2_kortex_ws/install/joint_limits/share/joint_limits/cmake/ament_cmake_export_targets-extras.cmake
[27.392s] -- Installing: /home/mampane/Desktop/machine_tending_robot/workspace/ros2_kortex_ws/install/joint_limits/share/joint_limits/cmake/ament_cmake_export_dependencies-extras.cmake
[27.392s] -- Installing: /home/mampane/Desktop/machine_tending_robot/workspace/ros2_kortex_ws/install/joint_limits/share/joint_limits/cmake/ament_cmake_export_include_directories-extras.cmake
[27.393s] -- Installing: /home/mampane/Desktop/machine_tending_robot/workspace/ros2_kortex_ws/install/joint_limits/share/joint_limits/cmake/joint_limitsConfig.cmake
[27.393s] -- Installing: /home/mampane/Desktop/machine_tending_robot/workspace/ros2_kortex_ws/install/joint_limits/share/joint_limits/cmake/joint_limitsConfig-version.cmake
[27.393s] -- Installing: /home/mampane/Desktop/machine_tending_robot/workspace/ros2_kortex_ws/install/joint_limits/share/joint_limits/package.xml
[27.395s] -- Installing: /home/mampane/Desktop/machine_tending_robot/workspace/ros2_kortex_ws/install/joint_limits/include/joint_limits/joint_limits/version.h
[27.396s] Invoked command in '/home/mampane/Desktop/machine_tending_robot/workspace/ros2_kortex_ws/build/joint_limits' returned '0': CMAKE_PREFIX_PATH=/opt/ros/humble /usr/bin/cmake --install /home/mampane/Desktop/machine_tending_robot/workspace/ros2_kortex_ws/build/joint_limits
