[0.011s] Invoking command in '/home/mampane/Desktop/machine_tending_robot/ros2_kortex_ws/build/ros_ign_gazebo_demos': AMENT_PREFIX_PATH=/home/mampane/Desktop/machine_tending_robot/ros2_kortex_ws/install/ros_gz_sim_demos:/home/mampane/Desktop/machine_tending_robot/ros2_kortex_ws/install/ros_gz_image:/home/mampane/Desktop/machine_tending_robot/ros2_kortex_ws/install/ros_gz_bridge:/home/mampane/Desktop/machine_tending_robot/ros2_kortex_ws/install/ros_gz_sim:/home/mampane/Desktop/machine_tending_robot/ros2_kortex_ws/install/ros_gz_interfaces:${AMENT_PREFIX_PATH} CMAKE_PREFIX_PATH=/home/mampane/Desktop/machine_tending_robot/ros2_kortex_ws/install/ros_gz_sim_demos:/home/mampane/Desktop/machine_tending_robot/ros2_kortex_ws/install/ros_gz_image:/home/mampane/Desktop/machine_tending_robot/ros2_kortex_ws/install/ros_gz_bridge:/home/mampane/Desktop/machine_tending_robot/ros2_kortex_ws/install/ros_gz_sim:/home/mampane/Desktop/machine_tending_robot/ros2_kortex_ws/install/ros_gz_interfaces:/opt/ros/humble LD_LIBRARY_PATH=/home/mampane/Desktop/machine_tending_robot/ros2_kortex_ws/install/ros_gz_bridge/lib:/home/mampane/Desktop/machine_tending_robot/ros2_kortex_ws/install/ros_gz_sim/lib:/home/mampane/Desktop/machine_tending_robot/ros2_kortex_ws/install/ros_gz_interfaces/lib:${LD_LIBRARY_PATH} PYTHONPATH=/home/mampane/Desktop/machine_tending_robot/ros2_kortex_ws/install/ros_gz_interfaces/local/lib/python3.10/dist-packages:${PYTHONPATH} /usr/bin/cmake /home/mampane/Desktop/machine_tending_robot/ros2_kortex_ws/src/ros_gz/ros_ign_gazebo_demos -DAMENT_CMAKE_SYMLINK_INSTALL=1 -DCMAKE_INSTALL_PREFIX=/home/mampane/Desktop/machine_tending_robot/ros2_kortex_ws/install/ros_ign_gazebo_demos
[0.051s] -- The C compiler identification is GNU 11.4.0
[0.086s] -- The CXX compiler identification is GNU 11.4.0
[0.091s] -- Detecting C compiler ABI info
[0.140s] -- Detecting C compiler ABI info - done
[0.147s] -- Check for working C compiler: /usr/bin/cc - skipped
[0.147s] -- Detecting C compile features
[0.148s] -- Detecting C compile features - done
[0.150s] -- Detecting CXX compiler ABI info
[0.205s] -- Detecting CXX compiler ABI info - done
[0.211s] -- Check for working CXX compiler: /usr/bin/c++ - skipped
[0.212s] -- Detecting CXX compile features
[0.212s] -- Detecting CXX compile features - done
[0.213s] -- Found ament_cmake: 1.3.11 (/opt/ros/humble/share/ament_cmake/cmake)
[0.312s] -- Found Python3: /usr/bin/python3 (found version "3.10.12") found components: Interpreter 
[0.350s] -- Override CMake install command with custom implementation using symlinks instead of copying resources
[0.365s] -- Found ament_lint_auto: 0.12.11 (/opt/ros/humble/share/ament_lint_auto/cmake)
[0.413s] -- Added test 'copyright' to check source files copyright and LICENSE
[0.414s] -- Added test 'flake8' to check Python code syntax and style conventions
[0.414s] -- Added test 'lint_cmake' to check CMake code style
[0.414s] -- Added test 'pep257' to check Python code against some of the docstring style conventions in PEP 257
[0.415s] -- Added test 'xmllint' to check XML markup files
[0.415s] -- Configuring done
[0.417s] -- Generating done
[0.417s] -- Build files have been written to: /home/mampane/Desktop/machine_tending_robot/ros2_kortex_ws/build/ros_ign_gazebo_demos
[0.421s] Invoked command in '/home/mampane/Desktop/machine_tending_robot/ros2_kortex_ws/build/ros_ign_gazebo_demos' returned '0': AMENT_PREFIX_PATH=/home/mampane/Desktop/machine_tending_robot/ros2_kortex_ws/install/ros_gz_sim_demos:/home/mampane/Desktop/machine_tending_robot/ros2_kortex_ws/install/ros_gz_image:/home/mampane/Desktop/machine_tending_robot/ros2_kortex_ws/install/ros_gz_bridge:/home/mampane/Desktop/machine_tending_robot/ros2_kortex_ws/install/ros_gz_sim:/home/mampane/Desktop/machine_tending_robot/ros2_kortex_ws/install/ros_gz_interfaces:${AMENT_PREFIX_PATH} CMAKE_PREFIX_PATH=/home/mampane/Desktop/machine_tending_robot/ros2_kortex_ws/install/ros_gz_sim_demos:/home/mampane/Desktop/machine_tending_robot/ros2_kortex_ws/install/ros_gz_image:/home/mampane/Desktop/machine_tending_robot/ros2_kortex_ws/install/ros_gz_bridge:/home/mampane/Desktop/machine_tending_robot/ros2_kortex_ws/install/ros_gz_sim:/home/mampane/Desktop/machine_tending_robot/ros2_kortex_ws/install/ros_gz_interfaces:/opt/ros/humble LD_LIBRARY_PATH=/home/mampane/Desktop/machine_tending_robot/ros2_kortex_ws/install/ros_gz_bridge/lib:/home/mampane/Desktop/machine_tending_robot/ros2_kortex_ws/install/ros_gz_sim/lib:/home/mampane/Desktop/machine_tending_robot/ros2_kortex_ws/install/ros_gz_interfaces/lib:${LD_LIBRARY_PATH} PYTHONPATH=/home/mampane/Desktop/machine_tending_robot/ros2_kortex_ws/install/ros_gz_interfaces/local/lib/python3.10/dist-packages:${PYTHONPATH} /usr/bin/cmake /home/mampane/Desktop/machine_tending_robot/ros2_kortex_ws/src/ros_gz/ros_ign_gazebo_demos -DAMENT_CMAKE_SYMLINK_INSTALL=1 -DCMAKE_INSTALL_PREFIX=/home/mampane/Desktop/machine_tending_robot/ros2_kortex_ws/install/ros_ign_gazebo_demos
[0.422s] Invoking command in '/home/mampane/Desktop/machine_tending_robot/ros2_kortex_ws/build/ros_ign_gazebo_demos': AMENT_PREFIX_PATH=/home/mampane/Desktop/machine_tending_robot/ros2_kortex_ws/install/ros_gz_sim_demos:/home/mampane/Desktop/machine_tending_robot/ros2_kortex_ws/install/ros_gz_image:/home/mampane/Desktop/machine_tending_robot/ros2_kortex_ws/install/ros_gz_bridge:/home/mampane/Desktop/machine_tending_robot/ros2_kortex_ws/install/ros_gz_sim:/home/mampane/Desktop/machine_tending_robot/ros2_kortex_ws/install/ros_gz_interfaces:${AMENT_PREFIX_PATH} CMAKE_PREFIX_PATH=/home/mampane/Desktop/machine_tending_robot/ros2_kortex_ws/install/ros_gz_sim_demos:/home/mampane/Desktop/machine_tending_robot/ros2_kortex_ws/install/ros_gz_image:/home/mampane/Desktop/machine_tending_robot/ros2_kortex_ws/install/ros_gz_bridge:/home/mampane/Desktop/machine_tending_robot/ros2_kortex_ws/install/ros_gz_sim:/home/mampane/Desktop/machine_tending_robot/ros2_kortex_ws/install/ros_gz_interfaces:/opt/ros/humble LD_LIBRARY_PATH=/home/mampane/Desktop/machine_tending_robot/ros2_kortex_ws/install/ros_gz_bridge/lib:/home/mampane/Desktop/machine_tending_robot/ros2_kortex_ws/install/ros_gz_sim/lib:/home/mampane/Desktop/machine_tending_robot/ros2_kortex_ws/install/ros_gz_interfaces/lib:${LD_LIBRARY_PATH} PYTHONPATH=/home/mampane/Desktop/machine_tending_robot/ros2_kortex_ws/install/ros_gz_interfaces/local/lib/python3.10/dist-packages:${PYTHONPATH} /usr/bin/cmake --build /home/mampane/Desktop/machine_tending_robot/ros2_kortex_ws/build/ros_ign_gazebo_demos -- -j20 -l20
[0.450s] Invoked command in '/home/mampane/Desktop/machine_tending_robot/ros2_kortex_ws/build/ros_ign_gazebo_demos' returned '0': AMENT_PREFIX_PATH=/home/mampane/Desktop/machine_tending_robot/ros2_kortex_ws/install/ros_gz_sim_demos:/home/mampane/Desktop/machine_tending_robot/ros2_kortex_ws/install/ros_gz_image:/home/mampane/Desktop/machine_tending_robot/ros2_kortex_ws/install/ros_gz_bridge:/home/mampane/Desktop/machine_tending_robot/ros2_kortex_ws/install/ros_gz_sim:/home/mampane/Desktop/machine_tending_robot/ros2_kortex_ws/install/ros_gz_interfaces:${AMENT_PREFIX_PATH} CMAKE_PREFIX_PATH=/home/mampane/Desktop/machine_tending_robot/ros2_kortex_ws/install/ros_gz_sim_demos:/home/mampane/Desktop/machine_tending_robot/ros2_kortex_ws/install/ros_gz_image:/home/mampane/Desktop/machine_tending_robot/ros2_kortex_ws/install/ros_gz_bridge:/home/mampane/Desktop/machine_tending_robot/ros2_kortex_ws/install/ros_gz_sim:/home/mampane/Desktop/machine_tending_robot/ros2_kortex_ws/install/ros_gz_interfaces:/opt/ros/humble LD_LIBRARY_PATH=/home/mampane/Desktop/machine_tending_robot/ros2_kortex_ws/install/ros_gz_bridge/lib:/home/mampane/Desktop/machine_tending_robot/ros2_kortex_ws/install/ros_gz_sim/lib:/home/mampane/Desktop/machine_tending_robot/ros2_kortex_ws/install/ros_gz_interfaces/lib:${LD_LIBRARY_PATH} PYTHONPATH=/home/mampane/Desktop/machine_tending_robot/ros2_kortex_ws/install/ros_gz_interfaces/local/lib/python3.10/dist-packages:${PYTHONPATH} /usr/bin/cmake --build /home/mampane/Desktop/machine_tending_robot/ros2_kortex_ws/build/ros_ign_gazebo_demos -- -j20 -l20
[0.450s] Invoking command in '/home/mampane/Desktop/machine_tending_robot/ros2_kortex_ws/build/ros_ign_gazebo_demos': AMENT_PREFIX_PATH=/home/mampane/Desktop/machine_tending_robot/ros2_kortex_ws/install/ros_gz_sim_demos:/home/mampane/Desktop/machine_tending_robot/ros2_kortex_ws/install/ros_gz_image:/home/mampane/Desktop/machine_tending_robot/ros2_kortex_ws/install/ros_gz_bridge:/home/mampane/Desktop/machine_tending_robot/ros2_kortex_ws/install/ros_gz_sim:/home/mampane/Desktop/machine_tending_robot/ros2_kortex_ws/install/ros_gz_interfaces:${AMENT_PREFIX_PATH} CMAKE_PREFIX_PATH=/home/mampane/Desktop/machine_tending_robot/ros2_kortex_ws/install/ros_gz_sim_demos:/home/mampane/Desktop/machine_tending_robot/ros2_kortex_ws/install/ros_gz_image:/home/mampane/Desktop/machine_tending_robot/ros2_kortex_ws/install/ros_gz_bridge:/home/mampane/Desktop/machine_tending_robot/ros2_kortex_ws/install/ros_gz_sim:/home/mampane/Desktop/machine_tending_robot/ros2_kortex_ws/install/ros_gz_interfaces:/opt/ros/humble LD_LIBRARY_PATH=/home/mampane/Desktop/machine_tending_robot/ros2_kortex_ws/install/ros_gz_bridge/lib:/home/mampane/Desktop/machine_tending_robot/ros2_kortex_ws/install/ros_gz_sim/lib:/home/mampane/Desktop/machine_tending_robot/ros2_kortex_ws/install/ros_gz_interfaces/lib:${LD_LIBRARY_PATH} PYTHONPATH=/home/mampane/Desktop/machine_tending_robot/ros2_kortex_ws/install/ros_gz_interfaces/local/lib/python3.10/dist-packages:${PYTHONPATH} /usr/bin/cmake --install /home/mampane/Desktop/machine_tending_robot/ros2_kortex_ws/build/ros_ign_gazebo_demos
[0.455s] -- Install configuration: ""
[0.455s] -- Execute custom install script
[0.456s] -- Symlinking: /home/mampane/Desktop/machine_tending_robot/ros2_kortex_ws/install/ros_ign_gazebo_demos/share/ros_ign_gazebo_demos/launch/air_pressure.launch.py
[0.462s] -- Symlinking: /home/mampane/Desktop/machine_tending_robot/ros2_kortex_ws/install/ros_ign_gazebo_demos/share/ros_ign_gazebo_demos/launch/battery.launch.py
[0.468s] -- Symlinking: /home/mampane/Desktop/machine_tending_robot/ros2_kortex_ws/install/ros_ign_gazebo_demos/share/ros_ign_gazebo_demos/launch/camera.launch.py
[0.474s] -- Symlinking: /home/mampane/Desktop/machine_tending_robot/ros2_kortex_ws/install/ros_ign_gazebo_demos/share/ros_ign_gazebo_demos/launch/depth_camera.launch.py
[0.479s] -- Symlinking: /home/mampane/Desktop/machine_tending_robot/ros2_kortex_ws/install/ros_ign_gazebo_demos/share/ros_ign_gazebo_demos/launch/diff_drive.launch.py
[0.485s] -- Symlinking: /home/mampane/Desktop/machine_tending_robot/ros2_kortex_ws/install/ros_ign_gazebo_demos/share/ros_ign_gazebo_demos/launch/gpu_lidar.launch.py
[0.489s] -- Symlinking: /home/mampane/Desktop/machine_tending_robot/ros2_kortex_ws/install/ros_ign_gazebo_demos/share/ros_ign_gazebo_demos/launch/gpu_lidar_bridge.launch.py
[0.495s] -- Symlinking: /home/mampane/Desktop/machine_tending_robot/ros2_kortex_ws/install/ros_ign_gazebo_demos/share/ros_ign_gazebo_demos/launch/image_bridge.launch.py
[0.502s] -- Symlinking: /home/mampane/Desktop/machine_tending_robot/ros2_kortex_ws/install/ros_ign_gazebo_demos/share/ros_ign_gazebo_demos/launch/imu.launch.py
[0.506s] -- Symlinking: /home/mampane/Desktop/machine_tending_robot/ros2_kortex_ws/install/ros_ign_gazebo_demos/share/ros_ign_gazebo_demos/launch/joint_states.launch.py
[0.513s] -- Symlinking: /home/mampane/Desktop/machine_tending_robot/ros2_kortex_ws/install/ros_ign_gazebo_demos/share/ros_ign_gazebo_demos/launch/magnetometer.launch.py
[0.519s] -- Symlinking: /home/mampane/Desktop/machine_tending_robot/ros2_kortex_ws/install/ros_ign_gazebo_demos/share/ros_ign_gazebo_demos/launch/rgbd_camera.launch.py
[0.524s] -- Symlinking: /home/mampane/Desktop/machine_tending_robot/ros2_kortex_ws/install/ros_ign_gazebo_demos/share/ros_ign_gazebo_demos/launch/rgbd_camera_bridge.launch.py
[0.528s] -- Symlinking: /home/mampane/Desktop/machine_tending_robot/ros2_kortex_ws/install/ros_ign_gazebo_demos/share/ros_ign_gazebo_demos/launch/robot_description_publisher.launch.py
[0.533s] -- Symlinking: /home/mampane/Desktop/machine_tending_robot/ros2_kortex_ws/install/ros_ign_gazebo_demos/share/ros_ign_gazebo_demos/launch/tf_bridge.launch.py
[0.538s] -- Symlinking: /home/mampane/Desktop/machine_tending_robot/ros2_kortex_ws/install/ros_ign_gazebo_demos/share/ros_ign_gazebo_demos/launch/triggered_camera.launch.py
[0.543s] -- Symlinking: /home/mampane/Desktop/machine_tending_robot/ros2_kortex_ws/install/ros_ign_gazebo_demos/share/ament_index/resource_index/package_run_dependencies/ros_ign_gazebo_demos
[0.548s] -- Symlinking: /home/mampane/Desktop/machine_tending_robot/ros2_kortex_ws/install/ros_ign_gazebo_demos/share/ament_index/resource_index/parent_prefix_path/ros_ign_gazebo_demos
[0.554s] -- Symlinking: /home/mampane/Desktop/machine_tending_robot/ros2_kortex_ws/install/ros_ign_gazebo_demos/share/ros_ign_gazebo_demos/environment/ament_prefix_path.sh
[0.560s] -- Symlinking: /home/mampane/Desktop/machine_tending_robot/ros2_kortex_ws/install/ros_ign_gazebo_demos/share/ros_ign_gazebo_demos/environment/ament_prefix_path.dsv
[0.564s] -- Symlinking: /home/mampane/Desktop/machine_tending_robot/ros2_kortex_ws/install/ros_ign_gazebo_demos/share/ros_ign_gazebo_demos/environment/path.sh
[0.570s] -- Symlinking: /home/mampane/Desktop/machine_tending_robot/ros2_kortex_ws/install/ros_ign_gazebo_demos/share/ros_ign_gazebo_demos/environment/path.dsv
[0.574s] -- Symlinking: /home/mampane/Desktop/machine_tending_robot/ros2_kortex_ws/install/ros_ign_gazebo_demos/share/ros_ign_gazebo_demos/local_setup.bash
[0.582s] -- Symlinking: /home/mampane/Desktop/machine_tending_robot/ros2_kortex_ws/install/ros_ign_gazebo_demos/share/ros_ign_gazebo_demos/local_setup.sh
[0.590s] -- Symlinking: /home/mampane/Desktop/machine_tending_robot/ros2_kortex_ws/install/ros_ign_gazebo_demos/share/ros_ign_gazebo_demos/local_setup.zsh
[0.600s] -- Symlinking: /home/mampane/Desktop/machine_tending_robot/ros2_kortex_ws/install/ros_ign_gazebo_demos/share/ros_ign_gazebo_demos/local_setup.dsv
[0.605s] -- Symlinking: /home/mampane/Desktop/machine_tending_robot/ros2_kortex_ws/install/ros_ign_gazebo_demos/share/ros_ign_gazebo_demos/package.dsv
[0.610s] -- Symlinking: /home/mampane/Desktop/machine_tending_robot/ros2_kortex_ws/install/ros_ign_gazebo_demos/share/ament_index/resource_index/packages/ros_ign_gazebo_demos
[0.616s] -- Symlinking: /home/mampane/Desktop/machine_tending_robot/ros2_kortex_ws/install/ros_ign_gazebo_demos/share/ros_ign_gazebo_demos/cmake/ros_ign_gazebo_demosConfig.cmake
[0.621s] -- Symlinking: /home/mampane/Desktop/machine_tending_robot/ros2_kortex_ws/install/ros_ign_gazebo_demos/share/ros_ign_gazebo_demos/cmake/ros_ign_gazebo_demosConfig-version.cmake
[0.627s] -- Symlinking: /home/mampane/Desktop/machine_tending_robot/ros2_kortex_ws/install/ros_ign_gazebo_demos/share/ros_ign_gazebo_demos/package.xml
[0.632s] Invoked command in '/home/mampane/Desktop/machine_tending_robot/ros2_kortex_ws/build/ros_ign_gazebo_demos' returned '0': AMENT_PREFIX_PATH=/home/mampane/Desktop/machine_tending_robot/ros2_kortex_ws/install/ros_gz_sim_demos:/home/mampane/Desktop/machine_tending_robot/ros2_kortex_ws/install/ros_gz_image:/home/mampane/Desktop/machine_tending_robot/ros2_kortex_ws/install/ros_gz_bridge:/home/mampane/Desktop/machine_tending_robot/ros2_kortex_ws/install/ros_gz_sim:/home/mampane/Desktop/machine_tending_robot/ros2_kortex_ws/install/ros_gz_interfaces:${AMENT_PREFIX_PATH} CMAKE_PREFIX_PATH=/home/mampane/Desktop/machine_tending_robot/ros2_kortex_ws/install/ros_gz_sim_demos:/home/mampane/Desktop/machine_tending_robot/ros2_kortex_ws/install/ros_gz_image:/home/mampane/Desktop/machine_tending_robot/ros2_kortex_ws/install/ros_gz_bridge:/home/mampane/Desktop/machine_tending_robot/ros2_kortex_ws/install/ros_gz_sim:/home/mampane/Desktop/machine_tending_robot/ros2_kortex_ws/install/ros_gz_interfaces:/opt/ros/humble LD_LIBRARY_PATH=/home/mampane/Desktop/machine_tending_robot/ros2_kortex_ws/install/ros_gz_bridge/lib:/home/mampane/Desktop/machine_tending_robot/ros2_kortex_ws/install/ros_gz_sim/lib:/home/mampane/Desktop/machine_tending_robot/ros2_kortex_ws/install/ros_gz_interfaces/lib:${LD_LIBRARY_PATH} PYTHONPATH=/home/mampane/Desktop/machine_tending_robot/ros2_kortex_ws/install/ros_gz_interfaces/local/lib/python3.10/dist-packages:${PYTHONPATH} /usr/bin/cmake --install /home/mampane/Desktop/machine_tending_robot/ros2_kortex_ws/build/ros_ign_gazebo_demos
