[0.031s] Invoking command in '/home/mampane/Desktop/machine_tending_robot/ros2_kortex_ws/build/joint_limits': CMAKE_PREFIX_PATH=${CMAKE_PREFIX_PATH}:/home/mampane/Desktop/machine_tending_robot/ros2_kortex_ws/install/rqt_joint_trajectory_controller:/home/mampane/Desktop/machine_tending_robot/ros2_kortex_ws/install/rqt_controller_manager:/home/mampane/Desktop/machine_tending_robot/ros2_kortex_ws/install/ros2controlcli:/home/mampane/Desktop/machine_tending_robot/ros2_kortex_ws/install/ros2_controllers_test_nodes:/opt/ros/humble /usr/bin/cmake --build /home/mampane/Desktop/machine_tending_robot/ros2_kortex_ws/build/joint_limits -- -j20 -l20
[0.074s] [35m[1mConsolidate compiler generated dependencies of target gtest[0m
[0.075s] [35m[1mConsolidate compiler generated dependencies of target gtest_main[0m
[0.097s] [ 28%] Built target gtest_main
[0.099s] [ 57%] Built target gtest
[0.102s] [ 71%] Built target ament_generate_version_header__joint_limits
[0.125s] [35m[1mConsolidate compiler generated dependencies of target joint_limits_rosparam_test[0m
[0.164s] [100%] Built target joint_limits_rosparam_test
[0.320s] Invoked command in '/home/mampane/Desktop/machine_tending_robot/ros2_kortex_ws/build/joint_limits' returned '0': CMAKE_PREFIX_PATH=${CMAKE_PREFIX_PATH}:/home/mampane/Desktop/machine_tending_robot/ros2_kortex_ws/install/rqt_joint_trajectory_controller:/home/mampane/Desktop/machine_tending_robot/ros2_kortex_ws/install/rqt_controller_manager:/home/mampane/Desktop/machine_tending_robot/ros2_kortex_ws/install/ros2controlcli:/home/mampane/Desktop/machine_tending_robot/ros2_kortex_ws/install/ros2_controllers_test_nodes:/opt/ros/humble /usr/bin/cmake --build /home/mampane/Desktop/machine_tending_robot/ros2_kortex_ws/build/joint_limits -- -j20 -l20
[0.321s] Invoking command in '/home/mampane/Desktop/machine_tending_robot/ros2_kortex_ws/build/joint_limits': CMAKE_PREFIX_PATH=${CMAKE_PREFIX_PATH}:/home/mampane/Desktop/machine_tending_robot/ros2_kortex_ws/install/rqt_joint_trajectory_controller:/home/mampane/Desktop/machine_tending_robot/ros2_kortex_ws/install/rqt_controller_manager:/home/mampane/Desktop/machine_tending_robot/ros2_kortex_ws/install/ros2controlcli:/home/mampane/Desktop/machine_tending_robot/ros2_kortex_ws/install/ros2_controllers_test_nodes:/opt/ros/humble /usr/bin/cmake --install /home/mampane/Desktop/machine_tending_robot/ros2_kortex_ws/build/joint_limits
[0.333s] -- Install configuration: ""
[0.334s] -- Execute custom install script
[0.335s] -- Up-to-date symlink: /home/mampane/Desktop/machine_tending_robot/ros2_kortex_ws/install/joint_limits/include/joint_limits/joint_limits.hpp
[0.335s] -- Up-to-date symlink: /home/mampane/Desktop/machine_tending_robot/ros2_kortex_ws/install/joint_limits/include/joint_limits/joint_limits_rosparam.hpp
[0.335s] -- Up-to-date symlink: /home/mampane/Desktop/machine_tending_robot/ros2_kortex_ws/install/joint_limits/lib/joint_limits/joint_limits_rosparam_test
[0.336s] -- Up-to-date symlink: /home/mampane/Desktop/machine_tending_robot/ros2_kortex_ws/install/joint_limits/share/joint_limits/test/joint_limits_rosparam.yaml
[0.336s] -- Up-to-date symlink: /home/mampane/Desktop/machine_tending_robot/ros2_kortex_ws/install/joint_limits/include/joint_limits/joint_limits/joint_limits.hpp
[0.336s] -- Up-to-date symlink: /home/mampane/Desktop/machine_tending_robot/ros2_kortex_ws/install/joint_limits/include/joint_limits/joint_limits/joint_limits_rosparam.hpp
[0.337s] -- Up-to-date symlink: /home/mampane/Desktop/machine_tending_robot/ros2_kortex_ws/install/joint_limits/share/joint_limits/environment/library_path.sh
[0.337s] -- Up-to-date symlink: /home/mampane/Desktop/machine_tending_robot/ros2_kortex_ws/install/joint_limits/share/joint_limits/environment/library_path.dsv
[0.337s] -- Up-to-date symlink: /home/mampane/Desktop/machine_tending_robot/ros2_kortex_ws/install/joint_limits/share/ament_index/resource_index/package_run_dependencies/joint_limits
[0.338s] -- Up-to-date symlink: /home/mampane/Desktop/machine_tending_robot/ros2_kortex_ws/install/joint_limits/share/ament_index/resource_index/parent_prefix_path/joint_limits
[0.338s] -- Up-to-date symlink: /home/mampane/Desktop/machine_tending_robot/ros2_kortex_ws/install/joint_limits/share/joint_limits/environment/ament_prefix_path.sh
[0.338s] -- Up-to-date symlink: /home/mampane/Desktop/machine_tending_robot/ros2_kortex_ws/install/joint_limits/share/joint_limits/environment/ament_prefix_path.dsv
[0.338s] -- Up-to-date symlink: /home/mampane/Desktop/machine_tending_robot/ros2_kortex_ws/install/joint_limits/share/joint_limits/environment/path.sh
[0.338s] -- Up-to-date symlink: /home/mampane/Desktop/machine_tending_robot/ros2_kortex_ws/install/joint_limits/share/joint_limits/environment/path.dsv
[0.338s] -- Up-to-date symlink: /home/mampane/Desktop/machine_tending_robot/ros2_kortex_ws/install/joint_limits/share/joint_limits/local_setup.bash
[0.338s] -- Up-to-date symlink: /home/mampane/Desktop/machine_tending_robot/ros2_kortex_ws/install/joint_limits/share/joint_limits/local_setup.sh
[0.338s] -- Up-to-date symlink: /home/mampane/Desktop/machine_tending_robot/ros2_kortex_ws/install/joint_limits/share/joint_limits/local_setup.zsh
[0.338s] -- Up-to-date symlink: /home/mampane/Desktop/machine_tending_robot/ros2_kortex_ws/install/joint_limits/share/joint_limits/local_setup.dsv
[0.338s] -- Symlinking: /home/mampane/Desktop/machine_tending_robot/ros2_kortex_ws/install/joint_limits/share/joint_limits/package.dsv
[0.342s] -- Up-to-date symlink: /home/mampane/Desktop/machine_tending_robot/ros2_kortex_ws/install/joint_limits/share/ament_index/resource_index/packages/joint_limits
[0.342s] -- Up-to-date symlink: /home/mampane/Desktop/machine_tending_robot/ros2_kortex_ws/install/joint_limits/share/joint_limits/cmake/ament_cmake_export_targets-extras.cmake
[0.342s] -- Up-to-date symlink: /home/mampane/Desktop/machine_tending_robot/ros2_kortex_ws/install/joint_limits/share/joint_limits/cmake/ament_cmake_export_dependencies-extras.cmake
[0.342s] -- Up-to-date symlink: /home/mampane/Desktop/machine_tending_robot/ros2_kortex_ws/install/joint_limits/share/joint_limits/cmake/ament_cmake_export_include_directories-extras.cmake
[0.343s] -- Up-to-date symlink: /home/mampane/Desktop/machine_tending_robot/ros2_kortex_ws/install/joint_limits/share/joint_limits/cmake/joint_limitsConfig.cmake
[0.343s] -- Up-to-date symlink: /home/mampane/Desktop/machine_tending_robot/ros2_kortex_ws/install/joint_limits/share/joint_limits/cmake/joint_limitsConfig-version.cmake
[0.343s] -- Up-to-date symlink: /home/mampane/Desktop/machine_tending_robot/ros2_kortex_ws/install/joint_limits/share/joint_limits/package.xml
[0.343s] -- Up-to-date symlink: /home/mampane/Desktop/machine_tending_robot/ros2_kortex_ws/install/joint_limits/include/joint_limits/joint_limits/version.h
[0.343s] -- Up-to-date: /home/mampane/Desktop/machine_tending_robot/ros2_kortex_ws/install/joint_limits/share/joint_limits/cmake/export_joint_limitsExport.cmake
[0.379s] Invoked command in '/home/mampane/Desktop/machine_tending_robot/ros2_kortex_ws/build/joint_limits' returned '0': CMAKE_PREFIX_PATH=${CMAKE_PREFIX_PATH}:/home/mampane/Desktop/machine_tending_robot/ros2_kortex_ws/install/rqt_joint_trajectory_controller:/home/mampane/Desktop/machine_tending_robot/ros2_kortex_ws/install/rqt_controller_manager:/home/mampane/Desktop/machine_tending_robot/ros2_kortex_ws/install/ros2controlcli:/home/mampane/Desktop/machine_tending_robot/ros2_kortex_ws/install/ros2_controllers_test_nodes:/opt/ros/humble /usr/bin/cmake --install /home/mampane/Desktop/machine_tending_robot/ros2_kortex_ws/build/joint_limits
