[0.009s] Invoking command in '/home/mampane/Desktop/machine_tending_robot/ros2_kortex_ws/build/serial': CMAKE_PREFIX_PATH=${CMAKE_PREFIX_PATH}:/home/mampane/Desktop/machine_tending_robot/ros2_kortex_ws/install/rqt_joint_trajectory_controller:/home/mampane/Desktop/machine_tending_robot/ros2_kortex_ws/install/rqt_controller_manager:/home/mampane/Desktop/machine_tending_robot/ros2_kortex_ws/install/ros2controlcli:/home/mampane/Desktop/machine_tending_robot/ros2_kortex_ws/install/ros2_controllers_test_nodes:/home/mampane/Desktop/machine_tending_robot/workspace/ros2_kortex_ws/install/rqt_joint_trajectory_controller:/home/mampane/Desktop/machine_tending_robot/workspace/ros2_kortex_ws/install/rqt_controller_manager:/home/mampane/Desktop/machine_tending_robot/workspace/ros2_kortex_ws/install/ros2controlcli:/home/mampane/Desktop/machine_tending_robot/workspace/ros2_kortex_ws/install/ros2_controllers_test_nodes:/opt/ros/humble /usr/bin/cmake --build /home/mampane/Desktop/machine_tending_robot/ros2_kortex_ws/build/serial -- -j20 -l20
[0.047s] [35m[1mConsolidate compiler generated dependencies of target serial[0m
[0.059s] [100%] Built target serial
[0.072s] Invoked command in '/home/mampane/Desktop/machine_tending_robot/ros2_kortex_ws/build/serial' returned '0': CMAKE_PREFIX_PATH=${CMAKE_PREFIX_PATH}:/home/mampane/Desktop/machine_tending_robot/ros2_kortex_ws/install/rqt_joint_trajectory_controller:/home/mampane/Desktop/machine_tending_robot/ros2_kortex_ws/install/rqt_controller_manager:/home/mampane/Desktop/machine_tending_robot/ros2_kortex_ws/install/ros2controlcli:/home/mampane/Desktop/machine_tending_robot/ros2_kortex_ws/install/ros2_controllers_test_nodes:/home/mampane/Desktop/machine_tending_robot/workspace/ros2_kortex_ws/install/rqt_joint_trajectory_controller:/home/mampane/Desktop/machine_tending_robot/workspace/ros2_kortex_ws/install/rqt_controller_manager:/home/mampane/Desktop/machine_tending_robot/workspace/ros2_kortex_ws/install/ros2controlcli:/home/mampane/Desktop/machine_tending_robot/workspace/ros2_kortex_ws/install/ros2_controllers_test_nodes:/opt/ros/humble /usr/bin/cmake --build /home/mampane/Desktop/machine_tending_robot/ros2_kortex_ws/build/serial -- -j20 -l20
[0.073s] Invoking command in '/home/mampane/Desktop/machine_tending_robot/ros2_kortex_ws/build/serial': CMAKE_PREFIX_PATH=${CMAKE_PREFIX_PATH}:/home/mampane/Desktop/machine_tending_robot/ros2_kortex_ws/install/rqt_joint_trajectory_controller:/home/mampane/Desktop/machine_tending_robot/ros2_kortex_ws/install/rqt_controller_manager:/home/mampane/Desktop/machine_tending_robot/ros2_kortex_ws/install/ros2controlcli:/home/mampane/Desktop/machine_tending_robot/ros2_kortex_ws/install/ros2_controllers_test_nodes:/home/mampane/Desktop/machine_tending_robot/workspace/ros2_kortex_ws/install/rqt_joint_trajectory_controller:/home/mampane/Desktop/machine_tending_robot/workspace/ros2_kortex_ws/install/rqt_controller_manager:/home/mampane/Desktop/machine_tending_robot/workspace/ros2_kortex_ws/install/ros2controlcli:/home/mampane/Desktop/machine_tending_robot/workspace/ros2_kortex_ws/install/ros2_controllers_test_nodes:/opt/ros/humble /usr/bin/cmake --install /home/mampane/Desktop/machine_tending_robot/ros2_kortex_ws/build/serial
[0.080s] -- Install configuration: "Release"
[0.080s] -- Up-to-date: /home/mampane/Desktop/machine_tending_robot/ros2_kortex_ws/install/serial/lib/libserial.a
[0.080s] -- Up-to-date: /home/mampane/Desktop/machine_tending_robot/ros2_kortex_ws/install/serial/include
[0.080s] -- Up-to-date: /home/mampane/Desktop/machine_tending_robot/ros2_kortex_ws/install/serial/include/serial
[0.080s] -- Up-to-date: /home/mampane/Desktop/machine_tending_robot/ros2_kortex_ws/install/serial/include/serial/v8stdint.h
[0.080s] -- Up-to-date: /home/mampane/Desktop/machine_tending_robot/ros2_kortex_ws/install/serial/include/serial/impl
[0.080s] -- Up-to-date: /home/mampane/Desktop/machine_tending_robot/ros2_kortex_ws/install/serial/include/serial/impl/unix.h
[0.080s] -- Up-to-date: /home/mampane/Desktop/machine_tending_robot/ros2_kortex_ws/install/serial/include/serial/impl/win.h
[0.080s] -- Up-to-date: /home/mampane/Desktop/machine_tending_robot/ros2_kortex_ws/install/serial/include/serial/serial.h
[0.080s] -- Up-to-date: /home/mampane/Desktop/machine_tending_robot/ros2_kortex_ws/install/serial/share/serial/environment/library_path.sh
[0.080s] -- Up-to-date: /home/mampane/Desktop/machine_tending_robot/ros2_kortex_ws/install/serial/share/serial/environment/library_path.dsv
[0.080s] -- Up-to-date: /home/mampane/Desktop/machine_tending_robot/ros2_kortex_ws/install/serial/share/ament_index/resource_index/package_run_dependencies/serial
[0.081s] -- Up-to-date: /home/mampane/Desktop/machine_tending_robot/ros2_kortex_ws/install/serial/share/ament_index/resource_index/parent_prefix_path/serial
[0.081s] -- Up-to-date: /home/mampane/Desktop/machine_tending_robot/ros2_kortex_ws/install/serial/share/serial/environment/ament_prefix_path.sh
[0.081s] -- Up-to-date: /home/mampane/Desktop/machine_tending_robot/ros2_kortex_ws/install/serial/share/serial/environment/ament_prefix_path.dsv
[0.081s] -- Up-to-date: /home/mampane/Desktop/machine_tending_robot/ros2_kortex_ws/install/serial/share/serial/environment/path.sh
[0.081s] -- Up-to-date: /home/mampane/Desktop/machine_tending_robot/ros2_kortex_ws/install/serial/share/serial/environment/path.dsv
[0.081s] -- Up-to-date: /home/mampane/Desktop/machine_tending_robot/ros2_kortex_ws/install/serial/share/serial/local_setup.bash
[0.081s] -- Up-to-date: /home/mampane/Desktop/machine_tending_robot/ros2_kortex_ws/install/serial/share/serial/local_setup.sh
[0.081s] -- Up-to-date: /home/mampane/Desktop/machine_tending_robot/ros2_kortex_ws/install/serial/share/serial/local_setup.zsh
[0.081s] -- Up-to-date: /home/mampane/Desktop/machine_tending_robot/ros2_kortex_ws/install/serial/share/serial/local_setup.dsv
[0.081s] -- Installing: /home/mampane/Desktop/machine_tending_robot/ros2_kortex_ws/install/serial/share/serial/package.dsv
[0.081s] -- Up-to-date: /home/mampane/Desktop/machine_tending_robot/ros2_kortex_ws/install/serial/share/ament_index/resource_index/packages/serial
[0.081s] -- Up-to-date: /home/mampane/Desktop/machine_tending_robot/ros2_kortex_ws/install/serial/share/serial/cmake/export_serialExport.cmake
[0.081s] -- Up-to-date: /home/mampane/Desktop/machine_tending_robot/ros2_kortex_ws/install/serial/share/serial/cmake/export_serialExport-release.cmake
[0.081s] -- Up-to-date: /home/mampane/Desktop/machine_tending_robot/ros2_kortex_ws/install/serial/share/serial/cmake/ament_cmake_export_include_directories-extras.cmake
[0.082s] -- Up-to-date: /home/mampane/Desktop/machine_tending_robot/ros2_kortex_ws/install/serial/share/serial/cmake/ament_cmake_export_libraries-extras.cmake
[0.082s] -- Up-to-date: /home/mampane/Desktop/machine_tending_robot/ros2_kortex_ws/install/serial/share/serial/cmake/ament_cmake_export_targets-extras.cmake
[0.082s] -- Up-to-date: /home/mampane/Desktop/machine_tending_robot/ros2_kortex_ws/install/serial/share/serial/cmake/serialConfig.cmake
[0.082s] -- Up-to-date: /home/mampane/Desktop/machine_tending_robot/ros2_kortex_ws/install/serial/share/serial/cmake/serialConfig-version.cmake
[0.082s] -- Up-to-date: /home/mampane/Desktop/machine_tending_robot/ros2_kortex_ws/install/serial/share/serial/package.xml
[0.082s] Invoked command in '/home/mampane/Desktop/machine_tending_robot/ros2_kortex_ws/build/serial' returned '0': CMAKE_PREFIX_PATH=${CMAKE_PREFIX_PATH}:/home/mampane/Desktop/machine_tending_robot/ros2_kortex_ws/install/rqt_joint_trajectory_controller:/home/mampane/Desktop/machine_tending_robot/ros2_kortex_ws/install/rqt_controller_manager:/home/mampane/Desktop/machine_tending_robot/ros2_kortex_ws/install/ros2controlcli:/home/mampane/Desktop/machine_tending_robot/ros2_kortex_ws/install/ros2_controllers_test_nodes:/home/mampane/Desktop/machine_tending_robot/workspace/ros2_kortex_ws/install/rqt_joint_trajectory_controller:/home/mampane/Desktop/machine_tending_robot/workspace/ros2_kortex_ws/install/rqt_controller_manager:/home/mampane/Desktop/machine_tending_robot/workspace/ros2_kortex_ws/install/ros2controlcli:/home/mampane/Desktop/machine_tending_robot/workspace/ros2_kortex_ws/install/ros2_controllers_test_nodes:/opt/ros/humble /usr/bin/cmake --install /home/mampane/Desktop/machine_tending_robot/ros2_kortex_ws/build/serial
