-- Install configuration: "Release"
-- Up-to-date: /home/mampane/Desktop/machine_tending_robot/ros2_kortex_ws/install/ros_gz_sim_demos/share/ros_gz_sim_demos/launch
-- Up-to-date: /home/mampane/Desktop/machine_tending_robot/ros2_kortex_ws/install/ros_gz_sim_demos/share/ros_gz_sim_demos/launch/image_bridge.launch.py
-- Up-to-date: /home/mampane/Desktop/machine_tending_robot/ros2_kortex_ws/install/ros_gz_sim_demos/share/ros_gz_sim_demos/launch/magnetometer.launch.py
-- Up-to-date: /home/mampane/Desktop/machine_tending_robot/ros2_kortex_ws/install/ros_gz_sim_demos/share/ros_gz_sim_demos/launch/air_pressure.launch.py
-- Up-to-date: /home/mampane/Desktop/machine_tending_robot/ros2_kortex_ws/install/ros_gz_sim_demos/share/ros_gz_sim_demos/launch/tf_bridge.launch.py
-- Up-to-date: /home/mampane/Desktop/machine_tending_robot/ros2_kortex_ws/install/ros_gz_sim_demos/share/ros_gz_sim_demos/launch/rgbd_camera.launch.py
-- Up-to-date: /home/mampane/Desktop/machine_tending_robot/ros2_kortex_ws/install/ros_gz_sim_demos/share/ros_gz_sim_demos/launch/navsat.launch.py
-- Up-to-date: /home/mampane/Desktop/machine_tending_robot/ros2_kortex_ws/install/ros_gz_sim_demos/share/ros_gz_sim_demos/launch/sdf_parser.launch.py
-- Up-to-date: /home/mampane/Desktop/machine_tending_robot/ros2_kortex_ws/install/ros_gz_sim_demos/share/ros_gz_sim_demos/launch/gpu_lidar.launch.py
-- Up-to-date: /home/mampane/Desktop/machine_tending_robot/ros2_kortex_ws/install/ros_gz_sim_demos/share/ros_gz_sim_demos/launch/triggered_camera.launch.py
-- Up-to-date: /home/mampane/Desktop/machine_tending_robot/ros2_kortex_ws/install/ros_gz_sim_demos/share/ros_gz_sim_demos/launch/joint_states.launch.py
-- Up-to-date: /home/mampane/Desktop/machine_tending_robot/ros2_kortex_ws/install/ros_gz_sim_demos/share/ros_gz_sim_demos/launch/depth_camera.launch.py
-- Up-to-date: /home/mampane/Desktop/machine_tending_robot/ros2_kortex_ws/install/ros_gz_sim_demos/share/ros_gz_sim_demos/launch/battery.launch.py
-- Up-to-date: /home/mampane/Desktop/machine_tending_robot/ros2_kortex_ws/install/ros_gz_sim_demos/share/ros_gz_sim_demos/launch/navsat_gpsfix.launch.py
-- Up-to-date: /home/mampane/Desktop/machine_tending_robot/ros2_kortex_ws/install/ros_gz_sim_demos/share/ros_gz_sim_demos/launch/imu.launch.py
-- Up-to-date: /home/mampane/Desktop/machine_tending_robot/ros2_kortex_ws/install/ros_gz_sim_demos/share/ros_gz_sim_demos/launch/camera.launch.py
-- Up-to-date: /home/mampane/Desktop/machine_tending_robot/ros2_kortex_ws/install/ros_gz_sim_demos/share/ros_gz_sim_demos/launch/robot_description_publisher.launch.py
-- Up-to-date: /home/mampane/Desktop/machine_tending_robot/ros2_kortex_ws/install/ros_gz_sim_demos/share/ros_gz_sim_demos/launch/rgbd_camera_bridge.launch.py
-- Up-to-date: /home/mampane/Desktop/machine_tending_robot/ros2_kortex_ws/install/ros_gz_sim_demos/share/ros_gz_sim_demos/launch/gpu_lidar_bridge.launch.py
-- Up-to-date: /home/mampane/Desktop/machine_tending_robot/ros2_kortex_ws/install/ros_gz_sim_demos/share/ros_gz_sim_demos/launch/diff_drive.launch.py
-- Up-to-date: /home/mampane/Desktop/machine_tending_robot/ros2_kortex_ws/install/ros_gz_sim_demos/share/ros_gz_sim_demos/rviz
-- Up-to-date: /home/mampane/Desktop/machine_tending_robot/ros2_kortex_ws/install/ros_gz_sim_demos/share/ros_gz_sim_demos/rviz/camera.rviz
-- Up-to-date: /home/mampane/Desktop/machine_tending_robot/ros2_kortex_ws/install/ros_gz_sim_demos/share/ros_gz_sim_demos/rviz/imu.rviz
-- Up-to-date: /home/mampane/Desktop/machine_tending_robot/ros2_kortex_ws/install/ros_gz_sim_demos/share/ros_gz_sim_demos/rviz/rgbd_camera.rviz
-- Up-to-date: /home/mampane/Desktop/machine_tending_robot/ros2_kortex_ws/install/ros_gz_sim_demos/share/ros_gz_sim_demos/rviz/depth_camera.rviz
-- Up-to-date: /home/mampane/Desktop/machine_tending_robot/ros2_kortex_ws/install/ros_gz_sim_demos/share/ros_gz_sim_demos/rviz/rgbd_camera_bridge.rviz
-- Up-to-date: /home/mampane/Desktop/machine_tending_robot/ros2_kortex_ws/install/ros_gz_sim_demos/share/ros_gz_sim_demos/rviz/gpu_lidar.rviz
-- Up-to-date: /home/mampane/Desktop/machine_tending_robot/ros2_kortex_ws/install/ros_gz_sim_demos/share/ros_gz_sim_demos/rviz/vehicle.rviz
-- Up-to-date: /home/mampane/Desktop/machine_tending_robot/ros2_kortex_ws/install/ros_gz_sim_demos/share/ros_gz_sim_demos/rviz/tf_bridge.rviz
-- Up-to-date: /home/mampane/Desktop/machine_tending_robot/ros2_kortex_ws/install/ros_gz_sim_demos/share/ros_gz_sim_demos/rviz/joint_states.rviz
-- Up-to-date: /home/mampane/Desktop/machine_tending_robot/ros2_kortex_ws/install/ros_gz_sim_demos/share/ros_gz_sim_demos/rviz/gpu_lidar_bridge.rviz
-- Up-to-date: /home/mampane/Desktop/machine_tending_robot/ros2_kortex_ws/install/ros_gz_sim_demos/share/ros_gz_sim_demos/rviz/diff_drive.rviz
-- Up-to-date: /home/mampane/Desktop/machine_tending_robot/ros2_kortex_ws/install/ros_gz_sim_demos/share/ros_gz_sim_demos/rviz/robot_description_publisher.rviz
-- Up-to-date: /home/mampane/Desktop/machine_tending_robot/ros2_kortex_ws/install/ros_gz_sim_demos/share/ros_gz_sim_demos/models
-- Up-to-date: /home/mampane/Desktop/machine_tending_robot/ros2_kortex_ws/install/ros_gz_sim_demos/share/ros_gz_sim_demos/models/vehicle
-- Up-to-date: /home/mampane/Desktop/machine_tending_robot/ros2_kortex_ws/install/ros_gz_sim_demos/share/ros_gz_sim_demos/models/vehicle/model.sdf
-- Up-to-date: /home/mampane/Desktop/machine_tending_robot/ros2_kortex_ws/install/ros_gz_sim_demos/share/ros_gz_sim_demos/models/vehicle/model.config
-- Up-to-date: /home/mampane/Desktop/machine_tending_robot/ros2_kortex_ws/install/ros_gz_sim_demos/share/ros_gz_sim_demos/models/rrbot.xacro
-- Up-to-date: /home/mampane/Desktop/machine_tending_robot/ros2_kortex_ws/install/ros_gz_sim_demos/share/ros_gz_sim_demos/models/double_pendulum_model.sdf
-- Up-to-date: /home/mampane/Desktop/machine_tending_robot/ros2_kortex_ws/install/ros_gz_sim_demos/share/ros_gz_sim_demos/worlds
-- Up-to-date: /home/mampane/Desktop/machine_tending_robot/ros2_kortex_ws/install/ros_gz_sim_demos/share/ros_gz_sim_demos/worlds/vehicle.sdf
-- Up-to-date: /home/mampane/Desktop/machine_tending_robot/ros2_kortex_ws/install/ros_gz_sim_demos/share/ros_gz_sim_demos/environment/ros_gz_sim_demos.dsv
-- Up-to-date: /home/mampane/Desktop/machine_tending_robot/ros2_kortex_ws/install/ros_gz_sim_demos/share/ament_index/resource_index/package_run_dependencies/ros_gz_sim_demos
-- Up-to-date: /home/mampane/Desktop/machine_tending_robot/ros2_kortex_ws/install/ros_gz_sim_demos/share/ament_index/resource_index/parent_prefix_path/ros_gz_sim_demos
-- Up-to-date: /home/mampane/Desktop/machine_tending_robot/ros2_kortex_ws/install/ros_gz_sim_demos/share/ros_gz_sim_demos/environment/ament_prefix_path.sh
-- Up-to-date: /home/mampane/Desktop/machine_tending_robot/ros2_kortex_ws/install/ros_gz_sim_demos/share/ros_gz_sim_demos/environment/ament_prefix_path.dsv
-- Up-to-date: /home/mampane/Desktop/machine_tending_robot/ros2_kortex_ws/install/ros_gz_sim_demos/share/ros_gz_sim_demos/environment/path.sh
-- Up-to-date: /home/mampane/Desktop/machine_tending_robot/ros2_kortex_ws/install/ros_gz_sim_demos/share/ros_gz_sim_demos/environment/path.dsv
-- Up-to-date: /home/mampane/Desktop/machine_tending_robot/ros2_kortex_ws/install/ros_gz_sim_demos/share/ros_gz_sim_demos/local_setup.bash
-- Up-to-date: /home/mampane/Desktop/machine_tending_robot/ros2_kortex_ws/install/ros_gz_sim_demos/share/ros_gz_sim_demos/local_setup.sh
-- Up-to-date: /home/mampane/Desktop/machine_tending_robot/ros2_kortex_ws/install/ros_gz_sim_demos/share/ros_gz_sim_demos/local_setup.zsh
-- Up-to-date: /home/mampane/Desktop/machine_tending_robot/ros2_kortex_ws/install/ros_gz_sim_demos/share/ros_gz_sim_demos/local_setup.dsv
-- Up-to-date: /home/mampane/Desktop/machine_tending_robot/ros2_kortex_ws/install/ros_gz_sim_demos/share/ros_gz_sim_demos/package.dsv
-- Up-to-date: /home/mampane/Desktop/machine_tending_robot/ros2_kortex_ws/install/ros_gz_sim_demos/share/ament_index/resource_index/packages/ros_gz_sim_demos
-- Up-to-date: /home/mampane/Desktop/machine_tending_robot/ros2_kortex_ws/install/ros_gz_sim_demos/share/ros_gz_sim_demos/cmake/ros_gz_sim_demosConfig.cmake
-- Up-to-date: /home/mampane/Desktop/machine_tending_robot/ros2_kortex_ws/install/ros_gz_sim_demos/share/ros_gz_sim_demos/cmake/ros_gz_sim_demosConfig-version.cmake
-- Up-to-date: /home/mampane/Desktop/machine_tending_robot/ros2_kortex_ws/install/ros_gz_sim_demos/share/ros_gz_sim_demos/package.xml
