[0.016s] Invoking command in '/home/mampane/Desktop/machine_tending_robot/ros2_kortex_ws/build/ros_gz_sim': CMAKE_PREFIX_PATH=/opt/ros/humble /usr/bin/cmake /home/mampane/Desktop/machine_tending_robot/ros2_kortex_ws/src/ros_gz/ros_gz_sim -DAMENT_CMAKE_SYMLINK_INSTALL=1 -DCMAKE_INSTALL_PREFIX=/home/mampane/Desktop/machine_tending_robot/ros2_kortex_ws/install/ros_gz_sim
[0.053s] -- The C compiler identification is GNU 11.4.0
[0.098s] -- The CXX compiler identification is GNU 11.4.0
[0.102s] -- Detecting C compiler ABI info
[0.153s] -- Detecting C compiler ABI info - done
[0.160s] -- Check for working C compiler: /usr/bin/cc - skipped
[0.160s] -- Detecting C compile features
[0.161s] -- Detecting C compile features - done
[0.163s] -- Detecting CXX compiler ABI info
[0.213s] -- Detecting CXX compiler ABI info - done
[0.219s] -- Check for working CXX compiler: /usr/bin/c++ - skipped
[0.219s] -- Detecting CXX compile features
[0.219s] -- Detecting CXX compile features - done
[0.221s] -- Found ament_cmake: 1.3.11 (/opt/ros/humble/share/ament_cmake/cmake)
[0.334s] -- Found Python3: /usr/bin/python3 (found version "3.10.12") found components: Interpreter 
[0.375s] -- Override CMake install command with custom implementation using symlinks instead of copying resources
[0.400s] -- Found rclcpp: 16.0.11 (/opt/ros/humble/share/rclcpp/cmake)
[0.441s] -- Found rosidl_generator_c: 3.1.6 (/opt/ros/humble/share/rosidl_generator_c/cmake)
[0.446s] -- Found rosidl_adapter: 3.1.6 (/opt/ros/humble/share/rosidl_adapter/cmake)
[0.454s] -- Found rosidl_generator_cpp: 3.1.6 (/opt/ros/humble/share/rosidl_generator_cpp/cmake)
[0.466s] -- Using all available rosidl_typesupport_c: rosidl_typesupport_fastrtps_c;rosidl_typesupport_introspection_c
[0.482s] -- Using all available rosidl_typesupport_cpp: rosidl_typesupport_fastrtps_cpp;rosidl_typesupport_introspection_cpp
[0.527s] -- Found rmw_implementation_cmake: 6.1.2 (/opt/ros/humble/share/rmw_implementation_cmake/cmake)
[0.530s] -- Found rmw_fastrtps_cpp: 6.2.7 (/opt/ros/humble/share/rmw_fastrtps_cpp/cmake)
[0.612s] -- Found OpenSSL: /usr/lib/x86_64-linux-gnu/libcrypto.so (found version "3.0.2")  
[0.639s] -- Found FastRTPS: /opt/ros/humble/include  
[0.680s] -- Using RMW implementation 'rmw_fastrtps_cpp' as default
[0.689s] -- Looking for pthread.h
[0.741s] -- Looking for pthread.h - found
[0.741s] -- Performing Test CMAKE_HAVE_LIBC_PTHREAD
[0.798s] -- Performing Test CMAKE_HAVE_LIBC_PTHREAD - Success
[0.799s] -- Found Threads: TRUE  
[0.833s] -- Looking for ignition-math6 -- found version 6.15.1
[0.837s] -- Searching for dependencies of ignition-math6
[0.838s] -- Looking for ignition-transport11 -- found version 11.4.1
[0.839s] -- Searching for dependencies of ignition-transport11
[0.855s] -- Found Protobuf: /usr/lib/x86_64-linux-gnu/libprotobuf.so (found version "3.12.4") 
[0.863s] -- Config-file not installed for ZeroMQ -- checking for pkg-config
[0.867s] -- Checking for module 'libzmq >= 4'
[0.876s] --   Found libzmq , version 4.3.4
[0.903s] -- Found ZeroMQ: TRUE (Required is at least version "4") 
[0.907s] -- Checking for module 'uuid'
[0.917s] --   Found uuid, version 2.37.2
[0.942s] -- Found UUID: TRUE  
[0.943s] -- Looking for ignition-utils1 -- found version 1.5.1
[0.943s] -- Searching for dependencies of ignition-utils1
[0.944s] -- Searching for <ignition-utils1> component [cli]
[0.945s] -- Looking for ignition-utils1-cli -- found version 1.5.1
[0.945s] -- Searching for dependencies of ignition-utils1-cli
[0.946s] -- Looking for ignition-msgs8 -- found version 8.7.0
[0.947s] -- Searching for dependencies of ignition-msgs8
[0.958s] -- Found Protobuf: /usr/lib/x86_64-linux-gnu/libprotobuf.so (found suitable version "3.12.4", minimum required is "3") 
[0.958s] -- Looking for ignition-math6 -- found version 6.15.1
[0.962s] -- Checking for module 'tinyxml2'
[0.969s] --   Found tinyxml2, version 9.0.0
[0.994s] -- Looking for ignition-msgs8 -- found version 8.7.0
[0.996s] -- Looking for ignition-gazebo6 -- found version 6.17.0
[0.997s] -- Searching for dependencies of ignition-gazebo6
[0.999s] -- Looking for sdformat12 -- found version 12.8.0
[0.999s] -- Searching for dependencies of sdformat12
[1.006s] -- Looking for ignition-math6 -- found version 6.15.1
[1.007s] -- Looking for ignition-utils1 -- found version 1.5.1
[1.012s] -- Looking for ignition-plugin1 -- found version 1.4.0
[1.012s] -- Searching for dependencies of ignition-plugin1
[1.012s] -- Searching for <ignition-plugin1> component [loader]
[1.013s] -- Looking for ignition-plugin1-loader -- found version 1.4.0
[1.013s] -- Searching for dependencies of ignition-plugin1-loader
[1.014s] -- Searching for <ignition-plugin1> component [register]
[1.016s] -- Looking for ignition-plugin1-register -- found version 1.4.0
[1.017s] -- Searching for dependencies of ignition-plugin1-register
[1.018s] -- Looking for ignition-transport11 -- found version 11.4.1
[1.018s] -- Searching for dependencies of ignition-transport11
[1.038s] -- Found Protobuf: /usr/lib/x86_64-linux-gnu/libprotobuf.so (found version "3.12.4") 
[1.051s] -- Config-file not installed for ZeroMQ -- checking for pkg-config
[1.057s] -- Checking for module 'libzmq >= 4'
[1.066s] --   Found libzmq , version 4.3.4
[1.094s] -- Looking for ignition-utils1 -- found version 1.5.1
[1.095s] -- Looking for ignition-msgs8 -- found version 8.7.0
[1.095s] -- Searching for <ignition-transport11> component [log]
[1.096s] -- Looking for ignition-transport11-log -- found version 11.4.1
[1.097s] -- Searching for dependencies of ignition-transport11-log
[1.097s] -- Searching for <ignition-transport11> component [parameters]
[1.099s] -- Looking for ignition-transport11-parameters -- found version 11.4.1
[1.099s] -- Searching for dependencies of ignition-transport11-parameters
[1.100s] -- Looking for ignition-msgs8 -- found version 8.7.0
[1.101s] -- Looking for ignition-common4 -- found version 4.7.0
[1.102s] -- Searching for dependencies of ignition-common4
[1.102s] -- Looking for dlfcn.h - found
[1.102s] -- Looking for libdl - found
[1.104s] -- Found DL: TRUE  
[1.110s] -- Searching for <ignition-common4> component [profiler]
[1.111s] -- Looking for ignition-common4-profiler -- found version 4.7.0
[1.112s] -- Searching for dependencies of ignition-common4-profiler
[1.112s] -- Searching for <ignition-common4> component [events]
[1.114s] -- Looking for ignition-common4-events -- found version 4.7.0
[1.114s] -- Searching for dependencies of ignition-common4-events
[1.115s] -- Looking for ignition-math6 -- found version 6.15.1
[1.115s] -- Searching for <ignition-common4> component [av]
[1.117s] -- Looking for ignition-common4-av -- found version 4.7.0
[1.117s] -- Searching for dependencies of ignition-common4-av
[1.121s] -- Checking for module 'libswscale'
[1.133s] --   Found libswscale, version 5.9.100
[1.162s] -- Found SWSCALE: TRUE  
[1.168s] -- Checking for module 'libavdevice >= 56.4.100'
[1.177s] --   Found libavdevice , version 58.13.100
[1.201s] -- Found AVDEVICE: TRUE (Required is at least version "56.4.100") 
[1.205s] -- Checking for module 'libavformat'
[1.213s] --   Found libavformat, version 58.76.100
[1.239s] -- Found AVFORMAT: TRUE  
[1.243s] -- Checking for module 'libavcodec'
[1.255s] --   Found libavcodec, version 58.134.100
[1.286s] -- Found AVCODEC: TRUE  
[1.290s] -- Checking for module 'libavutil'
[1.299s] --   Found libavutil, version 56.70.100
[1.323s] -- Found AVUTIL: TRUE  
[1.325s] -- Looking for ignition-fuel_tools7 -- found version 7.3.1
[1.325s] -- Searching for dependencies of ignition-fuel_tools7
[1.393s] -- Found CURL: /usr/lib/x86_64-linux-gnu/libcurl.so (found version "7.81.0")  
[1.403s] -- Checking for module 'jsoncpp'
[1.416s] --   Found jsoncpp, version 1.9.5
[1.440s] -- Found JSONCPP: TRUE  
[1.444s] -- Checking for module 'libzip'
[1.454s] --   Found libzip, version 1.7.3
[1.480s] -- Found ZIP: TRUE  
[1.480s] -- Looking for ignition-common4 -- found version 4.7.0
[1.480s] -- Looking for ignition-math6 -- found version 6.15.1
[1.481s] -- Looking for ignition-msgs8 -- found version 8.7.0
[1.482s] -- Looking for ignition-gui6 -- found version 6.8.0
[1.483s] -- Searching for dependencies of ignition-gui6
[1.497s] -- Found Protobuf: /usr/lib/x86_64-linux-gnu/libprotobuf.so (found suitable version "3.12.4", minimum required is "3") 
[1.505s] -- Looking for ignition-math6 -- found version 6.15.1
[1.506s] -- Looking for ignition-common4 -- found version 4.7.0
[1.506s] -- Looking for ignition-plugin1 -- found version 1.4.0
[1.507s] -- Looking for ignition-transport11 -- found version 11.4.1
[1.509s] -- Looking for ignition-rendering6 -- found version 6.6.3
[1.509s] -- Searching for dependencies of ignition-rendering6
[1.510s] -- Looking for ignition-math6 -- found version 6.15.1
[1.510s] -- Searching for dependencies of ignition-math6
[1.510s] -- Searching for <ignition-math6> component [eigen3]
[1.512s] -- Looking for ignition-math6-eigen3 -- found version 6.15.1
[1.513s] -- Searching for dependencies of ignition-math6-eigen3
[1.518s] -- Looking for ignition-common4 -- found version 4.7.0
[1.518s] -- Searching for dependencies of ignition-common4
[1.518s] -- Looking for dlfcn.h - found
[1.518s] -- Looking for libdl - found
[1.527s] -- Searching for <ignition-common4> component [graphics]
[1.528s] -- Looking for ignition-common4-graphics -- found version 4.7.0
[1.528s] -- Searching for dependencies of ignition-common4-graphics
[1.529s] -- Looking for ignition-math6 -- found version 6.15.1
[1.529s] -- Looking for ignition-utils1 -- found version 1.5.1
[1.529s] -- Searching for <ignition-common4> component [events]
[1.530s] -- Looking for ignition-plugin1 -- found version 1.4.0
[1.530s] -- Searching for dependencies of ignition-plugin1
[1.530s] -- Searching for <ignition-plugin1> component [all]
[1.532s] -- Looking for all libraries of ignition-plugin1 -- found version 1.4.0
[1.532s] -- Looking for ignition-plugin1 -- found version 1.4.0
[1.534s] -- Looking for ignition-msgs8 -- found version 8.7.0
[1.548s] -- Looking for ignition-physics5 -- found version 5.3.2
[1.548s] -- Searching for dependencies of ignition-physics5
[1.548s] -- Looking for ignition-math6 -- found version 6.15.1
[1.549s] -- Looking for ignition-plugin1 -- found version 1.4.0
[1.549s] -- Looking for ignition-utils1 -- found version 1.5.1
[1.550s] -- Searching for <ignition-physics5> component [heightmap]
[1.551s] -- Looking for ignition-physics5-heightmap -- found version 5.3.2
[1.551s] -- Searching for dependencies of ignition-physics5-heightmap
[1.552s] -- Looking for ignition-common4 -- found version 4.7.0
[1.552s] -- Searching for <ignition-physics5> component [mesh]
[1.553s] -- Looking for ignition-physics5-mesh -- found version 5.3.2
[1.554s] -- Searching for dependencies of ignition-physics5-mesh
[1.554s] -- Looking for ignition-common4 -- found version 4.7.0
[1.554s] -- Searching for <ignition-physics5> component [sdf]
[1.555s] -- Looking for ignition-physics5-sdf -- found version 5.3.2
[1.556s] -- Searching for dependencies of ignition-physics5-sdf
[1.556s] -- Looking for sdformat12 -- found version 12.8.0
[1.558s] -- Looking for ignition-sensors6 -- found version 6.8.1
[1.558s] -- Searching for dependencies of ignition-sensors6
[1.570s] -- Found Protobuf: /usr/lib/x86_64-linux-gnu/libprotobuf.so (found version "3.12.4") 
[1.571s] -- Looking for ignition-math6 -- found version 6.15.1
[1.571s] -- Looking for ignition-common4 -- found version 4.7.0
[1.572s] -- Looking for ignition-transport11 -- found version 11.4.1
[1.572s] -- Looking for ignition-rendering6 -- found version 6.6.3
[1.572s] -- Looking for ignition-msgs8 -- found version 8.7.0
[1.572s] -- Looking for sdformat12 -- found version 12.8.0
[1.573s] -- Searching for <ignition-sensors6> component [air_pressure]
[1.574s] -- Looking for ignition-sensors6-air_pressure -- found version 6.8.1
[1.575s] -- Searching for dependencies of ignition-sensors6-air_pressure
[1.575s] -- Searching for <ignition-sensors6> component [altimeter]
[1.576s] -- Looking for ignition-sensors6-altimeter -- found version 6.8.1
[1.577s] -- Searching for dependencies of ignition-sensors6-altimeter
[1.577s] -- Searching for <ignition-sensors6> component [imu]
[1.578s] -- Looking for ignition-sensors6-imu -- found version 6.8.1
[1.578s] -- Searching for dependencies of ignition-sensors6-imu
[1.579s] -- Searching for <ignition-sensors6> component [force_torque]
[1.580s] -- Looking for ignition-sensors6-force_torque -- found version 6.8.1
[1.580s] -- Searching for dependencies of ignition-sensors6-force_torque
[1.581s] -- Searching for <ignition-sensors6> component [logical_camera]
[1.582s] -- Looking for ignition-sensors6-logical_camera -- found version 6.8.1
[1.582s] -- Searching for dependencies of ignition-sensors6-logical_camera
[1.583s] -- Searching for <ignition-sensors6> component [magnetometer]
[1.584s] -- Looking for ignition-sensors6-magnetometer -- found version 6.8.1
[1.584s] -- Searching for dependencies of ignition-sensors6-magnetometer
[1.585s] -- Searching for <ignition-sensors6> component [navsat]
[1.586s] -- Looking for ignition-sensors6-navsat -- found version 6.8.1
[1.586s] -- Searching for dependencies of ignition-sensors6-navsat
[1.587s] -- Searching for <ignition-sensors6> component [rendering]
[1.588s] -- Looking for ignition-sensors6-rendering -- found version 6.8.1
[1.588s] -- Searching for dependencies of ignition-sensors6-rendering
[1.589s] -- Searching for <ignition-sensors6> component [lidar]
[1.590s] -- Looking for ignition-sensors6-lidar -- found version 6.8.1
[1.590s] -- Searching for dependencies of ignition-sensors6-lidar
[1.590s] -- Looking for ignition-sensors6 -- found version 6.8.1
[1.591s] -- Searching for <ignition-sensors6> component [gpu_lidar]
[1.592s] -- Looking for ignition-sensors6-gpu_lidar -- found version 6.8.1
[1.592s] -- Searching for dependencies of ignition-sensors6-gpu_lidar
[1.593s] -- Looking for ignition-sensors6 -- found version 6.8.1
[1.593s] -- Searching for <ignition-sensors6> component [camera]
[1.594s] -- Looking for ignition-sensors6-camera -- found version 6.8.1
[1.595s] -- Searching for dependencies of ignition-sensors6-camera
[1.595s] -- Looking for ignition-sensors6 -- found version 6.8.1
[1.595s] -- Searching for <ignition-sensors6> component [boundingbox_camera]
[1.597s] -- Looking for ignition-sensors6-boundingbox_camera -- found version 6.8.1
[1.597s] -- Searching for dependencies of ignition-sensors6-boundingbox_camera
[1.597s] -- Searching for <ignition-sensors6> component [segmentation_camera]
[1.599s] -- Looking for ignition-sensors6-segmentation_camera -- found version 6.8.1
[1.599s] -- Searching for dependencies of ignition-sensors6-segmentation_camera
[1.600s] -- Searching for <ignition-sensors6> component [depth_camera]
[1.601s] -- Looking for ignition-sensors6-depth_camera -- found version 6.8.1
[1.601s] -- Searching for dependencies of ignition-sensors6-depth_camera
[1.602s] -- Looking for ignition-sensors6 -- found version 6.8.1
[1.602s] -- Searching for <ignition-sensors6> component [rgbd_camera]
[1.603s] -- Looking for ignition-sensors6-rgbd_camera -- found version 6.8.1
[1.604s] -- Searching for dependencies of ignition-sensors6-rgbd_camera
[1.604s] -- Looking for ignition-sensors6 -- found version 6.8.1
[1.604s] -- Searching for <ignition-sensors6> component [thermal_camera]
[1.605s] -- Looking for ignition-sensors6-thermal_camera -- found version 6.8.1
[1.606s] -- Searching for dependencies of ignition-sensors6-thermal_camera
[1.606s] -- Looking for ignition-sensors6 -- found version 6.8.1
[1.607s] -- Looking for ignition-rendering6 -- found version 6.6.3
[1.607s] -- Looking for ignition-math6 -- found version 6.15.1
[1.609s] -- Looking for ignition-utils1 -- found version 1.5.1
[1.623s] -- Compiling against Gazebo Fortress
[1.625s] -- Looking for gflags - found
[1.625s] 
[1.628s] -- Found ament_lint_auto: 0.12.11 (/opt/ros/humble/share/ament_lint_auto/cmake)
[1.695s] -- Found ament_cmake_gtest: 1.3.11 (/opt/ros/humble/share/ament_cmake_gtest/cmake)
[1.697s] -- Found gtest sources under '/opt/ros/humble/src/gtest_vendor': C++ tests using 'Google Test' will be built
[1.704s] -- Added test 'copyright' to check source files copyright and LICENSE
[1.705s] -- Added test 'cppcheck' to perform static code analysis on C / C++ code
[1.705s] -- Configured cppcheck include dirs: $<BUILD_INTERFACE:/home/mampane/Desktop/machine_tending_robot/ros2_kortex_ws/src/ros_gz/ros_gz_sim/include>
[1.705s] -- Configured cppcheck exclude dirs and/or files: 
[1.706s] -- Added test 'cpplint' to check C / C++ code against the Google style
[1.706s] -- Configured cpplint exclude dirs and/or files: 
[1.706s] -- Added test 'lint_cmake' to check CMake code style
[1.707s] -- Added test 'uncrustify' to check C / C++ code style
[1.707s] -- Configured uncrustify additional arguments: 
[1.707s] -- Added test 'xmllint' to check XML markup files
[1.708s] -- Configuring done
[1.723s] -- Generating done
[1.728s] -- Build files have been written to: /home/mampane/Desktop/machine_tending_robot/ros2_kortex_ws/build/ros_gz_sim
[1.740s] Invoked command in '/home/mampane/Desktop/machine_tending_robot/ros2_kortex_ws/build/ros_gz_sim' returned '0': CMAKE_PREFIX_PATH=/opt/ros/humble /usr/bin/cmake /home/mampane/Desktop/machine_tending_robot/ros2_kortex_ws/src/ros_gz/ros_gz_sim -DAMENT_CMAKE_SYMLINK_INSTALL=1 -DCMAKE_INSTALL_PREFIX=/home/mampane/Desktop/machine_tending_robot/ros2_kortex_ws/install/ros_gz_sim
[1.741s] Invoking command in '/home/mampane/Desktop/machine_tending_robot/ros2_kortex_ws/build/ros_gz_sim': CMAKE_PREFIX_PATH=/opt/ros/humble /usr/bin/cmake --build /home/mampane/Desktop/machine_tending_robot/ros2_kortex_ws/build/ros_gz_sim -- -j20 -l20
[1.782s] [ 10%] [32mBuilding CXX object gtest/CMakeFiles/gtest_main.dir/src/gtest_main.cc.o[0m
[1.783s] [ 30%] [32mBuilding CXX object CMakeFiles/create.dir/src/create.cpp.o[0m
[1.783s] [ 30%] [32mBuilding CXX object CMakeFiles/ros_gz_sim.dir/src/Stopwatch.cpp.o[0m
[1.783s] [ 40%] [32mBuilding CXX object gtest/CMakeFiles/gtest.dir/src/gtest-all.cc.o[0m
[2.315s] [ 50%] [32m[1mLinking CXX shared library libros_gz_sim.so[0m
[2.382s] [ 50%] Built target ros_gz_sim
[2.578s] [ 60%] [32m[1mLinking CXX static library libgtest_main.a[0m
[2.633s] [ 60%] Built target gtest_main
[5.311s] [ 70%] [32m[1mLinking CXX static library libgtest.a[0m
[5.600s] [ 70%] Built target gtest
[5.673s] [ 80%] [32mBuilding CXX object CMakeFiles/test_stopwatch.dir/test/test_stopwatch.cpp.o[0m
[15.575s] [ 90%] [32m[1mLinking CXX executable test_stopwatch[0m
[16.117s] [ 90%] Built target test_stopwatch
[19.380s] [100%] [32m[1mLinking CXX executable create[0m
[19.671s] [100%] Built target create
[19.680s] Invoked command in '/home/mampane/Desktop/machine_tending_robot/ros2_kortex_ws/build/ros_gz_sim' returned '0': CMAKE_PREFIX_PATH=/opt/ros/humble /usr/bin/cmake --build /home/mampane/Desktop/machine_tending_robot/ros2_kortex_ws/build/ros_gz_sim -- -j20 -l20
[19.681s] Invoking command in '/home/mampane/Desktop/machine_tending_robot/ros2_kortex_ws/build/ros_gz_sim': CMAKE_PREFIX_PATH=/opt/ros/humble /usr/bin/cmake --install /home/mampane/Desktop/machine_tending_robot/ros2_kortex_ws/build/ros_gz_sim
[19.686s] -- Install configuration: ""
[19.686s] -- Execute custom install script
[19.686s] -- Symlinking: /home/mampane/Desktop/machine_tending_robot/ros2_kortex_ws/install/ros_gz_sim/include/ros_gz_sim/Stopwatch.hpp
[19.692s] -- Symlinking: /home/mampane/Desktop/machine_tending_robot/ros2_kortex_ws/install/ros_gz_sim/share/ros_gz_sim/launch/gz_sim.launch.py
[19.698s] -- Symlinking: /home/mampane/Desktop/machine_tending_robot/ros2_kortex_ws/install/ros_gz_sim/lib/ros_gz_sim/create
[19.703s] -- Symlinking: /home/mampane/Desktop/machine_tending_robot/ros2_kortex_ws/install/ros_gz_sim/lib/ros_gz_sim/test_stopwatch
[19.709s] -- Symlinking: /home/mampane/Desktop/machine_tending_robot/ros2_kortex_ws/install/ros_gz_sim/share/ament_index/resource_index/package_run_dependencies/ros_gz_sim
[19.715s] -- Symlinking: /home/mampane/Desktop/machine_tending_robot/ros2_kortex_ws/install/ros_gz_sim/share/ament_index/resource_index/parent_prefix_path/ros_gz_sim
[19.720s] -- Symlinking: /home/mampane/Desktop/machine_tending_robot/ros2_kortex_ws/install/ros_gz_sim/share/ros_gz_sim/environment/ament_prefix_path.sh
[19.727s] -- Symlinking: /home/mampane/Desktop/machine_tending_robot/ros2_kortex_ws/install/ros_gz_sim/share/ros_gz_sim/environment/ament_prefix_path.dsv
[19.733s] -- Symlinking: /home/mampane/Desktop/machine_tending_robot/ros2_kortex_ws/install/ros_gz_sim/share/ros_gz_sim/environment/path.sh
[19.738s] -- Symlinking: /home/mampane/Desktop/machine_tending_robot/ros2_kortex_ws/install/ros_gz_sim/share/ros_gz_sim/environment/path.dsv
[19.743s] -- Symlinking: /home/mampane/Desktop/machine_tending_robot/ros2_kortex_ws/install/ros_gz_sim/share/ros_gz_sim/local_setup.bash
[19.749s] -- Symlinking: /home/mampane/Desktop/machine_tending_robot/ros2_kortex_ws/install/ros_gz_sim/share/ros_gz_sim/local_setup.sh
[19.755s] -- Symlinking: /home/mampane/Desktop/machine_tending_robot/ros2_kortex_ws/install/ros_gz_sim/share/ros_gz_sim/local_setup.zsh
[19.760s] -- Symlinking: /home/mampane/Desktop/machine_tending_robot/ros2_kortex_ws/install/ros_gz_sim/share/ros_gz_sim/local_setup.dsv
[19.765s] -- Symlinking: /home/mampane/Desktop/machine_tending_robot/ros2_kortex_ws/install/ros_gz_sim/share/ros_gz_sim/package.dsv
[19.770s] -- Symlinking: /home/mampane/Desktop/machine_tending_robot/ros2_kortex_ws/install/ros_gz_sim/share/ament_index/resource_index/packages/ros_gz_sim
[19.775s] -- Symlinking: /home/mampane/Desktop/machine_tending_robot/ros2_kortex_ws/install/ros_gz_sim/share/ros_gz_sim/cmake/ament_cmake_export_targets-extras.cmake
[19.782s] -- Symlinking: /home/mampane/Desktop/machine_tending_robot/ros2_kortex_ws/install/ros_gz_sim/share/ros_gz_sim/cmake/ament_cmake_export_dependencies-extras.cmake
[19.787s] -- Symlinking: /home/mampane/Desktop/machine_tending_robot/ros2_kortex_ws/install/ros_gz_sim/share/ros_gz_sim/cmake/ros_gz_simConfig.cmake
[19.792s] -- Symlinking: /home/mampane/Desktop/machine_tending_robot/ros2_kortex_ws/install/ros_gz_sim/share/ros_gz_sim/cmake/ros_gz_simConfig-version.cmake
[19.797s] -- Symlinking: /home/mampane/Desktop/machine_tending_robot/ros2_kortex_ws/install/ros_gz_sim/share/ros_gz_sim/package.xml
[19.801s] -- Installing: /home/mampane/Desktop/machine_tending_robot/ros2_kortex_ws/install/ros_gz_sim/lib/libros_gz_sim.so
[19.801s] -- Set runtime path of "/home/mampane/Desktop/machine_tending_robot/ros2_kortex_ws/install/ros_gz_sim/lib/libros_gz_sim.so" to ""
[19.801s] -- Installing: /home/mampane/Desktop/machine_tending_robot/ros2_kortex_ws/install/ros_gz_sim/share/ros_gz_sim/cmake/ros_gz_simExport.cmake
[19.801s] -- Installing: /home/mampane/Desktop/machine_tending_robot/ros2_kortex_ws/install/ros_gz_sim/share/ros_gz_sim/cmake/ros_gz_simExport-noconfig.cmake
[19.803s] Invoked command in '/home/mampane/Desktop/machine_tending_robot/ros2_kortex_ws/build/ros_gz_sim' returned '0': CMAKE_PREFIX_PATH=/opt/ros/humble /usr/bin/cmake --install /home/mampane/Desktop/machine_tending_robot/ros2_kortex_ws/build/ros_gz_sim
