[0.018s] Invoking command in '/home/mampane/Desktop/machine_tending_robot/workspace/ros2_kortex_ws/build/picknik_twist_controller': AMENT_PREFIX_PATH=/home/mampane/Desktop/machine_tending_robot/workspace/ros2_kortex_ws/install/controller_interface:/home/mampane/Desktop/machine_tending_robot/workspace/ros2_kortex_ws/install/hardware_interface:/home/mampane/Desktop/machine_tending_robot/workspace/ros2_kortex_ws/install/ros2_control_test_assets:/home/mampane/Desktop/machine_tending_robot/workspace/ros2_kortex_ws/install/realtime_tools:/home/mampane/Desktop/machine_tending_robot/workspace/ros2_kortex_ws/install/control_msgs:${AMENT_PREFIX_PATH} CMAKE_PREFIX_PATH=/home/mampane/Desktop/machine_tending_robot/workspace/ros2_kortex_ws/install/controller_interface:/home/mampane/Desktop/machine_tending_robot/workspace/ros2_kortex_ws/install/hardware_interface:/home/mampane/Desktop/machine_tending_robot/workspace/ros2_kortex_ws/install/ros2_control_test_assets:/home/mampane/Desktop/machine_tending_robot/workspace/ros2_kortex_ws/install/realtime_tools:/home/mampane/Desktop/machine_tending_robot/workspace/ros2_kortex_ws/install/control_msgs:/opt/ros/humble LD_LIBRARY_PATH=/home/mampane/Desktop/machine_tending_robot/workspace/ros2_kortex_ws/install/controller_interface/lib:/home/mampane/Desktop/machine_tending_robot/workspace/ros2_kortex_ws/install/hardware_interface/lib:/home/mampane/Desktop/machine_tending_robot/workspace/ros2_kortex_ws/install/realtime_tools/lib:/home/mampane/Desktop/machine_tending_robot/workspace/ros2_kortex_ws/install/control_msgs/lib:${LD_LIBRARY_PATH} PYTHONPATH=/home/mampane/Desktop/machine_tending_robot/workspace/ros2_kortex_ws/install/control_msgs/local/lib/python3.10/dist-packages:${PYTHONPATH} /usr/bin/cmake /home/mampane/Desktop/machine_tending_robot/workspace/ros2_kortex_ws/src/picknik_controllers/picknik_twist_controller -DCMAKE_BUILD_TYPE=Release -DCMAKE_INSTALL_PREFIX=/home/mampane/Desktop/machine_tending_robot/workspace/ros2_kortex_ws/install/picknik_twist_controller
[0.084s] -- The C compiler identification is GNU 11.4.0
[0.153s] -- The CXX compiler identification is GNU 11.4.0
[0.162s] -- Detecting C compiler ABI info
[0.243s] -- Detecting C compiler ABI info - done
[0.254s] -- Check for working C compiler: /usr/bin/cc - skipped
[0.254s] -- Detecting C compile features
[0.254s] -- Detecting C compile features - done
[0.258s] -- Detecting CXX compiler ABI info
[0.354s] -- Detecting CXX compiler ABI info - done
[0.365s] -- Check for working CXX compiler: /usr/bin/c++ - skipped
[0.365s] -- Detecting CXX compile features
[0.365s] -- Detecting CXX compile features - done
[0.369s] -- Found ament_cmake: 1.3.11 (/opt/ros/humble/share/ament_cmake/cmake)
[0.573s] -- Found Python3: /usr/bin/python3 (found version "3.10.12") found components: Interpreter 
[0.698s] -- Found ament_cmake_ros: 0.10.0 (/opt/ros/humble/share/ament_cmake_ros/cmake)
[0.708s] -- Found controller_interface: 2.48.0 (/home/mampane/Desktop/machine_tending_robot/workspace/ros2_kortex_ws/install/controller_interface/share/controller_interface/cmake)
[0.766s] -- Found rosidl_generator_c: 3.1.6 (/opt/ros/humble/share/rosidl_generator_c/cmake)
[0.774s] -- Found rosidl_adapter: 3.1.6 (/opt/ros/humble/share/rosidl_adapter/cmake)
[0.786s] -- Found rosidl_generator_cpp: 3.1.6 (/opt/ros/humble/share/rosidl_generator_cpp/cmake)
[0.804s] -- Using all available rosidl_typesupport_c: rosidl_typesupport_fastrtps_c;rosidl_typesupport_introspection_c
[0.827s] -- Using all available rosidl_typesupport_cpp: rosidl_typesupport_fastrtps_cpp;rosidl_typesupport_introspection_cpp
[1.117s] -- Found rmw_implementation_cmake: 6.1.2 (/opt/ros/humble/share/rmw_implementation_cmake/cmake)
[1.121s] -- Found rmw_cyclonedds_cpp: 1.3.4 (/opt/ros/humble/share/rmw_cyclonedds_cpp/cmake)
[1.153s] -- Using RMW implementation 'rmw_cyclonedds_cpp' as default
[1.165s] -- Looking for pthread.h
[1.252s] -- Looking for pthread.h - found
[1.252s] -- Performing Test CMAKE_HAVE_LIBC_PTHREAD
[1.340s] -- Performing Test CMAKE_HAVE_LIBC_PTHREAD - Success
[1.341s] -- Found Threads: TRUE  
[1.414s] -- Found example_interfaces: 0.9.3 (/opt/ros/humble/share/example_interfaces/cmake)
[1.434s] -- Found realtime_tools: 2.12.0 (/home/mampane/Desktop/machine_tending_robot/workspace/ros2_kortex_ws/install/realtime_tools/share/realtime_tools/cmake)
[1.553s] -- Configuring done
[1.586s] -- Generating done
[1.594s] -- Build files have been written to: /home/mampane/Desktop/machine_tending_robot/workspace/ros2_kortex_ws/build/picknik_twist_controller
[1.603s] Invoked command in '/home/mampane/Desktop/machine_tending_robot/workspace/ros2_kortex_ws/build/picknik_twist_controller' returned '0': AMENT_PREFIX_PATH=/home/mampane/Desktop/machine_tending_robot/workspace/ros2_kortex_ws/install/controller_interface:/home/mampane/Desktop/machine_tending_robot/workspace/ros2_kortex_ws/install/hardware_interface:/home/mampane/Desktop/machine_tending_robot/workspace/ros2_kortex_ws/install/ros2_control_test_assets:/home/mampane/Desktop/machine_tending_robot/workspace/ros2_kortex_ws/install/realtime_tools:/home/mampane/Desktop/machine_tending_robot/workspace/ros2_kortex_ws/install/control_msgs:${AMENT_PREFIX_PATH} CMAKE_PREFIX_PATH=/home/mampane/Desktop/machine_tending_robot/workspace/ros2_kortex_ws/install/controller_interface:/home/mampane/Desktop/machine_tending_robot/workspace/ros2_kortex_ws/install/hardware_interface:/home/mampane/Desktop/machine_tending_robot/workspace/ros2_kortex_ws/install/ros2_control_test_assets:/home/mampane/Desktop/machine_tending_robot/workspace/ros2_kortex_ws/install/realtime_tools:/home/mampane/Desktop/machine_tending_robot/workspace/ros2_kortex_ws/install/control_msgs:/opt/ros/humble LD_LIBRARY_PATH=/home/mampane/Desktop/machine_tending_robot/workspace/ros2_kortex_ws/install/controller_interface/lib:/home/mampane/Desktop/machine_tending_robot/workspace/ros2_kortex_ws/install/hardware_interface/lib:/home/mampane/Desktop/machine_tending_robot/workspace/ros2_kortex_ws/install/realtime_tools/lib:/home/mampane/Desktop/machine_tending_robot/workspace/ros2_kortex_ws/install/control_msgs/lib:${LD_LIBRARY_PATH} PYTHONPATH=/home/mampane/Desktop/machine_tending_robot/workspace/ros2_kortex_ws/install/control_msgs/local/lib/python3.10/dist-packages:${PYTHONPATH} /usr/bin/cmake /home/mampane/Desktop/machine_tending_robot/workspace/ros2_kortex_ws/src/picknik_controllers/picknik_twist_controller -DCMAKE_BUILD_TYPE=Release -DCMAKE_INSTALL_PREFIX=/home/mampane/Desktop/machine_tending_robot/workspace/ros2_kortex_ws/install/picknik_twist_controller
[1.605s] Invoking command in '/home/mampane/Desktop/machine_tending_robot/workspace/ros2_kortex_ws/build/picknik_twist_controller': AMENT_PREFIX_PATH=/home/mampane/Desktop/machine_tending_robot/workspace/ros2_kortex_ws/install/controller_interface:/home/mampane/Desktop/machine_tending_robot/workspace/ros2_kortex_ws/install/hardware_interface:/home/mampane/Desktop/machine_tending_robot/workspace/ros2_kortex_ws/install/ros2_control_test_assets:/home/mampane/Desktop/machine_tending_robot/workspace/ros2_kortex_ws/install/realtime_tools:/home/mampane/Desktop/machine_tending_robot/workspace/ros2_kortex_ws/install/control_msgs:${AMENT_PREFIX_PATH} CMAKE_PREFIX_PATH=/home/mampane/Desktop/machine_tending_robot/workspace/ros2_kortex_ws/install/controller_interface:/home/mampane/Desktop/machine_tending_robot/workspace/ros2_kortex_ws/install/hardware_interface:/home/mampane/Desktop/machine_tending_robot/workspace/ros2_kortex_ws/install/ros2_control_test_assets:/home/mampane/Desktop/machine_tending_robot/workspace/ros2_kortex_ws/install/realtime_tools:/home/mampane/Desktop/machine_tending_robot/workspace/ros2_kortex_ws/install/control_msgs:/opt/ros/humble LD_LIBRARY_PATH=/home/mampane/Desktop/machine_tending_robot/workspace/ros2_kortex_ws/install/controller_interface/lib:/home/mampane/Desktop/machine_tending_robot/workspace/ros2_kortex_ws/install/hardware_interface/lib:/home/mampane/Desktop/machine_tending_robot/workspace/ros2_kortex_ws/install/realtime_tools/lib:/home/mampane/Desktop/machine_tending_robot/workspace/ros2_kortex_ws/install/control_msgs/lib:${LD_LIBRARY_PATH} PYTHONPATH=/home/mampane/Desktop/machine_tending_robot/workspace/ros2_kortex_ws/install/control_msgs/local/lib/python3.10/dist-packages:${PYTHONPATH} /usr/bin/cmake --build /home/mampane/Desktop/machine_tending_robot/workspace/ros2_kortex_ws/build/picknik_twist_controller -- -j20 -l20
[1.665s] [ 50%] [32mBuilding CXX object CMakeFiles/picknik_twist_controller.dir/src/picknik_twist_controller.cpp.o[0m
[10.286s] [100%] [32m[1mLinking CXX shared library libpicknik_twist_controller.so[0m
[10.455s] [100%] Built target picknik_twist_controller
[10.468s] Invoked command in '/home/mampane/Desktop/machine_tending_robot/workspace/ros2_kortex_ws/build/picknik_twist_controller' returned '0': AMENT_PREFIX_PATH=/home/mampane/Desktop/machine_tending_robot/workspace/ros2_kortex_ws/install/controller_interface:/home/mampane/Desktop/machine_tending_robot/workspace/ros2_kortex_ws/install/hardware_interface:/home/mampane/Desktop/machine_tending_robot/workspace/ros2_kortex_ws/install/ros2_control_test_assets:/home/mampane/Desktop/machine_tending_robot/workspace/ros2_kortex_ws/install/realtime_tools:/home/mampane/Desktop/machine_tending_robot/workspace/ros2_kortex_ws/install/control_msgs:${AMENT_PREFIX_PATH} CMAKE_PREFIX_PATH=/home/mampane/Desktop/machine_tending_robot/workspace/ros2_kortex_ws/install/controller_interface:/home/mampane/Desktop/machine_tending_robot/workspace/ros2_kortex_ws/install/hardware_interface:/home/mampane/Desktop/machine_tending_robot/workspace/ros2_kortex_ws/install/ros2_control_test_assets:/home/mampane/Desktop/machine_tending_robot/workspace/ros2_kortex_ws/install/realtime_tools:/home/mampane/Desktop/machine_tending_robot/workspace/ros2_kortex_ws/install/control_msgs:/opt/ros/humble LD_LIBRARY_PATH=/home/mampane/Desktop/machine_tending_robot/workspace/ros2_kortex_ws/install/controller_interface/lib:/home/mampane/Desktop/machine_tending_robot/workspace/ros2_kortex_ws/install/hardware_interface/lib:/home/mampane/Desktop/machine_tending_robot/workspace/ros2_kortex_ws/install/realtime_tools/lib:/home/mampane/Desktop/machine_tending_robot/workspace/ros2_kortex_ws/install/control_msgs/lib:${LD_LIBRARY_PATH} PYTHONPATH=/home/mampane/Desktop/machine_tending_robot/workspace/ros2_kortex_ws/install/control_msgs/local/lib/python3.10/dist-packages:${PYTHONPATH} /usr/bin/cmake --build /home/mampane/Desktop/machine_tending_robot/workspace/ros2_kortex_ws/build/picknik_twist_controller -- -j20 -l20
[10.469s] Invoking command in '/home/mampane/Desktop/machine_tending_robot/workspace/ros2_kortex_ws/build/picknik_twist_controller': AMENT_PREFIX_PATH=/home/mampane/Desktop/machine_tending_robot/workspace/ros2_kortex_ws/install/controller_interface:/home/mampane/Desktop/machine_tending_robot/workspace/ros2_kortex_ws/install/hardware_interface:/home/mampane/Desktop/machine_tending_robot/workspace/ros2_kortex_ws/install/ros2_control_test_assets:/home/mampane/Desktop/machine_tending_robot/workspace/ros2_kortex_ws/install/realtime_tools:/home/mampane/Desktop/machine_tending_robot/workspace/ros2_kortex_ws/install/control_msgs:${AMENT_PREFIX_PATH} CMAKE_PREFIX_PATH=/home/mampane/Desktop/machine_tending_robot/workspace/ros2_kortex_ws/install/controller_interface:/home/mampane/Desktop/machine_tending_robot/workspace/ros2_kortex_ws/install/hardware_interface:/home/mampane/Desktop/machine_tending_robot/workspace/ros2_kortex_ws/install/ros2_control_test_assets:/home/mampane/Desktop/machine_tending_robot/workspace/ros2_kortex_ws/install/realtime_tools:/home/mampane/Desktop/machine_tending_robot/workspace/ros2_kortex_ws/install/control_msgs:/opt/ros/humble LD_LIBRARY_PATH=/home/mampane/Desktop/machine_tending_robot/workspace/ros2_kortex_ws/install/controller_interface/lib:/home/mampane/Desktop/machine_tending_robot/workspace/ros2_kortex_ws/install/hardware_interface/lib:/home/mampane/Desktop/machine_tending_robot/workspace/ros2_kortex_ws/install/realtime_tools/lib:/home/mampane/Desktop/machine_tending_robot/workspace/ros2_kortex_ws/install/control_msgs/lib:${LD_LIBRARY_PATH} PYTHONPATH=/home/mampane/Desktop/machine_tending_robot/workspace/ros2_kortex_ws/install/control_msgs/local/lib/python3.10/dist-packages:${PYTHONPATH} /usr/bin/cmake --install /home/mampane/Desktop/machine_tending_robot/workspace/ros2_kortex_ws/build/picknik_twist_controller
[10.479s] -- Install configuration: "Release"
[10.479s] -- Installing: /home/mampane/Desktop/machine_tending_robot/workspace/ros2_kortex_ws/install/picknik_twist_controller/share/picknik_twist_controller/controller_plugins.xml
[10.479s] -- Installing: /home/mampane/Desktop/machine_tending_robot/workspace/ros2_kortex_ws/install/picknik_twist_controller/lib/libpicknik_twist_controller.so
[10.480s] -- Set runtime path of "/home/mampane/Desktop/machine_tending_robot/workspace/ros2_kortex_ws/install/picknik_twist_controller/lib/libpicknik_twist_controller.so" to ""
[10.480s] -- Installing: /home/mampane/Desktop/machine_tending_robot/workspace/ros2_kortex_ws/install/picknik_twist_controller/include
[10.481s] -- Installing: /home/mampane/Desktop/machine_tending_robot/workspace/ros2_kortex_ws/install/picknik_twist_controller/include/picknik_twist_controller
[10.481s] -- Installing: /home/mampane/Desktop/machine_tending_robot/workspace/ros2_kortex_ws/install/picknik_twist_controller/include/picknik_twist_controller/picknik_twist_controller.hpp
[10.481s] -- Installing: /home/mampane/Desktop/machine_tending_robot/workspace/ros2_kortex_ws/install/picknik_twist_controller/include/picknik_twist_controller/visibility_control.h
[10.481s] -- Up-to-date: /home/mampane/Desktop/machine_tending_robot/workspace/ros2_kortex_ws/install/picknik_twist_controller/share/picknik_twist_controller/controller_plugins.xml
[10.481s] -- Installing: /home/mampane/Desktop/machine_tending_robot/workspace/ros2_kortex_ws/install/picknik_twist_controller/share/picknik_twist_controller/environment/library_path.sh
[10.481s] -- Installing: /home/mampane/Desktop/machine_tending_robot/workspace/ros2_kortex_ws/install/picknik_twist_controller/share/picknik_twist_controller/environment/library_path.dsv
[10.481s] -- Installing: /home/mampane/Desktop/machine_tending_robot/workspace/ros2_kortex_ws/install/picknik_twist_controller/share/ament_index/resource_index/package_run_dependencies/picknik_twist_controller
[10.481s] -- Installing: /home/mampane/Desktop/machine_tending_robot/workspace/ros2_kortex_ws/install/picknik_twist_controller/share/ament_index/resource_index/parent_prefix_path/picknik_twist_controller
[10.481s] -- Installing: /home/mampane/Desktop/machine_tending_robot/workspace/ros2_kortex_ws/install/picknik_twist_controller/share/picknik_twist_controller/environment/ament_prefix_path.sh
[10.482s] -- Installing: /home/mampane/Desktop/machine_tending_robot/workspace/ros2_kortex_ws/install/picknik_twist_controller/share/picknik_twist_controller/environment/ament_prefix_path.dsv
[10.482s] -- Installing: /home/mampane/Desktop/machine_tending_robot/workspace/ros2_kortex_ws/install/picknik_twist_controller/share/picknik_twist_controller/environment/path.sh
[10.482s] -- Installing: /home/mampane/Desktop/machine_tending_robot/workspace/ros2_kortex_ws/install/picknik_twist_controller/share/picknik_twist_controller/environment/path.dsv
[10.482s] -- Installing: /home/mampane/Desktop/machine_tending_robot/workspace/ros2_kortex_ws/install/picknik_twist_controller/share/picknik_twist_controller/local_setup.bash
[10.482s] -- Installing: /home/mampane/Desktop/machine_tending_robot/workspace/ros2_kortex_ws/install/picknik_twist_controller/share/picknik_twist_controller/local_setup.sh
[10.482s] -- Installing: /home/mampane/Desktop/machine_tending_robot/workspace/ros2_kortex_ws/install/picknik_twist_controller/share/picknik_twist_controller/local_setup.zsh
[10.482s] -- Installing: /home/mampane/Desktop/machine_tending_robot/workspace/ros2_kortex_ws/install/picknik_twist_controller/share/picknik_twist_controller/local_setup.dsv
[10.482s] -- Installing: /home/mampane/Desktop/machine_tending_robot/workspace/ros2_kortex_ws/install/picknik_twist_controller/share/picknik_twist_controller/package.dsv
[10.482s] -- Installing: /home/mampane/Desktop/machine_tending_robot/workspace/ros2_kortex_ws/install/picknik_twist_controller/share/ament_index/resource_index/packages/picknik_twist_controller
[10.482s] -- Installing: /home/mampane/Desktop/machine_tending_robot/workspace/ros2_kortex_ws/install/picknik_twist_controller/share/ament_index/resource_index/controller_interface__pluginlib__plugin/picknik_twist_controller
[10.482s] -- Installing: /home/mampane/Desktop/machine_tending_robot/workspace/ros2_kortex_ws/install/picknik_twist_controller/share/picknik_twist_controller/cmake/ament_cmake_export_dependencies-extras.cmake
[10.483s] -- Installing: /home/mampane/Desktop/machine_tending_robot/workspace/ros2_kortex_ws/install/picknik_twist_controller/share/picknik_twist_controller/cmake/ament_cmake_export_include_directories-extras.cmake
[10.483s] -- Installing: /home/mampane/Desktop/machine_tending_robot/workspace/ros2_kortex_ws/install/picknik_twist_controller/share/picknik_twist_controller/cmake/ament_cmake_export_libraries-extras.cmake
[10.483s] -- Installing: /home/mampane/Desktop/machine_tending_robot/workspace/ros2_kortex_ws/install/picknik_twist_controller/share/picknik_twist_controller/cmake/picknik_twist_controllerConfig.cmake
[10.483s] -- Installing: /home/mampane/Desktop/machine_tending_robot/workspace/ros2_kortex_ws/install/picknik_twist_controller/share/picknik_twist_controller/cmake/picknik_twist_controllerConfig-version.cmake
[10.483s] -- Installing: /home/mampane/Desktop/machine_tending_robot/workspace/ros2_kortex_ws/install/picknik_twist_controller/share/picknik_twist_controller/package.xml
[10.485s] Invoked command in '/home/mampane/Desktop/machine_tending_robot/workspace/ros2_kortex_ws/build/picknik_twist_controller' returned '0': AMENT_PREFIX_PATH=/home/mampane/Desktop/machine_tending_robot/workspace/ros2_kortex_ws/install/controller_interface:/home/mampane/Desktop/machine_tending_robot/workspace/ros2_kortex_ws/install/hardware_interface:/home/mampane/Desktop/machine_tending_robot/workspace/ros2_kortex_ws/install/ros2_control_test_assets:/home/mampane/Desktop/machine_tending_robot/workspace/ros2_kortex_ws/install/realtime_tools:/home/mampane/Desktop/machine_tending_robot/workspace/ros2_kortex_ws/install/control_msgs:${AMENT_PREFIX_PATH} CMAKE_PREFIX_PATH=/home/mampane/Desktop/machine_tending_robot/workspace/ros2_kortex_ws/install/controller_interface:/home/mampane/Desktop/machine_tending_robot/workspace/ros2_kortex_ws/install/hardware_interface:/home/mampane/Desktop/machine_tending_robot/workspace/ros2_kortex_ws/install/ros2_control_test_assets:/home/mampane/Desktop/machine_tending_robot/workspace/ros2_kortex_ws/install/realtime_tools:/home/mampane/Desktop/machine_tending_robot/workspace/ros2_kortex_ws/install/control_msgs:/opt/ros/humble LD_LIBRARY_PATH=/home/mampane/Desktop/machine_tending_robot/workspace/ros2_kortex_ws/install/controller_interface/lib:/home/mampane/Desktop/machine_tending_robot/workspace/ros2_kortex_ws/install/hardware_interface/lib:/home/mampane/Desktop/machine_tending_robot/workspace/ros2_kortex_ws/install/realtime_tools/lib:/home/mampane/Desktop/machine_tending_robot/workspace/ros2_kortex_ws/install/control_msgs/lib:${LD_LIBRARY_PATH} PYTHONPATH=/home/mampane/Desktop/machine_tending_robot/workspace/ros2_kortex_ws/install/control_msgs/local/lib/python3.10/dist-packages:${PYTHONPATH} /usr/bin/cmake --install /home/mampane/Desktop/machine_tending_robot/workspace/ros2_kortex_ws/build/picknik_twist_controller
