[35m[1mConsolidate compiler generated dependencies of target picknik_reset_fault_controller[0m
[100%] Built target picknik_reset_fault_controller
-- Install configuration: "Release"
-- Up-to-date: /home/mampane/Desktop/machine_tending_robot/ros2_kortex_ws/install/picknik_reset_fault_controller/share/picknik_reset_fault_controller/controller_plugins.xml
-- Up-to-date: /home/mampane/Desktop/machine_tending_robot/ros2_kortex_ws/install/picknik_reset_fault_controller/lib/libpicknik_reset_fault_controller.so
-- Up-to-date: /home/mampane/Desktop/machine_tending_robot/ros2_kortex_ws/install/picknik_reset_fault_controller/include
-- Up-to-date: /home/mampane/Desktop/machine_tending_robot/ros2_kortex_ws/install/picknik_reset_fault_controller/include/picknik_reset_fault_controller
-- Up-to-date: /home/mampane/Desktop/machine_tending_robot/ros2_kortex_ws/install/picknik_reset_fault_controller/include/picknik_reset_fault_controller/picknik_reset_fault_controller.hpp
-- Up-to-date: /home/mampane/Desktop/machine_tending_robot/ros2_kortex_ws/install/picknik_reset_fault_controller/include/picknik_reset_fault_controller/visibility_control.h
-- Up-to-date: /home/mampane/Desktop/machine_tending_robot/ros2_kortex_ws/install/picknik_reset_fault_controller/share/picknik_reset_fault_controller/controller_plugins.xml
-- Up-to-date: /home/mampane/Desktop/machine_tending_robot/ros2_kortex_ws/install/picknik_reset_fault_controller/share/picknik_reset_fault_controller/environment/library_path.sh
-- Up-to-date: /home/mampane/Desktop/machine_tending_robot/ros2_kortex_ws/install/picknik_reset_fault_controller/share/picknik_reset_fault_controller/environment/library_path.dsv
-- Up-to-date: /home/mampane/Desktop/machine_tending_robot/ros2_kortex_ws/install/picknik_reset_fault_controller/share/ament_index/resource_index/package_run_dependencies/picknik_reset_fault_controller
-- Up-to-date: /home/mampane/Desktop/machine_tending_robot/ros2_kortex_ws/install/picknik_reset_fault_controller/share/ament_index/resource_index/parent_prefix_path/picknik_reset_fault_controller
-- Up-to-date: /home/mampane/Desktop/machine_tending_robot/ros2_kortex_ws/install/picknik_reset_fault_controller/share/picknik_reset_fault_controller/environment/ament_prefix_path.sh
-- Up-to-date: /home/mampane/Desktop/machine_tending_robot/ros2_kortex_ws/install/picknik_reset_fault_controller/share/picknik_reset_fault_controller/environment/ament_prefix_path.dsv
-- Up-to-date: /home/mampane/Desktop/machine_tending_robot/ros2_kortex_ws/install/picknik_reset_fault_controller/share/picknik_reset_fault_controller/environment/path.sh
-- Up-to-date: /home/mampane/Desktop/machine_tending_robot/ros2_kortex_ws/install/picknik_reset_fault_controller/share/picknik_reset_fault_controller/environment/path.dsv
-- Up-to-date: /home/mampane/Desktop/machine_tending_robot/ros2_kortex_ws/install/picknik_reset_fault_controller/share/picknik_reset_fault_controller/local_setup.bash
-- Up-to-date: /home/mampane/Desktop/machine_tending_robot/ros2_kortex_ws/install/picknik_reset_fault_controller/share/picknik_reset_fault_controller/local_setup.sh
-- Up-to-date: /home/mampane/Desktop/machine_tending_robot/ros2_kortex_ws/install/picknik_reset_fault_controller/share/picknik_reset_fault_controller/local_setup.zsh
-- Up-to-date: /home/mampane/Desktop/machine_tending_robot/ros2_kortex_ws/install/picknik_reset_fault_controller/share/picknik_reset_fault_controller/local_setup.dsv
-- Installing: /home/mampane/Desktop/machine_tending_robot/ros2_kortex_ws/install/picknik_reset_fault_controller/share/picknik_reset_fault_controller/package.dsv
-- Up-to-date: /home/mampane/Desktop/machine_tending_robot/ros2_kortex_ws/install/picknik_reset_fault_controller/share/ament_index/resource_index/packages/picknik_reset_fault_controller
-- Up-to-date: /home/mampane/Desktop/machine_tending_robot/ros2_kortex_ws/install/picknik_reset_fault_controller/share/ament_index/resource_index/controller_interface__pluginlib__plugin/picknik_reset_fault_controller
-- Up-to-date: /home/mampane/Desktop/machine_tending_robot/ros2_kortex_ws/install/picknik_reset_fault_controller/share/picknik_reset_fault_controller/cmake/ament_cmake_export_dependencies-extras.cmake
-- Up-to-date: /home/mampane/Desktop/machine_tending_robot/ros2_kortex_ws/install/picknik_reset_fault_controller/share/picknik_reset_fault_controller/cmake/ament_cmake_export_include_directories-extras.cmake
-- Up-to-date: /home/mampane/Desktop/machine_tending_robot/ros2_kortex_ws/install/picknik_reset_fault_controller/share/picknik_reset_fault_controller/cmake/ament_cmake_export_libraries-extras.cmake
-- Up-to-date: /home/mampane/Desktop/machine_tending_robot/ros2_kortex_ws/install/picknik_reset_fault_controller/share/picknik_reset_fault_controller/cmake/picknik_reset_fault_controllerConfig.cmake
-- Up-to-date: /home/mampane/Desktop/machine_tending_robot/ros2_kortex_ws/install/picknik_reset_fault_controller/share/picknik_reset_fault_controller/cmake/picknik_reset_fault_controllerConfig-version.cmake
-- Up-to-date: /home/mampane/Desktop/machine_tending_robot/ros2_kortex_ws/install/picknik_reset_fault_controller/share/picknik_reset_fault_controller/package.xml
