-- The C compiler identification is GNU 11.4.0
-- The CXX compiler identification is GNU 11.4.0
-- Detecting C compiler ABI info
-- Detecting C compiler ABI info - done
-- Check for working C compiler: /usr/bin/cc - skipped
-- Detecting C compile features
-- Detecting C compile features - done
-- Detecting CXX compiler ABI info
-- Detecting CXX compiler ABI info - done
-- Check for working CXX compiler: /usr/bin/c++ - skipped
-- Detecting CXX compile features
-- Detecting CXX compile features - done
-- Found ament_cmake: 1.3.11 (/opt/ros/humble/share/ament_cmake/cmake)
-- Found Python3: /usr/bin/python3 (found version "3.10.12") found components: Interpreter 
-- Override CMake install command with custom implementation using symlinks instead of copying resources
-- Found ament_index_cpp: 1.4.0 (/opt/ros/humble/share/ament_index_cpp/cmake)
-- Configuring done
-- Generating done
-- Build files have been written to: /home/mampane/Desktop/machine_tending_robot/ros2_kortex_ws/build/ros_ign_bridge
[ 25%] [32mBuilding CXX object CMakeFiles/parameter_bridge.dir/src/parameter_bridge_shim.cpp.o[0m
[ 50%] [32mBuilding CXX object CMakeFiles/static_bridge.dir/src/static_bridge_shim.cpp.o[0m
[ 75%] [32m[1mLinking CXX executable static_bridge[0m
[100%] [32m[1mLinking CXX executable parameter_bridge[0m
[100%] Built target static_bridge
[100%] Built target parameter_bridge
-- Install configuration: ""
-- Execute custom install script
-- Symlinking: /home/mampane/Desktop/machine_tending_robot/ros2_kortex_ws/install/ros_ign_bridge/lib/ros_ign_bridge/parameter_bridge
-- Symlinking: /home/mampane/Desktop/machine_tending_robot/ros2_kortex_ws/install/ros_ign_bridge/lib/ros_ign_bridge/static_bridge
-- Symlinking: /home/mampane/Desktop/machine_tending_robot/ros2_kortex_ws/install/ros_ign_bridge/share/ament_index/resource_index/package_run_dependencies/ros_ign_bridge
-- Symlinking: /home/mampane/Desktop/machine_tending_robot/ros2_kortex_ws/install/ros_ign_bridge/share/ament_index/resource_index/parent_prefix_path/ros_ign_bridge
-- Symlinking: /home/mampane/Desktop/machine_tending_robot/ros2_kortex_ws/install/ros_ign_bridge/share/ros_ign_bridge/environment/ament_prefix_path.sh
-- Symlinking: /home/mampane/Desktop/machine_tending_robot/ros2_kortex_ws/install/ros_ign_bridge/share/ros_ign_bridge/environment/ament_prefix_path.dsv
-- Symlinking: /home/mampane/Desktop/machine_tending_robot/ros2_kortex_ws/install/ros_ign_bridge/share/ros_ign_bridge/environment/path.sh
-- Symlinking: /home/mampane/Desktop/machine_tending_robot/ros2_kortex_ws/install/ros_ign_bridge/share/ros_ign_bridge/environment/path.dsv
-- Symlinking: /home/mampane/Desktop/machine_tending_robot/ros2_kortex_ws/install/ros_ign_bridge/share/ros_ign_bridge/local_setup.bash
-- Symlinking: /home/mampane/Desktop/machine_tending_robot/ros2_kortex_ws/install/ros_ign_bridge/share/ros_ign_bridge/local_setup.sh
-- Symlinking: /home/mampane/Desktop/machine_tending_robot/ros2_kortex_ws/install/ros_ign_bridge/share/ros_ign_bridge/local_setup.zsh
-- Symlinking: /home/mampane/Desktop/machine_tending_robot/ros2_kortex_ws/install/ros_ign_bridge/share/ros_ign_bridge/local_setup.dsv
-- Symlinking: /home/mampane/Desktop/machine_tending_robot/ros2_kortex_ws/install/ros_ign_bridge/share/ros_ign_bridge/package.dsv
-- Symlinking: /home/mampane/Desktop/machine_tending_robot/ros2_kortex_ws/install/ros_ign_bridge/share/ament_index/resource_index/packages/ros_ign_bridge
-- Symlinking: /home/mampane/Desktop/machine_tending_robot/ros2_kortex_ws/install/ros_ign_bridge/share/ros_ign_bridge/cmake/ament_cmake_export_dependencies-extras.cmake
-- Symlinking: /home/mampane/Desktop/machine_tending_robot/ros2_kortex_ws/install/ros_ign_bridge/share/ros_ign_bridge/cmake/ros_ign_bridgeConfig.cmake
-- Symlinking: /home/mampane/Desktop/machine_tending_robot/ros2_kortex_ws/install/ros_ign_bridge/share/ros_ign_bridge/cmake/ros_ign_bridgeConfig-version.cmake
-- Symlinking: /home/mampane/Desktop/machine_tending_robot/ros2_kortex_ws/install/ros_ign_bridge/share/ros_ign_bridge/package.xml
