[0.008s] Invoking command in '/home/mampane/Desktop/machine_tending_robot/ros2_kortex_ws/build/ros_ign_bridge': AMENT_PREFIX_PATH=/home/mampane/Desktop/machine_tending_robot/ros2_kortex_ws/install/ros_gz_bridge:/home/mampane/Desktop/machine_tending_robot/ros2_kortex_ws/install/ros_gz_interfaces:${AMENT_PREFIX_PATH} CMAKE_PREFIX_PATH=/home/mampane/Desktop/machine_tending_robot/ros2_kortex_ws/install/ros_gz_bridge:/home/mampane/Desktop/machine_tending_robot/ros2_kortex_ws/install/ros_gz_interfaces:/opt/ros/humble LD_LIBRARY_PATH=/home/mampane/Desktop/machine_tending_robot/ros2_kortex_ws/install/ros_gz_bridge/lib:/home/mampane/Desktop/machine_tending_robot/ros2_kortex_ws/install/ros_gz_interfaces/lib:${LD_LIBRARY_PATH} PYTHONPATH=/home/mampane/Desktop/machine_tending_robot/ros2_kortex_ws/install/ros_gz_interfaces/local/lib/python3.10/dist-packages:${PYTHONPATH} /usr/bin/cmake /home/mampane/Desktop/machine_tending_robot/ros2_kortex_ws/src/ros_gz/ros_ign_bridge -DAMENT_CMAKE_SYMLINK_INSTALL=1 -DCMAKE_INSTALL_PREFIX=/home/mampane/Desktop/machine_tending_robot/ros2_kortex_ws/install/ros_ign_bridge
[0.047s] -- The C compiler identification is GNU 11.4.0
[0.088s] -- The CXX compiler identification is GNU 11.4.0
[0.094s] -- Detecting C compiler ABI info
[0.143s] -- Detecting C compiler ABI info - done
[0.150s] -- Check for working C compiler: /usr/bin/cc - skipped
[0.150s] -- Detecting C compile features
[0.151s] -- Detecting C compile features - done
[0.153s] -- Detecting CXX compiler ABI info
[0.204s] -- Detecting CXX compiler ABI info - done
[0.209s] -- Check for working CXX compiler: /usr/bin/c++ - skipped
[0.210s] -- Detecting CXX compile features
[0.210s] -- Detecting CXX compile features - done
[0.211s] -- Found ament_cmake: 1.3.11 (/opt/ros/humble/share/ament_cmake/cmake)
[0.310s] -- Found Python3: /usr/bin/python3 (found version "3.10.12") found components: Interpreter 
[0.350s] -- Override CMake install command with custom implementation using symlinks instead of copying resources
[0.374s] -- Found ament_index_cpp: 1.4.0 (/opt/ros/humble/share/ament_index_cpp/cmake)
[0.419s] -- Configuring done
[0.423s] -- Generating done
[0.424s] -- Build files have been written to: /home/mampane/Desktop/machine_tending_robot/ros2_kortex_ws/build/ros_ign_bridge
[0.428s] Invoked command in '/home/mampane/Desktop/machine_tending_robot/ros2_kortex_ws/build/ros_ign_bridge' returned '0': AMENT_PREFIX_PATH=/home/mampane/Desktop/machine_tending_robot/ros2_kortex_ws/install/ros_gz_bridge:/home/mampane/Desktop/machine_tending_robot/ros2_kortex_ws/install/ros_gz_interfaces:${AMENT_PREFIX_PATH} CMAKE_PREFIX_PATH=/home/mampane/Desktop/machine_tending_robot/ros2_kortex_ws/install/ros_gz_bridge:/home/mampane/Desktop/machine_tending_robot/ros2_kortex_ws/install/ros_gz_interfaces:/opt/ros/humble LD_LIBRARY_PATH=/home/mampane/Desktop/machine_tending_robot/ros2_kortex_ws/install/ros_gz_bridge/lib:/home/mampane/Desktop/machine_tending_robot/ros2_kortex_ws/install/ros_gz_interfaces/lib:${LD_LIBRARY_PATH} PYTHONPATH=/home/mampane/Desktop/machine_tending_robot/ros2_kortex_ws/install/ros_gz_interfaces/local/lib/python3.10/dist-packages:${PYTHONPATH} /usr/bin/cmake /home/mampane/Desktop/machine_tending_robot/ros2_kortex_ws/src/ros_gz/ros_ign_bridge -DAMENT_CMAKE_SYMLINK_INSTALL=1 -DCMAKE_INSTALL_PREFIX=/home/mampane/Desktop/machine_tending_robot/ros2_kortex_ws/install/ros_ign_bridge
[0.428s] Invoking command in '/home/mampane/Desktop/machine_tending_robot/ros2_kortex_ws/build/ros_ign_bridge': AMENT_PREFIX_PATH=/home/mampane/Desktop/machine_tending_robot/ros2_kortex_ws/install/ros_gz_bridge:/home/mampane/Desktop/machine_tending_robot/ros2_kortex_ws/install/ros_gz_interfaces:${AMENT_PREFIX_PATH} CMAKE_PREFIX_PATH=/home/mampane/Desktop/machine_tending_robot/ros2_kortex_ws/install/ros_gz_bridge:/home/mampane/Desktop/machine_tending_robot/ros2_kortex_ws/install/ros_gz_interfaces:/opt/ros/humble LD_LIBRARY_PATH=/home/mampane/Desktop/machine_tending_robot/ros2_kortex_ws/install/ros_gz_bridge/lib:/home/mampane/Desktop/machine_tending_robot/ros2_kortex_ws/install/ros_gz_interfaces/lib:${LD_LIBRARY_PATH} PYTHONPATH=/home/mampane/Desktop/machine_tending_robot/ros2_kortex_ws/install/ros_gz_interfaces/local/lib/python3.10/dist-packages:${PYTHONPATH} /usr/bin/cmake --build /home/mampane/Desktop/machine_tending_robot/ros2_kortex_ws/build/ros_ign_bridge -- -j20 -l20
[0.464s] [ 25%] [32mBuilding CXX object CMakeFiles/parameter_bridge.dir/src/parameter_bridge_shim.cpp.o[0m
[0.466s] [ 50%] [32mBuilding CXX object CMakeFiles/static_bridge.dir/src/static_bridge_shim.cpp.o[0m
[0.611s] [ 75%] [32m[1mLinking CXX executable static_bridge[0m
[0.613s] [100%] [32m[1mLinking CXX executable parameter_bridge[0m
[0.665s] [100%] Built target static_bridge
[0.670s] [100%] Built target parameter_bridge
[0.678s] Invoked command in '/home/mampane/Desktop/machine_tending_robot/ros2_kortex_ws/build/ros_ign_bridge' returned '0': AMENT_PREFIX_PATH=/home/mampane/Desktop/machine_tending_robot/ros2_kortex_ws/install/ros_gz_bridge:/home/mampane/Desktop/machine_tending_robot/ros2_kortex_ws/install/ros_gz_interfaces:${AMENT_PREFIX_PATH} CMAKE_PREFIX_PATH=/home/mampane/Desktop/machine_tending_robot/ros2_kortex_ws/install/ros_gz_bridge:/home/mampane/Desktop/machine_tending_robot/ros2_kortex_ws/install/ros_gz_interfaces:/opt/ros/humble LD_LIBRARY_PATH=/home/mampane/Desktop/machine_tending_robot/ros2_kortex_ws/install/ros_gz_bridge/lib:/home/mampane/Desktop/machine_tending_robot/ros2_kortex_ws/install/ros_gz_interfaces/lib:${LD_LIBRARY_PATH} PYTHONPATH=/home/mampane/Desktop/machine_tending_robot/ros2_kortex_ws/install/ros_gz_interfaces/local/lib/python3.10/dist-packages:${PYTHONPATH} /usr/bin/cmake --build /home/mampane/Desktop/machine_tending_robot/ros2_kortex_ws/build/ros_ign_bridge -- -j20 -l20
[0.679s] Invoking command in '/home/mampane/Desktop/machine_tending_robot/ros2_kortex_ws/build/ros_ign_bridge': AMENT_PREFIX_PATH=/home/mampane/Desktop/machine_tending_robot/ros2_kortex_ws/install/ros_gz_bridge:/home/mampane/Desktop/machine_tending_robot/ros2_kortex_ws/install/ros_gz_interfaces:${AMENT_PREFIX_PATH} CMAKE_PREFIX_PATH=/home/mampane/Desktop/machine_tending_robot/ros2_kortex_ws/install/ros_gz_bridge:/home/mampane/Desktop/machine_tending_robot/ros2_kortex_ws/install/ros_gz_interfaces:/opt/ros/humble LD_LIBRARY_PATH=/home/mampane/Desktop/machine_tending_robot/ros2_kortex_ws/install/ros_gz_bridge/lib:/home/mampane/Desktop/machine_tending_robot/ros2_kortex_ws/install/ros_gz_interfaces/lib:${LD_LIBRARY_PATH} PYTHONPATH=/home/mampane/Desktop/machine_tending_robot/ros2_kortex_ws/install/ros_gz_interfaces/local/lib/python3.10/dist-packages:${PYTHONPATH} /usr/bin/cmake --install /home/mampane/Desktop/machine_tending_robot/ros2_kortex_ws/build/ros_ign_bridge
[0.685s] -- Install configuration: ""
[0.685s] -- Execute custom install script
[0.685s] -- Symlinking: /home/mampane/Desktop/machine_tending_robot/ros2_kortex_ws/install/ros_ign_bridge/lib/ros_ign_bridge/parameter_bridge
[0.693s] -- Symlinking: /home/mampane/Desktop/machine_tending_robot/ros2_kortex_ws/install/ros_ign_bridge/lib/ros_ign_bridge/static_bridge
[0.701s] -- Symlinking: /home/mampane/Desktop/machine_tending_robot/ros2_kortex_ws/install/ros_ign_bridge/share/ament_index/resource_index/package_run_dependencies/ros_ign_bridge
[0.707s] -- Symlinking: /home/mampane/Desktop/machine_tending_robot/ros2_kortex_ws/install/ros_ign_bridge/share/ament_index/resource_index/parent_prefix_path/ros_ign_bridge
[0.713s] -- Symlinking: /home/mampane/Desktop/machine_tending_robot/ros2_kortex_ws/install/ros_ign_bridge/share/ros_ign_bridge/environment/ament_prefix_path.sh
[0.719s] -- Symlinking: /home/mampane/Desktop/machine_tending_robot/ros2_kortex_ws/install/ros_ign_bridge/share/ros_ign_bridge/environment/ament_prefix_path.dsv
[0.726s] -- Symlinking: /home/mampane/Desktop/machine_tending_robot/ros2_kortex_ws/install/ros_ign_bridge/share/ros_ign_bridge/environment/path.sh
[0.732s] -- Symlinking: /home/mampane/Desktop/machine_tending_robot/ros2_kortex_ws/install/ros_ign_bridge/share/ros_ign_bridge/environment/path.dsv
[0.739s] -- Symlinking: /home/mampane/Desktop/machine_tending_robot/ros2_kortex_ws/install/ros_ign_bridge/share/ros_ign_bridge/local_setup.bash
[0.746s] -- Symlinking: /home/mampane/Desktop/machine_tending_robot/ros2_kortex_ws/install/ros_ign_bridge/share/ros_ign_bridge/local_setup.sh
[0.754s] -- Symlinking: /home/mampane/Desktop/machine_tending_robot/ros2_kortex_ws/install/ros_ign_bridge/share/ros_ign_bridge/local_setup.zsh
[0.761s] -- Symlinking: /home/mampane/Desktop/machine_tending_robot/ros2_kortex_ws/install/ros_ign_bridge/share/ros_ign_bridge/local_setup.dsv
[0.768s] -- Symlinking: /home/mampane/Desktop/machine_tending_robot/ros2_kortex_ws/install/ros_ign_bridge/share/ros_ign_bridge/package.dsv
[0.773s] -- Symlinking: /home/mampane/Desktop/machine_tending_robot/ros2_kortex_ws/install/ros_ign_bridge/share/ament_index/resource_index/packages/ros_ign_bridge
[0.780s] -- Symlinking: /home/mampane/Desktop/machine_tending_robot/ros2_kortex_ws/install/ros_ign_bridge/share/ros_ign_bridge/cmake/ament_cmake_export_dependencies-extras.cmake
[0.787s] -- Symlinking: /home/mampane/Desktop/machine_tending_robot/ros2_kortex_ws/install/ros_ign_bridge/share/ros_ign_bridge/cmake/ros_ign_bridgeConfig.cmake
[0.795s] -- Symlinking: /home/mampane/Desktop/machine_tending_robot/ros2_kortex_ws/install/ros_ign_bridge/share/ros_ign_bridge/cmake/ros_ign_bridgeConfig-version.cmake
[0.802s] -- Symlinking: /home/mampane/Desktop/machine_tending_robot/ros2_kortex_ws/install/ros_ign_bridge/share/ros_ign_bridge/package.xml
[0.809s] Invoked command in '/home/mampane/Desktop/machine_tending_robot/ros2_kortex_ws/build/ros_ign_bridge' returned '0': AMENT_PREFIX_PATH=/home/mampane/Desktop/machine_tending_robot/ros2_kortex_ws/install/ros_gz_bridge:/home/mampane/Desktop/machine_tending_robot/ros2_kortex_ws/install/ros_gz_interfaces:${AMENT_PREFIX_PATH} CMAKE_PREFIX_PATH=/home/mampane/Desktop/machine_tending_robot/ros2_kortex_ws/install/ros_gz_bridge:/home/mampane/Desktop/machine_tending_robot/ros2_kortex_ws/install/ros_gz_interfaces:/opt/ros/humble LD_LIBRARY_PATH=/home/mampane/Desktop/machine_tending_robot/ros2_kortex_ws/install/ros_gz_bridge/lib:/home/mampane/Desktop/machine_tending_robot/ros2_kortex_ws/install/ros_gz_interfaces/lib:${LD_LIBRARY_PATH} PYTHONPATH=/home/mampane/Desktop/machine_tending_robot/ros2_kortex_ws/install/ros_gz_interfaces/local/lib/python3.10/dist-packages:${PYTHONPATH} /usr/bin/cmake --install /home/mampane/Desktop/machine_tending_robot/ros2_kortex_ws/build/ros_ign_bridge
