[0.031s] Invoking command in '/home/mampane/Desktop/machine_tending_robot/ros2_kortex_ws/build/controller_interface': AMENT_PREFIX_PATH=/home/mampane/Desktop/machine_tending_robot/ros2_kortex_ws/install/hardware_interface:/home/mampane/Desktop/machine_tending_robot/ros2_kortex_ws/install/ros2_control_test_assets:/home/mampane/Desktop/machine_tending_robot/ros2_kortex_ws/install/control_msgs:${AMENT_PREFIX_PATH} CMAKE_PREFIX_PATH=/home/mampane/Desktop/machine_tending_robot/ros2_kortex_ws/install/hardware_interface:/home/mampane/Desktop/machine_tending_robot/ros2_kortex_ws/install/ros2_control_test_assets:/home/mampane/Desktop/machine_tending_robot/ros2_kortex_ws/install/control_msgs:/opt/ros/humble LD_LIBRARY_PATH=/home/mampane/Desktop/machine_tending_robot/ros2_kortex_ws/install/hardware_interface/lib:/home/mampane/Desktop/machine_tending_robot/ros2_kortex_ws/install/control_msgs/lib:${LD_LIBRARY_PATH} PYTHONPATH=/home/mampane/Desktop/machine_tending_robot/ros2_kortex_ws/install/control_msgs/local/lib/python3.10/dist-packages:${PYTHONPATH} /usr/bin/cmake /home/mampane/Desktop/machine_tending_robot/ros2_kortex_ws/src/ros2_control/controller_interface -DAMENT_CMAKE_SYMLINK_INSTALL=1 -DCMAKE_INSTALL_PREFIX=/home/mampane/Desktop/machine_tending_robot/ros2_kortex_ws/install/controller_interface
[0.105s] -- The C compiler identification is GNU 11.4.0
[0.180s] -- The CXX compiler identification is GNU 11.4.0
[0.195s] -- Detecting C compiler ABI info
[0.284s] -- Detecting C compiler ABI info - done
[0.298s] -- Check for working C compiler: /usr/bin/cc - skipped
[0.298s] -- Detecting C compile features
[0.299s] -- Detecting C compile features - done
[0.304s] -- Detecting CXX compiler ABI info
[0.417s] -- Detecting CXX compiler ABI info - done
[0.431s] -- Check for working CXX compiler: /usr/bin/c++ - skipped
[0.432s] -- Detecting CXX compile features
[0.433s] -- Detecting CXX compile features - done
[0.436s] -- Found ament_cmake: 1.3.11 (/opt/ros/humble/share/ament_cmake/cmake)
[0.686s] -- Found Python3: /usr/bin/python3 (found version "3.10.12") found components: Interpreter 
[0.757s] -- Override CMake install command with custom implementation using symlinks instead of copying resources
[0.806s] -- Found hardware_interface: 2.48.0 (/home/mampane/Desktop/machine_tending_robot/ros2_kortex_ws/install/hardware_interface/share/hardware_interface/cmake)
[0.883s] -- Found rosidl_generator_c: 3.1.6 (/opt/ros/humble/share/rosidl_generator_c/cmake)
[0.893s] -- Found rosidl_adapter: 3.1.6 (/opt/ros/humble/share/rosidl_adapter/cmake)
[0.909s] -- Found rosidl_generator_cpp: 3.1.6 (/opt/ros/humble/share/rosidl_generator_cpp/cmake)
[0.946s] -- Using all available rosidl_typesupport_c: rosidl_typesupport_fastrtps_c;rosidl_typesupport_introspection_c
[0.965s] -- Using all available rosidl_typesupport_cpp: rosidl_typesupport_fastrtps_cpp;rosidl_typesupport_introspection_cpp
[1.371s] -- Found rmw_implementation_cmake: 6.1.2 (/opt/ros/humble/share/rmw_implementation_cmake/cmake)
[1.373s] -- Found rmw_fastrtps_cpp: 6.2.7 (/opt/ros/humble/share/rmw_fastrtps_cpp/cmake)
[1.404s] -- Found TinyXML2 via Config file: TinyXML2_DIR-NOTFOUND
[1.466s] -- Found OpenSSL: /usr/lib/x86_64-linux-gnu/libcrypto.so (found version "3.0.2")  
[1.470s] -- Found TinyXML2 via Config file: TinyXML2_DIR-NOTFOUND
[1.487s] -- Found FastRTPS: /opt/ros/humble/include  
[1.491s] -- Found TinyXML2 via Config file: TinyXML2_DIR-NOTFOUND
[1.500s] -- Found TinyXML2 via Config file: TinyXML2_DIR-NOTFOUND
[1.518s] -- Using RMW implementation 'rmw_fastrtps_cpp' as default
[1.539s] -- Looking for pthread.h
[1.643s] -- Looking for pthread.h - found
[1.643s] -- Performing Test CMAKE_HAVE_LIBC_PTHREAD
[1.754s] -- Performing Test CMAKE_HAVE_LIBC_PTHREAD - Success
[1.756s] -- Found Threads: TRUE  
[1.829s] -- Found ament_cmake_gmock: 1.3.11 (/opt/ros/humble/share/ament_cmake_gmock/cmake)
[1.832s] -- Found gmock sources under '/opt/ros/humble/src/gmock_vendor': C++ tests using 'Google Mock' will be built
[1.837s] -- Found ament_cmake_gtest: 1.3.11 (/opt/ros/humble/share/ament_cmake_gtest/cmake)
[1.840s] -- Found gtest sources under '/opt/ros/humble/src/gtest_vendor': C++ tests using 'Google Test' will be built
[2.009s] -- Configuring done
[2.192s] -- Generating done
[2.228s] -- Build files have been written to: /home/mampane/Desktop/machine_tending_robot/ros2_kortex_ws/build/controller_interface
[2.243s] Invoked command in '/home/mampane/Desktop/machine_tending_robot/ros2_kortex_ws/build/controller_interface' returned '0': AMENT_PREFIX_PATH=/home/mampane/Desktop/machine_tending_robot/ros2_kortex_ws/install/hardware_interface:/home/mampane/Desktop/machine_tending_robot/ros2_kortex_ws/install/ros2_control_test_assets:/home/mampane/Desktop/machine_tending_robot/ros2_kortex_ws/install/control_msgs:${AMENT_PREFIX_PATH} CMAKE_PREFIX_PATH=/home/mampane/Desktop/machine_tending_robot/ros2_kortex_ws/install/hardware_interface:/home/mampane/Desktop/machine_tending_robot/ros2_kortex_ws/install/ros2_control_test_assets:/home/mampane/Desktop/machine_tending_robot/ros2_kortex_ws/install/control_msgs:/opt/ros/humble LD_LIBRARY_PATH=/home/mampane/Desktop/machine_tending_robot/ros2_kortex_ws/install/hardware_interface/lib:/home/mampane/Desktop/machine_tending_robot/ros2_kortex_ws/install/control_msgs/lib:${LD_LIBRARY_PATH} PYTHONPATH=/home/mampane/Desktop/machine_tending_robot/ros2_kortex_ws/install/control_msgs/local/lib/python3.10/dist-packages:${PYTHONPATH} /usr/bin/cmake /home/mampane/Desktop/machine_tending_robot/ros2_kortex_ws/src/ros2_control/controller_interface -DAMENT_CMAKE_SYMLINK_INSTALL=1 -DCMAKE_INSTALL_PREFIX=/home/mampane/Desktop/machine_tending_robot/ros2_kortex_ws/install/controller_interface
[2.244s] Invoking command in '/home/mampane/Desktop/machine_tending_robot/ros2_kortex_ws/build/controller_interface': AMENT_PREFIX_PATH=/home/mampane/Desktop/machine_tending_robot/ros2_kortex_ws/install/hardware_interface:/home/mampane/Desktop/machine_tending_robot/ros2_kortex_ws/install/ros2_control_test_assets:/home/mampane/Desktop/machine_tending_robot/ros2_kortex_ws/install/control_msgs:${AMENT_PREFIX_PATH} CMAKE_PREFIX_PATH=/home/mampane/Desktop/machine_tending_robot/ros2_kortex_ws/install/hardware_interface:/home/mampane/Desktop/machine_tending_robot/ros2_kortex_ws/install/ros2_control_test_assets:/home/mampane/Desktop/machine_tending_robot/ros2_kortex_ws/install/control_msgs:/opt/ros/humble LD_LIBRARY_PATH=/home/mampane/Desktop/machine_tending_robot/ros2_kortex_ws/install/hardware_interface/lib:/home/mampane/Desktop/machine_tending_robot/ros2_kortex_ws/install/control_msgs/lib:${LD_LIBRARY_PATH} PYTHONPATH=/home/mampane/Desktop/machine_tending_robot/ros2_kortex_ws/install/control_msgs/local/lib/python3.10/dist-packages:${PYTHONPATH} /usr/bin/cmake --build /home/mampane/Desktop/machine_tending_robot/ros2_kortex_ws/build/controller_interface -- -j20 -l20
[2.302s] [  8%] [32mBuilding CXX object gmock/CMakeFiles/gmock_main.dir/src/gmock_main.cc.o[0m
[2.302s] [  8%] [32mBuilding CXX object gmock/CMakeFiles/gmock.dir/src/gmock-all.cc.o[0m
[2.302s] [ 12%] [34m[1mGenerating controller_interface/version.h[0m
[2.310s] [ 16%] [32mBuilding CXX object gmock/CMakeFiles/gmock.dir/opt/ros/humble/src/gtest_vendor/src/gtest-all.cc.o[0m
[2.331s] [ 16%] Built target ament_generate_version_header__controller_interface
[2.367s] [ 20%] [32mBuilding CXX object CMakeFiles/controller_interface.dir/src/controller_interface_base.cpp.o[0m
[2.383s] [ 25%] [32mBuilding CXX object CMakeFiles/controller_interface.dir/src/controller_interface.cpp.o[0m
[2.387s] [ 29%] [32mBuilding CXX object CMakeFiles/controller_interface.dir/src/chainable_controller_interface.cpp.o[0m
[5.016s] [ 33%] [32m[1mLinking CXX static library libgmock_main.a[0m
[5.347s] [ 33%] Built target gmock_main
[11.004s] [ 37%] [32m[1mLinking CXX static library libgmock.a[0m
[11.130s] [ 37%] Built target gmock
[11.168s] [ 41%] [32mBuilding CXX object CMakeFiles/test_imu_sensor.dir/test/test_imu_sensor.cpp.o[0m
[11.181s] [ 45%] [32mBuilding CXX object CMakeFiles/test_force_torque_sensor.dir/test/test_force_torque_sensor.cpp.o[0m
[11.190s] [ 50%] [32mBuilding CXX object CMakeFiles/test_pose_sensor.dir/test/test_pose_sensor.cpp.o[0m
[11.228s] [ 54%] [32mBuilding CXX object CMakeFiles/test_semantic_component_interface.dir/test/test_semantic_component_interface.cpp.o[0m
[16.207s] [ 58%] [32m[1mLinking CXX executable test_semantic_component_interface[0m
[16.563s] [ 62%] [32m[1mLinking CXX executable test_pose_sensor[0m
[17.361s] [ 66%] [32m[1mLinking CXX shared library libcontroller_interface.so[0m
[17.364s] [ 66%] Built target test_pose_sensor
[17.633s] [ 66%] Built target controller_interface
[17.703s] [ 70%] [32mBuilding CXX object CMakeFiles/test_controller_interface.dir/test/test_controller_interface.cpp.o[0m
[17.707s] [ 75%] [32mBuilding CXX object CMakeFiles/test_controller_with_options.dir/test/test_controller_with_options.cpp.o[0m
[17.763s] [ 79%] [32mBuilding CXX object CMakeFiles/test_chainable_controller_interface.dir/test/test_chainable_controller_interface.cpp.o[0m
[18.277s] [ 83%] [32m[1mLinking CXX executable test_force_torque_sensor[0m
[18.519s] [ 87%] [32m[1mLinking CXX executable test_imu_sensor[0m
[19.018s] [ 87%] Built target test_semantic_component_interface
[19.329s] [ 87%] Built target test_imu_sensor
[19.642s] [ 87%] Built target test_force_torque_sensor
[26.070s] [ 91%] [32m[1mLinking CXX executable test_controller_interface[0m
[26.553s] [ 91%] Built target test_controller_interface
[28.938s] [ 95%] [32m[1mLinking CXX executable test_controller_with_options[0m
[30.120s] [ 95%] Built target test_controller_with_options
[31.097s] [100%] [32m[1mLinking CXX executable test_chainable_controller_interface[0m
[31.747s] [100%] Built target test_chainable_controller_interface
[31.809s] Invoked command in '/home/mampane/Desktop/machine_tending_robot/ros2_kortex_ws/build/controller_interface' returned '0': AMENT_PREFIX_PATH=/home/mampane/Desktop/machine_tending_robot/ros2_kortex_ws/install/hardware_interface:/home/mampane/Desktop/machine_tending_robot/ros2_kortex_ws/install/ros2_control_test_assets:/home/mampane/Desktop/machine_tending_robot/ros2_kortex_ws/install/control_msgs:${AMENT_PREFIX_PATH} CMAKE_PREFIX_PATH=/home/mampane/Desktop/machine_tending_robot/ros2_kortex_ws/install/hardware_interface:/home/mampane/Desktop/machine_tending_robot/ros2_kortex_ws/install/ros2_control_test_assets:/home/mampane/Desktop/machine_tending_robot/ros2_kortex_ws/install/control_msgs:/opt/ros/humble LD_LIBRARY_PATH=/home/mampane/Desktop/machine_tending_robot/ros2_kortex_ws/install/hardware_interface/lib:/home/mampane/Desktop/machine_tending_robot/ros2_kortex_ws/install/control_msgs/lib:${LD_LIBRARY_PATH} PYTHONPATH=/home/mampane/Desktop/machine_tending_robot/ros2_kortex_ws/install/control_msgs/local/lib/python3.10/dist-packages:${PYTHONPATH} /usr/bin/cmake --build /home/mampane/Desktop/machine_tending_robot/ros2_kortex_ws/build/controller_interface -- -j20 -l20
[31.810s] Invoking command in '/home/mampane/Desktop/machine_tending_robot/ros2_kortex_ws/build/controller_interface': AMENT_PREFIX_PATH=/home/mampane/Desktop/machine_tending_robot/ros2_kortex_ws/install/hardware_interface:/home/mampane/Desktop/machine_tending_robot/ros2_kortex_ws/install/ros2_control_test_assets:/home/mampane/Desktop/machine_tending_robot/ros2_kortex_ws/install/control_msgs:${AMENT_PREFIX_PATH} CMAKE_PREFIX_PATH=/home/mampane/Desktop/machine_tending_robot/ros2_kortex_ws/install/hardware_interface:/home/mampane/Desktop/machine_tending_robot/ros2_kortex_ws/install/ros2_control_test_assets:/home/mampane/Desktop/machine_tending_robot/ros2_kortex_ws/install/control_msgs:/opt/ros/humble LD_LIBRARY_PATH=/home/mampane/Desktop/machine_tending_robot/ros2_kortex_ws/install/hardware_interface/lib:/home/mampane/Desktop/machine_tending_robot/ros2_kortex_ws/install/control_msgs/lib:${LD_LIBRARY_PATH} PYTHONPATH=/home/mampane/Desktop/machine_tending_robot/ros2_kortex_ws/install/control_msgs/local/lib/python3.10/dist-packages:${PYTHONPATH} /usr/bin/cmake --install /home/mampane/Desktop/machine_tending_robot/ros2_kortex_ws/build/controller_interface
[31.836s] -- Install configuration: ""
[31.836s] -- Execute custom install script
[31.841s] -- Symlinking: /home/mampane/Desktop/machine_tending_robot/ros2_kortex_ws/install/controller_interface/include/controller_interface/chainable_controller_interface.hpp
[31.882s] -- Symlinking: /home/mampane/Desktop/machine_tending_robot/ros2_kortex_ws/install/controller_interface/include/controller_interface/controller_interface.hpp
[31.926s] -- Symlinking: /home/mampane/Desktop/machine_tending_robot/ros2_kortex_ws/install/controller_interface/include/controller_interface/controller_interface_base.hpp
[31.948s] -- Symlinking: /home/mampane/Desktop/machine_tending_robot/ros2_kortex_ws/install/controller_interface/include/controller_interface/helpers.hpp
[31.972s] -- Symlinking: /home/mampane/Desktop/machine_tending_robot/ros2_kortex_ws/install/controller_interface/include/controller_interface/visibility_control.h
[31.997s] -- Symlinking: /home/mampane/Desktop/machine_tending_robot/ros2_kortex_ws/install/controller_interface/include/semantic_components/force_torque_sensor.hpp
[32.018s] -- Symlinking: /home/mampane/Desktop/machine_tending_robot/ros2_kortex_ws/install/controller_interface/include/semantic_components/imu_sensor.hpp
[32.044s] -- Symlinking: /home/mampane/Desktop/machine_tending_robot/ros2_kortex_ws/install/controller_interface/include/semantic_components/pose_sensor.hpp
[32.069s] -- Symlinking: /home/mampane/Desktop/machine_tending_robot/ros2_kortex_ws/install/controller_interface/include/semantic_components/range_sensor.hpp
[32.095s] -- Symlinking: /home/mampane/Desktop/machine_tending_robot/ros2_kortex_ws/install/controller_interface/include/semantic_components/semantic_component_interface.hpp
[32.123s] -- Symlinking: /home/mampane/Desktop/machine_tending_robot/ros2_kortex_ws/install/controller_interface/lib/libcontroller_interface.so
[32.147s] -- Symlinking: /home/mampane/Desktop/machine_tending_robot/ros2_kortex_ws/install/controller_interface/share/controller_interface/environment/library_path.sh
[32.171s] -- Symlinking: /home/mampane/Desktop/machine_tending_robot/ros2_kortex_ws/install/controller_interface/share/controller_interface/environment/library_path.dsv
[32.200s] -- Symlinking: /home/mampane/Desktop/machine_tending_robot/ros2_kortex_ws/install/controller_interface/share/ament_index/resource_index/package_run_dependencies/controller_interface
[32.221s] -- Symlinking: /home/mampane/Desktop/machine_tending_robot/ros2_kortex_ws/install/controller_interface/share/ament_index/resource_index/parent_prefix_path/controller_interface
[32.244s] -- Symlinking: /home/mampane/Desktop/machine_tending_robot/ros2_kortex_ws/install/controller_interface/share/controller_interface/environment/ament_prefix_path.sh
[32.272s] -- Symlinking: /home/mampane/Desktop/machine_tending_robot/ros2_kortex_ws/install/controller_interface/share/controller_interface/environment/ament_prefix_path.dsv
[32.293s] -- Symlinking: /home/mampane/Desktop/machine_tending_robot/ros2_kortex_ws/install/controller_interface/share/controller_interface/environment/path.sh
[32.334s] -- Symlinking: /home/mampane/Desktop/machine_tending_robot/ros2_kortex_ws/install/controller_interface/share/controller_interface/environment/path.dsv
[32.366s] -- Symlinking: /home/mampane/Desktop/machine_tending_robot/ros2_kortex_ws/install/controller_interface/share/controller_interface/local_setup.bash
[32.407s] -- Symlinking: /home/mampane/Desktop/machine_tending_robot/ros2_kortex_ws/install/controller_interface/share/controller_interface/local_setup.sh
[32.444s] -- Symlinking: /home/mampane/Desktop/machine_tending_robot/ros2_kortex_ws/install/controller_interface/share/controller_interface/local_setup.zsh
[32.483s] -- Symlinking: /home/mampane/Desktop/machine_tending_robot/ros2_kortex_ws/install/controller_interface/share/controller_interface/local_setup.dsv
[32.522s] -- Symlinking: /home/mampane/Desktop/machine_tending_robot/ros2_kortex_ws/install/controller_interface/share/controller_interface/package.dsv
[32.550s] -- Symlinking: /home/mampane/Desktop/machine_tending_robot/ros2_kortex_ws/install/controller_interface/share/ament_index/resource_index/packages/controller_interface
[32.578s] -- Symlinking: /home/mampane/Desktop/machine_tending_robot/ros2_kortex_ws/install/controller_interface/share/controller_interface/cmake/ament_cmake_export_dependencies-extras.cmake
[32.600s] -- Symlinking: /home/mampane/Desktop/machine_tending_robot/ros2_kortex_ws/install/controller_interface/share/controller_interface/cmake/ament_cmake_export_include_directories-extras.cmake
[32.625s] -- Symlinking: /home/mampane/Desktop/machine_tending_robot/ros2_kortex_ws/install/controller_interface/share/controller_interface/cmake/ament_cmake_export_libraries-extras.cmake
[32.651s] -- Symlinking: /home/mampane/Desktop/machine_tending_robot/ros2_kortex_ws/install/controller_interface/share/controller_interface/cmake/controller_interfaceConfig.cmake
[32.681s] -- Symlinking: /home/mampane/Desktop/machine_tending_robot/ros2_kortex_ws/install/controller_interface/share/controller_interface/cmake/controller_interfaceConfig-version.cmake
[32.710s] -- Symlinking: /home/mampane/Desktop/machine_tending_robot/ros2_kortex_ws/install/controller_interface/share/controller_interface/package.xml
[32.733s] -- Symlinking: /home/mampane/Desktop/machine_tending_robot/ros2_kortex_ws/install/controller_interface/include/controller_interface/controller_interface/version.h
[32.751s] Invoked command in '/home/mampane/Desktop/machine_tending_robot/ros2_kortex_ws/build/controller_interface' returned '0': AMENT_PREFIX_PATH=/home/mampane/Desktop/machine_tending_robot/ros2_kortex_ws/install/hardware_interface:/home/mampane/Desktop/machine_tending_robot/ros2_kortex_ws/install/ros2_control_test_assets:/home/mampane/Desktop/machine_tending_robot/ros2_kortex_ws/install/control_msgs:${AMENT_PREFIX_PATH} CMAKE_PREFIX_PATH=/home/mampane/Desktop/machine_tending_robot/ros2_kortex_ws/install/hardware_interface:/home/mampane/Desktop/machine_tending_robot/ros2_kortex_ws/install/ros2_control_test_assets:/home/mampane/Desktop/machine_tending_robot/ros2_kortex_ws/install/control_msgs:/opt/ros/humble LD_LIBRARY_PATH=/home/mampane/Desktop/machine_tending_robot/ros2_kortex_ws/install/hardware_interface/lib:/home/mampane/Desktop/machine_tending_robot/ros2_kortex_ws/install/control_msgs/lib:${LD_LIBRARY_PATH} PYTHONPATH=/home/mampane/Desktop/machine_tending_robot/ros2_kortex_ws/install/control_msgs/local/lib/python3.10/dist-packages:${PYTHONPATH} /usr/bin/cmake --install /home/mampane/Desktop/machine_tending_robot/ros2_kortex_ws/build/controller_interface
