[0.072s] Invoking command in '/home/mampane/Desktop/machine_tending_robot/ros2_kortex_ws/build/controller_manager': AMENT_PREFIX_PATH=/home/mampane/Desktop/machine_tending_robot/ros2_kortex_ws/install/hardware_interface_testing:/home/mampane/Desktop/machine_tending_robot/ros2_kortex_ws/install/controller_interface:/home/mampane/Desktop/machine_tending_robot/ros2_kortex_ws/install/hardware_interface:/home/mampane/Desktop/machine_tending_robot/ros2_kortex_ws/install/ros2_control_test_assets:/home/mampane/Desktop/machine_tending_robot/ros2_kortex_ws/install/realtime_tools:/home/mampane/Desktop/machine_tending_robot/ros2_kortex_ws/install/controller_manager_msgs:/home/mampane/Desktop/machine_tending_robot/ros2_kortex_ws/install/control_msgs:${AMENT_PREFIX_PATH} CMAKE_PREFIX_PATH=/home/mampane/Desktop/machine_tending_robot/ros2_kortex_ws/install/hardware_interface_testing:/home/mampane/Desktop/machine_tending_robot/ros2_kortex_ws/install/controller_interface:/home/mampane/Desktop/machine_tending_robot/ros2_kortex_ws/install/hardware_interface:/home/mampane/Desktop/machine_tending_robot/ros2_kortex_ws/install/ros2_control_test_assets:/home/mampane/Desktop/machine_tending_robot/ros2_kortex_ws/install/realtime_tools:/home/mampane/Desktop/machine_tending_robot/ros2_kortex_ws/install/controller_manager_msgs:/home/mampane/Desktop/machine_tending_robot/ros2_kortex_ws/install/control_msgs:/opt/ros/humble LD_LIBRARY_PATH=/home/mampane/Desktop/machine_tending_robot/ros2_kortex_ws/install/hardware_interface_testing/lib:/home/mampane/Desktop/machine_tending_robot/ros2_kortex_ws/install/controller_interface/lib:/home/mampane/Desktop/machine_tending_robot/ros2_kortex_ws/install/hardware_interface/lib:/home/mampane/Desktop/machine_tending_robot/ros2_kortex_ws/install/realtime_tools/lib:/home/mampane/Desktop/machine_tending_robot/ros2_kortex_ws/install/controller_manager_msgs/lib:/home/mampane/Desktop/machine_tending_robot/ros2_kortex_ws/install/control_msgs/lib:${LD_LIBRARY_PATH} PYTHONPATH=/home/mampane/Desktop/machine_tending_robot/ros2_kortex_ws/install/controller_manager_msgs/local/lib/python3.10/dist-packages:/home/mampane/Desktop/machine_tending_robot/ros2_kortex_ws/install/control_msgs/local/lib/python3.10/dist-packages:${PYTHONPATH} /usr/bin/cmake /home/mampane/Desktop/machine_tending_robot/ros2_kortex_ws/src/ros2_control/controller_manager -DAMENT_CMAKE_SYMLINK_INSTALL=1 -DCMAKE_INSTALL_PREFIX=/home/mampane/Desktop/machine_tending_robot/ros2_kortex_ws/install/controller_manager
[0.242s] -- The C compiler identification is GNU 11.4.0
[0.411s] -- The CXX compiler identification is GNU 11.4.0
[0.433s] -- Detecting C compiler ABI info
[0.680s] -- Detecting C compiler ABI info - done
[0.702s] -- Check for working C compiler: /usr/bin/cc - skipped
[0.702s] -- Detecting C compile features
[0.703s] -- Detecting C compile features - done
[0.715s] -- Detecting CXX compiler ABI info
[0.953s] -- Detecting CXX compiler ABI info - done
[0.984s] -- Check for working CXX compiler: /usr/bin/c++ - skipped
[0.984s] -- Detecting CXX compile features
[0.984s] -- Detecting CXX compile features - done
[0.990s] -- Found ament_cmake: 1.3.11 (/opt/ros/humble/share/ament_cmake/cmake)
[1.454s] -- Found Python3: /usr/bin/python3 (found version "3.10.12") found components: Interpreter 
[1.597s] -- Override CMake install command with custom implementation using symlinks instead of copying resources
[1.714s] -- Found ament_index_cpp: 1.4.0 (/opt/ros/humble/share/ament_index_cpp/cmake)
[1.716s] -- Found controller_interface: 2.48.0 (/home/mampane/Desktop/machine_tending_robot/ros2_kortex_ws/install/controller_interface/share/controller_interface/cmake)
[1.877s] -- Found rosidl_generator_c: 3.1.6 (/opt/ros/humble/share/rosidl_generator_c/cmake)
[1.903s] -- Found rosidl_adapter: 3.1.6 (/opt/ros/humble/share/rosidl_adapter/cmake)
[1.929s] -- Found rosidl_generator_cpp: 3.1.6 (/opt/ros/humble/share/rosidl_generator_cpp/cmake)
[1.973s] -- Using all available rosidl_typesupport_c: rosidl_typesupport_fastrtps_c;rosidl_typesupport_introspection_c
[2.041s] -- Using all available rosidl_typesupport_cpp: rosidl_typesupport_fastrtps_cpp;rosidl_typesupport_introspection_cpp
[2.592s] -- Found rmw_implementation_cmake: 6.1.2 (/opt/ros/humble/share/rmw_implementation_cmake/cmake)
[2.600s] -- Found rmw_fastrtps_cpp: 6.2.7 (/opt/ros/humble/share/rmw_fastrtps_cpp/cmake)
[2.642s] -- Found TinyXML2 via Config file: TinyXML2_DIR-NOTFOUND
[2.813s] -- Found OpenSSL: /usr/lib/x86_64-linux-gnu/libcrypto.so (found version "3.0.2")  
[2.826s] -- Found TinyXML2 via Config file: TinyXML2_DIR-NOTFOUND
[2.880s] -- Found FastRTPS: /opt/ros/humble/include  
[2.897s] -- Found TinyXML2 via Config file: TinyXML2_DIR-NOTFOUND
[2.925s] -- Found TinyXML2 via Config file: TinyXML2_DIR-NOTFOUND
[2.957s] -- Using RMW implementation 'rmw_fastrtps_cpp' as default
[2.985s] -- Looking for pthread.h
[3.418s] -- Looking for pthread.h - found
[3.418s] -- Performing Test CMAKE_HAVE_LIBC_PTHREAD
[3.774s] -- Performing Test CMAKE_HAVE_LIBC_PTHREAD - Success
[3.777s] -- Found Threads: TRUE  
[3.973s] -- Found controller_manager_msgs: 2.48.0 (/home/mampane/Desktop/machine_tending_robot/ros2_kortex_ws/install/controller_manager_msgs/share/controller_manager_msgs/cmake)
[4.000s] -- Found realtime_tools: 2.12.0 (/home/mampane/Desktop/machine_tending_robot/ros2_kortex_ws/install/realtime_tools/share/realtime_tools/cmake)
[4.074s] -- Found ament_cmake_gmock: 1.3.11 (/opt/ros/humble/share/ament_cmake_gmock/cmake)
[4.076s] -- Found ros2_control_test_assets: 2.48.0 (/home/mampane/Desktop/machine_tending_robot/ros2_kortex_ws/install/ros2_control_test_assets/share/ros2_control_test_assets/cmake)
[4.086s] -- Found gmock sources under '/opt/ros/humble/src/gmock_vendor': C++ tests using 'Google Mock' will be built
[4.098s] -- Found ament_cmake_gtest: 1.3.11 (/opt/ros/humble/share/ament_cmake_gtest/cmake)
[4.098s] -- Found gtest sources under '/opt/ros/humble/src/gtest_vendor': C++ tests using 'Google Test' will be built
[4.120s] -- Found ament_cmake_pytest: 1.3.11 (/opt/ros/humble/share/ament_cmake_pytest/cmake)
[6.049s] -- Configuring done
[6.858s] -- Generating done
[6.976s] -- Build files have been written to: /home/mampane/Desktop/machine_tending_robot/ros2_kortex_ws/build/controller_manager
[7.020s] Invoked command in '/home/mampane/Desktop/machine_tending_robot/ros2_kortex_ws/build/controller_manager' returned '0': AMENT_PREFIX_PATH=/home/mampane/Desktop/machine_tending_robot/ros2_kortex_ws/install/hardware_interface_testing:/home/mampane/Desktop/machine_tending_robot/ros2_kortex_ws/install/controller_interface:/home/mampane/Desktop/machine_tending_robot/ros2_kortex_ws/install/hardware_interface:/home/mampane/Desktop/machine_tending_robot/ros2_kortex_ws/install/ros2_control_test_assets:/home/mampane/Desktop/machine_tending_robot/ros2_kortex_ws/install/realtime_tools:/home/mampane/Desktop/machine_tending_robot/ros2_kortex_ws/install/controller_manager_msgs:/home/mampane/Desktop/machine_tending_robot/ros2_kortex_ws/install/control_msgs:${AMENT_PREFIX_PATH} CMAKE_PREFIX_PATH=/home/mampane/Desktop/machine_tending_robot/ros2_kortex_ws/install/hardware_interface_testing:/home/mampane/Desktop/machine_tending_robot/ros2_kortex_ws/install/controller_interface:/home/mampane/Desktop/machine_tending_robot/ros2_kortex_ws/install/hardware_interface:/home/mampane/Desktop/machine_tending_robot/ros2_kortex_ws/install/ros2_control_test_assets:/home/mampane/Desktop/machine_tending_robot/ros2_kortex_ws/install/realtime_tools:/home/mampane/Desktop/machine_tending_robot/ros2_kortex_ws/install/controller_manager_msgs:/home/mampane/Desktop/machine_tending_robot/ros2_kortex_ws/install/control_msgs:/opt/ros/humble LD_LIBRARY_PATH=/home/mampane/Desktop/machine_tending_robot/ros2_kortex_ws/install/hardware_interface_testing/lib:/home/mampane/Desktop/machine_tending_robot/ros2_kortex_ws/install/controller_interface/lib:/home/mampane/Desktop/machine_tending_robot/ros2_kortex_ws/install/hardware_interface/lib:/home/mampane/Desktop/machine_tending_robot/ros2_kortex_ws/install/realtime_tools/lib:/home/mampane/Desktop/machine_tending_robot/ros2_kortex_ws/install/controller_manager_msgs/lib:/home/mampane/Desktop/machine_tending_robot/ros2_kortex_ws/install/control_msgs/lib:${LD_LIBRARY_PATH} PYTHONPATH=/home/mampane/Desktop/machine_tending_robot/ros2_kortex_ws/install/controller_manager_msgs/local/lib/python3.10/dist-packages:/home/mampane/Desktop/machine_tending_robot/ros2_kortex_ws/install/control_msgs/local/lib/python3.10/dist-packages:${PYTHONPATH} /usr/bin/cmake /home/mampane/Desktop/machine_tending_robot/ros2_kortex_ws/src/ros2_control/controller_manager -DAMENT_CMAKE_SYMLINK_INSTALL=1 -DCMAKE_INSTALL_PREFIX=/home/mampane/Desktop/machine_tending_robot/ros2_kortex_ws/install/controller_manager
[7.027s] Invoking command in '/home/mampane/Desktop/machine_tending_robot/ros2_kortex_ws/build/controller_manager': AMENT_PREFIX_PATH=/home/mampane/Desktop/machine_tending_robot/ros2_kortex_ws/install/hardware_interface_testing:/home/mampane/Desktop/machine_tending_robot/ros2_kortex_ws/install/controller_interface:/home/mampane/Desktop/machine_tending_robot/ros2_kortex_ws/install/hardware_interface:/home/mampane/Desktop/machine_tending_robot/ros2_kortex_ws/install/ros2_control_test_assets:/home/mampane/Desktop/machine_tending_robot/ros2_kortex_ws/install/realtime_tools:/home/mampane/Desktop/machine_tending_robot/ros2_kortex_ws/install/controller_manager_msgs:/home/mampane/Desktop/machine_tending_robot/ros2_kortex_ws/install/control_msgs:${AMENT_PREFIX_PATH} CMAKE_PREFIX_PATH=/home/mampane/Desktop/machine_tending_robot/ros2_kortex_ws/install/hardware_interface_testing:/home/mampane/Desktop/machine_tending_robot/ros2_kortex_ws/install/controller_interface:/home/mampane/Desktop/machine_tending_robot/ros2_kortex_ws/install/hardware_interface:/home/mampane/Desktop/machine_tending_robot/ros2_kortex_ws/install/ros2_control_test_assets:/home/mampane/Desktop/machine_tending_robot/ros2_kortex_ws/install/realtime_tools:/home/mampane/Desktop/machine_tending_robot/ros2_kortex_ws/install/controller_manager_msgs:/home/mampane/Desktop/machine_tending_robot/ros2_kortex_ws/install/control_msgs:/opt/ros/humble LD_LIBRARY_PATH=/home/mampane/Desktop/machine_tending_robot/ros2_kortex_ws/install/hardware_interface_testing/lib:/home/mampane/Desktop/machine_tending_robot/ros2_kortex_ws/install/controller_interface/lib:/home/mampane/Desktop/machine_tending_robot/ros2_kortex_ws/install/hardware_interface/lib:/home/mampane/Desktop/machine_tending_robot/ros2_kortex_ws/install/realtime_tools/lib:/home/mampane/Desktop/machine_tending_robot/ros2_kortex_ws/install/controller_manager_msgs/lib:/home/mampane/Desktop/machine_tending_robot/ros2_kortex_ws/install/control_msgs/lib:${LD_LIBRARY_PATH} PYTHONPATH=/home/mampane/Desktop/machine_tending_robot/ros2_kortex_ws/install/controller_manager_msgs/local/lib/python3.10/dist-packages:/home/mampane/Desktop/machine_tending_robot/ros2_kortex_ws/install/control_msgs/local/lib/python3.10/dist-packages:${PYTHONPATH} /usr/bin/cmake --build /home/mampane/Desktop/machine_tending_robot/ros2_kortex_ws/build/controller_manager -- -j20 -l20
[7.199s] [  2%] [34m[1mGenerating controller_manager/version.h[0m
[7.259s] [  2%] Built target ament_generate_version_header__controller_manager
[7.352s] [  2%] Built target ament_cmake_python_symlink_controller_manager
[7.421s] [  5%] [32mBuilding CXX object CMakeFiles/controller_manager.dir/src/controller_manager.cpp.o[0m
[38.803s] [  7%] [32m[1mLinking CXX shared library libcontroller_manager.so[0m
[39.984s] [  7%] Built target controller_manager
[40.007s] [ 10%] [32mBuilding CXX object CMakeFiles/test_controller_with_interfaces.dir/test/test_controller_with_interfaces/test_controller_with_interfaces.cpp.o[0m
[40.007s] [ 13%] [32mBuilding CXX object gmock/CMakeFiles/gmock_main.dir/src/gmock_main.cc.o[0m
[40.009s] [ 15%] [32mBuilding CXX object CMakeFiles/test_controller_failed_init.dir/test/test_controller_failed_init/test_controller_failed_init.cpp.o[0m
[40.010s] [ 18%] [32mBuilding CXX object gmock/CMakeFiles/gmock.dir/src/gmock-all.cc.o[0m
[40.011s] [ 21%] [32mBuilding CXX object CMakeFiles/test_chainable_controller.dir/test/test_chainable_controller/test_chainable_controller.cpp.o[0m
[40.011s] [ 23%] [32mBuilding CXX object CMakeFiles/test_controller.dir/test/test_controller/test_controller.cpp.o[0m
[40.012s] [ 26%] [32mBuilding CXX object gmock/CMakeFiles/gmock.dir/opt/ros/humble/src/gtest_vendor/src/gtest-all.cc.o[0m
[40.014s] [ 28%] [32mBuilding CXX object CMakeFiles/ros2_control_node.dir/src/ros2_control_node.cpp.o[0m
[40.019s] [ 28%] Built target ament_cmake_python_symlink_controller_manager_setup
[40.450s] running egg_info
[40.451s] creating controller_manager.egg-info
[40.451s] writing controller_manager.egg-info/PKG-INFO
[40.452s] writing dependency_links to controller_manager.egg-info/dependency_links.txt
[40.452s] writing entry points to controller_manager.egg-info/entry_points.txt
[40.452s] writing top-level names to controller_manager.egg-info/top_level.txt
[40.452s] writing manifest file 'controller_manager.egg-info/SOURCES.txt'
[40.456s] reading manifest file 'controller_manager.egg-info/SOURCES.txt'
[40.457s] writing manifest file 'controller_manager.egg-info/SOURCES.txt'
[40.508s] [ 28%] Built target ament_cmake_python_build_controller_manager_egg
[40.537s] running install_scripts
[40.542s] /usr/lib/python3/dist-packages/setuptools/command/install.py:34: SetuptoolsDeprecationWarning: setup.py install is deprecated. Use build and pip and other standards-based tools.
[40.542s]   warnings.warn(
[40.587s] running egg_info
[40.588s] writing controller_manager.egg-info/PKG-INFO
[40.589s] writing dependency_links to controller_manager.egg-info/dependency_links.txt
[40.589s] writing entry points to controller_manager.egg-info/entry_points.txt
[40.589s] writing top-level names to controller_manager.egg-info/top_level.txt
[40.593s] reading manifest file 'controller_manager.egg-info/SOURCES.txt'
[40.598s] writing manifest file 'controller_manager.egg-info/SOURCES.txt'
[40.598s] Installing hardware_spawner script to scripts
[40.599s] Installing spawner script to scripts
[40.599s] Installing unspawner script to scripts
[40.656s] [ 28%] Built target ament_cmake_python_build_controller_manager_scripts
[42.253s] [ 31%] [32m[1mLinking CXX static library libgmock_main.a[0m
[42.318s] [ 31%] Built target gmock_main
[44.132s] [ 34%] [32m[1mLinking CXX shared library libtest_controller_with_interfaces.so[0m
[44.346s] [ 34%] Built target test_controller_with_interfaces
[44.741s] [ 36%] [32m[1mLinking CXX shared library libtest_controller.so[0m
[44.895s] [ 39%] [32m[1mLinking CXX shared library libtest_controller_failed_init.so[0m
[44.896s] [ 42%] [32m[1mLinking CXX static library libgmock.a[0m
[44.985s] [ 42%] Built target test_controller
[45.009s] [ 42%] Built target gmock
[45.031s] [ 44%] [32mBuilding CXX object CMakeFiles/test_release_interfaces.dir/test/test_release_interfaces.cpp.o[0m
[45.034s] [ 47%] [32mBuilding CXX object CMakeFiles/test_controller_manager_with_namespace.cpp.dir/test/test_controller_manager_with_namespace.cpp.o[0m
[45.034s] [ 50%] [32mBuilding CXX object CMakeFiles/test_hardware_management_srvs.dir/test/test_hardware_management_srvs.cpp.o[0m
[45.037s] [ 55%] [32mBuilding CXX object CMakeFiles/test_hardware_spawner.dir/test/test_hardware_spawner.cpp.o[0m
[45.038s] [ 55%] [32mBuilding CXX object CMakeFiles/test_spawner_unspawner.dir/test/test_spawner_unspawner.cpp.o[0m
[45.038s] [ 57%] [32mBuilding CXX object CMakeFiles/test_controller_manager_urdf_passing.dir/test/test_controller_manager_urdf_passing.cpp.o[0m
[45.038s] [ 60%] [32mBuilding CXX object CMakeFiles/test_controller_manager.dir/test/test_controller_manager.cpp.o[0m
[45.050s] [ 60%] Built target test_controller_failed_init
[45.082s] [ 63%] [32mBuilding CXX object CMakeFiles/test_load_controller.dir/test/test_load_controller.cpp.o[0m
[45.432s] [ 65%] [32m[1mLinking CXX executable ros2_control_node[0m
[46.205s] [ 65%] Built target ros2_control_node
[51.122s] [ 68%] [32m[1mLinking CXX executable test_release_interfaces[0m
[52.104s] [ 68%] Built target test_release_interfaces
[52.171s] [ 71%] [32m[1mLinking CXX executable test_controller_manager[0m
[52.481s] [ 73%] [32m[1mLinking CXX executable test_load_controller[0m
[52.696s] [ 76%] [32m[1mLinking CXX shared library libtest_chainable_controller.so[0m
[52.783s] [ 78%] [32m[1mLinking CXX executable test_spawner_unspawner[0m
[52.934s] [ 81%] [32m[1mLinking CXX executable test_controller_manager_urdf_passing[0m
[53.598s] [ 81%] Built target test_controller_manager
[53.627s] [ 81%] Built target test_chainable_controller
[53.653s] [ 84%] [32mBuilding CXX object CMakeFiles/test_controller_manager_srvs.dir/test/test_controller_manager_srvs.cpp.o[0m
[53.661s] [ 86%] [32mBuilding CXX object CMakeFiles/test_controllers_chaining_with_controller_manager.dir/test/test_controllers_chaining_with_controller_manager.cpp.o[0m
[53.999s] [ 86%] Built target test_load_controller
[54.193s] [ 89%] [32m[1mLinking CXX executable test_controller_manager_with_namespace.cpp[0m
[54.233s] [ 89%] Built target test_controller_manager_urdf_passing
[54.348s] [ 89%] Built target test_spawner_unspawner
[55.057s] [ 89%] Built target test_controller_manager_with_namespace.cpp
[55.720s] [ 92%] [32m[1mLinking CXX executable test_hardware_management_srvs[0m
[55.921s] [ 94%] [32m[1mLinking CXX executable test_hardware_spawner[0m
[56.898s] [ 94%] Built target test_hardware_spawner
[57.031s] [ 94%] Built target test_hardware_management_srvs
[59.444s] [ 97%] [32m[1mLinking CXX executable test_controllers_chaining_with_controller_manager[0m
[60.248s] [ 97%] Built target test_controllers_chaining_with_controller_manager
[62.462s] [100%] [32m[1mLinking CXX executable test_controller_manager_srvs[0m
[63.239s] [100%] Built target test_controller_manager_srvs
[63.248s] Invoked command in '/home/mampane/Desktop/machine_tending_robot/ros2_kortex_ws/build/controller_manager' returned '0': AMENT_PREFIX_PATH=/home/mampane/Desktop/machine_tending_robot/ros2_kortex_ws/install/hardware_interface_testing:/home/mampane/Desktop/machine_tending_robot/ros2_kortex_ws/install/controller_interface:/home/mampane/Desktop/machine_tending_robot/ros2_kortex_ws/install/hardware_interface:/home/mampane/Desktop/machine_tending_robot/ros2_kortex_ws/install/ros2_control_test_assets:/home/mampane/Desktop/machine_tending_robot/ros2_kortex_ws/install/realtime_tools:/home/mampane/Desktop/machine_tending_robot/ros2_kortex_ws/install/controller_manager_msgs:/home/mampane/Desktop/machine_tending_robot/ros2_kortex_ws/install/control_msgs:${AMENT_PREFIX_PATH} CMAKE_PREFIX_PATH=/home/mampane/Desktop/machine_tending_robot/ros2_kortex_ws/install/hardware_interface_testing:/home/mampane/Desktop/machine_tending_robot/ros2_kortex_ws/install/controller_interface:/home/mampane/Desktop/machine_tending_robot/ros2_kortex_ws/install/hardware_interface:/home/mampane/Desktop/machine_tending_robot/ros2_kortex_ws/install/ros2_control_test_assets:/home/mampane/Desktop/machine_tending_robot/ros2_kortex_ws/install/realtime_tools:/home/mampane/Desktop/machine_tending_robot/ros2_kortex_ws/install/controller_manager_msgs:/home/mampane/Desktop/machine_tending_robot/ros2_kortex_ws/install/control_msgs:/opt/ros/humble LD_LIBRARY_PATH=/home/mampane/Desktop/machine_tending_robot/ros2_kortex_ws/install/hardware_interface_testing/lib:/home/mampane/Desktop/machine_tending_robot/ros2_kortex_ws/install/controller_interface/lib:/home/mampane/Desktop/machine_tending_robot/ros2_kortex_ws/install/hardware_interface/lib:/home/mampane/Desktop/machine_tending_robot/ros2_kortex_ws/install/realtime_tools/lib:/home/mampane/Desktop/machine_tending_robot/ros2_kortex_ws/install/controller_manager_msgs/lib:/home/mampane/Desktop/machine_tending_robot/ros2_kortex_ws/install/control_msgs/lib:${LD_LIBRARY_PATH} PYTHONPATH=/home/mampane/Desktop/machine_tending_robot/ros2_kortex_ws/install/controller_manager_msgs/local/lib/python3.10/dist-packages:/home/mampane/Desktop/machine_tending_robot/ros2_kortex_ws/install/control_msgs/local/lib/python3.10/dist-packages:${PYTHONPATH} /usr/bin/cmake --build /home/mampane/Desktop/machine_tending_robot/ros2_kortex_ws/build/controller_manager -- -j20 -l20
[63.250s] Invoking command in '/home/mampane/Desktop/machine_tending_robot/ros2_kortex_ws/build/controller_manager': AMENT_PREFIX_PATH=/home/mampane/Desktop/machine_tending_robot/ros2_kortex_ws/install/hardware_interface_testing:/home/mampane/Desktop/machine_tending_robot/ros2_kortex_ws/install/controller_interface:/home/mampane/Desktop/machine_tending_robot/ros2_kortex_ws/install/hardware_interface:/home/mampane/Desktop/machine_tending_robot/ros2_kortex_ws/install/ros2_control_test_assets:/home/mampane/Desktop/machine_tending_robot/ros2_kortex_ws/install/realtime_tools:/home/mampane/Desktop/machine_tending_robot/ros2_kortex_ws/install/controller_manager_msgs:/home/mampane/Desktop/machine_tending_robot/ros2_kortex_ws/install/control_msgs:${AMENT_PREFIX_PATH} CMAKE_PREFIX_PATH=/home/mampane/Desktop/machine_tending_robot/ros2_kortex_ws/install/hardware_interface_testing:/home/mampane/Desktop/machine_tending_robot/ros2_kortex_ws/install/controller_interface:/home/mampane/Desktop/machine_tending_robot/ros2_kortex_ws/install/hardware_interface:/home/mampane/Desktop/machine_tending_robot/ros2_kortex_ws/install/ros2_control_test_assets:/home/mampane/Desktop/machine_tending_robot/ros2_kortex_ws/install/realtime_tools:/home/mampane/Desktop/machine_tending_robot/ros2_kortex_ws/install/controller_manager_msgs:/home/mampane/Desktop/machine_tending_robot/ros2_kortex_ws/install/control_msgs:/opt/ros/humble LD_LIBRARY_PATH=/home/mampane/Desktop/machine_tending_robot/ros2_kortex_ws/install/hardware_interface_testing/lib:/home/mampane/Desktop/machine_tending_robot/ros2_kortex_ws/install/controller_interface/lib:/home/mampane/Desktop/machine_tending_robot/ros2_kortex_ws/install/hardware_interface/lib:/home/mampane/Desktop/machine_tending_robot/ros2_kortex_ws/install/realtime_tools/lib:/home/mampane/Desktop/machine_tending_robot/ros2_kortex_ws/install/controller_manager_msgs/lib:/home/mampane/Desktop/machine_tending_robot/ros2_kortex_ws/install/control_msgs/lib:${LD_LIBRARY_PATH} PYTHONPATH=/home/mampane/Desktop/machine_tending_robot/ros2_kortex_ws/install/controller_manager_msgs/local/lib/python3.10/dist-packages:/home/mampane/Desktop/machine_tending_robot/ros2_kortex_ws/install/control_msgs/local/lib/python3.10/dist-packages:${PYTHONPATH} /usr/bin/cmake --install /home/mampane/Desktop/machine_tending_robot/ros2_kortex_ws/build/controller_manager
[63.257s] -- Install configuration: ""
[63.257s] -- Execute custom install script
[63.257s] -- Symlinking: /home/mampane/Desktop/machine_tending_robot/ros2_kortex_ws/install/controller_manager/lib/libcontroller_manager.so
[63.264s] -- Symlinking: /home/mampane/Desktop/machine_tending_robot/ros2_kortex_ws/install/controller_manager/lib/controller_manager/ros2_control_node
[63.270s] -- Symlinking: /home/mampane/Desktop/machine_tending_robot/ros2_kortex_ws/install/controller_manager/include/controller_manager/controller_manager.hpp
[63.275s] -- Symlinking: /home/mampane/Desktop/machine_tending_robot/ros2_kortex_ws/install/controller_manager/include/controller_manager/controller_spec.hpp
[63.282s] -- Symlinking: /home/mampane/Desktop/machine_tending_robot/ros2_kortex_ws/install/controller_manager/include/controller_manager/visibility_control.h
[63.289s] -- Symlinking: /home/mampane/Desktop/machine_tending_robot/ros2_kortex_ws/install/controller_manager/share/controller_manager/test/test_controller/test_controller.xml
[63.295s] -- Symlinking: /home/mampane/Desktop/machine_tending_robot/ros2_kortex_ws/install/controller_manager/lib/libtest_controller.so
[63.300s] -- Symlinking: /home/mampane/Desktop/machine_tending_robot/ros2_kortex_ws/install/controller_manager/share/controller_manager/test/test_controller_failed_init/test_controller_failed_init.xml
[63.305s] -- Symlinking: /home/mampane/Desktop/machine_tending_robot/ros2_kortex_ws/install/controller_manager/lib/libtest_controller_failed_init.so
[63.312s] -- Symlinking: /home/mampane/Desktop/machine_tending_robot/ros2_kortex_ws/install/controller_manager/share/controller_manager/test/test_chainable_controller/test_chainable_controller.xml
[63.318s] -- Symlinking: /home/mampane/Desktop/machine_tending_robot/ros2_kortex_ws/install/controller_manager/lib/libtest_chainable_controller.so
[63.323s] -- Symlinking: /home/mampane/Desktop/machine_tending_robot/ros2_kortex_ws/install/controller_manager/share/controller_manager/test/test_controller_with_interfaces/test_controller_with_interfaces.xml
[63.329s] -- Symlinking: /home/mampane/Desktop/machine_tending_robot/ros2_kortex_ws/install/controller_manager/lib/libtest_controller_with_interfaces.so
[63.336s] -- Symlinking: /home/mampane/Desktop/machine_tending_robot/ros2_kortex_ws/install/controller_manager/test/test_controller_spawner_with_type.yaml
[63.342s] -- Symlinking: /home/mampane/Desktop/machine_tending_robot/ros2_kortex_ws/install/controller_manager/test/test_controller_spawner_with_basic_controllers.yaml
[63.349s] -- Symlinking: /home/mampane/Desktop/machine_tending_robot/ros2_kortex_ws/install/controller_manager/test/test_controller_overriding_parameters.yaml
[63.357s] -- Symlinking: /home/mampane/Desktop/machine_tending_robot/ros2_kortex_ws/install/controller_manager/test/test_controller_spawner_wildcard_entries.yaml
[63.363s] -- Symlinking: /home/mampane/Desktop/machine_tending_robot/ros2_kortex_ws/install/controller_manager/test/test_controller_spawner_with_interfaces.yaml
[63.370s] -- Symlinking: /home/mampane/Desktop/machine_tending_robot/ros2_kortex_ws/install/controller_manager/test/test_ros2_control_node.yaml
[63.378s] -- Symlinking: /home/mampane/Desktop/machine_tending_robot/ros2_kortex_ws/install/controller_manager/share/controller_manager/environment/pythonpath.sh
[63.384s] -- Symlinking: /home/mampane/Desktop/machine_tending_robot/ros2_kortex_ws/install/controller_manager/share/controller_manager/environment/pythonpath.dsv
[63.391s] -- Symlinking: /home/mampane/Desktop/machine_tending_robot/ros2_kortex_ws/install/controller_manager/local/lib/python3.10/dist-packages/controller_manager-2.48.0-py3.10.egg-info/PKG-INFO
[63.397s] -- Symlinking: /home/mampane/Desktop/machine_tending_robot/ros2_kortex_ws/install/controller_manager/local/lib/python3.10/dist-packages/controller_manager-2.48.0-py3.10.egg-info/SOURCES.txt
[63.402s] -- Symlinking: /home/mampane/Desktop/machine_tending_robot/ros2_kortex_ws/install/controller_manager/local/lib/python3.10/dist-packages/controller_manager-2.48.0-py3.10.egg-info/dependency_links.txt
[63.410s] -- Symlinking: /home/mampane/Desktop/machine_tending_robot/ros2_kortex_ws/install/controller_manager/local/lib/python3.10/dist-packages/controller_manager-2.48.0-py3.10.egg-info/entry_points.txt
[63.416s] -- Symlinking: /home/mampane/Desktop/machine_tending_robot/ros2_kortex_ws/install/controller_manager/local/lib/python3.10/dist-packages/controller_manager-2.48.0-py3.10.egg-info/top_level.txt
[63.423s] -- Symlinking: /home/mampane/Desktop/machine_tending_robot/ros2_kortex_ws/install/controller_manager/lib/controller_manager//hardware_spawner
[63.430s] -- Symlinking: /home/mampane/Desktop/machine_tending_robot/ros2_kortex_ws/install/controller_manager/lib/controller_manager//spawner
[63.436s] -- Symlinking: /home/mampane/Desktop/machine_tending_robot/ros2_kortex_ws/install/controller_manager/lib/controller_manager//unspawner
[63.442s] -- Symlinking: /home/mampane/Desktop/machine_tending_robot/ros2_kortex_ws/install/controller_manager/local/lib/python3.10/dist-packages/controller_manager/__init__.py
[63.450s] -- Symlinking: /home/mampane/Desktop/machine_tending_robot/ros2_kortex_ws/install/controller_manager/local/lib/python3.10/dist-packages/controller_manager/controller_manager_services.py
[63.456s] -- Symlinking: /home/mampane/Desktop/machine_tending_robot/ros2_kortex_ws/install/controller_manager/local/lib/python3.10/dist-packages/controller_manager/hardware_spawner.py
[63.462s] -- Symlinking: /home/mampane/Desktop/machine_tending_robot/ros2_kortex_ws/install/controller_manager/local/lib/python3.10/dist-packages/controller_manager/launch_utils.py
[63.469s] -- Symlinking: /home/mampane/Desktop/machine_tending_robot/ros2_kortex_ws/install/controller_manager/local/lib/python3.10/dist-packages/controller_manager/spawner.py
[63.476s] -- Symlinking: /home/mampane/Desktop/machine_tending_robot/ros2_kortex_ws/install/controller_manager/local/lib/python3.10/dist-packages/controller_manager/unspawner.py
[63.482s] -- Symlinking: /home/mampane/Desktop/machine_tending_robot/ros2_kortex_ws/install/controller_manager/share/controller_manager/environment/library_path.sh
[63.489s] -- Symlinking: /home/mampane/Desktop/machine_tending_robot/ros2_kortex_ws/install/controller_manager/share/controller_manager/environment/library_path.dsv
[63.496s] -- Symlinking: /home/mampane/Desktop/machine_tending_robot/ros2_kortex_ws/install/controller_manager/share/ament_index/resource_index/package_run_dependencies/controller_manager
[63.503s] -- Symlinking: /home/mampane/Desktop/machine_tending_robot/ros2_kortex_ws/install/controller_manager/share/ament_index/resource_index/parent_prefix_path/controller_manager
[63.511s] -- Symlinking: /home/mampane/Desktop/machine_tending_robot/ros2_kortex_ws/install/controller_manager/share/controller_manager/environment/ament_prefix_path.sh
[63.516s] -- Symlinking: /home/mampane/Desktop/machine_tending_robot/ros2_kortex_ws/install/controller_manager/share/controller_manager/environment/ament_prefix_path.dsv
[63.523s] -- Symlinking: /home/mampane/Desktop/machine_tending_robot/ros2_kortex_ws/install/controller_manager/share/controller_manager/environment/path.sh
[63.529s] -- Symlinking: /home/mampane/Desktop/machine_tending_robot/ros2_kortex_ws/install/controller_manager/share/controller_manager/environment/path.dsv
[63.537s] -- Symlinking: /home/mampane/Desktop/machine_tending_robot/ros2_kortex_ws/install/controller_manager/share/controller_manager/local_setup.bash
[63.543s] -- Symlinking: /home/mampane/Desktop/machine_tending_robot/ros2_kortex_ws/install/controller_manager/share/controller_manager/local_setup.sh
[63.549s] -- Symlinking: /home/mampane/Desktop/machine_tending_robot/ros2_kortex_ws/install/controller_manager/share/controller_manager/local_setup.zsh
[63.556s] -- Symlinking: /home/mampane/Desktop/machine_tending_robot/ros2_kortex_ws/install/controller_manager/share/controller_manager/local_setup.dsv
[63.562s] -- Symlinking: /home/mampane/Desktop/machine_tending_robot/ros2_kortex_ws/install/controller_manager/share/controller_manager/package.dsv
[63.569s] -- Symlinking: /home/mampane/Desktop/machine_tending_robot/ros2_kortex_ws/install/controller_manager/share/ament_index/resource_index/packages/controller_manager
[63.577s] -- Symlinking: /home/mampane/Desktop/machine_tending_robot/ros2_kortex_ws/install/controller_manager/share/ament_index/resource_index/controller_interface__pluginlib__plugin/controller_manager
[63.583s] -- Symlinking: /home/mampane/Desktop/machine_tending_robot/ros2_kortex_ws/install/controller_manager/share/controller_manager/cmake/ament_cmake_export_libraries-extras.cmake
[63.591s] -- Symlinking: /home/mampane/Desktop/machine_tending_robot/ros2_kortex_ws/install/controller_manager/share/controller_manager/cmake/ament_cmake_export_include_directories-extras.cmake
[63.598s] -- Symlinking: /home/mampane/Desktop/machine_tending_robot/ros2_kortex_ws/install/controller_manager/share/controller_manager/cmake/ament_cmake_export_dependencies-extras.cmake
[63.604s] -- Symlinking: /home/mampane/Desktop/machine_tending_robot/ros2_kortex_ws/install/controller_manager/share/controller_manager/cmake/controller_managerConfig.cmake
[63.611s] -- Symlinking: /home/mampane/Desktop/machine_tending_robot/ros2_kortex_ws/install/controller_manager/share/controller_manager/cmake/controller_managerConfig-version.cmake
[63.619s] -- Symlinking: /home/mampane/Desktop/machine_tending_robot/ros2_kortex_ws/install/controller_manager/share/controller_manager/package.xml
[63.627s] -- Symlinking: /home/mampane/Desktop/machine_tending_robot/ros2_kortex_ws/install/controller_manager/include/controller_manager/controller_manager/version.h
[63.664s] Listing '/home/mampane/Desktop/machine_tending_robot/ros2_kortex_ws/install/controller_manager/local/lib/python3.10/dist-packages/controller_manager'...
[63.664s] Compiling '/home/mampane/Desktop/machine_tending_robot/ros2_kortex_ws/install/controller_manager/local/lib/python3.10/dist-packages/controller_manager/__init__.py'...
[63.664s] Compiling '/home/mampane/Desktop/machine_tending_robot/ros2_kortex_ws/install/controller_manager/local/lib/python3.10/dist-packages/controller_manager/controller_manager_services.py'...
[63.664s] Compiling '/home/mampane/Desktop/machine_tending_robot/ros2_kortex_ws/install/controller_manager/local/lib/python3.10/dist-packages/controller_manager/hardware_spawner.py'...
[63.664s] Compiling '/home/mampane/Desktop/machine_tending_robot/ros2_kortex_ws/install/controller_manager/local/lib/python3.10/dist-packages/controller_manager/launch_utils.py'...
[63.664s] Compiling '/home/mampane/Desktop/machine_tending_robot/ros2_kortex_ws/install/controller_manager/local/lib/python3.10/dist-packages/controller_manager/spawner.py'...
[63.664s] Compiling '/home/mampane/Desktop/machine_tending_robot/ros2_kortex_ws/install/controller_manager/local/lib/python3.10/dist-packages/controller_manager/unspawner.py'...
[63.669s] Invoked command in '/home/mampane/Desktop/machine_tending_robot/ros2_kortex_ws/build/controller_manager' returned '0': AMENT_PREFIX_PATH=/home/mampane/Desktop/machine_tending_robot/ros2_kortex_ws/install/hardware_interface_testing:/home/mampane/Desktop/machine_tending_robot/ros2_kortex_ws/install/controller_interface:/home/mampane/Desktop/machine_tending_robot/ros2_kortex_ws/install/hardware_interface:/home/mampane/Desktop/machine_tending_robot/ros2_kortex_ws/install/ros2_control_test_assets:/home/mampane/Desktop/machine_tending_robot/ros2_kortex_ws/install/realtime_tools:/home/mampane/Desktop/machine_tending_robot/ros2_kortex_ws/install/controller_manager_msgs:/home/mampane/Desktop/machine_tending_robot/ros2_kortex_ws/install/control_msgs:${AMENT_PREFIX_PATH} CMAKE_PREFIX_PATH=/home/mampane/Desktop/machine_tending_robot/ros2_kortex_ws/install/hardware_interface_testing:/home/mampane/Desktop/machine_tending_robot/ros2_kortex_ws/install/controller_interface:/home/mampane/Desktop/machine_tending_robot/ros2_kortex_ws/install/hardware_interface:/home/mampane/Desktop/machine_tending_robot/ros2_kortex_ws/install/ros2_control_test_assets:/home/mampane/Desktop/machine_tending_robot/ros2_kortex_ws/install/realtime_tools:/home/mampane/Desktop/machine_tending_robot/ros2_kortex_ws/install/controller_manager_msgs:/home/mampane/Desktop/machine_tending_robot/ros2_kortex_ws/install/control_msgs:/opt/ros/humble LD_LIBRARY_PATH=/home/mampane/Desktop/machine_tending_robot/ros2_kortex_ws/install/hardware_interface_testing/lib:/home/mampane/Desktop/machine_tending_robot/ros2_kortex_ws/install/controller_interface/lib:/home/mampane/Desktop/machine_tending_robot/ros2_kortex_ws/install/hardware_interface/lib:/home/mampane/Desktop/machine_tending_robot/ros2_kortex_ws/install/realtime_tools/lib:/home/mampane/Desktop/machine_tending_robot/ros2_kortex_ws/install/controller_manager_msgs/lib:/home/mampane/Desktop/machine_tending_robot/ros2_kortex_ws/install/control_msgs/lib:${LD_LIBRARY_PATH} PYTHONPATH=/home/mampane/Desktop/machine_tending_robot/ros2_kortex_ws/install/controller_manager_msgs/local/lib/python3.10/dist-packages:/home/mampane/Desktop/machine_tending_robot/ros2_kortex_ws/install/control_msgs/local/lib/python3.10/dist-packages:${PYTHONPATH} /usr/bin/cmake --install /home/mampane/Desktop/machine_tending_robot/ros2_kortex_ws/build/controller_manager
