[0.016s] Invoking command in '/home/mampane/Desktop/machine_tending_robot/ros2_kortex_ws/build/ros_ign_gazebo': AMENT_PREFIX_PATH=/home/mampane/Desktop/machine_tending_robot/ros2_kortex_ws/install/ros_gz_sim:${AMENT_PREFIX_PATH} CMAKE_PREFIX_PATH=/home/mampane/Desktop/machine_tending_robot/ros2_kortex_ws/install/ros_gz_sim:/home/mampane/Desktop/machine_tending_robot/workspace/ros2_kortex_ws/install/kortex_bringup:/home/mampane/Desktop/machine_tending_robot/workspace/ros2_kortex_ws/install/kinova_gen3_lite_moveit_config:/home/mampane/Desktop/machine_tending_robot/workspace/ros2_kortex_ws/install/kinova_gen3_7dof_robotiq_2f_85_moveit_config:/home/mampane/Desktop/machine_tending_robot/workspace/ros2_kortex_ws/install/kinova_gen3_6dof_robotiq_2f_85_moveit_config:/home/mampane/Desktop/machine_tending_robot/workspace/ros2_kortex_ws/install/kortex_description:/home/mampane/Desktop/machine_tending_robot/workspace/ros2_kortex_ws/install/robotiq_description:/home/mampane/Desktop/machine_tending_robot/workspace/ros2_kortex_ws/install/ros2_controllers:/home/mampane/Desktop/machine_tending_robot/workspace/ros2_kortex_ws/install/ign_ros2_control_demos:/home/mampane/Desktop/machine_tending_robot/workspace/ros2_kortex_ws/install/gazebo_ros2_control_demos:/home/mampane/Desktop/machine_tending_robot/workspace/ros2_kortex_ws/install/velocity_controllers:/home/mampane/Desktop/machine_tending_robot/workspace/ros2_kortex_ws/install/tricycle_steering_controller:/home/mampane/Desktop/machine_tending_robot/workspace/ros2_kortex_ws/install/tricycle_controller:/home/mampane/Desktop/machine_tending_robot/workspace/ros2_kortex_ws/install/ros2_control:/home/mampane/Desktop/machine_tending_robot/workspace/ros2_kortex_ws/install/transmission_interface:/home/mampane/Desktop/machine_tending_robot/workspace/ros2_kortex_ws/install/test_ros_gz_bridge:/home/mampane/Desktop/machine_tending_robot/workspace/ros2_kortex_ws/install/bicycle_steering_controller:/home/mampane/Desktop/machine_tending_robot/workspace/ros2_kortex_ws/install/ackermann_steering_controller:/home/mampane/Desktop/machine_tending_robot/workspace/ros2_kortex_ws/install/steering_controllers_library:/home/mampane/Desktop/machine_tending_robot/workspace/ros2_kortex_ws/install/robotiq_hardware_tests:/home/mampane/Desktop/machine_tending_robot/workspace/ros2_kortex_ws/install/robotiq_driver:/home/mampane/Desktop/machine_tending_robot/workspace/ros2_kortex_ws/install/serial:/home/mampane/Desktop/machine_tending_robot/workspace/ros2_kortex_ws/install/ros_ign_interfaces:/home/mampane/Desktop/machine_tending_robot/workspace/ros2_kortex_ws/install/ros_ign:/home/mampane/Desktop/machine_tending_robot/workspace/ros2_kortex_ws/install/ros_ign_image:/home/mampane/Desktop/machine_tending_robot/workspace/ros2_kortex_ws/install/ros_ign_gazebo_demos:/home/mampane/Desktop/machine_tending_robot/workspace/ros2_kortex_ws/install/gz_ros2_control_tests:/home/mampane/Desktop/machine_tending_robot/workspace/ros2_kortex_ws/install/ros_ign_gazebo:/home/mampane/Desktop/machine_tending_robot/workspace/ros2_kortex_ws/install/ros_ign_bridge:/home/mampane/Desktop/machine_tending_robot/workspace/ros2_kortex_ws/install/ros_gz:/home/mampane/Desktop/machine_tending_robot/workspace/ros2_kortex_ws/install/ros_gz_sim_demos:/home/mampane/Desktop/machine_tending_robot/workspace/ros2_kortex_ws/install/ros_gz_sim:/home/mampane/Desktop/machine_tending_robot/workspace/ros2_kortex_ws/install/ros_gz_image:/home/mampane/Desktop/machine_tending_robot/workspace/ros2_kortex_ws/install/ros_gz_bridge:/home/mampane/Desktop/machine_tending_robot/workspace/ros2_kortex_ws/install/ros_gz_interfaces:/home/mampane/Desktop/machine_tending_robot/workspace/ros2_kortex_ws/install/ign_ros2_control:/home/mampane/Desktop/machine_tending_robot/workspace/ros2_kortex_ws/install/hardware_interface_testing:/home/mampane/Desktop/machine_tending_robot/workspace/ros2_kortex_ws/install/gazebo_ros2_control:/home/mampane/Desktop/machine_tending_robot/workspace/ros2_kortex_ws/install/controller_manager:/home/mampane/Desktop/machine_tending_robot/workspace/ros2_kortex_ws/install/ros2_control_test_assets:/home/mampane/Desktop/machine_tending_robot/workspace/ros2_kortex_ws/install/robotiq_controllers:/home/mampane/Desktop/machine_tending_robot/workspace/ros2_kortex_ws/install/range_sensor_broadcaster:/home/mampane/Desktop/machine_tending_robot/workspace/ros2_kortex_ws/install/position_controllers:/home/mampane/Desktop/machine_tending_robot/workspace/ros2_kortex_ws/install/pose_broadcaster:/home/mampane/Desktop/machine_tending_robot/workspace/ros2_kortex_ws/install/pid_controller:/home/mampane/Desktop/machine_tending_robot/workspace/ros2_kortex_ws/install/picknik_twist_controller:/home/mampane/Desktop/machine_tending_robot/workspace/ros2_kortex_ws/install/picknik_reset_fault_controller:/home/mampane/Desktop/machine_tending_robot/workspace/ros2_kortex_ws/install/mecanum_drive_controller:/home/mampane/Desktop/machine_tending_robot/workspace/ros2_kortex_ws/install/joint_trajectory_controller:/home/mampane/Desktop/machine_tending_robot/workspace/ros2_kortex_ws/install/joint_state_broadcaster:/home/mampane/Desktop/machine_tending_robot/workspace/ros2_kortex_ws/install/imu_sensor_broadcaster:/home/mampane/Desktop/machine_tending_robot/workspace/ros2_kortex_ws/install/gripper_controllers:/home/mampane/Desktop/machine_tending_robot/workspace/ros2_kortex_ws/install/gpio_controllers:/home/mampane/Desktop/machine_tending_robot/workspace/ros2_kortex_ws/install/effort_controllers:/home/mampane/Desktop/machine_tending_robot/workspace/ros2_kortex_ws/install/forward_command_controller:/home/mampane/Desktop/machine_tending_robot/workspace/ros2_kortex_ws/install/force_torque_sensor_broadcaster:/home/mampane/Desktop/machine_tending_robot/workspace/ros2_kortex_ws/install/diff_drive_controller:/home/mampane/Desktop/machine_tending_robot/workspace/ros2_kortex_ws/install/admittance_controller:/home/mampane/Desktop/machine_tending_robot/workspace/ros2_kortex_ws/install/realtime_tools:/home/mampane/Desktop/machine_tending_robot/workspace/ros2_kortex_ws/install/kortex_driver:/home/mampane/Desktop/machine_tending_robot/workspace/ros2_kortex_ws/install/kortex_api:/home/mampane/Desktop/machine_tending_robot/workspace/ros2_kortex_ws/install/joint_limits:/home/mampane/Desktop/machine_tending_robot/workspace/ros2_kortex_ws/install/controller_interface:/home/mampane/Desktop/machine_tending_robot/workspace/ros2_kortex_ws/install/hardware_interface:/home/mampane/Desktop/machine_tending_robot/workspace/ros2_kortex_ws/install/controller_manager_msgs:/home/mampane/Desktop/machine_tending_robot/workspace/ros2_kortex_ws/install/control_msgs:/home/mampane/Desktop/machine_tending_robot/workspace/ros2_kortex_ws/install/rqt_joint_trajectory_controller:/home/mampane/Desktop/machine_tending_robot/workspace/ros2_kortex_ws/install/rqt_controller_manager:/home/mampane/Desktop/machine_tending_robot/workspace/ros2_kortex_ws/install/ros2controlcli:/home/mampane/Desktop/machine_tending_robot/workspace/ros2_kortex_ws/install/ros2_controllers_test_nodes:/opt/ros/humble LD_LIBRARY_PATH=/home/mampane/Desktop/machine_tending_robot/ros2_kortex_ws/install/ros_gz_sim/lib:${LD_LIBRARY_PATH} /usr/bin/cmake /home/mampane/Desktop/machine_tending_robot/ros2_kortex_ws/src/ros_gz/ros_ign_gazebo -DCMAKE_BUILD_TYPE=Release -DCMAKE_INSTALL_PREFIX=/home/mampane/Desktop/machine_tending_robot/ros2_kortex_ws/install/ros_ign_gazebo
[0.111s] -- The C compiler identification is GNU 11.4.0
[0.202s] -- The CXX compiler identification is GNU 11.4.0
[0.214s] -- Detecting C compiler ABI info
[0.318s] -- Detecting C compiler ABI info - done
[0.335s] -- Check for working C compiler: /usr/bin/cc - skipped
[0.336s] -- Detecting C compile features
[0.336s] -- Detecting C compile features - done
[0.343s] -- Detecting CXX compiler ABI info
[0.502s] -- Detecting CXX compiler ABI info - done
[0.520s] -- Check for working CXX compiler: /usr/bin/c++ - skipped
[0.520s] -- Detecting CXX compile features
[0.521s] -- Detecting CXX compile features - done
[0.526s] -- Found ament_cmake: 1.3.11 (/opt/ros/humble/share/ament_cmake/cmake)
[0.804s] -- Found Python3: /usr/bin/python3 (found version "3.10.12") found components: Interpreter 
[0.905s] -- Found ament_index_cpp: 1.4.0 (/opt/ros/humble/share/ament_index_cpp/cmake)
[0.913s] -- Looking for ignition-gazebo6 -- found version 6.17.0
[0.926s] -- Searching for dependencies of ignition-gazebo6
[0.930s] -- Looking for sdformat12 -- found version 12.8.0
[0.930s] -- Searching for dependencies of sdformat12
[0.942s] -- Checking for module 'tinyxml2'
[0.974s] --   Found tinyxml2, version 9.0.0
[1.047s] -- Looking for ignition-math6 -- found version 6.15.1
[1.048s] -- Searching for dependencies of ignition-math6
[1.055s] -- Looking for ignition-utils1 -- found version 1.5.1
[1.055s] -- Searching for dependencies of ignition-utils1
[1.062s] -- Looking for ignition-plugin1 -- found version 1.4.0
[1.063s] -- Searching for dependencies of ignition-plugin1
[1.064s] -- Searching for <ignition-plugin1> component [loader]
[1.067s] -- Looking for ignition-plugin1-loader -- found version 1.4.0
[1.068s] -- Searching for dependencies of ignition-plugin1-loader
[1.069s] -- Searching for <ignition-plugin1> component [register]
[1.074s] -- Looking for ignition-plugin1-register -- found version 1.4.0
[1.075s] -- Searching for dependencies of ignition-plugin1-register
[1.081s] -- Looking for ignition-transport11 -- found version 11.4.1
[1.082s] -- Searching for dependencies of ignition-transport11
[1.345s] -- Found Protobuf: /usr/lib/x86_64-linux-gnu/libprotobuf.so (found version "3.12.4") 
[1.368s] -- Config-file not installed for ZeroMQ -- checking for pkg-config
[1.378s] -- Checking for module 'libzmq >= 4'
[1.415s] --   Found libzmq , version 4.3.4
[1.483s] -- Found ZeroMQ: TRUE (Required is at least version "4") 
[1.494s] -- Checking for module 'uuid'
[1.527s] --   Found uuid, version 2.37.2
[1.586s] -- Found UUID: TRUE  
[1.586s] -- Looking for ignition-utils1 -- found version 1.5.1
[1.587s] -- Searching for dependencies of ignition-utils1
[1.587s] -- Searching for <ignition-utils1> component [cli]
[1.590s] -- Looking for ignition-utils1-cli -- found version 1.5.1
[1.591s] -- Searching for dependencies of ignition-utils1-cli
[1.597s] -- Looking for ignition-msgs8 -- found version 8.7.0
[1.598s] -- Searching for dependencies of ignition-msgs8
[1.633s] -- Found Protobuf: /usr/lib/x86_64-linux-gnu/libprotobuf.so (found suitable version "3.12.4", minimum required is "3") 
[1.635s] -- Looking for ignition-math6 -- found version 6.15.1
[1.660s] -- Searching for <ignition-transport11> component [log]
[1.665s] -- Looking for ignition-transport11-log -- found version 11.4.1
[1.666s] -- Searching for dependencies of ignition-transport11-log
[1.667s] -- Searching for <ignition-transport11> component [parameters]
[1.672s] -- Looking for ignition-transport11-parameters -- found version 11.4.1
[1.673s] -- Searching for dependencies of ignition-transport11-parameters
[1.675s] -- Looking for ignition-msgs8 -- found version 8.7.0
[1.680s] -- Looking for ignition-common4 -- found version 4.7.0
[1.681s] -- Searching for dependencies of ignition-common4
[1.682s] -- Looking for dlfcn.h - found
[1.685s] -- Looking for libdl - found
[1.687s] -- Found DL: TRUE  
[1.705s] -- Searching for <ignition-common4> component [profiler]
[1.710s] -- Looking for ignition-common4-profiler -- found version 4.7.0
[1.711s] -- Searching for dependencies of ignition-common4-profiler
[1.712s] -- Searching for <ignition-common4> component [events]
[1.716s] -- Looking for ignition-common4-events -- found version 4.7.0
[1.717s] -- Searching for dependencies of ignition-common4-events
[1.718s] -- Looking for ignition-math6 -- found version 6.15.1
[1.719s] -- Searching for <ignition-common4> component [av]
[1.724s] -- Looking for ignition-common4-av -- found version 4.7.0
[1.724s] -- Searching for dependencies of ignition-common4-av
[1.731s] -- Checking for module 'libswscale'
[1.754s] --   Found libswscale, version 5.9.100
[1.829s] -- Found SWSCALE: TRUE  
[1.841s] -- Checking for module 'libavdevice >= 56.4.100'
[1.875s] --   Found libavdevice , version 58.13.100
[1.941s] -- Found AVDEVICE: TRUE (Required is at least version "56.4.100") 
[1.952s] -- Checking for module 'libavformat'
[1.982s] --   Found libavformat, version 58.76.100
[2.041s] -- Found AVFORMAT: TRUE  
[2.049s] -- Checking for module 'libavcodec'
[2.079s] --   Found libavcodec, version 58.134.100
[2.153s] -- Found AVCODEC: TRUE  
[2.164s] -- Checking for module 'libavutil'
[2.198s] --   Found libavutil, version 56.70.100
[2.269s] -- Found AVUTIL: TRUE  
[2.275s] -- Looking for ignition-fuel_tools7 -- found version 7.3.1
[2.276s] -- Searching for dependencies of ignition-fuel_tools7
[2.441s] -- Found CURL: /usr/lib/x86_64-linux-gnu/libcurl.so (found version "7.81.0")  
[2.458s] -- Checking for module 'jsoncpp'
[2.481s] --   Found jsoncpp, version 1.9.5
[2.531s] -- Found JSONCPP: TRUE  
[2.540s] -- Checking for module 'libzip'
[2.563s] --   Found libzip, version 1.7.3
[2.613s] -- Found ZIP: TRUE  
[2.613s] -- Looking for ignition-common4 -- found version 4.7.0
[2.614s] -- Looking for ignition-math6 -- found version 6.15.1
[2.614s] -- Looking for ignition-msgs8 -- found version 8.7.0
[2.619s] -- Looking for ignition-gui6 -- found version 6.8.0
[2.620s] -- Searching for dependencies of ignition-gui6
[2.664s] -- Looking for ignition-math6 -- found version 6.15.1
[2.665s] -- Looking for ignition-common4 -- found version 4.7.0
[2.665s] -- Looking for ignition-plugin1 -- found version 1.4.0
[2.666s] -- Looking for ignition-transport11 -- found version 11.4.1
[2.671s] -- Looking for ignition-rendering6 -- found version 6.6.3
[2.672s] -- Searching for dependencies of ignition-rendering6
[2.672s] -- Looking for ignition-math6 -- found version 6.15.1
[2.673s] -- Searching for dependencies of ignition-math6
[2.673s] -- Searching for <ignition-math6> component [eigen3]
[2.677s] -- Looking for ignition-math6-eigen3 -- found version 6.15.1
[2.678s] -- Searching for dependencies of ignition-math6-eigen3
[2.691s] -- Looking for ignition-common4 -- found version 4.7.0
[2.692s] -- Searching for dependencies of ignition-common4
[2.692s] -- Looking for dlfcn.h - found
[2.692s] -- Looking for libdl - found
[2.709s] -- Searching for <ignition-common4> component [graphics]
[2.712s] -- Looking for ignition-common4-graphics -- found version 4.7.0
[2.713s] -- Searching for dependencies of ignition-common4-graphics
[2.714s] -- Looking for ignition-math6 -- found version 6.15.1
[2.714s] -- Looking for ignition-utils1 -- found version 1.5.1
[2.716s] -- Searching for <ignition-common4> component [events]
[2.717s] -- Looking for ignition-plugin1 -- found version 1.4.0
[2.718s] -- Searching for dependencies of ignition-plugin1
[2.718s] -- Searching for <ignition-plugin1> component [all]
[2.722s] -- Looking for all libraries of ignition-plugin1 -- found version 1.4.0
[2.723s] -- Looking for ignition-plugin1 -- found version 1.4.0
[2.727s] -- Looking for ignition-msgs8 -- found version 8.7.0
[2.770s] -- Looking for ignition-physics5 -- found version 5.3.2
[2.770s] -- Searching for dependencies of ignition-physics5
[2.771s] -- Looking for ignition-math6 -- found version 6.15.1
[2.772s] -- Looking for ignition-plugin1 -- found version 1.4.0
[2.772s] -- Looking for ignition-utils1 -- found version 1.5.1
[2.774s] -- Searching for <ignition-physics5> component [heightmap]
[2.778s] -- Looking for ignition-physics5-heightmap -- found version 5.3.2
[2.779s] -- Searching for dependencies of ignition-physics5-heightmap
[2.779s] -- Looking for ignition-common4 -- found version 4.7.0
[2.780s] -- Searching for <ignition-physics5> component [mesh]
[2.784s] -- Looking for ignition-physics5-mesh -- found version 5.3.2
[2.785s] -- Searching for dependencies of ignition-physics5-mesh
[2.786s] -- Looking for ignition-common4 -- found version 4.7.0
[2.787s] -- Searching for <ignition-physics5> component [sdf]
[2.791s] -- Looking for ignition-physics5-sdf -- found version 5.3.2
[2.791s] -- Searching for dependencies of ignition-physics5-sdf
[2.792s] -- Looking for sdformat12 -- found version 12.8.0
[2.797s] -- Looking for ignition-sensors6 -- found version 6.8.1
[2.798s] -- Searching for dependencies of ignition-sensors6
[2.828s] -- Found Protobuf: /usr/lib/x86_64-linux-gnu/libprotobuf.so (found version "3.12.4") 
[2.829s] -- Looking for ignition-math6 -- found version 6.15.1
[2.830s] -- Looking for ignition-common4 -- found version 4.7.0
[2.830s] -- Looking for ignition-transport11 -- found version 11.4.1
[2.831s] -- Looking for ignition-rendering6 -- found version 6.6.3
[2.831s] -- Looking for ignition-msgs8 -- found version 8.7.0
[2.832s] -- Looking for sdformat12 -- found version 12.8.0
[2.834s] -- Searching for <ignition-sensors6> component [air_pressure]
[2.838s] -- Looking for ignition-sensors6-air_pressure -- found version 6.8.1
[2.839s] -- Searching for dependencies of ignition-sensors6-air_pressure
[2.840s] -- Searching for <ignition-sensors6> component [altimeter]
[2.844s] -- Looking for ignition-sensors6-altimeter -- found version 6.8.1
[2.845s] -- Searching for dependencies of ignition-sensors6-altimeter
[2.846s] -- Searching for <ignition-sensors6> component [imu]
[2.850s] -- Looking for ignition-sensors6-imu -- found version 6.8.1
[2.851s] -- Searching for dependencies of ignition-sensors6-imu
[2.852s] -- Searching for <ignition-sensors6> component [force_torque]
[2.855s] -- Looking for ignition-sensors6-force_torque -- found version 6.8.1
[2.856s] -- Searching for dependencies of ignition-sensors6-force_torque
[2.857s] -- Searching for <ignition-sensors6> component [logical_camera]
[2.859s] -- Looking for ignition-sensors6-logical_camera -- found version 6.8.1
[2.860s] -- Searching for dependencies of ignition-sensors6-logical_camera
[2.860s] -- Searching for <ignition-sensors6> component [magnetometer]
[2.863s] -- Looking for ignition-sensors6-magnetometer -- found version 6.8.1
[2.863s] -- Searching for dependencies of ignition-sensors6-magnetometer
[2.864s] -- Searching for <ignition-sensors6> component [navsat]
[2.867s] -- Looking for ignition-sensors6-navsat -- found version 6.8.1
[2.867s] -- Searching for dependencies of ignition-sensors6-navsat
[2.868s] -- Searching for <ignition-sensors6> component [rendering]
[2.872s] -- Looking for ignition-sensors6-rendering -- found version 6.8.1
[2.873s] -- Searching for dependencies of ignition-sensors6-rendering
[2.874s] -- Searching for <ignition-sensors6> component [lidar]
[2.877s] -- Looking for ignition-sensors6-lidar -- found version 6.8.1
[2.877s] -- Searching for dependencies of ignition-sensors6-lidar
[2.878s] -- Looking for ignition-sensors6 -- found version 6.8.1
[2.879s] -- Searching for <ignition-sensors6> component [gpu_lidar]
[2.882s] -- Looking for ignition-sensors6-gpu_lidar -- found version 6.8.1
[2.882s] -- Searching for dependencies of ignition-sensors6-gpu_lidar
[2.882s] -- Looking for ignition-sensors6 -- found version 6.8.1
[2.883s] -- Searching for <ignition-sensors6> component [camera]
[2.886s] -- Looking for ignition-sensors6-camera -- found version 6.8.1
[2.887s] -- Searching for dependencies of ignition-sensors6-camera
[2.887s] -- Looking for ignition-sensors6 -- found version 6.8.1
[2.888s] -- Searching for <ignition-sensors6> component [boundingbox_camera]
[2.892s] -- Looking for ignition-sensors6-boundingbox_camera -- found version 6.8.1
[2.893s] -- Searching for dependencies of ignition-sensors6-boundingbox_camera
[2.894s] -- Searching for <ignition-sensors6> component [segmentation_camera]
[2.898s] -- Looking for ignition-sensors6-segmentation_camera -- found version 6.8.1
[2.899s] -- Searching for dependencies of ignition-sensors6-segmentation_camera
[2.900s] -- Searching for <ignition-sensors6> component [depth_camera]
[2.904s] -- Looking for ignition-sensors6-depth_camera -- found version 6.8.1
[2.905s] -- Searching for dependencies of ignition-sensors6-depth_camera
[2.905s] -- Looking for ignition-sensors6 -- found version 6.8.1
[2.907s] -- Searching for <ignition-sensors6> component [rgbd_camera]
[2.911s] -- Looking for ignition-sensors6-rgbd_camera -- found version 6.8.1
[2.911s] -- Searching for dependencies of ignition-sensors6-rgbd_camera
[2.912s] -- Looking for ignition-sensors6 -- found version 6.8.1
[2.913s] -- Searching for <ignition-sensors6> component [thermal_camera]
[2.917s] -- Looking for ignition-sensors6-thermal_camera -- found version 6.8.1
[2.917s] -- Searching for dependencies of ignition-sensors6-thermal_camera
[2.918s] -- Looking for ignition-sensors6 -- found version 6.8.1
[2.920s] -- Looking for ignition-rendering6 -- found version 6.6.3
[2.921s] -- Looking for ignition-math6 -- found version 6.15.1
[2.925s] -- Looking for ignition-utils1 -- found version 1.5.1
[2.958s] -- Compiling against Gazebo Fortress
[3.065s] -- Configuring done
[3.074s] -- Generating done
[3.078s] -- Build files have been written to: /home/mampane/Desktop/machine_tending_robot/ros2_kortex_ws/build/ros_ign_gazebo
[3.093s] Invoked command in '/home/mampane/Desktop/machine_tending_robot/ros2_kortex_ws/build/ros_ign_gazebo' returned '0': AMENT_PREFIX_PATH=/home/mampane/Desktop/machine_tending_robot/ros2_kortex_ws/install/ros_gz_sim:${AMENT_PREFIX_PATH} CMAKE_PREFIX_PATH=/home/mampane/Desktop/machine_tending_robot/ros2_kortex_ws/install/ros_gz_sim:/home/mampane/Desktop/machine_tending_robot/workspace/ros2_kortex_ws/install/kortex_bringup:/home/mampane/Desktop/machine_tending_robot/workspace/ros2_kortex_ws/install/kinova_gen3_lite_moveit_config:/home/mampane/Desktop/machine_tending_robot/workspace/ros2_kortex_ws/install/kinova_gen3_7dof_robotiq_2f_85_moveit_config:/home/mampane/Desktop/machine_tending_robot/workspace/ros2_kortex_ws/install/kinova_gen3_6dof_robotiq_2f_85_moveit_config:/home/mampane/Desktop/machine_tending_robot/workspace/ros2_kortex_ws/install/kortex_description:/home/mampane/Desktop/machine_tending_robot/workspace/ros2_kortex_ws/install/robotiq_description:/home/mampane/Desktop/machine_tending_robot/workspace/ros2_kortex_ws/install/ros2_controllers:/home/mampane/Desktop/machine_tending_robot/workspace/ros2_kortex_ws/install/ign_ros2_control_demos:/home/mampane/Desktop/machine_tending_robot/workspace/ros2_kortex_ws/install/gazebo_ros2_control_demos:/home/mampane/Desktop/machine_tending_robot/workspace/ros2_kortex_ws/install/velocity_controllers:/home/mampane/Desktop/machine_tending_robot/workspace/ros2_kortex_ws/install/tricycle_steering_controller:/home/mampane/Desktop/machine_tending_robot/workspace/ros2_kortex_ws/install/tricycle_controller:/home/mampane/Desktop/machine_tending_robot/workspace/ros2_kortex_ws/install/ros2_control:/home/mampane/Desktop/machine_tending_robot/workspace/ros2_kortex_ws/install/transmission_interface:/home/mampane/Desktop/machine_tending_robot/workspace/ros2_kortex_ws/install/test_ros_gz_bridge:/home/mampane/Desktop/machine_tending_robot/workspace/ros2_kortex_ws/install/bicycle_steering_controller:/home/mampane/Desktop/machine_tending_robot/workspace/ros2_kortex_ws/install/ackermann_steering_controller:/home/mampane/Desktop/machine_tending_robot/workspace/ros2_kortex_ws/install/steering_controllers_library:/home/mampane/Desktop/machine_tending_robot/workspace/ros2_kortex_ws/install/robotiq_hardware_tests:/home/mampane/Desktop/machine_tending_robot/workspace/ros2_kortex_ws/install/robotiq_driver:/home/mampane/Desktop/machine_tending_robot/workspace/ros2_kortex_ws/install/serial:/home/mampane/Desktop/machine_tending_robot/workspace/ros2_kortex_ws/install/ros_ign_interfaces:/home/mampane/Desktop/machine_tending_robot/workspace/ros2_kortex_ws/install/ros_ign:/home/mampane/Desktop/machine_tending_robot/workspace/ros2_kortex_ws/install/ros_ign_image:/home/mampane/Desktop/machine_tending_robot/workspace/ros2_kortex_ws/install/ros_ign_gazebo_demos:/home/mampane/Desktop/machine_tending_robot/workspace/ros2_kortex_ws/install/gz_ros2_control_tests:/home/mampane/Desktop/machine_tending_robot/workspace/ros2_kortex_ws/install/ros_ign_gazebo:/home/mampane/Desktop/machine_tending_robot/workspace/ros2_kortex_ws/install/ros_ign_bridge:/home/mampane/Desktop/machine_tending_robot/workspace/ros2_kortex_ws/install/ros_gz:/home/mampane/Desktop/machine_tending_robot/workspace/ros2_kortex_ws/install/ros_gz_sim_demos:/home/mampane/Desktop/machine_tending_robot/workspace/ros2_kortex_ws/install/ros_gz_sim:/home/mampane/Desktop/machine_tending_robot/workspace/ros2_kortex_ws/install/ros_gz_image:/home/mampane/Desktop/machine_tending_robot/workspace/ros2_kortex_ws/install/ros_gz_bridge:/home/mampane/Desktop/machine_tending_robot/workspace/ros2_kortex_ws/install/ros_gz_interfaces:/home/mampane/Desktop/machine_tending_robot/workspace/ros2_kortex_ws/install/ign_ros2_control:/home/mampane/Desktop/machine_tending_robot/workspace/ros2_kortex_ws/install/hardware_interface_testing:/home/mampane/Desktop/machine_tending_robot/workspace/ros2_kortex_ws/install/gazebo_ros2_control:/home/mampane/Desktop/machine_tending_robot/workspace/ros2_kortex_ws/install/controller_manager:/home/mampane/Desktop/machine_tending_robot/workspace/ros2_kortex_ws/install/ros2_control_test_assets:/home/mampane/Desktop/machine_tending_robot/workspace/ros2_kortex_ws/install/robotiq_controllers:/home/mampane/Desktop/machine_tending_robot/workspace/ros2_kortex_ws/install/range_sensor_broadcaster:/home/mampane/Desktop/machine_tending_robot/workspace/ros2_kortex_ws/install/position_controllers:/home/mampane/Desktop/machine_tending_robot/workspace/ros2_kortex_ws/install/pose_broadcaster:/home/mampane/Desktop/machine_tending_robot/workspace/ros2_kortex_ws/install/pid_controller:/home/mampane/Desktop/machine_tending_robot/workspace/ros2_kortex_ws/install/picknik_twist_controller:/home/mampane/Desktop/machine_tending_robot/workspace/ros2_kortex_ws/install/picknik_reset_fault_controller:/home/mampane/Desktop/machine_tending_robot/workspace/ros2_kortex_ws/install/mecanum_drive_controller:/home/mampane/Desktop/machine_tending_robot/workspace/ros2_kortex_ws/install/joint_trajectory_controller:/home/mampane/Desktop/machine_tending_robot/workspace/ros2_kortex_ws/install/joint_state_broadcaster:/home/mampane/Desktop/machine_tending_robot/workspace/ros2_kortex_ws/install/imu_sensor_broadcaster:/home/mampane/Desktop/machine_tending_robot/workspace/ros2_kortex_ws/install/gripper_controllers:/home/mampane/Desktop/machine_tending_robot/workspace/ros2_kortex_ws/install/gpio_controllers:/home/mampane/Desktop/machine_tending_robot/workspace/ros2_kortex_ws/install/effort_controllers:/home/mampane/Desktop/machine_tending_robot/workspace/ros2_kortex_ws/install/forward_command_controller:/home/mampane/Desktop/machine_tending_robot/workspace/ros2_kortex_ws/install/force_torque_sensor_broadcaster:/home/mampane/Desktop/machine_tending_robot/workspace/ros2_kortex_ws/install/diff_drive_controller:/home/mampane/Desktop/machine_tending_robot/workspace/ros2_kortex_ws/install/admittance_controller:/home/mampane/Desktop/machine_tending_robot/workspace/ros2_kortex_ws/install/realtime_tools:/home/mampane/Desktop/machine_tending_robot/workspace/ros2_kortex_ws/install/kortex_driver:/home/mampane/Desktop/machine_tending_robot/workspace/ros2_kortex_ws/install/kortex_api:/home/mampane/Desktop/machine_tending_robot/workspace/ros2_kortex_ws/install/joint_limits:/home/mampane/Desktop/machine_tending_robot/workspace/ros2_kortex_ws/install/controller_interface:/home/mampane/Desktop/machine_tending_robot/workspace/ros2_kortex_ws/install/hardware_interface:/home/mampane/Desktop/machine_tending_robot/workspace/ros2_kortex_ws/install/controller_manager_msgs:/home/mampane/Desktop/machine_tending_robot/workspace/ros2_kortex_ws/install/control_msgs:/home/mampane/Desktop/machine_tending_robot/workspace/ros2_kortex_ws/install/rqt_joint_trajectory_controller:/home/mampane/Desktop/machine_tending_robot/workspace/ros2_kortex_ws/install/rqt_controller_manager:/home/mampane/Desktop/machine_tending_robot/workspace/ros2_kortex_ws/install/ros2controlcli:/home/mampane/Desktop/machine_tending_robot/workspace/ros2_kortex_ws/install/ros2_controllers_test_nodes:/opt/ros/humble LD_LIBRARY_PATH=/home/mampane/Desktop/machine_tending_robot/ros2_kortex_ws/install/ros_gz_sim/lib:${LD_LIBRARY_PATH} /usr/bin/cmake /home/mampane/Desktop/machine_tending_robot/ros2_kortex_ws/src/ros_gz/ros_ign_gazebo -DCMAKE_BUILD_TYPE=Release -DCMAKE_INSTALL_PREFIX=/home/mampane/Desktop/machine_tending_robot/ros2_kortex_ws/install/ros_ign_gazebo
[3.095s] Invoking command in '/home/mampane/Desktop/machine_tending_robot/ros2_kortex_ws/build/ros_ign_gazebo': AMENT_PREFIX_PATH=/home/mampane/Desktop/machine_tending_robot/ros2_kortex_ws/install/ros_gz_sim:${AMENT_PREFIX_PATH} CMAKE_PREFIX_PATH=/home/mampane/Desktop/machine_tending_robot/ros2_kortex_ws/install/ros_gz_sim:/home/mampane/Desktop/machine_tending_robot/workspace/ros2_kortex_ws/install/kortex_bringup:/home/mampane/Desktop/machine_tending_robot/workspace/ros2_kortex_ws/install/kinova_gen3_lite_moveit_config:/home/mampane/Desktop/machine_tending_robot/workspace/ros2_kortex_ws/install/kinova_gen3_7dof_robotiq_2f_85_moveit_config:/home/mampane/Desktop/machine_tending_robot/workspace/ros2_kortex_ws/install/kinova_gen3_6dof_robotiq_2f_85_moveit_config:/home/mampane/Desktop/machine_tending_robot/workspace/ros2_kortex_ws/install/kortex_description:/home/mampane/Desktop/machine_tending_robot/workspace/ros2_kortex_ws/install/robotiq_description:/home/mampane/Desktop/machine_tending_robot/workspace/ros2_kortex_ws/install/ros2_controllers:/home/mampane/Desktop/machine_tending_robot/workspace/ros2_kortex_ws/install/ign_ros2_control_demos:/home/mampane/Desktop/machine_tending_robot/workspace/ros2_kortex_ws/install/gazebo_ros2_control_demos:/home/mampane/Desktop/machine_tending_robot/workspace/ros2_kortex_ws/install/velocity_controllers:/home/mampane/Desktop/machine_tending_robot/workspace/ros2_kortex_ws/install/tricycle_steering_controller:/home/mampane/Desktop/machine_tending_robot/workspace/ros2_kortex_ws/install/tricycle_controller:/home/mampane/Desktop/machine_tending_robot/workspace/ros2_kortex_ws/install/ros2_control:/home/mampane/Desktop/machine_tending_robot/workspace/ros2_kortex_ws/install/transmission_interface:/home/mampane/Desktop/machine_tending_robot/workspace/ros2_kortex_ws/install/test_ros_gz_bridge:/home/mampane/Desktop/machine_tending_robot/workspace/ros2_kortex_ws/install/bicycle_steering_controller:/home/mampane/Desktop/machine_tending_robot/workspace/ros2_kortex_ws/install/ackermann_steering_controller:/home/mampane/Desktop/machine_tending_robot/workspace/ros2_kortex_ws/install/steering_controllers_library:/home/mampane/Desktop/machine_tending_robot/workspace/ros2_kortex_ws/install/robotiq_hardware_tests:/home/mampane/Desktop/machine_tending_robot/workspace/ros2_kortex_ws/install/robotiq_driver:/home/mampane/Desktop/machine_tending_robot/workspace/ros2_kortex_ws/install/serial:/home/mampane/Desktop/machine_tending_robot/workspace/ros2_kortex_ws/install/ros_ign_interfaces:/home/mampane/Desktop/machine_tending_robot/workspace/ros2_kortex_ws/install/ros_ign:/home/mampane/Desktop/machine_tending_robot/workspace/ros2_kortex_ws/install/ros_ign_image:/home/mampane/Desktop/machine_tending_robot/workspace/ros2_kortex_ws/install/ros_ign_gazebo_demos:/home/mampane/Desktop/machine_tending_robot/workspace/ros2_kortex_ws/install/gz_ros2_control_tests:/home/mampane/Desktop/machine_tending_robot/workspace/ros2_kortex_ws/install/ros_ign_gazebo:/home/mampane/Desktop/machine_tending_robot/workspace/ros2_kortex_ws/install/ros_ign_bridge:/home/mampane/Desktop/machine_tending_robot/workspace/ros2_kortex_ws/install/ros_gz:/home/mampane/Desktop/machine_tending_robot/workspace/ros2_kortex_ws/install/ros_gz_sim_demos:/home/mampane/Desktop/machine_tending_robot/workspace/ros2_kortex_ws/install/ros_gz_sim:/home/mampane/Desktop/machine_tending_robot/workspace/ros2_kortex_ws/install/ros_gz_image:/home/mampane/Desktop/machine_tending_robot/workspace/ros2_kortex_ws/install/ros_gz_bridge:/home/mampane/Desktop/machine_tending_robot/workspace/ros2_kortex_ws/install/ros_gz_interfaces:/home/mampane/Desktop/machine_tending_robot/workspace/ros2_kortex_ws/install/ign_ros2_control:/home/mampane/Desktop/machine_tending_robot/workspace/ros2_kortex_ws/install/hardware_interface_testing:/home/mampane/Desktop/machine_tending_robot/workspace/ros2_kortex_ws/install/gazebo_ros2_control:/home/mampane/Desktop/machine_tending_robot/workspace/ros2_kortex_ws/install/controller_manager:/home/mampane/Desktop/machine_tending_robot/workspace/ros2_kortex_ws/install/ros2_control_test_assets:/home/mampane/Desktop/machine_tending_robot/workspace/ros2_kortex_ws/install/robotiq_controllers:/home/mampane/Desktop/machine_tending_robot/workspace/ros2_kortex_ws/install/range_sensor_broadcaster:/home/mampane/Desktop/machine_tending_robot/workspace/ros2_kortex_ws/install/position_controllers:/home/mampane/Desktop/machine_tending_robot/workspace/ros2_kortex_ws/install/pose_broadcaster:/home/mampane/Desktop/machine_tending_robot/workspace/ros2_kortex_ws/install/pid_controller:/home/mampane/Desktop/machine_tending_robot/workspace/ros2_kortex_ws/install/picknik_twist_controller:/home/mampane/Desktop/machine_tending_robot/workspace/ros2_kortex_ws/install/picknik_reset_fault_controller:/home/mampane/Desktop/machine_tending_robot/workspace/ros2_kortex_ws/install/mecanum_drive_controller:/home/mampane/Desktop/machine_tending_robot/workspace/ros2_kortex_ws/install/joint_trajectory_controller:/home/mampane/Desktop/machine_tending_robot/workspace/ros2_kortex_ws/install/joint_state_broadcaster:/home/mampane/Desktop/machine_tending_robot/workspace/ros2_kortex_ws/install/imu_sensor_broadcaster:/home/mampane/Desktop/machine_tending_robot/workspace/ros2_kortex_ws/install/gripper_controllers:/home/mampane/Desktop/machine_tending_robot/workspace/ros2_kortex_ws/install/gpio_controllers:/home/mampane/Desktop/machine_tending_robot/workspace/ros2_kortex_ws/install/effort_controllers:/home/mampane/Desktop/machine_tending_robot/workspace/ros2_kortex_ws/install/forward_command_controller:/home/mampane/Desktop/machine_tending_robot/workspace/ros2_kortex_ws/install/force_torque_sensor_broadcaster:/home/mampane/Desktop/machine_tending_robot/workspace/ros2_kortex_ws/install/diff_drive_controller:/home/mampane/Desktop/machine_tending_robot/workspace/ros2_kortex_ws/install/admittance_controller:/home/mampane/Desktop/machine_tending_robot/workspace/ros2_kortex_ws/install/realtime_tools:/home/mampane/Desktop/machine_tending_robot/workspace/ros2_kortex_ws/install/kortex_driver:/home/mampane/Desktop/machine_tending_robot/workspace/ros2_kortex_ws/install/kortex_api:/home/mampane/Desktop/machine_tending_robot/workspace/ros2_kortex_ws/install/joint_limits:/home/mampane/Desktop/machine_tending_robot/workspace/ros2_kortex_ws/install/controller_interface:/home/mampane/Desktop/machine_tending_robot/workspace/ros2_kortex_ws/install/hardware_interface:/home/mampane/Desktop/machine_tending_robot/workspace/ros2_kortex_ws/install/controller_manager_msgs:/home/mampane/Desktop/machine_tending_robot/workspace/ros2_kortex_ws/install/control_msgs:/home/mampane/Desktop/machine_tending_robot/workspace/ros2_kortex_ws/install/rqt_joint_trajectory_controller:/home/mampane/Desktop/machine_tending_robot/workspace/ros2_kortex_ws/install/rqt_controller_manager:/home/mampane/Desktop/machine_tending_robot/workspace/ros2_kortex_ws/install/ros2controlcli:/home/mampane/Desktop/machine_tending_robot/workspace/ros2_kortex_ws/install/ros2_controllers_test_nodes:/opt/ros/humble LD_LIBRARY_PATH=/home/mampane/Desktop/machine_tending_robot/ros2_kortex_ws/install/ros_gz_sim/lib:${LD_LIBRARY_PATH} /usr/bin/cmake --build /home/mampane/Desktop/machine_tending_robot/ros2_kortex_ws/build/ros_ign_gazebo -- -j20 -l20
[3.151s] [ 50%] [32mBuilding CXX object CMakeFiles/create.dir/src/create_shim.cpp.o[0m
[3.365s] [01m[K/home/mampane/Desktop/machine_tending_robot/ros2_kortex_ws/src/ros_gz/ros_ign_gazebo/src/create_shim.cpp:[m[K In function ‘[01m[Kint main(int, char**)[m[K’:
[3.365s] [01m[K/home/mampane/Desktop/machine_tending_robot/ros2_kortex_ws/src/ros_gz/ros_ign_gazebo/src/create_shim.cpp:40:9:[m[K [01;35m[Kwarning: [m[Kignoring return value of ‘[01m[Kint system(const char*)[m[K’ declared with attribute ‘[01m[Kwarn_unused_result[m[K’ [[01;35m[K]8;;https://gcc.gnu.org/onlinedocs/gcc/Warning-Options.html#index-Wunused-result-Wunused-result]8;;[m[K]
[3.365s]    40 |   [01;35m[Ksystem(cli_call.str().c_str())[m[K;
[3.365s]       |   [01;35m[K~~~~~~^~~~~~~~~~~~~~~~~~~~~~~~[m[K
[3.428s] [100%] [32m[1mLinking CXX executable create[0m
[3.511s] [100%] Built target create
[3.523s] Invoked command in '/home/mampane/Desktop/machine_tending_robot/ros2_kortex_ws/build/ros_ign_gazebo' returned '0': AMENT_PREFIX_PATH=/home/mampane/Desktop/machine_tending_robot/ros2_kortex_ws/install/ros_gz_sim:${AMENT_PREFIX_PATH} CMAKE_PREFIX_PATH=/home/mampane/Desktop/machine_tending_robot/ros2_kortex_ws/install/ros_gz_sim:/home/mampane/Desktop/machine_tending_robot/workspace/ros2_kortex_ws/install/kortex_bringup:/home/mampane/Desktop/machine_tending_robot/workspace/ros2_kortex_ws/install/kinova_gen3_lite_moveit_config:/home/mampane/Desktop/machine_tending_robot/workspace/ros2_kortex_ws/install/kinova_gen3_7dof_robotiq_2f_85_moveit_config:/home/mampane/Desktop/machine_tending_robot/workspace/ros2_kortex_ws/install/kinova_gen3_6dof_robotiq_2f_85_moveit_config:/home/mampane/Desktop/machine_tending_robot/workspace/ros2_kortex_ws/install/kortex_description:/home/mampane/Desktop/machine_tending_robot/workspace/ros2_kortex_ws/install/robotiq_description:/home/mampane/Desktop/machine_tending_robot/workspace/ros2_kortex_ws/install/ros2_controllers:/home/mampane/Desktop/machine_tending_robot/workspace/ros2_kortex_ws/install/ign_ros2_control_demos:/home/mampane/Desktop/machine_tending_robot/workspace/ros2_kortex_ws/install/gazebo_ros2_control_demos:/home/mampane/Desktop/machine_tending_robot/workspace/ros2_kortex_ws/install/velocity_controllers:/home/mampane/Desktop/machine_tending_robot/workspace/ros2_kortex_ws/install/tricycle_steering_controller:/home/mampane/Desktop/machine_tending_robot/workspace/ros2_kortex_ws/install/tricycle_controller:/home/mampane/Desktop/machine_tending_robot/workspace/ros2_kortex_ws/install/ros2_control:/home/mampane/Desktop/machine_tending_robot/workspace/ros2_kortex_ws/install/transmission_interface:/home/mampane/Desktop/machine_tending_robot/workspace/ros2_kortex_ws/install/test_ros_gz_bridge:/home/mampane/Desktop/machine_tending_robot/workspace/ros2_kortex_ws/install/bicycle_steering_controller:/home/mampane/Desktop/machine_tending_robot/workspace/ros2_kortex_ws/install/ackermann_steering_controller:/home/mampane/Desktop/machine_tending_robot/workspace/ros2_kortex_ws/install/steering_controllers_library:/home/mampane/Desktop/machine_tending_robot/workspace/ros2_kortex_ws/install/robotiq_hardware_tests:/home/mampane/Desktop/machine_tending_robot/workspace/ros2_kortex_ws/install/robotiq_driver:/home/mampane/Desktop/machine_tending_robot/workspace/ros2_kortex_ws/install/serial:/home/mampane/Desktop/machine_tending_robot/workspace/ros2_kortex_ws/install/ros_ign_interfaces:/home/mampane/Desktop/machine_tending_robot/workspace/ros2_kortex_ws/install/ros_ign:/home/mampane/Desktop/machine_tending_robot/workspace/ros2_kortex_ws/install/ros_ign_image:/home/mampane/Desktop/machine_tending_robot/workspace/ros2_kortex_ws/install/ros_ign_gazebo_demos:/home/mampane/Desktop/machine_tending_robot/workspace/ros2_kortex_ws/install/gz_ros2_control_tests:/home/mampane/Desktop/machine_tending_robot/workspace/ros2_kortex_ws/install/ros_ign_gazebo:/home/mampane/Desktop/machine_tending_robot/workspace/ros2_kortex_ws/install/ros_ign_bridge:/home/mampane/Desktop/machine_tending_robot/workspace/ros2_kortex_ws/install/ros_gz:/home/mampane/Desktop/machine_tending_robot/workspace/ros2_kortex_ws/install/ros_gz_sim_demos:/home/mampane/Desktop/machine_tending_robot/workspace/ros2_kortex_ws/install/ros_gz_sim:/home/mampane/Desktop/machine_tending_robot/workspace/ros2_kortex_ws/install/ros_gz_image:/home/mampane/Desktop/machine_tending_robot/workspace/ros2_kortex_ws/install/ros_gz_bridge:/home/mampane/Desktop/machine_tending_robot/workspace/ros2_kortex_ws/install/ros_gz_interfaces:/home/mampane/Desktop/machine_tending_robot/workspace/ros2_kortex_ws/install/ign_ros2_control:/home/mampane/Desktop/machine_tending_robot/workspace/ros2_kortex_ws/install/hardware_interface_testing:/home/mampane/Desktop/machine_tending_robot/workspace/ros2_kortex_ws/install/gazebo_ros2_control:/home/mampane/Desktop/machine_tending_robot/workspace/ros2_kortex_ws/install/controller_manager:/home/mampane/Desktop/machine_tending_robot/workspace/ros2_kortex_ws/install/ros2_control_test_assets:/home/mampane/Desktop/machine_tending_robot/workspace/ros2_kortex_ws/install/robotiq_controllers:/home/mampane/Desktop/machine_tending_robot/workspace/ros2_kortex_ws/install/range_sensor_broadcaster:/home/mampane/Desktop/machine_tending_robot/workspace/ros2_kortex_ws/install/position_controllers:/home/mampane/Desktop/machine_tending_robot/workspace/ros2_kortex_ws/install/pose_broadcaster:/home/mampane/Desktop/machine_tending_robot/workspace/ros2_kortex_ws/install/pid_controller:/home/mampane/Desktop/machine_tending_robot/workspace/ros2_kortex_ws/install/picknik_twist_controller:/home/mampane/Desktop/machine_tending_robot/workspace/ros2_kortex_ws/install/picknik_reset_fault_controller:/home/mampane/Desktop/machine_tending_robot/workspace/ros2_kortex_ws/install/mecanum_drive_controller:/home/mampane/Desktop/machine_tending_robot/workspace/ros2_kortex_ws/install/joint_trajectory_controller:/home/mampane/Desktop/machine_tending_robot/workspace/ros2_kortex_ws/install/joint_state_broadcaster:/home/mampane/Desktop/machine_tending_robot/workspace/ros2_kortex_ws/install/imu_sensor_broadcaster:/home/mampane/Desktop/machine_tending_robot/workspace/ros2_kortex_ws/install/gripper_controllers:/home/mampane/Desktop/machine_tending_robot/workspace/ros2_kortex_ws/install/gpio_controllers:/home/mampane/Desktop/machine_tending_robot/workspace/ros2_kortex_ws/install/effort_controllers:/home/mampane/Desktop/machine_tending_robot/workspace/ros2_kortex_ws/install/forward_command_controller:/home/mampane/Desktop/machine_tending_robot/workspace/ros2_kortex_ws/install/force_torque_sensor_broadcaster:/home/mampane/Desktop/machine_tending_robot/workspace/ros2_kortex_ws/install/diff_drive_controller:/home/mampane/Desktop/machine_tending_robot/workspace/ros2_kortex_ws/install/admittance_controller:/home/mampane/Desktop/machine_tending_robot/workspace/ros2_kortex_ws/install/realtime_tools:/home/mampane/Desktop/machine_tending_robot/workspace/ros2_kortex_ws/install/kortex_driver:/home/mampane/Desktop/machine_tending_robot/workspace/ros2_kortex_ws/install/kortex_api:/home/mampane/Desktop/machine_tending_robot/workspace/ros2_kortex_ws/install/joint_limits:/home/mampane/Desktop/machine_tending_robot/workspace/ros2_kortex_ws/install/controller_interface:/home/mampane/Desktop/machine_tending_robot/workspace/ros2_kortex_ws/install/hardware_interface:/home/mampane/Desktop/machine_tending_robot/workspace/ros2_kortex_ws/install/controller_manager_msgs:/home/mampane/Desktop/machine_tending_robot/workspace/ros2_kortex_ws/install/control_msgs:/home/mampane/Desktop/machine_tending_robot/workspace/ros2_kortex_ws/install/rqt_joint_trajectory_controller:/home/mampane/Desktop/machine_tending_robot/workspace/ros2_kortex_ws/install/rqt_controller_manager:/home/mampane/Desktop/machine_tending_robot/workspace/ros2_kortex_ws/install/ros2controlcli:/home/mampane/Desktop/machine_tending_robot/workspace/ros2_kortex_ws/install/ros2_controllers_test_nodes:/opt/ros/humble LD_LIBRARY_PATH=/home/mampane/Desktop/machine_tending_robot/ros2_kortex_ws/install/ros_gz_sim/lib:${LD_LIBRARY_PATH} /usr/bin/cmake --build /home/mampane/Desktop/machine_tending_robot/ros2_kortex_ws/build/ros_ign_gazebo -- -j20 -l20
[3.525s] Invoking command in '/home/mampane/Desktop/machine_tending_robot/ros2_kortex_ws/build/ros_ign_gazebo': AMENT_PREFIX_PATH=/home/mampane/Desktop/machine_tending_robot/ros2_kortex_ws/install/ros_gz_sim:${AMENT_PREFIX_PATH} CMAKE_PREFIX_PATH=/home/mampane/Desktop/machine_tending_robot/ros2_kortex_ws/install/ros_gz_sim:/home/mampane/Desktop/machine_tending_robot/workspace/ros2_kortex_ws/install/kortex_bringup:/home/mampane/Desktop/machine_tending_robot/workspace/ros2_kortex_ws/install/kinova_gen3_lite_moveit_config:/home/mampane/Desktop/machine_tending_robot/workspace/ros2_kortex_ws/install/kinova_gen3_7dof_robotiq_2f_85_moveit_config:/home/mampane/Desktop/machine_tending_robot/workspace/ros2_kortex_ws/install/kinova_gen3_6dof_robotiq_2f_85_moveit_config:/home/mampane/Desktop/machine_tending_robot/workspace/ros2_kortex_ws/install/kortex_description:/home/mampane/Desktop/machine_tending_robot/workspace/ros2_kortex_ws/install/robotiq_description:/home/mampane/Desktop/machine_tending_robot/workspace/ros2_kortex_ws/install/ros2_controllers:/home/mampane/Desktop/machine_tending_robot/workspace/ros2_kortex_ws/install/ign_ros2_control_demos:/home/mampane/Desktop/machine_tending_robot/workspace/ros2_kortex_ws/install/gazebo_ros2_control_demos:/home/mampane/Desktop/machine_tending_robot/workspace/ros2_kortex_ws/install/velocity_controllers:/home/mampane/Desktop/machine_tending_robot/workspace/ros2_kortex_ws/install/tricycle_steering_controller:/home/mampane/Desktop/machine_tending_robot/workspace/ros2_kortex_ws/install/tricycle_controller:/home/mampane/Desktop/machine_tending_robot/workspace/ros2_kortex_ws/install/ros2_control:/home/mampane/Desktop/machine_tending_robot/workspace/ros2_kortex_ws/install/transmission_interface:/home/mampane/Desktop/machine_tending_robot/workspace/ros2_kortex_ws/install/test_ros_gz_bridge:/home/mampane/Desktop/machine_tending_robot/workspace/ros2_kortex_ws/install/bicycle_steering_controller:/home/mampane/Desktop/machine_tending_robot/workspace/ros2_kortex_ws/install/ackermann_steering_controller:/home/mampane/Desktop/machine_tending_robot/workspace/ros2_kortex_ws/install/steering_controllers_library:/home/mampane/Desktop/machine_tending_robot/workspace/ros2_kortex_ws/install/robotiq_hardware_tests:/home/mampane/Desktop/machine_tending_robot/workspace/ros2_kortex_ws/install/robotiq_driver:/home/mampane/Desktop/machine_tending_robot/workspace/ros2_kortex_ws/install/serial:/home/mampane/Desktop/machine_tending_robot/workspace/ros2_kortex_ws/install/ros_ign_interfaces:/home/mampane/Desktop/machine_tending_robot/workspace/ros2_kortex_ws/install/ros_ign:/home/mampane/Desktop/machine_tending_robot/workspace/ros2_kortex_ws/install/ros_ign_image:/home/mampane/Desktop/machine_tending_robot/workspace/ros2_kortex_ws/install/ros_ign_gazebo_demos:/home/mampane/Desktop/machine_tending_robot/workspace/ros2_kortex_ws/install/gz_ros2_control_tests:/home/mampane/Desktop/machine_tending_robot/workspace/ros2_kortex_ws/install/ros_ign_gazebo:/home/mampane/Desktop/machine_tending_robot/workspace/ros2_kortex_ws/install/ros_ign_bridge:/home/mampane/Desktop/machine_tending_robot/workspace/ros2_kortex_ws/install/ros_gz:/home/mampane/Desktop/machine_tending_robot/workspace/ros2_kortex_ws/install/ros_gz_sim_demos:/home/mampane/Desktop/machine_tending_robot/workspace/ros2_kortex_ws/install/ros_gz_sim:/home/mampane/Desktop/machine_tending_robot/workspace/ros2_kortex_ws/install/ros_gz_image:/home/mampane/Desktop/machine_tending_robot/workspace/ros2_kortex_ws/install/ros_gz_bridge:/home/mampane/Desktop/machine_tending_robot/workspace/ros2_kortex_ws/install/ros_gz_interfaces:/home/mampane/Desktop/machine_tending_robot/workspace/ros2_kortex_ws/install/ign_ros2_control:/home/mampane/Desktop/machine_tending_robot/workspace/ros2_kortex_ws/install/hardware_interface_testing:/home/mampane/Desktop/machine_tending_robot/workspace/ros2_kortex_ws/install/gazebo_ros2_control:/home/mampane/Desktop/machine_tending_robot/workspace/ros2_kortex_ws/install/controller_manager:/home/mampane/Desktop/machine_tending_robot/workspace/ros2_kortex_ws/install/ros2_control_test_assets:/home/mampane/Desktop/machine_tending_robot/workspace/ros2_kortex_ws/install/robotiq_controllers:/home/mampane/Desktop/machine_tending_robot/workspace/ros2_kortex_ws/install/range_sensor_broadcaster:/home/mampane/Desktop/machine_tending_robot/workspace/ros2_kortex_ws/install/position_controllers:/home/mampane/Desktop/machine_tending_robot/workspace/ros2_kortex_ws/install/pose_broadcaster:/home/mampane/Desktop/machine_tending_robot/workspace/ros2_kortex_ws/install/pid_controller:/home/mampane/Desktop/machine_tending_robot/workspace/ros2_kortex_ws/install/picknik_twist_controller:/home/mampane/Desktop/machine_tending_robot/workspace/ros2_kortex_ws/install/picknik_reset_fault_controller:/home/mampane/Desktop/machine_tending_robot/workspace/ros2_kortex_ws/install/mecanum_drive_controller:/home/mampane/Desktop/machine_tending_robot/workspace/ros2_kortex_ws/install/joint_trajectory_controller:/home/mampane/Desktop/machine_tending_robot/workspace/ros2_kortex_ws/install/joint_state_broadcaster:/home/mampane/Desktop/machine_tending_robot/workspace/ros2_kortex_ws/install/imu_sensor_broadcaster:/home/mampane/Desktop/machine_tending_robot/workspace/ros2_kortex_ws/install/gripper_controllers:/home/mampane/Desktop/machine_tending_robot/workspace/ros2_kortex_ws/install/gpio_controllers:/home/mampane/Desktop/machine_tending_robot/workspace/ros2_kortex_ws/install/effort_controllers:/home/mampane/Desktop/machine_tending_robot/workspace/ros2_kortex_ws/install/forward_command_controller:/home/mampane/Desktop/machine_tending_robot/workspace/ros2_kortex_ws/install/force_torque_sensor_broadcaster:/home/mampane/Desktop/machine_tending_robot/workspace/ros2_kortex_ws/install/diff_drive_controller:/home/mampane/Desktop/machine_tending_robot/workspace/ros2_kortex_ws/install/admittance_controller:/home/mampane/Desktop/machine_tending_robot/workspace/ros2_kortex_ws/install/realtime_tools:/home/mampane/Desktop/machine_tending_robot/workspace/ros2_kortex_ws/install/kortex_driver:/home/mampane/Desktop/machine_tending_robot/workspace/ros2_kortex_ws/install/kortex_api:/home/mampane/Desktop/machine_tending_robot/workspace/ros2_kortex_ws/install/joint_limits:/home/mampane/Desktop/machine_tending_robot/workspace/ros2_kortex_ws/install/controller_interface:/home/mampane/Desktop/machine_tending_robot/workspace/ros2_kortex_ws/install/hardware_interface:/home/mampane/Desktop/machine_tending_robot/workspace/ros2_kortex_ws/install/controller_manager_msgs:/home/mampane/Desktop/machine_tending_robot/workspace/ros2_kortex_ws/install/control_msgs:/home/mampane/Desktop/machine_tending_robot/workspace/ros2_kortex_ws/install/rqt_joint_trajectory_controller:/home/mampane/Desktop/machine_tending_robot/workspace/ros2_kortex_ws/install/rqt_controller_manager:/home/mampane/Desktop/machine_tending_robot/workspace/ros2_kortex_ws/install/ros2controlcli:/home/mampane/Desktop/machine_tending_robot/workspace/ros2_kortex_ws/install/ros2_controllers_test_nodes:/opt/ros/humble LD_LIBRARY_PATH=/home/mampane/Desktop/machine_tending_robot/ros2_kortex_ws/install/ros_gz_sim/lib:${LD_LIBRARY_PATH} /usr/bin/cmake --install /home/mampane/Desktop/machine_tending_robot/ros2_kortex_ws/build/ros_ign_gazebo
[3.537s] -- Install configuration: "Release"
[3.537s] -- Installing: /home/mampane/Desktop/machine_tending_robot/ros2_kortex_ws/install/ros_ign_gazebo/share/ros_ign_gazebo/launch/ign_gazebo.launch.py
[3.537s] -- Installing: /home/mampane/Desktop/machine_tending_robot/ros2_kortex_ws/install/ros_ign_gazebo/lib/ros_ign_gazebo/create
[3.538s] -- Set runtime path of "/home/mampane/Desktop/machine_tending_robot/ros2_kortex_ws/install/ros_ign_gazebo/lib/ros_ign_gazebo/create" to ""
[3.538s] -- Installing: /home/mampane/Desktop/machine_tending_robot/ros2_kortex_ws/install/ros_ign_gazebo/share/ament_index/resource_index/package_run_dependencies/ros_ign_gazebo
[3.538s] -- Installing: /home/mampane/Desktop/machine_tending_robot/ros2_kortex_ws/install/ros_ign_gazebo/share/ament_index/resource_index/parent_prefix_path/ros_ign_gazebo
[3.539s] -- Installing: /home/mampane/Desktop/machine_tending_robot/ros2_kortex_ws/install/ros_ign_gazebo/share/ros_ign_gazebo/environment/ament_prefix_path.sh
[3.539s] -- Installing: /home/mampane/Desktop/machine_tending_robot/ros2_kortex_ws/install/ros_ign_gazebo/share/ros_ign_gazebo/environment/ament_prefix_path.dsv
[3.539s] -- Installing: /home/mampane/Desktop/machine_tending_robot/ros2_kortex_ws/install/ros_ign_gazebo/share/ros_ign_gazebo/environment/path.sh
[3.539s] -- Installing: /home/mampane/Desktop/machine_tending_robot/ros2_kortex_ws/install/ros_ign_gazebo/share/ros_ign_gazebo/environment/path.dsv
[3.540s] -- Installing: /home/mampane/Desktop/machine_tending_robot/ros2_kortex_ws/install/ros_ign_gazebo/share/ros_ign_gazebo/local_setup.bash
[3.540s] -- Installing: /home/mampane/Desktop/machine_tending_robot/ros2_kortex_ws/install/ros_ign_gazebo/share/ros_ign_gazebo/local_setup.sh
[3.540s] -- Installing: /home/mampane/Desktop/machine_tending_robot/ros2_kortex_ws/install/ros_ign_gazebo/share/ros_ign_gazebo/local_setup.zsh
[3.540s] -- Installing: /home/mampane/Desktop/machine_tending_robot/ros2_kortex_ws/install/ros_ign_gazebo/share/ros_ign_gazebo/local_setup.dsv
[3.540s] -- Installing: /home/mampane/Desktop/machine_tending_robot/ros2_kortex_ws/install/ros_ign_gazebo/share/ros_ign_gazebo/package.dsv
[3.540s] -- Installing: /home/mampane/Desktop/machine_tending_robot/ros2_kortex_ws/install/ros_ign_gazebo/share/ament_index/resource_index/packages/ros_ign_gazebo
[3.541s] -- Installing: /home/mampane/Desktop/machine_tending_robot/ros2_kortex_ws/install/ros_ign_gazebo/share/ros_ign_gazebo/cmake/ament_cmake_export_dependencies-extras.cmake
[3.541s] -- Installing: /home/mampane/Desktop/machine_tending_robot/ros2_kortex_ws/install/ros_ign_gazebo/share/ros_ign_gazebo/cmake/ros_ign_gazeboConfig.cmake
[3.541s] -- Installing: /home/mampane/Desktop/machine_tending_robot/ros2_kortex_ws/install/ros_ign_gazebo/share/ros_ign_gazebo/cmake/ros_ign_gazeboConfig-version.cmake
[3.541s] -- Installing: /home/mampane/Desktop/machine_tending_robot/ros2_kortex_ws/install/ros_ign_gazebo/share/ros_ign_gazebo/package.xml
[3.545s] Invoked command in '/home/mampane/Desktop/machine_tending_robot/ros2_kortex_ws/build/ros_ign_gazebo' returned '0': AMENT_PREFIX_PATH=/home/mampane/Desktop/machine_tending_robot/ros2_kortex_ws/install/ros_gz_sim:${AMENT_PREFIX_PATH} CMAKE_PREFIX_PATH=/home/mampane/Desktop/machine_tending_robot/ros2_kortex_ws/install/ros_gz_sim:/home/mampane/Desktop/machine_tending_robot/workspace/ros2_kortex_ws/install/kortex_bringup:/home/mampane/Desktop/machine_tending_robot/workspace/ros2_kortex_ws/install/kinova_gen3_lite_moveit_config:/home/mampane/Desktop/machine_tending_robot/workspace/ros2_kortex_ws/install/kinova_gen3_7dof_robotiq_2f_85_moveit_config:/home/mampane/Desktop/machine_tending_robot/workspace/ros2_kortex_ws/install/kinova_gen3_6dof_robotiq_2f_85_moveit_config:/home/mampane/Desktop/machine_tending_robot/workspace/ros2_kortex_ws/install/kortex_description:/home/mampane/Desktop/machine_tending_robot/workspace/ros2_kortex_ws/install/robotiq_description:/home/mampane/Desktop/machine_tending_robot/workspace/ros2_kortex_ws/install/ros2_controllers:/home/mampane/Desktop/machine_tending_robot/workspace/ros2_kortex_ws/install/ign_ros2_control_demos:/home/mampane/Desktop/machine_tending_robot/workspace/ros2_kortex_ws/install/gazebo_ros2_control_demos:/home/mampane/Desktop/machine_tending_robot/workspace/ros2_kortex_ws/install/velocity_controllers:/home/mampane/Desktop/machine_tending_robot/workspace/ros2_kortex_ws/install/tricycle_steering_controller:/home/mampane/Desktop/machine_tending_robot/workspace/ros2_kortex_ws/install/tricycle_controller:/home/mampane/Desktop/machine_tending_robot/workspace/ros2_kortex_ws/install/ros2_control:/home/mampane/Desktop/machine_tending_robot/workspace/ros2_kortex_ws/install/transmission_interface:/home/mampane/Desktop/machine_tending_robot/workspace/ros2_kortex_ws/install/test_ros_gz_bridge:/home/mampane/Desktop/machine_tending_robot/workspace/ros2_kortex_ws/install/bicycle_steering_controller:/home/mampane/Desktop/machine_tending_robot/workspace/ros2_kortex_ws/install/ackermann_steering_controller:/home/mampane/Desktop/machine_tending_robot/workspace/ros2_kortex_ws/install/steering_controllers_library:/home/mampane/Desktop/machine_tending_robot/workspace/ros2_kortex_ws/install/robotiq_hardware_tests:/home/mampane/Desktop/machine_tending_robot/workspace/ros2_kortex_ws/install/robotiq_driver:/home/mampane/Desktop/machine_tending_robot/workspace/ros2_kortex_ws/install/serial:/home/mampane/Desktop/machine_tending_robot/workspace/ros2_kortex_ws/install/ros_ign_interfaces:/home/mampane/Desktop/machine_tending_robot/workspace/ros2_kortex_ws/install/ros_ign:/home/mampane/Desktop/machine_tending_robot/workspace/ros2_kortex_ws/install/ros_ign_image:/home/mampane/Desktop/machine_tending_robot/workspace/ros2_kortex_ws/install/ros_ign_gazebo_demos:/home/mampane/Desktop/machine_tending_robot/workspace/ros2_kortex_ws/install/gz_ros2_control_tests:/home/mampane/Desktop/machine_tending_robot/workspace/ros2_kortex_ws/install/ros_ign_gazebo:/home/mampane/Desktop/machine_tending_robot/workspace/ros2_kortex_ws/install/ros_ign_bridge:/home/mampane/Desktop/machine_tending_robot/workspace/ros2_kortex_ws/install/ros_gz:/home/mampane/Desktop/machine_tending_robot/workspace/ros2_kortex_ws/install/ros_gz_sim_demos:/home/mampane/Desktop/machine_tending_robot/workspace/ros2_kortex_ws/install/ros_gz_sim:/home/mampane/Desktop/machine_tending_robot/workspace/ros2_kortex_ws/install/ros_gz_image:/home/mampane/Desktop/machine_tending_robot/workspace/ros2_kortex_ws/install/ros_gz_bridge:/home/mampane/Desktop/machine_tending_robot/workspace/ros2_kortex_ws/install/ros_gz_interfaces:/home/mampane/Desktop/machine_tending_robot/workspace/ros2_kortex_ws/install/ign_ros2_control:/home/mampane/Desktop/machine_tending_robot/workspace/ros2_kortex_ws/install/hardware_interface_testing:/home/mampane/Desktop/machine_tending_robot/workspace/ros2_kortex_ws/install/gazebo_ros2_control:/home/mampane/Desktop/machine_tending_robot/workspace/ros2_kortex_ws/install/controller_manager:/home/mampane/Desktop/machine_tending_robot/workspace/ros2_kortex_ws/install/ros2_control_test_assets:/home/mampane/Desktop/machine_tending_robot/workspace/ros2_kortex_ws/install/robotiq_controllers:/home/mampane/Desktop/machine_tending_robot/workspace/ros2_kortex_ws/install/range_sensor_broadcaster:/home/mampane/Desktop/machine_tending_robot/workspace/ros2_kortex_ws/install/position_controllers:/home/mampane/Desktop/machine_tending_robot/workspace/ros2_kortex_ws/install/pose_broadcaster:/home/mampane/Desktop/machine_tending_robot/workspace/ros2_kortex_ws/install/pid_controller:/home/mampane/Desktop/machine_tending_robot/workspace/ros2_kortex_ws/install/picknik_twist_controller:/home/mampane/Desktop/machine_tending_robot/workspace/ros2_kortex_ws/install/picknik_reset_fault_controller:/home/mampane/Desktop/machine_tending_robot/workspace/ros2_kortex_ws/install/mecanum_drive_controller:/home/mampane/Desktop/machine_tending_robot/workspace/ros2_kortex_ws/install/joint_trajectory_controller:/home/mampane/Desktop/machine_tending_robot/workspace/ros2_kortex_ws/install/joint_state_broadcaster:/home/mampane/Desktop/machine_tending_robot/workspace/ros2_kortex_ws/install/imu_sensor_broadcaster:/home/mampane/Desktop/machine_tending_robot/workspace/ros2_kortex_ws/install/gripper_controllers:/home/mampane/Desktop/machine_tending_robot/workspace/ros2_kortex_ws/install/gpio_controllers:/home/mampane/Desktop/machine_tending_robot/workspace/ros2_kortex_ws/install/effort_controllers:/home/mampane/Desktop/machine_tending_robot/workspace/ros2_kortex_ws/install/forward_command_controller:/home/mampane/Desktop/machine_tending_robot/workspace/ros2_kortex_ws/install/force_torque_sensor_broadcaster:/home/mampane/Desktop/machine_tending_robot/workspace/ros2_kortex_ws/install/diff_drive_controller:/home/mampane/Desktop/machine_tending_robot/workspace/ros2_kortex_ws/install/admittance_controller:/home/mampane/Desktop/machine_tending_robot/workspace/ros2_kortex_ws/install/realtime_tools:/home/mampane/Desktop/machine_tending_robot/workspace/ros2_kortex_ws/install/kortex_driver:/home/mampane/Desktop/machine_tending_robot/workspace/ros2_kortex_ws/install/kortex_api:/home/mampane/Desktop/machine_tending_robot/workspace/ros2_kortex_ws/install/joint_limits:/home/mampane/Desktop/machine_tending_robot/workspace/ros2_kortex_ws/install/controller_interface:/home/mampane/Desktop/machine_tending_robot/workspace/ros2_kortex_ws/install/hardware_interface:/home/mampane/Desktop/machine_tending_robot/workspace/ros2_kortex_ws/install/controller_manager_msgs:/home/mampane/Desktop/machine_tending_robot/workspace/ros2_kortex_ws/install/control_msgs:/home/mampane/Desktop/machine_tending_robot/workspace/ros2_kortex_ws/install/rqt_joint_trajectory_controller:/home/mampane/Desktop/machine_tending_robot/workspace/ros2_kortex_ws/install/rqt_controller_manager:/home/mampane/Desktop/machine_tending_robot/workspace/ros2_kortex_ws/install/ros2controlcli:/home/mampane/Desktop/machine_tending_robot/workspace/ros2_kortex_ws/install/ros2_controllers_test_nodes:/opt/ros/humble LD_LIBRARY_PATH=/home/mampane/Desktop/machine_tending_robot/ros2_kortex_ws/install/ros_gz_sim/lib:${LD_LIBRARY_PATH} /usr/bin/cmake --install /home/mampane/Desktop/machine_tending_robot/ros2_kortex_ws/build/ros_ign_gazebo
