[0.030s] Invoking command in '/home/mampane/Desktop/machine_tending_robot/ros2_kortex_ws/build/ros_gz_sim': CMAKE_PREFIX_PATH=${CMAKE_PREFIX_PATH}:/home/mampane/Desktop/machine_tending_robot/ros2_kortex_ws/install/rqt_joint_trajectory_controller:/home/mampane/Desktop/machine_tending_robot/ros2_kortex_ws/install/rqt_controller_manager:/home/mampane/Desktop/machine_tending_robot/ros2_kortex_ws/install/ros2controlcli:/home/mampane/Desktop/machine_tending_robot/ros2_kortex_ws/install/ros2_controllers_test_nodes:/opt/ros/humble /usr/bin/cmake --build /home/mampane/Desktop/machine_tending_robot/ros2_kortex_ws/build/ros_gz_sim -- -j20 -l20
[0.088s] [35m[1mConsolidate compiler generated dependencies of target gtest_main[0m
[0.088s] [35m[1mConsolidate compiler generated dependencies of target ros_gz_sim[0m
[0.088s] [35m[1mConsolidate compiler generated dependencies of target create[0m
[0.091s] [35m[1mConsolidate compiler generated dependencies of target gtest[0m
[0.110s] [ 20%] Built target ros_gz_sim
[0.114s] [ 40%] Built target create
[0.119s] [ 60%] Built target gtest
[0.119s] [ 80%] Built target gtest_main
[0.146s] [35m[1mConsolidate compiler generated dependencies of target test_stopwatch[0m
[0.172s] [100%] Built target test_stopwatch
[0.318s] Invoked command in '/home/mampane/Desktop/machine_tending_robot/ros2_kortex_ws/build/ros_gz_sim' returned '0': CMAKE_PREFIX_PATH=${CMAKE_PREFIX_PATH}:/home/mampane/Desktop/machine_tending_robot/ros2_kortex_ws/install/rqt_joint_trajectory_controller:/home/mampane/Desktop/machine_tending_robot/ros2_kortex_ws/install/rqt_controller_manager:/home/mampane/Desktop/machine_tending_robot/ros2_kortex_ws/install/ros2controlcli:/home/mampane/Desktop/machine_tending_robot/ros2_kortex_ws/install/ros2_controllers_test_nodes:/opt/ros/humble /usr/bin/cmake --build /home/mampane/Desktop/machine_tending_robot/ros2_kortex_ws/build/ros_gz_sim -- -j20 -l20
[0.319s] Invoking command in '/home/mampane/Desktop/machine_tending_robot/ros2_kortex_ws/build/ros_gz_sim': CMAKE_PREFIX_PATH=${CMAKE_PREFIX_PATH}:/home/mampane/Desktop/machine_tending_robot/ros2_kortex_ws/install/rqt_joint_trajectory_controller:/home/mampane/Desktop/machine_tending_robot/ros2_kortex_ws/install/rqt_controller_manager:/home/mampane/Desktop/machine_tending_robot/ros2_kortex_ws/install/ros2controlcli:/home/mampane/Desktop/machine_tending_robot/ros2_kortex_ws/install/ros2_controllers_test_nodes:/opt/ros/humble /usr/bin/cmake --install /home/mampane/Desktop/machine_tending_robot/ros2_kortex_ws/build/ros_gz_sim
[0.328s] -- Install configuration: ""
[0.329s] -- Execute custom install script
[0.329s] -- Up-to-date symlink: /home/mampane/Desktop/machine_tending_robot/ros2_kortex_ws/install/ros_gz_sim/include/ros_gz_sim/Stopwatch.hpp
[0.329s] -- Up-to-date symlink: /home/mampane/Desktop/machine_tending_robot/ros2_kortex_ws/install/ros_gz_sim/share/ros_gz_sim/launch/gz_sim.launch.py
[0.330s] -- Up-to-date symlink: /home/mampane/Desktop/machine_tending_robot/ros2_kortex_ws/install/ros_gz_sim/lib/ros_gz_sim/create
[0.330s] -- Up-to-date symlink: /home/mampane/Desktop/machine_tending_robot/ros2_kortex_ws/install/ros_gz_sim/lib/ros_gz_sim/test_stopwatch
[0.330s] -- Up-to-date symlink: /home/mampane/Desktop/machine_tending_robot/ros2_kortex_ws/install/ros_gz_sim/share/ament_index/resource_index/package_run_dependencies/ros_gz_sim
[0.330s] -- Up-to-date symlink: /home/mampane/Desktop/machine_tending_robot/ros2_kortex_ws/install/ros_gz_sim/share/ament_index/resource_index/parent_prefix_path/ros_gz_sim
[0.330s] -- Up-to-date symlink: /home/mampane/Desktop/machine_tending_robot/ros2_kortex_ws/install/ros_gz_sim/share/ros_gz_sim/environment/ament_prefix_path.sh
[0.330s] -- Up-to-date symlink: /home/mampane/Desktop/machine_tending_robot/ros2_kortex_ws/install/ros_gz_sim/share/ros_gz_sim/environment/ament_prefix_path.dsv
[0.330s] -- Up-to-date symlink: /home/mampane/Desktop/machine_tending_robot/ros2_kortex_ws/install/ros_gz_sim/share/ros_gz_sim/environment/path.sh
[0.330s] -- Up-to-date symlink: /home/mampane/Desktop/machine_tending_robot/ros2_kortex_ws/install/ros_gz_sim/share/ros_gz_sim/environment/path.dsv
[0.330s] -- Up-to-date symlink: /home/mampane/Desktop/machine_tending_robot/ros2_kortex_ws/install/ros_gz_sim/share/ros_gz_sim/local_setup.bash
[0.331s] -- Up-to-date symlink: /home/mampane/Desktop/machine_tending_robot/ros2_kortex_ws/install/ros_gz_sim/share/ros_gz_sim/local_setup.sh
[0.331s] -- Up-to-date symlink: /home/mampane/Desktop/machine_tending_robot/ros2_kortex_ws/install/ros_gz_sim/share/ros_gz_sim/local_setup.zsh
[0.331s] -- Up-to-date symlink: /home/mampane/Desktop/machine_tending_robot/ros2_kortex_ws/install/ros_gz_sim/share/ros_gz_sim/local_setup.dsv
[0.331s] -- Symlinking: /home/mampane/Desktop/machine_tending_robot/ros2_kortex_ws/install/ros_gz_sim/share/ros_gz_sim/package.dsv
[0.335s] -- Up-to-date symlink: /home/mampane/Desktop/machine_tending_robot/ros2_kortex_ws/install/ros_gz_sim/share/ament_index/resource_index/packages/ros_gz_sim
[0.335s] -- Up-to-date symlink: /home/mampane/Desktop/machine_tending_robot/ros2_kortex_ws/install/ros_gz_sim/share/ros_gz_sim/cmake/ament_cmake_export_targets-extras.cmake
[0.335s] -- Up-to-date symlink: /home/mampane/Desktop/machine_tending_robot/ros2_kortex_ws/install/ros_gz_sim/share/ros_gz_sim/cmake/ament_cmake_export_dependencies-extras.cmake
[0.335s] -- Up-to-date symlink: /home/mampane/Desktop/machine_tending_robot/ros2_kortex_ws/install/ros_gz_sim/share/ros_gz_sim/cmake/ros_gz_simConfig.cmake
[0.335s] -- Up-to-date symlink: /home/mampane/Desktop/machine_tending_robot/ros2_kortex_ws/install/ros_gz_sim/share/ros_gz_sim/cmake/ros_gz_simConfig-version.cmake
[0.335s] -- Up-to-date symlink: /home/mampane/Desktop/machine_tending_robot/ros2_kortex_ws/install/ros_gz_sim/share/ros_gz_sim/package.xml
[0.335s] -- Up-to-date: /home/mampane/Desktop/machine_tending_robot/ros2_kortex_ws/install/ros_gz_sim/lib/libros_gz_sim.so
[0.335s] -- Up-to-date: /home/mampane/Desktop/machine_tending_robot/ros2_kortex_ws/install/ros_gz_sim/share/ros_gz_sim/cmake/ros_gz_simExport.cmake
[0.335s] -- Up-to-date: /home/mampane/Desktop/machine_tending_robot/ros2_kortex_ws/install/ros_gz_sim/share/ros_gz_sim/cmake/ros_gz_simExport-noconfig.cmake
[0.337s] Invoked command in '/home/mampane/Desktop/machine_tending_robot/ros2_kortex_ws/build/ros_gz_sim' returned '0': CMAKE_PREFIX_PATH=${CMAKE_PREFIX_PATH}:/home/mampane/Desktop/machine_tending_robot/ros2_kortex_ws/install/rqt_joint_trajectory_controller:/home/mampane/Desktop/machine_tending_robot/ros2_kortex_ws/install/rqt_controller_manager:/home/mampane/Desktop/machine_tending_robot/ros2_kortex_ws/install/ros2controlcli:/home/mampane/Desktop/machine_tending_robot/ros2_kortex_ws/install/ros2_controllers_test_nodes:/opt/ros/humble /usr/bin/cmake --install /home/mampane/Desktop/machine_tending_robot/ros2_kortex_ws/build/ros_gz_sim
