-- The C compiler identification is GNU 11.4.0
-- The CXX compiler identification is GNU 11.4.0
-- Detecting C compiler ABI info
-- Detecting C compiler ABI info - done
-- Check for working C compiler: /usr/bin/cc - skipped
-- Detecting C compile features
-- Detecting C compile features - done
-- Detecting CXX compiler ABI info
-- Detecting CXX compiler ABI info - done
-- Check for working CXX compiler: /usr/bin/c++ - skipped
-- Detecting CXX compile features
-- Detecting CXX compile features - done
-- Found ament_cmake: 1.3.11 (/opt/ros/humble/share/ament_cmake/cmake)
-- Found Python3: /usr/bin/python3 (found version "3.10.12") found components: Interpreter 
-- Override CMake install command with custom implementation using symlinks instead of copying resources
-- Found builtin_interfaces: 1.2.1 (/opt/ros/humble/share/builtin_interfaces/cmake)
-- Found rosidl_generator_c: 3.1.6 (/opt/ros/humble/share/rosidl_generator_c/cmake)
-- Found rosidl_adapter: 3.1.6 (/opt/ros/humble/share/rosidl_adapter/cmake)
-- Found rosidl_generator_cpp: 3.1.6 (/opt/ros/humble/share/rosidl_generator_cpp/cmake)
-- Using all available rosidl_typesupport_c: rosidl_typesupport_fastrtps_c;rosidl_typesupport_introspection_c
-- Using all available rosidl_typesupport_cpp: rosidl_typesupport_fastrtps_cpp;rosidl_typesupport_introspection_cpp
-- Found std_msgs: 4.2.4 (/opt/ros/humble/share/std_msgs/cmake)
-- Found geometry_msgs: 4.2.4 (/opt/ros/humble/share/geometry_msgs/cmake)
-- Found ros_gz_interfaces: 0.244.16 (/home/mampane/Desktop/machine_tending_robot/ros2_kortex_ws/install/ros_gz_interfaces/share/ros_gz_interfaces/cmake)
-- Found rosidl_default_generators: 1.2.0 (/opt/ros/humble/share/rosidl_default_generators/cmake)
-- Found ament_cmake_cppcheck: 0.12.11 (/opt/ros/humble/share/ament_cmake_cppcheck/cmake)
-- Found ament_cmake_cpplint: 0.12.11 (/opt/ros/humble/share/ament_cmake_cpplint/cmake)
-- Found ament_cmake_uncrustify: 0.12.11 (/opt/ros/humble/share/ament_cmake_uncrustify/cmake)
-- Found ament_cmake_ros: 0.10.0 (/opt/ros/humble/share/ament_cmake_ros/cmake)
-- Using all available rosidl_typesupport_c: rosidl_typesupport_fastrtps_c;rosidl_typesupport_introspection_c
-- Using all available rosidl_typesupport_cpp: rosidl_typesupport_fastrtps_cpp;rosidl_typesupport_introspection_cpp
-- Found PythonInterp: /usr/bin/python3 (found suitable version "3.10.12", minimum required is "3.6") 
-- Found python_cmake_module: 0.10.0 (/opt/ros/humble/share/python_cmake_module/cmake)
-- Found PythonLibs: /usr/lib/x86_64-linux-gnu/libpython3.10.so (found suitable version "3.10.12", minimum required is "3.5") 
-- Using PYTHON_EXECUTABLE: /usr/bin/python3
-- Using PYTHON_INCLUDE_DIRS: /usr/include/python3.10
-- Using PYTHON_LIBRARIES: /usr/lib/x86_64-linux-gnu/libpython3.10.so
-- Found PythonExtra: .so  
-- Found ament_cmake_flake8: 0.12.11 (/opt/ros/humble/share/ament_cmake_flake8/cmake)
-- Found ament_cmake_pep257: 0.12.11 (/opt/ros/humble/share/ament_cmake_pep257/cmake)
-- Configuring done
-- Generating done
-- Build files have been written to: /home/mampane/Desktop/machine_tending_robot/ros2_kortex_ws/build/ros_ign_interfaces
[  0%] [34m[1mGenerating C code for ROS interfaces[0m
[  0%] [34m[1mGenerating C++ code for ROS interfaces[0m
[  0%] Built target ament_cmake_python_symlink_ros_ign_interfaces
running egg_info
creating ros_ign_interfaces.egg-info
writing ros_ign_interfaces.egg-info/PKG-INFO
writing dependency_links to ros_ign_interfaces.egg-info/dependency_links.txt
writing top-level names to ros_ign_interfaces.egg-info/top_level.txt
writing manifest file 'ros_ign_interfaces.egg-info/SOURCES.txt'
reading manifest file 'ros_ign_interfaces.egg-info/SOURCES.txt'
writing manifest file 'ros_ign_interfaces.egg-info/SOURCES.txt'
[  0%] Built target ament_cmake_python_build_ros_ign_interfaces_egg
[  0%] Built target ros_ign_interfaces__cpp
[  1%] [34m[1mGenerating C++ type support dispatch for ROS interfaces[0m
[  2%] [34m[1mGenerating C++ type support for eProsima Fast-RTPS[0m
[  2%] [34m[1mGenerating C++ introspection for ROS interfaces[0m
[  3%] [32mBuilding C object CMakeFiles/ros_ign_interfaces__rosidl_generator_c.dir/rosidl_generator_c/ros_ign_interfaces/msg/detail/contact__functions.c.o[0m
[  4%] [32mBuilding C object CMakeFiles/ros_ign_interfaces__rosidl_generator_c.dir/rosidl_generator_c/ros_ign_interfaces/msg/detail/contacts__functions.c.o[0m
[  4%] [32mBuilding C object CMakeFiles/ros_ign_interfaces__rosidl_generator_c.dir/rosidl_generator_c/ros_ign_interfaces/msg/detail/entity__functions.c.o[0m
[  5%] [32mBuilding C object CMakeFiles/ros_ign_interfaces__rosidl_generator_c.dir/rosidl_generator_c/ros_ign_interfaces/msg/detail/entity_factory__functions.c.o[0m
[  5%] [32mBuilding C object CMakeFiles/ros_ign_interfaces__rosidl_generator_c.dir/rosidl_generator_c/ros_ign_interfaces/msg/detail/joint_wrench__functions.c.o[0m
[  6%] [32mBuilding C object CMakeFiles/ros_ign_interfaces__rosidl_generator_c.dir/rosidl_generator_c/ros_ign_interfaces/msg/detail/gui_camera__functions.c.o[0m
[  7%] [32mBuilding C object CMakeFiles/ros_ign_interfaces__rosidl_generator_c.dir/rosidl_generator_c/ros_ign_interfaces/msg/detail/light__functions.c.o[0m
[  8%] [32mBuilding C object CMakeFiles/ros_ign_interfaces__rosidl_generator_c.dir/rosidl_generator_c/ros_ign_interfaces/msg/detail/string_vec__functions.c.o[0m
[  8%] [32mBuilding C object CMakeFiles/ros_ign_interfaces__rosidl_generator_c.dir/rosidl_generator_c/ros_ign_interfaces/msg/detail/track_visual__functions.c.o[0m
[  9%] [32mBuilding C object CMakeFiles/ros_ign_interfaces__rosidl_generator_c.dir/rosidl_generator_c/ros_ign_interfaces/msg/detail/video_record__functions.c.o[0m
[ 12%] [32mBuilding C object CMakeFiles/ros_ign_interfaces__rosidl_generator_c.dir/rosidl_generator_c/ros_ign_interfaces/srv/detail/control_world__functions.c.o[0m
[  9%] [32mBuilding C object CMakeFiles/ros_ign_interfaces__rosidl_generator_c.dir/rosidl_generator_c/ros_ign_interfaces/msg/detail/world_reset__functions.c.o[0m
[ 10%] [32mBuilding C object CMakeFiles/ros_ign_interfaces__rosidl_generator_c.dir/rosidl_generator_c/ros_ign_interfaces/msg/detail/world_control__functions.c.o[0m
[ 12%] [32mBuilding C object CMakeFiles/ros_ign_interfaces__rosidl_generator_c.dir/rosidl_generator_c/ros_ign_interfaces/srv/detail/set_entity_pose__functions.c.o[0m
[ 11%] [32mBuilding C object CMakeFiles/ros_ign_interfaces__rosidl_generator_c.dir/rosidl_generator_c/ros_ign_interfaces/srv/detail/delete_entity__functions.c.o[0m
[ 13%] [32mBuilding C object CMakeFiles/ros_ign_interfaces__rosidl_generator_c.dir/rosidl_generator_c/ros_ign_interfaces/srv/detail/spawn_entity__functions.c.o[0m
[ 14%] [32m[1mLinking C shared library libros_ign_interfaces__rosidl_generator_c.so[0m
[ 14%] Built target ros_ign_interfaces__rosidl_generator_c
[ 15%] [34m[1mGenerating C introspection for ROS interfaces[0m
[ 16%] [34m[1mGenerating C type support dispatch for ROS interfaces[0m
[ 17%] [34m[1mGenerating C type support for eProsima Fast-RTPS[0m
[ 18%] [32mBuilding CXX object CMakeFiles/ros_ign_interfaces__rosidl_typesupport_introspection_cpp.dir/rosidl_typesupport_introspection_cpp/ros_ign_interfaces/msg/detail/contact__type_support.cpp.o[0m
[ 20%] [32mBuilding CXX object CMakeFiles/ros_ign_interfaces__rosidl_typesupport_introspection_cpp.dir/rosidl_typesupport_introspection_cpp/ros_ign_interfaces/msg/detail/gui_camera__type_support.cpp.o[0m
[ 21%] [32mBuilding CXX object CMakeFiles/ros_ign_interfaces__rosidl_typesupport_introspection_cpp.dir/rosidl_typesupport_introspection_cpp/ros_ign_interfaces/msg/detail/entity_factory__type_support.cpp.o[0m
[ 21%] [32mBuilding CXX object CMakeFiles/ros_ign_interfaces__rosidl_typesupport_introspection_cpp.dir/rosidl_typesupport_introspection_cpp/ros_ign_interfaces/msg/detail/joint_wrench__type_support.cpp.o[0m
[ 21%] [32mBuilding CXX object CMakeFiles/ros_ign_interfaces__rosidl_typesupport_introspection_cpp.dir/rosidl_typesupport_introspection_cpp/ros_ign_interfaces/msg/detail/contacts__type_support.cpp.o[0m
[ 21%] [32mBuilding CXX object CMakeFiles/ros_ign_interfaces__rosidl_typesupport_introspection_cpp.dir/rosidl_typesupport_introspection_cpp/ros_ign_interfaces/msg/detail/entity__type_support.cpp.o[0m
[ 22%] [32mBuilding CXX object CMakeFiles/ros_ign_interfaces__rosidl_typesupport_introspection_cpp.dir/rosidl_typesupport_introspection_cpp/ros_ign_interfaces/msg/detail/light__type_support.cpp.o[0m
[ 23%] [32mBuilding CXX object CMakeFiles/ros_ign_interfaces__rosidl_typesupport_introspection_cpp.dir/rosidl_typesupport_introspection_cpp/ros_ign_interfaces/msg/detail/string_vec__type_support.cpp.o[0m
[ 23%] [32mBuilding CXX object CMakeFiles/ros_ign_interfaces__rosidl_typesupport_introspection_cpp.dir/rosidl_typesupport_introspection_cpp/ros_ign_interfaces/msg/detail/track_visual__type_support.cpp.o[0m
[ 24%] [32mBuilding CXX object CMakeFiles/ros_ign_interfaces__rosidl_typesupport_introspection_cpp.dir/rosidl_typesupport_introspection_cpp/ros_ign_interfaces/msg/detail/video_record__type_support.cpp.o[0m
[ 24%] [32mBuilding CXX object CMakeFiles/ros_ign_interfaces__rosidl_typesupport_introspection_cpp.dir/rosidl_typesupport_introspection_cpp/ros_ign_interfaces/msg/detail/world_reset__type_support.cpp.o[0m
[ 25%] [32mBuilding CXX object CMakeFiles/ros_ign_interfaces__rosidl_typesupport_introspection_cpp.dir/rosidl_typesupport_introspection_cpp/ros_ign_interfaces/msg/detail/world_control__type_support.cpp.o[0m
[ 26%] [32mBuilding CXX object CMakeFiles/ros_ign_interfaces__rosidl_typesupport_introspection_cpp.dir/rosidl_typesupport_introspection_cpp/ros_ign_interfaces/srv/detail/control_world__type_support.cpp.o[0m
[ 27%] [32mBuilding CXX object CMakeFiles/ros_ign_interfaces__rosidl_typesupport_introspection_cpp.dir/rosidl_typesupport_introspection_cpp/ros_ign_interfaces/srv/detail/delete_entity__type_support.cpp.o[0m
[ 27%] [32mBuilding CXX object CMakeFiles/ros_ign_interfaces__rosidl_typesupport_introspection_cpp.dir/rosidl_typesupport_introspection_cpp/ros_ign_interfaces/srv/detail/set_entity_pose__type_support.cpp.o[0m
[ 28%] [32mBuilding CXX object CMakeFiles/ros_ign_interfaces__rosidl_typesupport_introspection_cpp.dir/rosidl_typesupport_introspection_cpp/ros_ign_interfaces/srv/detail/spawn_entity__type_support.cpp.o[0m
[ 29%] [32mBuilding CXX object CMakeFiles/ros_ign_interfaces__rosidl_typesupport_cpp.dir/rosidl_typesupport_cpp/ros_ign_interfaces/msg/contact__type_support.cpp.o[0m
[ 30%] [32mBuilding CXX object CMakeFiles/ros_ign_interfaces__rosidl_typesupport_cpp.dir/rosidl_typesupport_cpp/ros_ign_interfaces/msg/entity__type_support.cpp.o[0m
[ 30%] [32mBuilding CXX object CMakeFiles/ros_ign_interfaces__rosidl_typesupport_cpp.dir/rosidl_typesupport_cpp/ros_ign_interfaces/msg/contacts__type_support.cpp.o[0m
[ 31%] [32mBuilding CXX object CMakeFiles/ros_ign_interfaces__rosidl_typesupport_cpp.dir/rosidl_typesupport_cpp/ros_ign_interfaces/msg/entity_factory__type_support.cpp.o[0m
[ 31%] [32mBuilding CXX object CMakeFiles/ros_ign_interfaces__rosidl_typesupport_cpp.dir/rosidl_typesupport_cpp/ros_ign_interfaces/msg/gui_camera__type_support.cpp.o[0m
[ 32%] [32mBuilding CXX object CMakeFiles/ros_ign_interfaces__rosidl_typesupport_cpp.dir/rosidl_typesupport_cpp/ros_ign_interfaces/msg/joint_wrench__type_support.cpp.o[0m
[ 33%] [32mBuilding CXX object CMakeFiles/ros_ign_interfaces__rosidl_typesupport_cpp.dir/rosidl_typesupport_cpp/ros_ign_interfaces/msg/light__type_support.cpp.o[0m
[ 33%] [32mBuilding CXX object CMakeFiles/ros_ign_interfaces__rosidl_typesupport_cpp.dir/rosidl_typesupport_cpp/ros_ign_interfaces/msg/string_vec__type_support.cpp.o[0m
[ 34%] [32mBuilding CXX object CMakeFiles/ros_ign_interfaces__rosidl_typesupport_cpp.dir/rosidl_typesupport_cpp/ros_ign_interfaces/msg/track_visual__type_support.cpp.o[0m
[ 35%] [32mBuilding CXX object CMakeFiles/ros_ign_interfaces__rosidl_typesupport_cpp.dir/rosidl_typesupport_cpp/ros_ign_interfaces/msg/video_record__type_support.cpp.o[0m
[ 35%] [32mBuilding CXX object CMakeFiles/ros_ign_interfaces__rosidl_typesupport_cpp.dir/rosidl_typesupport_cpp/ros_ign_interfaces/msg/world_control__type_support.cpp.o[0m
[ 36%] [32mBuilding CXX object CMakeFiles/ros_ign_interfaces__rosidl_typesupport_cpp.dir/rosidl_typesupport_cpp/ros_ign_interfaces/msg/world_reset__type_support.cpp.o[0m
[ 37%] [32mBuilding CXX object CMakeFiles/ros_ign_interfaces__rosidl_typesupport_cpp.dir/rosidl_typesupport_cpp/ros_ign_interfaces/srv/control_world__type_support.cpp.o[0m
[ 37%] [32mBuilding CXX object CMakeFiles/ros_ign_interfaces__rosidl_typesupport_fastrtps_c.dir/rosidl_typesupport_fastrtps_c/ros_ign_interfaces/msg/detail/contact__type_support_c.cpp.o[0m
[ 38%] [32mBuilding CXX object CMakeFiles/ros_ign_interfaces__rosidl_typesupport_cpp.dir/rosidl_typesupport_cpp/ros_ign_interfaces/srv/set_entity_pose__type_support.cpp.o[0m
[ 38%] [32mBuilding CXX object CMakeFiles/ros_ign_interfaces__rosidl_typesupport_cpp.dir/rosidl_typesupport_cpp/ros_ign_interfaces/srv/delete_entity__type_support.cpp.o[0m
[ 39%] [32mBuilding CXX object CMakeFiles/ros_ign_interfaces__rosidl_typesupport_cpp.dir/rosidl_typesupport_cpp/ros_ign_interfaces/srv/spawn_entity__type_support.cpp.o[0m
[ 40%] [32mBuilding CXX object CMakeFiles/ros_ign_interfaces__rosidl_typesupport_fastrtps_c.dir/rosidl_typesupport_fastrtps_c/ros_ign_interfaces/msg/detail/contacts__type_support_c.cpp.o[0m
[ 41%] [32mBuilding CXX object CMakeFiles/ros_ign_interfaces__rosidl_typesupport_fastrtps_c.dir/rosidl_typesupport_fastrtps_c/ros_ign_interfaces/msg/detail/entity__type_support_c.cpp.o[0m
[ 41%] [32mBuilding CXX object CMakeFiles/ros_ign_interfaces__rosidl_typesupport_fastrtps_c.dir/rosidl_typesupport_fastrtps_c/ros_ign_interfaces/msg/detail/entity_factory__type_support_c.cpp.o[0m
[ 42%] [32mBuilding CXX object CMakeFiles/ros_ign_interfaces__rosidl_typesupport_fastrtps_c.dir/rosidl_typesupport_fastrtps_c/ros_ign_interfaces/msg/detail/gui_camera__type_support_c.cpp.o[0m
[ 43%] [32mBuilding CXX object CMakeFiles/ros_ign_interfaces__rosidl_typesupport_fastrtps_c.dir/rosidl_typesupport_fastrtps_c/ros_ign_interfaces/msg/detail/joint_wrench__type_support_c.cpp.o[0m
[ 43%] [32mBuilding CXX object CMakeFiles/ros_ign_interfaces__rosidl_typesupport_fastrtps_c.dir/rosidl_typesupport_fastrtps_c/ros_ign_interfaces/msg/detail/light__type_support_c.cpp.o[0m
[ 44%] [32mBuilding CXX object CMakeFiles/ros_ign_interfaces__rosidl_typesupport_fastrtps_c.dir/rosidl_typesupport_fastrtps_c/ros_ign_interfaces/msg/detail/string_vec__type_support_c.cpp.o[0m
[ 45%] [32m[1mLinking CXX shared library libros_ign_interfaces__rosidl_typesupport_introspection_cpp.so[0m
[ 46%] [32mBuilding CXX object CMakeFiles/ros_ign_interfaces__rosidl_typesupport_fastrtps_c.dir/rosidl_typesupport_fastrtps_c/ros_ign_interfaces/msg/detail/track_visual__type_support_c.cpp.o[0m
[ 46%] [32mBuilding CXX object CMakeFiles/ros_ign_interfaces__rosidl_typesupport_fastrtps_c.dir/rosidl_typesupport_fastrtps_c/ros_ign_interfaces/msg/detail/video_record__type_support_c.cpp.o[0m
[ 46%] Built target ros_ign_interfaces__rosidl_typesupport_introspection_cpp
[ 47%] [32mBuilding CXX object CMakeFiles/ros_ign_interfaces__rosidl_typesupport_fastrtps_c.dir/rosidl_typesupport_fastrtps_c/ros_ign_interfaces/msg/detail/world_control__type_support_c.cpp.o[0m
[ 48%] [32mBuilding CXX object CMakeFiles/ros_ign_interfaces__rosidl_typesupport_fastrtps_c.dir/rosidl_typesupport_fastrtps_c/ros_ign_interfaces/msg/detail/world_reset__type_support_c.cpp.o[0m
[ 48%] [32mBuilding CXX object CMakeFiles/ros_ign_interfaces__rosidl_typesupport_fastrtps_c.dir/rosidl_typesupport_fastrtps_c/ros_ign_interfaces/srv/detail/control_world__type_support_c.cpp.o[0m
[ 49%] [32mBuilding CXX object CMakeFiles/ros_ign_interfaces__rosidl_typesupport_fastrtps_c.dir/rosidl_typesupport_fastrtps_c/ros_ign_interfaces/srv/detail/delete_entity__type_support_c.cpp.o[0m
[ 50%] [32mBuilding CXX object CMakeFiles/ros_ign_interfaces__rosidl_typesupport_fastrtps_c.dir/rosidl_typesupport_fastrtps_c/ros_ign_interfaces/srv/detail/set_entity_pose__type_support_c.cpp.o[0m
[ 50%] [32mBuilding CXX object CMakeFiles/ros_ign_interfaces__rosidl_typesupport_fastrtps_c.dir/rosidl_typesupport_fastrtps_c/ros_ign_interfaces/srv/detail/spawn_entity__type_support_c.cpp.o[0m
[ 51%] [32mBuilding C object CMakeFiles/ros_ign_interfaces__rosidl_typesupport_introspection_c.dir/rosidl_typesupport_introspection_c/ros_ign_interfaces/msg/detail/contact__type_support.c.o[0m
[ 51%] [32mBuilding C object CMakeFiles/ros_ign_interfaces__rosidl_typesupport_introspection_c.dir/rosidl_typesupport_introspection_c/ros_ign_interfaces/msg/detail/contacts__type_support.c.o[0m
[ 52%] [32mBuilding C object CMakeFiles/ros_ign_interfaces__rosidl_typesupport_introspection_c.dir/rosidl_typesupport_introspection_c/ros_ign_interfaces/msg/detail/entity__type_support.c.o[0m
[ 53%] [32mBuilding CXX object CMakeFiles/ros_ign_interfaces__rosidl_typesupport_fastrtps_cpp.dir/rosidl_typesupport_fastrtps_cpp/ros_ign_interfaces/msg/detail/dds_fastrtps/contact__type_support.cpp.o[0m
[ 53%] [32mBuilding CXX object CMakeFiles/ros_ign_interfaces__rosidl_typesupport_fastrtps_cpp.dir/rosidl_typesupport_fastrtps_cpp/ros_ign_interfaces/msg/detail/dds_fastrtps/contacts__type_support.cpp.o[0m
[ 54%] [32mBuilding CXX object CMakeFiles/ros_ign_interfaces__rosidl_typesupport_fastrtps_cpp.dir/rosidl_typesupport_fastrtps_cpp/ros_ign_interfaces/msg/detail/dds_fastrtps/entity__type_support.cpp.o[0m
[ 55%] [32mBuilding CXX object CMakeFiles/ros_ign_interfaces__rosidl_typesupport_fastrtps_cpp.dir/rosidl_typesupport_fastrtps_cpp/ros_ign_interfaces/msg/detail/dds_fastrtps/entity_factory__type_support.cpp.o[0m
[ 55%] [32m[1mLinking CXX shared library libros_ign_interfaces__rosidl_typesupport_cpp.so[0m
[ 56%] [32mBuilding C object CMakeFiles/ros_ign_interfaces__rosidl_typesupport_introspection_c.dir/rosidl_typesupport_introspection_c/ros_ign_interfaces/msg/detail/entity_factory__type_support.c.o[0m
[ 56%] [32mBuilding C object CMakeFiles/ros_ign_interfaces__rosidl_typesupport_introspection_c.dir/rosidl_typesupport_introspection_c/ros_ign_interfaces/msg/detail/gui_camera__type_support.c.o[0m
[ 57%] [32mBuilding C object CMakeFiles/ros_ign_interfaces__rosidl_typesupport_introspection_c.dir/rosidl_typesupport_introspection_c/ros_ign_interfaces/msg/detail/joint_wrench__type_support.c.o[0m
[ 57%] Built target ros_ign_interfaces__rosidl_typesupport_cpp
[ 57%] [32mBuilding CXX object CMakeFiles/ros_ign_interfaces__rosidl_typesupport_fastrtps_cpp.dir/rosidl_typesupport_fastrtps_cpp/ros_ign_interfaces/msg/detail/dds_fastrtps/gui_camera__type_support.cpp.o[0m
[ 57%] [32mBuilding CXX object CMakeFiles/ros_ign_interfaces__rosidl_typesupport_c.dir/rosidl_typesupport_c/ros_ign_interfaces/msg/contact__type_support.cpp.o[0m
[ 58%] [32mBuilding CXX object CMakeFiles/ros_ign_interfaces__rosidl_typesupport_fastrtps_cpp.dir/rosidl_typesupport_fastrtps_cpp/ros_ign_interfaces/msg/detail/dds_fastrtps/joint_wrench__type_support.cpp.o[0m
[ 59%] [32mBuilding C object CMakeFiles/ros_ign_interfaces__rosidl_typesupport_introspection_c.dir/rosidl_typesupport_introspection_c/ros_ign_interfaces/msg/detail/light__type_support.c.o[0m
[ 60%] [32mBuilding CXX object CMakeFiles/ros_ign_interfaces__rosidl_typesupport_fastrtps_cpp.dir/rosidl_typesupport_fastrtps_cpp/ros_ign_interfaces/msg/detail/dds_fastrtps/light__type_support.cpp.o[0m
[ 61%] [32mBuilding CXX object CMakeFiles/ros_ign_interfaces__rosidl_typesupport_c.dir/rosidl_typesupport_c/ros_ign_interfaces/msg/contacts__type_support.cpp.o[0m
[ 62%] [32mBuilding CXX object CMakeFiles/ros_ign_interfaces__rosidl_typesupport_c.dir/rosidl_typesupport_c/ros_ign_interfaces/msg/entity__type_support.cpp.o[0m
[ 62%] [32mBuilding C object CMakeFiles/ros_ign_interfaces__rosidl_typesupport_introspection_c.dir/rosidl_typesupport_introspection_c/ros_ign_interfaces/msg/detail/string_vec__type_support.c.o[0m
[ 63%] [32mBuilding C object CMakeFiles/ros_ign_interfaces__rosidl_typesupport_introspection_c.dir/rosidl_typesupport_introspection_c/ros_ign_interfaces/msg/detail/track_visual__type_support.c.o[0m
[ 63%] [32mBuilding CXX object CMakeFiles/ros_ign_interfaces__rosidl_typesupport_fastrtps_cpp.dir/rosidl_typesupport_fastrtps_cpp/ros_ign_interfaces/msg/detail/dds_fastrtps/string_vec__type_support.cpp.o[0m
[ 64%] [32mBuilding C object CMakeFiles/ros_ign_interfaces__rosidl_typesupport_introspection_c.dir/rosidl_typesupport_introspection_c/ros_ign_interfaces/msg/detail/video_record__type_support.c.o[0m
[ 64%] [32mBuilding CXX object CMakeFiles/ros_ign_interfaces__rosidl_typesupport_c.dir/rosidl_typesupport_c/ros_ign_interfaces/msg/entity_factory__type_support.cpp.o[0m
[ 65%] [32mBuilding CXX object CMakeFiles/ros_ign_interfaces__rosidl_typesupport_fastrtps_cpp.dir/rosidl_typesupport_fastrtps_cpp/ros_ign_interfaces/msg/detail/dds_fastrtps/track_visual__type_support.cpp.o[0m
[ 65%] [32mBuilding C object CMakeFiles/ros_ign_interfaces__rosidl_typesupport_introspection_c.dir/rosidl_typesupport_introspection_c/ros_ign_interfaces/msg/detail/world_control__type_support.c.o[0m
[ 66%] [32mBuilding CXX object CMakeFiles/ros_ign_interfaces__rosidl_typesupport_c.dir/rosidl_typesupport_c/ros_ign_interfaces/msg/gui_camera__type_support.cpp.o[0m
[ 67%] [32mBuilding C object CMakeFiles/ros_ign_interfaces__rosidl_typesupport_introspection_c.dir/rosidl_typesupport_introspection_c/ros_ign_interfaces/msg/detail/world_reset__type_support.c.o[0m
[ 68%] [32mBuilding CXX object CMakeFiles/ros_ign_interfaces__rosidl_typesupport_c.dir/rosidl_typesupport_c/ros_ign_interfaces/msg/joint_wrench__type_support.cpp.o[0m
[ 69%] [32mBuilding CXX object CMakeFiles/ros_ign_interfaces__rosidl_typesupport_fastrtps_cpp.dir/rosidl_typesupport_fastrtps_cpp/ros_ign_interfaces/msg/detail/dds_fastrtps/video_record__type_support.cpp.o[0m
[ 70%] [32mBuilding C object CMakeFiles/ros_ign_interfaces__rosidl_typesupport_introspection_c.dir/rosidl_typesupport_introspection_c/ros_ign_interfaces/srv/detail/control_world__type_support.c.o[0m
[ 70%] [32mBuilding C object CMakeFiles/ros_ign_interfaces__rosidl_typesupport_introspection_c.dir/rosidl_typesupport_introspection_c/ros_ign_interfaces/srv/detail/delete_entity__type_support.c.o[0m
[ 70%] [32mBuilding CXX object CMakeFiles/ros_ign_interfaces__rosidl_typesupport_c.dir/rosidl_typesupport_c/ros_ign_interfaces/msg/light__type_support.cpp.o[0m
[ 71%] [32mBuilding CXX object CMakeFiles/ros_ign_interfaces__rosidl_typesupport_c.dir/rosidl_typesupport_c/ros_ign_interfaces/msg/string_vec__type_support.cpp.o[0m
[ 71%] [32mBuilding CXX object CMakeFiles/ros_ign_interfaces__rosidl_typesupport_fastrtps_cpp.dir/rosidl_typesupport_fastrtps_cpp/ros_ign_interfaces/msg/detail/dds_fastrtps/world_control__type_support.cpp.o[0m
[ 72%] [32mBuilding C object CMakeFiles/ros_ign_interfaces__rosidl_typesupport_introspection_c.dir/rosidl_typesupport_introspection_c/ros_ign_interfaces/srv/detail/set_entity_pose__type_support.c.o[0m
[ 73%] [32mBuilding CXX object CMakeFiles/ros_ign_interfaces__rosidl_typesupport_fastrtps_cpp.dir/rosidl_typesupport_fastrtps_cpp/ros_ign_interfaces/msg/detail/dds_fastrtps/world_reset__type_support.cpp.o[0m
[ 74%] [32mBuilding CXX object CMakeFiles/ros_ign_interfaces__rosidl_typesupport_c.dir/rosidl_typesupport_c/ros_ign_interfaces/msg/track_visual__type_support.cpp.o[0m
[ 75%] [32mBuilding C object CMakeFiles/ros_ign_interfaces__rosidl_typesupport_introspection_c.dir/rosidl_typesupport_introspection_c/ros_ign_interfaces/srv/detail/spawn_entity__type_support.c.o[0m
[ 75%] [32mBuilding CXX object CMakeFiles/ros_ign_interfaces__rosidl_typesupport_c.dir/rosidl_typesupport_c/ros_ign_interfaces/msg/video_record__type_support.cpp.o[0m
[ 76%] [32mBuilding CXX object CMakeFiles/ros_ign_interfaces__rosidl_typesupport_c.dir/rosidl_typesupport_c/ros_ign_interfaces/msg/world_control__type_support.cpp.o[0m
[ 77%] [32mBuilding CXX object CMakeFiles/ros_ign_interfaces__rosidl_typesupport_fastrtps_cpp.dir/rosidl_typesupport_fastrtps_cpp/ros_ign_interfaces/srv/detail/dds_fastrtps/control_world__type_support.cpp.o[0m
[ 77%] [32mBuilding CXX object CMakeFiles/ros_ign_interfaces__rosidl_typesupport_c.dir/rosidl_typesupport_c/ros_ign_interfaces/srv/control_world__type_support.cpp.o[0m
[ 78%] [32mBuilding CXX object CMakeFiles/ros_ign_interfaces__rosidl_typesupport_c.dir/rosidl_typesupport_c/ros_ign_interfaces/msg/world_reset__type_support.cpp.o[0m
[ 78%] [32m[1mLinking C shared library libros_ign_interfaces__rosidl_typesupport_introspection_c.so[0m
[ 79%] [32mBuilding CXX object CMakeFiles/ros_ign_interfaces__rosidl_typesupport_c.dir/rosidl_typesupport_c/ros_ign_interfaces/srv/delete_entity__type_support.cpp.o[0m
[ 79%] [32mBuilding CXX object CMakeFiles/ros_ign_interfaces__rosidl_typesupport_fastrtps_cpp.dir/rosidl_typesupport_fastrtps_cpp/ros_ign_interfaces/srv/detail/dds_fastrtps/delete_entity__type_support.cpp.o[0m
[ 80%] [32mBuilding CXX object CMakeFiles/ros_ign_interfaces__rosidl_typesupport_c.dir/rosidl_typesupport_c/ros_ign_interfaces/srv/set_entity_pose__type_support.cpp.o[0m
[ 80%] [32mBuilding CXX object CMakeFiles/ros_ign_interfaces__rosidl_typesupport_c.dir/rosidl_typesupport_c/ros_ign_interfaces/srv/spawn_entity__type_support.cpp.o[0m
[ 81%] [32mBuilding CXX object CMakeFiles/ros_ign_interfaces__rosidl_typesupport_fastrtps_cpp.dir/rosidl_typesupport_fastrtps_cpp/ros_ign_interfaces/srv/detail/dds_fastrtps/set_entity_pose__type_support.cpp.o[0m
[ 81%] Built target ros_ign_interfaces__rosidl_typesupport_introspection_c
[ 82%] [32mBuilding CXX object CMakeFiles/ros_ign_interfaces__rosidl_typesupport_fastrtps_cpp.dir/rosidl_typesupport_fastrtps_cpp/ros_ign_interfaces/srv/detail/dds_fastrtps/spawn_entity__type_support.cpp.o[0m
[ 83%] [32m[1mLinking CXX shared library libros_ign_interfaces__rosidl_typesupport_fastrtps_c.so[0m
[ 84%] [32m[1mLinking CXX shared library libros_ign_interfaces__rosidl_typesupport_c.so[0m
[ 84%] Built target ros_ign_interfaces__rosidl_typesupport_c
[ 84%] Built target ros_ign_interfaces__rosidl_typesupport_fastrtps_c
[ 84%] [32m[1mLinking CXX shared library libros_ign_interfaces__rosidl_typesupport_fastrtps_cpp.so[0m
[ 84%] Built target ros_ign_interfaces__rosidl_typesupport_fastrtps_cpp
[ 84%] Built target ros_ign_interfaces
[ 85%] [34m[1mGenerating Python code for ROS interfaces[0m
[ 85%] Built target ros_ign_interfaces__py
[ 86%] [32mBuilding C object CMakeFiles/ros_ign_interfaces__rosidl_generator_py.dir/rosidl_generator_py/ros_ign_interfaces/msg/_contacts_s.c.o[0m
[ 86%] [32mBuilding C object CMakeFiles/ros_ign_interfaces__rosidl_generator_py.dir/rosidl_generator_py/ros_ign_interfaces/msg/_entity_factory_s.c.o[0m
[ 87%] [32mBuilding C object CMakeFiles/ros_ign_interfaces__rosidl_generator_py.dir/rosidl_generator_py/ros_ign_interfaces/msg/_string_vec_s.c.o[0m
[ 89%] [32mBuilding C object CMakeFiles/ros_ign_interfaces__rosidl_generator_py.dir/rosidl_generator_py/ros_ign_interfaces/msg/_joint_wrench_s.c.o[0m
[ 89%] [32mBuilding C object CMakeFiles/ros_ign_interfaces__rosidl_generator_py.dir/rosidl_generator_py/ros_ign_interfaces/msg/_track_visual_s.c.o[0m
[ 90%] [32mBuilding C object CMakeFiles/ros_ign_interfaces__rosidl_generator_py.dir/rosidl_generator_py/ros_ign_interfaces/msg/_entity_s.c.o[0m
[ 91%] [32mBuilding C object CMakeFiles/ros_ign_interfaces__rosidl_generator_py.dir/rosidl_generator_py/ros_ign_interfaces/msg/_video_record_s.c.o[0m
[ 91%] [32mBuilding C object CMakeFiles/ros_ign_interfaces__rosidl_generator_py.dir/rosidl_generator_py/ros_ign_interfaces/msg/_gui_camera_s.c.o[0m
[ 91%] [32mBuilding C object CMakeFiles/ros_ign_interfaces__rosidl_generator_py.dir/rosidl_generator_py/ros_ign_interfaces/msg/_contact_s.c.o[0m
[ 92%] [32mBuilding C object CMakeFiles/ros_ign_interfaces__rosidl_generator_py.dir/rosidl_generator_py/ros_ign_interfaces/msg/_world_control_s.c.o[0m
[ 93%] [32mBuilding C object CMakeFiles/ros_ign_interfaces__rosidl_generator_py.dir/rosidl_generator_py/ros_ign_interfaces/msg/_world_reset_s.c.o[0m
[ 93%] [32mBuilding C object CMakeFiles/ros_ign_interfaces__rosidl_generator_py.dir/rosidl_generator_py/ros_ign_interfaces/srv/_control_world_s.c.o[0m
[ 93%] [32mBuilding C object CMakeFiles/ros_ign_interfaces__rosidl_generator_py.dir/rosidl_generator_py/ros_ign_interfaces/msg/_light_s.c.o[0m
[ 94%] [32mBuilding C object CMakeFiles/ros_ign_interfaces__rosidl_generator_py.dir/rosidl_generator_py/ros_ign_interfaces/srv/_delete_entity_s.c.o[0m
[ 95%] [32mBuilding C object CMakeFiles/ros_ign_interfaces__rosidl_generator_py.dir/rosidl_generator_py/ros_ign_interfaces/srv/_set_entity_pose_s.c.o[0m
[ 95%] [32mBuilding C object CMakeFiles/ros_ign_interfaces__rosidl_generator_py.dir/rosidl_generator_py/ros_ign_interfaces/srv/_spawn_entity_s.c.o[0m
[ 96%] [32m[1mLinking C shared library rosidl_generator_py/ros_ign_interfaces/libros_ign_interfaces__rosidl_generator_py.so[0m
[ 96%] Built target ros_ign_interfaces__rosidl_generator_py
[ 97%] [32mBuilding C object CMakeFiles/ros_ign_interfaces__rosidl_typesupport_fastrtps_c__pyext.dir/rosidl_generator_py/ros_ign_interfaces/_ros_ign_interfaces_s.ep.rosidl_typesupport_fastrtps_c.c.o[0m
[ 98%] [32mBuilding C object CMakeFiles/ros_ign_interfaces__rosidl_typesupport_introspection_c__pyext.dir/rosidl_generator_py/ros_ign_interfaces/_ros_ign_interfaces_s.ep.rosidl_typesupport_introspection_c.c.o[0m
[ 99%] [32mBuilding C object CMakeFiles/ros_ign_interfaces__rosidl_typesupport_c__pyext.dir/rosidl_generator_py/ros_ign_interfaces/_ros_ign_interfaces_s.ep.rosidl_typesupport_c.c.o[0m
[100%] [32m[1mLinking C shared library rosidl_generator_py/ros_ign_interfaces/ros_ign_interfaces_s__rosidl_typesupport_introspection_c.cpython-310-x86_64-linux-gnu.so[0m
[100%] [32m[1mLinking C shared library rosidl_generator_py/ros_ign_interfaces/ros_ign_interfaces_s__rosidl_typesupport_c.cpython-310-x86_64-linux-gnu.so[0m
[100%] Built target ros_ign_interfaces__rosidl_typesupport_introspection_c__pyext
[100%] [32m[1mLinking C shared library rosidl_generator_py/ros_ign_interfaces/ros_ign_interfaces_s__rosidl_typesupport_fastrtps_c.cpython-310-x86_64-linux-gnu.so[0m
[100%] Built target ros_ign_interfaces__rosidl_typesupport_c__pyext
[100%] Built target ros_ign_interfaces__rosidl_typesupport_fastrtps_c__pyext
-- Install configuration: ""
-- Execute custom install script
-- Symlinking: /home/mampane/Desktop/machine_tending_robot/ros2_kortex_ws/install/ros_ign_interfaces/share/ament_index/resource_index/rosidl_interfaces/ros_ign_interfaces
-- Symlinking: /home/mampane/Desktop/machine_tending_robot/ros2_kortex_ws/install/ros_ign_interfaces/include/ros_ign_interfaces/ros_ign_interfaces/msg/contact.h
-- Symlinking: /home/mampane/Desktop/machine_tending_robot/ros2_kortex_ws/install/ros_ign_interfaces/include/ros_ign_interfaces/ros_ign_interfaces/msg/contacts.h
-- Symlinking: /home/mampane/Desktop/machine_tending_robot/ros2_kortex_ws/install/ros_ign_interfaces/include/ros_ign_interfaces/ros_ign_interfaces/msg/detail/contact__functions.h
-- Symlinking: /home/mampane/Desktop/machine_tending_robot/ros2_kortex_ws/install/ros_ign_interfaces/include/ros_ign_interfaces/ros_ign_interfaces/msg/detail/contact__struct.h
-- Symlinking: /home/mampane/Desktop/machine_tending_robot/ros2_kortex_ws/install/ros_ign_interfaces/include/ros_ign_interfaces/ros_ign_interfaces/msg/detail/contact__type_support.h
-- Symlinking: /home/mampane/Desktop/machine_tending_robot/ros2_kortex_ws/install/ros_ign_interfaces/include/ros_ign_interfaces/ros_ign_interfaces/msg/detail/contacts__functions.h
-- Symlinking: /home/mampane/Desktop/machine_tending_robot/ros2_kortex_ws/install/ros_ign_interfaces/include/ros_ign_interfaces/ros_ign_interfaces/msg/detail/contacts__struct.h
-- Symlinking: /home/mampane/Desktop/machine_tending_robot/ros2_kortex_ws/install/ros_ign_interfaces/include/ros_ign_interfaces/ros_ign_interfaces/msg/detail/contacts__type_support.h
-- Symlinking: /home/mampane/Desktop/machine_tending_robot/ros2_kortex_ws/install/ros_ign_interfaces/include/ros_ign_interfaces/ros_ign_interfaces/msg/detail/entity__functions.h
-- Symlinking: /home/mampane/Desktop/machine_tending_robot/ros2_kortex_ws/install/ros_ign_interfaces/include/ros_ign_interfaces/ros_ign_interfaces/msg/detail/entity__struct.h
-- Symlinking: /home/mampane/Desktop/machine_tending_robot/ros2_kortex_ws/install/ros_ign_interfaces/include/ros_ign_interfaces/ros_ign_interfaces/msg/detail/entity__type_support.h
-- Symlinking: /home/mampane/Desktop/machine_tending_robot/ros2_kortex_ws/install/ros_ign_interfaces/include/ros_ign_interfaces/ros_ign_interfaces/msg/detail/entity_factory__functions.h
-- Symlinking: /home/mampane/Desktop/machine_tending_robot/ros2_kortex_ws/install/ros_ign_interfaces/include/ros_ign_interfaces/ros_ign_interfaces/msg/detail/entity_factory__struct.h
-- Symlinking: /home/mampane/Desktop/machine_tending_robot/ros2_kortex_ws/install/ros_ign_interfaces/include/ros_ign_interfaces/ros_ign_interfaces/msg/detail/entity_factory__type_support.h
-- Symlinking: /home/mampane/Desktop/machine_tending_robot/ros2_kortex_ws/install/ros_ign_interfaces/include/ros_ign_interfaces/ros_ign_interfaces/msg/detail/gui_camera__functions.h
-- Symlinking: /home/mampane/Desktop/machine_tending_robot/ros2_kortex_ws/install/ros_ign_interfaces/include/ros_ign_interfaces/ros_ign_interfaces/msg/detail/gui_camera__struct.h
-- Symlinking: /home/mampane/Desktop/machine_tending_robot/ros2_kortex_ws/install/ros_ign_interfaces/include/ros_ign_interfaces/ros_ign_interfaces/msg/detail/gui_camera__type_support.h
-- Symlinking: /home/mampane/Desktop/machine_tending_robot/ros2_kortex_ws/install/ros_ign_interfaces/include/ros_ign_interfaces/ros_ign_interfaces/msg/detail/joint_wrench__functions.h
-- Symlinking: /home/mampane/Desktop/machine_tending_robot/ros2_kortex_ws/install/ros_ign_interfaces/include/ros_ign_interfaces/ros_ign_interfaces/msg/detail/joint_wrench__struct.h
-- Symlinking: /home/mampane/Desktop/machine_tending_robot/ros2_kortex_ws/install/ros_ign_interfaces/include/ros_ign_interfaces/ros_ign_interfaces/msg/detail/joint_wrench__type_support.h
-- Symlinking: /home/mampane/Desktop/machine_tending_robot/ros2_kortex_ws/install/ros_ign_interfaces/include/ros_ign_interfaces/ros_ign_interfaces/msg/detail/light__functions.h
-- Symlinking: /home/mampane/Desktop/machine_tending_robot/ros2_kortex_ws/install/ros_ign_interfaces/include/ros_ign_interfaces/ros_ign_interfaces/msg/detail/light__struct.h
-- Symlinking: /home/mampane/Desktop/machine_tending_robot/ros2_kortex_ws/install/ros_ign_interfaces/include/ros_ign_interfaces/ros_ign_interfaces/msg/detail/light__type_support.h
-- Symlinking: /home/mampane/Desktop/machine_tending_robot/ros2_kortex_ws/install/ros_ign_interfaces/include/ros_ign_interfaces/ros_ign_interfaces/msg/detail/string_vec__functions.h
-- Symlinking: /home/mampane/Desktop/machine_tending_robot/ros2_kortex_ws/install/ros_ign_interfaces/include/ros_ign_interfaces/ros_ign_interfaces/msg/detail/string_vec__struct.h
-- Symlinking: /home/mampane/Desktop/machine_tending_robot/ros2_kortex_ws/install/ros_ign_interfaces/include/ros_ign_interfaces/ros_ign_interfaces/msg/detail/string_vec__type_support.h
-- Symlinking: /home/mampane/Desktop/machine_tending_robot/ros2_kortex_ws/install/ros_ign_interfaces/include/ros_ign_interfaces/ros_ign_interfaces/msg/detail/track_visual__functions.h
-- Symlinking: /home/mampane/Desktop/machine_tending_robot/ros2_kortex_ws/install/ros_ign_interfaces/include/ros_ign_interfaces/ros_ign_interfaces/msg/detail/track_visual__struct.h
-- Symlinking: /home/mampane/Desktop/machine_tending_robot/ros2_kortex_ws/install/ros_ign_interfaces/include/ros_ign_interfaces/ros_ign_interfaces/msg/detail/track_visual__type_support.h
-- Symlinking: /home/mampane/Desktop/machine_tending_robot/ros2_kortex_ws/install/ros_ign_interfaces/include/ros_ign_interfaces/ros_ign_interfaces/msg/detail/video_record__functions.h
-- Symlinking: /home/mampane/Desktop/machine_tending_robot/ros2_kortex_ws/install/ros_ign_interfaces/include/ros_ign_interfaces/ros_ign_interfaces/msg/detail/video_record__struct.h
-- Symlinking: /home/mampane/Desktop/machine_tending_robot/ros2_kortex_ws/install/ros_ign_interfaces/include/ros_ign_interfaces/ros_ign_interfaces/msg/detail/video_record__type_support.h
-- Symlinking: /home/mampane/Desktop/machine_tending_robot/ros2_kortex_ws/install/ros_ign_interfaces/include/ros_ign_interfaces/ros_ign_interfaces/msg/detail/world_control__functions.h
-- Symlinking: /home/mampane/Desktop/machine_tending_robot/ros2_kortex_ws/install/ros_ign_interfaces/include/ros_ign_interfaces/ros_ign_interfaces/msg/detail/world_control__struct.h
-- Symlinking: /home/mampane/Desktop/machine_tending_robot/ros2_kortex_ws/install/ros_ign_interfaces/include/ros_ign_interfaces/ros_ign_interfaces/msg/detail/world_control__type_support.h
-- Symlinking: /home/mampane/Desktop/machine_tending_robot/ros2_kortex_ws/install/ros_ign_interfaces/include/ros_ign_interfaces/ros_ign_interfaces/msg/detail/world_reset__functions.h
-- Symlinking: /home/mampane/Desktop/machine_tending_robot/ros2_kortex_ws/install/ros_ign_interfaces/include/ros_ign_interfaces/ros_ign_interfaces/msg/detail/world_reset__struct.h
-- Symlinking: /home/mampane/Desktop/machine_tending_robot/ros2_kortex_ws/install/ros_ign_interfaces/include/ros_ign_interfaces/ros_ign_interfaces/msg/detail/world_reset__type_support.h
-- Symlinking: /home/mampane/Desktop/machine_tending_robot/ros2_kortex_ws/install/ros_ign_interfaces/include/ros_ign_interfaces/ros_ign_interfaces/msg/entity.h
-- Symlinking: /home/mampane/Desktop/machine_tending_robot/ros2_kortex_ws/install/ros_ign_interfaces/include/ros_ign_interfaces/ros_ign_interfaces/msg/entity_factory.h
-- Symlinking: /home/mampane/Desktop/machine_tending_robot/ros2_kortex_ws/install/ros_ign_interfaces/include/ros_ign_interfaces/ros_ign_interfaces/msg/gui_camera.h
-- Symlinking: /home/mampane/Desktop/machine_tending_robot/ros2_kortex_ws/install/ros_ign_interfaces/include/ros_ign_interfaces/ros_ign_interfaces/msg/joint_wrench.h
-- Symlinking: /home/mampane/Desktop/machine_tending_robot/ros2_kortex_ws/install/ros_ign_interfaces/include/ros_ign_interfaces/ros_ign_interfaces/msg/light.h
-- Symlinking: /home/mampane/Desktop/machine_tending_robot/ros2_kortex_ws/install/ros_ign_interfaces/include/ros_ign_interfaces/ros_ign_interfaces/msg/rosidl_generator_c__visibility_control.h
-- Symlinking: /home/mampane/Desktop/machine_tending_robot/ros2_kortex_ws/install/ros_ign_interfaces/include/ros_ign_interfaces/ros_ign_interfaces/msg/string_vec.h
-- Symlinking: /home/mampane/Desktop/machine_tending_robot/ros2_kortex_ws/install/ros_ign_interfaces/include/ros_ign_interfaces/ros_ign_interfaces/msg/track_visual.h
-- Symlinking: /home/mampane/Desktop/machine_tending_robot/ros2_kortex_ws/install/ros_ign_interfaces/include/ros_ign_interfaces/ros_ign_interfaces/msg/video_record.h
-- Symlinking: /home/mampane/Desktop/machine_tending_robot/ros2_kortex_ws/install/ros_ign_interfaces/include/ros_ign_interfaces/ros_ign_interfaces/msg/world_control.h
-- Symlinking: /home/mampane/Desktop/machine_tending_robot/ros2_kortex_ws/install/ros_ign_interfaces/include/ros_ign_interfaces/ros_ign_interfaces/msg/world_reset.h
-- Symlinking: /home/mampane/Desktop/machine_tending_robot/ros2_kortex_ws/install/ros_ign_interfaces/include/ros_ign_interfaces/ros_ign_interfaces/srv/control_world.h
-- Symlinking: /home/mampane/Desktop/machine_tending_robot/ros2_kortex_ws/install/ros_ign_interfaces/include/ros_ign_interfaces/ros_ign_interfaces/srv/delete_entity.h
-- Symlinking: /home/mampane/Desktop/machine_tending_robot/ros2_kortex_ws/install/ros_ign_interfaces/include/ros_ign_interfaces/ros_ign_interfaces/srv/detail/control_world__functions.h
-- Symlinking: /home/mampane/Desktop/machine_tending_robot/ros2_kortex_ws/install/ros_ign_interfaces/include/ros_ign_interfaces/ros_ign_interfaces/srv/detail/control_world__struct.h
-- Symlinking: /home/mampane/Desktop/machine_tending_robot/ros2_kortex_ws/install/ros_ign_interfaces/include/ros_ign_interfaces/ros_ign_interfaces/srv/detail/control_world__type_support.h
-- Symlinking: /home/mampane/Desktop/machine_tending_robot/ros2_kortex_ws/install/ros_ign_interfaces/include/ros_ign_interfaces/ros_ign_interfaces/srv/detail/delete_entity__functions.h
-- Symlinking: /home/mampane/Desktop/machine_tending_robot/ros2_kortex_ws/install/ros_ign_interfaces/include/ros_ign_interfaces/ros_ign_interfaces/srv/detail/delete_entity__struct.h
-- Symlinking: /home/mampane/Desktop/machine_tending_robot/ros2_kortex_ws/install/ros_ign_interfaces/include/ros_ign_interfaces/ros_ign_interfaces/srv/detail/delete_entity__type_support.h
-- Symlinking: /home/mampane/Desktop/machine_tending_robot/ros2_kortex_ws/install/ros_ign_interfaces/include/ros_ign_interfaces/ros_ign_interfaces/srv/detail/set_entity_pose__functions.h
-- Symlinking: /home/mampane/Desktop/machine_tending_robot/ros2_kortex_ws/install/ros_ign_interfaces/include/ros_ign_interfaces/ros_ign_interfaces/srv/detail/set_entity_pose__struct.h
-- Symlinking: /home/mampane/Desktop/machine_tending_robot/ros2_kortex_ws/install/ros_ign_interfaces/include/ros_ign_interfaces/ros_ign_interfaces/srv/detail/set_entity_pose__type_support.h
-- Symlinking: /home/mampane/Desktop/machine_tending_robot/ros2_kortex_ws/install/ros_ign_interfaces/include/ros_ign_interfaces/ros_ign_interfaces/srv/detail/spawn_entity__functions.h
-- Symlinking: /home/mampane/Desktop/machine_tending_robot/ros2_kortex_ws/install/ros_ign_interfaces/include/ros_ign_interfaces/ros_ign_interfaces/srv/detail/spawn_entity__struct.h
-- Symlinking: /home/mampane/Desktop/machine_tending_robot/ros2_kortex_ws/install/ros_ign_interfaces/include/ros_ign_interfaces/ros_ign_interfaces/srv/detail/spawn_entity__type_support.h
-- Symlinking: /home/mampane/Desktop/machine_tending_robot/ros2_kortex_ws/install/ros_ign_interfaces/include/ros_ign_interfaces/ros_ign_interfaces/srv/set_entity_pose.h
-- Symlinking: /home/mampane/Desktop/machine_tending_robot/ros2_kortex_ws/install/ros_ign_interfaces/include/ros_ign_interfaces/ros_ign_interfaces/srv/spawn_entity.h
-- Symlinking: /home/mampane/Desktop/machine_tending_robot/ros2_kortex_ws/install/ros_ign_interfaces/share/ros_ign_interfaces/environment/library_path.sh
-- Symlinking: /home/mampane/Desktop/machine_tending_robot/ros2_kortex_ws/install/ros_ign_interfaces/share/ros_ign_interfaces/environment/library_path.dsv
-- Symlinking: /home/mampane/Desktop/machine_tending_robot/ros2_kortex_ws/install/ros_ign_interfaces/include/ros_ign_interfaces/ros_ign_interfaces/msg/detail/contact__rosidl_typesupport_fastrtps_c.h
-- Symlinking: /home/mampane/Desktop/machine_tending_robot/ros2_kortex_ws/install/ros_ign_interfaces/include/ros_ign_interfaces/ros_ign_interfaces/msg/detail/contacts__rosidl_typesupport_fastrtps_c.h
-- Symlinking: /home/mampane/Desktop/machine_tending_robot/ros2_kortex_ws/install/ros_ign_interfaces/include/ros_ign_interfaces/ros_ign_interfaces/msg/detail/entity__rosidl_typesupport_fastrtps_c.h
-- Symlinking: /home/mampane/Desktop/machine_tending_robot/ros2_kortex_ws/install/ros_ign_interfaces/include/ros_ign_interfaces/ros_ign_interfaces/msg/detail/entity_factory__rosidl_typesupport_fastrtps_c.h
-- Symlinking: /home/mampane/Desktop/machine_tending_robot/ros2_kortex_ws/install/ros_ign_interfaces/include/ros_ign_interfaces/ros_ign_interfaces/msg/detail/gui_camera__rosidl_typesupport_fastrtps_c.h
-- Symlinking: /home/mampane/Desktop/machine_tending_robot/ros2_kortex_ws/install/ros_ign_interfaces/include/ros_ign_interfaces/ros_ign_interfaces/msg/detail/joint_wrench__rosidl_typesupport_fastrtps_c.h
-- Symlinking: /home/mampane/Desktop/machine_tending_robot/ros2_kortex_ws/install/ros_ign_interfaces/include/ros_ign_interfaces/ros_ign_interfaces/msg/detail/light__rosidl_typesupport_fastrtps_c.h
-- Symlinking: /home/mampane/Desktop/machine_tending_robot/ros2_kortex_ws/install/ros_ign_interfaces/include/ros_ign_interfaces/ros_ign_interfaces/msg/detail/string_vec__rosidl_typesupport_fastrtps_c.h
-- Symlinking: /home/mampane/Desktop/machine_tending_robot/ros2_kortex_ws/install/ros_ign_interfaces/include/ros_ign_interfaces/ros_ign_interfaces/msg/detail/track_visual__rosidl_typesupport_fastrtps_c.h
-- Symlinking: /home/mampane/Desktop/machine_tending_robot/ros2_kortex_ws/install/ros_ign_interfaces/include/ros_ign_interfaces/ros_ign_interfaces/msg/detail/video_record__rosidl_typesupport_fastrtps_c.h
-- Symlinking: /home/mampane/Desktop/machine_tending_robot/ros2_kortex_ws/install/ros_ign_interfaces/include/ros_ign_interfaces/ros_ign_interfaces/msg/detail/world_control__rosidl_typesupport_fastrtps_c.h
-- Symlinking: /home/mampane/Desktop/machine_tending_robot/ros2_kortex_ws/install/ros_ign_interfaces/include/ros_ign_interfaces/ros_ign_interfaces/msg/detail/world_reset__rosidl_typesupport_fastrtps_c.h
-- Symlinking: /home/mampane/Desktop/machine_tending_robot/ros2_kortex_ws/install/ros_ign_interfaces/include/ros_ign_interfaces/ros_ign_interfaces/msg/rosidl_typesupport_fastrtps_c__visibility_control.h
-- Symlinking: /home/mampane/Desktop/machine_tending_robot/ros2_kortex_ws/install/ros_ign_interfaces/include/ros_ign_interfaces/ros_ign_interfaces/srv/detail/control_world__rosidl_typesupport_fastrtps_c.h
-- Symlinking: /home/mampane/Desktop/machine_tending_robot/ros2_kortex_ws/install/ros_ign_interfaces/include/ros_ign_interfaces/ros_ign_interfaces/srv/detail/delete_entity__rosidl_typesupport_fastrtps_c.h
-- Symlinking: /home/mampane/Desktop/machine_tending_robot/ros2_kortex_ws/install/ros_ign_interfaces/include/ros_ign_interfaces/ros_ign_interfaces/srv/detail/set_entity_pose__rosidl_typesupport_fastrtps_c.h
-- Symlinking: /home/mampane/Desktop/machine_tending_robot/ros2_kortex_ws/install/ros_ign_interfaces/include/ros_ign_interfaces/ros_ign_interfaces/srv/detail/spawn_entity__rosidl_typesupport_fastrtps_c.h
-- Symlinking: /home/mampane/Desktop/machine_tending_robot/ros2_kortex_ws/install/ros_ign_interfaces/include/ros_ign_interfaces/ros_ign_interfaces/msg/contact.hpp
-- Symlinking: /home/mampane/Desktop/machine_tending_robot/ros2_kortex_ws/install/ros_ign_interfaces/include/ros_ign_interfaces/ros_ign_interfaces/msg/contacts.hpp
-- Symlinking: /home/mampane/Desktop/machine_tending_robot/ros2_kortex_ws/install/ros_ign_interfaces/include/ros_ign_interfaces/ros_ign_interfaces/msg/detail/contact__builder.hpp
-- Symlinking: /home/mampane/Desktop/machine_tending_robot/ros2_kortex_ws/install/ros_ign_interfaces/include/ros_ign_interfaces/ros_ign_interfaces/msg/detail/contact__struct.hpp
-- Symlinking: /home/mampane/Desktop/machine_tending_robot/ros2_kortex_ws/install/ros_ign_interfaces/include/ros_ign_interfaces/ros_ign_interfaces/msg/detail/contact__traits.hpp
-- Symlinking: /home/mampane/Desktop/machine_tending_robot/ros2_kortex_ws/install/ros_ign_interfaces/include/ros_ign_interfaces/ros_ign_interfaces/msg/detail/contact__type_support.hpp
-- Symlinking: /home/mampane/Desktop/machine_tending_robot/ros2_kortex_ws/install/ros_ign_interfaces/include/ros_ign_interfaces/ros_ign_interfaces/msg/detail/contacts__builder.hpp
-- Symlinking: /home/mampane/Desktop/machine_tending_robot/ros2_kortex_ws/install/ros_ign_interfaces/include/ros_ign_interfaces/ros_ign_interfaces/msg/detail/contacts__struct.hpp
-- Symlinking: /home/mampane/Desktop/machine_tending_robot/ros2_kortex_ws/install/ros_ign_interfaces/include/ros_ign_interfaces/ros_ign_interfaces/msg/detail/contacts__traits.hpp
-- Symlinking: /home/mampane/Desktop/machine_tending_robot/ros2_kortex_ws/install/ros_ign_interfaces/include/ros_ign_interfaces/ros_ign_interfaces/msg/detail/contacts__type_support.hpp
-- Symlinking: /home/mampane/Desktop/machine_tending_robot/ros2_kortex_ws/install/ros_ign_interfaces/include/ros_ign_interfaces/ros_ign_interfaces/msg/detail/entity__builder.hpp
-- Symlinking: /home/mampane/Desktop/machine_tending_robot/ros2_kortex_ws/install/ros_ign_interfaces/include/ros_ign_interfaces/ros_ign_interfaces/msg/detail/entity__struct.hpp
-- Symlinking: /home/mampane/Desktop/machine_tending_robot/ros2_kortex_ws/install/ros_ign_interfaces/include/ros_ign_interfaces/ros_ign_interfaces/msg/detail/entity__traits.hpp
-- Symlinking: /home/mampane/Desktop/machine_tending_robot/ros2_kortex_ws/install/ros_ign_interfaces/include/ros_ign_interfaces/ros_ign_interfaces/msg/detail/entity__type_support.hpp
-- Symlinking: /home/mampane/Desktop/machine_tending_robot/ros2_kortex_ws/install/ros_ign_interfaces/include/ros_ign_interfaces/ros_ign_interfaces/msg/detail/entity_factory__builder.hpp
-- Symlinking: /home/mampane/Desktop/machine_tending_robot/ros2_kortex_ws/install/ros_ign_interfaces/include/ros_ign_interfaces/ros_ign_interfaces/msg/detail/entity_factory__struct.hpp
-- Symlinking: /home/mampane/Desktop/machine_tending_robot/ros2_kortex_ws/install/ros_ign_interfaces/include/ros_ign_interfaces/ros_ign_interfaces/msg/detail/entity_factory__traits.hpp
-- Symlinking: /home/mampane/Desktop/machine_tending_robot/ros2_kortex_ws/install/ros_ign_interfaces/include/ros_ign_interfaces/ros_ign_interfaces/msg/detail/entity_factory__type_support.hpp
-- Symlinking: /home/mampane/Desktop/machine_tending_robot/ros2_kortex_ws/install/ros_ign_interfaces/include/ros_ign_interfaces/ros_ign_interfaces/msg/detail/gui_camera__builder.hpp
-- Symlinking: /home/mampane/Desktop/machine_tending_robot/ros2_kortex_ws/install/ros_ign_interfaces/include/ros_ign_interfaces/ros_ign_interfaces/msg/detail/gui_camera__struct.hpp
-- Symlinking: /home/mampane/Desktop/machine_tending_robot/ros2_kortex_ws/install/ros_ign_interfaces/include/ros_ign_interfaces/ros_ign_interfaces/msg/detail/gui_camera__traits.hpp
-- Symlinking: /home/mampane/Desktop/machine_tending_robot/ros2_kortex_ws/install/ros_ign_interfaces/include/ros_ign_interfaces/ros_ign_interfaces/msg/detail/gui_camera__type_support.hpp
-- Symlinking: /home/mampane/Desktop/machine_tending_robot/ros2_kortex_ws/install/ros_ign_interfaces/include/ros_ign_interfaces/ros_ign_interfaces/msg/detail/joint_wrench__builder.hpp
-- Symlinking: /home/mampane/Desktop/machine_tending_robot/ros2_kortex_ws/install/ros_ign_interfaces/include/ros_ign_interfaces/ros_ign_interfaces/msg/detail/joint_wrench__struct.hpp
-- Symlinking: /home/mampane/Desktop/machine_tending_robot/ros2_kortex_ws/install/ros_ign_interfaces/include/ros_ign_interfaces/ros_ign_interfaces/msg/detail/joint_wrench__traits.hpp
-- Symlinking: /home/mampane/Desktop/machine_tending_robot/ros2_kortex_ws/install/ros_ign_interfaces/include/ros_ign_interfaces/ros_ign_interfaces/msg/detail/joint_wrench__type_support.hpp
-- Symlinking: /home/mampane/Desktop/machine_tending_robot/ros2_kortex_ws/install/ros_ign_interfaces/include/ros_ign_interfaces/ros_ign_interfaces/msg/detail/light__builder.hpp
-- Symlinking: /home/mampane/Desktop/machine_tending_robot/ros2_kortex_ws/install/ros_ign_interfaces/include/ros_ign_interfaces/ros_ign_interfaces/msg/detail/light__struct.hpp
-- Symlinking: /home/mampane/Desktop/machine_tending_robot/ros2_kortex_ws/install/ros_ign_interfaces/include/ros_ign_interfaces/ros_ign_interfaces/msg/detail/light__traits.hpp
-- Symlinking: /home/mampane/Desktop/machine_tending_robot/ros2_kortex_ws/install/ros_ign_interfaces/include/ros_ign_interfaces/ros_ign_interfaces/msg/detail/light__type_support.hpp
-- Symlinking: /home/mampane/Desktop/machine_tending_robot/ros2_kortex_ws/install/ros_ign_interfaces/include/ros_ign_interfaces/ros_ign_interfaces/msg/detail/string_vec__builder.hpp
-- Symlinking: /home/mampane/Desktop/machine_tending_robot/ros2_kortex_ws/install/ros_ign_interfaces/include/ros_ign_interfaces/ros_ign_interfaces/msg/detail/string_vec__struct.hpp
-- Symlinking: /home/mampane/Desktop/machine_tending_robot/ros2_kortex_ws/install/ros_ign_interfaces/include/ros_ign_interfaces/ros_ign_interfaces/msg/detail/string_vec__traits.hpp
-- Symlinking: /home/mampane/Desktop/machine_tending_robot/ros2_kortex_ws/install/ros_ign_interfaces/include/ros_ign_interfaces/ros_ign_interfaces/msg/detail/string_vec__type_support.hpp
-- Symlinking: /home/mampane/Desktop/machine_tending_robot/ros2_kortex_ws/install/ros_ign_interfaces/include/ros_ign_interfaces/ros_ign_interfaces/msg/detail/track_visual__builder.hpp
-- Symlinking: /home/mampane/Desktop/machine_tending_robot/ros2_kortex_ws/install/ros_ign_interfaces/include/ros_ign_interfaces/ros_ign_interfaces/msg/detail/track_visual__struct.hpp
-- Symlinking: /home/mampane/Desktop/machine_tending_robot/ros2_kortex_ws/install/ros_ign_interfaces/include/ros_ign_interfaces/ros_ign_interfaces/msg/detail/track_visual__traits.hpp
-- Symlinking: /home/mampane/Desktop/machine_tending_robot/ros2_kortex_ws/install/ros_ign_interfaces/include/ros_ign_interfaces/ros_ign_interfaces/msg/detail/track_visual__type_support.hpp
-- Symlinking: /home/mampane/Desktop/machine_tending_robot/ros2_kortex_ws/install/ros_ign_interfaces/include/ros_ign_interfaces/ros_ign_interfaces/msg/detail/video_record__builder.hpp
-- Symlinking: /home/mampane/Desktop/machine_tending_robot/ros2_kortex_ws/install/ros_ign_interfaces/include/ros_ign_interfaces/ros_ign_interfaces/msg/detail/video_record__struct.hpp
-- Symlinking: /home/mampane/Desktop/machine_tending_robot/ros2_kortex_ws/install/ros_ign_interfaces/include/ros_ign_interfaces/ros_ign_interfaces/msg/detail/video_record__traits.hpp
-- Symlinking: /home/mampane/Desktop/machine_tending_robot/ros2_kortex_ws/install/ros_ign_interfaces/include/ros_ign_interfaces/ros_ign_interfaces/msg/detail/video_record__type_support.hpp
-- Symlinking: /home/mampane/Desktop/machine_tending_robot/ros2_kortex_ws/install/ros_ign_interfaces/include/ros_ign_interfaces/ros_ign_interfaces/msg/detail/world_control__builder.hpp
-- Symlinking: /home/mampane/Desktop/machine_tending_robot/ros2_kortex_ws/install/ros_ign_interfaces/include/ros_ign_interfaces/ros_ign_interfaces/msg/detail/world_control__struct.hpp
-- Symlinking: /home/mampane/Desktop/machine_tending_robot/ros2_kortex_ws/install/ros_ign_interfaces/include/ros_ign_interfaces/ros_ign_interfaces/msg/detail/world_control__traits.hpp
-- Symlinking: /home/mampane/Desktop/machine_tending_robot/ros2_kortex_ws/install/ros_ign_interfaces/include/ros_ign_interfaces/ros_ign_interfaces/msg/detail/world_control__type_support.hpp
-- Symlinking: /home/mampane/Desktop/machine_tending_robot/ros2_kortex_ws/install/ros_ign_interfaces/include/ros_ign_interfaces/ros_ign_interfaces/msg/detail/world_reset__builder.hpp
-- Symlinking: /home/mampane/Desktop/machine_tending_robot/ros2_kortex_ws/install/ros_ign_interfaces/include/ros_ign_interfaces/ros_ign_interfaces/msg/detail/world_reset__struct.hpp
-- Symlinking: /home/mampane/Desktop/machine_tending_robot/ros2_kortex_ws/install/ros_ign_interfaces/include/ros_ign_interfaces/ros_ign_interfaces/msg/detail/world_reset__traits.hpp
-- Symlinking: /home/mampane/Desktop/machine_tending_robot/ros2_kortex_ws/install/ros_ign_interfaces/include/ros_ign_interfaces/ros_ign_interfaces/msg/detail/world_reset__type_support.hpp
-- Symlinking: /home/mampane/Desktop/machine_tending_robot/ros2_kortex_ws/install/ros_ign_interfaces/include/ros_ign_interfaces/ros_ign_interfaces/msg/entity.hpp
-- Symlinking: /home/mampane/Desktop/machine_tending_robot/ros2_kortex_ws/install/ros_ign_interfaces/include/ros_ign_interfaces/ros_ign_interfaces/msg/entity_factory.hpp
-- Symlinking: /home/mampane/Desktop/machine_tending_robot/ros2_kortex_ws/install/ros_ign_interfaces/include/ros_ign_interfaces/ros_ign_interfaces/msg/gui_camera.hpp
-- Symlinking: /home/mampane/Desktop/machine_tending_robot/ros2_kortex_ws/install/ros_ign_interfaces/include/ros_ign_interfaces/ros_ign_interfaces/msg/joint_wrench.hpp
-- Symlinking: /home/mampane/Desktop/machine_tending_robot/ros2_kortex_ws/install/ros_ign_interfaces/include/ros_ign_interfaces/ros_ign_interfaces/msg/light.hpp
-- Symlinking: /home/mampane/Desktop/machine_tending_robot/ros2_kortex_ws/install/ros_ign_interfaces/include/ros_ign_interfaces/ros_ign_interfaces/msg/rosidl_generator_cpp__visibility_control.hpp
-- Symlinking: /home/mampane/Desktop/machine_tending_robot/ros2_kortex_ws/install/ros_ign_interfaces/include/ros_ign_interfaces/ros_ign_interfaces/msg/string_vec.hpp
-- Symlinking: /home/mampane/Desktop/machine_tending_robot/ros2_kortex_ws/install/ros_ign_interfaces/include/ros_ign_interfaces/ros_ign_interfaces/msg/track_visual.hpp
-- Symlinking: /home/mampane/Desktop/machine_tending_robot/ros2_kortex_ws/install/ros_ign_interfaces/include/ros_ign_interfaces/ros_ign_interfaces/msg/video_record.hpp
-- Symlinking: /home/mampane/Desktop/machine_tending_robot/ros2_kortex_ws/install/ros_ign_interfaces/include/ros_ign_interfaces/ros_ign_interfaces/msg/world_control.hpp
-- Symlinking: /home/mampane/Desktop/machine_tending_robot/ros2_kortex_ws/install/ros_ign_interfaces/include/ros_ign_interfaces/ros_ign_interfaces/msg/world_reset.hpp
-- Symlinking: /home/mampane/Desktop/machine_tending_robot/ros2_kortex_ws/install/ros_ign_interfaces/include/ros_ign_interfaces/ros_ign_interfaces/srv/control_world.hpp
-- Symlinking: /home/mampane/Desktop/machine_tending_robot/ros2_kortex_ws/install/ros_ign_interfaces/include/ros_ign_interfaces/ros_ign_interfaces/srv/delete_entity.hpp
-- Symlinking: /home/mampane/Desktop/machine_tending_robot/ros2_kortex_ws/install/ros_ign_interfaces/include/ros_ign_interfaces/ros_ign_interfaces/srv/detail/control_world__builder.hpp
-- Symlinking: /home/mampane/Desktop/machine_tending_robot/ros2_kortex_ws/install/ros_ign_interfaces/include/ros_ign_interfaces/ros_ign_interfaces/srv/detail/control_world__struct.hpp
-- Symlinking: /home/mampane/Desktop/machine_tending_robot/ros2_kortex_ws/install/ros_ign_interfaces/include/ros_ign_interfaces/ros_ign_interfaces/srv/detail/control_world__traits.hpp
-- Symlinking: /home/mampane/Desktop/machine_tending_robot/ros2_kortex_ws/install/ros_ign_interfaces/include/ros_ign_interfaces/ros_ign_interfaces/srv/detail/control_world__type_support.hpp
-- Symlinking: /home/mampane/Desktop/machine_tending_robot/ros2_kortex_ws/install/ros_ign_interfaces/include/ros_ign_interfaces/ros_ign_interfaces/srv/detail/delete_entity__builder.hpp
-- Symlinking: /home/mampane/Desktop/machine_tending_robot/ros2_kortex_ws/install/ros_ign_interfaces/include/ros_ign_interfaces/ros_ign_interfaces/srv/detail/delete_entity__struct.hpp
-- Symlinking: /home/mampane/Desktop/machine_tending_robot/ros2_kortex_ws/install/ros_ign_interfaces/include/ros_ign_interfaces/ros_ign_interfaces/srv/detail/delete_entity__traits.hpp
-- Symlinking: /home/mampane/Desktop/machine_tending_robot/ros2_kortex_ws/install/ros_ign_interfaces/include/ros_ign_interfaces/ros_ign_interfaces/srv/detail/delete_entity__type_support.hpp
-- Symlinking: /home/mampane/Desktop/machine_tending_robot/ros2_kortex_ws/install/ros_ign_interfaces/include/ros_ign_interfaces/ros_ign_interfaces/srv/detail/set_entity_pose__builder.hpp
-- Symlinking: /home/mampane/Desktop/machine_tending_robot/ros2_kortex_ws/install/ros_ign_interfaces/include/ros_ign_interfaces/ros_ign_interfaces/srv/detail/set_entity_pose__struct.hpp
-- Symlinking: /home/mampane/Desktop/machine_tending_robot/ros2_kortex_ws/install/ros_ign_interfaces/include/ros_ign_interfaces/ros_ign_interfaces/srv/detail/set_entity_pose__traits.hpp
-- Symlinking: /home/mampane/Desktop/machine_tending_robot/ros2_kortex_ws/install/ros_ign_interfaces/include/ros_ign_interfaces/ros_ign_interfaces/srv/detail/set_entity_pose__type_support.hpp
-- Symlinking: /home/mampane/Desktop/machine_tending_robot/ros2_kortex_ws/install/ros_ign_interfaces/include/ros_ign_interfaces/ros_ign_interfaces/srv/detail/spawn_entity__builder.hpp
-- Symlinking: /home/mampane/Desktop/machine_tending_robot/ros2_kortex_ws/install/ros_ign_interfaces/include/ros_ign_interfaces/ros_ign_interfaces/srv/detail/spawn_entity__struct.hpp
-- Symlinking: /home/mampane/Desktop/machine_tending_robot/ros2_kortex_ws/install/ros_ign_interfaces/include/ros_ign_interfaces/ros_ign_interfaces/srv/detail/spawn_entity__traits.hpp
-- Symlinking: /home/mampane/Desktop/machine_tending_robot/ros2_kortex_ws/install/ros_ign_interfaces/include/ros_ign_interfaces/ros_ign_interfaces/srv/detail/spawn_entity__type_support.hpp
-- Symlinking: /home/mampane/Desktop/machine_tending_robot/ros2_kortex_ws/install/ros_ign_interfaces/include/ros_ign_interfaces/ros_ign_interfaces/srv/set_entity_pose.hpp
-- Symlinking: /home/mampane/Desktop/machine_tending_robot/ros2_kortex_ws/install/ros_ign_interfaces/include/ros_ign_interfaces/ros_ign_interfaces/srv/spawn_entity.hpp
-- Symlinking: /home/mampane/Desktop/machine_tending_robot/ros2_kortex_ws/install/ros_ign_interfaces/include/ros_ign_interfaces/ros_ign_interfaces/msg/detail/contact__rosidl_typesupport_fastrtps_cpp.hpp
-- Symlinking: /home/mampane/Desktop/machine_tending_robot/ros2_kortex_ws/install/ros_ign_interfaces/include/ros_ign_interfaces/ros_ign_interfaces/msg/detail/contacts__rosidl_typesupport_fastrtps_cpp.hpp
-- Symlinking: /home/mampane/Desktop/machine_tending_robot/ros2_kortex_ws/install/ros_ign_interfaces/include/ros_ign_interfaces/ros_ign_interfaces/msg/detail/entity__rosidl_typesupport_fastrtps_cpp.hpp
-- Symlinking: /home/mampane/Desktop/machine_tending_robot/ros2_kortex_ws/install/ros_ign_interfaces/include/ros_ign_interfaces/ros_ign_interfaces/msg/detail/entity_factory__rosidl_typesupport_fastrtps_cpp.hpp
-- Symlinking: /home/mampane/Desktop/machine_tending_robot/ros2_kortex_ws/install/ros_ign_interfaces/include/ros_ign_interfaces/ros_ign_interfaces/msg/detail/gui_camera__rosidl_typesupport_fastrtps_cpp.hpp
-- Symlinking: /home/mampane/Desktop/machine_tending_robot/ros2_kortex_ws/install/ros_ign_interfaces/include/ros_ign_interfaces/ros_ign_interfaces/msg/detail/joint_wrench__rosidl_typesupport_fastrtps_cpp.hpp
-- Symlinking: /home/mampane/Desktop/machine_tending_robot/ros2_kortex_ws/install/ros_ign_interfaces/include/ros_ign_interfaces/ros_ign_interfaces/msg/detail/light__rosidl_typesupport_fastrtps_cpp.hpp
-- Symlinking: /home/mampane/Desktop/machine_tending_robot/ros2_kortex_ws/install/ros_ign_interfaces/include/ros_ign_interfaces/ros_ign_interfaces/msg/detail/string_vec__rosidl_typesupport_fastrtps_cpp.hpp
-- Symlinking: /home/mampane/Desktop/machine_tending_robot/ros2_kortex_ws/install/ros_ign_interfaces/include/ros_ign_interfaces/ros_ign_interfaces/msg/detail/track_visual__rosidl_typesupport_fastrtps_cpp.hpp
-- Symlinking: /home/mampane/Desktop/machine_tending_robot/ros2_kortex_ws/install/ros_ign_interfaces/include/ros_ign_interfaces/ros_ign_interfaces/msg/detail/video_record__rosidl_typesupport_fastrtps_cpp.hpp
-- Symlinking: /home/mampane/Desktop/machine_tending_robot/ros2_kortex_ws/install/ros_ign_interfaces/include/ros_ign_interfaces/ros_ign_interfaces/msg/detail/world_control__rosidl_typesupport_fastrtps_cpp.hpp
-- Symlinking: /home/mampane/Desktop/machine_tending_robot/ros2_kortex_ws/install/ros_ign_interfaces/include/ros_ign_interfaces/ros_ign_interfaces/msg/detail/world_reset__rosidl_typesupport_fastrtps_cpp.hpp
-- Symlinking: /home/mampane/Desktop/machine_tending_robot/ros2_kortex_ws/install/ros_ign_interfaces/include/ros_ign_interfaces/ros_ign_interfaces/msg/rosidl_typesupport_fastrtps_cpp__visibility_control.h
-- Symlinking: /home/mampane/Desktop/machine_tending_robot/ros2_kortex_ws/install/ros_ign_interfaces/include/ros_ign_interfaces/ros_ign_interfaces/srv/detail/control_world__rosidl_typesupport_fastrtps_cpp.hpp
-- Symlinking: /home/mampane/Desktop/machine_tending_robot/ros2_kortex_ws/install/ros_ign_interfaces/include/ros_ign_interfaces/ros_ign_interfaces/srv/detail/delete_entity__rosidl_typesupport_fastrtps_cpp.hpp
-- Symlinking: /home/mampane/Desktop/machine_tending_robot/ros2_kortex_ws/install/ros_ign_interfaces/include/ros_ign_interfaces/ros_ign_interfaces/srv/detail/set_entity_pose__rosidl_typesupport_fastrtps_cpp.hpp
-- Symlinking: /home/mampane/Desktop/machine_tending_robot/ros2_kortex_ws/install/ros_ign_interfaces/include/ros_ign_interfaces/ros_ign_interfaces/srv/detail/spawn_entity__rosidl_typesupport_fastrtps_cpp.hpp
-- Symlinking: /home/mampane/Desktop/machine_tending_robot/ros2_kortex_ws/install/ros_ign_interfaces/include/ros_ign_interfaces/ros_ign_interfaces/msg/detail/contact__rosidl_typesupport_introspection_c.h
-- Symlinking: /home/mampane/Desktop/machine_tending_robot/ros2_kortex_ws/install/ros_ign_interfaces/include/ros_ign_interfaces/ros_ign_interfaces/msg/detail/contacts__rosidl_typesupport_introspection_c.h
-- Symlinking: /home/mampane/Desktop/machine_tending_robot/ros2_kortex_ws/install/ros_ign_interfaces/include/ros_ign_interfaces/ros_ign_interfaces/msg/detail/entity__rosidl_typesupport_introspection_c.h
-- Symlinking: /home/mampane/Desktop/machine_tending_robot/ros2_kortex_ws/install/ros_ign_interfaces/include/ros_ign_interfaces/ros_ign_interfaces/msg/detail/entity_factory__rosidl_typesupport_introspection_c.h
-- Symlinking: /home/mampane/Desktop/machine_tending_robot/ros2_kortex_ws/install/ros_ign_interfaces/include/ros_ign_interfaces/ros_ign_interfaces/msg/detail/gui_camera__rosidl_typesupport_introspection_c.h
-- Symlinking: /home/mampane/Desktop/machine_tending_robot/ros2_kortex_ws/install/ros_ign_interfaces/include/ros_ign_interfaces/ros_ign_interfaces/msg/detail/joint_wrench__rosidl_typesupport_introspection_c.h
-- Symlinking: /home/mampane/Desktop/machine_tending_robot/ros2_kortex_ws/install/ros_ign_interfaces/include/ros_ign_interfaces/ros_ign_interfaces/msg/detail/light__rosidl_typesupport_introspection_c.h
-- Symlinking: /home/mampane/Desktop/machine_tending_robot/ros2_kortex_ws/install/ros_ign_interfaces/include/ros_ign_interfaces/ros_ign_interfaces/msg/detail/string_vec__rosidl_typesupport_introspection_c.h
-- Symlinking: /home/mampane/Desktop/machine_tending_robot/ros2_kortex_ws/install/ros_ign_interfaces/include/ros_ign_interfaces/ros_ign_interfaces/msg/detail/track_visual__rosidl_typesupport_introspection_c.h
-- Symlinking: /home/mampane/Desktop/machine_tending_robot/ros2_kortex_ws/install/ros_ign_interfaces/include/ros_ign_interfaces/ros_ign_interfaces/msg/detail/video_record__rosidl_typesupport_introspection_c.h
-- Symlinking: /home/mampane/Desktop/machine_tending_robot/ros2_kortex_ws/install/ros_ign_interfaces/include/ros_ign_interfaces/ros_ign_interfaces/msg/detail/world_control__rosidl_typesupport_introspection_c.h
-- Symlinking: /home/mampane/Desktop/machine_tending_robot/ros2_kortex_ws/install/ros_ign_interfaces/include/ros_ign_interfaces/ros_ign_interfaces/msg/detail/world_reset__rosidl_typesupport_introspection_c.h
-- Symlinking: /home/mampane/Desktop/machine_tending_robot/ros2_kortex_ws/install/ros_ign_interfaces/include/ros_ign_interfaces/ros_ign_interfaces/msg/rosidl_typesupport_introspection_c__visibility_control.h
-- Symlinking: /home/mampane/Desktop/machine_tending_robot/ros2_kortex_ws/install/ros_ign_interfaces/include/ros_ign_interfaces/ros_ign_interfaces/srv/detail/control_world__rosidl_typesupport_introspection_c.h
-- Symlinking: /home/mampane/Desktop/machine_tending_robot/ros2_kortex_ws/install/ros_ign_interfaces/include/ros_ign_interfaces/ros_ign_interfaces/srv/detail/delete_entity__rosidl_typesupport_introspection_c.h
-- Symlinking: /home/mampane/Desktop/machine_tending_robot/ros2_kortex_ws/install/ros_ign_interfaces/include/ros_ign_interfaces/ros_ign_interfaces/srv/detail/set_entity_pose__rosidl_typesupport_introspection_c.h
-- Symlinking: /home/mampane/Desktop/machine_tending_robot/ros2_kortex_ws/install/ros_ign_interfaces/include/ros_ign_interfaces/ros_ign_interfaces/srv/detail/spawn_entity__rosidl_typesupport_introspection_c.h
-- Symlinking: /home/mampane/Desktop/machine_tending_robot/ros2_kortex_ws/install/ros_ign_interfaces/include/ros_ign_interfaces/ros_ign_interfaces/msg/detail/contact__rosidl_typesupport_introspection_cpp.hpp
-- Symlinking: /home/mampane/Desktop/machine_tending_robot/ros2_kortex_ws/install/ros_ign_interfaces/include/ros_ign_interfaces/ros_ign_interfaces/msg/detail/contacts__rosidl_typesupport_introspection_cpp.hpp
-- Symlinking: /home/mampane/Desktop/machine_tending_robot/ros2_kortex_ws/install/ros_ign_interfaces/include/ros_ign_interfaces/ros_ign_interfaces/msg/detail/entity__rosidl_typesupport_introspection_cpp.hpp
-- Symlinking: /home/mampane/Desktop/machine_tending_robot/ros2_kortex_ws/install/ros_ign_interfaces/include/ros_ign_interfaces/ros_ign_interfaces/msg/detail/entity_factory__rosidl_typesupport_introspection_cpp.hpp
-- Symlinking: /home/mampane/Desktop/machine_tending_robot/ros2_kortex_ws/install/ros_ign_interfaces/include/ros_ign_interfaces/ros_ign_interfaces/msg/detail/gui_camera__rosidl_typesupport_introspection_cpp.hpp
-- Symlinking: /home/mampane/Desktop/machine_tending_robot/ros2_kortex_ws/install/ros_ign_interfaces/include/ros_ign_interfaces/ros_ign_interfaces/msg/detail/joint_wrench__rosidl_typesupport_introspection_cpp.hpp
-- Symlinking: /home/mampane/Desktop/machine_tending_robot/ros2_kortex_ws/install/ros_ign_interfaces/include/ros_ign_interfaces/ros_ign_interfaces/msg/detail/light__rosidl_typesupport_introspection_cpp.hpp
-- Symlinking: /home/mampane/Desktop/machine_tending_robot/ros2_kortex_ws/install/ros_ign_interfaces/include/ros_ign_interfaces/ros_ign_interfaces/msg/detail/string_vec__rosidl_typesupport_introspection_cpp.hpp
-- Symlinking: /home/mampane/Desktop/machine_tending_robot/ros2_kortex_ws/install/ros_ign_interfaces/include/ros_ign_interfaces/ros_ign_interfaces/msg/detail/track_visual__rosidl_typesupport_introspection_cpp.hpp
-- Symlinking: /home/mampane/Desktop/machine_tending_robot/ros2_kortex_ws/install/ros_ign_interfaces/include/ros_ign_interfaces/ros_ign_interfaces/msg/detail/video_record__rosidl_typesupport_introspection_cpp.hpp
-- Symlinking: /home/mampane/Desktop/machine_tending_robot/ros2_kortex_ws/install/ros_ign_interfaces/include/ros_ign_interfaces/ros_ign_interfaces/msg/detail/world_control__rosidl_typesupport_introspection_cpp.hpp
-- Symlinking: /home/mampane/Desktop/machine_tending_robot/ros2_kortex_ws/install/ros_ign_interfaces/include/ros_ign_interfaces/ros_ign_interfaces/msg/detail/world_reset__rosidl_typesupport_introspection_cpp.hpp
-- Symlinking: /home/mampane/Desktop/machine_tending_robot/ros2_kortex_ws/install/ros_ign_interfaces/include/ros_ign_interfaces/ros_ign_interfaces/srv/detail/control_world__rosidl_typesupport_introspection_cpp.hpp
-- Symlinking: /home/mampane/Desktop/machine_tending_robot/ros2_kortex_ws/install/ros_ign_interfaces/include/ros_ign_interfaces/ros_ign_interfaces/srv/detail/delete_entity__rosidl_typesupport_introspection_cpp.hpp
-- Symlinking: /home/mampane/Desktop/machine_tending_robot/ros2_kortex_ws/install/ros_ign_interfaces/include/ros_ign_interfaces/ros_ign_interfaces/srv/detail/set_entity_pose__rosidl_typesupport_introspection_cpp.hpp
-- Symlinking: /home/mampane/Desktop/machine_tending_robot/ros2_kortex_ws/install/ros_ign_interfaces/include/ros_ign_interfaces/ros_ign_interfaces/srv/detail/spawn_entity__rosidl_typesupport_introspection_cpp.hpp
-- Symlinking: /home/mampane/Desktop/machine_tending_robot/ros2_kortex_ws/install/ros_ign_interfaces/share/ros_ign_interfaces/environment/pythonpath.sh
-- Symlinking: /home/mampane/Desktop/machine_tending_robot/ros2_kortex_ws/install/ros_ign_interfaces/share/ros_ign_interfaces/environment/pythonpath.dsv
-- Symlinking: /home/mampane/Desktop/machine_tending_robot/ros2_kortex_ws/install/ros_ign_interfaces/local/lib/python3.10/dist-packages/ros_ign_interfaces-0.244.16-py3.10.egg-info/PKG-INFO
-- Symlinking: /home/mampane/Desktop/machine_tending_robot/ros2_kortex_ws/install/ros_ign_interfaces/local/lib/python3.10/dist-packages/ros_ign_interfaces-0.244.16-py3.10.egg-info/SOURCES.txt
-- Symlinking: /home/mampane/Desktop/machine_tending_robot/ros2_kortex_ws/install/ros_ign_interfaces/local/lib/python3.10/dist-packages/ros_ign_interfaces-0.244.16-py3.10.egg-info/dependency_links.txt
-- Symlinking: /home/mampane/Desktop/machine_tending_robot/ros2_kortex_ws/install/ros_ign_interfaces/local/lib/python3.10/dist-packages/ros_ign_interfaces-0.244.16-py3.10.egg-info/top_level.txt
-- Symlinking: /home/mampane/Desktop/machine_tending_robot/ros2_kortex_ws/install/ros_ign_interfaces/local/lib/python3.10/dist-packages/ros_ign_interfaces/__init__.py
-- Symlinking: /home/mampane/Desktop/machine_tending_robot/ros2_kortex_ws/install/ros_ign_interfaces/local/lib/python3.10/dist-packages/ros_ign_interfaces/_ros_ign_interfaces_s.ep.rosidl_typesupport_c.c
-- Symlinking: /home/mampane/Desktop/machine_tending_robot/ros2_kortex_ws/install/ros_ign_interfaces/local/lib/python3.10/dist-packages/ros_ign_interfaces/_ros_ign_interfaces_s.ep.rosidl_typesupport_fastrtps_c.c
-- Symlinking: /home/mampane/Desktop/machine_tending_robot/ros2_kortex_ws/install/ros_ign_interfaces/local/lib/python3.10/dist-packages/ros_ign_interfaces/_ros_ign_interfaces_s.ep.rosidl_typesupport_introspection_c.c
-- Symlinking: /home/mampane/Desktop/machine_tending_robot/ros2_kortex_ws/install/ros_ign_interfaces/local/lib/python3.10/dist-packages/ros_ign_interfaces/libros_ign_interfaces__rosidl_generator_py.so
-- Symlinking: /home/mampane/Desktop/machine_tending_robot/ros2_kortex_ws/install/ros_ign_interfaces/local/lib/python3.10/dist-packages/ros_ign_interfaces/msg/__init__.py
-- Symlinking: /home/mampane/Desktop/machine_tending_robot/ros2_kortex_ws/install/ros_ign_interfaces/local/lib/python3.10/dist-packages/ros_ign_interfaces/msg/_contact.py
-- Symlinking: /home/mampane/Desktop/machine_tending_robot/ros2_kortex_ws/install/ros_ign_interfaces/local/lib/python3.10/dist-packages/ros_ign_interfaces/msg/_contact_s.c
-- Symlinking: /home/mampane/Desktop/machine_tending_robot/ros2_kortex_ws/install/ros_ign_interfaces/local/lib/python3.10/dist-packages/ros_ign_interfaces/msg/_contacts.py
-- Symlinking: /home/mampane/Desktop/machine_tending_robot/ros2_kortex_ws/install/ros_ign_interfaces/local/lib/python3.10/dist-packages/ros_ign_interfaces/msg/_contacts_s.c
-- Symlinking: /home/mampane/Desktop/machine_tending_robot/ros2_kortex_ws/install/ros_ign_interfaces/local/lib/python3.10/dist-packages/ros_ign_interfaces/msg/_entity.py
-- Symlinking: /home/mampane/Desktop/machine_tending_robot/ros2_kortex_ws/install/ros_ign_interfaces/local/lib/python3.10/dist-packages/ros_ign_interfaces/msg/_entity_factory.py
-- Symlinking: /home/mampane/Desktop/machine_tending_robot/ros2_kortex_ws/install/ros_ign_interfaces/local/lib/python3.10/dist-packages/ros_ign_interfaces/msg/_entity_factory_s.c
-- Symlinking: /home/mampane/Desktop/machine_tending_robot/ros2_kortex_ws/install/ros_ign_interfaces/local/lib/python3.10/dist-packages/ros_ign_interfaces/msg/_entity_s.c
-- Symlinking: /home/mampane/Desktop/machine_tending_robot/ros2_kortex_ws/install/ros_ign_interfaces/local/lib/python3.10/dist-packages/ros_ign_interfaces/msg/_gui_camera.py
-- Symlinking: /home/mampane/Desktop/machine_tending_robot/ros2_kortex_ws/install/ros_ign_interfaces/local/lib/python3.10/dist-packages/ros_ign_interfaces/msg/_gui_camera_s.c
-- Symlinking: /home/mampane/Desktop/machine_tending_robot/ros2_kortex_ws/install/ros_ign_interfaces/local/lib/python3.10/dist-packages/ros_ign_interfaces/msg/_joint_wrench.py
-- Symlinking: /home/mampane/Desktop/machine_tending_robot/ros2_kortex_ws/install/ros_ign_interfaces/local/lib/python3.10/dist-packages/ros_ign_interfaces/msg/_joint_wrench_s.c
-- Symlinking: /home/mampane/Desktop/machine_tending_robot/ros2_kortex_ws/install/ros_ign_interfaces/local/lib/python3.10/dist-packages/ros_ign_interfaces/msg/_light.py
-- Symlinking: /home/mampane/Desktop/machine_tending_robot/ros2_kortex_ws/install/ros_ign_interfaces/local/lib/python3.10/dist-packages/ros_ign_interfaces/msg/_light_s.c
-- Symlinking: /home/mampane/Desktop/machine_tending_robot/ros2_kortex_ws/install/ros_ign_interfaces/local/lib/python3.10/dist-packages/ros_ign_interfaces/msg/_string_vec.py
-- Symlinking: /home/mampane/Desktop/machine_tending_robot/ros2_kortex_ws/install/ros_ign_interfaces/local/lib/python3.10/dist-packages/ros_ign_interfaces/msg/_string_vec_s.c
-- Symlinking: /home/mampane/Desktop/machine_tending_robot/ros2_kortex_ws/install/ros_ign_interfaces/local/lib/python3.10/dist-packages/ros_ign_interfaces/msg/_track_visual.py
-- Symlinking: /home/mampane/Desktop/machine_tending_robot/ros2_kortex_ws/install/ros_ign_interfaces/local/lib/python3.10/dist-packages/ros_ign_interfaces/msg/_track_visual_s.c
-- Symlinking: /home/mampane/Desktop/machine_tending_robot/ros2_kortex_ws/install/ros_ign_interfaces/local/lib/python3.10/dist-packages/ros_ign_interfaces/msg/_video_record.py
-- Symlinking: /home/mampane/Desktop/machine_tending_robot/ros2_kortex_ws/install/ros_ign_interfaces/local/lib/python3.10/dist-packages/ros_ign_interfaces/msg/_video_record_s.c
-- Symlinking: /home/mampane/Desktop/machine_tending_robot/ros2_kortex_ws/install/ros_ign_interfaces/local/lib/python3.10/dist-packages/ros_ign_interfaces/msg/_world_control.py
-- Symlinking: /home/mampane/Desktop/machine_tending_robot/ros2_kortex_ws/install/ros_ign_interfaces/local/lib/python3.10/dist-packages/ros_ign_interfaces/msg/_world_control_s.c
-- Symlinking: /home/mampane/Desktop/machine_tending_robot/ros2_kortex_ws/install/ros_ign_interfaces/local/lib/python3.10/dist-packages/ros_ign_interfaces/msg/_world_reset.py
-- Symlinking: /home/mampane/Desktop/machine_tending_robot/ros2_kortex_ws/install/ros_ign_interfaces/local/lib/python3.10/dist-packages/ros_ign_interfaces/msg/_world_reset_s.c
-- Symlinking: /home/mampane/Desktop/machine_tending_robot/ros2_kortex_ws/install/ros_ign_interfaces/local/lib/python3.10/dist-packages/ros_ign_interfaces/ros_ign_interfaces_s__rosidl_typesupport_c.cpython-310-x86_64-linux-gnu.so
-- Symlinking: /home/mampane/Desktop/machine_tending_robot/ros2_kortex_ws/install/ros_ign_interfaces/local/lib/python3.10/dist-packages/ros_ign_interfaces/ros_ign_interfaces_s__rosidl_typesupport_fastrtps_c.cpython-310-x86_64-linux-gnu.so
-- Symlinking: /home/mampane/Desktop/machine_tending_robot/ros2_kortex_ws/install/ros_ign_interfaces/local/lib/python3.10/dist-packages/ros_ign_interfaces/ros_ign_interfaces_s__rosidl_typesupport_introspection_c.cpython-310-x86_64-linux-gnu.so
-- Symlinking: /home/mampane/Desktop/machine_tending_robot/ros2_kortex_ws/install/ros_ign_interfaces/local/lib/python3.10/dist-packages/ros_ign_interfaces/srv/__init__.py
-- Symlinking: /home/mampane/Desktop/machine_tending_robot/ros2_kortex_ws/install/ros_ign_interfaces/local/lib/python3.10/dist-packages/ros_ign_interfaces/srv/_control_world.py
-- Symlinking: /home/mampane/Desktop/machine_tending_robot/ros2_kortex_ws/install/ros_ign_interfaces/local/lib/python3.10/dist-packages/ros_ign_interfaces/srv/_control_world_s.c
-- Symlinking: /home/mampane/Desktop/machine_tending_robot/ros2_kortex_ws/install/ros_ign_interfaces/local/lib/python3.10/dist-packages/ros_ign_interfaces/srv/_delete_entity.py
-- Symlinking: /home/mampane/Desktop/machine_tending_robot/ros2_kortex_ws/install/ros_ign_interfaces/local/lib/python3.10/dist-packages/ros_ign_interfaces/srv/_delete_entity_s.c
-- Symlinking: /home/mampane/Desktop/machine_tending_robot/ros2_kortex_ws/install/ros_ign_interfaces/local/lib/python3.10/dist-packages/ros_ign_interfaces/srv/_set_entity_pose.py
-- Symlinking: /home/mampane/Desktop/machine_tending_robot/ros2_kortex_ws/install/ros_ign_interfaces/local/lib/python3.10/dist-packages/ros_ign_interfaces/srv/_set_entity_pose_s.c
-- Symlinking: /home/mampane/Desktop/machine_tending_robot/ros2_kortex_ws/install/ros_ign_interfaces/local/lib/python3.10/dist-packages/ros_ign_interfaces/srv/_spawn_entity.py
-- Symlinking: /home/mampane/Desktop/machine_tending_robot/ros2_kortex_ws/install/ros_ign_interfaces/local/lib/python3.10/dist-packages/ros_ign_interfaces/srv/_spawn_entity_s.c
-- Up-to-date symlink: /home/mampane/Desktop/machine_tending_robot/ros2_kortex_ws/install/ros_ign_interfaces/local/lib/python3.10/dist-packages/ros_ign_interfaces/ros_ign_interfaces_s__rosidl_typesupport_fastrtps_c.cpython-310-x86_64-linux-gnu.so
-- Up-to-date symlink: /home/mampane/Desktop/machine_tending_robot/ros2_kortex_ws/install/ros_ign_interfaces/local/lib/python3.10/dist-packages/ros_ign_interfaces/ros_ign_interfaces_s__rosidl_typesupport_introspection_c.cpython-310-x86_64-linux-gnu.so
-- Up-to-date symlink: /home/mampane/Desktop/machine_tending_robot/ros2_kortex_ws/install/ros_ign_interfaces/local/lib/python3.10/dist-packages/ros_ign_interfaces/ros_ign_interfaces_s__rosidl_typesupport_c.cpython-310-x86_64-linux-gnu.so
-- Symlinking: /home/mampane/Desktop/machine_tending_robot/ros2_kortex_ws/install/ros_ign_interfaces/share/ros_ign_interfaces/msg/Contact.idl
-- Symlinking: /home/mampane/Desktop/machine_tending_robot/ros2_kortex_ws/install/ros_ign_interfaces/share/ros_ign_interfaces/msg/Contacts.idl
-- Symlinking: /home/mampane/Desktop/machine_tending_robot/ros2_kortex_ws/install/ros_ign_interfaces/share/ros_ign_interfaces/msg/Entity.idl
-- Symlinking: /home/mampane/Desktop/machine_tending_robot/ros2_kortex_ws/install/ros_ign_interfaces/share/ros_ign_interfaces/msg/EntityFactory.idl
-- Symlinking: /home/mampane/Desktop/machine_tending_robot/ros2_kortex_ws/install/ros_ign_interfaces/share/ros_ign_interfaces/msg/GuiCamera.idl
-- Symlinking: /home/mampane/Desktop/machine_tending_robot/ros2_kortex_ws/install/ros_ign_interfaces/share/ros_ign_interfaces/msg/JointWrench.idl
-- Symlinking: /home/mampane/Desktop/machine_tending_robot/ros2_kortex_ws/install/ros_ign_interfaces/share/ros_ign_interfaces/msg/Light.idl
-- Symlinking: /home/mampane/Desktop/machine_tending_robot/ros2_kortex_ws/install/ros_ign_interfaces/share/ros_ign_interfaces/msg/StringVec.idl
-- Symlinking: /home/mampane/Desktop/machine_tending_robot/ros2_kortex_ws/install/ros_ign_interfaces/share/ros_ign_interfaces/msg/TrackVisual.idl
-- Symlinking: /home/mampane/Desktop/machine_tending_robot/ros2_kortex_ws/install/ros_ign_interfaces/share/ros_ign_interfaces/msg/VideoRecord.idl
-- Symlinking: /home/mampane/Desktop/machine_tending_robot/ros2_kortex_ws/install/ros_ign_interfaces/share/ros_ign_interfaces/msg/WorldControl.idl
-- Symlinking: /home/mampane/Desktop/machine_tending_robot/ros2_kortex_ws/install/ros_ign_interfaces/share/ros_ign_interfaces/msg/WorldReset.idl
-- Symlinking: /home/mampane/Desktop/machine_tending_robot/ros2_kortex_ws/install/ros_ign_interfaces/share/ros_ign_interfaces/srv/ControlWorld.idl
-- Symlinking: /home/mampane/Desktop/machine_tending_robot/ros2_kortex_ws/install/ros_ign_interfaces/share/ros_ign_interfaces/srv/DeleteEntity.idl
-- Symlinking: /home/mampane/Desktop/machine_tending_robot/ros2_kortex_ws/install/ros_ign_interfaces/share/ros_ign_interfaces/srv/SetEntityPose.idl
-- Symlinking: /home/mampane/Desktop/machine_tending_robot/ros2_kortex_ws/install/ros_ign_interfaces/share/ros_ign_interfaces/srv/SpawnEntity.idl
-- Symlinking: /home/mampane/Desktop/machine_tending_robot/ros2_kortex_ws/install/ros_ign_interfaces/share/ros_ign_interfaces/msg/Contact.msg
-- Symlinking: /home/mampane/Desktop/machine_tending_robot/ros2_kortex_ws/install/ros_ign_interfaces/share/ros_ign_interfaces/msg/Contacts.msg
-- Symlinking: /home/mampane/Desktop/machine_tending_robot/ros2_kortex_ws/install/ros_ign_interfaces/share/ros_ign_interfaces/msg/Entity.msg
-- Symlinking: /home/mampane/Desktop/machine_tending_robot/ros2_kortex_ws/install/ros_ign_interfaces/share/ros_ign_interfaces/msg/EntityFactory.msg
-- Symlinking: /home/mampane/Desktop/machine_tending_robot/ros2_kortex_ws/install/ros_ign_interfaces/share/ros_ign_interfaces/msg/GuiCamera.msg
-- Symlinking: /home/mampane/Desktop/machine_tending_robot/ros2_kortex_ws/install/ros_ign_interfaces/share/ros_ign_interfaces/msg/JointWrench.msg
-- Symlinking: /home/mampane/Desktop/machine_tending_robot/ros2_kortex_ws/install/ros_ign_interfaces/share/ros_ign_interfaces/msg/Light.msg
-- Symlinking: /home/mampane/Desktop/machine_tending_robot/ros2_kortex_ws/install/ros_ign_interfaces/share/ros_ign_interfaces/msg/StringVec.msg
-- Symlinking: /home/mampane/Desktop/machine_tending_robot/ros2_kortex_ws/install/ros_ign_interfaces/share/ros_ign_interfaces/msg/TrackVisual.msg
-- Symlinking: /home/mampane/Desktop/machine_tending_robot/ros2_kortex_ws/install/ros_ign_interfaces/share/ros_ign_interfaces/msg/VideoRecord.msg
-- Symlinking: /home/mampane/Desktop/machine_tending_robot/ros2_kortex_ws/install/ros_ign_interfaces/share/ros_ign_interfaces/msg/WorldControl.msg
-- Symlinking: /home/mampane/Desktop/machine_tending_robot/ros2_kortex_ws/install/ros_ign_interfaces/share/ros_ign_interfaces/msg/WorldReset.msg
-- Symlinking: /home/mampane/Desktop/machine_tending_robot/ros2_kortex_ws/install/ros_ign_interfaces/share/ros_ign_interfaces/srv/ControlWorld.srv
-- Symlinking: /home/mampane/Desktop/machine_tending_robot/ros2_kortex_ws/install/ros_ign_interfaces/share/ros_ign_interfaces/srv/ControlWorld_Request.msg
-- Symlinking: /home/mampane/Desktop/machine_tending_robot/ros2_kortex_ws/install/ros_ign_interfaces/share/ros_ign_interfaces/srv/ControlWorld_Response.msg
-- Symlinking: /home/mampane/Desktop/machine_tending_robot/ros2_kortex_ws/install/ros_ign_interfaces/share/ros_ign_interfaces/srv/DeleteEntity.srv
-- Symlinking: /home/mampane/Desktop/machine_tending_robot/ros2_kortex_ws/install/ros_ign_interfaces/share/ros_ign_interfaces/srv/DeleteEntity_Request.msg
-- Symlinking: /home/mampane/Desktop/machine_tending_robot/ros2_kortex_ws/install/ros_ign_interfaces/share/ros_ign_interfaces/srv/DeleteEntity_Response.msg
-- Symlinking: /home/mampane/Desktop/machine_tending_robot/ros2_kortex_ws/install/ros_ign_interfaces/share/ros_ign_interfaces/srv/SetEntityPose.srv
-- Symlinking: /home/mampane/Desktop/machine_tending_robot/ros2_kortex_ws/install/ros_ign_interfaces/share/ros_ign_interfaces/srv/SetEntityPose_Request.msg
-- Symlinking: /home/mampane/Desktop/machine_tending_robot/ros2_kortex_ws/install/ros_ign_interfaces/share/ros_ign_interfaces/srv/SetEntityPose_Response.msg
-- Symlinking: /home/mampane/Desktop/machine_tending_robot/ros2_kortex_ws/install/ros_ign_interfaces/share/ros_ign_interfaces/srv/SpawnEntity.srv
-- Symlinking: /home/mampane/Desktop/machine_tending_robot/ros2_kortex_ws/install/ros_ign_interfaces/share/ros_ign_interfaces/srv/SpawnEntity_Request.msg
-- Symlinking: /home/mampane/Desktop/machine_tending_robot/ros2_kortex_ws/install/ros_ign_interfaces/share/ros_ign_interfaces/srv/SpawnEntity_Response.msg
-- Symlinking: /home/mampane/Desktop/machine_tending_robot/ros2_kortex_ws/install/ros_ign_interfaces/share/ament_index/resource_index/package_run_dependencies/ros_ign_interfaces
-- Symlinking: /home/mampane/Desktop/machine_tending_robot/ros2_kortex_ws/install/ros_ign_interfaces/share/ament_index/resource_index/parent_prefix_path/ros_ign_interfaces
-- Symlinking: /home/mampane/Desktop/machine_tending_robot/ros2_kortex_ws/install/ros_ign_interfaces/share/ros_ign_interfaces/environment/ament_prefix_path.sh
-- Symlinking: /home/mampane/Desktop/machine_tending_robot/ros2_kortex_ws/install/ros_ign_interfaces/share/ros_ign_interfaces/environment/ament_prefix_path.dsv
-- Symlinking: /home/mampane/Desktop/machine_tending_robot/ros2_kortex_ws/install/ros_ign_interfaces/share/ros_ign_interfaces/environment/path.sh
-- Symlinking: /home/mampane/Desktop/machine_tending_robot/ros2_kortex_ws/install/ros_ign_interfaces/share/ros_ign_interfaces/environment/path.dsv
-- Symlinking: /home/mampane/Desktop/machine_tending_robot/ros2_kortex_ws/install/ros_ign_interfaces/share/ros_ign_interfaces/local_setup.bash
-- Symlinking: /home/mampane/Desktop/machine_tending_robot/ros2_kortex_ws/install/ros_ign_interfaces/share/ros_ign_interfaces/local_setup.sh
-- Symlinking: /home/mampane/Desktop/machine_tending_robot/ros2_kortex_ws/install/ros_ign_interfaces/share/ros_ign_interfaces/local_setup.zsh
-- Symlinking: /home/mampane/Desktop/machine_tending_robot/ros2_kortex_ws/install/ros_ign_interfaces/share/ros_ign_interfaces/local_setup.dsv
-- Symlinking: /home/mampane/Desktop/machine_tending_robot/ros2_kortex_ws/install/ros_ign_interfaces/share/ros_ign_interfaces/package.dsv
-- Symlinking: /home/mampane/Desktop/machine_tending_robot/ros2_kortex_ws/install/ros_ign_interfaces/share/ament_index/resource_index/packages/ros_ign_interfaces
-- Symlinking: /home/mampane/Desktop/machine_tending_robot/ros2_kortex_ws/install/ros_ign_interfaces/share/ros_ign_interfaces/cmake/rosidl_cmake-extras.cmake
-- Symlinking: /home/mampane/Desktop/machine_tending_robot/ros2_kortex_ws/install/ros_ign_interfaces/share/ros_ign_interfaces/cmake/ament_cmake_export_dependencies-extras.cmake
-- Symlinking: /home/mampane/Desktop/machine_tending_robot/ros2_kortex_ws/install/ros_ign_interfaces/share/ros_ign_interfaces/cmake/ament_cmake_export_include_directories-extras.cmake
-- Symlinking: /home/mampane/Desktop/machine_tending_robot/ros2_kortex_ws/install/ros_ign_interfaces/share/ros_ign_interfaces/cmake/ament_cmake_export_libraries-extras.cmake
-- Symlinking: /home/mampane/Desktop/machine_tending_robot/ros2_kortex_ws/install/ros_ign_interfaces/share/ros_ign_interfaces/cmake/ament_cmake_export_targets-extras.cmake
-- Symlinking: /home/mampane/Desktop/machine_tending_robot/ros2_kortex_ws/install/ros_ign_interfaces/share/ros_ign_interfaces/cmake/rosidl_cmake_export_typesupport_targets-extras.cmake
-- Symlinking: /home/mampane/Desktop/machine_tending_robot/ros2_kortex_ws/install/ros_ign_interfaces/share/ros_ign_interfaces/cmake/rosidl_cmake_export_typesupport_libraries-extras.cmake
-- Symlinking: /home/mampane/Desktop/machine_tending_robot/ros2_kortex_ws/install/ros_ign_interfaces/share/ros_ign_interfaces/cmake/ros_ign_interfacesConfig.cmake
-- Symlinking: /home/mampane/Desktop/machine_tending_robot/ros2_kortex_ws/install/ros_ign_interfaces/share/ros_ign_interfaces/cmake/ros_ign_interfacesConfig-version.cmake
-- Symlinking: /home/mampane/Desktop/machine_tending_robot/ros2_kortex_ws/install/ros_ign_interfaces/share/ros_ign_interfaces/package.xml
-- Installing: /home/mampane/Desktop/machine_tending_robot/ros2_kortex_ws/install/ros_ign_interfaces/lib/libros_ign_interfaces__rosidl_generator_c.so
-- Set runtime path of "/home/mampane/Desktop/machine_tending_robot/ros2_kortex_ws/install/ros_ign_interfaces/lib/libros_ign_interfaces__rosidl_generator_c.so" to ""
-- Installing: /home/mampane/Desktop/machine_tending_robot/ros2_kortex_ws/install/ros_ign_interfaces/lib/libros_ign_interfaces__rosidl_typesupport_fastrtps_c.so
-- Set runtime path of "/home/mampane/Desktop/machine_tending_robot/ros2_kortex_ws/install/ros_ign_interfaces/lib/libros_ign_interfaces__rosidl_typesupport_fastrtps_c.so" to ""
-- Installing: /home/mampane/Desktop/machine_tending_robot/ros2_kortex_ws/install/ros_ign_interfaces/lib/libros_ign_interfaces__rosidl_typesupport_fastrtps_cpp.so
-- Set runtime path of "/home/mampane/Desktop/machine_tending_robot/ros2_kortex_ws/install/ros_ign_interfaces/lib/libros_ign_interfaces__rosidl_typesupport_fastrtps_cpp.so" to ""
-- Installing: /home/mampane/Desktop/machine_tending_robot/ros2_kortex_ws/install/ros_ign_interfaces/lib/libros_ign_interfaces__rosidl_typesupport_introspection_c.so
-- Set runtime path of "/home/mampane/Desktop/machine_tending_robot/ros2_kortex_ws/install/ros_ign_interfaces/lib/libros_ign_interfaces__rosidl_typesupport_introspection_c.so" to ""
-- Installing: /home/mampane/Desktop/machine_tending_robot/ros2_kortex_ws/install/ros_ign_interfaces/lib/libros_ign_interfaces__rosidl_typesupport_c.so
-- Set runtime path of "/home/mampane/Desktop/machine_tending_robot/ros2_kortex_ws/install/ros_ign_interfaces/lib/libros_ign_interfaces__rosidl_typesupport_c.so" to ""
-- Installing: /home/mampane/Desktop/machine_tending_robot/ros2_kortex_ws/install/ros_ign_interfaces/lib/libros_ign_interfaces__rosidl_typesupport_introspection_cpp.so
-- Set runtime path of "/home/mampane/Desktop/machine_tending_robot/ros2_kortex_ws/install/ros_ign_interfaces/lib/libros_ign_interfaces__rosidl_typesupport_introspection_cpp.so" to ""
-- Installing: /home/mampane/Desktop/machine_tending_robot/ros2_kortex_ws/install/ros_ign_interfaces/lib/libros_ign_interfaces__rosidl_typesupport_cpp.so
-- Set runtime path of "/home/mampane/Desktop/machine_tending_robot/ros2_kortex_ws/install/ros_ign_interfaces/lib/libros_ign_interfaces__rosidl_typesupport_cpp.so" to ""
Listing '/home/mampane/Desktop/machine_tending_robot/ros2_kortex_ws/install/ros_ign_interfaces/local/lib/python3.10/dist-packages/ros_ign_interfaces'...
Compiling '/home/mampane/Desktop/machine_tending_robot/ros2_kortex_ws/install/ros_ign_interfaces/local/lib/python3.10/dist-packages/ros_ign_interfaces/__init__.py'...
Listing '/home/mampane/Desktop/machine_tending_robot/ros2_kortex_ws/install/ros_ign_interfaces/local/lib/python3.10/dist-packages/ros_ign_interfaces/msg'...
Compiling '/home/mampane/Desktop/machine_tending_robot/ros2_kortex_ws/install/ros_ign_interfaces/local/lib/python3.10/dist-packages/ros_ign_interfaces/msg/__init__.py'...
Compiling '/home/mampane/Desktop/machine_tending_robot/ros2_kortex_ws/install/ros_ign_interfaces/local/lib/python3.10/dist-packages/ros_ign_interfaces/msg/_contact.py'...
Compiling '/home/mampane/Desktop/machine_tending_robot/ros2_kortex_ws/install/ros_ign_interfaces/local/lib/python3.10/dist-packages/ros_ign_interfaces/msg/_contacts.py'...
Compiling '/home/mampane/Desktop/machine_tending_robot/ros2_kortex_ws/install/ros_ign_interfaces/local/lib/python3.10/dist-packages/ros_ign_interfaces/msg/_entity.py'...
Compiling '/home/mampane/Desktop/machine_tending_robot/ros2_kortex_ws/install/ros_ign_interfaces/local/lib/python3.10/dist-packages/ros_ign_interfaces/msg/_entity_factory.py'...
Compiling '/home/mampane/Desktop/machine_tending_robot/ros2_kortex_ws/install/ros_ign_interfaces/local/lib/python3.10/dist-packages/ros_ign_interfaces/msg/_gui_camera.py'...
Compiling '/home/mampane/Desktop/machine_tending_robot/ros2_kortex_ws/install/ros_ign_interfaces/local/lib/python3.10/dist-packages/ros_ign_interfaces/msg/_joint_wrench.py'...
Compiling '/home/mampane/Desktop/machine_tending_robot/ros2_kortex_ws/install/ros_ign_interfaces/local/lib/python3.10/dist-packages/ros_ign_interfaces/msg/_light.py'...
Compiling '/home/mampane/Desktop/machine_tending_robot/ros2_kortex_ws/install/ros_ign_interfaces/local/lib/python3.10/dist-packages/ros_ign_interfaces/msg/_string_vec.py'...
Compiling '/home/mampane/Desktop/machine_tending_robot/ros2_kortex_ws/install/ros_ign_interfaces/local/lib/python3.10/dist-packages/ros_ign_interfaces/msg/_track_visual.py'...
Compiling '/home/mampane/Desktop/machine_tending_robot/ros2_kortex_ws/install/ros_ign_interfaces/local/lib/python3.10/dist-packages/ros_ign_interfaces/msg/_video_record.py'...
Compiling '/home/mampane/Desktop/machine_tending_robot/ros2_kortex_ws/install/ros_ign_interfaces/local/lib/python3.10/dist-packages/ros_ign_interfaces/msg/_world_control.py'...
Compiling '/home/mampane/Desktop/machine_tending_robot/ros2_kortex_ws/install/ros_ign_interfaces/local/lib/python3.10/dist-packages/ros_ign_interfaces/msg/_world_reset.py'...
Listing '/home/mampane/Desktop/machine_tending_robot/ros2_kortex_ws/install/ros_ign_interfaces/local/lib/python3.10/dist-packages/ros_ign_interfaces/srv'...
Compiling '/home/mampane/Desktop/machine_tending_robot/ros2_kortex_ws/install/ros_ign_interfaces/local/lib/python3.10/dist-packages/ros_ign_interfaces/srv/__init__.py'...
Compiling '/home/mampane/Desktop/machine_tending_robot/ros2_kortex_ws/install/ros_ign_interfaces/local/lib/python3.10/dist-packages/ros_ign_interfaces/srv/_control_world.py'...
Compiling '/home/mampane/Desktop/machine_tending_robot/ros2_kortex_ws/install/ros_ign_interfaces/local/lib/python3.10/dist-packages/ros_ign_interfaces/srv/_delete_entity.py'...
Compiling '/home/mampane/Desktop/machine_tending_robot/ros2_kortex_ws/install/ros_ign_interfaces/local/lib/python3.10/dist-packages/ros_ign_interfaces/srv/_set_entity_pose.py'...
Compiling '/home/mampane/Desktop/machine_tending_robot/ros2_kortex_ws/install/ros_ign_interfaces/local/lib/python3.10/dist-packages/ros_ign_interfaces/srv/_spawn_entity.py'...
-- Installing: /home/mampane/Desktop/machine_tending_robot/ros2_kortex_ws/install/ros_ign_interfaces/lib/libros_ign_interfaces__rosidl_generator_py.so
-- Set runtime path of "/home/mampane/Desktop/machine_tending_robot/ros2_kortex_ws/install/ros_ign_interfaces/lib/libros_ign_interfaces__rosidl_generator_py.so" to ""
-- Installing: /home/mampane/Desktop/machine_tending_robot/ros2_kortex_ws/install/ros_ign_interfaces/share/ros_ign_interfaces/cmake/export_ros_ign_interfaces__rosidl_generator_cExport.cmake
-- Installing: /home/mampane/Desktop/machine_tending_robot/ros2_kortex_ws/install/ros_ign_interfaces/share/ros_ign_interfaces/cmake/export_ros_ign_interfaces__rosidl_generator_cExport-noconfig.cmake
-- Installing: /home/mampane/Desktop/machine_tending_robot/ros2_kortex_ws/install/ros_ign_interfaces/share/ros_ign_interfaces/cmake/export_ros_ign_interfaces__rosidl_typesupport_fastrtps_cExport.cmake
-- Installing: /home/mampane/Desktop/machine_tending_robot/ros2_kortex_ws/install/ros_ign_interfaces/share/ros_ign_interfaces/cmake/export_ros_ign_interfaces__rosidl_typesupport_fastrtps_cExport-noconfig.cmake
-- Installing: /home/mampane/Desktop/machine_tending_robot/ros2_kortex_ws/install/ros_ign_interfaces/share/ros_ign_interfaces/cmake/export_ros_ign_interfaces__rosidl_generator_cppExport.cmake
-- Installing: /home/mampane/Desktop/machine_tending_robot/ros2_kortex_ws/install/ros_ign_interfaces/share/ros_ign_interfaces/cmake/export_ros_ign_interfaces__rosidl_typesupport_fastrtps_cppExport.cmake
-- Installing: /home/mampane/Desktop/machine_tending_robot/ros2_kortex_ws/install/ros_ign_interfaces/share/ros_ign_interfaces/cmake/export_ros_ign_interfaces__rosidl_typesupport_fastrtps_cppExport-noconfig.cmake
-- Installing: /home/mampane/Desktop/machine_tending_robot/ros2_kortex_ws/install/ros_ign_interfaces/share/ros_ign_interfaces/cmake/ros_ign_interfaces__rosidl_typesupport_introspection_cExport.cmake
-- Installing: /home/mampane/Desktop/machine_tending_robot/ros2_kortex_ws/install/ros_ign_interfaces/share/ros_ign_interfaces/cmake/ros_ign_interfaces__rosidl_typesupport_introspection_cExport-noconfig.cmake
-- Installing: /home/mampane/Desktop/machine_tending_robot/ros2_kortex_ws/install/ros_ign_interfaces/share/ros_ign_interfaces/cmake/ros_ign_interfaces__rosidl_typesupport_cExport.cmake
-- Installing: /home/mampane/Desktop/machine_tending_robot/ros2_kortex_ws/install/ros_ign_interfaces/share/ros_ign_interfaces/cmake/ros_ign_interfaces__rosidl_typesupport_cExport-noconfig.cmake
-- Installing: /home/mampane/Desktop/machine_tending_robot/ros2_kortex_ws/install/ros_ign_interfaces/share/ros_ign_interfaces/cmake/ros_ign_interfaces__rosidl_typesupport_introspection_cppExport.cmake
-- Installing: /home/mampane/Desktop/machine_tending_robot/ros2_kortex_ws/install/ros_ign_interfaces/share/ros_ign_interfaces/cmake/ros_ign_interfaces__rosidl_typesupport_introspection_cppExport-noconfig.cmake
-- Installing: /home/mampane/Desktop/machine_tending_robot/ros2_kortex_ws/install/ros_ign_interfaces/share/ros_ign_interfaces/cmake/ros_ign_interfaces__rosidl_typesupport_cppExport.cmake
-- Installing: /home/mampane/Desktop/machine_tending_robot/ros2_kortex_ws/install/ros_ign_interfaces/share/ros_ign_interfaces/cmake/ros_ign_interfaces__rosidl_typesupport_cppExport-noconfig.cmake
-- Installing: /home/mampane/Desktop/machine_tending_robot/ros2_kortex_ws/install/ros_ign_interfaces/share/ros_ign_interfaces/cmake/export_ros_ign_interfaces__rosidl_generator_pyExport.cmake
-- Installing: /home/mampane/Desktop/machine_tending_robot/ros2_kortex_ws/install/ros_ign_interfaces/share/ros_ign_interfaces/cmake/export_ros_ign_interfaces__rosidl_generator_pyExport-noconfig.cmake
