-- The C compiler identification is GNU 11.4.0
-- The CXX compiler identification is GNU 11.4.0
-- Detecting C compiler ABI info
-- Detecting C compiler ABI info - done
-- Check for working C compiler: /usr/bin/cc - skipped
-- Detecting C compile features
-- Detecting C compile features - done
-- Detecting CXX compiler ABI info
-- Detecting CXX compiler ABI info - done
-- Check for working CXX compiler: /usr/bin/c++ - skipped
-- Detecting CXX compile features
-- Detecting CXX compile features - done
-- Found ament_cmake: 1.3.11 (/opt/ros/humble/share/ament_cmake/cmake)
-- Found Python3: /usr/bin/python3 (found version "3.10.12") found components: Interpreter 
-- Found controller_interface: 2.48.0 (/home/mampane/Desktop/machine_tending_robot/workspace/ros2_kortex_ws/install/controller_interface/share/controller_interface/cmake)
-- Found rosidl_generator_c: 3.1.6 (/opt/ros/humble/share/rosidl_generator_c/cmake)
-- Found rosidl_adapter: 3.1.6 (/opt/ros/humble/share/rosidl_adapter/cmake)
-- Found rosidl_generator_cpp: 3.1.6 (/opt/ros/humble/share/rosidl_generator_cpp/cmake)
-- Using all available rosidl_typesupport_c: rosidl_typesupport_fastrtps_c;rosidl_typesupport_introspection_c
-- Using all available rosidl_typesupport_cpp: rosidl_typesupport_fastrtps_cpp;rosidl_typesupport_introspection_cpp
-- Found rmw_implementation_cmake: 6.1.2 (/opt/ros/humble/share/rmw_implementation_cmake/cmake)
-- Found rmw_cyclonedds_cpp: 1.3.4 (/opt/ros/humble/share/rmw_cyclonedds_cpp/cmake)
-- Using RMW implementation 'rmw_cyclonedds_cpp' as default
-- Looking for pthread.h
-- Looking for pthread.h - found
-- Performing Test CMAKE_HAVE_LIBC_PTHREAD
-- Performing Test CMAKE_HAVE_LIBC_PTHREAD - Success
-- Found Threads: TRUE  
-- Found std_srvs: 4.2.4 (/opt/ros/humble/share/std_srvs/cmake)
-- Found ament_lint_auto: 0.12.11 (/opt/ros/humble/share/ament_lint_auto/cmake)
-- Added test 'cppcheck' to perform static code analysis on C / C++ code
-- Configured cppcheck include dirs: /home/mampane/Desktop/machine_tending_robot/workspace/ros2_kortex_ws/src/ros2_robotiq_gripper/robotiq_controllers/include
-- Configured cppcheck exclude dirs and/or files: 
-- Added test 'lint_cmake' to check CMake code style
-- Configuring done
-- Generating done
-- Build files have been written to: /home/mampane/Desktop/machine_tending_robot/workspace/ros2_kortex_ws/build/robotiq_controllers
[ 50%] [32mBuilding CXX object CMakeFiles/robotiq_controllers.dir/src/robotiq_activation_controller.cpp.o[0m
[100%] [32m[1mLinking CXX shared library librobotiq_controllers.so[0m
[100%] Built target robotiq_controllers
-- Install configuration: "Release"
-- Installing: /home/mampane/Desktop/machine_tending_robot/workspace/ros2_kortex_ws/install/robotiq_controllers/share/robotiq_controllers/controller_plugins.xml
-- Installing: /home/mampane/Desktop/machine_tending_robot/workspace/ros2_kortex_ws/install/robotiq_controllers/lib/librobotiq_controllers.so
-- Set runtime path of "/home/mampane/Desktop/machine_tending_robot/workspace/ros2_kortex_ws/install/robotiq_controllers/lib/librobotiq_controllers.so" to ""
-- Installing: /home/mampane/Desktop/machine_tending_robot/workspace/ros2_kortex_ws/install/robotiq_controllers/include
-- Installing: /home/mampane/Desktop/machine_tending_robot/workspace/ros2_kortex_ws/install/robotiq_controllers/include/robotiq_controllers
-- Installing: /home/mampane/Desktop/machine_tending_robot/workspace/ros2_kortex_ws/install/robotiq_controllers/include/robotiq_controllers/robotiq_activation_controller.hpp
-- Installing: /home/mampane/Desktop/machine_tending_robot/workspace/ros2_kortex_ws/install/robotiq_controllers/share/robotiq_controllers/environment/library_path.sh
-- Installing: /home/mampane/Desktop/machine_tending_robot/workspace/ros2_kortex_ws/install/robotiq_controllers/share/robotiq_controllers/environment/library_path.dsv
-- Installing: /home/mampane/Desktop/machine_tending_robot/workspace/ros2_kortex_ws/install/robotiq_controllers/share/ament_index/resource_index/package_run_dependencies/robotiq_controllers
-- Installing: /home/mampane/Desktop/machine_tending_robot/workspace/ros2_kortex_ws/install/robotiq_controllers/share/ament_index/resource_index/parent_prefix_path/robotiq_controllers
-- Installing: /home/mampane/Desktop/machine_tending_robot/workspace/ros2_kortex_ws/install/robotiq_controllers/share/robotiq_controllers/environment/ament_prefix_path.sh
-- Installing: /home/mampane/Desktop/machine_tending_robot/workspace/ros2_kortex_ws/install/robotiq_controllers/share/robotiq_controllers/environment/ament_prefix_path.dsv
-- Installing: /home/mampane/Desktop/machine_tending_robot/workspace/ros2_kortex_ws/install/robotiq_controllers/share/robotiq_controllers/environment/path.sh
-- Installing: /home/mampane/Desktop/machine_tending_robot/workspace/ros2_kortex_ws/install/robotiq_controllers/share/robotiq_controllers/environment/path.dsv
-- Installing: /home/mampane/Desktop/machine_tending_robot/workspace/ros2_kortex_ws/install/robotiq_controllers/share/robotiq_controllers/local_setup.bash
-- Installing: /home/mampane/Desktop/machine_tending_robot/workspace/ros2_kortex_ws/install/robotiq_controllers/share/robotiq_controllers/local_setup.sh
-- Installing: /home/mampane/Desktop/machine_tending_robot/workspace/ros2_kortex_ws/install/robotiq_controllers/share/robotiq_controllers/local_setup.zsh
-- Installing: /home/mampane/Desktop/machine_tending_robot/workspace/ros2_kortex_ws/install/robotiq_controllers/share/robotiq_controllers/local_setup.dsv
-- Installing: /home/mampane/Desktop/machine_tending_robot/workspace/ros2_kortex_ws/install/robotiq_controllers/share/robotiq_controllers/package.dsv
-- Installing: /home/mampane/Desktop/machine_tending_robot/workspace/ros2_kortex_ws/install/robotiq_controllers/share/ament_index/resource_index/packages/robotiq_controllers
-- Installing: /home/mampane/Desktop/machine_tending_robot/workspace/ros2_kortex_ws/install/robotiq_controllers/share/ament_index/resource_index/controller_interface__pluginlib__plugin/robotiq_controllers
-- Installing: /home/mampane/Desktop/machine_tending_robot/workspace/ros2_kortex_ws/install/robotiq_controllers/share/robotiq_controllers/cmake/export_robotiq_controllersExport.cmake
-- Installing: /home/mampane/Desktop/machine_tending_robot/workspace/ros2_kortex_ws/install/robotiq_controllers/share/robotiq_controllers/cmake/export_robotiq_controllersExport-release.cmake
-- Installing: /home/mampane/Desktop/machine_tending_robot/workspace/ros2_kortex_ws/install/robotiq_controllers/share/robotiq_controllers/cmake/ament_cmake_export_include_directories-extras.cmake
-- Installing: /home/mampane/Desktop/machine_tending_robot/workspace/ros2_kortex_ws/install/robotiq_controllers/share/robotiq_controllers/cmake/ament_cmake_export_libraries-extras.cmake
-- Installing: /home/mampane/Desktop/machine_tending_robot/workspace/ros2_kortex_ws/install/robotiq_controllers/share/robotiq_controllers/cmake/ament_cmake_export_targets-extras.cmake
-- Installing: /home/mampane/Desktop/machine_tending_robot/workspace/ros2_kortex_ws/install/robotiq_controllers/share/robotiq_controllers/cmake/ament_cmake_export_dependencies-extras.cmake
-- Installing: /home/mampane/Desktop/machine_tending_robot/workspace/ros2_kortex_ws/install/robotiq_controllers/share/robotiq_controllers/cmake/robotiq_controllersConfig.cmake
-- Installing: /home/mampane/Desktop/machine_tending_robot/workspace/ros2_kortex_ws/install/robotiq_controllers/share/robotiq_controllers/cmake/robotiq_controllersConfig-version.cmake
-- Installing: /home/mampane/Desktop/machine_tending_robot/workspace/ros2_kortex_ws/install/robotiq_controllers/share/robotiq_controllers/package.xml
