[0.052s] Invoking command in '/home/mampane/Desktop/machine_tending_robot/ros2_kortex_ws/build/picknik_reset_fault_controller': AMENT_PREFIX_PATH=/home/mampane/Desktop/machine_tending_robot/ros2_kortex_ws/install/controller_interface:/home/mampane/Desktop/machine_tending_robot/ros2_kortex_ws/install/hardware_interface:/home/mampane/Desktop/machine_tending_robot/ros2_kortex_ws/install/ros2_control_test_assets:/home/mampane/Desktop/machine_tending_robot/ros2_kortex_ws/install/realtime_tools:/home/mampane/Desktop/machine_tending_robot/ros2_kortex_ws/install/control_msgs:${AMENT_PREFIX_PATH} CMAKE_PREFIX_PATH=/home/mampane/Desktop/machine_tending_robot/ros2_kortex_ws/install/controller_interface:/home/mampane/Desktop/machine_tending_robot/ros2_kortex_ws/install/hardware_interface:/home/mampane/Desktop/machine_tending_robot/ros2_kortex_ws/install/ros2_control_test_assets:/home/mampane/Desktop/machine_tending_robot/ros2_kortex_ws/install/realtime_tools:/home/mampane/Desktop/machine_tending_robot/ros2_kortex_ws/install/control_msgs:/opt/ros/humble LD_LIBRARY_PATH=/home/mampane/Desktop/machine_tending_robot/ros2_kortex_ws/install/controller_interface/lib:/home/mampane/Desktop/machine_tending_robot/ros2_kortex_ws/install/hardware_interface/lib:/home/mampane/Desktop/machine_tending_robot/ros2_kortex_ws/install/realtime_tools/lib:/home/mampane/Desktop/machine_tending_robot/ros2_kortex_ws/install/control_msgs/lib:${LD_LIBRARY_PATH} PYTHONPATH=/home/mampane/Desktop/machine_tending_robot/ros2_kortex_ws/install/control_msgs/local/lib/python3.10/dist-packages:${PYTHONPATH} /usr/bin/cmake /home/mampane/Desktop/machine_tending_robot/ros2_kortex_ws/src/picknik_controllers/picknik_reset_fault_controller -DAMENT_CMAKE_SYMLINK_INSTALL=1 -DCMAKE_INSTALL_PREFIX=/home/mampane/Desktop/machine_tending_robot/ros2_kortex_ws/install/picknik_reset_fault_controller
[0.225s] -- The C compiler identification is GNU 11.4.0
[0.409s] -- The CXX compiler identification is GNU 11.4.0
[0.428s] -- Detecting C compiler ABI info
[0.640s] -- Detecting C compiler ABI info - done
[0.672s] -- Check for working C compiler: /usr/bin/cc - skipped
[0.672s] -- Detecting C compile features
[0.672s] -- Detecting C compile features - done
[0.679s] -- Detecting CXX compiler ABI info
[0.952s] -- Detecting CXX compiler ABI info - done
[0.984s] -- Check for working CXX compiler: /usr/bin/c++ - skipped
[0.985s] -- Detecting CXX compile features
[0.986s] -- Detecting CXX compile features - done
[0.996s] -- Found ament_cmake: 1.3.11 (/opt/ros/humble/share/ament_cmake/cmake)
[1.553s] -- Found Python3: /usr/bin/python3 (found version "3.10.12") found components: Interpreter 
[1.765s] -- Override CMake install command with custom implementation using symlinks instead of copying resources
[1.858s] -- Found ament_cmake_ros: 0.10.0 (/opt/ros/humble/share/ament_cmake_ros/cmake)
[1.889s] -- Found controller_interface: 2.48.0 (/home/mampane/Desktop/machine_tending_robot/ros2_kortex_ws/install/controller_interface/share/controller_interface/cmake)
[2.030s] -- Found rosidl_generator_c: 3.1.6 (/opt/ros/humble/share/rosidl_generator_c/cmake)
[2.040s] -- Found rosidl_adapter: 3.1.6 (/opt/ros/humble/share/rosidl_adapter/cmake)
[2.056s] -- Found rosidl_generator_cpp: 3.1.6 (/opt/ros/humble/share/rosidl_generator_cpp/cmake)
[2.079s] -- Using all available rosidl_typesupport_c: rosidl_typesupport_fastrtps_c;rosidl_typesupport_introspection_c
[2.111s] -- Using all available rosidl_typesupport_cpp: rosidl_typesupport_fastrtps_cpp;rosidl_typesupport_introspection_cpp
[2.467s] -- Found rmw_implementation_cmake: 6.1.2 (/opt/ros/humble/share/rmw_implementation_cmake/cmake)
[2.472s] -- Found rmw_fastrtps_cpp: 6.2.7 (/opt/ros/humble/share/rmw_fastrtps_cpp/cmake)
[2.516s] -- Found TinyXML2 via Config file: TinyXML2_DIR-NOTFOUND
[2.598s] -- Found OpenSSL: /usr/lib/x86_64-linux-gnu/libcrypto.so (found version "3.0.2")  
[2.602s] -- Found TinyXML2 via Config file: TinyXML2_DIR-NOTFOUND
[2.631s] -- Found FastRTPS: /opt/ros/humble/include  
[2.640s] -- Found TinyXML2 via Config file: TinyXML2_DIR-NOTFOUND
[2.657s] -- Found TinyXML2 via Config file: TinyXML2_DIR-NOTFOUND
[2.684s] -- Using RMW implementation 'rmw_fastrtps_cpp' as default
[2.716s] -- Looking for pthread.h
[2.932s] -- Looking for pthread.h - found
[2.933s] -- Performing Test CMAKE_HAVE_LIBC_PTHREAD
[3.267s] -- Performing Test CMAKE_HAVE_LIBC_PTHREAD - Success
[3.273s] -- Found Threads: TRUE  
[3.526s] -- Found example_interfaces: 0.9.3 (/opt/ros/humble/share/example_interfaces/cmake)
[3.575s] -- Found realtime_tools: 2.12.0 (/home/mampane/Desktop/machine_tending_robot/ros2_kortex_ws/install/realtime_tools/share/realtime_tools/cmake)
[3.931s] -- Configuring done
[4.024s] -- Generating done
[4.040s] -- Build files have been written to: /home/mampane/Desktop/machine_tending_robot/ros2_kortex_ws/build/picknik_reset_fault_controller
[4.078s] Invoked command in '/home/mampane/Desktop/machine_tending_robot/ros2_kortex_ws/build/picknik_reset_fault_controller' returned '0': AMENT_PREFIX_PATH=/home/mampane/Desktop/machine_tending_robot/ros2_kortex_ws/install/controller_interface:/home/mampane/Desktop/machine_tending_robot/ros2_kortex_ws/install/hardware_interface:/home/mampane/Desktop/machine_tending_robot/ros2_kortex_ws/install/ros2_control_test_assets:/home/mampane/Desktop/machine_tending_robot/ros2_kortex_ws/install/realtime_tools:/home/mampane/Desktop/machine_tending_robot/ros2_kortex_ws/install/control_msgs:${AMENT_PREFIX_PATH} CMAKE_PREFIX_PATH=/home/mampane/Desktop/machine_tending_robot/ros2_kortex_ws/install/controller_interface:/home/mampane/Desktop/machine_tending_robot/ros2_kortex_ws/install/hardware_interface:/home/mampane/Desktop/machine_tending_robot/ros2_kortex_ws/install/ros2_control_test_assets:/home/mampane/Desktop/machine_tending_robot/ros2_kortex_ws/install/realtime_tools:/home/mampane/Desktop/machine_tending_robot/ros2_kortex_ws/install/control_msgs:/opt/ros/humble LD_LIBRARY_PATH=/home/mampane/Desktop/machine_tending_robot/ros2_kortex_ws/install/controller_interface/lib:/home/mampane/Desktop/machine_tending_robot/ros2_kortex_ws/install/hardware_interface/lib:/home/mampane/Desktop/machine_tending_robot/ros2_kortex_ws/install/realtime_tools/lib:/home/mampane/Desktop/machine_tending_robot/ros2_kortex_ws/install/control_msgs/lib:${LD_LIBRARY_PATH} PYTHONPATH=/home/mampane/Desktop/machine_tending_robot/ros2_kortex_ws/install/control_msgs/local/lib/python3.10/dist-packages:${PYTHONPATH} /usr/bin/cmake /home/mampane/Desktop/machine_tending_robot/ros2_kortex_ws/src/picknik_controllers/picknik_reset_fault_controller -DAMENT_CMAKE_SYMLINK_INSTALL=1 -DCMAKE_INSTALL_PREFIX=/home/mampane/Desktop/machine_tending_robot/ros2_kortex_ws/install/picknik_reset_fault_controller
[4.082s] Invoking command in '/home/mampane/Desktop/machine_tending_robot/ros2_kortex_ws/build/picknik_reset_fault_controller': AMENT_PREFIX_PATH=/home/mampane/Desktop/machine_tending_robot/ros2_kortex_ws/install/controller_interface:/home/mampane/Desktop/machine_tending_robot/ros2_kortex_ws/install/hardware_interface:/home/mampane/Desktop/machine_tending_robot/ros2_kortex_ws/install/ros2_control_test_assets:/home/mampane/Desktop/machine_tending_robot/ros2_kortex_ws/install/realtime_tools:/home/mampane/Desktop/machine_tending_robot/ros2_kortex_ws/install/control_msgs:${AMENT_PREFIX_PATH} CMAKE_PREFIX_PATH=/home/mampane/Desktop/machine_tending_robot/ros2_kortex_ws/install/controller_interface:/home/mampane/Desktop/machine_tending_robot/ros2_kortex_ws/install/hardware_interface:/home/mampane/Desktop/machine_tending_robot/ros2_kortex_ws/install/ros2_control_test_assets:/home/mampane/Desktop/machine_tending_robot/ros2_kortex_ws/install/realtime_tools:/home/mampane/Desktop/machine_tending_robot/ros2_kortex_ws/install/control_msgs:/opt/ros/humble LD_LIBRARY_PATH=/home/mampane/Desktop/machine_tending_robot/ros2_kortex_ws/install/controller_interface/lib:/home/mampane/Desktop/machine_tending_robot/ros2_kortex_ws/install/hardware_interface/lib:/home/mampane/Desktop/machine_tending_robot/ros2_kortex_ws/install/realtime_tools/lib:/home/mampane/Desktop/machine_tending_robot/ros2_kortex_ws/install/control_msgs/lib:${LD_LIBRARY_PATH} PYTHONPATH=/home/mampane/Desktop/machine_tending_robot/ros2_kortex_ws/install/control_msgs/local/lib/python3.10/dist-packages:${PYTHONPATH} /usr/bin/cmake --build /home/mampane/Desktop/machine_tending_robot/ros2_kortex_ws/build/picknik_reset_fault_controller -- -j20 -l20
[4.271s] [ 50%] [32mBuilding CXX object CMakeFiles/picknik_reset_fault_controller.dir/src/picknik_reset_fault_controller.cpp.o[0m
[13.280s] [100%] [32m[1mLinking CXX shared library libpicknik_reset_fault_controller.so[0m
[13.772s] [100%] Built target picknik_reset_fault_controller
[13.791s] Invoked command in '/home/mampane/Desktop/machine_tending_robot/ros2_kortex_ws/build/picknik_reset_fault_controller' returned '0': AMENT_PREFIX_PATH=/home/mampane/Desktop/machine_tending_robot/ros2_kortex_ws/install/controller_interface:/home/mampane/Desktop/machine_tending_robot/ros2_kortex_ws/install/hardware_interface:/home/mampane/Desktop/machine_tending_robot/ros2_kortex_ws/install/ros2_control_test_assets:/home/mampane/Desktop/machine_tending_robot/ros2_kortex_ws/install/realtime_tools:/home/mampane/Desktop/machine_tending_robot/ros2_kortex_ws/install/control_msgs:${AMENT_PREFIX_PATH} CMAKE_PREFIX_PATH=/home/mampane/Desktop/machine_tending_robot/ros2_kortex_ws/install/controller_interface:/home/mampane/Desktop/machine_tending_robot/ros2_kortex_ws/install/hardware_interface:/home/mampane/Desktop/machine_tending_robot/ros2_kortex_ws/install/ros2_control_test_assets:/home/mampane/Desktop/machine_tending_robot/ros2_kortex_ws/install/realtime_tools:/home/mampane/Desktop/machine_tending_robot/ros2_kortex_ws/install/control_msgs:/opt/ros/humble LD_LIBRARY_PATH=/home/mampane/Desktop/machine_tending_robot/ros2_kortex_ws/install/controller_interface/lib:/home/mampane/Desktop/machine_tending_robot/ros2_kortex_ws/install/hardware_interface/lib:/home/mampane/Desktop/machine_tending_robot/ros2_kortex_ws/install/realtime_tools/lib:/home/mampane/Desktop/machine_tending_robot/ros2_kortex_ws/install/control_msgs/lib:${LD_LIBRARY_PATH} PYTHONPATH=/home/mampane/Desktop/machine_tending_robot/ros2_kortex_ws/install/control_msgs/local/lib/python3.10/dist-packages:${PYTHONPATH} /usr/bin/cmake --build /home/mampane/Desktop/machine_tending_robot/ros2_kortex_ws/build/picknik_reset_fault_controller -- -j20 -l20
[13.797s] Invoking command in '/home/mampane/Desktop/machine_tending_robot/ros2_kortex_ws/build/picknik_reset_fault_controller': AMENT_PREFIX_PATH=/home/mampane/Desktop/machine_tending_robot/ros2_kortex_ws/install/controller_interface:/home/mampane/Desktop/machine_tending_robot/ros2_kortex_ws/install/hardware_interface:/home/mampane/Desktop/machine_tending_robot/ros2_kortex_ws/install/ros2_control_test_assets:/home/mampane/Desktop/machine_tending_robot/ros2_kortex_ws/install/realtime_tools:/home/mampane/Desktop/machine_tending_robot/ros2_kortex_ws/install/control_msgs:${AMENT_PREFIX_PATH} CMAKE_PREFIX_PATH=/home/mampane/Desktop/machine_tending_robot/ros2_kortex_ws/install/controller_interface:/home/mampane/Desktop/machine_tending_robot/ros2_kortex_ws/install/hardware_interface:/home/mampane/Desktop/machine_tending_robot/ros2_kortex_ws/install/ros2_control_test_assets:/home/mampane/Desktop/machine_tending_robot/ros2_kortex_ws/install/realtime_tools:/home/mampane/Desktop/machine_tending_robot/ros2_kortex_ws/install/control_msgs:/opt/ros/humble LD_LIBRARY_PATH=/home/mampane/Desktop/machine_tending_robot/ros2_kortex_ws/install/controller_interface/lib:/home/mampane/Desktop/machine_tending_robot/ros2_kortex_ws/install/hardware_interface/lib:/home/mampane/Desktop/machine_tending_robot/ros2_kortex_ws/install/realtime_tools/lib:/home/mampane/Desktop/machine_tending_robot/ros2_kortex_ws/install/control_msgs/lib:${LD_LIBRARY_PATH} PYTHONPATH=/home/mampane/Desktop/machine_tending_robot/ros2_kortex_ws/install/control_msgs/local/lib/python3.10/dist-packages:${PYTHONPATH} /usr/bin/cmake --install /home/mampane/Desktop/machine_tending_robot/ros2_kortex_ws/build/picknik_reset_fault_controller
[13.805s] -- Install configuration: ""
[13.806s] -- Execute custom install script
[13.806s] -- Symlinking: /home/mampane/Desktop/machine_tending_robot/ros2_kortex_ws/install/picknik_reset_fault_controller/share/picknik_reset_fault_controller//controller_plugins.xml
[13.819s] -- Symlinking: /home/mampane/Desktop/machine_tending_robot/ros2_kortex_ws/install/picknik_reset_fault_controller/lib/libpicknik_reset_fault_controller.so
[13.835s] -- Symlinking: /home/mampane/Desktop/machine_tending_robot/ros2_kortex_ws/install/picknik_reset_fault_controller/include/picknik_reset_fault_controller/picknik_reset_fault_controller.hpp
[13.844s] -- Symlinking: /home/mampane/Desktop/machine_tending_robot/ros2_kortex_ws/install/picknik_reset_fault_controller/include/picknik_reset_fault_controller/visibility_control.h
[13.857s] -- Up-to-date symlink: /home/mampane/Desktop/machine_tending_robot/ros2_kortex_ws/install/picknik_reset_fault_controller/share/picknik_reset_fault_controller/controller_plugins.xml
[13.857s] -- Symlinking: /home/mampane/Desktop/machine_tending_robot/ros2_kortex_ws/install/picknik_reset_fault_controller/share/picknik_reset_fault_controller/environment/library_path.sh
[13.869s] -- Symlinking: /home/mampane/Desktop/machine_tending_robot/ros2_kortex_ws/install/picknik_reset_fault_controller/share/picknik_reset_fault_controller/environment/library_path.dsv
[13.883s] -- Symlinking: /home/mampane/Desktop/machine_tending_robot/ros2_kortex_ws/install/picknik_reset_fault_controller/share/ament_index/resource_index/package_run_dependencies/picknik_reset_fault_controller
[13.895s] -- Symlinking: /home/mampane/Desktop/machine_tending_robot/ros2_kortex_ws/install/picknik_reset_fault_controller/share/ament_index/resource_index/parent_prefix_path/picknik_reset_fault_controller
[13.909s] -- Symlinking: /home/mampane/Desktop/machine_tending_robot/ros2_kortex_ws/install/picknik_reset_fault_controller/share/picknik_reset_fault_controller/environment/ament_prefix_path.sh
[13.922s] -- Symlinking: /home/mampane/Desktop/machine_tending_robot/ros2_kortex_ws/install/picknik_reset_fault_controller/share/picknik_reset_fault_controller/environment/ament_prefix_path.dsv
[13.935s] -- Symlinking: /home/mampane/Desktop/machine_tending_robot/ros2_kortex_ws/install/picknik_reset_fault_controller/share/picknik_reset_fault_controller/environment/path.sh
[13.948s] -- Symlinking: /home/mampane/Desktop/machine_tending_robot/ros2_kortex_ws/install/picknik_reset_fault_controller/share/picknik_reset_fault_controller/environment/path.dsv
[13.960s] -- Symlinking: /home/mampane/Desktop/machine_tending_robot/ros2_kortex_ws/install/picknik_reset_fault_controller/share/picknik_reset_fault_controller/local_setup.bash
[13.973s] -- Symlinking: /home/mampane/Desktop/machine_tending_robot/ros2_kortex_ws/install/picknik_reset_fault_controller/share/picknik_reset_fault_controller/local_setup.sh
[13.986s] -- Symlinking: /home/mampane/Desktop/machine_tending_robot/ros2_kortex_ws/install/picknik_reset_fault_controller/share/picknik_reset_fault_controller/local_setup.zsh
[14.001s] -- Symlinking: /home/mampane/Desktop/machine_tending_robot/ros2_kortex_ws/install/picknik_reset_fault_controller/share/picknik_reset_fault_controller/local_setup.dsv
[14.010s] -- Symlinking: /home/mampane/Desktop/machine_tending_robot/ros2_kortex_ws/install/picknik_reset_fault_controller/share/picknik_reset_fault_controller/package.dsv
[14.023s] -- Symlinking: /home/mampane/Desktop/machine_tending_robot/ros2_kortex_ws/install/picknik_reset_fault_controller/share/ament_index/resource_index/packages/picknik_reset_fault_controller
[14.036s] -- Symlinking: /home/mampane/Desktop/machine_tending_robot/ros2_kortex_ws/install/picknik_reset_fault_controller/share/ament_index/resource_index/controller_interface__pluginlib__plugin/picknik_reset_fault_controller
[14.050s] -- Symlinking: /home/mampane/Desktop/machine_tending_robot/ros2_kortex_ws/install/picknik_reset_fault_controller/share/picknik_reset_fault_controller/cmake/ament_cmake_export_dependencies-extras.cmake
[14.062s] -- Symlinking: /home/mampane/Desktop/machine_tending_robot/ros2_kortex_ws/install/picknik_reset_fault_controller/share/picknik_reset_fault_controller/cmake/ament_cmake_export_include_directories-extras.cmake
[14.076s] -- Symlinking: /home/mampane/Desktop/machine_tending_robot/ros2_kortex_ws/install/picknik_reset_fault_controller/share/picknik_reset_fault_controller/cmake/ament_cmake_export_libraries-extras.cmake
[14.088s] -- Symlinking: /home/mampane/Desktop/machine_tending_robot/ros2_kortex_ws/install/picknik_reset_fault_controller/share/picknik_reset_fault_controller/cmake/picknik_reset_fault_controllerConfig.cmake
[14.102s] -- Symlinking: /home/mampane/Desktop/machine_tending_robot/ros2_kortex_ws/install/picknik_reset_fault_controller/share/picknik_reset_fault_controller/cmake/picknik_reset_fault_controllerConfig-version.cmake
[14.113s] -- Symlinking: /home/mampane/Desktop/machine_tending_robot/ros2_kortex_ws/install/picknik_reset_fault_controller/share/picknik_reset_fault_controller/package.xml
[14.131s] Invoked command in '/home/mampane/Desktop/machine_tending_robot/ros2_kortex_ws/build/picknik_reset_fault_controller' returned '0': AMENT_PREFIX_PATH=/home/mampane/Desktop/machine_tending_robot/ros2_kortex_ws/install/controller_interface:/home/mampane/Desktop/machine_tending_robot/ros2_kortex_ws/install/hardware_interface:/home/mampane/Desktop/machine_tending_robot/ros2_kortex_ws/install/ros2_control_test_assets:/home/mampane/Desktop/machine_tending_robot/ros2_kortex_ws/install/realtime_tools:/home/mampane/Desktop/machine_tending_robot/ros2_kortex_ws/install/control_msgs:${AMENT_PREFIX_PATH} CMAKE_PREFIX_PATH=/home/mampane/Desktop/machine_tending_robot/ros2_kortex_ws/install/controller_interface:/home/mampane/Desktop/machine_tending_robot/ros2_kortex_ws/install/hardware_interface:/home/mampane/Desktop/machine_tending_robot/ros2_kortex_ws/install/ros2_control_test_assets:/home/mampane/Desktop/machine_tending_robot/ros2_kortex_ws/install/realtime_tools:/home/mampane/Desktop/machine_tending_robot/ros2_kortex_ws/install/control_msgs:/opt/ros/humble LD_LIBRARY_PATH=/home/mampane/Desktop/machine_tending_robot/ros2_kortex_ws/install/controller_interface/lib:/home/mampane/Desktop/machine_tending_robot/ros2_kortex_ws/install/hardware_interface/lib:/home/mampane/Desktop/machine_tending_robot/ros2_kortex_ws/install/realtime_tools/lib:/home/mampane/Desktop/machine_tending_robot/ros2_kortex_ws/install/control_msgs/lib:${LD_LIBRARY_PATH} PYTHONPATH=/home/mampane/Desktop/machine_tending_robot/ros2_kortex_ws/install/control_msgs/local/lib/python3.10/dist-packages:${PYTHONPATH} /usr/bin/cmake --install /home/mampane/Desktop/machine_tending_robot/ros2_kortex_ws/build/picknik_reset_fault_controller
