[0.017s] Invoking command in '/home/mampane/Desktop/machine_tending_robot/workspace/ros2_kortex_ws/build/ros_gz_sim': CMAKE_PREFIX_PATH=/opt/ros/humble /usr/bin/cmake /home/mampane/Desktop/machine_tending_robot/workspace/ros2_kortex_ws/src/ros_gz/ros_gz_sim -DCMAKE_BUILD_TYPE=Release -DCMAKE_INSTALL_PREFIX=/home/mampane/Desktop/machine_tending_robot/workspace/ros2_kortex_ws/install/ros_gz_sim
[0.103s] -- The C compiler identification is GNU 11.4.0
[0.195s] -- The CXX compiler identification is GNU 11.4.0
[0.208s] -- Detecting C compiler ABI info
[0.308s] -- Detecting C compiler ABI info - done
[0.321s] -- Check for working C compiler: /usr/bin/cc - skipped
[0.323s] -- Detecting C compile features
[0.323s] -- Detecting C compile features - done
[0.329s] -- Detecting CXX compiler ABI info
[0.448s] -- Detecting CXX compiler ABI info - done
[0.462s] -- Check for working CXX compiler: /usr/bin/c++ - skipped
[0.463s] -- Detecting CXX compile features
[0.464s] -- Detecting CXX compile features - done
[0.468s] -- Found ament_cmake: 1.3.11 (/opt/ros/humble/share/ament_cmake/cmake)
[0.720s] -- Found Python3: /usr/bin/python3 (found version "3.10.12") found components: Interpreter 
[0.864s] -- Found rclcpp: 16.0.11 (/opt/ros/humble/share/rclcpp/cmake)
[0.935s] -- Found rosidl_generator_c: 3.1.6 (/opt/ros/humble/share/rosidl_generator_c/cmake)
[0.943s] -- Found rosidl_adapter: 3.1.6 (/opt/ros/humble/share/rosidl_adapter/cmake)
[0.957s] -- Found rosidl_generator_cpp: 3.1.6 (/opt/ros/humble/share/rosidl_generator_cpp/cmake)
[0.979s] -- Using all available rosidl_typesupport_c: rosidl_typesupport_fastrtps_c;rosidl_typesupport_introspection_c
[1.008s] -- Using all available rosidl_typesupport_cpp: rosidl_typesupport_fastrtps_cpp;rosidl_typesupport_introspection_cpp
[1.085s] -- Found rmw_implementation_cmake: 6.1.2 (/opt/ros/humble/share/rmw_implementation_cmake/cmake)
[1.089s] -- Found rmw_cyclonedds_cpp: 1.3.4 (/opt/ros/humble/share/rmw_cyclonedds_cpp/cmake)
[1.133s] -- Using RMW implementation 'rmw_cyclonedds_cpp' as default
[1.137s] -- Looking for pthread.h
[1.206s] -- Looking for pthread.h - found
[1.207s] -- Performing Test CMAKE_HAVE_LIBC_PTHREAD
[1.303s] -- Performing Test CMAKE_HAVE_LIBC_PTHREAD - Success
[1.304s] -- Found Threads: TRUE  
[1.407s] -- Looking for ignition-math6 -- found version 6.15.1
[1.413s] -- Searching for dependencies of ignition-math6
[1.417s] -- Looking for ignition-transport11 -- found version 11.4.1
[1.418s] -- Searching for dependencies of ignition-transport11
[1.457s] -- Found Protobuf: /usr/lib/x86_64-linux-gnu/libprotobuf.so (found version "3.12.4") 
[1.475s] -- Config-file not installed for ZeroMQ -- checking for pkg-config
[1.484s] -- Checking for module 'libzmq >= 4'
[1.502s] --   Found libzmq , version 4.3.4
[1.552s] -- Found ZeroMQ: TRUE (Required is at least version "4") 
[1.561s] -- Checking for module 'uuid'
[1.583s] --   Found uuid, version 2.37.2
[1.649s] -- Found UUID: TRUE  
[1.650s] -- Looking for ignition-utils1 -- found version 1.5.1
[1.652s] -- Searching for dependencies of ignition-utils1
[1.653s] -- Searching for <ignition-utils1> component [cli]
[1.656s] -- Looking for ignition-utils1-cli -- found version 1.5.1
[1.658s] -- Searching for dependencies of ignition-utils1-cli
[1.662s] -- Looking for ignition-msgs8 -- found version 8.7.0
[1.663s] -- Searching for dependencies of ignition-msgs8
[1.693s] -- Found Protobuf: /usr/lib/x86_64-linux-gnu/libprotobuf.so (found suitable version "3.12.4", minimum required is "3") 
[1.696s] -- Looking for ignition-math6 -- found version 6.15.1
[1.704s] -- Checking for module 'tinyxml2'
[1.724s] --   Found tinyxml2, version 9.0.0
[1.781s] -- Looking for ignition-msgs8 -- found version 8.7.0
[1.783s] -- Looking for ignition-gazebo6 -- found version 6.17.0
[1.784s] -- Searching for dependencies of ignition-gazebo6
[1.788s] -- Looking for sdformat12 -- found version 12.8.0
[1.789s] -- Searching for dependencies of sdformat12
[1.810s] -- Looking for ignition-math6 -- found version 6.15.1
[1.813s] -- Looking for ignition-utils1 -- found version 1.5.1
[1.817s] -- Looking for ignition-plugin1 -- found version 1.4.0
[1.818s] -- Searching for dependencies of ignition-plugin1
[1.820s] -- Searching for <ignition-plugin1> component [loader]
[1.823s] -- Looking for ignition-plugin1-loader -- found version 1.4.0
[1.824s] -- Searching for dependencies of ignition-plugin1-loader
[1.825s] -- Searching for <ignition-plugin1> component [register]
[1.829s] -- Looking for ignition-plugin1-register -- found version 1.4.0
[1.832s] -- Searching for dependencies of ignition-plugin1-register
[1.833s] -- Looking for ignition-transport11 -- found version 11.4.1
[1.834s] -- Searching for dependencies of ignition-transport11
[1.865s] -- Found Protobuf: /usr/lib/x86_64-linux-gnu/libprotobuf.so (found version "3.12.4") 
[1.888s] -- Config-file not installed for ZeroMQ -- checking for pkg-config
[1.894s] -- Checking for module 'libzmq >= 4'
[1.913s] --   Found libzmq , version 4.3.4
[1.983s] -- Looking for ignition-utils1 -- found version 1.5.1
[1.984s] -- Looking for ignition-msgs8 -- found version 8.7.0
[1.984s] -- Searching for <ignition-transport11> component [log]
[1.985s] -- Looking for ignition-transport11-log -- found version 11.4.1
[1.986s] -- Searching for dependencies of ignition-transport11-log
[1.987s] -- Searching for <ignition-transport11> component [parameters]
[1.990s] -- Looking for ignition-transport11-parameters -- found version 11.4.1
[1.991s] -- Searching for dependencies of ignition-transport11-parameters
[1.993s] -- Looking for ignition-msgs8 -- found version 8.7.0
[1.997s] -- Looking for ignition-common4 -- found version 4.7.0
[1.998s] -- Searching for dependencies of ignition-common4
[2.000s] -- Looking for dlfcn.h - found
[2.001s] -- Looking for libdl - found
[2.004s] -- Found DL: TRUE  
[2.017s] -- Searching for <ignition-common4> component [profiler]
[2.020s] -- Looking for ignition-common4-profiler -- found version 4.7.0
[2.021s] -- Searching for dependencies of ignition-common4-profiler
[2.022s] -- Searching for <ignition-common4> component [events]
[2.025s] -- Looking for ignition-common4-events -- found version 4.7.0
[2.026s] -- Searching for dependencies of ignition-common4-events
[2.027s] -- Looking for ignition-math6 -- found version 6.15.1
[2.031s] -- Searching for <ignition-common4> component [av]
[2.032s] -- Looking for ignition-common4-av -- found version 4.7.0
[2.034s] -- Searching for dependencies of ignition-common4-av
[2.044s] -- Checking for module 'libswscale'
[2.062s] --   Found libswscale, version 5.9.100
[2.111s] -- Found SWSCALE: TRUE  
[2.121s] -- Checking for module 'libavdevice >= 56.4.100'
[2.141s] --   Found libavdevice , version 58.13.100
[2.196s] -- Found AVDEVICE: TRUE (Required is at least version "56.4.100") 
[2.205s] -- Checking for module 'libavformat'
[2.224s] --   Found libavformat, version 58.76.100
[2.276s] -- Found AVFORMAT: TRUE  
[2.285s] -- Checking for module 'libavcodec'
[2.304s] --   Found libavcodec, version 58.134.100
[2.356s] -- Found AVCODEC: TRUE  
[2.366s] -- Checking for module 'libavutil'
[2.384s] --   Found libavutil, version 56.70.100
[2.443s] -- Found AVUTIL: TRUE  
[2.448s] -- Looking for ignition-fuel_tools7 -- found version 7.3.1
[2.450s] -- Searching for dependencies of ignition-fuel_tools7
[2.581s] -- Found CURL: /usr/lib/x86_64-linux-gnu/libcurl.so (found version "7.81.0")  
[2.597s] -- Checking for module 'jsoncpp'
[2.618s] --   Found jsoncpp, version 1.9.5
[2.667s] -- Found JSONCPP: TRUE  
[2.677s] -- Checking for module 'libzip'
[2.697s] --   Found libzip, version 1.7.3
[2.752s] -- Found ZIP: TRUE  
[2.752s] -- Looking for ignition-common4 -- found version 4.7.0
[2.752s] -- Looking for ignition-math6 -- found version 6.15.1
[2.755s] -- Looking for ignition-msgs8 -- found version 8.7.0
[2.757s] -- Looking for ignition-gui6 -- found version 6.8.0
[2.758s] -- Searching for dependencies of ignition-gui6
[2.789s] -- Found Protobuf: /usr/lib/x86_64-linux-gnu/libprotobuf.so (found suitable version "3.12.4", minimum required is "3") 
[2.801s] -- Looking for ignition-math6 -- found version 6.15.1
[2.803s] -- Looking for ignition-common4 -- found version 4.7.0
[2.804s] -- Looking for ignition-plugin1 -- found version 1.4.0
[2.805s] -- Looking for ignition-transport11 -- found version 11.4.1
[2.810s] -- Looking for ignition-rendering6 -- found version 6.6.3
[2.810s] -- Searching for dependencies of ignition-rendering6
[2.811s] -- Looking for ignition-math6 -- found version 6.15.1
[2.812s] -- Searching for dependencies of ignition-math6
[2.813s] -- Searching for <ignition-math6> component [eigen3]
[2.818s] -- Looking for ignition-math6-eigen3 -- found version 6.15.1
[2.818s] -- Searching for dependencies of ignition-math6-eigen3
[2.840s] -- Looking for ignition-common4 -- found version 4.7.0
[2.841s] -- Searching for dependencies of ignition-common4
[2.841s] -- Looking for dlfcn.h - found
[2.841s] -- Looking for libdl - found
[2.858s] -- Searching for <ignition-common4> component [graphics]
[2.860s] -- Looking for ignition-common4-graphics -- found version 4.7.0
[2.861s] -- Searching for dependencies of ignition-common4-graphics
[2.862s] -- Looking for ignition-math6 -- found version 6.15.1
[2.863s] -- Looking for ignition-utils1 -- found version 1.5.1
[2.864s] -- Searching for <ignition-common4> component [events]
[2.866s] -- Looking for ignition-plugin1 -- found version 1.4.0
[2.867s] -- Searching for dependencies of ignition-plugin1
[2.868s] -- Searching for <ignition-plugin1> component [all]
[2.871s] -- Looking for all libraries of ignition-plugin1 -- found version 1.4.0
[2.872s] -- Looking for ignition-plugin1 -- found version 1.4.0
[2.876s] -- Looking for ignition-msgs8 -- found version 8.7.0
[2.927s] -- Looking for ignition-physics5 -- found version 5.3.2
[2.929s] -- Searching for dependencies of ignition-physics5
[2.930s] -- Looking for ignition-math6 -- found version 6.15.1
[2.930s] -- Looking for ignition-plugin1 -- found version 1.4.0
[2.936s] -- Looking for ignition-utils1 -- found version 1.5.1
[2.936s] -- Searching for <ignition-physics5> component [heightmap]
[2.937s] -- Looking for ignition-physics5-heightmap -- found version 5.3.2
[2.938s] -- Searching for dependencies of ignition-physics5-heightmap
[2.939s] -- Looking for ignition-common4 -- found version 4.7.0
[2.939s] -- Searching for <ignition-physics5> component [mesh]
[2.943s] -- Looking for ignition-physics5-mesh -- found version 5.3.2
[2.945s] -- Searching for dependencies of ignition-physics5-mesh
[2.948s] -- Looking for ignition-common4 -- found version 4.7.0
[2.950s] -- Searching for <ignition-physics5> component [sdf]
[2.954s] -- Looking for ignition-physics5-sdf -- found version 5.3.2
[2.955s] -- Searching for dependencies of ignition-physics5-sdf
[2.956s] -- Looking for sdformat12 -- found version 12.8.0
[2.964s] -- Looking for ignition-sensors6 -- found version 6.8.1
[2.965s] -- Searching for dependencies of ignition-sensors6
[2.997s] -- Found Protobuf: /usr/lib/x86_64-linux-gnu/libprotobuf.so (found version "3.12.4") 
[3.000s] -- Looking for ignition-math6 -- found version 6.15.1
[3.000s] -- Looking for ignition-common4 -- found version 4.7.0
[3.001s] -- Looking for ignition-transport11 -- found version 11.4.1
[3.002s] -- Looking for ignition-rendering6 -- found version 6.6.3
[3.004s] -- Looking for ignition-msgs8 -- found version 8.7.0
[3.005s] -- Looking for sdformat12 -- found version 12.8.0
[3.006s] -- Searching for <ignition-sensors6> component [air_pressure]
[3.010s] -- Looking for ignition-sensors6-air_pressure -- found version 6.8.1
[3.011s] -- Searching for dependencies of ignition-sensors6-air_pressure
[3.015s] -- Searching for <ignition-sensors6> component [altimeter]
[3.016s] -- Looking for ignition-sensors6-altimeter -- found version 6.8.1
[3.019s] -- Searching for dependencies of ignition-sensors6-altimeter
[3.019s] -- Searching for <ignition-sensors6> component [imu]
[3.022s] -- Looking for ignition-sensors6-imu -- found version 6.8.1
[3.025s] -- Searching for dependencies of ignition-sensors6-imu
[3.025s] -- Searching for <ignition-sensors6> component [force_torque]
[3.029s] -- Looking for ignition-sensors6-force_torque -- found version 6.8.1
[3.031s] -- Searching for dependencies of ignition-sensors6-force_torque
[3.031s] -- Searching for <ignition-sensors6> component [logical_camera]
[3.035s] -- Looking for ignition-sensors6-logical_camera -- found version 6.8.1
[3.037s] -- Searching for dependencies of ignition-sensors6-logical_camera
[3.037s] -- Searching for <ignition-sensors6> component [magnetometer]
[3.041s] -- Looking for ignition-sensors6-magnetometer -- found version 6.8.1
[3.042s] -- Searching for dependencies of ignition-sensors6-magnetometer
[3.044s] -- Searching for <ignition-sensors6> component [navsat]
[3.048s] -- Looking for ignition-sensors6-navsat -- found version 6.8.1
[3.049s] -- Searching for dependencies of ignition-sensors6-navsat
[3.052s] -- Searching for <ignition-sensors6> component [rendering]
[3.053s] -- Looking for ignition-sensors6-rendering -- found version 6.8.1
[3.053s] -- Searching for dependencies of ignition-sensors6-rendering
[3.054s] -- Searching for <ignition-sensors6> component [lidar]
[3.058s] -- Looking for ignition-sensors6-lidar -- found version 6.8.1
[3.059s] -- Searching for dependencies of ignition-sensors6-lidar
[3.060s] -- Looking for ignition-sensors6 -- found version 6.8.1
[3.062s] -- Searching for <ignition-sensors6> component [gpu_lidar]
[3.065s] -- Looking for ignition-sensors6-gpu_lidar -- found version 6.8.1
[3.067s] -- Searching for dependencies of ignition-sensors6-gpu_lidar
[3.068s] -- Looking for ignition-sensors6 -- found version 6.8.1
[3.069s] -- Searching for <ignition-sensors6> component [camera]
[3.074s] -- Looking for ignition-sensors6-camera -- found version 6.8.1
[3.074s] -- Searching for dependencies of ignition-sensors6-camera
[3.075s] -- Looking for ignition-sensors6 -- found version 6.8.1
[3.077s] -- Searching for <ignition-sensors6> component [boundingbox_camera]
[3.079s] -- Looking for ignition-sensors6-boundingbox_camera -- found version 6.8.1
[3.080s] -- Searching for dependencies of ignition-sensors6-boundingbox_camera
[3.081s] -- Searching for <ignition-sensors6> component [segmentation_camera]
[3.084s] -- Looking for ignition-sensors6-segmentation_camera -- found version 6.8.1
[3.085s] -- Searching for dependencies of ignition-sensors6-segmentation_camera
[3.086s] -- Searching for <ignition-sensors6> component [depth_camera]
[3.089s] -- Looking for ignition-sensors6-depth_camera -- found version 6.8.1
[3.090s] -- Searching for dependencies of ignition-sensors6-depth_camera
[3.091s] -- Looking for ignition-sensors6 -- found version 6.8.1
[3.092s] -- Searching for <ignition-sensors6> component [rgbd_camera]
[3.095s] -- Looking for ignition-sensors6-rgbd_camera -- found version 6.8.1
[3.096s] -- Searching for dependencies of ignition-sensors6-rgbd_camera
[3.097s] -- Looking for ignition-sensors6 -- found version 6.8.1
[3.098s] -- Searching for <ignition-sensors6> component [thermal_camera]
[3.102s] -- Looking for ignition-sensors6-thermal_camera -- found version 6.8.1
[3.102s] -- Searching for dependencies of ignition-sensors6-thermal_camera
[3.103s] -- Looking for ignition-sensors6 -- found version 6.8.1
[3.105s] -- Looking for ignition-rendering6 -- found version 6.6.3
[3.105s] -- Looking for ignition-math6 -- found version 6.15.1
[3.109s] -- Looking for ignition-utils1 -- found version 1.5.1
[3.140s] -- Compiling against Gazebo Fortress
[3.145s] -- Looking for gflags - found
[3.146s] 
[3.153s] -- Found ament_lint_auto: 0.12.11 (/opt/ros/humble/share/ament_lint_auto/cmake)
[3.318s] -- Found ament_cmake_gtest: 1.3.11 (/opt/ros/humble/share/ament_cmake_gtest/cmake)
[3.321s] -- Found gtest sources under '/opt/ros/humble/src/gtest_vendor': C++ tests using 'Google Test' will be built
[3.335s] -- Added test 'copyright' to check source files copyright and LICENSE
[3.337s] -- Added test 'cppcheck' to perform static code analysis on C / C++ code
[3.338s] -- Configured cppcheck include dirs: $<BUILD_INTERFACE:/home/mampane/Desktop/machine_tending_robot/workspace/ros2_kortex_ws/src/ros_gz/ros_gz_sim/include>
[3.338s] -- Configured cppcheck exclude dirs and/or files: 
[3.340s] -- Added test 'cpplint' to check C / C++ code against the Google style
[3.340s] -- Configured cpplint exclude dirs and/or files: 
[3.341s] -- Added test 'lint_cmake' to check CMake code style
[3.343s] -- Added test 'uncrustify' to check C / C++ code style
[3.344s] -- Configured uncrustify additional arguments: 
[3.344s] -- Added test 'xmllint' to check XML markup files
[3.347s] -- Configuring done
[3.378s] -- Generating done
[3.391s] -- Build files have been written to: /home/mampane/Desktop/machine_tending_robot/workspace/ros2_kortex_ws/build/ros_gz_sim
[3.413s] Invoked command in '/home/mampane/Desktop/machine_tending_robot/workspace/ros2_kortex_ws/build/ros_gz_sim' returned '0': CMAKE_PREFIX_PATH=/opt/ros/humble /usr/bin/cmake /home/mampane/Desktop/machine_tending_robot/workspace/ros2_kortex_ws/src/ros_gz/ros_gz_sim -DCMAKE_BUILD_TYPE=Release -DCMAKE_INSTALL_PREFIX=/home/mampane/Desktop/machine_tending_robot/workspace/ros2_kortex_ws/install/ros_gz_sim
[3.415s] Invoking command in '/home/mampane/Desktop/machine_tending_robot/workspace/ros2_kortex_ws/build/ros_gz_sim': CMAKE_PREFIX_PATH=/opt/ros/humble /usr/bin/cmake --build /home/mampane/Desktop/machine_tending_robot/workspace/ros2_kortex_ws/build/ros_gz_sim -- -j20 -l20
[3.495s] [ 10%] [32mBuilding CXX object CMakeFiles/create.dir/src/create.cpp.o[0m
[3.495s] [ 20%] [32mBuilding CXX object gtest/CMakeFiles/gtest.dir/src/gtest-all.cc.o[0m
[3.498s] [ 30%] [32mBuilding CXX object CMakeFiles/ros_gz_sim.dir/src/Stopwatch.cpp.o[0m
[3.509s] [ 40%] [32mBuilding CXX object gtest/CMakeFiles/gtest_main.dir/src/gtest_main.cc.o[0m
[4.894s] [ 50%] [32m[1mLinking CXX shared library libros_gz_sim.so[0m
[5.047s] [ 50%] Built target ros_gz_sim
[5.776s] [ 60%] [32m[1mLinking CXX static library libgtest_main.a[0m
[5.871s] [ 60%] Built target gtest_main
[15.103s] [ 70%] [32m[1mLinking CXX static library libgtest.a[0m
[15.206s] [ 70%] Built target gtest
[15.233s] [ 80%] [32mBuilding CXX object CMakeFiles/test_stopwatch.dir/test/test_stopwatch.cpp.o[0m
[29.388s] [ 90%] [32m[1mLinking CXX executable create[0m
[29.975s] [ 90%] Built target create
[35.306s] [100%] [32m[1mLinking CXX executable test_stopwatch[0m
[35.993s] [100%] Built target test_stopwatch
[36.065s] Invoked command in '/home/mampane/Desktop/machine_tending_robot/workspace/ros2_kortex_ws/build/ros_gz_sim' returned '0': CMAKE_PREFIX_PATH=/opt/ros/humble /usr/bin/cmake --build /home/mampane/Desktop/machine_tending_robot/workspace/ros2_kortex_ws/build/ros_gz_sim -- -j20 -l20
[36.070s] Invoking command in '/home/mampane/Desktop/machine_tending_robot/workspace/ros2_kortex_ws/build/ros_gz_sim': CMAKE_PREFIX_PATH=/opt/ros/humble /usr/bin/cmake --install /home/mampane/Desktop/machine_tending_robot/workspace/ros2_kortex_ws/build/ros_gz_sim
[36.122s] -- Install configuration: "Release"
[36.126s] -- Installing: /home/mampane/Desktop/machine_tending_robot/workspace/ros2_kortex_ws/install/ros_gz_sim/include/ros_gz_sim
[36.129s] -- Installing: /home/mampane/Desktop/machine_tending_robot/workspace/ros2_kortex_ws/install/ros_gz_sim/include/ros_gz_sim/Stopwatch.hpp
[36.131s] -- Installing: /home/mampane/Desktop/machine_tending_robot/workspace/ros2_kortex_ws/install/ros_gz_sim/share/ros_gz_sim/launch/gz_sim.launch.py
[36.132s] -- Installing: /home/mampane/Desktop/machine_tending_robot/workspace/ros2_kortex_ws/install/ros_gz_sim/lib/ros_gz_sim/create
[36.139s] -- Set runtime path of "/home/mampane/Desktop/machine_tending_robot/workspace/ros2_kortex_ws/install/ros_gz_sim/lib/ros_gz_sim/create" to ""
[36.140s] -- Installing: /home/mampane/Desktop/machine_tending_robot/workspace/ros2_kortex_ws/install/ros_gz_sim/lib/libros_gz_sim.so
[36.148s] -- Set runtime path of "/home/mampane/Desktop/machine_tending_robot/workspace/ros2_kortex_ws/install/ros_gz_sim/lib/libros_gz_sim.so" to ""
[36.149s] -- Installing: /home/mampane/Desktop/machine_tending_robot/workspace/ros2_kortex_ws/install/ros_gz_sim/lib/ros_gz_sim/test_stopwatch
[36.151s] -- Set runtime path of "/home/mampane/Desktop/machine_tending_robot/workspace/ros2_kortex_ws/install/ros_gz_sim/lib/ros_gz_sim/test_stopwatch" to ""
[36.152s] -- Installing: /home/mampane/Desktop/machine_tending_robot/workspace/ros2_kortex_ws/install/ros_gz_sim/share/ament_index/resource_index/package_run_dependencies/ros_gz_sim
[36.153s] -- Installing: /home/mampane/Desktop/machine_tending_robot/workspace/ros2_kortex_ws/install/ros_gz_sim/share/ament_index/resource_index/parent_prefix_path/ros_gz_sim
[36.153s] -- Installing: /home/mampane/Desktop/machine_tending_robot/workspace/ros2_kortex_ws/install/ros_gz_sim/share/ros_gz_sim/environment/ament_prefix_path.sh
[36.154s] -- Installing: /home/mampane/Desktop/machine_tending_robot/workspace/ros2_kortex_ws/install/ros_gz_sim/share/ros_gz_sim/environment/ament_prefix_path.dsv
[36.158s] -- Installing: /home/mampane/Desktop/machine_tending_robot/workspace/ros2_kortex_ws/install/ros_gz_sim/share/ros_gz_sim/environment/path.sh
[36.159s] -- Installing: /home/mampane/Desktop/machine_tending_robot/workspace/ros2_kortex_ws/install/ros_gz_sim/share/ros_gz_sim/environment/path.dsv
[36.161s] -- Installing: /home/mampane/Desktop/machine_tending_robot/workspace/ros2_kortex_ws/install/ros_gz_sim/share/ros_gz_sim/local_setup.bash
[36.161s] -- Installing: /home/mampane/Desktop/machine_tending_robot/workspace/ros2_kortex_ws/install/ros_gz_sim/share/ros_gz_sim/local_setup.sh
[36.162s] -- Installing: /home/mampane/Desktop/machine_tending_robot/workspace/ros2_kortex_ws/install/ros_gz_sim/share/ros_gz_sim/local_setup.zsh
[36.162s] -- Installing: /home/mampane/Desktop/machine_tending_robot/workspace/ros2_kortex_ws/install/ros_gz_sim/share/ros_gz_sim/local_setup.dsv
[36.162s] -- Installing: /home/mampane/Desktop/machine_tending_robot/workspace/ros2_kortex_ws/install/ros_gz_sim/share/ros_gz_sim/package.dsv
[36.163s] -- Installing: /home/mampane/Desktop/machine_tending_robot/workspace/ros2_kortex_ws/install/ros_gz_sim/share/ament_index/resource_index/packages/ros_gz_sim
[36.170s] -- Installing: /home/mampane/Desktop/machine_tending_robot/workspace/ros2_kortex_ws/install/ros_gz_sim/share/ros_gz_sim/cmake/ros_gz_simExport.cmake
[36.171s] -- Installing: /home/mampane/Desktop/machine_tending_robot/workspace/ros2_kortex_ws/install/ros_gz_sim/share/ros_gz_sim/cmake/ros_gz_simExport-release.cmake
[36.171s] -- Installing: /home/mampane/Desktop/machine_tending_robot/workspace/ros2_kortex_ws/install/ros_gz_sim/share/ros_gz_sim/cmake/ament_cmake_export_targets-extras.cmake
[36.171s] -- Installing: /home/mampane/Desktop/machine_tending_robot/workspace/ros2_kortex_ws/install/ros_gz_sim/share/ros_gz_sim/cmake/ament_cmake_export_dependencies-extras.cmake
[36.171s] -- Installing: /home/mampane/Desktop/machine_tending_robot/workspace/ros2_kortex_ws/install/ros_gz_sim/share/ros_gz_sim/cmake/ros_gz_simConfig.cmake
[36.172s] -- Installing: /home/mampane/Desktop/machine_tending_robot/workspace/ros2_kortex_ws/install/ros_gz_sim/share/ros_gz_sim/cmake/ros_gz_simConfig-version.cmake
[36.173s] -- Installing: /home/mampane/Desktop/machine_tending_robot/workspace/ros2_kortex_ws/install/ros_gz_sim/share/ros_gz_sim/package.xml
[36.182s] Invoked command in '/home/mampane/Desktop/machine_tending_robot/workspace/ros2_kortex_ws/build/ros_gz_sim' returned '0': CMAKE_PREFIX_PATH=/opt/ros/humble /usr/bin/cmake --install /home/mampane/Desktop/machine_tending_robot/workspace/ros2_kortex_ws/build/ros_gz_sim
