[0.011s] Invoking command in '/home/mampane/Desktop/machine_tending_robot/ros2_kortex_ws/build/ros_gz_bridge': AMENT_PREFIX_PATH=/home/mampane/Desktop/machine_tending_robot/ros2_kortex_ws/install/ros_gz_interfaces:${AMENT_PREFIX_PATH} CMAKE_PREFIX_PATH=/home/mampane/Desktop/machine_tending_robot/ros2_kortex_ws/install/ros_gz_interfaces:/home/mampane/Desktop/machine_tending_robot/workspace/ros2_kortex_ws/install/kortex_bringup:/home/mampane/Desktop/machine_tending_robot/workspace/ros2_kortex_ws/install/kinova_gen3_lite_moveit_config:/home/mampane/Desktop/machine_tending_robot/workspace/ros2_kortex_ws/install/kinova_gen3_7dof_robotiq_2f_85_moveit_config:/home/mampane/Desktop/machine_tending_robot/workspace/ros2_kortex_ws/install/kinova_gen3_6dof_robotiq_2f_85_moveit_config:/home/mampane/Desktop/machine_tending_robot/workspace/ros2_kortex_ws/install/kortex_description:/home/mampane/Desktop/machine_tending_robot/workspace/ros2_kortex_ws/install/robotiq_description:/home/mampane/Desktop/machine_tending_robot/workspace/ros2_kortex_ws/install/ros2_controllers:/home/mampane/Desktop/machine_tending_robot/workspace/ros2_kortex_ws/install/ign_ros2_control_demos:/home/mampane/Desktop/machine_tending_robot/workspace/ros2_kortex_ws/install/gazebo_ros2_control_demos:/home/mampane/Desktop/machine_tending_robot/workspace/ros2_kortex_ws/install/velocity_controllers:/home/mampane/Desktop/machine_tending_robot/workspace/ros2_kortex_ws/install/tricycle_steering_controller:/home/mampane/Desktop/machine_tending_robot/workspace/ros2_kortex_ws/install/tricycle_controller:/home/mampane/Desktop/machine_tending_robot/workspace/ros2_kortex_ws/install/ros2_control:/home/mampane/Desktop/machine_tending_robot/workspace/ros2_kortex_ws/install/transmission_interface:/home/mampane/Desktop/machine_tending_robot/workspace/ros2_kortex_ws/install/test_ros_gz_bridge:/home/mampane/Desktop/machine_tending_robot/workspace/ros2_kortex_ws/install/bicycle_steering_controller:/home/mampane/Desktop/machine_tending_robot/workspace/ros2_kortex_ws/install/ackermann_steering_controller:/home/mampane/Desktop/machine_tending_robot/workspace/ros2_kortex_ws/install/steering_controllers_library:/home/mampane/Desktop/machine_tending_robot/workspace/ros2_kortex_ws/install/robotiq_hardware_tests:/home/mampane/Desktop/machine_tending_robot/workspace/ros2_kortex_ws/install/robotiq_driver:/home/mampane/Desktop/machine_tending_robot/workspace/ros2_kortex_ws/install/serial:/home/mampane/Desktop/machine_tending_robot/workspace/ros2_kortex_ws/install/ros_ign_interfaces:/home/mampane/Desktop/machine_tending_robot/workspace/ros2_kortex_ws/install/ros_ign:/home/mampane/Desktop/machine_tending_robot/workspace/ros2_kortex_ws/install/ros_ign_image:/home/mampane/Desktop/machine_tending_robot/workspace/ros2_kortex_ws/install/ros_ign_gazebo_demos:/home/mampane/Desktop/machine_tending_robot/workspace/ros2_kortex_ws/install/gz_ros2_control_tests:/home/mampane/Desktop/machine_tending_robot/workspace/ros2_kortex_ws/install/ros_ign_gazebo:/home/mampane/Desktop/machine_tending_robot/workspace/ros2_kortex_ws/install/ros_ign_bridge:/home/mampane/Desktop/machine_tending_robot/workspace/ros2_kortex_ws/install/ros_gz:/home/mampane/Desktop/machine_tending_robot/workspace/ros2_kortex_ws/install/ros_gz_sim_demos:/home/mampane/Desktop/machine_tending_robot/workspace/ros2_kortex_ws/install/ros_gz_sim:/home/mampane/Desktop/machine_tending_robot/workspace/ros2_kortex_ws/install/ros_gz_image:/home/mampane/Desktop/machine_tending_robot/workspace/ros2_kortex_ws/install/ros_gz_bridge:/home/mampane/Desktop/machine_tending_robot/workspace/ros2_kortex_ws/install/ros_gz_interfaces:/home/mampane/Desktop/machine_tending_robot/workspace/ros2_kortex_ws/install/ign_ros2_control:/home/mampane/Desktop/machine_tending_robot/workspace/ros2_kortex_ws/install/hardware_interface_testing:/home/mampane/Desktop/machine_tending_robot/workspace/ros2_kortex_ws/install/gazebo_ros2_control:/home/mampane/Desktop/machine_tending_robot/workspace/ros2_kortex_ws/install/controller_manager:/home/mampane/Desktop/machine_tending_robot/workspace/ros2_kortex_ws/install/ros2_control_test_assets:/home/mampane/Desktop/machine_tending_robot/workspace/ros2_kortex_ws/install/robotiq_controllers:/home/mampane/Desktop/machine_tending_robot/workspace/ros2_kortex_ws/install/range_sensor_broadcaster:/home/mampane/Desktop/machine_tending_robot/workspace/ros2_kortex_ws/install/position_controllers:/home/mampane/Desktop/machine_tending_robot/workspace/ros2_kortex_ws/install/pose_broadcaster:/home/mampane/Desktop/machine_tending_robot/workspace/ros2_kortex_ws/install/pid_controller:/home/mampane/Desktop/machine_tending_robot/workspace/ros2_kortex_ws/install/picknik_twist_controller:/home/mampane/Desktop/machine_tending_robot/workspace/ros2_kortex_ws/install/picknik_reset_fault_controller:/home/mampane/Desktop/machine_tending_robot/workspace/ros2_kortex_ws/install/mecanum_drive_controller:/home/mampane/Desktop/machine_tending_robot/workspace/ros2_kortex_ws/install/joint_trajectory_controller:/home/mampane/Desktop/machine_tending_robot/workspace/ros2_kortex_ws/install/joint_state_broadcaster:/home/mampane/Desktop/machine_tending_robot/workspace/ros2_kortex_ws/install/imu_sensor_broadcaster:/home/mampane/Desktop/machine_tending_robot/workspace/ros2_kortex_ws/install/gripper_controllers:/home/mampane/Desktop/machine_tending_robot/workspace/ros2_kortex_ws/install/gpio_controllers:/home/mampane/Desktop/machine_tending_robot/workspace/ros2_kortex_ws/install/effort_controllers:/home/mampane/Desktop/machine_tending_robot/workspace/ros2_kortex_ws/install/forward_command_controller:/home/mampane/Desktop/machine_tending_robot/workspace/ros2_kortex_ws/install/force_torque_sensor_broadcaster:/home/mampane/Desktop/machine_tending_robot/workspace/ros2_kortex_ws/install/diff_drive_controller:/home/mampane/Desktop/machine_tending_robot/workspace/ros2_kortex_ws/install/admittance_controller:/home/mampane/Desktop/machine_tending_robot/workspace/ros2_kortex_ws/install/realtime_tools:/home/mampane/Desktop/machine_tending_robot/workspace/ros2_kortex_ws/install/kortex_driver:/home/mampane/Desktop/machine_tending_robot/workspace/ros2_kortex_ws/install/kortex_api:/home/mampane/Desktop/machine_tending_robot/workspace/ros2_kortex_ws/install/joint_limits:/home/mampane/Desktop/machine_tending_robot/workspace/ros2_kortex_ws/install/controller_interface:/home/mampane/Desktop/machine_tending_robot/workspace/ros2_kortex_ws/install/hardware_interface:/home/mampane/Desktop/machine_tending_robot/workspace/ros2_kortex_ws/install/controller_manager_msgs:/home/mampane/Desktop/machine_tending_robot/workspace/ros2_kortex_ws/install/control_msgs:/home/mampane/Desktop/machine_tending_robot/workspace/ros2_kortex_ws/install/rqt_joint_trajectory_controller:/home/mampane/Desktop/machine_tending_robot/workspace/ros2_kortex_ws/install/rqt_controller_manager:/home/mampane/Desktop/machine_tending_robot/workspace/ros2_kortex_ws/install/ros2controlcli:/home/mampane/Desktop/machine_tending_robot/workspace/ros2_kortex_ws/install/ros2_controllers_test_nodes:/opt/ros/humble LD_LIBRARY_PATH=/home/mampane/Desktop/machine_tending_robot/ros2_kortex_ws/install/ros_gz_interfaces/lib:${LD_LIBRARY_PATH} PYTHONPATH=/home/mampane/Desktop/machine_tending_robot/ros2_kortex_ws/install/ros_gz_interfaces/local/lib/python3.10/dist-packages:${PYTHONPATH} /usr/bin/cmake /home/mampane/Desktop/machine_tending_robot/ros2_kortex_ws/src/ros_gz/ros_gz_bridge -DCMAKE_BUILD_TYPE=Release -DCMAKE_INSTALL_PREFIX=/home/mampane/Desktop/machine_tending_robot/ros2_kortex_ws/install/ros_gz_bridge
[0.058s] -- The C compiler identification is GNU 11.4.0
[0.098s] -- The CXX compiler identification is GNU 11.4.0
[0.104s] -- Detecting C compiler ABI info
[0.169s] -- Detecting C compiler ABI info - done
[0.175s] -- Check for working C compiler: /usr/bin/cc - skipped
[0.175s] -- Detecting C compile features
[0.176s] -- Detecting C compile features - done
[0.178s] -- Detecting CXX compiler ABI info
[0.244s] -- Detecting CXX compiler ABI info - done
[0.252s] -- Check for working CXX compiler: /usr/bin/c++ - skipped
[0.252s] -- Detecting CXX compile features
[0.252s] -- Detecting CXX compile features - done
[0.254s] -- Found ament_cmake: 1.3.11 (/opt/ros/humble/share/ament_cmake/cmake)
[0.365s] -- Found Python3: /usr/bin/python3 (found version "3.10.12") found components: Interpreter 
[0.423s] -- Found rclcpp: 16.0.11 (/opt/ros/humble/share/rclcpp/cmake)
[0.455s] -- Found rosidl_generator_c: 3.1.6 (/opt/ros/humble/share/rosidl_generator_c/cmake)
[0.458s] -- Found rosidl_adapter: 3.1.6 (/opt/ros/humble/share/rosidl_adapter/cmake)
[0.463s] -- Found rosidl_generator_cpp: 3.1.6 (/opt/ros/humble/share/rosidl_generator_cpp/cmake)
[0.471s] -- Using all available rosidl_typesupport_c: rosidl_typesupport_fastrtps_c;rosidl_typesupport_introspection_c
[0.483s] -- Using all available rosidl_typesupport_cpp: rosidl_typesupport_fastrtps_cpp;rosidl_typesupport_introspection_cpp
[0.511s] -- Found rmw_implementation_cmake: 6.1.2 (/opt/ros/humble/share/rmw_implementation_cmake/cmake)
[0.514s] -- Found rmw_fastrtps_cpp: 6.2.7 (/opt/ros/humble/share/rmw_fastrtps_cpp/cmake)
[0.592s] -- Found OpenSSL: /usr/lib/x86_64-linux-gnu/libcrypto.so (found version "3.0.2")  
[0.616s] -- Found FastRTPS: /opt/ros/humble/include  
[0.648s] -- Using RMW implementation 'rmw_fastrtps_cpp' as default
[0.653s] -- Looking for pthread.h
[0.714s] -- Looking for pthread.h - found
[0.714s] -- Performing Test CMAKE_HAVE_LIBC_PTHREAD
[0.773s] -- Performing Test CMAKE_HAVE_LIBC_PTHREAD - Success
[0.774s] -- Found Threads: TRUE  
[0.806s] -- Found rclcpp_components: 16.0.11 (/opt/ros/humble/share/rclcpp_components/cmake)
[0.824s] -- Found yaml_cpp_vendor: 8.0.2 (/opt/ros/humble/share/yaml_cpp_vendor/cmake)
[0.826s] -- Looking for ignition-transport11 -- found version 11.4.1
[0.830s] -- Searching for dependencies of ignition-transport11
[0.850s] -- Found Protobuf: /usr/lib/x86_64-linux-gnu/libprotobuf.so (found version "3.12.4") 
[0.862s] -- Config-file not installed for ZeroMQ -- checking for pkg-config
[0.867s] -- Checking for module 'libzmq >= 4'
[0.884s] --   Found libzmq , version 4.3.4
[0.917s] -- Found ZeroMQ: TRUE (Required is at least version "4") 
[0.923s] -- Checking for module 'uuid'
[0.939s] --   Found uuid, version 2.37.2
[0.972s] -- Found UUID: TRUE  
[0.974s] -- Looking for ignition-utils1 -- found version 1.5.1
[0.974s] -- Searching for dependencies of ignition-utils1
[0.975s] -- Searching for <ignition-utils1> component [cli]
[0.977s] -- Looking for ignition-utils1-cli -- found version 1.5.1
[0.977s] -- Searching for dependencies of ignition-utils1-cli
[0.980s] -- Looking for ignition-msgs8 -- found version 8.7.0
[0.980s] -- Searching for dependencies of ignition-msgs8
[0.993s] -- Found Protobuf: /usr/lib/x86_64-linux-gnu/libprotobuf.so (found suitable version "3.12.4", minimum required is "3") 
[0.996s] -- Looking for ignition-math6 -- found version 6.15.1
[0.996s] -- Searching for dependencies of ignition-math6
[1.002s] -- Checking for module 'tinyxml2'
[1.018s] --   Found tinyxml2, version 9.0.0
[1.053s] -- Looking for ignition-msgs8 -- found version 8.7.0
[1.053s] -- Compiling against Ignition Fortress
[1.053s] -- Found builtin_interfaces: 1.2.1 (/opt/ros/humble/share/builtin_interfaces/cmake)
[1.061s] -- Found actuator_msgs: 0.0.1 (/opt/ros/humble/share/actuator_msgs/cmake)
[1.070s] -- Found geometry_msgs: 4.2.4 (/opt/ros/humble/share/geometry_msgs/cmake)
[1.078s] -- Found gps_msgs: 2.0.4 (/opt/ros/humble/share/gps_msgs/cmake)
[1.088s] -- Found nav_msgs: 4.2.4 (/opt/ros/humble/share/nav_msgs/cmake)
[1.088s] -- Found rcl_interfaces: 1.2.1 (/opt/ros/humble/share/rcl_interfaces/cmake)
[1.100s] -- Found ros_gz_interfaces: 0.244.16 (/home/mampane/Desktop/machine_tending_robot/ros2_kortex_ws/install/ros_gz_interfaces/share/ros_gz_interfaces/cmake)
[1.100s] -- Found rosgraph_msgs: 1.2.1 (/opt/ros/humble/share/rosgraph_msgs/cmake)
[1.111s] -- Found sensor_msgs: 4.2.4 (/opt/ros/humble/share/sensor_msgs/cmake)
[1.111s] -- Found std_msgs: 4.2.4 (/opt/ros/humble/share/std_msgs/cmake)
[1.138s] -- Found tf2_msgs: 0.25.12 (/opt/ros/humble/share/tf2_msgs/cmake)
[1.149s] -- Found trajectory_msgs: 4.2.4 (/opt/ros/humble/share/trajectory_msgs/cmake)
[1.159s] -- Found vision_msgs: 4.1.1 (/opt/ros/humble/share/vision_msgs/cmake)
[1.304s] -- Found ament_lint_auto: 0.12.11 (/opt/ros/humble/share/ament_lint_auto/cmake)
[1.366s] -- Found python_cmake_module: 0.10.0 (/opt/ros/humble/share/python_cmake_module/cmake)
[1.383s] -- Found PythonInterp: /usr/bin/python3 (found suitable version "3.10.12", minimum required is "3.6") 
[1.387s] -- Found PythonLibs: /usr/lib/x86_64-linux-gnu/libpython3.10.so (found suitable version "3.10.12", minimum required is "3.5") 
[1.388s] -- Using PYTHON_EXECUTABLE: /usr/bin/python3
[1.388s] -- Using PYTHON_INCLUDE_DIRS: /usr/include/python3.10
[1.388s] -- Using PYTHON_LIBRARIES: /usr/lib/x86_64-linux-gnu/libpython3.10.so
[1.404s] -- Found PythonExtra: .so  
[1.418s] -- Found gtest sources under '/opt/ros/humble/src/gtest_vendor': C++ tests using 'Google Test' will be built
[1.454s] -- Added test 'copyright' to check source files copyright and LICENSE
[1.456s] -- Added test 'cppcheck' to perform static code analysis on C / C++ code
[1.457s] -- Configured cppcheck include dirs: $<BUILD_INTERFACE:/home/mampane/Desktop/machine_tending_robot/ros2_kortex_ws/src/ros_gz/ros_gz_bridge/include>;$<BUILD_INTERFACE:/home/mampane/Desktop/machine_tending_robot/ros2_kortex_ws/src/ros_gz/ros_gz_bridge/src>;/home/mampane/Desktop/machine_tending_robot/ros2_kortex_ws/src/ros_gz/ros_gz_bridge/include;/home/mampane/Desktop/machine_tending_robot/ros2_kortex_ws/src/ros_gz/ros_gz_bridge/test;/home/mampane/Desktop/machine_tending_robot/ros2_kortex_ws/src/ros_gz/ros_gz_bridge/test/subscribers;/home/mampane/Desktop/machine_tending_robot/ros2_kortex_ws/src/ros_gz/ros_gz_bridge/src
[1.457s] -- Configured cppcheck exclude dirs and/or files: 
[1.459s] -- Added test 'cpplint' to check C / C++ code against the Google style
[1.459s] -- Configured cpplint exclude dirs and/or files: 
[1.460s] -- Added test 'flake8' to check Python code syntax and style conventions
[1.462s] -- Added test 'lint_cmake' to check CMake code style
[1.463s] -- Added test 'pep257' to check Python code against some of the docstring style conventions in PEP 257
[1.465s] -- Added test 'uncrustify' to check C / C++ code style
[1.465s] -- Configured uncrustify additional arguments: 
[1.466s] -- Added test 'xmllint' to check XML markup files
[1.469s] -- Configuring done
[1.530s] -- Generating done
[1.553s] -- Build files have been written to: /home/mampane/Desktop/machine_tending_robot/ros2_kortex_ws/build/ros_gz_bridge
[1.563s] Invoked command in '/home/mampane/Desktop/machine_tending_robot/ros2_kortex_ws/build/ros_gz_bridge' returned '0': AMENT_PREFIX_PATH=/home/mampane/Desktop/machine_tending_robot/ros2_kortex_ws/install/ros_gz_interfaces:${AMENT_PREFIX_PATH} CMAKE_PREFIX_PATH=/home/mampane/Desktop/machine_tending_robot/ros2_kortex_ws/install/ros_gz_interfaces:/home/mampane/Desktop/machine_tending_robot/workspace/ros2_kortex_ws/install/kortex_bringup:/home/mampane/Desktop/machine_tending_robot/workspace/ros2_kortex_ws/install/kinova_gen3_lite_moveit_config:/home/mampane/Desktop/machine_tending_robot/workspace/ros2_kortex_ws/install/kinova_gen3_7dof_robotiq_2f_85_moveit_config:/home/mampane/Desktop/machine_tending_robot/workspace/ros2_kortex_ws/install/kinova_gen3_6dof_robotiq_2f_85_moveit_config:/home/mampane/Desktop/machine_tending_robot/workspace/ros2_kortex_ws/install/kortex_description:/home/mampane/Desktop/machine_tending_robot/workspace/ros2_kortex_ws/install/robotiq_description:/home/mampane/Desktop/machine_tending_robot/workspace/ros2_kortex_ws/install/ros2_controllers:/home/mampane/Desktop/machine_tending_robot/workspace/ros2_kortex_ws/install/ign_ros2_control_demos:/home/mampane/Desktop/machine_tending_robot/workspace/ros2_kortex_ws/install/gazebo_ros2_control_demos:/home/mampane/Desktop/machine_tending_robot/workspace/ros2_kortex_ws/install/velocity_controllers:/home/mampane/Desktop/machine_tending_robot/workspace/ros2_kortex_ws/install/tricycle_steering_controller:/home/mampane/Desktop/machine_tending_robot/workspace/ros2_kortex_ws/install/tricycle_controller:/home/mampane/Desktop/machine_tending_robot/workspace/ros2_kortex_ws/install/ros2_control:/home/mampane/Desktop/machine_tending_robot/workspace/ros2_kortex_ws/install/transmission_interface:/home/mampane/Desktop/machine_tending_robot/workspace/ros2_kortex_ws/install/test_ros_gz_bridge:/home/mampane/Desktop/machine_tending_robot/workspace/ros2_kortex_ws/install/bicycle_steering_controller:/home/mampane/Desktop/machine_tending_robot/workspace/ros2_kortex_ws/install/ackermann_steering_controller:/home/mampane/Desktop/machine_tending_robot/workspace/ros2_kortex_ws/install/steering_controllers_library:/home/mampane/Desktop/machine_tending_robot/workspace/ros2_kortex_ws/install/robotiq_hardware_tests:/home/mampane/Desktop/machine_tending_robot/workspace/ros2_kortex_ws/install/robotiq_driver:/home/mampane/Desktop/machine_tending_robot/workspace/ros2_kortex_ws/install/serial:/home/mampane/Desktop/machine_tending_robot/workspace/ros2_kortex_ws/install/ros_ign_interfaces:/home/mampane/Desktop/machine_tending_robot/workspace/ros2_kortex_ws/install/ros_ign:/home/mampane/Desktop/machine_tending_robot/workspace/ros2_kortex_ws/install/ros_ign_image:/home/mampane/Desktop/machine_tending_robot/workspace/ros2_kortex_ws/install/ros_ign_gazebo_demos:/home/mampane/Desktop/machine_tending_robot/workspace/ros2_kortex_ws/install/gz_ros2_control_tests:/home/mampane/Desktop/machine_tending_robot/workspace/ros2_kortex_ws/install/ros_ign_gazebo:/home/mampane/Desktop/machine_tending_robot/workspace/ros2_kortex_ws/install/ros_ign_bridge:/home/mampane/Desktop/machine_tending_robot/workspace/ros2_kortex_ws/install/ros_gz:/home/mampane/Desktop/machine_tending_robot/workspace/ros2_kortex_ws/install/ros_gz_sim_demos:/home/mampane/Desktop/machine_tending_robot/workspace/ros2_kortex_ws/install/ros_gz_sim:/home/mampane/Desktop/machine_tending_robot/workspace/ros2_kortex_ws/install/ros_gz_image:/home/mampane/Desktop/machine_tending_robot/workspace/ros2_kortex_ws/install/ros_gz_bridge:/home/mampane/Desktop/machine_tending_robot/workspace/ros2_kortex_ws/install/ros_gz_interfaces:/home/mampane/Desktop/machine_tending_robot/workspace/ros2_kortex_ws/install/ign_ros2_control:/home/mampane/Desktop/machine_tending_robot/workspace/ros2_kortex_ws/install/hardware_interface_testing:/home/mampane/Desktop/machine_tending_robot/workspace/ros2_kortex_ws/install/gazebo_ros2_control:/home/mampane/Desktop/machine_tending_robot/workspace/ros2_kortex_ws/install/controller_manager:/home/mampane/Desktop/machine_tending_robot/workspace/ros2_kortex_ws/install/ros2_control_test_assets:/home/mampane/Desktop/machine_tending_robot/workspace/ros2_kortex_ws/install/robotiq_controllers:/home/mampane/Desktop/machine_tending_robot/workspace/ros2_kortex_ws/install/range_sensor_broadcaster:/home/mampane/Desktop/machine_tending_robot/workspace/ros2_kortex_ws/install/position_controllers:/home/mampane/Desktop/machine_tending_robot/workspace/ros2_kortex_ws/install/pose_broadcaster:/home/mampane/Desktop/machine_tending_robot/workspace/ros2_kortex_ws/install/pid_controller:/home/mampane/Desktop/machine_tending_robot/workspace/ros2_kortex_ws/install/picknik_twist_controller:/home/mampane/Desktop/machine_tending_robot/workspace/ros2_kortex_ws/install/picknik_reset_fault_controller:/home/mampane/Desktop/machine_tending_robot/workspace/ros2_kortex_ws/install/mecanum_drive_controller:/home/mampane/Desktop/machine_tending_robot/workspace/ros2_kortex_ws/install/joint_trajectory_controller:/home/mampane/Desktop/machine_tending_robot/workspace/ros2_kortex_ws/install/joint_state_broadcaster:/home/mampane/Desktop/machine_tending_robot/workspace/ros2_kortex_ws/install/imu_sensor_broadcaster:/home/mampane/Desktop/machine_tending_robot/workspace/ros2_kortex_ws/install/gripper_controllers:/home/mampane/Desktop/machine_tending_robot/workspace/ros2_kortex_ws/install/gpio_controllers:/home/mampane/Desktop/machine_tending_robot/workspace/ros2_kortex_ws/install/effort_controllers:/home/mampane/Desktop/machine_tending_robot/workspace/ros2_kortex_ws/install/forward_command_controller:/home/mampane/Desktop/machine_tending_robot/workspace/ros2_kortex_ws/install/force_torque_sensor_broadcaster:/home/mampane/Desktop/machine_tending_robot/workspace/ros2_kortex_ws/install/diff_drive_controller:/home/mampane/Desktop/machine_tending_robot/workspace/ros2_kortex_ws/install/admittance_controller:/home/mampane/Desktop/machine_tending_robot/workspace/ros2_kortex_ws/install/realtime_tools:/home/mampane/Desktop/machine_tending_robot/workspace/ros2_kortex_ws/install/kortex_driver:/home/mampane/Desktop/machine_tending_robot/workspace/ros2_kortex_ws/install/kortex_api:/home/mampane/Desktop/machine_tending_robot/workspace/ros2_kortex_ws/install/joint_limits:/home/mampane/Desktop/machine_tending_robot/workspace/ros2_kortex_ws/install/controller_interface:/home/mampane/Desktop/machine_tending_robot/workspace/ros2_kortex_ws/install/hardware_interface:/home/mampane/Desktop/machine_tending_robot/workspace/ros2_kortex_ws/install/controller_manager_msgs:/home/mampane/Desktop/machine_tending_robot/workspace/ros2_kortex_ws/install/control_msgs:/home/mampane/Desktop/machine_tending_robot/workspace/ros2_kortex_ws/install/rqt_joint_trajectory_controller:/home/mampane/Desktop/machine_tending_robot/workspace/ros2_kortex_ws/install/rqt_controller_manager:/home/mampane/Desktop/machine_tending_robot/workspace/ros2_kortex_ws/install/ros2controlcli:/home/mampane/Desktop/machine_tending_robot/workspace/ros2_kortex_ws/install/ros2_controllers_test_nodes:/opt/ros/humble LD_LIBRARY_PATH=/home/mampane/Desktop/machine_tending_robot/ros2_kortex_ws/install/ros_gz_interfaces/lib:${LD_LIBRARY_PATH} PYTHONPATH=/home/mampane/Desktop/machine_tending_robot/ros2_kortex_ws/install/ros_gz_interfaces/local/lib/python3.10/dist-packages:${PYTHONPATH} /usr/bin/cmake /home/mampane/Desktop/machine_tending_robot/ros2_kortex_ws/src/ros_gz/ros_gz_bridge -DCMAKE_BUILD_TYPE=Release -DCMAKE_INSTALL_PREFIX=/home/mampane/Desktop/machine_tending_robot/ros2_kortex_ws/install/ros_gz_bridge
[1.565s] Invoking command in '/home/mampane/Desktop/machine_tending_robot/ros2_kortex_ws/build/ros_gz_bridge': AMENT_PREFIX_PATH=/home/mampane/Desktop/machine_tending_robot/ros2_kortex_ws/install/ros_gz_interfaces:${AMENT_PREFIX_PATH} CMAKE_PREFIX_PATH=/home/mampane/Desktop/machine_tending_robot/ros2_kortex_ws/install/ros_gz_interfaces:/home/mampane/Desktop/machine_tending_robot/workspace/ros2_kortex_ws/install/kortex_bringup:/home/mampane/Desktop/machine_tending_robot/workspace/ros2_kortex_ws/install/kinova_gen3_lite_moveit_config:/home/mampane/Desktop/machine_tending_robot/workspace/ros2_kortex_ws/install/kinova_gen3_7dof_robotiq_2f_85_moveit_config:/home/mampane/Desktop/machine_tending_robot/workspace/ros2_kortex_ws/install/kinova_gen3_6dof_robotiq_2f_85_moveit_config:/home/mampane/Desktop/machine_tending_robot/workspace/ros2_kortex_ws/install/kortex_description:/home/mampane/Desktop/machine_tending_robot/workspace/ros2_kortex_ws/install/robotiq_description:/home/mampane/Desktop/machine_tending_robot/workspace/ros2_kortex_ws/install/ros2_controllers:/home/mampane/Desktop/machine_tending_robot/workspace/ros2_kortex_ws/install/ign_ros2_control_demos:/home/mampane/Desktop/machine_tending_robot/workspace/ros2_kortex_ws/install/gazebo_ros2_control_demos:/home/mampane/Desktop/machine_tending_robot/workspace/ros2_kortex_ws/install/velocity_controllers:/home/mampane/Desktop/machine_tending_robot/workspace/ros2_kortex_ws/install/tricycle_steering_controller:/home/mampane/Desktop/machine_tending_robot/workspace/ros2_kortex_ws/install/tricycle_controller:/home/mampane/Desktop/machine_tending_robot/workspace/ros2_kortex_ws/install/ros2_control:/home/mampane/Desktop/machine_tending_robot/workspace/ros2_kortex_ws/install/transmission_interface:/home/mampane/Desktop/machine_tending_robot/workspace/ros2_kortex_ws/install/test_ros_gz_bridge:/home/mampane/Desktop/machine_tending_robot/workspace/ros2_kortex_ws/install/bicycle_steering_controller:/home/mampane/Desktop/machine_tending_robot/workspace/ros2_kortex_ws/install/ackermann_steering_controller:/home/mampane/Desktop/machine_tending_robot/workspace/ros2_kortex_ws/install/steering_controllers_library:/home/mampane/Desktop/machine_tending_robot/workspace/ros2_kortex_ws/install/robotiq_hardware_tests:/home/mampane/Desktop/machine_tending_robot/workspace/ros2_kortex_ws/install/robotiq_driver:/home/mampane/Desktop/machine_tending_robot/workspace/ros2_kortex_ws/install/serial:/home/mampane/Desktop/machine_tending_robot/workspace/ros2_kortex_ws/install/ros_ign_interfaces:/home/mampane/Desktop/machine_tending_robot/workspace/ros2_kortex_ws/install/ros_ign:/home/mampane/Desktop/machine_tending_robot/workspace/ros2_kortex_ws/install/ros_ign_image:/home/mampane/Desktop/machine_tending_robot/workspace/ros2_kortex_ws/install/ros_ign_gazebo_demos:/home/mampane/Desktop/machine_tending_robot/workspace/ros2_kortex_ws/install/gz_ros2_control_tests:/home/mampane/Desktop/machine_tending_robot/workspace/ros2_kortex_ws/install/ros_ign_gazebo:/home/mampane/Desktop/machine_tending_robot/workspace/ros2_kortex_ws/install/ros_ign_bridge:/home/mampane/Desktop/machine_tending_robot/workspace/ros2_kortex_ws/install/ros_gz:/home/mampane/Desktop/machine_tending_robot/workspace/ros2_kortex_ws/install/ros_gz_sim_demos:/home/mampane/Desktop/machine_tending_robot/workspace/ros2_kortex_ws/install/ros_gz_sim:/home/mampane/Desktop/machine_tending_robot/workspace/ros2_kortex_ws/install/ros_gz_image:/home/mampane/Desktop/machine_tending_robot/workspace/ros2_kortex_ws/install/ros_gz_bridge:/home/mampane/Desktop/machine_tending_robot/workspace/ros2_kortex_ws/install/ros_gz_interfaces:/home/mampane/Desktop/machine_tending_robot/workspace/ros2_kortex_ws/install/ign_ros2_control:/home/mampane/Desktop/machine_tending_robot/workspace/ros2_kortex_ws/install/hardware_interface_testing:/home/mampane/Desktop/machine_tending_robot/workspace/ros2_kortex_ws/install/gazebo_ros2_control:/home/mampane/Desktop/machine_tending_robot/workspace/ros2_kortex_ws/install/controller_manager:/home/mampane/Desktop/machine_tending_robot/workspace/ros2_kortex_ws/install/ros2_control_test_assets:/home/mampane/Desktop/machine_tending_robot/workspace/ros2_kortex_ws/install/robotiq_controllers:/home/mampane/Desktop/machine_tending_robot/workspace/ros2_kortex_ws/install/range_sensor_broadcaster:/home/mampane/Desktop/machine_tending_robot/workspace/ros2_kortex_ws/install/position_controllers:/home/mampane/Desktop/machine_tending_robot/workspace/ros2_kortex_ws/install/pose_broadcaster:/home/mampane/Desktop/machine_tending_robot/workspace/ros2_kortex_ws/install/pid_controller:/home/mampane/Desktop/machine_tending_robot/workspace/ros2_kortex_ws/install/picknik_twist_controller:/home/mampane/Desktop/machine_tending_robot/workspace/ros2_kortex_ws/install/picknik_reset_fault_controller:/home/mampane/Desktop/machine_tending_robot/workspace/ros2_kortex_ws/install/mecanum_drive_controller:/home/mampane/Desktop/machine_tending_robot/workspace/ros2_kortex_ws/install/joint_trajectory_controller:/home/mampane/Desktop/machine_tending_robot/workspace/ros2_kortex_ws/install/joint_state_broadcaster:/home/mampane/Desktop/machine_tending_robot/workspace/ros2_kortex_ws/install/imu_sensor_broadcaster:/home/mampane/Desktop/machine_tending_robot/workspace/ros2_kortex_ws/install/gripper_controllers:/home/mampane/Desktop/machine_tending_robot/workspace/ros2_kortex_ws/install/gpio_controllers:/home/mampane/Desktop/machine_tending_robot/workspace/ros2_kortex_ws/install/effort_controllers:/home/mampane/Desktop/machine_tending_robot/workspace/ros2_kortex_ws/install/forward_command_controller:/home/mampane/Desktop/machine_tending_robot/workspace/ros2_kortex_ws/install/force_torque_sensor_broadcaster:/home/mampane/Desktop/machine_tending_robot/workspace/ros2_kortex_ws/install/diff_drive_controller:/home/mampane/Desktop/machine_tending_robot/workspace/ros2_kortex_ws/install/admittance_controller:/home/mampane/Desktop/machine_tending_robot/workspace/ros2_kortex_ws/install/realtime_tools:/home/mampane/Desktop/machine_tending_robot/workspace/ros2_kortex_ws/install/kortex_driver:/home/mampane/Desktop/machine_tending_robot/workspace/ros2_kortex_ws/install/kortex_api:/home/mampane/Desktop/machine_tending_robot/workspace/ros2_kortex_ws/install/joint_limits:/home/mampane/Desktop/machine_tending_robot/workspace/ros2_kortex_ws/install/controller_interface:/home/mampane/Desktop/machine_tending_robot/workspace/ros2_kortex_ws/install/hardware_interface:/home/mampane/Desktop/machine_tending_robot/workspace/ros2_kortex_ws/install/controller_manager_msgs:/home/mampane/Desktop/machine_tending_robot/workspace/ros2_kortex_ws/install/control_msgs:/home/mampane/Desktop/machine_tending_robot/workspace/ros2_kortex_ws/install/rqt_joint_trajectory_controller:/home/mampane/Desktop/machine_tending_robot/workspace/ros2_kortex_ws/install/rqt_controller_manager:/home/mampane/Desktop/machine_tending_robot/workspace/ros2_kortex_ws/install/ros2controlcli:/home/mampane/Desktop/machine_tending_robot/workspace/ros2_kortex_ws/install/ros2_controllers_test_nodes:/opt/ros/humble LD_LIBRARY_PATH=/home/mampane/Desktop/machine_tending_robot/ros2_kortex_ws/install/ros_gz_interfaces/lib:${LD_LIBRARY_PATH} PYTHONPATH=/home/mampane/Desktop/machine_tending_robot/ros2_kortex_ws/install/ros_gz_interfaces/local/lib/python3.10/dist-packages:${PYTHONPATH} /usr/bin/cmake --build /home/mampane/Desktop/machine_tending_robot/ros2_kortex_ws/build/ros_gz_bridge -- -j20 -l20
[1.599s] [  1%] [34m[1mGenerating factories for interface types[0m
[1.607s] [  2%] [32mBuilding CXX object gtest/CMakeFiles/gtest.dir/src/gtest-all.cc.o[0m
[1.608s] [  3%] [32mBuilding CXX object CMakeFiles/bridge_node.dir/rclcpp_components/node_main_bridge_node.cpp.o[0m
[1.609s] [  4%] [32mBuilding CXX object gtest/CMakeFiles/gtest_main.dir/src/gtest_main.cc.o[0m
[1.722s] [  5%] [32mBuilding CXX object CMakeFiles/ros_gz_bridge.dir/src/bridge_handle_ros_to_gz.cpp.o[0m
[1.722s] [  6%] [32mBuilding CXX object CMakeFiles/ros_gz_bridge.dir/src/service_factories/ros_gz_interfaces.cpp.o[0m
[1.722s] [  7%] [32mBuilding CXX object CMakeFiles/ros_gz_bridge.dir/src/bridge_handle.cpp.o[0m
[1.722s] [ 10%] [32mBuilding CXX object CMakeFiles/ros_gz_bridge.dir/src/ros_gz_bridge.cpp.o[0m
[1.722s] [  8%] [32mBuilding CXX object CMakeFiles/ros_gz_bridge.dir/src/bridge_handle_gz_to_ros.cpp.o[0m
[1.722s] [ 10%] [32mBuilding CXX object CMakeFiles/ros_gz_bridge.dir/src/convert/utils.cpp.o[0m
[1.722s] [ 12%] [32mBuilding CXX object CMakeFiles/ros_gz_bridge.dir/src/convert/geometry_msgs.cpp.o[0m
[1.722s] [ 13%] [32mBuilding CXX object CMakeFiles/ros_gz_bridge.dir/src/bridge_config.cpp.o[0m
[1.723s] [ 14%] [32mBuilding CXX object CMakeFiles/ros_gz_bridge.dir/src/convert/actuator_msgs.cpp.o[0m
[1.724s] [ 16%] [32mBuilding CXX object CMakeFiles/ros_gz_bridge.dir/src/service_factory_interface.cpp.o[0m
[1.724s] [ 15%] [32mBuilding CXX object CMakeFiles/ros_gz_bridge.dir/src/convert/builtin_interfaces.cpp.o[0m
[1.724s] [ 18%] [32mBuilding CXX object CMakeFiles/ros_gz_bridge.dir/src/convert/gps_msgs.cpp.o[0m
[1.727s] [ 18%] [32mBuilding CXX object CMakeFiles/ros_gz_bridge.dir/src/factory_interface.cpp.o[0m
[1.727s] [ 19%] [32mBuilding CXX object CMakeFiles/ros_gz_bridge.dir/src/convert/nav_msgs.cpp.o[0m
[1.728s] [ 20%] [32mBuilding CXX object CMakeFiles/ros_gz_bridge.dir/src/convert/ros_gz_interfaces.cpp.o[0m
[1.728s] [ 21%] [32mBuilding CXX object CMakeFiles/ros_gz_bridge.dir/src/convert/rcl_interfaces.cpp.o[0m
[1.730s] [ 23%] [32mBuilding CXX object CMakeFiles/ros_gz_bridge.dir/src/convert/rosgraph_msgs.cpp.o[0m
[2.087s] [ 24%] [32mBuilding CXX object CMakeFiles/ros_gz_bridge.dir/src/convert/sensor_msgs.cpp.o[0m
[2.860s] [ 25%] [32m[1mLinking CXX static library libgtest_main.a[0m
[2.911s] [ 26%] [32mBuilding CXX object CMakeFiles/ros_gz_bridge.dir/src/convert/std_msgs.cpp.o[0m
[3.007s] [ 26%] Built target gtest_main
[3.032s] [ 27%] [32mBuilding CXX object CMakeFiles/ros_gz_bridge.dir/src/convert/tf2_msgs.cpp.o[0m
[3.084s] [ 28%] [32mBuilding CXX object CMakeFiles/ros_gz_bridge.dir/src/convert/trajectory_msgs.cpp.o[0m
[3.570s] [ 29%] [32mBuilding CXX object CMakeFiles/ros_gz_bridge.dir/generated/get_factory.cpp.o[0m
[3.576s] [ 30%] [32mBuilding CXX object CMakeFiles/ros_gz_bridge.dir/src/convert/vision_msgs.cpp.o[0m
[3.603s] [ 31%] [32mBuilding CXX object CMakeFiles/ros_gz_bridge.dir/generated/get_mappings.cpp.o[0m
[3.943s] [ 32%] [32mBuilding CXX object CMakeFiles/ros_gz_bridge.dir/generated/factories/builtin_interfaces.cpp.o[0m
[4.391s] [ 34%] [32mBuilding CXX object CMakeFiles/ros_gz_bridge.dir/generated/factories/actuator_msgs.cpp.o[0m
[4.524s] [ 35%] [32mBuilding CXX object CMakeFiles/ros_gz_bridge.dir/generated/factories/geometry_msgs.cpp.o[0m
[4.972s] [ 36%] [32mBuilding CXX object CMakeFiles/ros_gz_bridge.dir/generated/factories/gps_msgs.cpp.o[0m
[5.046s] [ 37%] [32mBuilding CXX object CMakeFiles/ros_gz_bridge.dir/generated/factories/nav_msgs.cpp.o[0m
[5.191s] [ 38%] [32mBuilding CXX object CMakeFiles/ros_gz_bridge.dir/generated/factories/rcl_interfaces.cpp.o[0m
[6.402s] [ 39%] [32m[1mLinking CXX executable bridge_node[0m
[6.553s] [ 39%] Built target bridge_node
[6.561s] [ 40%] [32mBuilding CXX object CMakeFiles/ros_gz_bridge.dir/generated/factories/ros_gz_interfaces.cpp.o[0m
[6.829s] [ 41%] [32mBuilding CXX object CMakeFiles/ros_gz_bridge.dir/generated/factories/rosgraph_msgs.cpp.o[0m
[10.303s] [ 42%] [32mBuilding CXX object CMakeFiles/ros_gz_bridge.dir/generated/factories/sensor_msgs.cpp.o[0m
[12.624s] [ 43%] [32mBuilding CXX object CMakeFiles/ros_gz_bridge.dir/generated/factories/std_msgs.cpp.o[0m
[15.042s] [01m[K/home/mampane/Desktop/machine_tending_robot/ros2_kortex_ws/src/ros_gz/ros_gz_bridge/src/ros_gz_bridge.cpp:[m[K In member function ‘[01m[Kvoid ros_gz_bridge::RosGzBridge::spin()[m[K’:
[15.043s] [01m[K/home/mampane/Desktop/machine_tending_robot/ros2_kortex_ws/src/ros_gz/ros_gz_bridge/src/ros_gz_bridge.cpp:49:10:[m[K [01;35m[Kwarning: [m[K‘[01m[Kexpand_names[m[K’ may be used uninitialized in this function [[01;35m[K]8;;https://gcc.gnu.org/onlinedocs/gcc/Warning-Options.html#index-Wmaybe-uninitialized-Wmaybe-uninitialized]8;;[m[K]
[15.043s]    49 |     bool [01;35m[Kexpand_names[m[K;
[15.044s]       |          [01;35m[K^~~~~~~~~~~~[m[K
[17.952s] [ 45%] [32mBuilding CXX object CMakeFiles/ros_gz_bridge.dir/generated/factories/tf2_msgs.cpp.o[0m
[18.916s] [ 46%] [32m[1mLinking CXX static library libgtest.a[0m
[19.028s] [ 46%] Built target gtest
[19.042s] [ 47%] [32mBuilding CXX object CMakeFiles/ros_gz_bridge.dir/generated/factories/trajectory_msgs.cpp.o[0m
[19.798s] [ 48%] [32mBuilding CXX object CMakeFiles/ros_gz_bridge.dir/generated/factories/vision_msgs.cpp.o[0m
[21.303s] [ 49%] [32mBuilding CXX object CMakeFiles/test_rcl_interfaces.dir/src/convert/rcl_interfaces.cpp.o[0m
[22.326s] [ 50%] [32mBuilding CXX object CMakeFiles/test_utils.dir/test/utils/gz_test_msg.cpp.o[0m
[22.445s] [ 51%] [32mBuilding CXX object CMakeFiles/test_rcl_interfaces.dir/src/convert/rcl_interfaces_TEST.cpp.o[0m
[23.453s] [ 52%] [32mBuilding CXX object CMakeFiles/test_utils.dir/test/utils/ros_test_msg.cpp.o[0m
[27.674s] [ 53%] [32m[1mLinking CXX executable test_rcl_interfaces[0m
[28.222s] [ 53%] Built target test_rcl_interfaces
[53.202s] [ 54%] [32m[1mLinking CXX static library libtest_utils.a[0m
[53.273s] [ 54%] Built target test_utils
[53.286s] [ 56%] [34m[1mGenerating test helpers[0m
[53.286s] [ 58%] [34m[1mGenerating test helpers[0m
[53.287s] [ 58%] [34m[1mGenerating test helpers[0m
[53.290s] [ 59%] [34m[1mGenerating test helpers[0m
[53.308s] [ 61%] [32mBuilding CXX object CMakeFiles/test_gz_server.dir/test/serverclient/gz_server.cpp.o[0m
[53.308s] [ 61%] [32mBuilding CXX object CMakeFiles/test_ros_client.dir/test/serverclient/ros_client.cpp.o[0m
[53.542s] [ 62%] [32mBuilding CXX object CMakeFiles/test_ros_publisher.dir/generated/test/ros_publisher.cpp.o[0m
[53.569s] [ 63%] [32mBuilding CXX object CMakeFiles/test_gz_subscriber.dir/generated/test/gz_subscriber.cpp.o[0m
[53.595s] [ 64%] [32mBuilding CXX object CMakeFiles/test_gz_publisher.dir/generated/test/gz_publisher.cpp.o[0m
[53.596s] [ 65%] [32mBuilding CXX object CMakeFiles/test_ros_subscriber.dir/test/subscribers/ros_subscriber.cpp.o[0m
[53.602s] [ 67%] [32mBuilding CXX object CMakeFiles/test_ros_subscriber.dir/generated/test/builtin_interfaces_subscriber.cpp.o[0m
[53.606s] [ 68%] [32mBuilding CXX object CMakeFiles/test_ros_subscriber.dir/generated/test/actuator_msgs_subscriber.cpp.o[0m
[53.613s] [ 69%] [32mBuilding CXX object CMakeFiles/test_ros_subscriber.dir/generated/test/nav_msgs_subscriber.cpp.o[0m
[53.614s] [ 70%] [32mBuilding CXX object CMakeFiles/test_ros_subscriber.dir/generated/test/geometry_msgs_subscriber.cpp.o[0m
[53.616s] [ 71%] [32mBuilding CXX object CMakeFiles/test_ros_subscriber.dir/generated/test/gps_msgs_subscriber.cpp.o[0m
[53.622s] [ 72%] [32mBuilding CXX object CMakeFiles/test_ros_subscriber.dir/generated/test/rcl_interfaces_subscriber.cpp.o[0m
[53.625s] [ 73%] [32mBuilding CXX object CMakeFiles/test_ros_subscriber.dir/generated/test/rosgraph_msgs_subscriber.cpp.o[0m
[53.629s] [ 74%] [32mBuilding CXX object CMakeFiles/test_ros_subscriber.dir/generated/test/ros_gz_interfaces_subscriber.cpp.o[0m
[53.653s] [ 75%] [32mBuilding CXX object CMakeFiles/test_ros_subscriber.dir/generated/test/sensor_msgs_subscriber.cpp.o[0m
[69.462s] [ 76%] [32m[1mLinking CXX executable test_ros_client[0m
[69.855s] [ 76%] Built target test_ros_client
[69.884s] [ 78%] [32mBuilding CXX object CMakeFiles/test_ros_subscriber.dir/generated/test/std_msgs_subscriber.cpp.o[0m
[74.337s] [ 79%] [32m[1mLinking CXX executable test_gz_publisher[0m
[75.165s] [ 79%] Built target test_gz_publisher
[75.199s] [ 80%] [32mBuilding CXX object CMakeFiles/test_ros_subscriber.dir/generated/test/tf2_msgs_subscriber.cpp.o[0m
[80.801s] [ 81%] [32mBuilding CXX object CMakeFiles/test_ros_subscriber.dir/generated/test/trajectory_msgs_subscriber.cpp.o[0m
[82.890s] [ 82%] [32mBuilding CXX object CMakeFiles/test_ros_subscriber.dir/generated/test/vision_msgs_subscriber.cpp.o[0m
[88.292s] [ 83%] [32m[1mLinking CXX executable test_gz_server[0m
[89.354s] [ 83%] Built target test_gz_server
[114.476s] [ 84%] [32m[1mLinking CXX executable test_gz_subscriber[0m
[114.940s] [ 84%] Built target test_gz_subscriber
[146.869s] [ 85%] [32m[1mLinking CXX executable test_ros_publisher[0m
[147.265s] [ 85%] Built target test_ros_publisher
[162.944s] [ 86%] [32m[1mLinking CXX shared library libros_gz_bridge.so[0m
[165.888s] [ 86%] Built target ros_gz_bridge
[165.906s] [ 87%] [32mBuilding CXX object CMakeFiles/ros_gz_bridge_bridge_config.dir/test/bridge_config.cpp.o[0m
[165.910s] [ 91%] [32mBuilding CXX object CMakeFiles/bridge_types.dir/src/bridge_types.cpp.o[0m
[165.910s] [ 91%] [32mBuilding CXX object CMakeFiles/test_ros_gz_interfaces.dir/src/convert/ros_gz_interfaces_TEST.cpp.o[0m
[165.910s] [ 91%] [32mBuilding CXX object CMakeFiles/test_ros_gz_interfaces.dir/src/convert/ros_gz_interfaces.cpp.o[0m
[165.910s] [ 92%] [32mBuilding CXX object CMakeFiles/static_bridge.dir/src/static_bridge.cpp.o[0m
[165.913s] [ 93%] [32mBuilding CXX object CMakeFiles/parameter_bridge.dir/src/parameter_bridge.cpp.o[0m
[166.985s] [ 94%] [32m[1mLinking CXX executable bridge_types[0m
[167.829s] [ 95%] [32m[1mLinking CXX executable test_ros_subscriber[0m
[167.909s] [ 95%] Built target bridge_types
[168.614s] [ 96%] [32m[1mLinking CXX executable ros_gz_bridge_bridge_config[0m
[169.434s] [ 96%] Built target ros_gz_bridge_bridge_config
[170.084s] [ 96%] Built target test_ros_subscriber
[173.998s] [ 97%] [32m[1mLinking CXX executable parameter_bridge[0m
[174.090s] [ 98%] [32m[1mLinking CXX executable static_bridge[0m
[175.005s] [ 98%] Built target static_bridge
[175.091s] [ 98%] Built target parameter_bridge
[175.505s] [100%] [32m[1mLinking CXX executable test_ros_gz_interfaces[0m
[176.419s] [100%] Built target test_ros_gz_interfaces
[176.434s] Invoked command in '/home/mampane/Desktop/machine_tending_robot/ros2_kortex_ws/build/ros_gz_bridge' returned '0': AMENT_PREFIX_PATH=/home/mampane/Desktop/machine_tending_robot/ros2_kortex_ws/install/ros_gz_interfaces:${AMENT_PREFIX_PATH} CMAKE_PREFIX_PATH=/home/mampane/Desktop/machine_tending_robot/ros2_kortex_ws/install/ros_gz_interfaces:/home/mampane/Desktop/machine_tending_robot/workspace/ros2_kortex_ws/install/kortex_bringup:/home/mampane/Desktop/machine_tending_robot/workspace/ros2_kortex_ws/install/kinova_gen3_lite_moveit_config:/home/mampane/Desktop/machine_tending_robot/workspace/ros2_kortex_ws/install/kinova_gen3_7dof_robotiq_2f_85_moveit_config:/home/mampane/Desktop/machine_tending_robot/workspace/ros2_kortex_ws/install/kinova_gen3_6dof_robotiq_2f_85_moveit_config:/home/mampane/Desktop/machine_tending_robot/workspace/ros2_kortex_ws/install/kortex_description:/home/mampane/Desktop/machine_tending_robot/workspace/ros2_kortex_ws/install/robotiq_description:/home/mampane/Desktop/machine_tending_robot/workspace/ros2_kortex_ws/install/ros2_controllers:/home/mampane/Desktop/machine_tending_robot/workspace/ros2_kortex_ws/install/ign_ros2_control_demos:/home/mampane/Desktop/machine_tending_robot/workspace/ros2_kortex_ws/install/gazebo_ros2_control_demos:/home/mampane/Desktop/machine_tending_robot/workspace/ros2_kortex_ws/install/velocity_controllers:/home/mampane/Desktop/machine_tending_robot/workspace/ros2_kortex_ws/install/tricycle_steering_controller:/home/mampane/Desktop/machine_tending_robot/workspace/ros2_kortex_ws/install/tricycle_controller:/home/mampane/Desktop/machine_tending_robot/workspace/ros2_kortex_ws/install/ros2_control:/home/mampane/Desktop/machine_tending_robot/workspace/ros2_kortex_ws/install/transmission_interface:/home/mampane/Desktop/machine_tending_robot/workspace/ros2_kortex_ws/install/test_ros_gz_bridge:/home/mampane/Desktop/machine_tending_robot/workspace/ros2_kortex_ws/install/bicycle_steering_controller:/home/mampane/Desktop/machine_tending_robot/workspace/ros2_kortex_ws/install/ackermann_steering_controller:/home/mampane/Desktop/machine_tending_robot/workspace/ros2_kortex_ws/install/steering_controllers_library:/home/mampane/Desktop/machine_tending_robot/workspace/ros2_kortex_ws/install/robotiq_hardware_tests:/home/mampane/Desktop/machine_tending_robot/workspace/ros2_kortex_ws/install/robotiq_driver:/home/mampane/Desktop/machine_tending_robot/workspace/ros2_kortex_ws/install/serial:/home/mampane/Desktop/machine_tending_robot/workspace/ros2_kortex_ws/install/ros_ign_interfaces:/home/mampane/Desktop/machine_tending_robot/workspace/ros2_kortex_ws/install/ros_ign:/home/mampane/Desktop/machine_tending_robot/workspace/ros2_kortex_ws/install/ros_ign_image:/home/mampane/Desktop/machine_tending_robot/workspace/ros2_kortex_ws/install/ros_ign_gazebo_demos:/home/mampane/Desktop/machine_tending_robot/workspace/ros2_kortex_ws/install/gz_ros2_control_tests:/home/mampane/Desktop/machine_tending_robot/workspace/ros2_kortex_ws/install/ros_ign_gazebo:/home/mampane/Desktop/machine_tending_robot/workspace/ros2_kortex_ws/install/ros_ign_bridge:/home/mampane/Desktop/machine_tending_robot/workspace/ros2_kortex_ws/install/ros_gz:/home/mampane/Desktop/machine_tending_robot/workspace/ros2_kortex_ws/install/ros_gz_sim_demos:/home/mampane/Desktop/machine_tending_robot/workspace/ros2_kortex_ws/install/ros_gz_sim:/home/mampane/Desktop/machine_tending_robot/workspace/ros2_kortex_ws/install/ros_gz_image:/home/mampane/Desktop/machine_tending_robot/workspace/ros2_kortex_ws/install/ros_gz_bridge:/home/mampane/Desktop/machine_tending_robot/workspace/ros2_kortex_ws/install/ros_gz_interfaces:/home/mampane/Desktop/machine_tending_robot/workspace/ros2_kortex_ws/install/ign_ros2_control:/home/mampane/Desktop/machine_tending_robot/workspace/ros2_kortex_ws/install/hardware_interface_testing:/home/mampane/Desktop/machine_tending_robot/workspace/ros2_kortex_ws/install/gazebo_ros2_control:/home/mampane/Desktop/machine_tending_robot/workspace/ros2_kortex_ws/install/controller_manager:/home/mampane/Desktop/machine_tending_robot/workspace/ros2_kortex_ws/install/ros2_control_test_assets:/home/mampane/Desktop/machine_tending_robot/workspace/ros2_kortex_ws/install/robotiq_controllers:/home/mampane/Desktop/machine_tending_robot/workspace/ros2_kortex_ws/install/range_sensor_broadcaster:/home/mampane/Desktop/machine_tending_robot/workspace/ros2_kortex_ws/install/position_controllers:/home/mampane/Desktop/machine_tending_robot/workspace/ros2_kortex_ws/install/pose_broadcaster:/home/mampane/Desktop/machine_tending_robot/workspace/ros2_kortex_ws/install/pid_controller:/home/mampane/Desktop/machine_tending_robot/workspace/ros2_kortex_ws/install/picknik_twist_controller:/home/mampane/Desktop/machine_tending_robot/workspace/ros2_kortex_ws/install/picknik_reset_fault_controller:/home/mampane/Desktop/machine_tending_robot/workspace/ros2_kortex_ws/install/mecanum_drive_controller:/home/mampane/Desktop/machine_tending_robot/workspace/ros2_kortex_ws/install/joint_trajectory_controller:/home/mampane/Desktop/machine_tending_robot/workspace/ros2_kortex_ws/install/joint_state_broadcaster:/home/mampane/Desktop/machine_tending_robot/workspace/ros2_kortex_ws/install/imu_sensor_broadcaster:/home/mampane/Desktop/machine_tending_robot/workspace/ros2_kortex_ws/install/gripper_controllers:/home/mampane/Desktop/machine_tending_robot/workspace/ros2_kortex_ws/install/gpio_controllers:/home/mampane/Desktop/machine_tending_robot/workspace/ros2_kortex_ws/install/effort_controllers:/home/mampane/Desktop/machine_tending_robot/workspace/ros2_kortex_ws/install/forward_command_controller:/home/mampane/Desktop/machine_tending_robot/workspace/ros2_kortex_ws/install/force_torque_sensor_broadcaster:/home/mampane/Desktop/machine_tending_robot/workspace/ros2_kortex_ws/install/diff_drive_controller:/home/mampane/Desktop/machine_tending_robot/workspace/ros2_kortex_ws/install/admittance_controller:/home/mampane/Desktop/machine_tending_robot/workspace/ros2_kortex_ws/install/realtime_tools:/home/mampane/Desktop/machine_tending_robot/workspace/ros2_kortex_ws/install/kortex_driver:/home/mampane/Desktop/machine_tending_robot/workspace/ros2_kortex_ws/install/kortex_api:/home/mampane/Desktop/machine_tending_robot/workspace/ros2_kortex_ws/install/joint_limits:/home/mampane/Desktop/machine_tending_robot/workspace/ros2_kortex_ws/install/controller_interface:/home/mampane/Desktop/machine_tending_robot/workspace/ros2_kortex_ws/install/hardware_interface:/home/mampane/Desktop/machine_tending_robot/workspace/ros2_kortex_ws/install/controller_manager_msgs:/home/mampane/Desktop/machine_tending_robot/workspace/ros2_kortex_ws/install/control_msgs:/home/mampane/Desktop/machine_tending_robot/workspace/ros2_kortex_ws/install/rqt_joint_trajectory_controller:/home/mampane/Desktop/machine_tending_robot/workspace/ros2_kortex_ws/install/rqt_controller_manager:/home/mampane/Desktop/machine_tending_robot/workspace/ros2_kortex_ws/install/ros2controlcli:/home/mampane/Desktop/machine_tending_robot/workspace/ros2_kortex_ws/install/ros2_controllers_test_nodes:/opt/ros/humble LD_LIBRARY_PATH=/home/mampane/Desktop/machine_tending_robot/ros2_kortex_ws/install/ros_gz_interfaces/lib:${LD_LIBRARY_PATH} PYTHONPATH=/home/mampane/Desktop/machine_tending_robot/ros2_kortex_ws/install/ros_gz_interfaces/local/lib/python3.10/dist-packages:${PYTHONPATH} /usr/bin/cmake --build /home/mampane/Desktop/machine_tending_robot/ros2_kortex_ws/build/ros_gz_bridge -- -j20 -l20
[176.437s] Invoking command in '/home/mampane/Desktop/machine_tending_robot/ros2_kortex_ws/build/ros_gz_bridge': AMENT_PREFIX_PATH=/home/mampane/Desktop/machine_tending_robot/ros2_kortex_ws/install/ros_gz_interfaces:${AMENT_PREFIX_PATH} CMAKE_PREFIX_PATH=/home/mampane/Desktop/machine_tending_robot/ros2_kortex_ws/install/ros_gz_interfaces:/home/mampane/Desktop/machine_tending_robot/workspace/ros2_kortex_ws/install/kortex_bringup:/home/mampane/Desktop/machine_tending_robot/workspace/ros2_kortex_ws/install/kinova_gen3_lite_moveit_config:/home/mampane/Desktop/machine_tending_robot/workspace/ros2_kortex_ws/install/kinova_gen3_7dof_robotiq_2f_85_moveit_config:/home/mampane/Desktop/machine_tending_robot/workspace/ros2_kortex_ws/install/kinova_gen3_6dof_robotiq_2f_85_moveit_config:/home/mampane/Desktop/machine_tending_robot/workspace/ros2_kortex_ws/install/kortex_description:/home/mampane/Desktop/machine_tending_robot/workspace/ros2_kortex_ws/install/robotiq_description:/home/mampane/Desktop/machine_tending_robot/workspace/ros2_kortex_ws/install/ros2_controllers:/home/mampane/Desktop/machine_tending_robot/workspace/ros2_kortex_ws/install/ign_ros2_control_demos:/home/mampane/Desktop/machine_tending_robot/workspace/ros2_kortex_ws/install/gazebo_ros2_control_demos:/home/mampane/Desktop/machine_tending_robot/workspace/ros2_kortex_ws/install/velocity_controllers:/home/mampane/Desktop/machine_tending_robot/workspace/ros2_kortex_ws/install/tricycle_steering_controller:/home/mampane/Desktop/machine_tending_robot/workspace/ros2_kortex_ws/install/tricycle_controller:/home/mampane/Desktop/machine_tending_robot/workspace/ros2_kortex_ws/install/ros2_control:/home/mampane/Desktop/machine_tending_robot/workspace/ros2_kortex_ws/install/transmission_interface:/home/mampane/Desktop/machine_tending_robot/workspace/ros2_kortex_ws/install/test_ros_gz_bridge:/home/mampane/Desktop/machine_tending_robot/workspace/ros2_kortex_ws/install/bicycle_steering_controller:/home/mampane/Desktop/machine_tending_robot/workspace/ros2_kortex_ws/install/ackermann_steering_controller:/home/mampane/Desktop/machine_tending_robot/workspace/ros2_kortex_ws/install/steering_controllers_library:/home/mampane/Desktop/machine_tending_robot/workspace/ros2_kortex_ws/install/robotiq_hardware_tests:/home/mampane/Desktop/machine_tending_robot/workspace/ros2_kortex_ws/install/robotiq_driver:/home/mampane/Desktop/machine_tending_robot/workspace/ros2_kortex_ws/install/serial:/home/mampane/Desktop/machine_tending_robot/workspace/ros2_kortex_ws/install/ros_ign_interfaces:/home/mampane/Desktop/machine_tending_robot/workspace/ros2_kortex_ws/install/ros_ign:/home/mampane/Desktop/machine_tending_robot/workspace/ros2_kortex_ws/install/ros_ign_image:/home/mampane/Desktop/machine_tending_robot/workspace/ros2_kortex_ws/install/ros_ign_gazebo_demos:/home/mampane/Desktop/machine_tending_robot/workspace/ros2_kortex_ws/install/gz_ros2_control_tests:/home/mampane/Desktop/machine_tending_robot/workspace/ros2_kortex_ws/install/ros_ign_gazebo:/home/mampane/Desktop/machine_tending_robot/workspace/ros2_kortex_ws/install/ros_ign_bridge:/home/mampane/Desktop/machine_tending_robot/workspace/ros2_kortex_ws/install/ros_gz:/home/mampane/Desktop/machine_tending_robot/workspace/ros2_kortex_ws/install/ros_gz_sim_demos:/home/mampane/Desktop/machine_tending_robot/workspace/ros2_kortex_ws/install/ros_gz_sim:/home/mampane/Desktop/machine_tending_robot/workspace/ros2_kortex_ws/install/ros_gz_image:/home/mampane/Desktop/machine_tending_robot/workspace/ros2_kortex_ws/install/ros_gz_bridge:/home/mampane/Desktop/machine_tending_robot/workspace/ros2_kortex_ws/install/ros_gz_interfaces:/home/mampane/Desktop/machine_tending_robot/workspace/ros2_kortex_ws/install/ign_ros2_control:/home/mampane/Desktop/machine_tending_robot/workspace/ros2_kortex_ws/install/hardware_interface_testing:/home/mampane/Desktop/machine_tending_robot/workspace/ros2_kortex_ws/install/gazebo_ros2_control:/home/mampane/Desktop/machine_tending_robot/workspace/ros2_kortex_ws/install/controller_manager:/home/mampane/Desktop/machine_tending_robot/workspace/ros2_kortex_ws/install/ros2_control_test_assets:/home/mampane/Desktop/machine_tending_robot/workspace/ros2_kortex_ws/install/robotiq_controllers:/home/mampane/Desktop/machine_tending_robot/workspace/ros2_kortex_ws/install/range_sensor_broadcaster:/home/mampane/Desktop/machine_tending_robot/workspace/ros2_kortex_ws/install/position_controllers:/home/mampane/Desktop/machine_tending_robot/workspace/ros2_kortex_ws/install/pose_broadcaster:/home/mampane/Desktop/machine_tending_robot/workspace/ros2_kortex_ws/install/pid_controller:/home/mampane/Desktop/machine_tending_robot/workspace/ros2_kortex_ws/install/picknik_twist_controller:/home/mampane/Desktop/machine_tending_robot/workspace/ros2_kortex_ws/install/picknik_reset_fault_controller:/home/mampane/Desktop/machine_tending_robot/workspace/ros2_kortex_ws/install/mecanum_drive_controller:/home/mampane/Desktop/machine_tending_robot/workspace/ros2_kortex_ws/install/joint_trajectory_controller:/home/mampane/Desktop/machine_tending_robot/workspace/ros2_kortex_ws/install/joint_state_broadcaster:/home/mampane/Desktop/machine_tending_robot/workspace/ros2_kortex_ws/install/imu_sensor_broadcaster:/home/mampane/Desktop/machine_tending_robot/workspace/ros2_kortex_ws/install/gripper_controllers:/home/mampane/Desktop/machine_tending_robot/workspace/ros2_kortex_ws/install/gpio_controllers:/home/mampane/Desktop/machine_tending_robot/workspace/ros2_kortex_ws/install/effort_controllers:/home/mampane/Desktop/machine_tending_robot/workspace/ros2_kortex_ws/install/forward_command_controller:/home/mampane/Desktop/machine_tending_robot/workspace/ros2_kortex_ws/install/force_torque_sensor_broadcaster:/home/mampane/Desktop/machine_tending_robot/workspace/ros2_kortex_ws/install/diff_drive_controller:/home/mampane/Desktop/machine_tending_robot/workspace/ros2_kortex_ws/install/admittance_controller:/home/mampane/Desktop/machine_tending_robot/workspace/ros2_kortex_ws/install/realtime_tools:/home/mampane/Desktop/machine_tending_robot/workspace/ros2_kortex_ws/install/kortex_driver:/home/mampane/Desktop/machine_tending_robot/workspace/ros2_kortex_ws/install/kortex_api:/home/mampane/Desktop/machine_tending_robot/workspace/ros2_kortex_ws/install/joint_limits:/home/mampane/Desktop/machine_tending_robot/workspace/ros2_kortex_ws/install/controller_interface:/home/mampane/Desktop/machine_tending_robot/workspace/ros2_kortex_ws/install/hardware_interface:/home/mampane/Desktop/machine_tending_robot/workspace/ros2_kortex_ws/install/controller_manager_msgs:/home/mampane/Desktop/machine_tending_robot/workspace/ros2_kortex_ws/install/control_msgs:/home/mampane/Desktop/machine_tending_robot/workspace/ros2_kortex_ws/install/rqt_joint_trajectory_controller:/home/mampane/Desktop/machine_tending_robot/workspace/ros2_kortex_ws/install/rqt_controller_manager:/home/mampane/Desktop/machine_tending_robot/workspace/ros2_kortex_ws/install/ros2controlcli:/home/mampane/Desktop/machine_tending_robot/workspace/ros2_kortex_ws/install/ros2_controllers_test_nodes:/opt/ros/humble LD_LIBRARY_PATH=/home/mampane/Desktop/machine_tending_robot/ros2_kortex_ws/install/ros_gz_interfaces/lib:${LD_LIBRARY_PATH} PYTHONPATH=/home/mampane/Desktop/machine_tending_robot/ros2_kortex_ws/install/ros_gz_interfaces/local/lib/python3.10/dist-packages:${PYTHONPATH} /usr/bin/cmake --install /home/mampane/Desktop/machine_tending_robot/ros2_kortex_ws/build/ros_gz_bridge
[176.446s] -- Install configuration: "Release"
[176.446s] -- Installing: /home/mampane/Desktop/machine_tending_robot/ros2_kortex_ws/install/ros_gz_bridge/lib/ros_gz_bridge/bridge_node
[176.447s] -- Set runtime path of "/home/mampane/Desktop/machine_tending_robot/ros2_kortex_ws/install/ros_gz_bridge/lib/ros_gz_bridge/bridge_node" to ""
[176.447s] -- Installing: /home/mampane/Desktop/machine_tending_robot/ros2_kortex_ws/install/ros_gz_bridge/lib/libros_gz_bridge.so
[176.484s] -- Set runtime path of "/home/mampane/Desktop/machine_tending_robot/ros2_kortex_ws/install/ros_gz_bridge/lib/libros_gz_bridge.so" to ""
[176.484s] -- Installing: /home/mampane/Desktop/machine_tending_robot/ros2_kortex_ws/install/ros_gz_bridge/include/ros_gz_bridge
[176.484s] -- Installing: /home/mampane/Desktop/machine_tending_robot/ros2_kortex_ws/install/ros_gz_bridge/include/ros_gz_bridge/ros_gz_bridge
[176.484s] -- Installing: /home/mampane/Desktop/machine_tending_robot/ros2_kortex_ws/install/ros_gz_bridge/include/ros_gz_bridge/ros_gz_bridge/ros_gz_bridge.hpp
[176.484s] -- Installing: /home/mampane/Desktop/machine_tending_robot/ros2_kortex_ws/install/ros_gz_bridge/include/ros_gz_bridge/ros_gz_bridge/bridge_config.hpp
[176.484s] -- Installing: /home/mampane/Desktop/machine_tending_robot/ros2_kortex_ws/install/ros_gz_bridge/include/ros_gz_bridge/ros_gz_bridge/convert.hpp
[176.484s] -- Installing: /home/mampane/Desktop/machine_tending_robot/ros2_kortex_ws/install/ros_gz_bridge/include/ros_gz_bridge/ros_gz_bridge/convert
[176.484s] -- Installing: /home/mampane/Desktop/machine_tending_robot/ros2_kortex_ws/install/ros_gz_bridge/include/ros_gz_bridge/ros_gz_bridge/convert/gps_msgs.hpp
[176.485s] -- Installing: /home/mampane/Desktop/machine_tending_robot/ros2_kortex_ws/install/ros_gz_bridge/include/ros_gz_bridge/ros_gz_bridge/convert/vision_msgs.hpp
[176.485s] -- Installing: /home/mampane/Desktop/machine_tending_robot/ros2_kortex_ws/install/ros_gz_bridge/include/ros_gz_bridge/ros_gz_bridge/convert/tf2_msgs.hpp
[176.485s] -- Installing: /home/mampane/Desktop/machine_tending_robot/ros2_kortex_ws/install/ros_gz_bridge/include/ros_gz_bridge/ros_gz_bridge/convert/ros_gz_interfaces.hpp
[176.485s] -- Installing: /home/mampane/Desktop/machine_tending_robot/ros2_kortex_ws/install/ros_gz_bridge/include/ros_gz_bridge/ros_gz_bridge/convert/rosgraph_msgs.hpp
[176.485s] -- Installing: /home/mampane/Desktop/machine_tending_robot/ros2_kortex_ws/install/ros_gz_bridge/include/ros_gz_bridge/ros_gz_bridge/convert/std_msgs.hpp
[176.485s] -- Installing: /home/mampane/Desktop/machine_tending_robot/ros2_kortex_ws/install/ros_gz_bridge/include/ros_gz_bridge/ros_gz_bridge/convert/geometry_msgs.hpp
[176.485s] -- Installing: /home/mampane/Desktop/machine_tending_robot/ros2_kortex_ws/install/ros_gz_bridge/include/ros_gz_bridge/ros_gz_bridge/convert/builtin_interfaces.hpp
[176.485s] -- Installing: /home/mampane/Desktop/machine_tending_robot/ros2_kortex_ws/install/ros_gz_bridge/include/ros_gz_bridge/ros_gz_bridge/convert/actuator_msgs.hpp
[176.485s] -- Installing: /home/mampane/Desktop/machine_tending_robot/ros2_kortex_ws/install/ros_gz_bridge/include/ros_gz_bridge/ros_gz_bridge/convert/rcl_interfaces.hpp
[176.485s] -- Installing: /home/mampane/Desktop/machine_tending_robot/ros2_kortex_ws/install/ros_gz_bridge/include/ros_gz_bridge/ros_gz_bridge/convert/trajectory_msgs.hpp
[176.485s] -- Installing: /home/mampane/Desktop/machine_tending_robot/ros2_kortex_ws/install/ros_gz_bridge/include/ros_gz_bridge/ros_gz_bridge/convert/nav_msgs.hpp
[176.486s] -- Installing: /home/mampane/Desktop/machine_tending_robot/ros2_kortex_ws/install/ros_gz_bridge/include/ros_gz_bridge/ros_gz_bridge/convert/sensor_msgs.hpp
[176.486s] -- Installing: /home/mampane/Desktop/machine_tending_robot/ros2_kortex_ws/install/ros_gz_bridge/include/ros_gz_bridge/ros_gz_bridge/convert_decl.hpp
[176.486s] -- Installing: /home/mampane/Desktop/machine_tending_robot/ros2_kortex_ws/install/ros_gz_bridge/lib/ros_gz_bridge/parameter_bridge
[176.486s] -- Set runtime path of "/home/mampane/Desktop/machine_tending_robot/ros2_kortex_ws/install/ros_gz_bridge/lib/ros_gz_bridge/parameter_bridge" to ""
[176.486s] -- Installing: /home/mampane/Desktop/machine_tending_robot/ros2_kortex_ws/install/ros_gz_bridge/lib/ros_gz_bridge/static_bridge
[176.486s] -- Set runtime path of "/home/mampane/Desktop/machine_tending_robot/ros2_kortex_ws/install/ros_gz_bridge/lib/ros_gz_bridge/static_bridge" to ""
[176.486s] -- Installing: /home/mampane/Desktop/machine_tending_robot/ros2_kortex_ws/install/ros_gz_bridge/lib/ros_gz_bridge/bridge_types
[176.486s] -- Set runtime path of "/home/mampane/Desktop/machine_tending_robot/ros2_kortex_ws/install/ros_gz_bridge/lib/ros_gz_bridge/bridge_types" to ""
[176.486s] -- Installing: /home/mampane/Desktop/machine_tending_robot/ros2_kortex_ws/install/ros_gz_bridge/lib/ros_gz_bridge/test_ros_publisher
[176.488s] -- Set runtime path of "/home/mampane/Desktop/machine_tending_robot/ros2_kortex_ws/install/ros_gz_bridge/lib/ros_gz_bridge/test_ros_publisher" to ""
[176.488s] -- Installing: /home/mampane/Desktop/machine_tending_robot/ros2_kortex_ws/install/ros_gz_bridge/lib/ros_gz_bridge/test_ros_subscriber
[176.501s] -- Set runtime path of "/home/mampane/Desktop/machine_tending_robot/ros2_kortex_ws/install/ros_gz_bridge/lib/ros_gz_bridge/test_ros_subscriber" to ""
[176.501s] -- Installing: /home/mampane/Desktop/machine_tending_robot/ros2_kortex_ws/install/ros_gz_bridge/lib/ros_gz_bridge/test_gz_publisher
[176.501s] -- Set runtime path of "/home/mampane/Desktop/machine_tending_robot/ros2_kortex_ws/install/ros_gz_bridge/lib/ros_gz_bridge/test_gz_publisher" to ""
[176.502s] -- Installing: /home/mampane/Desktop/machine_tending_robot/ros2_kortex_ws/install/ros_gz_bridge/lib/ros_gz_bridge/test_gz_subscriber
[176.503s] -- Set runtime path of "/home/mampane/Desktop/machine_tending_robot/ros2_kortex_ws/install/ros_gz_bridge/lib/ros_gz_bridge/test_gz_subscriber" to ""
[176.503s] -- Installing: /home/mampane/Desktop/machine_tending_robot/ros2_kortex_ws/install/ros_gz_bridge/lib/ros_gz_bridge/test_gz_server
[176.503s] -- Set runtime path of "/home/mampane/Desktop/machine_tending_robot/ros2_kortex_ws/install/ros_gz_bridge/lib/ros_gz_bridge/test_gz_server" to ""
[176.503s] -- Installing: /home/mampane/Desktop/machine_tending_robot/ros2_kortex_ws/install/ros_gz_bridge/lib/ros_gz_bridge/test_ros_client
[176.504s] -- Set runtime path of "/home/mampane/Desktop/machine_tending_robot/ros2_kortex_ws/install/ros_gz_bridge/lib/ros_gz_bridge/test_ros_client" to ""
[176.504s] -- Installing: /home/mampane/Desktop/machine_tending_robot/ros2_kortex_ws/install/ros_gz_bridge/share/ros_gz_bridge/environment/library_path.sh
[176.504s] -- Installing: /home/mampane/Desktop/machine_tending_robot/ros2_kortex_ws/install/ros_gz_bridge/share/ros_gz_bridge/environment/library_path.dsv
[176.504s] -- Installing: /home/mampane/Desktop/machine_tending_robot/ros2_kortex_ws/install/ros_gz_bridge/share/ament_index/resource_index/package_run_dependencies/ros_gz_bridge
[176.504s] -- Installing: /home/mampane/Desktop/machine_tending_robot/ros2_kortex_ws/install/ros_gz_bridge/share/ament_index/resource_index/parent_prefix_path/ros_gz_bridge
[176.504s] -- Installing: /home/mampane/Desktop/machine_tending_robot/ros2_kortex_ws/install/ros_gz_bridge/share/ros_gz_bridge/environment/ament_prefix_path.sh
[176.504s] -- Installing: /home/mampane/Desktop/machine_tending_robot/ros2_kortex_ws/install/ros_gz_bridge/share/ros_gz_bridge/environment/ament_prefix_path.dsv
[176.504s] -- Installing: /home/mampane/Desktop/machine_tending_robot/ros2_kortex_ws/install/ros_gz_bridge/share/ros_gz_bridge/environment/path.sh
[176.505s] -- Installing: /home/mampane/Desktop/machine_tending_robot/ros2_kortex_ws/install/ros_gz_bridge/share/ros_gz_bridge/environment/path.dsv
[176.505s] -- Installing: /home/mampane/Desktop/machine_tending_robot/ros2_kortex_ws/install/ros_gz_bridge/share/ros_gz_bridge/local_setup.bash
[176.505s] -- Installing: /home/mampane/Desktop/machine_tending_robot/ros2_kortex_ws/install/ros_gz_bridge/share/ros_gz_bridge/local_setup.sh
[176.505s] -- Installing: /home/mampane/Desktop/machine_tending_robot/ros2_kortex_ws/install/ros_gz_bridge/share/ros_gz_bridge/local_setup.zsh
[176.505s] -- Installing: /home/mampane/Desktop/machine_tending_robot/ros2_kortex_ws/install/ros_gz_bridge/share/ros_gz_bridge/local_setup.dsv
[176.505s] -- Installing: /home/mampane/Desktop/machine_tending_robot/ros2_kortex_ws/install/ros_gz_bridge/share/ros_gz_bridge/package.dsv
[176.505s] -- Installing: /home/mampane/Desktop/machine_tending_robot/ros2_kortex_ws/install/ros_gz_bridge/share/ament_index/resource_index/packages/ros_gz_bridge
[176.505s] -- Installing: /home/mampane/Desktop/machine_tending_robot/ros2_kortex_ws/install/ros_gz_bridge/share/ament_index/resource_index/rclcpp_components/ros_gz_bridge
[176.505s] -- Installing: /home/mampane/Desktop/machine_tending_robot/ros2_kortex_ws/install/ros_gz_bridge/share/ros_gz_bridge/cmake/export_ros_gz_bridgeExport.cmake
[176.505s] -- Installing: /home/mampane/Desktop/machine_tending_robot/ros2_kortex_ws/install/ros_gz_bridge/share/ros_gz_bridge/cmake/export_ros_gz_bridgeExport-release.cmake
[176.505s] -- Installing: /home/mampane/Desktop/machine_tending_robot/ros2_kortex_ws/install/ros_gz_bridge/share/ros_gz_bridge/cmake/ament_cmake_export_include_directories-extras.cmake
[176.506s] -- Installing: /home/mampane/Desktop/machine_tending_robot/ros2_kortex_ws/install/ros_gz_bridge/share/ros_gz_bridge/cmake/ament_cmake_export_libraries-extras.cmake
[176.506s] -- Installing: /home/mampane/Desktop/machine_tending_robot/ros2_kortex_ws/install/ros_gz_bridge/share/ros_gz_bridge/cmake/ament_cmake_export_targets-extras.cmake
[176.506s] -- Installing: /home/mampane/Desktop/machine_tending_robot/ros2_kortex_ws/install/ros_gz_bridge/share/ros_gz_bridge/cmake/ament_cmake_export_dependencies-extras.cmake
[176.506s] -- Installing: /home/mampane/Desktop/machine_tending_robot/ros2_kortex_ws/install/ros_gz_bridge/share/ros_gz_bridge/cmake/ros_gz_bridgeConfig.cmake
[176.506s] -- Installing: /home/mampane/Desktop/machine_tending_robot/ros2_kortex_ws/install/ros_gz_bridge/share/ros_gz_bridge/cmake/ros_gz_bridgeConfig-version.cmake
[176.506s] -- Installing: /home/mampane/Desktop/machine_tending_robot/ros2_kortex_ws/install/ros_gz_bridge/share/ros_gz_bridge/package.xml
[176.508s] Invoked command in '/home/mampane/Desktop/machine_tending_robot/ros2_kortex_ws/build/ros_gz_bridge' returned '0': AMENT_PREFIX_PATH=/home/mampane/Desktop/machine_tending_robot/ros2_kortex_ws/install/ros_gz_interfaces:${AMENT_PREFIX_PATH} CMAKE_PREFIX_PATH=/home/mampane/Desktop/machine_tending_robot/ros2_kortex_ws/install/ros_gz_interfaces:/home/mampane/Desktop/machine_tending_robot/workspace/ros2_kortex_ws/install/kortex_bringup:/home/mampane/Desktop/machine_tending_robot/workspace/ros2_kortex_ws/install/kinova_gen3_lite_moveit_config:/home/mampane/Desktop/machine_tending_robot/workspace/ros2_kortex_ws/install/kinova_gen3_7dof_robotiq_2f_85_moveit_config:/home/mampane/Desktop/machine_tending_robot/workspace/ros2_kortex_ws/install/kinova_gen3_6dof_robotiq_2f_85_moveit_config:/home/mampane/Desktop/machine_tending_robot/workspace/ros2_kortex_ws/install/kortex_description:/home/mampane/Desktop/machine_tending_robot/workspace/ros2_kortex_ws/install/robotiq_description:/home/mampane/Desktop/machine_tending_robot/workspace/ros2_kortex_ws/install/ros2_controllers:/home/mampane/Desktop/machine_tending_robot/workspace/ros2_kortex_ws/install/ign_ros2_control_demos:/home/mampane/Desktop/machine_tending_robot/workspace/ros2_kortex_ws/install/gazebo_ros2_control_demos:/home/mampane/Desktop/machine_tending_robot/workspace/ros2_kortex_ws/install/velocity_controllers:/home/mampane/Desktop/machine_tending_robot/workspace/ros2_kortex_ws/install/tricycle_steering_controller:/home/mampane/Desktop/machine_tending_robot/workspace/ros2_kortex_ws/install/tricycle_controller:/home/mampane/Desktop/machine_tending_robot/workspace/ros2_kortex_ws/install/ros2_control:/home/mampane/Desktop/machine_tending_robot/workspace/ros2_kortex_ws/install/transmission_interface:/home/mampane/Desktop/machine_tending_robot/workspace/ros2_kortex_ws/install/test_ros_gz_bridge:/home/mampane/Desktop/machine_tending_robot/workspace/ros2_kortex_ws/install/bicycle_steering_controller:/home/mampane/Desktop/machine_tending_robot/workspace/ros2_kortex_ws/install/ackermann_steering_controller:/home/mampane/Desktop/machine_tending_robot/workspace/ros2_kortex_ws/install/steering_controllers_library:/home/mampane/Desktop/machine_tending_robot/workspace/ros2_kortex_ws/install/robotiq_hardware_tests:/home/mampane/Desktop/machine_tending_robot/workspace/ros2_kortex_ws/install/robotiq_driver:/home/mampane/Desktop/machine_tending_robot/workspace/ros2_kortex_ws/install/serial:/home/mampane/Desktop/machine_tending_robot/workspace/ros2_kortex_ws/install/ros_ign_interfaces:/home/mampane/Desktop/machine_tending_robot/workspace/ros2_kortex_ws/install/ros_ign:/home/mampane/Desktop/machine_tending_robot/workspace/ros2_kortex_ws/install/ros_ign_image:/home/mampane/Desktop/machine_tending_robot/workspace/ros2_kortex_ws/install/ros_ign_gazebo_demos:/home/mampane/Desktop/machine_tending_robot/workspace/ros2_kortex_ws/install/gz_ros2_control_tests:/home/mampane/Desktop/machine_tending_robot/workspace/ros2_kortex_ws/install/ros_ign_gazebo:/home/mampane/Desktop/machine_tending_robot/workspace/ros2_kortex_ws/install/ros_ign_bridge:/home/mampane/Desktop/machine_tending_robot/workspace/ros2_kortex_ws/install/ros_gz:/home/mampane/Desktop/machine_tending_robot/workspace/ros2_kortex_ws/install/ros_gz_sim_demos:/home/mampane/Desktop/machine_tending_robot/workspace/ros2_kortex_ws/install/ros_gz_sim:/home/mampane/Desktop/machine_tending_robot/workspace/ros2_kortex_ws/install/ros_gz_image:/home/mampane/Desktop/machine_tending_robot/workspace/ros2_kortex_ws/install/ros_gz_bridge:/home/mampane/Desktop/machine_tending_robot/workspace/ros2_kortex_ws/install/ros_gz_interfaces:/home/mampane/Desktop/machine_tending_robot/workspace/ros2_kortex_ws/install/ign_ros2_control:/home/mampane/Desktop/machine_tending_robot/workspace/ros2_kortex_ws/install/hardware_interface_testing:/home/mampane/Desktop/machine_tending_robot/workspace/ros2_kortex_ws/install/gazebo_ros2_control:/home/mampane/Desktop/machine_tending_robot/workspace/ros2_kortex_ws/install/controller_manager:/home/mampane/Desktop/machine_tending_robot/workspace/ros2_kortex_ws/install/ros2_control_test_assets:/home/mampane/Desktop/machine_tending_robot/workspace/ros2_kortex_ws/install/robotiq_controllers:/home/mampane/Desktop/machine_tending_robot/workspace/ros2_kortex_ws/install/range_sensor_broadcaster:/home/mampane/Desktop/machine_tending_robot/workspace/ros2_kortex_ws/install/position_controllers:/home/mampane/Desktop/machine_tending_robot/workspace/ros2_kortex_ws/install/pose_broadcaster:/home/mampane/Desktop/machine_tending_robot/workspace/ros2_kortex_ws/install/pid_controller:/home/mampane/Desktop/machine_tending_robot/workspace/ros2_kortex_ws/install/picknik_twist_controller:/home/mampane/Desktop/machine_tending_robot/workspace/ros2_kortex_ws/install/picknik_reset_fault_controller:/home/mampane/Desktop/machine_tending_robot/workspace/ros2_kortex_ws/install/mecanum_drive_controller:/home/mampane/Desktop/machine_tending_robot/workspace/ros2_kortex_ws/install/joint_trajectory_controller:/home/mampane/Desktop/machine_tending_robot/workspace/ros2_kortex_ws/install/joint_state_broadcaster:/home/mampane/Desktop/machine_tending_robot/workspace/ros2_kortex_ws/install/imu_sensor_broadcaster:/home/mampane/Desktop/machine_tending_robot/workspace/ros2_kortex_ws/install/gripper_controllers:/home/mampane/Desktop/machine_tending_robot/workspace/ros2_kortex_ws/install/gpio_controllers:/home/mampane/Desktop/machine_tending_robot/workspace/ros2_kortex_ws/install/effort_controllers:/home/mampane/Desktop/machine_tending_robot/workspace/ros2_kortex_ws/install/forward_command_controller:/home/mampane/Desktop/machine_tending_robot/workspace/ros2_kortex_ws/install/force_torque_sensor_broadcaster:/home/mampane/Desktop/machine_tending_robot/workspace/ros2_kortex_ws/install/diff_drive_controller:/home/mampane/Desktop/machine_tending_robot/workspace/ros2_kortex_ws/install/admittance_controller:/home/mampane/Desktop/machine_tending_robot/workspace/ros2_kortex_ws/install/realtime_tools:/home/mampane/Desktop/machine_tending_robot/workspace/ros2_kortex_ws/install/kortex_driver:/home/mampane/Desktop/machine_tending_robot/workspace/ros2_kortex_ws/install/kortex_api:/home/mampane/Desktop/machine_tending_robot/workspace/ros2_kortex_ws/install/joint_limits:/home/mampane/Desktop/machine_tending_robot/workspace/ros2_kortex_ws/install/controller_interface:/home/mampane/Desktop/machine_tending_robot/workspace/ros2_kortex_ws/install/hardware_interface:/home/mampane/Desktop/machine_tending_robot/workspace/ros2_kortex_ws/install/controller_manager_msgs:/home/mampane/Desktop/machine_tending_robot/workspace/ros2_kortex_ws/install/control_msgs:/home/mampane/Desktop/machine_tending_robot/workspace/ros2_kortex_ws/install/rqt_joint_trajectory_controller:/home/mampane/Desktop/machine_tending_robot/workspace/ros2_kortex_ws/install/rqt_controller_manager:/home/mampane/Desktop/machine_tending_robot/workspace/ros2_kortex_ws/install/ros2controlcli:/home/mampane/Desktop/machine_tending_robot/workspace/ros2_kortex_ws/install/ros2_controllers_test_nodes:/opt/ros/humble LD_LIBRARY_PATH=/home/mampane/Desktop/machine_tending_robot/ros2_kortex_ws/install/ros_gz_interfaces/lib:${LD_LIBRARY_PATH} PYTHONPATH=/home/mampane/Desktop/machine_tending_robot/ros2_kortex_ws/install/ros_gz_interfaces/local/lib/python3.10/dist-packages:${PYTHONPATH} /usr/bin/cmake --install /home/mampane/Desktop/machine_tending_robot/ros2_kortex_ws/build/ros_gz_bridge
