[0.023s] Invoking command in '/home/mampane/Desktop/machine_tending_robot/workspace/ros2_kortex_ws/build/pid_controller': AMENT_PREFIX_PATH=/home/mampane/Desktop/machine_tending_robot/workspace/ros2_kortex_ws/install/controller_manager:/home/mampane/Desktop/machine_tending_robot/workspace/ros2_kortex_ws/install/hardware_interface_testing:/home/mampane/Desktop/machine_tending_robot/workspace/ros2_kortex_ws/install/controller_interface:/home/mampane/Desktop/machine_tending_robot/workspace/ros2_kortex_ws/install/hardware_interface:/home/mampane/Desktop/machine_tending_robot/workspace/ros2_kortex_ws/install/ros2_control_test_assets:/home/mampane/Desktop/machine_tending_robot/workspace/ros2_kortex_ws/install/realtime_tools:/home/mampane/Desktop/machine_tending_robot/workspace/ros2_kortex_ws/install/controller_manager_msgs:/home/mampane/Desktop/machine_tending_robot/workspace/ros2_kortex_ws/install/control_msgs:${AMENT_PREFIX_PATH} CMAKE_PREFIX_PATH=/home/mampane/Desktop/machine_tending_robot/workspace/ros2_kortex_ws/install/controller_manager:/home/mampane/Desktop/machine_tending_robot/workspace/ros2_kortex_ws/install/hardware_interface_testing:/home/mampane/Desktop/machine_tending_robot/workspace/ros2_kortex_ws/install/controller_interface:/home/mampane/Desktop/machine_tending_robot/workspace/ros2_kortex_ws/install/hardware_interface:/home/mampane/Desktop/machine_tending_robot/workspace/ros2_kortex_ws/install/ros2_control_test_assets:/home/mampane/Desktop/machine_tending_robot/workspace/ros2_kortex_ws/install/realtime_tools:/home/mampane/Desktop/machine_tending_robot/workspace/ros2_kortex_ws/install/controller_manager_msgs:/home/mampane/Desktop/machine_tending_robot/workspace/ros2_kortex_ws/install/control_msgs:/opt/ros/humble LD_LIBRARY_PATH=/home/mampane/Desktop/machine_tending_robot/workspace/ros2_kortex_ws/install/controller_manager/lib:/home/mampane/Desktop/machine_tending_robot/workspace/ros2_kortex_ws/install/hardware_interface_testing/lib:/home/mampane/Desktop/machine_tending_robot/workspace/ros2_kortex_ws/install/controller_interface/lib:/home/mampane/Desktop/machine_tending_robot/workspace/ros2_kortex_ws/install/hardware_interface/lib:/home/mampane/Desktop/machine_tending_robot/workspace/ros2_kortex_ws/install/realtime_tools/lib:/home/mampane/Desktop/machine_tending_robot/workspace/ros2_kortex_ws/install/controller_manager_msgs/lib:/home/mampane/Desktop/machine_tending_robot/workspace/ros2_kortex_ws/install/control_msgs/lib:${LD_LIBRARY_PATH} PYTHONPATH=/home/mampane/Desktop/machine_tending_robot/workspace/ros2_kortex_ws/install/controller_manager/local/lib/python3.10/dist-packages:/home/mampane/Desktop/machine_tending_robot/workspace/ros2_kortex_ws/install/controller_manager_msgs/local/lib/python3.10/dist-packages:/home/mampane/Desktop/machine_tending_robot/workspace/ros2_kortex_ws/install/control_msgs/local/lib/python3.10/dist-packages:${PYTHONPATH} /usr/bin/cmake /home/mampane/Desktop/machine_tending_robot/workspace/ros2_kortex_ws/src/ros2_controllers/pid_controller -DCMAKE_BUILD_TYPE=Release -DCMAKE_INSTALL_PREFIX=/home/mampane/Desktop/machine_tending_robot/workspace/ros2_kortex_ws/install/pid_controller
[0.097s] -- The CXX compiler identification is GNU 11.4.0
[0.104s] -- Detecting CXX compiler ABI info
[0.193s] -- Detecting CXX compiler ABI info - done
[0.202s] -- Check for working CXX compiler: /usr/bin/c++ - skipped
[0.202s] -- Detecting CXX compile features
[0.202s] -- Detecting CXX compile features - done
[0.205s] -- Found ament_cmake: 1.3.11 (/opt/ros/humble/share/ament_cmake/cmake)
[0.373s] -- Found Python3: /usr/bin/python3 (found version "3.10.12") found components: Interpreter 
[0.472s] -- Found angles: 1.15.0 (/opt/ros/humble/share/angles/cmake)
[0.475s] -- Found control_msgs: 4.8.0 (/home/mampane/Desktop/machine_tending_robot/workspace/ros2_kortex_ws/install/control_msgs/share/control_msgs/cmake)
[0.510s] -- Found rosidl_generator_c: 3.1.6 (/opt/ros/humble/share/rosidl_generator_c/cmake)
[0.515s] -- Found rosidl_adapter: 3.1.6 (/opt/ros/humble/share/rosidl_adapter/cmake)
[0.523s] -- Found rosidl_generator_cpp: 3.1.6 (/opt/ros/humble/share/rosidl_generator_cpp/cmake)
[0.534s] -- Using all available rosidl_typesupport_c: rosidl_typesupport_fastrtps_c;rosidl_typesupport_introspection_c
[0.548s] -- Using all available rosidl_typesupport_cpp: rosidl_typesupport_fastrtps_cpp;rosidl_typesupport_introspection_cpp
[0.656s] -- Found control_toolbox: 3.6.0 (/opt/ros/humble/share/control_toolbox/cmake)
[0.698s] -- Found rmw_implementation_cmake: 6.1.2 (/opt/ros/humble/share/rmw_implementation_cmake/cmake)
[0.701s] -- Found rmw_cyclonedds_cpp: 1.3.4 (/opt/ros/humble/share/rmw_cyclonedds_cpp/cmake)
[0.721s] -- Using RMW implementation 'rmw_cyclonedds_cpp' as default
[0.729s] -- Looking for C++ include pthread.h
[0.843s] -- Looking for C++ include pthread.h - found
[0.843s] -- Performing Test CMAKE_HAVE_LIBC_PTHREAD
[0.956s] -- Performing Test CMAKE_HAVE_LIBC_PTHREAD - Success
[0.957s] -- Found Threads: TRUE  
[1.076s] -- Found controller_interface: 2.48.0 (/home/mampane/Desktop/machine_tending_robot/workspace/ros2_kortex_ws/install/controller_interface/share/controller_interface/cmake)
[1.090s] -- Found std_srvs: 4.2.4 (/opt/ros/humble/share/std_srvs/cmake)
[1.114s] -- Found ament_cmake_gmock: 1.3.11 (/opt/ros/humble/share/ament_cmake_gmock/cmake)
[1.115s] -- Found controller_manager: 2.48.0 (/home/mampane/Desktop/machine_tending_robot/workspace/ros2_kortex_ws/install/controller_manager/share/controller_manager/cmake)
[1.136s] -- Found ros2_control_test_assets: 2.48.0 (/home/mampane/Desktop/machine_tending_robot/workspace/ros2_kortex_ws/install/ros2_control_test_assets/share/ros2_control_test_assets/cmake)
[1.138s] -- Found gmock sources under '/opt/ros/humble/src/gmock_vendor': C++ tests using 'Google Mock' will be built
[1.180s] -- The C compiler identification is GNU 11.4.0
[1.186s] -- Detecting C compiler ABI info
[1.277s] -- Detecting C compiler ABI info - done
[1.286s] -- Check for working C compiler: /usr/bin/cc - skipped
[1.286s] -- Detecting C compile features
[1.287s] -- Detecting C compile features - done
[1.291s] -- Found ament_cmake_gtest: 1.3.11 (/opt/ros/humble/share/ament_cmake_gtest/cmake)
[1.292s] -- Found gtest sources under '/opt/ros/humble/src/gtest_vendor': C++ tests using 'Google Test' will be built
[1.307s] -- Found gmock sources under '/opt/ros/humble/src/gmock_vendor': C++ tests using 'Google Mock' will be built
[1.308s] -- Found ament_cmake_gtest: 1.3.11 (/opt/ros/humble/share/ament_cmake_gtest/cmake)
[1.308s] -- Found gtest sources under '/opt/ros/humble/src/gtest_vendor': C++ tests using 'Google Test' will be built
[1.320s] -- Found gmock sources under '/opt/ros/humble/src/gmock_vendor': C++ tests using 'Google Mock' will be built
[1.320s] -- Found ament_cmake_gtest: 1.3.11 (/opt/ros/humble/share/ament_cmake_gtest/cmake)
[1.321s] -- Found gtest sources under '/opt/ros/humble/src/gtest_vendor': C++ tests using 'Google Test' will be built
[1.333s] -- Found gmock sources under '/opt/ros/humble/src/gmock_vendor': C++ tests using 'Google Mock' will be built
[1.333s] -- Found ament_cmake_gtest: 1.3.11 (/opt/ros/humble/share/ament_cmake_gtest/cmake)
[1.333s] -- Found gtest sources under '/opt/ros/humble/src/gtest_vendor': C++ tests using 'Google Test' will be built
[1.411s] -- Configuring done
[1.466s] -- Generating done
[1.480s] -- Build files have been written to: /home/mampane/Desktop/machine_tending_robot/workspace/ros2_kortex_ws/build/pid_controller
[1.489s] Invoked command in '/home/mampane/Desktop/machine_tending_robot/workspace/ros2_kortex_ws/build/pid_controller' returned '0': AMENT_PREFIX_PATH=/home/mampane/Desktop/machine_tending_robot/workspace/ros2_kortex_ws/install/controller_manager:/home/mampane/Desktop/machine_tending_robot/workspace/ros2_kortex_ws/install/hardware_interface_testing:/home/mampane/Desktop/machine_tending_robot/workspace/ros2_kortex_ws/install/controller_interface:/home/mampane/Desktop/machine_tending_robot/workspace/ros2_kortex_ws/install/hardware_interface:/home/mampane/Desktop/machine_tending_robot/workspace/ros2_kortex_ws/install/ros2_control_test_assets:/home/mampane/Desktop/machine_tending_robot/workspace/ros2_kortex_ws/install/realtime_tools:/home/mampane/Desktop/machine_tending_robot/workspace/ros2_kortex_ws/install/controller_manager_msgs:/home/mampane/Desktop/machine_tending_robot/workspace/ros2_kortex_ws/install/control_msgs:${AMENT_PREFIX_PATH} CMAKE_PREFIX_PATH=/home/mampane/Desktop/machine_tending_robot/workspace/ros2_kortex_ws/install/controller_manager:/home/mampane/Desktop/machine_tending_robot/workspace/ros2_kortex_ws/install/hardware_interface_testing:/home/mampane/Desktop/machine_tending_robot/workspace/ros2_kortex_ws/install/controller_interface:/home/mampane/Desktop/machine_tending_robot/workspace/ros2_kortex_ws/install/hardware_interface:/home/mampane/Desktop/machine_tending_robot/workspace/ros2_kortex_ws/install/ros2_control_test_assets:/home/mampane/Desktop/machine_tending_robot/workspace/ros2_kortex_ws/install/realtime_tools:/home/mampane/Desktop/machine_tending_robot/workspace/ros2_kortex_ws/install/controller_manager_msgs:/home/mampane/Desktop/machine_tending_robot/workspace/ros2_kortex_ws/install/control_msgs:/opt/ros/humble LD_LIBRARY_PATH=/home/mampane/Desktop/machine_tending_robot/workspace/ros2_kortex_ws/install/controller_manager/lib:/home/mampane/Desktop/machine_tending_robot/workspace/ros2_kortex_ws/install/hardware_interface_testing/lib:/home/mampane/Desktop/machine_tending_robot/workspace/ros2_kortex_ws/install/controller_interface/lib:/home/mampane/Desktop/machine_tending_robot/workspace/ros2_kortex_ws/install/hardware_interface/lib:/home/mampane/Desktop/machine_tending_robot/workspace/ros2_kortex_ws/install/realtime_tools/lib:/home/mampane/Desktop/machine_tending_robot/workspace/ros2_kortex_ws/install/controller_manager_msgs/lib:/home/mampane/Desktop/machine_tending_robot/workspace/ros2_kortex_ws/install/control_msgs/lib:${LD_LIBRARY_PATH} PYTHONPATH=/home/mampane/Desktop/machine_tending_robot/workspace/ros2_kortex_ws/install/controller_manager/local/lib/python3.10/dist-packages:/home/mampane/Desktop/machine_tending_robot/workspace/ros2_kortex_ws/install/controller_manager_msgs/local/lib/python3.10/dist-packages:/home/mampane/Desktop/machine_tending_robot/workspace/ros2_kortex_ws/install/control_msgs/local/lib/python3.10/dist-packages:${PYTHONPATH} /usr/bin/cmake /home/mampane/Desktop/machine_tending_robot/workspace/ros2_kortex_ws/src/ros2_controllers/pid_controller -DCMAKE_BUILD_TYPE=Release -DCMAKE_INSTALL_PREFIX=/home/mampane/Desktop/machine_tending_robot/workspace/ros2_kortex_ws/install/pid_controller
[1.491s] Invoking command in '/home/mampane/Desktop/machine_tending_robot/workspace/ros2_kortex_ws/build/pid_controller': AMENT_PREFIX_PATH=/home/mampane/Desktop/machine_tending_robot/workspace/ros2_kortex_ws/install/controller_manager:/home/mampane/Desktop/machine_tending_robot/workspace/ros2_kortex_ws/install/hardware_interface_testing:/home/mampane/Desktop/machine_tending_robot/workspace/ros2_kortex_ws/install/controller_interface:/home/mampane/Desktop/machine_tending_robot/workspace/ros2_kortex_ws/install/hardware_interface:/home/mampane/Desktop/machine_tending_robot/workspace/ros2_kortex_ws/install/ros2_control_test_assets:/home/mampane/Desktop/machine_tending_robot/workspace/ros2_kortex_ws/install/realtime_tools:/home/mampane/Desktop/machine_tending_robot/workspace/ros2_kortex_ws/install/controller_manager_msgs:/home/mampane/Desktop/machine_tending_robot/workspace/ros2_kortex_ws/install/control_msgs:${AMENT_PREFIX_PATH} CMAKE_PREFIX_PATH=/home/mampane/Desktop/machine_tending_robot/workspace/ros2_kortex_ws/install/controller_manager:/home/mampane/Desktop/machine_tending_robot/workspace/ros2_kortex_ws/install/hardware_interface_testing:/home/mampane/Desktop/machine_tending_robot/workspace/ros2_kortex_ws/install/controller_interface:/home/mampane/Desktop/machine_tending_robot/workspace/ros2_kortex_ws/install/hardware_interface:/home/mampane/Desktop/machine_tending_robot/workspace/ros2_kortex_ws/install/ros2_control_test_assets:/home/mampane/Desktop/machine_tending_robot/workspace/ros2_kortex_ws/install/realtime_tools:/home/mampane/Desktop/machine_tending_robot/workspace/ros2_kortex_ws/install/controller_manager_msgs:/home/mampane/Desktop/machine_tending_robot/workspace/ros2_kortex_ws/install/control_msgs:/opt/ros/humble LD_LIBRARY_PATH=/home/mampane/Desktop/machine_tending_robot/workspace/ros2_kortex_ws/install/controller_manager/lib:/home/mampane/Desktop/machine_tending_robot/workspace/ros2_kortex_ws/install/hardware_interface_testing/lib:/home/mampane/Desktop/machine_tending_robot/workspace/ros2_kortex_ws/install/controller_interface/lib:/home/mampane/Desktop/machine_tending_robot/workspace/ros2_kortex_ws/install/hardware_interface/lib:/home/mampane/Desktop/machine_tending_robot/workspace/ros2_kortex_ws/install/realtime_tools/lib:/home/mampane/Desktop/machine_tending_robot/workspace/ros2_kortex_ws/install/controller_manager_msgs/lib:/home/mampane/Desktop/machine_tending_robot/workspace/ros2_kortex_ws/install/control_msgs/lib:${LD_LIBRARY_PATH} PYTHONPATH=/home/mampane/Desktop/machine_tending_robot/workspace/ros2_kortex_ws/install/controller_manager/local/lib/python3.10/dist-packages:/home/mampane/Desktop/machine_tending_robot/workspace/ros2_kortex_ws/install/controller_manager_msgs/local/lib/python3.10/dist-packages:/home/mampane/Desktop/machine_tending_robot/workspace/ros2_kortex_ws/install/control_msgs/local/lib/python3.10/dist-packages:${PYTHONPATH} /usr/bin/cmake --build /home/mampane/Desktop/machine_tending_robot/workspace/ros2_kortex_ws/build/pid_controller -- -j20 -l20
[1.546s] [  5%] [32mBuilding CXX object gmock/CMakeFiles/gmock_main.dir/src/gmock_main.cc.o[0m
[1.548s] [ 17%] [32mBuilding CXX object gmock/CMakeFiles/gmock.dir/opt/ros/humble/src/gtest_vendor/src/gtest-all.cc.o[0m
[1.548s] [ 17%] [34m[1mRunning `/opt/ros/humble/bin/generate_parameter_library_cpp /home/mampane/Desktop/machine_tending_robot/workspace/ros2_kortex_ws/build/pid_controller/include/pid_controller/pid_controller_parameters.hpp /home/mampane/Desktop/machine_tending_robot/workspace/ros2_kortex_ws/src/ros2_controllers/pid_controller/src/pid_controller.yaml `[0m
[1.548s] [ 23%] [32mBuilding CXX object gmock/CMakeFiles/gmock.dir/src/gmock-all.cc.o[0m
[2.047s] [ 29%] [34m[1mCreating deprecated header file /home/mampane/Desktop/machine_tending_robot/workspace/ros2_kortex_ws/build/pid_controller/include/pid_controller_parameters.hpp[0m
[2.091s] [ 29%] Built target pid_controller_parameters
[2.118s] [ 35%] [32mBuilding CXX object CMakeFiles/pid_controller.dir/src/pid_controller.cpp.o[0m
[2.518s] [ 41%] [32m[1mLinking CXX static library libgmock_main.a[0m
[2.591s] [ 41%] Built target gmock_main
[8.136s] [ 47%] [32m[1mLinking CXX static library libgmock.a[0m
[8.209s] [ 47%] Built target gmock
[8.234s] [ 52%] [32mBuilding CXX object CMakeFiles/test_load_pid_controller.dir/test/test_load_pid_controller.cpp.o[0m
[12.333s] [ 58%] [32m[1mLinking CXX executable test_load_pid_controller[0m
[12.512s] [ 58%] Built target test_load_pid_controller
[14.349s] [ 64%] [32m[1mLinking CXX shared library libpid_controller.so[0m
[14.502s] [ 64%] Built target pid_controller
[14.522s] [ 70%] [32mBuilding CXX object CMakeFiles/test_pid_controller_dual_interface.dir/test/test_pid_controller_dual_interface.cpp.o[0m
[14.523s] [ 76%] [32mBuilding CXX object CMakeFiles/test_pid_controller.dir/test/test_pid_controller.cpp.o[0m
[14.524s] [ 82%] [32mBuilding CXX object CMakeFiles/test_pid_controller_preceding.dir/test/test_pid_controller_preceding.cpp.o[0m
[20.968s] [ 88%] [32m[1mLinking CXX executable test_pid_controller_dual_interface[0m
[21.069s] [ 94%] [32m[1mLinking CXX executable test_pid_controller_preceding[0m
[21.146s] [ 94%] Built target test_pid_controller_dual_interface
[21.252s] [ 94%] Built target test_pid_controller_preceding
[27.170s] [100%] [32m[1mLinking CXX executable test_pid_controller[0m
[27.382s] [100%] Built target test_pid_controller
[27.392s] Invoked command in '/home/mampane/Desktop/machine_tending_robot/workspace/ros2_kortex_ws/build/pid_controller' returned '0': AMENT_PREFIX_PATH=/home/mampane/Desktop/machine_tending_robot/workspace/ros2_kortex_ws/install/controller_manager:/home/mampane/Desktop/machine_tending_robot/workspace/ros2_kortex_ws/install/hardware_interface_testing:/home/mampane/Desktop/machine_tending_robot/workspace/ros2_kortex_ws/install/controller_interface:/home/mampane/Desktop/machine_tending_robot/workspace/ros2_kortex_ws/install/hardware_interface:/home/mampane/Desktop/machine_tending_robot/workspace/ros2_kortex_ws/install/ros2_control_test_assets:/home/mampane/Desktop/machine_tending_robot/workspace/ros2_kortex_ws/install/realtime_tools:/home/mampane/Desktop/machine_tending_robot/workspace/ros2_kortex_ws/install/controller_manager_msgs:/home/mampane/Desktop/machine_tending_robot/workspace/ros2_kortex_ws/install/control_msgs:${AMENT_PREFIX_PATH} CMAKE_PREFIX_PATH=/home/mampane/Desktop/machine_tending_robot/workspace/ros2_kortex_ws/install/controller_manager:/home/mampane/Desktop/machine_tending_robot/workspace/ros2_kortex_ws/install/hardware_interface_testing:/home/mampane/Desktop/machine_tending_robot/workspace/ros2_kortex_ws/install/controller_interface:/home/mampane/Desktop/machine_tending_robot/workspace/ros2_kortex_ws/install/hardware_interface:/home/mampane/Desktop/machine_tending_robot/workspace/ros2_kortex_ws/install/ros2_control_test_assets:/home/mampane/Desktop/machine_tending_robot/workspace/ros2_kortex_ws/install/realtime_tools:/home/mampane/Desktop/machine_tending_robot/workspace/ros2_kortex_ws/install/controller_manager_msgs:/home/mampane/Desktop/machine_tending_robot/workspace/ros2_kortex_ws/install/control_msgs:/opt/ros/humble LD_LIBRARY_PATH=/home/mampane/Desktop/machine_tending_robot/workspace/ros2_kortex_ws/install/controller_manager/lib:/home/mampane/Desktop/machine_tending_robot/workspace/ros2_kortex_ws/install/hardware_interface_testing/lib:/home/mampane/Desktop/machine_tending_robot/workspace/ros2_kortex_ws/install/controller_interface/lib:/home/mampane/Desktop/machine_tending_robot/workspace/ros2_kortex_ws/install/hardware_interface/lib:/home/mampane/Desktop/machine_tending_robot/workspace/ros2_kortex_ws/install/realtime_tools/lib:/home/mampane/Desktop/machine_tending_robot/workspace/ros2_kortex_ws/install/controller_manager_msgs/lib:/home/mampane/Desktop/machine_tending_robot/workspace/ros2_kortex_ws/install/control_msgs/lib:${LD_LIBRARY_PATH} PYTHONPATH=/home/mampane/Desktop/machine_tending_robot/workspace/ros2_kortex_ws/install/controller_manager/local/lib/python3.10/dist-packages:/home/mampane/Desktop/machine_tending_robot/workspace/ros2_kortex_ws/install/controller_manager_msgs/local/lib/python3.10/dist-packages:/home/mampane/Desktop/machine_tending_robot/workspace/ros2_kortex_ws/install/control_msgs/local/lib/python3.10/dist-packages:${PYTHONPATH} /usr/bin/cmake --build /home/mampane/Desktop/machine_tending_robot/workspace/ros2_kortex_ws/build/pid_controller -- -j20 -l20
[27.393s] Invoking command in '/home/mampane/Desktop/machine_tending_robot/workspace/ros2_kortex_ws/build/pid_controller': AMENT_PREFIX_PATH=/home/mampane/Desktop/machine_tending_robot/workspace/ros2_kortex_ws/install/controller_manager:/home/mampane/Desktop/machine_tending_robot/workspace/ros2_kortex_ws/install/hardware_interface_testing:/home/mampane/Desktop/machine_tending_robot/workspace/ros2_kortex_ws/install/controller_interface:/home/mampane/Desktop/machine_tending_robot/workspace/ros2_kortex_ws/install/hardware_interface:/home/mampane/Desktop/machine_tending_robot/workspace/ros2_kortex_ws/install/ros2_control_test_assets:/home/mampane/Desktop/machine_tending_robot/workspace/ros2_kortex_ws/install/realtime_tools:/home/mampane/Desktop/machine_tending_robot/workspace/ros2_kortex_ws/install/controller_manager_msgs:/home/mampane/Desktop/machine_tending_robot/workspace/ros2_kortex_ws/install/control_msgs:${AMENT_PREFIX_PATH} CMAKE_PREFIX_PATH=/home/mampane/Desktop/machine_tending_robot/workspace/ros2_kortex_ws/install/controller_manager:/home/mampane/Desktop/machine_tending_robot/workspace/ros2_kortex_ws/install/hardware_interface_testing:/home/mampane/Desktop/machine_tending_robot/workspace/ros2_kortex_ws/install/controller_interface:/home/mampane/Desktop/machine_tending_robot/workspace/ros2_kortex_ws/install/hardware_interface:/home/mampane/Desktop/machine_tending_robot/workspace/ros2_kortex_ws/install/ros2_control_test_assets:/home/mampane/Desktop/machine_tending_robot/workspace/ros2_kortex_ws/install/realtime_tools:/home/mampane/Desktop/machine_tending_robot/workspace/ros2_kortex_ws/install/controller_manager_msgs:/home/mampane/Desktop/machine_tending_robot/workspace/ros2_kortex_ws/install/control_msgs:/opt/ros/humble LD_LIBRARY_PATH=/home/mampane/Desktop/machine_tending_robot/workspace/ros2_kortex_ws/install/controller_manager/lib:/home/mampane/Desktop/machine_tending_robot/workspace/ros2_kortex_ws/install/hardware_interface_testing/lib:/home/mampane/Desktop/machine_tending_robot/workspace/ros2_kortex_ws/install/controller_interface/lib:/home/mampane/Desktop/machine_tending_robot/workspace/ros2_kortex_ws/install/hardware_interface/lib:/home/mampane/Desktop/machine_tending_robot/workspace/ros2_kortex_ws/install/realtime_tools/lib:/home/mampane/Desktop/machine_tending_robot/workspace/ros2_kortex_ws/install/controller_manager_msgs/lib:/home/mampane/Desktop/machine_tending_robot/workspace/ros2_kortex_ws/install/control_msgs/lib:${LD_LIBRARY_PATH} PYTHONPATH=/home/mampane/Desktop/machine_tending_robot/workspace/ros2_kortex_ws/install/controller_manager/local/lib/python3.10/dist-packages:/home/mampane/Desktop/machine_tending_robot/workspace/ros2_kortex_ws/install/controller_manager_msgs/local/lib/python3.10/dist-packages:/home/mampane/Desktop/machine_tending_robot/workspace/ros2_kortex_ws/install/control_msgs/local/lib/python3.10/dist-packages:${PYTHONPATH} /usr/bin/cmake --install /home/mampane/Desktop/machine_tending_robot/workspace/ros2_kortex_ws/build/pid_controller
[27.401s] -- Install configuration: "Release"
[27.401s] -- Installing: /home/mampane/Desktop/machine_tending_robot/workspace/ros2_kortex_ws/install/pid_controller/include/pid_controller
[27.401s] -- Installing: /home/mampane/Desktop/machine_tending_robot/workspace/ros2_kortex_ws/install/pid_controller/include/pid_controller/pid_controller_parameters.hpp
[27.402s] -- Installing: /home/mampane/Desktop/machine_tending_robot/workspace/ros2_kortex_ws/install/pid_controller/share/pid_controller/pid_controller.xml
[27.402s] -- Up-to-date: /home/mampane/Desktop/machine_tending_robot/workspace/ros2_kortex_ws/install/pid_controller/include/pid_controller
[27.402s] -- Installing: /home/mampane/Desktop/machine_tending_robot/workspace/ros2_kortex_ws/install/pid_controller/include/pid_controller/pid_controller
[27.402s] -- Installing: /home/mampane/Desktop/machine_tending_robot/workspace/ros2_kortex_ws/install/pid_controller/include/pid_controller/pid_controller/visibility_control.h
[27.402s] -- Installing: /home/mampane/Desktop/machine_tending_robot/workspace/ros2_kortex_ws/install/pid_controller/include/pid_controller/pid_controller/pid_controller.hpp
[27.402s] -- Installing: /home/mampane/Desktop/machine_tending_robot/workspace/ros2_kortex_ws/install/pid_controller/lib/libpid_controller.so
[27.403s] -- Set runtime path of "/home/mampane/Desktop/machine_tending_robot/workspace/ros2_kortex_ws/install/pid_controller/lib/libpid_controller.so" to ""
[27.403s] -- Installing: /home/mampane/Desktop/machine_tending_robot/workspace/ros2_kortex_ws/install/pid_controller/share/pid_controller/environment/library_path.sh
[27.403s] -- Installing: /home/mampane/Desktop/machine_tending_robot/workspace/ros2_kortex_ws/install/pid_controller/share/pid_controller/environment/library_path.dsv
[27.403s] -- Installing: /home/mampane/Desktop/machine_tending_robot/workspace/ros2_kortex_ws/install/pid_controller/share/ament_index/resource_index/package_run_dependencies/pid_controller
[27.403s] -- Installing: /home/mampane/Desktop/machine_tending_robot/workspace/ros2_kortex_ws/install/pid_controller/share/ament_index/resource_index/parent_prefix_path/pid_controller
[27.403s] -- Installing: /home/mampane/Desktop/machine_tending_robot/workspace/ros2_kortex_ws/install/pid_controller/share/pid_controller/environment/ament_prefix_path.sh
[27.403s] -- Installing: /home/mampane/Desktop/machine_tending_robot/workspace/ros2_kortex_ws/install/pid_controller/share/pid_controller/environment/ament_prefix_path.dsv
[27.404s] -- Installing: /home/mampane/Desktop/machine_tending_robot/workspace/ros2_kortex_ws/install/pid_controller/share/pid_controller/environment/path.sh
[27.404s] -- Installing: /home/mampane/Desktop/machine_tending_robot/workspace/ros2_kortex_ws/install/pid_controller/share/pid_controller/environment/path.dsv
[27.404s] -- Installing: /home/mampane/Desktop/machine_tending_robot/workspace/ros2_kortex_ws/install/pid_controller/share/pid_controller/local_setup.bash
[27.404s] -- Installing: /home/mampane/Desktop/machine_tending_robot/workspace/ros2_kortex_ws/install/pid_controller/share/pid_controller/local_setup.sh
[27.404s] -- Installing: /home/mampane/Desktop/machine_tending_robot/workspace/ros2_kortex_ws/install/pid_controller/share/pid_controller/local_setup.zsh
[27.404s] -- Installing: /home/mampane/Desktop/machine_tending_robot/workspace/ros2_kortex_ws/install/pid_controller/share/pid_controller/local_setup.dsv
[27.404s] -- Installing: /home/mampane/Desktop/machine_tending_robot/workspace/ros2_kortex_ws/install/pid_controller/share/pid_controller/package.dsv
[27.404s] -- Installing: /home/mampane/Desktop/machine_tending_robot/workspace/ros2_kortex_ws/install/pid_controller/share/ament_index/resource_index/packages/pid_controller
[27.404s] -- Installing: /home/mampane/Desktop/machine_tending_robot/workspace/ros2_kortex_ws/install/pid_controller/share/ament_index/resource_index/controller_interface__pluginlib__plugin/pid_controller
[27.404s] -- Installing: /home/mampane/Desktop/machine_tending_robot/workspace/ros2_kortex_ws/install/pid_controller/share/pid_controller/cmake/export_pid_controllerExport.cmake
[27.404s] -- Installing: /home/mampane/Desktop/machine_tending_robot/workspace/ros2_kortex_ws/install/pid_controller/share/pid_controller/cmake/export_pid_controllerExport-release.cmake
[27.404s] -- Installing: /home/mampane/Desktop/machine_tending_robot/workspace/ros2_kortex_ws/install/pid_controller/share/pid_controller/cmake/ament_cmake_export_dependencies-extras.cmake
[27.404s] -- Installing: /home/mampane/Desktop/machine_tending_robot/workspace/ros2_kortex_ws/install/pid_controller/share/pid_controller/cmake/ament_cmake_export_targets-extras.cmake
[27.405s] -- Installing: /home/mampane/Desktop/machine_tending_robot/workspace/ros2_kortex_ws/install/pid_controller/share/pid_controller/cmake/pid_controllerConfig.cmake
[27.405s] -- Installing: /home/mampane/Desktop/machine_tending_robot/workspace/ros2_kortex_ws/install/pid_controller/share/pid_controller/cmake/pid_controllerConfig-version.cmake
[27.405s] -- Installing: /home/mampane/Desktop/machine_tending_robot/workspace/ros2_kortex_ws/install/pid_controller/share/pid_controller/package.xml
[27.406s] Invoked command in '/home/mampane/Desktop/machine_tending_robot/workspace/ros2_kortex_ws/build/pid_controller' returned '0': AMENT_PREFIX_PATH=/home/mampane/Desktop/machine_tending_robot/workspace/ros2_kortex_ws/install/controller_manager:/home/mampane/Desktop/machine_tending_robot/workspace/ros2_kortex_ws/install/hardware_interface_testing:/home/mampane/Desktop/machine_tending_robot/workspace/ros2_kortex_ws/install/controller_interface:/home/mampane/Desktop/machine_tending_robot/workspace/ros2_kortex_ws/install/hardware_interface:/home/mampane/Desktop/machine_tending_robot/workspace/ros2_kortex_ws/install/ros2_control_test_assets:/home/mampane/Desktop/machine_tending_robot/workspace/ros2_kortex_ws/install/realtime_tools:/home/mampane/Desktop/machine_tending_robot/workspace/ros2_kortex_ws/install/controller_manager_msgs:/home/mampane/Desktop/machine_tending_robot/workspace/ros2_kortex_ws/install/control_msgs:${AMENT_PREFIX_PATH} CMAKE_PREFIX_PATH=/home/mampane/Desktop/machine_tending_robot/workspace/ros2_kortex_ws/install/controller_manager:/home/mampane/Desktop/machine_tending_robot/workspace/ros2_kortex_ws/install/hardware_interface_testing:/home/mampane/Desktop/machine_tending_robot/workspace/ros2_kortex_ws/install/controller_interface:/home/mampane/Desktop/machine_tending_robot/workspace/ros2_kortex_ws/install/hardware_interface:/home/mampane/Desktop/machine_tending_robot/workspace/ros2_kortex_ws/install/ros2_control_test_assets:/home/mampane/Desktop/machine_tending_robot/workspace/ros2_kortex_ws/install/realtime_tools:/home/mampane/Desktop/machine_tending_robot/workspace/ros2_kortex_ws/install/controller_manager_msgs:/home/mampane/Desktop/machine_tending_robot/workspace/ros2_kortex_ws/install/control_msgs:/opt/ros/humble LD_LIBRARY_PATH=/home/mampane/Desktop/machine_tending_robot/workspace/ros2_kortex_ws/install/controller_manager/lib:/home/mampane/Desktop/machine_tending_robot/workspace/ros2_kortex_ws/install/hardware_interface_testing/lib:/home/mampane/Desktop/machine_tending_robot/workspace/ros2_kortex_ws/install/controller_interface/lib:/home/mampane/Desktop/machine_tending_robot/workspace/ros2_kortex_ws/install/hardware_interface/lib:/home/mampane/Desktop/machine_tending_robot/workspace/ros2_kortex_ws/install/realtime_tools/lib:/home/mampane/Desktop/machine_tending_robot/workspace/ros2_kortex_ws/install/controller_manager_msgs/lib:/home/mampane/Desktop/machine_tending_robot/workspace/ros2_kortex_ws/install/control_msgs/lib:${LD_LIBRARY_PATH} PYTHONPATH=/home/mampane/Desktop/machine_tending_robot/workspace/ros2_kortex_ws/install/controller_manager/local/lib/python3.10/dist-packages:/home/mampane/Desktop/machine_tending_robot/workspace/ros2_kortex_ws/install/controller_manager_msgs/local/lib/python3.10/dist-packages:/home/mampane/Desktop/machine_tending_robot/workspace/ros2_kortex_ws/install/control_msgs/local/lib/python3.10/dist-packages:${PYTHONPATH} /usr/bin/cmake --install /home/mampane/Desktop/machine_tending_robot/workspace/ros2_kortex_ws/build/pid_controller
