[0.036s] Invoking command in '/home/mampane/Desktop/machine_tending_robot/ros2_kortex_ws/build/tricycle_steering_controller': AMENT_PREFIX_PATH=/home/mampane/Desktop/machine_tending_robot/ros2_kortex_ws/install/steering_controllers_library:/home/mampane/Desktop/machine_tending_robot/ros2_kortex_ws/install/controller_manager:/home/mampane/Desktop/machine_tending_robot/ros2_kortex_ws/install/hardware_interface_testing:/home/mampane/Desktop/machine_tending_robot/ros2_kortex_ws/install/controller_interface:/home/mampane/Desktop/machine_tending_robot/ros2_kortex_ws/install/hardware_interface:/home/mampane/Desktop/machine_tending_robot/ros2_kortex_ws/install/ros2_control_test_assets:/home/mampane/Desktop/machine_tending_robot/ros2_kortex_ws/install/realtime_tools:/home/mampane/Desktop/machine_tending_robot/ros2_kortex_ws/install/controller_manager_msgs:/home/mampane/Desktop/machine_tending_robot/ros2_kortex_ws/install/control_msgs:${AMENT_PREFIX_PATH} CMAKE_PREFIX_PATH=/home/mampane/Desktop/machine_tending_robot/ros2_kortex_ws/install/steering_controllers_library:/home/mampane/Desktop/machine_tending_robot/ros2_kortex_ws/install/controller_manager:/home/mampane/Desktop/machine_tending_robot/ros2_kortex_ws/install/hardware_interface_testing:/home/mampane/Desktop/machine_tending_robot/ros2_kortex_ws/install/controller_interface:/home/mampane/Desktop/machine_tending_robot/ros2_kortex_ws/install/hardware_interface:/home/mampane/Desktop/machine_tending_robot/ros2_kortex_ws/install/ros2_control_test_assets:/home/mampane/Desktop/machine_tending_robot/ros2_kortex_ws/install/realtime_tools:/home/mampane/Desktop/machine_tending_robot/ros2_kortex_ws/install/controller_manager_msgs:/home/mampane/Desktop/machine_tending_robot/ros2_kortex_ws/install/control_msgs:/opt/ros/humble LD_LIBRARY_PATH=/home/mampane/Desktop/machine_tending_robot/ros2_kortex_ws/install/steering_controllers_library/lib:/home/mampane/Desktop/machine_tending_robot/ros2_kortex_ws/install/controller_manager/lib:/home/mampane/Desktop/machine_tending_robot/ros2_kortex_ws/install/hardware_interface_testing/lib:/home/mampane/Desktop/machine_tending_robot/ros2_kortex_ws/install/controller_interface/lib:/home/mampane/Desktop/machine_tending_robot/ros2_kortex_ws/install/hardware_interface/lib:/home/mampane/Desktop/machine_tending_robot/ros2_kortex_ws/install/realtime_tools/lib:/home/mampane/Desktop/machine_tending_robot/ros2_kortex_ws/install/controller_manager_msgs/lib:/home/mampane/Desktop/machine_tending_robot/ros2_kortex_ws/install/control_msgs/lib:${LD_LIBRARY_PATH} PYTHONPATH=/home/mampane/Desktop/machine_tending_robot/ros2_kortex_ws/install/controller_manager/local/lib/python3.10/dist-packages:/home/mampane/Desktop/machine_tending_robot/ros2_kortex_ws/install/controller_manager_msgs/local/lib/python3.10/dist-packages:/home/mampane/Desktop/machine_tending_robot/ros2_kortex_ws/install/control_msgs/local/lib/python3.10/dist-packages:${PYTHONPATH} /usr/bin/cmake /home/mampane/Desktop/machine_tending_robot/ros2_kortex_ws/src/ros2_controllers/tricycle_steering_controller -DAMENT_CMAKE_SYMLINK_INSTALL=1 -DCMAKE_INSTALL_PREFIX=/home/mampane/Desktop/machine_tending_robot/ros2_kortex_ws/install/tricycle_steering_controller
[2.908s] -- The CXX compiler identification is GNU 11.4.0
[2.908s] -- Detecting CXX compiler ABI info
[2.909s] -- Detecting CXX compiler ABI info - done
[2.909s] -- Check for working CXX compiler: /usr/bin/c++ - skipped
[2.909s] -- Detecting CXX compile features
[2.909s] -- Detecting CXX compile features - done
[2.909s] -- Found ament_cmake: 1.3.11 (/opt/ros/humble/share/ament_cmake/cmake)
[2.909s] -- Found Python3: /usr/bin/python3 (found version "3.10.12") found components: Interpreter 
[2.909s] -- Override CMake install command with custom implementation using symlinks instead of copying resources
[2.909s] -- Found controller_interface: 2.48.0 (/home/mampane/Desktop/machine_tending_robot/ros2_kortex_ws/install/controller_interface/share/controller_interface/cmake)
[2.909s] -- Found rosidl_generator_c: 3.1.6 (/opt/ros/humble/share/rosidl_generator_c/cmake)
[2.909s] -- Found rosidl_adapter: 3.1.6 (/opt/ros/humble/share/rosidl_adapter/cmake)
[2.909s] -- Found rosidl_generator_cpp: 3.1.6 (/opt/ros/humble/share/rosidl_generator_cpp/cmake)
[2.909s] -- Using all available rosidl_typesupport_c: rosidl_typesupport_fastrtps_c;rosidl_typesupport_introspection_c
[2.909s] -- Using all available rosidl_typesupport_cpp: rosidl_typesupport_fastrtps_cpp;rosidl_typesupport_introspection_cpp
[2.910s] -- Found rmw_implementation_cmake: 6.1.2 (/opt/ros/humble/share/rmw_implementation_cmake/cmake)
[2.910s] -- Found rmw_fastrtps_cpp: 6.2.7 (/opt/ros/humble/share/rmw_fastrtps_cpp/cmake)
[2.910s] -- Found TinyXML2 via Config file: TinyXML2_DIR-NOTFOUND
[2.910s] -- Found OpenSSL: /usr/lib/x86_64-linux-gnu/libcrypto.so (found version "3.0.2")  
[2.910s] -- Found TinyXML2 via Config file: TinyXML2_DIR-NOTFOUND
[2.910s] -- Found FastRTPS: /opt/ros/humble/include  
[2.910s] -- Found TinyXML2 via Config file: TinyXML2_DIR-NOTFOUND
[2.910s] -- Found TinyXML2 via Config file: TinyXML2_DIR-NOTFOUND
[2.910s] -- Using RMW implementation 'rmw_fastrtps_cpp' as default
[2.910s] -- Looking for C++ include pthread.h
[2.910s] -- Looking for C++ include pthread.h - found
[2.910s] -- Performing Test CMAKE_HAVE_LIBC_PTHREAD
[2.910s] -- Performing Test CMAKE_HAVE_LIBC_PTHREAD - Success
[2.910s] -- Found Threads: TRUE  
[2.911s] -- Found generate_parameter_library: 0.4.0 (/opt/ros/humble/share/generate_parameter_library/cmake)
[2.911s] -- Found parameter_traits: 0.4.0 (/opt/ros/humble/share/parameter_traits/cmake)
[2.911s] -- Found realtime_tools: 2.12.0 (/home/mampane/Desktop/machine_tending_robot/ros2_kortex_ws/install/realtime_tools/share/realtime_tools/cmake)
[2.911s] -- Found std_srvs: 4.2.4 (/opt/ros/humble/share/std_srvs/cmake)
[2.911s] -- Found steering_controllers_library: 2.42.1 (/home/mampane/Desktop/machine_tending_robot/ros2_kortex_ws/install/steering_controllers_library/share/steering_controllers_library/cmake)
[2.911s] -- Found eigen3_cmake_module: 0.1.1 (/opt/ros/humble/share/eigen3_cmake_module/cmake)
[2.911s] -- Found Eigen3: TRUE (found version "3.4.0") 
[2.911s] -- Ensuring Eigen3 include directory is part of orocos-kdl CMake target
[2.911s] -- Found ament_cmake_gmock: 1.3.11 (/opt/ros/humble/share/ament_cmake_gmock/cmake)
[2.911s] -- Found controller_manager: 2.48.0 (/home/mampane/Desktop/machine_tending_robot/ros2_kortex_ws/install/controller_manager/share/controller_manager/cmake)
[2.911s] -- Found ros2_control_test_assets: 2.48.0 (/home/mampane/Desktop/machine_tending_robot/ros2_kortex_ws/install/ros2_control_test_assets/share/ros2_control_test_assets/cmake)
[2.911s] -- Found gmock sources under '/opt/ros/humble/src/gmock_vendor': C++ tests using 'Google Mock' will be built
[2.911s] -- The C compiler identification is GNU 11.4.0
[2.911s] -- Detecting C compiler ABI info
[2.912s] -- Detecting C compiler ABI info - done
[2.912s] -- Check for working C compiler: /usr/bin/cc - skipped
[2.912s] -- Detecting C compile features
[2.912s] -- Detecting C compile features - done
[2.912s] -- Found ament_cmake_gtest: 1.3.11 (/opt/ros/humble/share/ament_cmake_gtest/cmake)
[2.912s] -- Found gtest sources under '/opt/ros/humble/src/gtest_vendor': C++ tests using 'Google Test' will be built
[2.912s] -- Found gmock sources under '/opt/ros/humble/src/gmock_vendor': C++ tests using 'Google Mock' will be built
[2.912s] -- Found ament_cmake_gtest: 1.3.11 (/opt/ros/humble/share/ament_cmake_gtest/cmake)
[2.912s] -- Found gtest sources under '/opt/ros/humble/src/gtest_vendor': C++ tests using 'Google Test' will be built
[2.912s] -- Found gmock sources under '/opt/ros/humble/src/gmock_vendor': C++ tests using 'Google Mock' will be built
[2.912s] -- Found ament_cmake_gtest: 1.3.11 (/opt/ros/humble/share/ament_cmake_gtest/cmake)
[2.913s] -- Found gtest sources under '/opt/ros/humble/src/gtest_vendor': C++ tests using 'Google Test' will be built
[2.913s] -- Configuring done
[2.913s] -- Generating done
[2.913s] -- Build files have been written to: /home/mampane/Desktop/machine_tending_robot/ros2_kortex_ws/build/tricycle_steering_controller
[2.915s] Invoked command in '/home/mampane/Desktop/machine_tending_robot/ros2_kortex_ws/build/tricycle_steering_controller' returned '0': AMENT_PREFIX_PATH=/home/mampane/Desktop/machine_tending_robot/ros2_kortex_ws/install/steering_controllers_library:/home/mampane/Desktop/machine_tending_robot/ros2_kortex_ws/install/controller_manager:/home/mampane/Desktop/machine_tending_robot/ros2_kortex_ws/install/hardware_interface_testing:/home/mampane/Desktop/machine_tending_robot/ros2_kortex_ws/install/controller_interface:/home/mampane/Desktop/machine_tending_robot/ros2_kortex_ws/install/hardware_interface:/home/mampane/Desktop/machine_tending_robot/ros2_kortex_ws/install/ros2_control_test_assets:/home/mampane/Desktop/machine_tending_robot/ros2_kortex_ws/install/realtime_tools:/home/mampane/Desktop/machine_tending_robot/ros2_kortex_ws/install/controller_manager_msgs:/home/mampane/Desktop/machine_tending_robot/ros2_kortex_ws/install/control_msgs:${AMENT_PREFIX_PATH} CMAKE_PREFIX_PATH=/home/mampane/Desktop/machine_tending_robot/ros2_kortex_ws/install/steering_controllers_library:/home/mampane/Desktop/machine_tending_robot/ros2_kortex_ws/install/controller_manager:/home/mampane/Desktop/machine_tending_robot/ros2_kortex_ws/install/hardware_interface_testing:/home/mampane/Desktop/machine_tending_robot/ros2_kortex_ws/install/controller_interface:/home/mampane/Desktop/machine_tending_robot/ros2_kortex_ws/install/hardware_interface:/home/mampane/Desktop/machine_tending_robot/ros2_kortex_ws/install/ros2_control_test_assets:/home/mampane/Desktop/machine_tending_robot/ros2_kortex_ws/install/realtime_tools:/home/mampane/Desktop/machine_tending_robot/ros2_kortex_ws/install/controller_manager_msgs:/home/mampane/Desktop/machine_tending_robot/ros2_kortex_ws/install/control_msgs:/opt/ros/humble LD_LIBRARY_PATH=/home/mampane/Desktop/machine_tending_robot/ros2_kortex_ws/install/steering_controllers_library/lib:/home/mampane/Desktop/machine_tending_robot/ros2_kortex_ws/install/controller_manager/lib:/home/mampane/Desktop/machine_tending_robot/ros2_kortex_ws/install/hardware_interface_testing/lib:/home/mampane/Desktop/machine_tending_robot/ros2_kortex_ws/install/controller_interface/lib:/home/mampane/Desktop/machine_tending_robot/ros2_kortex_ws/install/hardware_interface/lib:/home/mampane/Desktop/machine_tending_robot/ros2_kortex_ws/install/realtime_tools/lib:/home/mampane/Desktop/machine_tending_robot/ros2_kortex_ws/install/controller_manager_msgs/lib:/home/mampane/Desktop/machine_tending_robot/ros2_kortex_ws/install/control_msgs/lib:${LD_LIBRARY_PATH} PYTHONPATH=/home/mampane/Desktop/machine_tending_robot/ros2_kortex_ws/install/controller_manager/local/lib/python3.10/dist-packages:/home/mampane/Desktop/machine_tending_robot/ros2_kortex_ws/install/controller_manager_msgs/local/lib/python3.10/dist-packages:/home/mampane/Desktop/machine_tending_robot/ros2_kortex_ws/install/control_msgs/local/lib/python3.10/dist-packages:${PYTHONPATH} /usr/bin/cmake /home/mampane/Desktop/machine_tending_robot/ros2_kortex_ws/src/ros2_controllers/tricycle_steering_controller -DAMENT_CMAKE_SYMLINK_INSTALL=1 -DCMAKE_INSTALL_PREFIX=/home/mampane/Desktop/machine_tending_robot/ros2_kortex_ws/install/tricycle_steering_controller
[2.916s] Invoking command in '/home/mampane/Desktop/machine_tending_robot/ros2_kortex_ws/build/tricycle_steering_controller': AMENT_PREFIX_PATH=/home/mampane/Desktop/machine_tending_robot/ros2_kortex_ws/install/steering_controllers_library:/home/mampane/Desktop/machine_tending_robot/ros2_kortex_ws/install/controller_manager:/home/mampane/Desktop/machine_tending_robot/ros2_kortex_ws/install/hardware_interface_testing:/home/mampane/Desktop/machine_tending_robot/ros2_kortex_ws/install/controller_interface:/home/mampane/Desktop/machine_tending_robot/ros2_kortex_ws/install/hardware_interface:/home/mampane/Desktop/machine_tending_robot/ros2_kortex_ws/install/ros2_control_test_assets:/home/mampane/Desktop/machine_tending_robot/ros2_kortex_ws/install/realtime_tools:/home/mampane/Desktop/machine_tending_robot/ros2_kortex_ws/install/controller_manager_msgs:/home/mampane/Desktop/machine_tending_robot/ros2_kortex_ws/install/control_msgs:${AMENT_PREFIX_PATH} CMAKE_PREFIX_PATH=/home/mampane/Desktop/machine_tending_robot/ros2_kortex_ws/install/steering_controllers_library:/home/mampane/Desktop/machine_tending_robot/ros2_kortex_ws/install/controller_manager:/home/mampane/Desktop/machine_tending_robot/ros2_kortex_ws/install/hardware_interface_testing:/home/mampane/Desktop/machine_tending_robot/ros2_kortex_ws/install/controller_interface:/home/mampane/Desktop/machine_tending_robot/ros2_kortex_ws/install/hardware_interface:/home/mampane/Desktop/machine_tending_robot/ros2_kortex_ws/install/ros2_control_test_assets:/home/mampane/Desktop/machine_tending_robot/ros2_kortex_ws/install/realtime_tools:/home/mampane/Desktop/machine_tending_robot/ros2_kortex_ws/install/controller_manager_msgs:/home/mampane/Desktop/machine_tending_robot/ros2_kortex_ws/install/control_msgs:/opt/ros/humble LD_LIBRARY_PATH=/home/mampane/Desktop/machine_tending_robot/ros2_kortex_ws/install/steering_controllers_library/lib:/home/mampane/Desktop/machine_tending_robot/ros2_kortex_ws/install/controller_manager/lib:/home/mampane/Desktop/machine_tending_robot/ros2_kortex_ws/install/hardware_interface_testing/lib:/home/mampane/Desktop/machine_tending_robot/ros2_kortex_ws/install/controller_interface/lib:/home/mampane/Desktop/machine_tending_robot/ros2_kortex_ws/install/hardware_interface/lib:/home/mampane/Desktop/machine_tending_robot/ros2_kortex_ws/install/realtime_tools/lib:/home/mampane/Desktop/machine_tending_robot/ros2_kortex_ws/install/controller_manager_msgs/lib:/home/mampane/Desktop/machine_tending_robot/ros2_kortex_ws/install/control_msgs/lib:${LD_LIBRARY_PATH} PYTHONPATH=/home/mampane/Desktop/machine_tending_robot/ros2_kortex_ws/install/controller_manager/local/lib/python3.10/dist-packages:/home/mampane/Desktop/machine_tending_robot/ros2_kortex_ws/install/controller_manager_msgs/local/lib/python3.10/dist-packages:/home/mampane/Desktop/machine_tending_robot/ros2_kortex_ws/install/control_msgs/local/lib/python3.10/dist-packages:${PYTHONPATH} /usr/bin/cmake --build /home/mampane/Desktop/machine_tending_robot/ros2_kortex_ws/build/tricycle_steering_controller -- -j20 -l20
[8.481s] [  7%] [34m[1mRunning `/opt/ros/humble/bin/generate_parameter_library_cpp /home/mampane/Desktop/machine_tending_robot/ros2_kortex_ws/build/tricycle_steering_controller/include/tricycle_steering_controller/tricycle_steering_controller_parameters.hpp /home/mampane/Desktop/machine_tending_robot/ros2_kortex_ws/src/ros2_controllers/tricycle_steering_controller/src/tricycle_steering_controller.yaml `[0m
[8.481s] [ 15%] [34m[1mCreating deprecated header file /home/mampane/Desktop/machine_tending_robot/ros2_kortex_ws/build/tricycle_steering_controller/include/tricycle_steering_controller_parameters.hpp[0m
[8.481s] [ 15%] Built target tricycle_steering_controller_parameters
[8.481s] [ 23%] [32mBuilding CXX object gmock/CMakeFiles/gmock.dir/opt/ros/humble/src/gtest_vendor/src/gtest-all.cc.o[0m
[8.481s] [ 30%] [32mBuilding CXX object gmock/CMakeFiles/gmock.dir/src/gmock-all.cc.o[0m
[8.923s] [ 38%] [32m[1mLinking CXX static library libgmock.a[0m
[9.033s] [ 38%] Built target gmock
[9.062s] [ 46%] [32mBuilding CXX object CMakeFiles/tricycle_steering_controller.dir/src/tricycle_steering_controller.cpp.o[0m
[13.212s] [ 53%] [32m[1mLinking CXX shared library libtricycle_steering_controller.so[0m
[13.746s] [ 53%] Built target tricycle_steering_controller
[13.775s] [ 61%] [32mBuilding CXX object CMakeFiles/test_load_tricycle_steering_controller.dir/test/test_load_tricycle_steering_controller.cpp.o[0m
[21.232s] [ 69%] [32m[1mLinking CXX executable test_load_tricycle_steering_controller[0m
[22.863s] [ 69%] Built target test_load_tricycle_steering_controller
[22.895s] [ 76%] [32mBuilding CXX object CMakeFiles/test_tricycle_steering_controller_preceeding.dir/test/test_tricycle_steering_controller_preceeding.cpp.o[0m
[22.899s] [ 84%] [32mBuilding CXX object CMakeFiles/test_tricycle_steering_controller.dir/test/test_tricycle_steering_controller.cpp.o[0m
[35.877s] [ 92%] [32m[1mLinking CXX executable test_tricycle_steering_controller_preceeding[0m
[36.696s] [ 92%] Built target test_tricycle_steering_controller_preceeding
[41.138s] [100%] [32m[1mLinking CXX executable test_tricycle_steering_controller[0m
[41.856s] [100%] Built target test_tricycle_steering_controller
[41.875s] Invoked command in '/home/mampane/Desktop/machine_tending_robot/ros2_kortex_ws/build/tricycle_steering_controller' returned '0': AMENT_PREFIX_PATH=/home/mampane/Desktop/machine_tending_robot/ros2_kortex_ws/install/steering_controllers_library:/home/mampane/Desktop/machine_tending_robot/ros2_kortex_ws/install/controller_manager:/home/mampane/Desktop/machine_tending_robot/ros2_kortex_ws/install/hardware_interface_testing:/home/mampane/Desktop/machine_tending_robot/ros2_kortex_ws/install/controller_interface:/home/mampane/Desktop/machine_tending_robot/ros2_kortex_ws/install/hardware_interface:/home/mampane/Desktop/machine_tending_robot/ros2_kortex_ws/install/ros2_control_test_assets:/home/mampane/Desktop/machine_tending_robot/ros2_kortex_ws/install/realtime_tools:/home/mampane/Desktop/machine_tending_robot/ros2_kortex_ws/install/controller_manager_msgs:/home/mampane/Desktop/machine_tending_robot/ros2_kortex_ws/install/control_msgs:${AMENT_PREFIX_PATH} CMAKE_PREFIX_PATH=/home/mampane/Desktop/machine_tending_robot/ros2_kortex_ws/install/steering_controllers_library:/home/mampane/Desktop/machine_tending_robot/ros2_kortex_ws/install/controller_manager:/home/mampane/Desktop/machine_tending_robot/ros2_kortex_ws/install/hardware_interface_testing:/home/mampane/Desktop/machine_tending_robot/ros2_kortex_ws/install/controller_interface:/home/mampane/Desktop/machine_tending_robot/ros2_kortex_ws/install/hardware_interface:/home/mampane/Desktop/machine_tending_robot/ros2_kortex_ws/install/ros2_control_test_assets:/home/mampane/Desktop/machine_tending_robot/ros2_kortex_ws/install/realtime_tools:/home/mampane/Desktop/machine_tending_robot/ros2_kortex_ws/install/controller_manager_msgs:/home/mampane/Desktop/machine_tending_robot/ros2_kortex_ws/install/control_msgs:/opt/ros/humble LD_LIBRARY_PATH=/home/mampane/Desktop/machine_tending_robot/ros2_kortex_ws/install/steering_controllers_library/lib:/home/mampane/Desktop/machine_tending_robot/ros2_kortex_ws/install/controller_manager/lib:/home/mampane/Desktop/machine_tending_robot/ros2_kortex_ws/install/hardware_interface_testing/lib:/home/mampane/Desktop/machine_tending_robot/ros2_kortex_ws/install/controller_interface/lib:/home/mampane/Desktop/machine_tending_robot/ros2_kortex_ws/install/hardware_interface/lib:/home/mampane/Desktop/machine_tending_robot/ros2_kortex_ws/install/realtime_tools/lib:/home/mampane/Desktop/machine_tending_robot/ros2_kortex_ws/install/controller_manager_msgs/lib:/home/mampane/Desktop/machine_tending_robot/ros2_kortex_ws/install/control_msgs/lib:${LD_LIBRARY_PATH} PYTHONPATH=/home/mampane/Desktop/machine_tending_robot/ros2_kortex_ws/install/controller_manager/local/lib/python3.10/dist-packages:/home/mampane/Desktop/machine_tending_robot/ros2_kortex_ws/install/controller_manager_msgs/local/lib/python3.10/dist-packages:/home/mampane/Desktop/machine_tending_robot/ros2_kortex_ws/install/control_msgs/local/lib/python3.10/dist-packages:${PYTHONPATH} /usr/bin/cmake --build /home/mampane/Desktop/machine_tending_robot/ros2_kortex_ws/build/tricycle_steering_controller -- -j20 -l20
[41.877s] Invoking command in '/home/mampane/Desktop/machine_tending_robot/ros2_kortex_ws/build/tricycle_steering_controller': AMENT_PREFIX_PATH=/home/mampane/Desktop/machine_tending_robot/ros2_kortex_ws/install/steering_controllers_library:/home/mampane/Desktop/machine_tending_robot/ros2_kortex_ws/install/controller_manager:/home/mampane/Desktop/machine_tending_robot/ros2_kortex_ws/install/hardware_interface_testing:/home/mampane/Desktop/machine_tending_robot/ros2_kortex_ws/install/controller_interface:/home/mampane/Desktop/machine_tending_robot/ros2_kortex_ws/install/hardware_interface:/home/mampane/Desktop/machine_tending_robot/ros2_kortex_ws/install/ros2_control_test_assets:/home/mampane/Desktop/machine_tending_robot/ros2_kortex_ws/install/realtime_tools:/home/mampane/Desktop/machine_tending_robot/ros2_kortex_ws/install/controller_manager_msgs:/home/mampane/Desktop/machine_tending_robot/ros2_kortex_ws/install/control_msgs:${AMENT_PREFIX_PATH} CMAKE_PREFIX_PATH=/home/mampane/Desktop/machine_tending_robot/ros2_kortex_ws/install/steering_controllers_library:/home/mampane/Desktop/machine_tending_robot/ros2_kortex_ws/install/controller_manager:/home/mampane/Desktop/machine_tending_robot/ros2_kortex_ws/install/hardware_interface_testing:/home/mampane/Desktop/machine_tending_robot/ros2_kortex_ws/install/controller_interface:/home/mampane/Desktop/machine_tending_robot/ros2_kortex_ws/install/hardware_interface:/home/mampane/Desktop/machine_tending_robot/ros2_kortex_ws/install/ros2_control_test_assets:/home/mampane/Desktop/machine_tending_robot/ros2_kortex_ws/install/realtime_tools:/home/mampane/Desktop/machine_tending_robot/ros2_kortex_ws/install/controller_manager_msgs:/home/mampane/Desktop/machine_tending_robot/ros2_kortex_ws/install/control_msgs:/opt/ros/humble LD_LIBRARY_PATH=/home/mampane/Desktop/machine_tending_robot/ros2_kortex_ws/install/steering_controllers_library/lib:/home/mampane/Desktop/machine_tending_robot/ros2_kortex_ws/install/controller_manager/lib:/home/mampane/Desktop/machine_tending_robot/ros2_kortex_ws/install/hardware_interface_testing/lib:/home/mampane/Desktop/machine_tending_robot/ros2_kortex_ws/install/controller_interface/lib:/home/mampane/Desktop/machine_tending_robot/ros2_kortex_ws/install/hardware_interface/lib:/home/mampane/Desktop/machine_tending_robot/ros2_kortex_ws/install/realtime_tools/lib:/home/mampane/Desktop/machine_tending_robot/ros2_kortex_ws/install/controller_manager_msgs/lib:/home/mampane/Desktop/machine_tending_robot/ros2_kortex_ws/install/control_msgs/lib:${LD_LIBRARY_PATH} PYTHONPATH=/home/mampane/Desktop/machine_tending_robot/ros2_kortex_ws/install/controller_manager/local/lib/python3.10/dist-packages:/home/mampane/Desktop/machine_tending_robot/ros2_kortex_ws/install/controller_manager_msgs/local/lib/python3.10/dist-packages:/home/mampane/Desktop/machine_tending_robot/ros2_kortex_ws/install/control_msgs/local/lib/python3.10/dist-packages:${PYTHONPATH} /usr/bin/cmake --install /home/mampane/Desktop/machine_tending_robot/ros2_kortex_ws/build/tricycle_steering_controller
[41.885s] -- Install configuration: ""
[41.885s] -- Execute custom install script
[41.885s] -- Symlinking: /home/mampane/Desktop/machine_tending_robot/ros2_kortex_ws/install/tricycle_steering_controller/include/tricycle_steering_controller/tricycle_steering_controller_parameters.hpp
[41.894s] -- Symlinking: /home/mampane/Desktop/machine_tending_robot/ros2_kortex_ws/install/tricycle_steering_controller/share/tricycle_steering_controller//tricycle_steering_controller.xml
[41.901s] -- Symlinking: /home/mampane/Desktop/machine_tending_robot/ros2_kortex_ws/install/tricycle_steering_controller/include/tricycle_steering_controller/tricycle_steering_controller/tricycle_steering_controller.hpp
[41.910s] -- Symlinking: /home/mampane/Desktop/machine_tending_robot/ros2_kortex_ws/install/tricycle_steering_controller/include/tricycle_steering_controller/tricycle_steering_controller/visibility_control.h
[41.916s] -- Symlinking: /home/mampane/Desktop/machine_tending_robot/ros2_kortex_ws/install/tricycle_steering_controller/share/tricycle_steering_controller/environment/library_path.sh
[41.923s] -- Symlinking: /home/mampane/Desktop/machine_tending_robot/ros2_kortex_ws/install/tricycle_steering_controller/share/tricycle_steering_controller/environment/library_path.dsv
[41.931s] -- Symlinking: /home/mampane/Desktop/machine_tending_robot/ros2_kortex_ws/install/tricycle_steering_controller/share/ament_index/resource_index/package_run_dependencies/tricycle_steering_controller
[41.938s] -- Symlinking: /home/mampane/Desktop/machine_tending_robot/ros2_kortex_ws/install/tricycle_steering_controller/share/ament_index/resource_index/parent_prefix_path/tricycle_steering_controller
[41.946s] -- Symlinking: /home/mampane/Desktop/machine_tending_robot/ros2_kortex_ws/install/tricycle_steering_controller/share/tricycle_steering_controller/environment/ament_prefix_path.sh
[41.952s] -- Symlinking: /home/mampane/Desktop/machine_tending_robot/ros2_kortex_ws/install/tricycle_steering_controller/share/tricycle_steering_controller/environment/ament_prefix_path.dsv
[41.960s] -- Symlinking: /home/mampane/Desktop/machine_tending_robot/ros2_kortex_ws/install/tricycle_steering_controller/share/tricycle_steering_controller/environment/path.sh
[41.967s] -- Symlinking: /home/mampane/Desktop/machine_tending_robot/ros2_kortex_ws/install/tricycle_steering_controller/share/tricycle_steering_controller/environment/path.dsv
[41.974s] -- Symlinking: /home/mampane/Desktop/machine_tending_robot/ros2_kortex_ws/install/tricycle_steering_controller/share/tricycle_steering_controller/local_setup.bash
[41.980s] -- Symlinking: /home/mampane/Desktop/machine_tending_robot/ros2_kortex_ws/install/tricycle_steering_controller/share/tricycle_steering_controller/local_setup.sh
[41.988s] -- Symlinking: /home/mampane/Desktop/machine_tending_robot/ros2_kortex_ws/install/tricycle_steering_controller/share/tricycle_steering_controller/local_setup.zsh
[41.995s] -- Symlinking: /home/mampane/Desktop/machine_tending_robot/ros2_kortex_ws/install/tricycle_steering_controller/share/tricycle_steering_controller/local_setup.dsv
[42.002s] -- Symlinking: /home/mampane/Desktop/machine_tending_robot/ros2_kortex_ws/install/tricycle_steering_controller/share/tricycle_steering_controller/package.dsv
[42.010s] -- Symlinking: /home/mampane/Desktop/machine_tending_robot/ros2_kortex_ws/install/tricycle_steering_controller/share/ament_index/resource_index/packages/tricycle_steering_controller
[42.017s] -- Symlinking: /home/mampane/Desktop/machine_tending_robot/ros2_kortex_ws/install/tricycle_steering_controller/share/ament_index/resource_index/controller_interface__pluginlib__plugin/tricycle_steering_controller
[42.023s] -- Symlinking: /home/mampane/Desktop/machine_tending_robot/ros2_kortex_ws/install/tricycle_steering_controller/share/tricycle_steering_controller/cmake/ament_cmake_export_dependencies-extras.cmake
[42.032s] -- Symlinking: /home/mampane/Desktop/machine_tending_robot/ros2_kortex_ws/install/tricycle_steering_controller/share/tricycle_steering_controller/cmake/ament_cmake_export_targets-extras.cmake
[42.039s] -- Symlinking: /home/mampane/Desktop/machine_tending_robot/ros2_kortex_ws/install/tricycle_steering_controller/share/tricycle_steering_controller/cmake/tricycle_steering_controllerConfig.cmake
[42.046s] -- Symlinking: /home/mampane/Desktop/machine_tending_robot/ros2_kortex_ws/install/tricycle_steering_controller/share/tricycle_steering_controller/cmake/tricycle_steering_controllerConfig-version.cmake
[42.053s] -- Symlinking: /home/mampane/Desktop/machine_tending_robot/ros2_kortex_ws/install/tricycle_steering_controller/share/tricycle_steering_controller/package.xml
[42.061s] -- Installing: /home/mampane/Desktop/machine_tending_robot/ros2_kortex_ws/install/tricycle_steering_controller/lib/libtricycle_steering_controller.so
[42.061s] -- Set runtime path of "/home/mampane/Desktop/machine_tending_robot/ros2_kortex_ws/install/tricycle_steering_controller/lib/libtricycle_steering_controller.so" to ""
[42.061s] -- Installing: /home/mampane/Desktop/machine_tending_robot/ros2_kortex_ws/install/tricycle_steering_controller/share/tricycle_steering_controller/cmake/export_tricycle_steering_controllerExport.cmake
[42.061s] -- Installing: /home/mampane/Desktop/machine_tending_robot/ros2_kortex_ws/install/tricycle_steering_controller/share/tricycle_steering_controller/cmake/export_tricycle_steering_controllerExport-noconfig.cmake
[42.063s] Invoked command in '/home/mampane/Desktop/machine_tending_robot/ros2_kortex_ws/build/tricycle_steering_controller' returned '0': AMENT_PREFIX_PATH=/home/mampane/Desktop/machine_tending_robot/ros2_kortex_ws/install/steering_controllers_library:/home/mampane/Desktop/machine_tending_robot/ros2_kortex_ws/install/controller_manager:/home/mampane/Desktop/machine_tending_robot/ros2_kortex_ws/install/hardware_interface_testing:/home/mampane/Desktop/machine_tending_robot/ros2_kortex_ws/install/controller_interface:/home/mampane/Desktop/machine_tending_robot/ros2_kortex_ws/install/hardware_interface:/home/mampane/Desktop/machine_tending_robot/ros2_kortex_ws/install/ros2_control_test_assets:/home/mampane/Desktop/machine_tending_robot/ros2_kortex_ws/install/realtime_tools:/home/mampane/Desktop/machine_tending_robot/ros2_kortex_ws/install/controller_manager_msgs:/home/mampane/Desktop/machine_tending_robot/ros2_kortex_ws/install/control_msgs:${AMENT_PREFIX_PATH} CMAKE_PREFIX_PATH=/home/mampane/Desktop/machine_tending_robot/ros2_kortex_ws/install/steering_controllers_library:/home/mampane/Desktop/machine_tending_robot/ros2_kortex_ws/install/controller_manager:/home/mampane/Desktop/machine_tending_robot/ros2_kortex_ws/install/hardware_interface_testing:/home/mampane/Desktop/machine_tending_robot/ros2_kortex_ws/install/controller_interface:/home/mampane/Desktop/machine_tending_robot/ros2_kortex_ws/install/hardware_interface:/home/mampane/Desktop/machine_tending_robot/ros2_kortex_ws/install/ros2_control_test_assets:/home/mampane/Desktop/machine_tending_robot/ros2_kortex_ws/install/realtime_tools:/home/mampane/Desktop/machine_tending_robot/ros2_kortex_ws/install/controller_manager_msgs:/home/mampane/Desktop/machine_tending_robot/ros2_kortex_ws/install/control_msgs:/opt/ros/humble LD_LIBRARY_PATH=/home/mampane/Desktop/machine_tending_robot/ros2_kortex_ws/install/steering_controllers_library/lib:/home/mampane/Desktop/machine_tending_robot/ros2_kortex_ws/install/controller_manager/lib:/home/mampane/Desktop/machine_tending_robot/ros2_kortex_ws/install/hardware_interface_testing/lib:/home/mampane/Desktop/machine_tending_robot/ros2_kortex_ws/install/controller_interface/lib:/home/mampane/Desktop/machine_tending_robot/ros2_kortex_ws/install/hardware_interface/lib:/home/mampane/Desktop/machine_tending_robot/ros2_kortex_ws/install/realtime_tools/lib:/home/mampane/Desktop/machine_tending_robot/ros2_kortex_ws/install/controller_manager_msgs/lib:/home/mampane/Desktop/machine_tending_robot/ros2_kortex_ws/install/control_msgs/lib:${LD_LIBRARY_PATH} PYTHONPATH=/home/mampane/Desktop/machine_tending_robot/ros2_kortex_ws/install/controller_manager/local/lib/python3.10/dist-packages:/home/mampane/Desktop/machine_tending_robot/ros2_kortex_ws/install/controller_manager_msgs/local/lib/python3.10/dist-packages:/home/mampane/Desktop/machine_tending_robot/ros2_kortex_ws/install/control_msgs/local/lib/python3.10/dist-packages:${PYTHONPATH} /usr/bin/cmake --install /home/mampane/Desktop/machine_tending_robot/ros2_kortex_ws/build/tricycle_steering_controller
