[0.024s] Invoking command in '/home/mampane/Desktop/machine_tending_robot/ros2_kortex_ws/build/robotiq_driver': AMENT_PREFIX_PATH=/home/mampane/Desktop/machine_tending_robot/ros2_kortex_ws/install/hardware_interface:/home/mampane/Desktop/machine_tending_robot/ros2_kortex_ws/install/serial:/home/mampane/Desktop/machine_tending_robot/ros2_kortex_ws/install/ros2_control_test_assets:/home/mampane/Desktop/machine_tending_robot/ros2_kortex_ws/install/control_msgs:${AMENT_PREFIX_PATH} CMAKE_PREFIX_PATH=/home/mampane/Desktop/machine_tending_robot/ros2_kortex_ws/install/hardware_interface:/home/mampane/Desktop/machine_tending_robot/ros2_kortex_ws/install/serial:/home/mampane/Desktop/machine_tending_robot/ros2_kortex_ws/install/ros2_control_test_assets:/home/mampane/Desktop/machine_tending_robot/ros2_kortex_ws/install/control_msgs:/opt/ros/humble LD_LIBRARY_PATH=/home/mampane/Desktop/machine_tending_robot/ros2_kortex_ws/install/hardware_interface/lib:/home/mampane/Desktop/machine_tending_robot/ros2_kortex_ws/install/serial/lib:/home/mampane/Desktop/machine_tending_robot/ros2_kortex_ws/install/control_msgs/lib:${LD_LIBRARY_PATH} PYTHONPATH=/home/mampane/Desktop/machine_tending_robot/ros2_kortex_ws/install/control_msgs/local/lib/python3.10/dist-packages:${PYTHONPATH} /usr/bin/cmake /home/mampane/Desktop/machine_tending_robot/ros2_kortex_ws/src/ros2_robotiq_gripper/robotiq_driver -DAMENT_CMAKE_SYMLINK_INSTALL=1 -DCMAKE_INSTALL_PREFIX=/home/mampane/Desktop/machine_tending_robot/ros2_kortex_ws/install/robotiq_driver
[0.122s] -- The CXX compiler identification is GNU 11.4.0
[0.134s] -- Detecting CXX compiler ABI info
[0.257s] -- Detecting CXX compiler ABI info - done
[0.271s] -- Check for working CXX compiler: /usr/bin/c++ - skipped
[0.272s] -- Detecting CXX compile features
[0.272s] -- Detecting CXX compile features - done
[0.279s] -- Found ament_cmake: 1.3.11 (/opt/ros/humble/share/ament_cmake/cmake)
[0.533s] -- Found Python3: /usr/bin/python3 (found version "3.10.12") found components: Interpreter 
[0.629s] -- Override CMake install command with custom implementation using symlinks instead of copying resources
[0.674s] -- Found hardware_interface: 2.48.0 (/home/mampane/Desktop/machine_tending_robot/ros2_kortex_ws/install/hardware_interface/share/hardware_interface/cmake)
[0.743s] -- Found rosidl_generator_c: 3.1.6 (/opt/ros/humble/share/rosidl_generator_c/cmake)
[0.752s] -- Found rosidl_adapter: 3.1.6 (/opt/ros/humble/share/rosidl_adapter/cmake)
[0.767s] -- Found rosidl_generator_cpp: 3.1.6 (/opt/ros/humble/share/rosidl_generator_cpp/cmake)
[0.789s] -- Using all available rosidl_typesupport_c: rosidl_typesupport_fastrtps_c;rosidl_typesupport_introspection_c
[0.817s] -- Using all available rosidl_typesupport_cpp: rosidl_typesupport_fastrtps_cpp;rosidl_typesupport_introspection_cpp
[1.175s] -- Found rmw_implementation_cmake: 6.1.2 (/opt/ros/humble/share/rmw_implementation_cmake/cmake)
[1.180s] -- Found rmw_fastrtps_cpp: 6.2.7 (/opt/ros/humble/share/rmw_fastrtps_cpp/cmake)
[1.225s] -- Found TinyXML2 via Config file: TinyXML2_DIR-NOTFOUND
[1.300s] -- Found OpenSSL: /usr/lib/x86_64-linux-gnu/libcrypto.so (found version "3.0.2")  
[1.305s] -- Found TinyXML2 via Config file: TinyXML2_DIR-NOTFOUND
[1.331s] -- Found FastRTPS: /opt/ros/humble/include  
[1.337s] -- Found TinyXML2 via Config file: TinyXML2_DIR-NOTFOUND
[1.351s] -- Found TinyXML2 via Config file: TinyXML2_DIR-NOTFOUND
[1.371s] -- Using RMW implementation 'rmw_fastrtps_cpp' as default
[1.384s] -- Looking for C++ include pthread.h
[1.558s] -- Looking for C++ include pthread.h - found
[1.558s] -- Performing Test CMAKE_HAVE_LIBC_PTHREAD
[1.693s] -- Performing Test CMAKE_HAVE_LIBC_PTHREAD - Success
[1.695s] -- Found Threads: TRUE  
[1.778s] -- Found serial: 1.2.1 (/home/mampane/Desktop/machine_tending_robot/ros2_kortex_ws/install/serial/share/serial/cmake)
[1.807s] -- Found ament_cmake_gtest: 1.3.11 (/opt/ros/humble/share/ament_cmake_gtest/cmake)
[1.810s] -- Found ament_cmake_gmock: 1.3.11 (/opt/ros/humble/share/ament_cmake_gmock/cmake)
[1.813s] -- Found ament_lint_auto: 0.12.11 (/opt/ros/humble/share/ament_lint_auto/cmake)
[1.815s] -- Found ros2_control_test_assets: 2.48.0 (/home/mampane/Desktop/machine_tending_robot/ros2_kortex_ws/install/ros2_control_test_assets/share/ros2_control_test_assets/cmake)
[2.001s] -- Found gmock sources under '/opt/ros/humble/src/gmock_vendor': C++ tests using 'Google Mock' will be built
[2.075s] -- The C compiler identification is GNU 11.4.0
[2.086s] -- Detecting C compiler ABI info
[2.182s] -- Detecting C compiler ABI info - done
[2.195s] -- Check for working C compiler: /usr/bin/cc - skipped
[2.195s] -- Detecting C compile features
[2.196s] -- Detecting C compile features - done
[2.201s] -- Found gtest sources under '/opt/ros/humble/src/gtest_vendor': C++ tests using 'Google Test' will be built
[2.329s] -- Configuring done
[2.688s] -- Generating done
[2.820s] -- Build files have been written to: /home/mampane/Desktop/machine_tending_robot/ros2_kortex_ws/build/robotiq_driver
[2.862s] Invoked command in '/home/mampane/Desktop/machine_tending_robot/ros2_kortex_ws/build/robotiq_driver' returned '0': AMENT_PREFIX_PATH=/home/mampane/Desktop/machine_tending_robot/ros2_kortex_ws/install/hardware_interface:/home/mampane/Desktop/machine_tending_robot/ros2_kortex_ws/install/serial:/home/mampane/Desktop/machine_tending_robot/ros2_kortex_ws/install/ros2_control_test_assets:/home/mampane/Desktop/machine_tending_robot/ros2_kortex_ws/install/control_msgs:${AMENT_PREFIX_PATH} CMAKE_PREFIX_PATH=/home/mampane/Desktop/machine_tending_robot/ros2_kortex_ws/install/hardware_interface:/home/mampane/Desktop/machine_tending_robot/ros2_kortex_ws/install/serial:/home/mampane/Desktop/machine_tending_robot/ros2_kortex_ws/install/ros2_control_test_assets:/home/mampane/Desktop/machine_tending_robot/ros2_kortex_ws/install/control_msgs:/opt/ros/humble LD_LIBRARY_PATH=/home/mampane/Desktop/machine_tending_robot/ros2_kortex_ws/install/hardware_interface/lib:/home/mampane/Desktop/machine_tending_robot/ros2_kortex_ws/install/serial/lib:/home/mampane/Desktop/machine_tending_robot/ros2_kortex_ws/install/control_msgs/lib:${LD_LIBRARY_PATH} PYTHONPATH=/home/mampane/Desktop/machine_tending_robot/ros2_kortex_ws/install/control_msgs/local/lib/python3.10/dist-packages:${PYTHONPATH} /usr/bin/cmake /home/mampane/Desktop/machine_tending_robot/ros2_kortex_ws/src/ros2_robotiq_gripper/robotiq_driver -DAMENT_CMAKE_SYMLINK_INSTALL=1 -DCMAKE_INSTALL_PREFIX=/home/mampane/Desktop/machine_tending_robot/ros2_kortex_ws/install/robotiq_driver
[2.872s] Invoking command in '/home/mampane/Desktop/machine_tending_robot/ros2_kortex_ws/build/robotiq_driver': AMENT_PREFIX_PATH=/home/mampane/Desktop/machine_tending_robot/ros2_kortex_ws/install/hardware_interface:/home/mampane/Desktop/machine_tending_robot/ros2_kortex_ws/install/serial:/home/mampane/Desktop/machine_tending_robot/ros2_kortex_ws/install/ros2_control_test_assets:/home/mampane/Desktop/machine_tending_robot/ros2_kortex_ws/install/control_msgs:${AMENT_PREFIX_PATH} CMAKE_PREFIX_PATH=/home/mampane/Desktop/machine_tending_robot/ros2_kortex_ws/install/hardware_interface:/home/mampane/Desktop/machine_tending_robot/ros2_kortex_ws/install/serial:/home/mampane/Desktop/machine_tending_robot/ros2_kortex_ws/install/ros2_control_test_assets:/home/mampane/Desktop/machine_tending_robot/ros2_kortex_ws/install/control_msgs:/opt/ros/humble LD_LIBRARY_PATH=/home/mampane/Desktop/machine_tending_robot/ros2_kortex_ws/install/hardware_interface/lib:/home/mampane/Desktop/machine_tending_robot/ros2_kortex_ws/install/serial/lib:/home/mampane/Desktop/machine_tending_robot/ros2_kortex_ws/install/control_msgs/lib:${LD_LIBRARY_PATH} PYTHONPATH=/home/mampane/Desktop/machine_tending_robot/ros2_kortex_ws/install/control_msgs/local/lib/python3.10/dist-packages:${PYTHONPATH} /usr/bin/cmake --build /home/mampane/Desktop/machine_tending_robot/ros2_kortex_ws/build/robotiq_driver -- -j20 -l20
[3.046s] [  4%] [32mBuilding CXX object gmock/CMakeFiles/gmock_main.dir/src/gmock_main.cc.o[0m
[3.058s] [  8%] [32mBuilding CXX object gmock/CMakeFiles/gmock.dir/src/gmock-all.cc.o[0m
[3.063s] [ 12%] [32mBuilding CXX object CMakeFiles/robotiq_driver.dir/src/crc_utils.cpp.o[0m
[3.066s] [ 16%] [32mBuilding CXX object CMakeFiles/robotiq_driver.dir/src/data_utils.cpp.o[0m
[3.069s] [ 20%] [32mBuilding CXX object CMakeFiles/robotiq_driver.dir/src/hardware_interface.cpp.o[0m
[3.074s] [ 25%] [32mBuilding CXX object gmock/CMakeFiles/gmock.dir/opt/ros/humble/src/gtest_vendor/src/gtest-all.cc.o[0m
[3.081s] [ 29%] [32mBuilding CXX object CMakeFiles/robotiq_driver.dir/src/default_serial.cpp.o[0m
[3.085s] [ 37%] [32mBuilding CXX object CMakeFiles/robotiq_driver.dir/src/default_driver_factory.cpp.o[0m
[3.092s] [ 37%] [32mBuilding CXX object CMakeFiles/robotiq_driver.dir/src/fake/fake_driver.cpp.o[0m
[3.105s] [ 41%] [32mBuilding CXX object CMakeFiles/robotiq_driver.dir/src/default_serial_factory.cpp.o[0m
[3.105s] [ 45%] [32mBuilding CXX object CMakeFiles/robotiq_driver.dir/src/default_driver.cpp.o[0m
[7.209s] [ 50%] [32m[1mLinking CXX static library libgmock_main.a[0m
[7.326s] [ 50%] Built target gmock_main
[11.293s] [ 54%] [32m[1mLinking CXX static library libgmock.a[0m
[11.459s] [ 58%] [32m[1mLinking CXX shared library librobotiq_driver.so[0m
[11.559s] [ 58%] Built target gmock
[11.861s] [ 58%] Built target robotiq_driver
[11.930s] [ 62%] [32mBuilding CXX object tests/CMakeFiles/test_robotiq_gripper_hardware_interface.dir/test_robotiq_gripper_hardware_interface.cpp.o[0m
[11.934s] [ 66%] [32mBuilding CXX object tests/CMakeFiles/test_default_serial_factory.dir/test_default_serial_factory.cpp.o[0m
[11.940s] [ 70%] [32mBuilding CXX object tests/CMakeFiles/test_data_utils.dir/test_data_utils.cpp.o[0m
[11.946s] [ 75%] [32mBuilding CXX object tests/CMakeFiles/test_crc_utils.dir/test_crc_utils.cpp.o[0m
[11.973s] [ 79%] [32mBuilding CXX object tests/CMakeFiles/test_default_driver_factory.dir/test_default_driver_factory.cpp.o[0m
[16.751s] [ 83%] [32m[1mLinking CXX executable test_data_utils[0m
[17.263s] [ 87%] [32m[1mLinking CXX executable test_crc_utils[0m
[17.376s] [ 87%] Built target test_data_utils
[17.868s] [ 87%] Built target test_crc_utils
[21.175s] [ 91%] [32m[1mLinking CXX executable test_default_serial_factory[0m
[22.029s] [ 91%] Built target test_default_serial_factory
[25.688s] [ 95%] [32m[1mLinking CXX executable test_default_driver_factory[0m
[26.481s] [ 95%] Built target test_default_driver_factory
[27.398s] [100%] [32m[1mLinking CXX executable test_robotiq_gripper_hardware_interface[0m
[28.084s] [100%] Built target test_robotiq_gripper_hardware_interface
[28.114s] Invoked command in '/home/mampane/Desktop/machine_tending_robot/ros2_kortex_ws/build/robotiq_driver' returned '0': AMENT_PREFIX_PATH=/home/mampane/Desktop/machine_tending_robot/ros2_kortex_ws/install/hardware_interface:/home/mampane/Desktop/machine_tending_robot/ros2_kortex_ws/install/serial:/home/mampane/Desktop/machine_tending_robot/ros2_kortex_ws/install/ros2_control_test_assets:/home/mampane/Desktop/machine_tending_robot/ros2_kortex_ws/install/control_msgs:${AMENT_PREFIX_PATH} CMAKE_PREFIX_PATH=/home/mampane/Desktop/machine_tending_robot/ros2_kortex_ws/install/hardware_interface:/home/mampane/Desktop/machine_tending_robot/ros2_kortex_ws/install/serial:/home/mampane/Desktop/machine_tending_robot/ros2_kortex_ws/install/ros2_control_test_assets:/home/mampane/Desktop/machine_tending_robot/ros2_kortex_ws/install/control_msgs:/opt/ros/humble LD_LIBRARY_PATH=/home/mampane/Desktop/machine_tending_robot/ros2_kortex_ws/install/hardware_interface/lib:/home/mampane/Desktop/machine_tending_robot/ros2_kortex_ws/install/serial/lib:/home/mampane/Desktop/machine_tending_robot/ros2_kortex_ws/install/control_msgs/lib:${LD_LIBRARY_PATH} PYTHONPATH=/home/mampane/Desktop/machine_tending_robot/ros2_kortex_ws/install/control_msgs/local/lib/python3.10/dist-packages:${PYTHONPATH} /usr/bin/cmake --build /home/mampane/Desktop/machine_tending_robot/ros2_kortex_ws/build/robotiq_driver -- -j20 -l20
[28.124s] Invoking command in '/home/mampane/Desktop/machine_tending_robot/ros2_kortex_ws/build/robotiq_driver': AMENT_PREFIX_PATH=/home/mampane/Desktop/machine_tending_robot/ros2_kortex_ws/install/hardware_interface:/home/mampane/Desktop/machine_tending_robot/ros2_kortex_ws/install/serial:/home/mampane/Desktop/machine_tending_robot/ros2_kortex_ws/install/ros2_control_test_assets:/home/mampane/Desktop/machine_tending_robot/ros2_kortex_ws/install/control_msgs:${AMENT_PREFIX_PATH} CMAKE_PREFIX_PATH=/home/mampane/Desktop/machine_tending_robot/ros2_kortex_ws/install/hardware_interface:/home/mampane/Desktop/machine_tending_robot/ros2_kortex_ws/install/serial:/home/mampane/Desktop/machine_tending_robot/ros2_kortex_ws/install/ros2_control_test_assets:/home/mampane/Desktop/machine_tending_robot/ros2_kortex_ws/install/control_msgs:/opt/ros/humble LD_LIBRARY_PATH=/home/mampane/Desktop/machine_tending_robot/ros2_kortex_ws/install/hardware_interface/lib:/home/mampane/Desktop/machine_tending_robot/ros2_kortex_ws/install/serial/lib:/home/mampane/Desktop/machine_tending_robot/ros2_kortex_ws/install/control_msgs/lib:${LD_LIBRARY_PATH} PYTHONPATH=/home/mampane/Desktop/machine_tending_robot/ros2_kortex_ws/install/control_msgs/local/lib/python3.10/dist-packages:${PYTHONPATH} /usr/bin/cmake --install /home/mampane/Desktop/machine_tending_robot/ros2_kortex_ws/build/robotiq_driver
[28.142s] -- Install configuration: ""
[28.148s] -- Execute custom install script
[28.148s] -- Symlinking: /home/mampane/Desktop/machine_tending_robot/ros2_kortex_ws/install/robotiq_driver/share/robotiq_driver//hardware_interface_plugin.xml
[28.168s] -- Symlinking: /home/mampane/Desktop/machine_tending_robot/ros2_kortex_ws/install/robotiq_driver/share/robotiq_driver/environment/library_path.sh
[28.195s] -- Symlinking: /home/mampane/Desktop/machine_tending_robot/ros2_kortex_ws/install/robotiq_driver/share/robotiq_driver/environment/library_path.dsv
[28.219s] -- Symlinking: /home/mampane/Desktop/machine_tending_robot/ros2_kortex_ws/install/robotiq_driver/include/robotiq_driver/crc_utils.hpp
[28.239s] -- Symlinking: /home/mampane/Desktop/machine_tending_robot/ros2_kortex_ws/install/robotiq_driver/include/robotiq_driver/data_utils.hpp
[28.261s] -- Symlinking: /home/mampane/Desktop/machine_tending_robot/ros2_kortex_ws/install/robotiq_driver/include/robotiq_driver/default_driver.hpp
[28.287s] -- Symlinking: /home/mampane/Desktop/machine_tending_robot/ros2_kortex_ws/install/robotiq_driver/include/robotiq_driver/default_driver_factory.hpp
[28.309s] -- Symlinking: /home/mampane/Desktop/machine_tending_robot/ros2_kortex_ws/install/robotiq_driver/include/robotiq_driver/default_serial.hpp
[28.333s] -- Symlinking: /home/mampane/Desktop/machine_tending_robot/ros2_kortex_ws/install/robotiq_driver/include/robotiq_driver/default_serial_factory.hpp
[28.356s] -- Symlinking: /home/mampane/Desktop/machine_tending_robot/ros2_kortex_ws/install/robotiq_driver/include/robotiq_driver/driver.hpp
[28.378s] -- Symlinking: /home/mampane/Desktop/machine_tending_robot/ros2_kortex_ws/install/robotiq_driver/include/robotiq_driver/driver_exception.hpp
[28.407s] -- Symlinking: /home/mampane/Desktop/machine_tending_robot/ros2_kortex_ws/install/robotiq_driver/include/robotiq_driver/driver_factory.hpp
[28.425s] -- Symlinking: /home/mampane/Desktop/machine_tending_robot/ros2_kortex_ws/install/robotiq_driver/include/robotiq_driver/fake/fake_driver.hpp
[28.450s] -- Symlinking: /home/mampane/Desktop/machine_tending_robot/ros2_kortex_ws/install/robotiq_driver/include/robotiq_driver/hardware_interface.hpp
[28.469s] -- Symlinking: /home/mampane/Desktop/machine_tending_robot/ros2_kortex_ws/install/robotiq_driver/include/robotiq_driver/serial.hpp
[28.494s] -- Symlinking: /home/mampane/Desktop/machine_tending_robot/ros2_kortex_ws/install/robotiq_driver/include/robotiq_driver/serial_factory.hpp
[28.519s] -- Symlinking: /home/mampane/Desktop/machine_tending_robot/ros2_kortex_ws/install/robotiq_driver/include/robotiq_driver/visibility_control.hpp
[28.545s] -- Symlinking: /home/mampane/Desktop/machine_tending_robot/ros2_kortex_ws/install/robotiq_driver/share/ament_index/resource_index/package_run_dependencies/robotiq_driver
[28.567s] -- Symlinking: /home/mampane/Desktop/machine_tending_robot/ros2_kortex_ws/install/robotiq_driver/share/ament_index/resource_index/parent_prefix_path/robotiq_driver
[28.590s] -- Symlinking: /home/mampane/Desktop/machine_tending_robot/ros2_kortex_ws/install/robotiq_driver/share/robotiq_driver/environment/ament_prefix_path.sh
[28.614s] -- Symlinking: /home/mampane/Desktop/machine_tending_robot/ros2_kortex_ws/install/robotiq_driver/share/robotiq_driver/environment/ament_prefix_path.dsv
[28.636s] -- Symlinking: /home/mampane/Desktop/machine_tending_robot/ros2_kortex_ws/install/robotiq_driver/share/robotiq_driver/environment/path.sh
[28.657s] -- Symlinking: /home/mampane/Desktop/machine_tending_robot/ros2_kortex_ws/install/robotiq_driver/share/robotiq_driver/environment/path.dsv
[28.682s] -- Symlinking: /home/mampane/Desktop/machine_tending_robot/ros2_kortex_ws/install/robotiq_driver/share/robotiq_driver/local_setup.bash
[28.703s] -- Symlinking: /home/mampane/Desktop/machine_tending_robot/ros2_kortex_ws/install/robotiq_driver/share/robotiq_driver/local_setup.sh
[28.729s] -- Symlinking: /home/mampane/Desktop/machine_tending_robot/ros2_kortex_ws/install/robotiq_driver/share/robotiq_driver/local_setup.zsh
[28.752s] -- Symlinking: /home/mampane/Desktop/machine_tending_robot/ros2_kortex_ws/install/robotiq_driver/share/robotiq_driver/local_setup.dsv
[28.776s] -- Symlinking: /home/mampane/Desktop/machine_tending_robot/ros2_kortex_ws/install/robotiq_driver/share/robotiq_driver/package.dsv
[28.806s] -- Symlinking: /home/mampane/Desktop/machine_tending_robot/ros2_kortex_ws/install/robotiq_driver/share/ament_index/resource_index/packages/robotiq_driver
[28.830s] -- Symlinking: /home/mampane/Desktop/machine_tending_robot/ros2_kortex_ws/install/robotiq_driver/share/ament_index/resource_index/hardware_interface__pluginlib__plugin/robotiq_driver
[28.847s] -- Symlinking: /home/mampane/Desktop/machine_tending_robot/ros2_kortex_ws/install/robotiq_driver/share/robotiq_driver/cmake/ament_cmake_export_targets-extras.cmake
[28.861s] -- Symlinking: /home/mampane/Desktop/machine_tending_robot/ros2_kortex_ws/install/robotiq_driver/share/robotiq_driver/cmake/ament_cmake_export_dependencies-extras.cmake
[28.874s] -- Symlinking: /home/mampane/Desktop/machine_tending_robot/ros2_kortex_ws/install/robotiq_driver/share/robotiq_driver/cmake/ament_cmake_export_include_directories-extras.cmake
[28.886s] -- Symlinking: /home/mampane/Desktop/machine_tending_robot/ros2_kortex_ws/install/robotiq_driver/share/robotiq_driver/cmake/ament_cmake_export_libraries-extras.cmake
[28.899s] -- Symlinking: /home/mampane/Desktop/machine_tending_robot/ros2_kortex_ws/install/robotiq_driver/share/robotiq_driver/cmake/robotiq_driverConfig.cmake
[28.912s] -- Symlinking: /home/mampane/Desktop/machine_tending_robot/ros2_kortex_ws/install/robotiq_driver/share/robotiq_driver/cmake/robotiq_driverConfig-version.cmake
[28.925s] -- Symlinking: /home/mampane/Desktop/machine_tending_robot/ros2_kortex_ws/install/robotiq_driver/share/robotiq_driver/package.xml
[28.938s] -- Installing: /home/mampane/Desktop/machine_tending_robot/ros2_kortex_ws/install/robotiq_driver/lib/librobotiq_driver.so
[28.940s] -- Set runtime path of "/home/mampane/Desktop/machine_tending_robot/ros2_kortex_ws/install/robotiq_driver/lib/librobotiq_driver.so" to ""
[28.942s] -- Installing: /home/mampane/Desktop/machine_tending_robot/ros2_kortex_ws/install/robotiq_driver/share/robotiq_driver/cmake/robotiq_driver_targetsExport.cmake
[28.942s] -- Installing: /home/mampane/Desktop/machine_tending_robot/ros2_kortex_ws/install/robotiq_driver/share/robotiq_driver/cmake/robotiq_driver_targetsExport-noconfig.cmake
[28.944s] Invoked command in '/home/mampane/Desktop/machine_tending_robot/ros2_kortex_ws/build/robotiq_driver' returned '0': AMENT_PREFIX_PATH=/home/mampane/Desktop/machine_tending_robot/ros2_kortex_ws/install/hardware_interface:/home/mampane/Desktop/machine_tending_robot/ros2_kortex_ws/install/serial:/home/mampane/Desktop/machine_tending_robot/ros2_kortex_ws/install/ros2_control_test_assets:/home/mampane/Desktop/machine_tending_robot/ros2_kortex_ws/install/control_msgs:${AMENT_PREFIX_PATH} CMAKE_PREFIX_PATH=/home/mampane/Desktop/machine_tending_robot/ros2_kortex_ws/install/hardware_interface:/home/mampane/Desktop/machine_tending_robot/ros2_kortex_ws/install/serial:/home/mampane/Desktop/machine_tending_robot/ros2_kortex_ws/install/ros2_control_test_assets:/home/mampane/Desktop/machine_tending_robot/ros2_kortex_ws/install/control_msgs:/opt/ros/humble LD_LIBRARY_PATH=/home/mampane/Desktop/machine_tending_robot/ros2_kortex_ws/install/hardware_interface/lib:/home/mampane/Desktop/machine_tending_robot/ros2_kortex_ws/install/serial/lib:/home/mampane/Desktop/machine_tending_robot/ros2_kortex_ws/install/control_msgs/lib:${LD_LIBRARY_PATH} PYTHONPATH=/home/mampane/Desktop/machine_tending_robot/ros2_kortex_ws/install/control_msgs/local/lib/python3.10/dist-packages:${PYTHONPATH} /usr/bin/cmake --install /home/mampane/Desktop/machine_tending_robot/ros2_kortex_ws/build/robotiq_driver
